<?xml version="1.0" encoding="UTF-8"?>
<testsuites name="VBZ0012-Edit profile" time="138" tests="6" failures="4" errors="0">
   <testsuite name="VBZ0012-Edit profile" tests="6" failures="4" errors="0" time="138" timestamp="2018-12-05 10:04:30" hostname="Developer - QA-Scheduler.vofox.com" id="Test Suites/VBZ0012-Edit profile">
      <properties>
         <property name="deviceName" value=""/>
         <property name="devicePlatform" value=""/>
         <property name="logFolder" value="F:\\Vofox-Katalon\\Bonanza\\Reports\\VBZ0012-Edit profile\\20181205_100428"/>
         <property name="logFiles" value="F:\\Vofox-Katalon\\Bonanza\\Reports\\VBZ0012-Edit profile\\20181205_100428\\execution0.log"/>
         <property name="attachments" value="F:\\Vofox-Katalon\\Bonanza\\Reports\\VBZ0012-Edit profile\\20181205_100428\\1543984521150.png, F:\\Vofox-Katalon\\Bonanza\\Reports\\VBZ0012-Edit profile\\20181205_100428\\1543984569464.png, F:\\Vofox-Katalon\\Bonanza\\Reports\\VBZ0012-Edit profile\\20181205_100428\\1543984601622.png, F:\\Vofox-Katalon\\Bonanza\\Reports\\VBZ0012-Edit profile\\20181205_100428\\1543984607290.png, F:\\Vofox-Katalon\\Bonanza\\Reports\\VBZ0012-Edit profile\\20181205_100428\\1543984607669.png"/>
         <property name="hostName" value="Developer - QA-Scheduler.vofox.com"/>
         <property name="os" value="Windows 10 64bit"/>
         <property name="katalonVersion" value="5.9.1.2"/>
         <property name="browser" value="Chrome 70.0.3538.102"/>
         <property name="hostAddress" value="192.168.10.111"/>
         <property name="sessionId" value="7954e11a2b5373f478ec2b22c05c8e20"/>
         <property name="seleniumVersion" value="3.7.1"/>
         <property name="proxyInformation" value="ProxyInformation{proxyOption=NO_PROXY, proxyServerType=HTTP, password=, proxyServerAddress=, proxyServerPort=0}"/>
         <property name="platform" value="Windows 10"/>
      </properties>
      <testcase name="Test Cases/Associate Application/Edit Profile/TCBA01201" classname="Test Cases/Associate Application/Edit Profile/TCBA01201" status="PASSED">
         <system-out><![CDATA[2018-12-05 10:04:30 - [TEST_CASE][PASSED] - Test Cases/Associate Application/Edit Profile/TCBA01201: Test Cases/Associate Application/Edit Profile/TCBA01201

2018-12-05 10:04:30 - [TEST_STEP][PASSED] - callTestCase(findTestCase("Associate Application/Associate Login/TCBA01008"), [:], STOP_ON_FAILURE): Call Test Case 'Test Cases/Associate Application/Associate Login/TCBA01008' successfully

2018-12-05 10:04:30 - [TEST_CASE][PASSED] - Test Cases/Associate Application/Associate Login/TCBA01008: Test Cases/Associate Application/Associate Login/TCBA01008

2018-12-05 10:04:30 - [TEST_STEP][PASSED] - openBrowser(""): Browser is opened with url: ''

2018-12-05 10:04:30 - [MESSAGE][INFO] - Starting 'Chrome' driver

2018-12-05 10:04:30 - [MESSAGE][INFO] - User set preference: ['args', '[--disable-web-security]']

2018-12-05 10:04:30 - [MESSAGE][INFO] - User set preference: ['prefs', '{=--user-data-dir=c:\my\data}']

2018-12-05 10:04:30 - [MESSAGE][INFO] - Action delay is set to 0 seconds

2018-12-05 10:04:33 - [MESSAGE][PASSED] - Browser is opened with url: ''

2018-12-05 10:04:33 - [TEST_STEP][PASSED] - maximizeWindow(): Current window maximized

2018-12-05 10:04:34 - [MESSAGE][PASSED] - Current window maximized

2018-12-05 10:04:34 - [TEST_STEP][PASSED] - navigateToUrl("https://192.168.10.72/#/login"): Navigate to 'https://192.168.10.72/#/login' successfully

2018-12-05 10:04:36 - [MESSAGE][PASSED] - Navigate to 'https://192.168.10.72/#/login' successfully

2018-12-05 10:04:36 - [TEST_STEP][PASSED] - setText(findTestObject("Object Repository/Page_Log In  5-15/input_txtUserName"), "Shinto-Test"): Text 'Shinto-Test' is set on object 'Object Repository/Page_Log In  5-15/input_txtUserName'

2018-12-05 10:04:37 - [MESSAGE][PASSED] - Text 'Shinto-Test' is set on object 'Object Repository/Page_Log In  5-15/input_txtUserName'

2018-12-05 10:04:37 - [TEST_STEP][PASSED] - setEncryptedText(findTestObject("Object Repository/Page_Log In  5-15/input_txtPassword"), "p4y+y39Ir5PEPmX20UxFKw=="): Text ****** has been set on object 'Object Repository/Page_Log In  5-15/input_txtPassword'

2018-12-05 10:04:37 - [MESSAGE][PASSED] - Text ****** has been set on object 'Object Repository/Page_Log In  5-15/input_txtPassword'

2018-12-05 10:04:37 - [TEST_STEP][PASSED] - click(findTestObject("Object Repository/Page_Log In  5-15/button_Log in")): Object: 'Object Repository/Page_Log In  5-15/button_Log in' is clicked on

2018-12-05 10:04:37 - [MESSAGE][PASSED] - Object: 'Object Repository/Page_Log In  5-15/button_Log in' is clicked on

2018-12-05 10:04:37 - [TEST_STEP][PASSED] - verifyElementText(findTestObject("Object Repository/Change Password/Page_Home  5-15/span_My Title"), "My Title:"): Actual text and expected text of test object 'Object Repository/Change Password/Page_Home  5-15/span_My Title' are matched.

2018-12-05 10:04:40 - [MESSAGE][PASSED] - Actual text and expected text of test object 'Object Repository/Change Password/Page_Home  5-15/span_My Title' are matched.

2018-12-05 10:04:40 - [MESSAGE][PASSED] - Call Test Case 'Test Cases/Associate Application/Associate Login/TCBA01008' successfully

2018-12-05 10:04:40 - [TEST_STEP][PASSED] - click(findTestObject("Object Repository/Edit Profile/Page_Home  5-15/a_Shinto-Test")): Object: 'Object Repository/Edit Profile/Page_Home  5-15/a_Shinto-Test' is clicked on

2018-12-05 10:04:40 - [MESSAGE][PASSED] - Object: 'Object Repository/Edit Profile/Page_Home  5-15/a_Shinto-Test' is clicked on

2018-12-05 10:04:40 - [TEST_STEP][PASSED] - verifyElementText(findTestObject("Object Repository/Edit Profile/Page_Home  5-15/span_Edit Profile"), "Edit Profile"): Actual text and expected text of test object 'Object Repository/Edit Profile/Page_Home  5-15/span_Edit Profile' are matched.

2018-12-05 10:04:40 - [MESSAGE][PASSED] - Actual text and expected text of test object 'Object Repository/Edit Profile/Page_Home  5-15/span_Edit Profile' are matched.

2018-12-05 10:04:40 - [TEST_STEP][PASSED] - click(findTestObject("Object Repository/Edit Profile/Page_Home  5-15/a_Shinto-Test")): Object: 'Object Repository/Edit Profile/Page_Home  5-15/a_Shinto-Test' is clicked on

2018-12-05 10:04:40 - [MESSAGE][PASSED] - Object: 'Object Repository/Edit Profile/Page_Home  5-15/a_Shinto-Test' is clicked on

2018-12-05 10:04:40 - [TEST_STEP][PASSED] - delay(5): Delayed 5 second(s)

2018-12-05 10:04:45 - [MESSAGE][PASSED] - Delayed 5 second(s)]]></system-out>
         <system-err><![CDATA[]]></system-err>
      </testcase>
      <testcase name="Test Cases/Associate Application/Edit Profile/TCBA01202" classname="Test Cases/Associate Application/Edit Profile/TCBA01202" status="PASSED">
         <system-out><![CDATA[2018-12-05 10:04:45 - [TEST_CASE][PASSED] - Test Cases/Associate Application/Edit Profile/TCBA01202: Test Cases/Associate Application/Edit Profile/TCBA01202

2018-12-05 10:04:45 - [TEST_STEP][PASSED] - click(findTestObject("Object Repository/Edit Profile/Page_Home  5-15/a_Shinto-Test")): Object: 'Object Repository/Edit Profile/Page_Home  5-15/a_Shinto-Test' is clicked on

2018-12-05 10:04:45 - [MESSAGE][PASSED] - Object: 'Object Repository/Edit Profile/Page_Home  5-15/a_Shinto-Test' is clicked on

2018-12-05 10:04:45 - [TEST_STEP][PASSED] - verifyElementText(findTestObject("Object Repository/Edit Profile/Page_Home  5-15/span_Edit Profile"), "Edit Profile"): Actual text and expected text of test object 'Object Repository/Edit Profile/Page_Home  5-15/span_Edit Profile' are matched.

2018-12-05 10:04:45 - [MESSAGE][PASSED] - Actual text and expected text of test object 'Object Repository/Edit Profile/Page_Home  5-15/span_Edit Profile' are matched.

2018-12-05 10:04:45 - [TEST_STEP][PASSED] - verifyElementText(findTestObject("Object Repository/Edit Profile/Page_Profile  5-15/a_Change Password"), "Change Password"): Actual text and expected text of test object 'Object Repository/Edit Profile/Page_Profile  5-15/a_Change Password' are matched.

2018-12-05 10:04:45 - [MESSAGE][PASSED] - Actual text and expected text of test object 'Object Repository/Edit Profile/Page_Profile  5-15/a_Change Password' are matched.

2018-12-05 10:04:45 - [TEST_STEP][PASSED] - verifyElementText(findTestObject("Object Repository/Edit Profile/Page_Profile  5-15/span_Log Off"), "Log Off"): Actual text and expected text of test object 'Object Repository/Edit Profile/Page_Profile  5-15/span_Log Off' are matched.

2018-12-05 10:04:45 - [MESSAGE][PASSED] - Actual text and expected text of test object 'Object Repository/Edit Profile/Page_Profile  5-15/span_Log Off' are matched.

2018-12-05 10:04:45 - [TEST_STEP][PASSED] - click(findTestObject("Object Repository/Edit Profile/Page_Profile  5-15/span_Edit Profile")): Object: 'Object Repository/Edit Profile/Page_Profile  5-15/span_Edit Profile' is clicked on

2018-12-05 10:04:45 - [MESSAGE][PASSED] - Object: 'Object Repository/Edit Profile/Page_Profile  5-15/span_Edit Profile' is clicked on

2018-12-05 10:04:45 - [TEST_STEP][PASSED] - verifyElementText(findTestObject("Object Repository/Edit Profile/Page_Profile  5-15/span_Profile"), "Profile"): Actual text and expected text of test object 'Object Repository/Edit Profile/Page_Profile  5-15/span_Profile' are matched.

2018-12-05 10:04:46 - [MESSAGE][PASSED] - Actual text and expected text of test object 'Object Repository/Edit Profile/Page_Profile  5-15/span_Profile' are matched.

2018-12-05 10:04:46 - [TEST_STEP][PASSED] - verifyElementText(findTestObject("Object Repository/Edit Profile/Page_Profile  5-15/span_Edit"), "Edit"): Actual text and expected text of test object 'Object Repository/Edit Profile/Page_Profile  5-15/span_Edit' are matched.

2018-12-05 10:04:46 - [MESSAGE][PASSED] - Actual text and expected text of test object 'Object Repository/Edit Profile/Page_Profile  5-15/span_Edit' are matched.

2018-12-05 10:04:46 - [TEST_STEP][PASSED] - verifyElementText(findTestObject("Object Repository/Edit Profile/Page_Profile  5-15/span_Change Your Email Address"), "Change Your Email Address"): Actual text and expected text of test object 'Object Repository/Edit Profile/Page_Profile  5-15/span_Change Your Email Address' are matched.

2018-12-05 10:04:46 - [MESSAGE][PASSED] - Actual text and expected text of test object 'Object Repository/Edit Profile/Page_Profile  5-15/span_Change Your Email Address' are matched.

2018-12-05 10:04:46 - [TEST_STEP][PASSED] - verifyElementText(findTestObject("Object Repository/Edit Profile/Page_Profile  5-15/span_Close"), "Close"): Actual text and expected text of test object 'Object Repository/Edit Profile/Page_Profile  5-15/span_Close' are matched.

2018-12-05 10:04:46 - [MESSAGE][PASSED] - Actual text and expected text of test object 'Object Repository/Edit Profile/Page_Profile  5-15/span_Close' are matched.]]></system-out>
         <system-err><![CDATA[]]></system-err>
      </testcase>
      <testcase name="Test Cases/Associate Application/Edit Profile/TCBA01203" classname="Test Cases/Associate Application/Edit Profile/TCBA01203" status="FAILED">
         <failure type="FAILED" message="Test Cases/Associate Application/Edit Profile/TCBA01203 FAILED.
Reason:
com.kms.katalon.core.exception.StepFailedException: Unable to select option by label 'Select Birth Country' of object 'Object Repository/Edit Profile/Page_Profile  5-15/select_Select Birth Country'  (Root cause: com.kms.katalon.core.webui.exception.WebElementNotFoundException: Web element with id: 'Object Repository/Edit Profile/Page_Profile  5-15/select_Select Birth Country' located by 'By.xpath: //select[@id = 'ddlBirthCountry' and (text() = concat('
              Select Birth Country
              United States Of AmericaItalyAfghanistanÅland IslandsAlbaniaAlgeriaAmerican SamoaAndorraAngolaAnguillaAntarcticaAntigua and BarbudaArgentinaArmeniaArubaAustraliaAustriaAzerbaijanBahamasBahrainBangladeshBarbadosBelarusBelgiumBelizeBeninBermudaBhutanBolivia, Plurinational [state] ofBonaire, Sint Eustatius and SabaBosnia and HerzegovinaBotswanaBouvet IslandBrazilBritish Indian Ocean TerritoryBrunei DarussalamBulgariaBurkina FasoBurundiCambodiaCameroonCanadaCape VerdeCayman IslandsCentral African RepublicChadChileChinaChristmas IslandCocos (Keeling) IslandsColombiaComorosCongoCongo, the Democratic Republic of theCook IslandsCosta RicaCôte d' , &quot;'&quot; , 'IvoireCroatiaCubaCuraçaoCyprusCzech RepublicDenmarkDjiboutiDominicaDominican RepublicEcuadorEgyptEl SalvadorEquatorial GuineaEritreaEstoniaEthiopiaFalkland Islands (Malvinas)Faroe IslandsFijiFinlandFranceFrench GuianaFrench PolynesiaFrench Southern TerritoriesGabonGambiaGeorgiaGermanyGhanaGibraltarGreeceGreenlandGrenadaGuadeloupeGuamGuatemalaGuernseyGuineaGuinea-BissauGuyanaHaitiHeard Island and McDonald IslandsHoly See (Vatican City State)HondurasHong KongHungaryIcelandIndiaIndonesiaIran, Islamic Republic ofIraqIrelandIsle of ManIsraelJamaicaJapanJerseyJordanKazakhstanKenyaKiribatiKorea, Democratic People' , &quot;'&quot; , 's Republic ofKorea, Republic ofKuwaitKyrgyzstanLao People' , &quot;'&quot; , 's Democratic RepublicLatviaLebanonLesothoLiberiaLibyaLiechtensteinLithuaniaLuxembourgMacaoMacedonia, the Former Yugoslav Republic ofMadagascarMalawiMalaysiaMaldivesMaliMaltaMarshall IslandsMartiniqueMauritaniaMauritiusMayotteMexicoMicronesia, Federated States ofMoldova, Republic ofMonacoMongoliaMontenegroMontserratMoroccoMozambiqueMyanmarNamibiaNauruNepalNetherlandsNew CaledoniaNew ZealandNicaraguaNigerNigeriaNiueNorfolk IslandNorthern Mariana IslandsNorwayOmanPakistanPalauPalestine, [state] ofPanamaPapua New GuineaParaguayPeruPhilippinesPitcairnPolandPortugalPuerto RicoQatarRéunionRomaniaRussian FederationRwandaSaint BarthélemySaint Helena, Ascension and Tristan da CunhaSaint Kitts and NevisSaint LuciaSaint Martin (French part)Saint Pierre and MiquelonSaint Vincent and the GrenadinesSamoaSan MarinoSao Tome and PrincipeSaudi ArabiaSenegalSerbiaSeychellesSierra LeoneSingaporeSint Maarten (Dutch part)SlovakiaSloveniaSolomon IslandsSomaliaSouth AfricaSouth Georgia and the South Sandwich IslandsSouth SudanSpainSri LankaSudanSurinameSvalbard and Jan MayenSwazilandSwedenSwitzerlandSyrian Arab RepublicTaiwan, Province of ChinaTajikistanTanzania, United Republic ofThailandTimor-LesteTogoTokelauTongaTrinidad and TobagoTunisiaTurkeyTurkmenistanTurks and Caicos IslandsTuvaluUgandaUkraineUnited Arab EmiratesUnited KingdomUnited States Minor Outlying IslandsUruguayUzbekistanVanuatuVenezuela, Bolivarian Republic ofViet NamVirgin Islands, BritishVirgin Islands, U.S.Wallis and FutunaWestern SaharaYemenZambiaZimbabwe
            ') or . = concat('
              Select Birth Country
              United States Of AmericaItalyAfghanistanÅland IslandsAlbaniaAlgeriaAmerican SamoaAndorraAngolaAnguillaAntarcticaAntigua and BarbudaArgentinaArmeniaArubaAustraliaAustriaAzerbaijanBahamasBahrainBangladeshBarbadosBelarusBelgiumBelizeBeninBermudaBhutanBolivia, Plurinational [state] ofBonaire, Sint Eustatius and SabaBosnia and HerzegovinaBotswanaBouvet IslandBrazilBritish Indian Ocean TerritoryBrunei DarussalamBulgariaBurkina FasoBurundiCambodiaCameroonCanadaCape VerdeCayman IslandsCentral African RepublicChadChileChinaChristmas IslandCocos (Keeling) IslandsColombiaComorosCongoCongo, the Democratic Republic of theCook IslandsCosta RicaCôte d' , &quot;'&quot; , 'IvoireCroatiaCubaCuraçaoCyprusCzech RepublicDenmarkDjiboutiDominicaDominican RepublicEcuadorEgyptEl SalvadorEquatorial GuineaEritreaEstoniaEthiopiaFalkland Islands (Malvinas)Faroe IslandsFijiFinlandFranceFrench GuianaFrench PolynesiaFrench Southern TerritoriesGabonGambiaGeorgiaGermanyGhanaGibraltarGreeceGreenlandGrenadaGuadeloupeGuamGuatemalaGuernseyGuineaGuinea-BissauGuyanaHaitiHeard Island and McDonald IslandsHoly See (Vatican City State)HondurasHong KongHungaryIcelandIndiaIndonesiaIran, Islamic Republic ofIraqIrelandIsle of ManIsraelJamaicaJapanJerseyJordanKazakhstanKenyaKiribatiKorea, Democratic People' , &quot;'&quot; , 's Republic ofKorea, Republic ofKuwaitKyrgyzstanLao People' , &quot;'&quot; , 's Democratic RepublicLatviaLebanonLesothoLiberiaLibyaLiechtensteinLithuaniaLuxembourgMacaoMacedonia, the Former Yugoslav Republic ofMadagascarMalawiMalaysiaMaldivesMaliMaltaMarshall IslandsMartiniqueMauritaniaMauritiusMayotteMexicoMicronesia, Federated States ofMoldova, Republic ofMonacoMongoliaMontenegroMontserratMoroccoMozambiqueMyanmarNamibiaNauruNepalNetherlandsNew CaledoniaNew ZealandNicaraguaNigerNigeriaNiueNorfolk IslandNorthern Mariana IslandsNorwayOmanPakistanPalauPalestine, [state] ofPanamaPapua New GuineaParaguayPeruPhilippinesPitcairnPolandPortugalPuerto RicoQatarRéunionRomaniaRussian FederationRwandaSaint BarthélemySaint Helena, Ascension and Tristan da CunhaSaint Kitts and NevisSaint LuciaSaint Martin (French part)Saint Pierre and MiquelonSaint Vincent and the GrenadinesSamoaSan MarinoSao Tome and PrincipeSaudi ArabiaSenegalSerbiaSeychellesSierra LeoneSingaporeSint Maarten (Dutch part)SlovakiaSloveniaSolomon IslandsSomaliaSouth AfricaSouth Georgia and the South Sandwich IslandsSouth SudanSpainSri LankaSudanSurinameSvalbard and Jan MayenSwazilandSwedenSwitzerlandSyrian Arab RepublicTaiwan, Province of ChinaTajikistanTanzania, United Republic ofThailandTimor-LesteTogoTokelauTongaTrinidad and TobagoTunisiaTurkeyTurkmenistanTurks and Caicos IslandsTuvaluUgandaUkraineUnited Arab EmiratesUnited KingdomUnited States Minor Outlying IslandsUruguayUzbekistanVanuatuVenezuela, Bolivarian Republic ofViet NamVirgin Islands, BritishVirgin Islands, U.S.Wallis and FutunaWestern SaharaYemenZambiaZimbabwe
            '))]' not found)
	at com.kms.katalon.core.keyword.internal.KeywordMain.stepFailed(KeywordMain.groovy:36)
	at com.kms.katalon.core.webui.keyword.internal.WebUIKeywordMain.stepFailed(WebUIKeywordMain.groovy:65)
	at com.kms.katalon.core.webui.keyword.internal.WebUIKeywordMain.runKeyword(WebUIKeywordMain.groovy:27)
	at com.kms.katalon.core.webui.keyword.builtin.SelectOptionByLabelKeyword.selectOptionByLabel(SelectOptionByLabelKeyword.groovy:98)
	at com.kms.katalon.core.webui.keyword.builtin.SelectOptionByLabelKeyword.execute(SelectOptionByLabelKeyword.groovy:71)
	at com.kms.katalon.core.keyword.internal.KeywordExecutor.executeKeywordForPlatform(KeywordExecutor.groovy:53)
	at com.kms.katalon.core.webui.keyword.WebUiBuiltInKeywords.selectOptionByLabel(WebUiBuiltInKeywords.groovy:1200)
	at com.kms.katalon.core.webui.keyword.WebUiBuiltInKeywords$selectOptionByLabel$6.call(Unknown Source)
	at TCBA01203.run(TCBA01203:43)
	at com.kms.katalon.core.main.ScriptEngine.run(ScriptEngine.java:194)
	at com.kms.katalon.core.main.ScriptEngine.runScriptAsRawText(ScriptEngine.java:119)
	at com.kms.katalon.core.main.TestCaseExecutor.runScript(TestCaseExecutor.java:321)
	at com.kms.katalon.core.main.TestCaseExecutor.doExecute(TestCaseExecutor.java:312)
	at com.kms.katalon.core.main.TestCaseExecutor.processExecutionPhase(TestCaseExecutor.java:291)
	at com.kms.katalon.core.main.TestCaseExecutor.accessMainPhase(TestCaseExecutor.java:283)
	at com.kms.katalon.core.main.TestCaseExecutor.execute(TestCaseExecutor.java:222)
	at com.kms.katalon.core.main.TestSuiteExecutor.accessTestCaseMainPhase(TestSuiteExecutor.java:129)
	at com.kms.katalon.core.main.TestSuiteExecutor.accessTestSuiteMainPhase(TestSuiteExecutor.java:112)
	at com.kms.katalon.core.main.TestSuiteExecutor.execute(TestSuiteExecutor.java:81)
	at com.kms.katalon.core.main.TestCaseMain.startTestSuite(TestCaseMain.java:149)
	at com.kms.katalon.core.main.TestCaseMain$startTestSuite$0.call(Unknown Source)
	at TempTestSuite1543984468899.run(TempTestSuite1543984468899.groovy:36)
"/>
         <system-out><![CDATA[2018-12-05 10:04:46 - [TEST_CASE][FAILED] - Test Cases/Associate Application/Edit Profile/TCBA01203: Test Cases/Associate Application/Edit Profile/TCBA01203 FAILED.
Reason:
com.kms.katalon.core.exception.StepFailedException: Unable to select option by label 'Select Birth Country' of object 'Object Repository/Edit Profile/Page_Profile  5-15/select_Select Birth Country'  (Root cause: com.kms.katalon.core.webui.exception.WebElementNotFoundException: Web element with id: 'Object Repository/Edit Profile/Page_Profile  5-15/select_Select Birth Country' located by 'By.xpath: //select[@id = 'ddlBirthCountry' and (text() = concat('
              Select Birth Country
              United States Of AmericaItalyAfghanistanÅland IslandsAlbaniaAlgeriaAmerican SamoaAndorraAngolaAnguillaAntarcticaAntigua and BarbudaArgentinaArmeniaArubaAustraliaAustriaAzerbaijanBahamasBahrainBangladeshBarbadosBelarusBelgiumBelizeBeninBermudaBhutanBolivia, Plurinational [state] ofBonaire, Sint Eustatius and SabaBosnia and HerzegovinaBotswanaBouvet IslandBrazilBritish Indian Ocean TerritoryBrunei DarussalamBulgariaBurkina FasoBurundiCambodiaCameroonCanadaCape VerdeCayman IslandsCentral African RepublicChadChileChinaChristmas IslandCocos (Keeling) IslandsColombiaComorosCongoCongo, the Democratic Republic of theCook IslandsCosta RicaCôte d' , "'" , 'IvoireCroatiaCubaCuraçaoCyprusCzech RepublicDenmarkDjiboutiDominicaDominican RepublicEcuadorEgyptEl SalvadorEquatorial GuineaEritreaEstoniaEthiopiaFalkland Islands (Malvinas)Faroe IslandsFijiFinlandFranceFrench GuianaFrench PolynesiaFrench Southern TerritoriesGabonGambiaGeorgiaGermanyGhanaGibraltarGreeceGreenlandGrenadaGuadeloupeGuamGuatemalaGuernseyGuineaGuinea-BissauGuyanaHaitiHeard Island and McDonald IslandsHoly See (Vatican City State)HondurasHong KongHungaryIcelandIndiaIndonesiaIran, Islamic Republic ofIraqIrelandIsle of ManIsraelJamaicaJapanJerseyJordanKazakhstanKenyaKiribatiKorea, Democratic People' , "'" , 's Republic ofKorea, Republic ofKuwaitKyrgyzstanLao People' , "'" , 's Democratic RepublicLatviaLebanonLesothoLiberiaLibyaLiechtensteinLithuaniaLuxembourgMacaoMacedonia, the Former Yugoslav Republic ofMadagascarMalawiMalaysiaMaldivesMaliMaltaMarshall IslandsMartiniqueMauritaniaMauritiusMayotteMexicoMicronesia, Federated States ofMoldova, Republic ofMonacoMongoliaMontenegroMontserratMoroccoMozambiqueMyanmarNamibiaNauruNepalNetherlandsNew CaledoniaNew ZealandNicaraguaNigerNigeriaNiueNorfolk IslandNorthern Mariana IslandsNorwayOmanPakistanPalauPalestine, [state] ofPanamaPapua New GuineaParaguayPeruPhilippinesPitcairnPolandPortugalPuerto RicoQatarRéunionRomaniaRussian FederationRwandaSaint BarthélemySaint Helena, Ascension and Tristan da CunhaSaint Kitts and NevisSaint LuciaSaint Martin (French part)Saint Pierre and MiquelonSaint Vincent and the GrenadinesSamoaSan MarinoSao Tome and PrincipeSaudi ArabiaSenegalSerbiaSeychellesSierra LeoneSingaporeSint Maarten (Dutch part)SlovakiaSloveniaSolomon IslandsSomaliaSouth AfricaSouth Georgia and the South Sandwich IslandsSouth SudanSpainSri LankaSudanSurinameSvalbard and Jan MayenSwazilandSwedenSwitzerlandSyrian Arab RepublicTaiwan, Province of ChinaTajikistanTanzania, United Republic ofThailandTimor-LesteTogoTokelauTongaTrinidad and TobagoTunisiaTurkeyTurkmenistanTurks and Caicos IslandsTuvaluUgandaUkraineUnited Arab EmiratesUnited KingdomUnited States Minor Outlying IslandsUruguayUzbekistanVanuatuVenezuela, Bolivarian Republic ofViet NamVirgin Islands, BritishVirgin Islands, U.S.Wallis and FutunaWestern SaharaYemenZambiaZimbabwe
            ') or . = concat('
              Select Birth Country
              United States Of AmericaItalyAfghanistanÅland IslandsAlbaniaAlgeriaAmerican SamoaAndorraAngolaAnguillaAntarcticaAntigua and BarbudaArgentinaArmeniaArubaAustraliaAustriaAzerbaijanBahamasBahrainBangladeshBarbadosBelarusBelgiumBelizeBeninBermudaBhutanBolivia, Plurinational [state] ofBonaire, Sint Eustatius and SabaBosnia and HerzegovinaBotswanaBouvet IslandBrazilBritish Indian Ocean TerritoryBrunei DarussalamBulgariaBurkina FasoBurundiCambodiaCameroonCanadaCape VerdeCayman IslandsCentral African RepublicChadChileChinaChristmas IslandCocos (Keeling) IslandsColombiaComorosCongoCongo, the Democratic Republic of theCook IslandsCosta RicaCôte d' , "'" , 'IvoireCroatiaCubaCuraçaoCyprusCzech RepublicDenmarkDjiboutiDominicaDominican RepublicEcuadorEgyptEl SalvadorEquatorial GuineaEritreaEstoniaEthiopiaFalkland Islands (Malvinas)Faroe IslandsFijiFinlandFranceFrench GuianaFrench PolynesiaFrench Southern TerritoriesGabonGambiaGeorgiaGermanyGhanaGibraltarGreeceGreenlandGrenadaGuadeloupeGuamGuatemalaGuernseyGuineaGuinea-BissauGuyanaHaitiHeard Island and McDonald IslandsHoly See (Vatican City State)HondurasHong KongHungaryIcelandIndiaIndonesiaIran, Islamic Republic ofIraqIrelandIsle of ManIsraelJamaicaJapanJerseyJordanKazakhstanKenyaKiribatiKorea, Democratic People' , "'" , 's Republic ofKorea, Republic ofKuwaitKyrgyzstanLao People' , "'" , 's Democratic RepublicLatviaLebanonLesothoLiberiaLibyaLiechtensteinLithuaniaLuxembourgMacaoMacedonia, the Former Yugoslav Republic ofMadagascarMalawiMalaysiaMaldivesMaliMaltaMarshall IslandsMartiniqueMauritaniaMauritiusMayotteMexicoMicronesia, Federated States ofMoldova, Republic ofMonacoMongoliaMontenegroMontserratMoroccoMozambiqueMyanmarNamibiaNauruNepalNetherlandsNew CaledoniaNew ZealandNicaraguaNigerNigeriaNiueNorfolk IslandNorthern Mariana IslandsNorwayOmanPakistanPalauPalestine, [state] ofPanamaPapua New GuineaParaguayPeruPhilippinesPitcairnPolandPortugalPuerto RicoQatarRéunionRomaniaRussian FederationRwandaSaint BarthélemySaint Helena, Ascension and Tristan da CunhaSaint Kitts and NevisSaint LuciaSaint Martin (French part)Saint Pierre and MiquelonSaint Vincent and the GrenadinesSamoaSan MarinoSao Tome and PrincipeSaudi ArabiaSenegalSerbiaSeychellesSierra LeoneSingaporeSint Maarten (Dutch part)SlovakiaSloveniaSolomon IslandsSomaliaSouth AfricaSouth Georgia and the South Sandwich IslandsSouth SudanSpainSri LankaSudanSurinameSvalbard and Jan MayenSwazilandSwedenSwitzerlandSyrian Arab RepublicTaiwan, Province of ChinaTajikistanTanzania, United Republic ofThailandTimor-LesteTogoTokelauTongaTrinidad and TobagoTunisiaTurkeyTurkmenistanTurks and Caicos IslandsTuvaluUgandaUkraineUnited Arab EmiratesUnited KingdomUnited States Minor Outlying IslandsUruguayUzbekistanVanuatuVenezuela, Bolivarian Republic ofViet NamVirgin Islands, BritishVirgin Islands, U.S.Wallis and FutunaWestern SaharaYemenZambiaZimbabwe
            '))]' not found)
	at com.kms.katalon.core.keyword.internal.KeywordMain.stepFailed(KeywordMain.groovy:36)
	at com.kms.katalon.core.webui.keyword.internal.WebUIKeywordMain.stepFailed(WebUIKeywordMain.groovy:65)
	at com.kms.katalon.core.webui.keyword.internal.WebUIKeywordMain.runKeyword(WebUIKeywordMain.groovy:27)
	at com.kms.katalon.core.webui.keyword.builtin.SelectOptionByLabelKeyword.selectOptionByLabel(SelectOptionByLabelKeyword.groovy:98)
	at com.kms.katalon.core.webui.keyword.builtin.SelectOptionByLabelKeyword.execute(SelectOptionByLabelKeyword.groovy:71)
	at com.kms.katalon.core.keyword.internal.KeywordExecutor.executeKeywordForPlatform(KeywordExecutor.groovy:53)
	at com.kms.katalon.core.webui.keyword.WebUiBuiltInKeywords.selectOptionByLabel(WebUiBuiltInKeywords.groovy:1200)
	at com.kms.katalon.core.webui.keyword.WebUiBuiltInKeywords$selectOptionByLabel$6.call(Unknown Source)
	at TCBA01203.run(TCBA01203:43)
	at com.kms.katalon.core.main.ScriptEngine.run(ScriptEngine.java:194)
	at com.kms.katalon.core.main.ScriptEngine.runScriptAsRawText(ScriptEngine.java:119)
	at com.kms.katalon.core.main.TestCaseExecutor.runScript(TestCaseExecutor.java:321)
	at com.kms.katalon.core.main.TestCaseExecutor.doExecute(TestCaseExecutor.java:312)
	at com.kms.katalon.core.main.TestCaseExecutor.processExecutionPhase(TestCaseExecutor.java:291)
	at com.kms.katalon.core.main.TestCaseExecutor.accessMainPhase(TestCaseExecutor.java:283)
	at com.kms.katalon.core.main.TestCaseExecutor.execute(TestCaseExecutor.java:222)
	at com.kms.katalon.core.main.TestSuiteExecutor.accessTestCaseMainPhase(TestSuiteExecutor.java:129)
	at com.kms.katalon.core.main.TestSuiteExecutor.accessTestSuiteMainPhase(TestSuiteExecutor.java:112)
	at com.kms.katalon.core.main.TestSuiteExecutor.execute(TestSuiteExecutor.java:81)
	at com.kms.katalon.core.main.TestCaseMain.startTestSuite(TestCaseMain.java:149)
	at com.kms.katalon.core.main.TestCaseMain$startTestSuite$0.call(Unknown Source)
	at TempTestSuite1543984468899.run(TempTestSuite1543984468899.groovy:36)


2018-12-05 10:04:46 - [TEST_STEP][PASSED] - verifyElementText(findTestObject("Object Repository/Edit Profile/Page_Profile  5-15/span_Edit"), "Edit"): Actual text and expected text of test object 'Object Repository/Edit Profile/Page_Profile  5-15/span_Edit' are matched.

2018-12-05 10:04:46 - [MESSAGE][PASSED] - Actual text and expected text of test object 'Object Repository/Edit Profile/Page_Profile  5-15/span_Edit' are matched.

2018-12-05 10:04:46 - [TEST_STEP][PASSED] - click(findTestObject("Object Repository/Edit Profile/Page_Profile  5-15/span_Edit")): Object: 'Object Repository/Edit Profile/Page_Profile  5-15/span_Edit' is clicked on

2018-12-05 10:04:46 - [MESSAGE][PASSED] - Object: 'Object Repository/Edit Profile/Page_Profile  5-15/span_Edit' is clicked on

2018-12-05 10:04:46 - [TEST_STEP][PASSED] - delay(2): Delayed 2 second(s)

2018-12-05 10:04:48 - [MESSAGE][PASSED] - Delayed 2 second(s)

2018-12-05 10:04:48 - [TEST_STEP][PASSED] - setText(findTestObject("Object Repository/Edit Profile/Page_Profile  5-15/input_txtFirstName"), ""): Text '' is set on object 'Object Repository/Edit Profile/Page_Profile  5-15/input_txtFirstName'

2018-12-05 10:04:49 - [MESSAGE][PASSED] - Text '' is set on object 'Object Repository/Edit Profile/Page_Profile  5-15/input_txtFirstName'

2018-12-05 10:04:49 - [TEST_STEP][PASSED] - setText(findTestObject("Object Repository/Edit Profile/Page_Profile  5-15/input_txtLastName"), ""): Text '' is set on object 'Object Repository/Edit Profile/Page_Profile  5-15/input_txtLastName'

2018-12-05 10:04:49 - [MESSAGE][PASSED] - Text '' is set on object 'Object Repository/Edit Profile/Page_Profile  5-15/input_txtLastName'

2018-12-05 10:04:49 - [TEST_STEP][PASSED] - selectOptionByLabel(findTestObject("Object Repository/Edit Profile/Page_Profile  5-15/select_Month"), "Month", false): All options with label 'Month' are selected in object 'Object Repository/Edit Profile/Page_Profile  5-15/select_Month' 

2018-12-05 10:04:49 - [MESSAGE][PASSED] - All options with label 'Month' are selected in object 'Object Repository/Edit Profile/Page_Profile  5-15/select_Month' 

2018-12-05 10:04:49 - [TEST_STEP][PASSED] - selectOptionByLabel(findTestObject("Object Repository/Edit Profile/Page_Profile  5-15/select_Day                  01"), "Day", false): All options with label 'Day' are selected in object 'Object Repository/Edit Profile/Page_Profile  5-15/select_Day                  01' 

2018-12-05 10:04:49 - [MESSAGE][PASSED] - All options with label 'Day' are selected in object 'Object Repository/Edit Profile/Page_Profile  5-15/select_Day                  01' 

2018-12-05 10:04:49 - [TEST_STEP][PASSED] - selectOptionByLabel(findTestObject("Object Repository/Edit Profile/Page_Profile  5-15/select_Year                  2"), "Year", false): All options with label 'Year' are selected in object 'Object Repository/Edit Profile/Page_Profile  5-15/select_Year                  2' 

2018-12-05 10:04:49 - [MESSAGE][PASSED] - All options with label 'Year' are selected in object 'Object Repository/Edit Profile/Page_Profile  5-15/select_Year                  2' 

2018-12-05 10:04:49 - [TEST_STEP][PASSED] - selectOptionByLabel(findTestObject("Object Repository/Edit Profile/Page_Profile  5-15/select_Select Marital Status"), "Select Marital Status", false): All options with label 'Select Marital Status' are selected in object 'Object Repository/Edit Profile/Page_Profile  5-15/select_Select Marital Status' 

2018-12-05 10:04:49 - [MESSAGE][PASSED] - All options with label 'Select Marital Status' are selected in object 'Object Repository/Edit Profile/Page_Profile  5-15/select_Select Marital Status' 

2018-12-05 10:04:49 - [TEST_STEP][FAILED] - selectOptionByLabel(findTestObject("Object Repository/Edit Profile/Page_Profile  5-15/select_Select Birth Country"), "Select Birth Country", false): selectOptionByLabel(findTestObject("Object Repository/Edit Profile/Page_Profile  5-15/select_Select Birth Country"), "Select Birth Country", false) FAILED.
Reason:
com.kms.katalon.core.exception.StepFailedException: Unable to select option by label 'Select Birth Country' of object 'Object Repository/Edit Profile/Page_Profile  5-15/select_Select Birth Country'  (Root cause: com.kms.katalon.core.webui.exception.WebElementNotFoundException: Web element with id: 'Object Repository/Edit Profile/Page_Profile  5-15/select_Select Birth Country' located by 'By.xpath: //select[@id = 'ddlBirthCountry' and (text() = concat('
              Select Birth Country
              United States Of AmericaItalyAfghanistanÅland IslandsAlbaniaAlgeriaAmerican SamoaAndorraAngolaAnguillaAntarcticaAntigua and BarbudaArgentinaArmeniaArubaAustraliaAustriaAzerbaijanBahamasBahrainBangladeshBarbadosBelarusBelgiumBelizeBeninBermudaBhutanBolivia, Plurinational [state] ofBonaire, Sint Eustatius and SabaBosnia and HerzegovinaBotswanaBouvet IslandBrazilBritish Indian Ocean TerritoryBrunei DarussalamBulgariaBurkina FasoBurundiCambodiaCameroonCanadaCape VerdeCayman IslandsCentral African RepublicChadChileChinaChristmas IslandCocos (Keeling) IslandsColombiaComorosCongoCongo, the Democratic Republic of theCook IslandsCosta RicaCôte d' , "'" , 'IvoireCroatiaCubaCuraçaoCyprusCzech RepublicDenmarkDjiboutiDominicaDominican RepublicEcuadorEgyptEl SalvadorEquatorial GuineaEritreaEstoniaEthiopiaFalkland Islands (Malvinas)Faroe IslandsFijiFinlandFranceFrench GuianaFrench PolynesiaFrench Southern TerritoriesGabonGambiaGeorgiaGermanyGhanaGibraltarGreeceGreenlandGrenadaGuadeloupeGuamGuatemalaGuernseyGuineaGuinea-BissauGuyanaHaitiHeard Island and McDonald IslandsHoly See (Vatican City State)HondurasHong KongHungaryIcelandIndiaIndonesiaIran, Islamic Republic ofIraqIrelandIsle of ManIsraelJamaicaJapanJerseyJordanKazakhstanKenyaKiribatiKorea, Democratic People' , "'" , 's Republic ofKorea, Republic ofKuwaitKyrgyzstanLao People' , "'" , 's Democratic RepublicLatviaLebanonLesothoLiberiaLibyaLiechtensteinLithuaniaLuxembourgMacaoMacedonia, the Former Yugoslav Republic ofMadagascarMalawiMalaysiaMaldivesMaliMaltaMarshall IslandsMartiniqueMauritaniaMauritiusMayotteMexicoMicronesia, Federated States ofMoldova, Republic ofMonacoMongoliaMontenegroMontserratMoroccoMozambiqueMyanmarNamibiaNauruNepalNetherlandsNew CaledoniaNew ZealandNicaraguaNigerNigeriaNiueNorfolk IslandNorthern Mariana IslandsNorwayOmanPakistanPalauPalestine, [state] ofPanamaPapua New GuineaParaguayPeruPhilippinesPitcairnPolandPortugalPuerto RicoQatarRéunionRomaniaRussian FederationRwandaSaint BarthélemySaint Helena, Ascension and Tristan da CunhaSaint Kitts and NevisSaint LuciaSaint Martin (French part)Saint Pierre and MiquelonSaint Vincent and the GrenadinesSamoaSan MarinoSao Tome and PrincipeSaudi ArabiaSenegalSerbiaSeychellesSierra LeoneSingaporeSint Maarten (Dutch part)SlovakiaSloveniaSolomon IslandsSomaliaSouth AfricaSouth Georgia and the South Sandwich IslandsSouth SudanSpainSri LankaSudanSurinameSvalbard and Jan MayenSwazilandSwedenSwitzerlandSyrian Arab RepublicTaiwan, Province of ChinaTajikistanTanzania, United Republic ofThailandTimor-LesteTogoTokelauTongaTrinidad and TobagoTunisiaTurkeyTurkmenistanTurks and Caicos IslandsTuvaluUgandaUkraineUnited Arab EmiratesUnited KingdomUnited States Minor Outlying IslandsUruguayUzbekistanVanuatuVenezuela, Bolivarian Republic ofViet NamVirgin Islands, BritishVirgin Islands, U.S.Wallis and FutunaWestern SaharaYemenZambiaZimbabwe
            ') or . = concat('
              Select Birth Country
              United States Of AmericaItalyAfghanistanÅland IslandsAlbaniaAlgeriaAmerican SamoaAndorraAngolaAnguillaAntarcticaAntigua and BarbudaArgentinaArmeniaArubaAustraliaAustriaAzerbaijanBahamasBahrainBangladeshBarbadosBelarusBelgiumBelizeBeninBermudaBhutanBolivia, Plurinational [state] ofBonaire, Sint Eustatius and SabaBosnia and HerzegovinaBotswanaBouvet IslandBrazilBritish Indian Ocean TerritoryBrunei DarussalamBulgariaBurkina FasoBurundiCambodiaCameroonCanadaCape VerdeCayman IslandsCentral African RepublicChadChileChinaChristmas IslandCocos (Keeling) IslandsColombiaComorosCongoCongo, the Democratic Republic of theCook IslandsCosta RicaCôte d' , "'" , 'IvoireCroatiaCubaCuraçaoCyprusCzech RepublicDenmarkDjiboutiDominicaDominican RepublicEcuadorEgyptEl SalvadorEquatorial GuineaEritreaEstoniaEthiopiaFalkland Islands (Malvinas)Faroe IslandsFijiFinlandFranceFrench GuianaFrench PolynesiaFrench Southern TerritoriesGabonGambiaGeorgiaGermanyGhanaGibraltarGreeceGreenlandGrenadaGuadeloupeGuamGuatemalaGuernseyGuineaGuinea-BissauGuyanaHaitiHeard Island and McDonald IslandsHoly See (Vatican City State)HondurasHong KongHungaryIcelandIndiaIndonesiaIran, Islamic Republic ofIraqIrelandIsle of ManIsraelJamaicaJapanJerseyJordanKazakhstanKenyaKiribatiKorea, Democratic People' , "'" , 's Republic ofKorea, Republic ofKuwaitKyrgyzstanLao People' , "'" , 's Democratic RepublicLatviaLebanonLesothoLiberiaLibyaLiechtensteinLithuaniaLuxembourgMacaoMacedonia, the Former Yugoslav Republic ofMadagascarMalawiMalaysiaMaldivesMaliMaltaMarshall IslandsMartiniqueMauritaniaMauritiusMayotteMexicoMicronesia, Federated States ofMoldova, Republic ofMonacoMongoliaMontenegroMontserratMoroccoMozambiqueMyanmarNamibiaNauruNepalNetherlandsNew CaledoniaNew ZealandNicaraguaNigerNigeriaNiueNorfolk IslandNorthern Mariana IslandsNorwayOmanPakistanPalauPalestine, [state] ofPanamaPapua New GuineaParaguayPeruPhilippinesPitcairnPolandPortugalPuerto RicoQatarRéunionRomaniaRussian FederationRwandaSaint BarthélemySaint Helena, Ascension and Tristan da CunhaSaint Kitts and NevisSaint LuciaSaint Martin (French part)Saint Pierre and MiquelonSaint Vincent and the GrenadinesSamoaSan MarinoSao Tome and PrincipeSaudi ArabiaSenegalSerbiaSeychellesSierra LeoneSingaporeSint Maarten (Dutch part)SlovakiaSloveniaSolomon IslandsSomaliaSouth AfricaSouth Georgia and the South Sandwich IslandsSouth SudanSpainSri LankaSudanSurinameSvalbard and Jan MayenSwazilandSwedenSwitzerlandSyrian Arab RepublicTaiwan, Province of ChinaTajikistanTanzania, United Republic ofThailandTimor-LesteTogoTokelauTongaTrinidad and TobagoTunisiaTurkeyTurkmenistanTurks and Caicos IslandsTuvaluUgandaUkraineUnited Arab EmiratesUnited KingdomUnited States Minor Outlying IslandsUruguayUzbekistanVanuatuVenezuela, Bolivarian Republic ofViet NamVirgin Islands, BritishVirgin Islands, U.S.Wallis and FutunaWestern SaharaYemenZambiaZimbabwe
            '))]' not found)
	at com.kms.katalon.core.keyword.internal.KeywordMain.stepFailed(KeywordMain.groovy:36)
	at com.kms.katalon.core.webui.keyword.internal.WebUIKeywordMain.stepFailed(WebUIKeywordMain.groovy:65)
	at com.kms.katalon.core.webui.keyword.internal.WebUIKeywordMain.runKeyword(WebUIKeywordMain.groovy:27)
	at com.kms.katalon.core.webui.keyword.builtin.SelectOptionByLabelKeyword.selectOptionByLabel(SelectOptionByLabelKeyword.groovy:98)
	at com.kms.katalon.core.webui.keyword.builtin.SelectOptionByLabelKeyword.execute(SelectOptionByLabelKeyword.groovy:71)
	at com.kms.katalon.core.keyword.internal.KeywordExecutor.executeKeywordForPlatform(KeywordExecutor.groovy:53)
	at com.kms.katalon.core.webui.keyword.WebUiBuiltInKeywords.selectOptionByLabel(WebUiBuiltInKeywords.groovy:1200)
	at com.kms.katalon.core.webui.keyword.WebUiBuiltInKeywords$selectOptionByLabel$6.call(Unknown Source)
	at TCBA01203.run(TCBA01203:43)
	at com.kms.katalon.core.main.ScriptEngine.run(ScriptEngine.java:194)
	at com.kms.katalon.core.main.ScriptEngine.runScriptAsRawText(ScriptEngine.java:119)
	at com.kms.katalon.core.main.TestCaseExecutor.runScript(TestCaseExecutor.java:321)
	at com.kms.katalon.core.main.TestCaseExecutor.doExecute(TestCaseExecutor.java:312)
	at com.kms.katalon.core.main.TestCaseExecutor.processExecutionPhase(TestCaseExecutor.java:291)
	at com.kms.katalon.core.main.TestCaseExecutor.accessMainPhase(TestCaseExecutor.java:283)
	at com.kms.katalon.core.main.TestCaseExecutor.execute(TestCaseExecutor.java:222)
	at com.kms.katalon.core.main.TestSuiteExecutor.accessTestCaseMainPhase(TestSuiteExecutor.java:129)
	at com.kms.katalon.core.main.TestSuiteExecutor.accessTestSuiteMainPhase(TestSuiteExecutor.java:112)
	at com.kms.katalon.core.main.TestSuiteExecutor.execute(TestSuiteExecutor.java:81)
	at com.kms.katalon.core.main.TestCaseMain.startTestSuite(TestCaseMain.java:149)
	at com.kms.katalon.core.main.TestCaseMain$startTestSuite$0.call(Unknown Source)
	at TempTestSuite1543984468899.run(TempTestSuite1543984468899.groovy:36)


2018-12-05 10:05:21 - [MESSAGE][INFO] - Unable to find the element located by 'By.xpath: //select[@id = 'ddlBirthCountry' and (text() = concat('
              Select Birth Country
              United States Of AmericaItalyAfghanistanÅland IslandsAlbaniaAlgeriaAmerican SamoaAndorraAngolaAnguillaAntarcticaAntigua and BarbudaArgentinaArmeniaArubaAustraliaAustriaAzerbaijanBahamasBahrainBangladeshBarbadosBelarusBelgiumBelizeBeninBermudaBhutanBolivia, Plurinational [state] ofBonaire, Sint Eustatius and SabaBosnia and HerzegovinaBotswanaBouvet IslandBrazilBritish Indian Ocean TerritoryBrunei DarussalamBulgariaBurkina FasoBurundiCambodiaCameroonCanadaCape VerdeCayman IslandsCentral African RepublicChadChileChinaChristmas IslandCocos (Keeling) IslandsColombiaComorosCongoCongo, the Democratic Republic of theCook IslandsCosta RicaCôte d' , "'" , 'IvoireCroatiaCubaCuraçaoCyprusCzech RepublicDenmarkDjiboutiDominicaDominican RepublicEcuadorEgyptEl SalvadorEquatorial GuineaEritreaEstoniaEthiopiaFalkland Islands (Malvinas)Faroe IslandsFijiFinlandFranceFrench GuianaFrench PolynesiaFrench Southern TerritoriesGabonGambiaGeorgiaGermanyGhanaGibraltarGreeceGreenlandGrenadaGuadeloupeGuamGuatemalaGuernseyGuineaGuinea-BissauGuyanaHaitiHeard Island and McDonald IslandsHoly See (Vatican City State)HondurasHong KongHungaryIcelandIndiaIndonesiaIran, Islamic Republic ofIraqIrelandIsle of ManIsraelJamaicaJapanJerseyJordanKazakhstanKenyaKiribatiKorea, Democratic People' , "'" , 's Republic ofKorea, Republic ofKuwaitKyrgyzstanLao People' , "'" , 's Democratic RepublicLatviaLebanonLesothoLiberiaLibyaLiechtensteinLithuaniaLuxembourgMacaoMacedonia, the Former Yugoslav Republic ofMadagascarMalawiMalaysiaMaldivesMaliMaltaMarshall IslandsMartiniqueMauritaniaMauritiusMayotteMexicoMicronesia, Federated States ofMoldova, Republic ofMonacoMongoliaMontenegroMontserratMoroccoMozambiqueMyanmarNamibiaNauruNepalNetherlandsNew CaledoniaNew ZealandNicaraguaNigerNigeriaNiueNorfolk IslandNorthern Mariana IslandsNorwayOmanPakistanPalauPalestine, [state] ofPanamaPapua New GuineaParaguayPeruPhilippinesPitcairnPolandPortugalPuerto RicoQatarRéunionRomaniaRussian FederationRwandaSaint BarthélemySaint Helena, Ascension and Tristan da CunhaSaint Kitts and NevisSaint LuciaSaint Martin (French part)Saint Pierre and MiquelonSaint Vincent and the GrenadinesSamoaSan MarinoSao Tome and PrincipeSaudi ArabiaSenegalSerbiaSeychellesSierra LeoneSingaporeSint Maarten (Dutch part)SlovakiaSloveniaSolomon IslandsSomaliaSouth AfricaSouth Georgia and the South Sandwich IslandsSouth SudanSpainSri LankaSudanSurinameSvalbard and Jan MayenSwazilandSwedenSwitzerlandSyrian Arab RepublicTaiwan, Province of ChinaTajikistanTanzania, United Republic ofThailandTimor-LesteTogoTokelauTongaTrinidad and TobagoTunisiaTurkeyTurkmenistanTurks and Caicos IslandsTuvaluUgandaUkraineUnited Arab EmiratesUnited KingdomUnited States Minor Outlying IslandsUruguayUzbekistanVanuatuVenezuela, Bolivarian Republic ofViet NamVirgin Islands, BritishVirgin Islands, U.S.Wallis and FutunaWestern SaharaYemenZambiaZimbabwe
            ') or . = concat('
              Select Birth Country
              United States Of AmericaItalyAfghanistanÅland IslandsAlbaniaAlgeriaAmerican SamoaAndorraAngolaAnguillaAntarcticaAntigua and BarbudaArgentinaArmeniaArubaAustraliaAustriaAzerbaijanBahamasBahrainBangladeshBarbadosBelarusBelgiumBelizeBeninBermudaBhutanBolivia, Plurinational [state] ofBonaire, Sint Eustatius and SabaBosnia and HerzegovinaBotswanaBouvet IslandBrazilBritish Indian Ocean TerritoryBrunei DarussalamBulgariaBurkina FasoBurundiCambodiaCameroonCanadaCape VerdeCayman IslandsCentral African RepublicChadChileChinaChristmas IslandCocos (Keeling) IslandsColombiaComorosCongoCongo, the Democratic Republic of theCook IslandsCosta RicaCôte d' , "'" , 'IvoireCroatiaCubaCuraçaoCyprusCzech RepublicDenmarkDjiboutiDominicaDominican RepublicEcuadorEgyptEl SalvadorEquatorial GuineaEritreaEstoniaEthiopiaFalkland Islands (Malvinas)Faroe IslandsFijiFinlandFranceFrench GuianaFrench PolynesiaFrench Southern TerritoriesGabonGambiaGeorgiaGermanyGhanaGibraltarGreeceGreenlandGrenadaGuadeloupeGuamGuatemalaGuernseyGuineaGuinea-BissauGuyanaHaitiHeard Island and McDonald IslandsHoly See (Vatican City State)HondurasHong KongHungaryIcelandIndiaIndonesiaIran, Islamic Republic ofIraqIrelandIsle of ManIsraelJamaicaJapanJerseyJordanKazakhstanKenyaKiribatiKorea, Democratic People' , "'" , 's Republic ofKorea, Republic ofKuwaitKyrgyzstanLao People' , "'" , 's Democratic RepublicLatviaLebanonLesothoLiberiaLibyaLiechtensteinLithuaniaLuxembourgMacaoMacedonia, the Former Yugoslav Republic ofMadagascarMalawiMalaysiaMaldivesMaliMaltaMarshall IslandsMartiniqueMauritaniaMauritiusMayotteMexicoMicronesia, Federated States ofMoldova, Republic ofMonacoMongoliaMontenegroMontserratMoroccoMozambiqueMyanmarNamibiaNauruNepalNetherlandsNew CaledoniaNew ZealandNicaraguaNigerNigeriaNiueNorfolk IslandNorthern Mariana IslandsNorwayOmanPakistanPalauPalestine, [state] ofPanamaPapua New GuineaParaguayPeruPhilippinesPitcairnPolandPortugalPuerto RicoQatarRéunionRomaniaRussian FederationRwandaSaint BarthélemySaint Helena, Ascension and Tristan da CunhaSaint Kitts and NevisSaint LuciaSaint Martin (French part)Saint Pierre and MiquelonSaint Vincent and the GrenadinesSamoaSan MarinoSao Tome and PrincipeSaudi ArabiaSenegalSerbiaSeychellesSierra LeoneSingaporeSint Maarten (Dutch part)SlovakiaSloveniaSolomon IslandsSomaliaSouth AfricaSouth Georgia and the South Sandwich IslandsSouth SudanSpainSri LankaSudanSurinameSvalbard and Jan MayenSwazilandSwedenSwitzerlandSyrian Arab RepublicTaiwan, Province of ChinaTajikistanTanzania, United Republic ofThailandTimor-LesteTogoTokelauTongaTrinidad and TobagoTunisiaTurkeyTurkmenistanTurks and Caicos IslandsTuvaluUgandaUkraineUnited Arab EmiratesUnited KingdomUnited States Minor Outlying IslandsUruguayUzbekistanVanuatuVenezuela, Bolivarian Republic ofViet NamVirgin Islands, BritishVirgin Islands, U.S.Wallis and FutunaWestern SaharaYemenZambiaZimbabwe
            '))]'. Please recheck the objects properties to make sure the desired element is located. 

2018-12-05 10:05:21 - [MESSAGE][FAILED] - Unable to select option by label 'Select Birth Country' of object 'Object Repository/Edit Profile/Page_Profile  5-15/select_Select Birth Country'  (Root cause: com.kms.katalon.core.webui.exception.WebElementNotFoundException: Web element with id: 'Object Repository/Edit Profile/Page_Profile  5-15/select_Select Birth Country' located by 'By.xpath: //select[@id = 'ddlBirthCountry' and (text() = concat('
              Select Birth Country
              United States Of AmericaItalyAfghanistanÅland IslandsAlbaniaAlgeriaAmerican SamoaAndorraAngolaAnguillaAntarcticaAntigua and BarbudaArgentinaArmeniaArubaAustraliaAustriaAzerbaijanBahamasBahrainBangladeshBarbadosBelarusBelgiumBelizeBeninBermudaBhutanBolivia, Plurinational [state] ofBonaire, Sint Eustatius and SabaBosnia and HerzegovinaBotswanaBouvet IslandBrazilBritish Indian Ocean TerritoryBrunei DarussalamBulgariaBurkina FasoBurundiCambodiaCameroonCanadaCape VerdeCayman IslandsCentral African RepublicChadChileChinaChristmas IslandCocos (Keeling) IslandsColombiaComorosCongoCongo, the Democratic Republic of theCook IslandsCosta RicaCôte d' , "'" , 'IvoireCroatiaCubaCuraçaoCyprusCzech RepublicDenmarkDjiboutiDominicaDominican RepublicEcuadorEgyptEl SalvadorEquatorial GuineaEritreaEstoniaEthiopiaFalkland Islands (Malvinas)Faroe IslandsFijiFinlandFranceFrench GuianaFrench PolynesiaFrench Southern TerritoriesGabonGambiaGeorgiaGermanyGhanaGibraltarGreeceGreenlandGrenadaGuadeloupeGuamGuatemalaGuernseyGuineaGuinea-BissauGuyanaHaitiHeard Island and McDonald IslandsHoly See (Vatican City State)HondurasHong KongHungaryIcelandIndiaIndonesiaIran, Islamic Republic ofIraqIrelandIsle of ManIsraelJamaicaJapanJerseyJordanKazakhstanKenyaKiribatiKorea, Democratic People' , "'" , 's Republic ofKorea, Republic ofKuwaitKyrgyzstanLao People' , "'" , 's Democratic RepublicLatviaLebanonLesothoLiberiaLibyaLiechtensteinLithuaniaLuxembourgMacaoMacedonia, the Former Yugoslav Republic ofMadagascarMalawiMalaysiaMaldivesMaliMaltaMarshall IslandsMartiniqueMauritaniaMauritiusMayotteMexicoMicronesia, Federated States ofMoldova, Republic ofMonacoMongoliaMontenegroMontserratMoroccoMozambiqueMyanmarNamibiaNauruNepalNetherlandsNew CaledoniaNew ZealandNicaraguaNigerNigeriaNiueNorfolk IslandNorthern Mariana IslandsNorwayOmanPakistanPalauPalestine, [state] ofPanamaPapua New GuineaParaguayPeruPhilippinesPitcairnPolandPortugalPuerto RicoQatarRéunionRomaniaRussian FederationRwandaSaint BarthélemySaint Helena, Ascension and Tristan da CunhaSaint Kitts and NevisSaint LuciaSaint Martin (French part)Saint Pierre and MiquelonSaint Vincent and the GrenadinesSamoaSan MarinoSao Tome and PrincipeSaudi ArabiaSenegalSerbiaSeychellesSierra LeoneSingaporeSint Maarten (Dutch part)SlovakiaSloveniaSolomon IslandsSomaliaSouth AfricaSouth Georgia and the South Sandwich IslandsSouth SudanSpainSri LankaSudanSurinameSvalbard and Jan MayenSwazilandSwedenSwitzerlandSyrian Arab RepublicTaiwan, Province of ChinaTajikistanTanzania, United Republic ofThailandTimor-LesteTogoTokelauTongaTrinidad and TobagoTunisiaTurkeyTurkmenistanTurks and Caicos IslandsTuvaluUgandaUkraineUnited Arab EmiratesUnited KingdomUnited States Minor Outlying IslandsUruguayUzbekistanVanuatuVenezuela, Bolivarian Republic ofViet NamVirgin Islands, BritishVirgin Islands, U.S.Wallis and FutunaWestern SaharaYemenZambiaZimbabwe
            ') or . = concat('
              Select Birth Country
              United States Of AmericaItalyAfghanistanÅland IslandsAlbaniaAlgeriaAmerican SamoaAndorraAngolaAnguillaAntarcticaAntigua and BarbudaArgentinaArmeniaArubaAustraliaAustriaAzerbaijanBahamasBahrainBangladeshBarbadosBelarusBelgiumBelizeBeninBermudaBhutanBolivia, Plurinational [state] ofBonaire, Sint Eustatius and SabaBosnia and HerzegovinaBotswanaBouvet IslandBrazilBritish Indian Ocean TerritoryBrunei DarussalamBulgariaBurkina FasoBurundiCambodiaCameroonCanadaCape VerdeCayman IslandsCentral African RepublicChadChileChinaChristmas IslandCocos (Keeling) IslandsColombiaComorosCongoCongo, the Democratic Republic of theCook IslandsCosta RicaCôte d' , "'" , 'IvoireCroatiaCubaCuraçaoCyprusCzech RepublicDenmarkDjiboutiDominicaDominican RepublicEcuadorEgyptEl SalvadorEquatorial GuineaEritreaEstoniaEthiopiaFalkland Islands (Malvinas)Faroe IslandsFijiFinlandFranceFrench GuianaFrench PolynesiaFrench Southern TerritoriesGabonGambiaGeorgiaGermanyGhanaGibraltarGreeceGreenlandGrenadaGuadeloupeGuamGuatemalaGuernseyGuineaGuinea-BissauGuyanaHaitiHeard Island and McDonald IslandsHoly See (Vatican City State)HondurasHong KongHungaryIcelandIndiaIndonesiaIran, Islamic Republic ofIraqIrelandIsle of ManIsraelJamaicaJapanJerseyJordanKazakhstanKenyaKiribatiKorea, Democratic People' , "'" , 's Republic ofKorea, Republic ofKuwaitKyrgyzstanLao People' , "'" , 's Democratic RepublicLatviaLebanonLesothoLiberiaLibyaLiechtensteinLithuaniaLuxembourgMacaoMacedonia, the Former Yugoslav Republic ofMadagascarMalawiMalaysiaMaldivesMaliMaltaMarshall IslandsMartiniqueMauritaniaMauritiusMayotteMexicoMicronesia, Federated States ofMoldova, Republic ofMonacoMongoliaMontenegroMontserratMoroccoMozambiqueMyanmarNamibiaNauruNepalNetherlandsNew CaledoniaNew ZealandNicaraguaNigerNigeriaNiueNorfolk IslandNorthern Mariana IslandsNorwayOmanPakistanPalauPalestine, [state] ofPanamaPapua New GuineaParaguayPeruPhilippinesPitcairnPolandPortugalPuerto RicoQatarRéunionRomaniaRussian FederationRwandaSaint BarthélemySaint Helena, Ascension and Tristan da CunhaSaint Kitts and NevisSaint LuciaSaint Martin (French part)Saint Pierre and MiquelonSaint Vincent and the GrenadinesSamoaSan MarinoSao Tome and PrincipeSaudi ArabiaSenegalSerbiaSeychellesSierra LeoneSingaporeSint Maarten (Dutch part)SlovakiaSloveniaSolomon IslandsSomaliaSouth AfricaSouth Georgia and the South Sandwich IslandsSouth SudanSpainSri LankaSudanSurinameSvalbard and Jan MayenSwazilandSwedenSwitzerlandSyrian Arab RepublicTaiwan, Province of ChinaTajikistanTanzania, United Republic ofThailandTimor-LesteTogoTokelauTongaTrinidad and TobagoTunisiaTurkeyTurkmenistanTurks and Caicos IslandsTuvaluUgandaUkraineUnited Arab EmiratesUnited KingdomUnited States Minor Outlying IslandsUruguayUzbekistanVanuatuVenezuela, Bolivarian Republic ofViet NamVirgin Islands, BritishVirgin Islands, U.S.Wallis and FutunaWestern SaharaYemenZambiaZimbabwe
            '))]' not found)
[[ATTACHMENT|F:\\Vofox-Katalon\\Bonanza\\Reports\\VBZ0012-Edit profile\\20181205_100428\\1543984521150.png]]

2018-12-05 10:05:21 - [MESSAGE][FAILED] - selectOptionByLabel(findTestObject("Object Repository/Edit Profile/Page_Profile  5-15/select_Select Birth Country"), "Select Birth Country", false) FAILED.
Reason:
com.kms.katalon.core.exception.StepFailedException: Unable to select option by label 'Select Birth Country' of object 'Object Repository/Edit Profile/Page_Profile  5-15/select_Select Birth Country'  (Root cause: com.kms.katalon.core.webui.exception.WebElementNotFoundException: Web element with id: 'Object Repository/Edit Profile/Page_Profile  5-15/select_Select Birth Country' located by 'By.xpath: //select[@id = 'ddlBirthCountry' and (text() = concat('
              Select Birth Country
              United States Of AmericaItalyAfghanistanÅland IslandsAlbaniaAlgeriaAmerican SamoaAndorraAngolaAnguillaAntarcticaAntigua and BarbudaArgentinaArmeniaArubaAustraliaAustriaAzerbaijanBahamasBahrainBangladeshBarbadosBelarusBelgiumBelizeBeninBermudaBhutanBolivia, Plurinational [state] ofBonaire, Sint Eustatius and SabaBosnia and HerzegovinaBotswanaBouvet IslandBrazilBritish Indian Ocean TerritoryBrunei DarussalamBulgariaBurkina FasoBurundiCambodiaCameroonCanadaCape VerdeCayman IslandsCentral African RepublicChadChileChinaChristmas IslandCocos (Keeling) IslandsColombiaComorosCongoCongo, the Democratic Republic of theCook IslandsCosta RicaCôte d' , "'" , 'IvoireCroatiaCubaCuraçaoCyprusCzech RepublicDenmarkDjiboutiDominicaDominican RepublicEcuadorEgyptEl SalvadorEquatorial GuineaEritreaEstoniaEthiopiaFalkland Islands (Malvinas)Faroe IslandsFijiFinlandFranceFrench GuianaFrench PolynesiaFrench Southern TerritoriesGabonGambiaGeorgiaGermanyGhanaGibraltarGreeceGreenlandGrenadaGuadeloupeGuamGuatemalaGuernseyGuineaGuinea-BissauGuyanaHaitiHeard Island and McDonald IslandsHoly See (Vatican City State)HondurasHong KongHungaryIcelandIndiaIndonesiaIran, Islamic Republic ofIraqIrelandIsle of ManIsraelJamaicaJapanJerseyJordanKazakhstanKenyaKiribatiKorea, Democratic People' , "'" , 's Republic ofKorea, Republic ofKuwaitKyrgyzstanLao People' , "'" , 's Democratic RepublicLatviaLebanonLesothoLiberiaLibyaLiechtensteinLithuaniaLuxembourgMacaoMacedonia, the Former Yugoslav Republic ofMadagascarMalawiMalaysiaMaldivesMaliMaltaMarshall IslandsMartiniqueMauritaniaMauritiusMayotteMexicoMicronesia, Federated States ofMoldova, Republic ofMonacoMongoliaMontenegroMontserratMoroccoMozambiqueMyanmarNamibiaNauruNepalNetherlandsNew CaledoniaNew ZealandNicaraguaNigerNigeriaNiueNorfolk IslandNorthern Mariana IslandsNorwayOmanPakistanPalauPalestine, [state] ofPanamaPapua New GuineaParaguayPeruPhilippinesPitcairnPolandPortugalPuerto RicoQatarRéunionRomaniaRussian FederationRwandaSaint BarthélemySaint Helena, Ascension and Tristan da CunhaSaint Kitts and NevisSaint LuciaSaint Martin (French part)Saint Pierre and MiquelonSaint Vincent and the GrenadinesSamoaSan MarinoSao Tome and PrincipeSaudi ArabiaSenegalSerbiaSeychellesSierra LeoneSingaporeSint Maarten (Dutch part)SlovakiaSloveniaSolomon IslandsSomaliaSouth AfricaSouth Georgia and the South Sandwich IslandsSouth SudanSpainSri LankaSudanSurinameSvalbard and Jan MayenSwazilandSwedenSwitzerlandSyrian Arab RepublicTaiwan, Province of ChinaTajikistanTanzania, United Republic ofThailandTimor-LesteTogoTokelauTongaTrinidad and TobagoTunisiaTurkeyTurkmenistanTurks and Caicos IslandsTuvaluUgandaUkraineUnited Arab EmiratesUnited KingdomUnited States Minor Outlying IslandsUruguayUzbekistanVanuatuVenezuela, Bolivarian Republic ofViet NamVirgin Islands, BritishVirgin Islands, U.S.Wallis and FutunaWestern SaharaYemenZambiaZimbabwe
            ') or . = concat('
              Select Birth Country
              United States Of AmericaItalyAfghanistanÅland IslandsAlbaniaAlgeriaAmerican SamoaAndorraAngolaAnguillaAntarcticaAntigua and BarbudaArgentinaArmeniaArubaAustraliaAustriaAzerbaijanBahamasBahrainBangladeshBarbadosBelarusBelgiumBelizeBeninBermudaBhutanBolivia, Plurinational [state] ofBonaire, Sint Eustatius and SabaBosnia and HerzegovinaBotswanaBouvet IslandBrazilBritish Indian Ocean TerritoryBrunei DarussalamBulgariaBurkina FasoBurundiCambodiaCameroonCanadaCape VerdeCayman IslandsCentral African RepublicChadChileChinaChristmas IslandCocos (Keeling) IslandsColombiaComorosCongoCongo, the Democratic Republic of theCook IslandsCosta RicaCôte d' , "'" , 'IvoireCroatiaCubaCuraçaoCyprusCzech RepublicDenmarkDjiboutiDominicaDominican RepublicEcuadorEgyptEl SalvadorEquatorial GuineaEritreaEstoniaEthiopiaFalkland Islands (Malvinas)Faroe IslandsFijiFinlandFranceFrench GuianaFrench PolynesiaFrench Southern TerritoriesGabonGambiaGeorgiaGermanyGhanaGibraltarGreeceGreenlandGrenadaGuadeloupeGuamGuatemalaGuernseyGuineaGuinea-BissauGuyanaHaitiHeard Island and McDonald IslandsHoly See (Vatican City State)HondurasHong KongHungaryIcelandIndiaIndonesiaIran, Islamic Republic ofIraqIrelandIsle of ManIsraelJamaicaJapanJerseyJordanKazakhstanKenyaKiribatiKorea, Democratic People' , "'" , 's Republic ofKorea, Republic ofKuwaitKyrgyzstanLao People' , "'" , 's Democratic RepublicLatviaLebanonLesothoLiberiaLibyaLiechtensteinLithuaniaLuxembourgMacaoMacedonia, the Former Yugoslav Republic ofMadagascarMalawiMalaysiaMaldivesMaliMaltaMarshall IslandsMartiniqueMauritaniaMauritiusMayotteMexicoMicronesia, Federated States ofMoldova, Republic ofMonacoMongoliaMontenegroMontserratMoroccoMozambiqueMyanmarNamibiaNauruNepalNetherlandsNew CaledoniaNew ZealandNicaraguaNigerNigeriaNiueNorfolk IslandNorthern Mariana IslandsNorwayOmanPakistanPalauPalestine, [state] ofPanamaPapua New GuineaParaguayPeruPhilippinesPitcairnPolandPortugalPuerto RicoQatarRéunionRomaniaRussian FederationRwandaSaint BarthélemySaint Helena, Ascension and Tristan da CunhaSaint Kitts and NevisSaint LuciaSaint Martin (French part)Saint Pierre and MiquelonSaint Vincent and the GrenadinesSamoaSan MarinoSao Tome and PrincipeSaudi ArabiaSenegalSerbiaSeychellesSierra LeoneSingaporeSint Maarten (Dutch part)SlovakiaSloveniaSolomon IslandsSomaliaSouth AfricaSouth Georgia and the South Sandwich IslandsSouth SudanSpainSri LankaSudanSurinameSvalbard and Jan MayenSwazilandSwedenSwitzerlandSyrian Arab RepublicTaiwan, Province of ChinaTajikistanTanzania, United Republic ofThailandTimor-LesteTogoTokelauTongaTrinidad and TobagoTunisiaTurkeyTurkmenistanTurks and Caicos IslandsTuvaluUgandaUkraineUnited Arab EmiratesUnited KingdomUnited States Minor Outlying IslandsUruguayUzbekistanVanuatuVenezuela, Bolivarian Republic ofViet NamVirgin Islands, BritishVirgin Islands, U.S.Wallis and FutunaWestern SaharaYemenZambiaZimbabwe
            '))]' not found)
	at com.kms.katalon.core.keyword.internal.KeywordMain.stepFailed(KeywordMain.groovy:36)
	at com.kms.katalon.core.webui.keyword.internal.WebUIKeywordMain.stepFailed(WebUIKeywordMain.groovy:65)
	at com.kms.katalon.core.webui.keyword.internal.WebUIKeywordMain.runKeyword(WebUIKeywordMain.groovy:27)
	at com.kms.katalon.core.webui.keyword.builtin.SelectOptionByLabelKeyword.selectOptionByLabel(SelectOptionByLabelKeyword.groovy:98)
	at com.kms.katalon.core.webui.keyword.builtin.SelectOptionByLabelKeyword.execute(SelectOptionByLabelKeyword.groovy:71)
	at com.kms.katalon.core.keyword.internal.KeywordExecutor.executeKeywordForPlatform(KeywordExecutor.groovy:53)
	at com.kms.katalon.core.webui.keyword.WebUiBuiltInKeywords.selectOptionByLabel(WebUiBuiltInKeywords.groovy:1200)
	at com.kms.katalon.core.webui.keyword.WebUiBuiltInKeywords$selectOptionByLabel$6.call(Unknown Source)
	at TCBA01203.run(TCBA01203:43)
	at com.kms.katalon.core.main.ScriptEngine.run(ScriptEngine.java:194)
	at com.kms.katalon.core.main.ScriptEngine.runScriptAsRawText(ScriptEngine.java:119)
	at com.kms.katalon.core.main.TestCaseExecutor.runScript(TestCaseExecutor.java:321)
	at com.kms.katalon.core.main.TestCaseExecutor.doExecute(TestCaseExecutor.java:312)
	at com.kms.katalon.core.main.TestCaseExecutor.processExecutionPhase(TestCaseExecutor.java:291)
	at com.kms.katalon.core.main.TestCaseExecutor.accessMainPhase(TestCaseExecutor.java:283)
	at com.kms.katalon.core.main.TestCaseExecutor.execute(TestCaseExecutor.java:222)
	at com.kms.katalon.core.main.TestSuiteExecutor.accessTestCaseMainPhase(TestSuiteExecutor.java:129)
	at com.kms.katalon.core.main.TestSuiteExecutor.accessTestSuiteMainPhase(TestSuiteExecutor.java:112)
	at com.kms.katalon.core.main.TestSuiteExecutor.execute(TestSuiteExecutor.java:81)
	at com.kms.katalon.core.main.TestCaseMain.startTestSuite(TestCaseMain.java:149)
	at com.kms.katalon.core.main.TestCaseMain$startTestSuite$0.call(Unknown Source)
	at TempTestSuite1543984468899.run(TempTestSuite1543984468899.groovy:36)]]></system-out>
         <system-err><![CDATA[2018-12-05 10:04:46 - [TEST_CASE][FAILED] - Test Cases/Associate Application/Edit Profile/TCBA01203: Test Cases/Associate Application/Edit Profile/TCBA01203 FAILED.
Reason:
com.kms.katalon.core.exception.StepFailedException: Unable to select option by label 'Select Birth Country' of object 'Object Repository/Edit Profile/Page_Profile  5-15/select_Select Birth Country'  (Root cause: com.kms.katalon.core.webui.exception.WebElementNotFoundException: Web element with id: 'Object Repository/Edit Profile/Page_Profile  5-15/select_Select Birth Country' located by 'By.xpath: //select[@id = 'ddlBirthCountry' and (text() = concat('
              Select Birth Country
              United States Of AmericaItalyAfghanistanÅland IslandsAlbaniaAlgeriaAmerican SamoaAndorraAngolaAnguillaAntarcticaAntigua and BarbudaArgentinaArmeniaArubaAustraliaAustriaAzerbaijanBahamasBahrainBangladeshBarbadosBelarusBelgiumBelizeBeninBermudaBhutanBolivia, Plurinational [state] ofBonaire, Sint Eustatius and SabaBosnia and HerzegovinaBotswanaBouvet IslandBrazilBritish Indian Ocean TerritoryBrunei DarussalamBulgariaBurkina FasoBurundiCambodiaCameroonCanadaCape VerdeCayman IslandsCentral African RepublicChadChileChinaChristmas IslandCocos (Keeling) IslandsColombiaComorosCongoCongo, the Democratic Republic of theCook IslandsCosta RicaCôte d' , "'" , 'IvoireCroatiaCubaCuraçaoCyprusCzech RepublicDenmarkDjiboutiDominicaDominican RepublicEcuadorEgyptEl SalvadorEquatorial GuineaEritreaEstoniaEthiopiaFalkland Islands (Malvinas)Faroe IslandsFijiFinlandFranceFrench GuianaFrench PolynesiaFrench Southern TerritoriesGabonGambiaGeorgiaGermanyGhanaGibraltarGreeceGreenlandGrenadaGuadeloupeGuamGuatemalaGuernseyGuineaGuinea-BissauGuyanaHaitiHeard Island and McDonald IslandsHoly See (Vatican City State)HondurasHong KongHungaryIcelandIndiaIndonesiaIran, Islamic Republic ofIraqIrelandIsle of ManIsraelJamaicaJapanJerseyJordanKazakhstanKenyaKiribatiKorea, Democratic People' , "'" , 's Republic ofKorea, Republic ofKuwaitKyrgyzstanLao People' , "'" , 's Democratic RepublicLatviaLebanonLesothoLiberiaLibyaLiechtensteinLithuaniaLuxembourgMacaoMacedonia, the Former Yugoslav Republic ofMadagascarMalawiMalaysiaMaldivesMaliMaltaMarshall IslandsMartiniqueMauritaniaMauritiusMayotteMexicoMicronesia, Federated States ofMoldova, Republic ofMonacoMongoliaMontenegroMontserratMoroccoMozambiqueMyanmarNamibiaNauruNepalNetherlandsNew CaledoniaNew ZealandNicaraguaNigerNigeriaNiueNorfolk IslandNorthern Mariana IslandsNorwayOmanPakistanPalauPalestine, [state] ofPanamaPapua New GuineaParaguayPeruPhilippinesPitcairnPolandPortugalPuerto RicoQatarRéunionRomaniaRussian FederationRwandaSaint BarthélemySaint Helena, Ascension and Tristan da CunhaSaint Kitts and NevisSaint LuciaSaint Martin (French part)Saint Pierre and MiquelonSaint Vincent and the GrenadinesSamoaSan MarinoSao Tome and PrincipeSaudi ArabiaSenegalSerbiaSeychellesSierra LeoneSingaporeSint Maarten (Dutch part)SlovakiaSloveniaSolomon IslandsSomaliaSouth AfricaSouth Georgia and the South Sandwich IslandsSouth SudanSpainSri LankaSudanSurinameSvalbard and Jan MayenSwazilandSwedenSwitzerlandSyrian Arab RepublicTaiwan, Province of ChinaTajikistanTanzania, United Republic ofThailandTimor-LesteTogoTokelauTongaTrinidad and TobagoTunisiaTurkeyTurkmenistanTurks and Caicos IslandsTuvaluUgandaUkraineUnited Arab EmiratesUnited KingdomUnited States Minor Outlying IslandsUruguayUzbekistanVanuatuVenezuela, Bolivarian Republic ofViet NamVirgin Islands, BritishVirgin Islands, U.S.Wallis and FutunaWestern SaharaYemenZambiaZimbabwe
            ') or . = concat('
              Select Birth Country
              United States Of AmericaItalyAfghanistanÅland IslandsAlbaniaAlgeriaAmerican SamoaAndorraAngolaAnguillaAntarcticaAntigua and BarbudaArgentinaArmeniaArubaAustraliaAustriaAzerbaijanBahamasBahrainBangladeshBarbadosBelarusBelgiumBelizeBeninBermudaBhutanBolivia, Plurinational [state] ofBonaire, Sint Eustatius and SabaBosnia and HerzegovinaBotswanaBouvet IslandBrazilBritish Indian Ocean TerritoryBrunei DarussalamBulgariaBurkina FasoBurundiCambodiaCameroonCanadaCape VerdeCayman IslandsCentral African RepublicChadChileChinaChristmas IslandCocos (Keeling) IslandsColombiaComorosCongoCongo, the Democratic Republic of theCook IslandsCosta RicaCôte d' , "'" , 'IvoireCroatiaCubaCuraçaoCyprusCzech RepublicDenmarkDjiboutiDominicaDominican RepublicEcuadorEgyptEl SalvadorEquatorial GuineaEritreaEstoniaEthiopiaFalkland Islands (Malvinas)Faroe IslandsFijiFinlandFranceFrench GuianaFrench PolynesiaFrench Southern TerritoriesGabonGambiaGeorgiaGermanyGhanaGibraltarGreeceGreenlandGrenadaGuadeloupeGuamGuatemalaGuernseyGuineaGuinea-BissauGuyanaHaitiHeard Island and McDonald IslandsHoly See (Vatican City State)HondurasHong KongHungaryIcelandIndiaIndonesiaIran, Islamic Republic ofIraqIrelandIsle of ManIsraelJamaicaJapanJerseyJordanKazakhstanKenyaKiribatiKorea, Democratic People' , "'" , 's Republic ofKorea, Republic ofKuwaitKyrgyzstanLao People' , "'" , 's Democratic RepublicLatviaLebanonLesothoLiberiaLibyaLiechtensteinLithuaniaLuxembourgMacaoMacedonia, the Former Yugoslav Republic ofMadagascarMalawiMalaysiaMaldivesMaliMaltaMarshall IslandsMartiniqueMauritaniaMauritiusMayotteMexicoMicronesia, Federated States ofMoldova, Republic ofMonacoMongoliaMontenegroMontserratMoroccoMozambiqueMyanmarNamibiaNauruNepalNetherlandsNew CaledoniaNew ZealandNicaraguaNigerNigeriaNiueNorfolk IslandNorthern Mariana IslandsNorwayOmanPakistanPalauPalestine, [state] ofPanamaPapua New GuineaParaguayPeruPhilippinesPitcairnPolandPortugalPuerto RicoQatarRéunionRomaniaRussian FederationRwandaSaint BarthélemySaint Helena, Ascension and Tristan da CunhaSaint Kitts and NevisSaint LuciaSaint Martin (French part)Saint Pierre and MiquelonSaint Vincent and the GrenadinesSamoaSan MarinoSao Tome and PrincipeSaudi ArabiaSenegalSerbiaSeychellesSierra LeoneSingaporeSint Maarten (Dutch part)SlovakiaSloveniaSolomon IslandsSomaliaSouth AfricaSouth Georgia and the South Sandwich IslandsSouth SudanSpainSri LankaSudanSurinameSvalbard and Jan MayenSwazilandSwedenSwitzerlandSyrian Arab RepublicTaiwan, Province of ChinaTajikistanTanzania, United Republic ofThailandTimor-LesteTogoTokelauTongaTrinidad and TobagoTunisiaTurkeyTurkmenistanTurks and Caicos IslandsTuvaluUgandaUkraineUnited Arab EmiratesUnited KingdomUnited States Minor Outlying IslandsUruguayUzbekistanVanuatuVenezuela, Bolivarian Republic ofViet NamVirgin Islands, BritishVirgin Islands, U.S.Wallis and FutunaWestern SaharaYemenZambiaZimbabwe
            '))]' not found)
	at com.kms.katalon.core.keyword.internal.KeywordMain.stepFailed(KeywordMain.groovy:36)
	at com.kms.katalon.core.webui.keyword.internal.WebUIKeywordMain.stepFailed(WebUIKeywordMain.groovy:65)
	at com.kms.katalon.core.webui.keyword.internal.WebUIKeywordMain.runKeyword(WebUIKeywordMain.groovy:27)
	at com.kms.katalon.core.webui.keyword.builtin.SelectOptionByLabelKeyword.selectOptionByLabel(SelectOptionByLabelKeyword.groovy:98)
	at com.kms.katalon.core.webui.keyword.builtin.SelectOptionByLabelKeyword.execute(SelectOptionByLabelKeyword.groovy:71)
	at com.kms.katalon.core.keyword.internal.KeywordExecutor.executeKeywordForPlatform(KeywordExecutor.groovy:53)
	at com.kms.katalon.core.webui.keyword.WebUiBuiltInKeywords.selectOptionByLabel(WebUiBuiltInKeywords.groovy:1200)
	at com.kms.katalon.core.webui.keyword.WebUiBuiltInKeywords$selectOptionByLabel$6.call(Unknown Source)
	at TCBA01203.run(TCBA01203:43)
	at com.kms.katalon.core.main.ScriptEngine.run(ScriptEngine.java:194)
	at com.kms.katalon.core.main.ScriptEngine.runScriptAsRawText(ScriptEngine.java:119)
	at com.kms.katalon.core.main.TestCaseExecutor.runScript(TestCaseExecutor.java:321)
	at com.kms.katalon.core.main.TestCaseExecutor.doExecute(TestCaseExecutor.java:312)
	at com.kms.katalon.core.main.TestCaseExecutor.processExecutionPhase(TestCaseExecutor.java:291)
	at com.kms.katalon.core.main.TestCaseExecutor.accessMainPhase(TestCaseExecutor.java:283)
	at com.kms.katalon.core.main.TestCaseExecutor.execute(TestCaseExecutor.java:222)
	at com.kms.katalon.core.main.TestSuiteExecutor.accessTestCaseMainPhase(TestSuiteExecutor.java:129)
	at com.kms.katalon.core.main.TestSuiteExecutor.accessTestSuiteMainPhase(TestSuiteExecutor.java:112)
	at com.kms.katalon.core.main.TestSuiteExecutor.execute(TestSuiteExecutor.java:81)
	at com.kms.katalon.core.main.TestCaseMain.startTestSuite(TestCaseMain.java:149)
	at com.kms.katalon.core.main.TestCaseMain$startTestSuite$0.call(Unknown Source)
	at TempTestSuite1543984468899.run(TempTestSuite1543984468899.groovy:36)]]></system-err>
      </testcase>
      <testcase name="Test Cases/Associate Application/Edit Profile/TCBA01204" classname="Test Cases/Associate Application/Edit Profile/TCBA01204" status="PASSED">
         <system-out><![CDATA[2018-12-05 10:05:21 - [TEST_CASE][PASSED] - Test Cases/Associate Application/Edit Profile/TCBA01204: Test Cases/Associate Application/Edit Profile/TCBA01204

2018-12-05 10:05:21 - [TEST_STEP][PASSED] - selectOptionByLabel(findTestObject("Object Repository/Edit Profile/Page_Profile  5-15/select_Select Country"), "Select Country", false): All options with label 'Select Country' are selected in object 'Object Repository/Edit Profile/Page_Profile  5-15/select_Select Country' 

2018-12-05 10:05:21 - [MESSAGE][PASSED] - All options with label 'Select Country' are selected in object 'Object Repository/Edit Profile/Page_Profile  5-15/select_Select Country' 

2018-12-05 10:05:21 - [TEST_STEP][PASSED] - setText(findTestObject("Object Repository/Edit Profile/Page_Profile  5-15/input_txtStreetPart"), ""): Text '' is set on object 'Object Repository/Edit Profile/Page_Profile  5-15/input_txtStreetPart'

2018-12-05 10:05:21 - [MESSAGE][PASSED] - Text '' is set on object 'Object Repository/Edit Profile/Page_Profile  5-15/input_txtStreetPart'

2018-12-05 10:05:21 - [TEST_STEP][PASSED] - setText(findTestObject("Object Repository/Edit Profile/Page_Profile  5-15/input_txtStreetName"), ""): Text '' is set on object 'Object Repository/Edit Profile/Page_Profile  5-15/input_txtStreetName'

2018-12-05 10:05:21 - [MESSAGE][PASSED] - Text '' is set on object 'Object Repository/Edit Profile/Page_Profile  5-15/input_txtStreetName'

2018-12-05 10:05:21 - [TEST_STEP][PASSED] - setText(findTestObject("Object Repository/Edit Profile/Page_Profile  5-15/input_txtStreetNum"), ""): Text '' is set on object 'Object Repository/Edit Profile/Page_Profile  5-15/input_txtStreetNum'

2018-12-05 10:05:21 - [MESSAGE][PASSED] - Text '' is set on object 'Object Repository/Edit Profile/Page_Profile  5-15/input_txtStreetNum'

2018-12-05 10:05:21 - [TEST_STEP][PASSED] - setText(findTestObject("Object Repository/Edit Profile/Page_Profile  5-15/input_txtZip"), ""): Text '' is set on object 'Object Repository/Edit Profile/Page_Profile  5-15/input_txtZip'

2018-12-05 10:05:22 - [MESSAGE][PASSED] - Text '' is set on object 'Object Repository/Edit Profile/Page_Profile  5-15/input_txtZip'

2018-12-05 10:05:22 - [TEST_STEP][PASSED] - setText(findTestObject("Object Repository/Edit Profile/Page_Profile  5-15/input_txtCity"), ""): Text '' is set on object 'Object Repository/Edit Profile/Page_Profile  5-15/input_txtCity'

2018-12-05 10:05:22 - [MESSAGE][PASSED] - Text '' is set on object 'Object Repository/Edit Profile/Page_Profile  5-15/input_txtCity'

2018-12-05 10:05:22 - [TEST_STEP][PASSED] - setText(findTestObject("Object Repository/Edit Profile/Page_Profile  5-15/input_txtStateCode"), ""): Text '' is set on object 'Object Repository/Edit Profile/Page_Profile  5-15/input_txtStateCode'

2018-12-05 10:05:22 - [MESSAGE][PASSED] - Text '' is set on object 'Object Repository/Edit Profile/Page_Profile  5-15/input_txtStateCode'

2018-12-05 10:05:22 - [TEST_STEP][PASSED] - click(findTestObject("Edit Profile/Page_Profile  5-15/Mail Address Div click")): Object: 'Object Repository/Edit Profile/Page_Profile  5-15/Mail Address Div click' is clicked on

2018-12-05 10:05:22 - [MESSAGE][PASSED] - Object: 'Object Repository/Edit Profile/Page_Profile  5-15/Mail Address Div click' is clicked on

2018-12-05 10:05:22 - [TEST_STEP][PASSED] - verifyElementText(findTestObject("Edit Profile/Page_Profile  5-15/Save-Mobile Number"), "Save"): Actual text and expected text of test object 'Object Repository/Edit Profile/Page_Profile  5-15/Save-Mobile Number' are matched.

2018-12-05 10:05:22 - [MESSAGE][PASSED] - Actual text and expected text of test object 'Object Repository/Edit Profile/Page_Profile  5-15/Save-Mobile Number' are matched.

2018-12-05 10:05:22 - [TEST_STEP][PASSED] - click(findTestObject("Edit Profile/Page_Profile  5-15/Save-Mobile Number")): Object: 'Object Repository/Edit Profile/Page_Profile  5-15/Save-Mobile Number' is clicked on

2018-12-05 10:05:22 - [MESSAGE][PASSED] - Object: 'Object Repository/Edit Profile/Page_Profile  5-15/Save-Mobile Number' is clicked on

2018-12-05 10:05:22 - [TEST_STEP][PASSED] - verifyElementText(findTestObject("Object Repository/Edit Profile/Page_Profile  5-15/label_Country"), "Country"): Actual text and expected text of test object 'Object Repository/Edit Profile/Page_Profile  5-15/label_Country' are matched.

2018-12-05 10:05:22 - [MESSAGE][PASSED] - Actual text and expected text of test object 'Object Repository/Edit Profile/Page_Profile  5-15/label_Country' are matched.

2018-12-05 10:05:22 - [TEST_STEP][PASSED] - verifyElementText(findTestObject("Object Repository/Edit Profile/Page_Profile  5-15/p_is required_7"), "is required"): Actual text and expected text of test object 'Object Repository/Edit Profile/Page_Profile  5-15/p_is required_7' are matched.

2018-12-05 10:05:22 - [MESSAGE][PASSED] - Actual text and expected text of test object 'Object Repository/Edit Profile/Page_Profile  5-15/p_is required_7' are matched.

2018-12-05 10:05:22 - [TEST_STEP][PASSED] - verifyElementText(findTestObject("Object Repository/Edit Profile/Page_Profile  5-15/label_Street Name"), "Street Name"): Actual text and expected text of test object 'Object Repository/Edit Profile/Page_Profile  5-15/label_Street Name' are matched.

2018-12-05 10:05:22 - [MESSAGE][PASSED] - Actual text and expected text of test object 'Object Repository/Edit Profile/Page_Profile  5-15/label_Street Name' are matched.

2018-12-05 10:05:22 - [TEST_STEP][PASSED] - verifyElementText(findTestObject("Object Repository/Edit Profile/Page_Profile  5-15/p_is required_8"), "is required"): Actual text and expected text of test object 'Object Repository/Edit Profile/Page_Profile  5-15/p_is required_8' are matched.

2018-12-05 10:05:22 - [MESSAGE][PASSED] - Actual text and expected text of test object 'Object Repository/Edit Profile/Page_Profile  5-15/p_is required_8' are matched.

2018-12-05 10:05:22 - [TEST_STEP][PASSED] - verifyElementText(findTestObject("Object Repository/Edit Profile/Page_Profile  5-15/label_Zip"), "Zip"): Actual text and expected text of test object 'Object Repository/Edit Profile/Page_Profile  5-15/label_Zip' are matched.

2018-12-05 10:05:22 - [MESSAGE][PASSED] - Actual text and expected text of test object 'Object Repository/Edit Profile/Page_Profile  5-15/label_Zip' are matched.

2018-12-05 10:05:22 - [TEST_STEP][PASSED] - verifyElementText(findTestObject("Object Repository/Edit Profile/Page_Profile  5-15/p_is required_9"), "is required"): Actual text and expected text of test object 'Object Repository/Edit Profile/Page_Profile  5-15/p_is required_9' are matched.

2018-12-05 10:05:22 - [MESSAGE][PASSED] - Actual text and expected text of test object 'Object Repository/Edit Profile/Page_Profile  5-15/p_is required_9' are matched.

2018-12-05 10:05:22 - [TEST_STEP][PASSED] - verifyElementText(findTestObject("Object Repository/Edit Profile/Page_Profile  5-15/label_StateProvince"), "State/Province"): Actual text and expected text of test object 'Object Repository/Edit Profile/Page_Profile  5-15/label_StateProvince' are matched.

2018-12-05 10:05:22 - [MESSAGE][PASSED] - Actual text and expected text of test object 'Object Repository/Edit Profile/Page_Profile  5-15/label_StateProvince' are matched.

2018-12-05 10:05:22 - [TEST_STEP][PASSED] - verifyElementText(findTestObject("Object Repository/Edit Profile/Page_Profile  5-15/p_is required_10"), "is required"): Actual text and expected text of test object 'Object Repository/Edit Profile/Page_Profile  5-15/p_is required_10' are matched.

2018-12-05 10:05:22 - [MESSAGE][PASSED] - Actual text and expected text of test object 'Object Repository/Edit Profile/Page_Profile  5-15/p_is required_10' are matched.

2018-12-05 10:05:22 - [TEST_STEP][PASSED] - delay(2): Delayed 2 second(s)

2018-12-05 10:05:24 - [MESSAGE][PASSED] - Delayed 2 second(s)

2018-12-05 10:05:24 - [TEST_STEP][PASSED] - setText(findTestObject("Object Repository/Edit Profile/Page_Profile  5-15/input_txtZip"), "12121221"): Text '12121221' is set on object 'Object Repository/Edit Profile/Page_Profile  5-15/input_txtZip'

2018-12-05 10:05:24 - [MESSAGE][PASSED] - Text '12121221' is set on object 'Object Repository/Edit Profile/Page_Profile  5-15/input_txtZip'

2018-12-05 10:05:24 - [TEST_STEP][PASSED] - click(findTestObject("Edit Profile/Page_Profile  5-15/Mail Address Div click")): Object: 'Object Repository/Edit Profile/Page_Profile  5-15/Mail Address Div click' is clicked on

2018-12-05 10:05:24 - [MESSAGE][PASSED] - Object: 'Object Repository/Edit Profile/Page_Profile  5-15/Mail Address Div click' is clicked on

2018-12-05 10:05:24 - [TEST_STEP][PASSED] - delay(3): Delayed 3 second(s)

2018-12-05 10:05:27 - [MESSAGE][PASSED] - Delayed 3 second(s)

2018-12-05 10:05:27 - [TEST_STEP][PASSED] - verifyElementText(findTestObject("Object Repository/Edit Profile/Page_Profile  5-15/label_Zip"), "Zip"): Actual text and expected text of test object 'Object Repository/Edit Profile/Page_Profile  5-15/label_Zip' are matched.

2018-12-05 10:05:27 - [MESSAGE][PASSED] - Actual text and expected text of test object 'Object Repository/Edit Profile/Page_Profile  5-15/label_Zip' are matched.

2018-12-05 10:05:27 - [TEST_STEP][PASSED] - verifyElementText(findTestObject("Object Repository/Edit Profile/Page_Profile  5-15/p_must be no more than 5 chara"), "must be no more than 5 characters."): Actual text and expected text of test object 'Object Repository/Edit Profile/Page_Profile  5-15/p_must be no more than 5 chara' are matched.

2018-12-05 10:05:27 - [MESSAGE][PASSED] - Actual text and expected text of test object 'Object Repository/Edit Profile/Page_Profile  5-15/p_must be no more than 5 chara' are matched.]]></system-out>
         <system-err><![CDATA[]]></system-err>
      </testcase>
      <testcase name="Test Cases/Associate Application/Edit Profile/TCBA01205" classname="Test Cases/Associate Application/Edit Profile/TCBA01205" status="PASSED">
         <system-out><![CDATA[2018-12-05 10:05:27 - [TEST_CASE][PASSED] - Test Cases/Associate Application/Edit Profile/TCBA01205: Test Cases/Associate Application/Edit Profile/TCBA01205

2018-12-05 10:05:28 - [TEST_STEP][PASSED] - setText(findTestObject("Object Repository/Edit Profile/Page_Profile  5-15/input_txtLandPhone"), ""): Text '' is set on object 'Object Repository/Edit Profile/Page_Profile  5-15/input_txtLandPhone'

2018-12-05 10:05:28 - [MESSAGE][PASSED] - Text '' is set on object 'Object Repository/Edit Profile/Page_Profile  5-15/input_txtLandPhone'

2018-12-05 10:05:28 - [TEST_STEP][PASSED] - setText(findTestObject("Object Repository/Edit Profile/Page_Profile  5-15/input_txtMobilePhone"), ""): Text '' is set on object 'Object Repository/Edit Profile/Page_Profile  5-15/input_txtMobilePhone'

2018-12-05 10:05:28 - [MESSAGE][PASSED] - Text '' is set on object 'Object Repository/Edit Profile/Page_Profile  5-15/input_txtMobilePhone'

2018-12-05 10:05:28 - [TEST_STEP][PASSED] - verifyElementText(findTestObject("Edit Profile/Page_Profile  5-15/Save-Mobile Number"), "Save"): Actual text and expected text of test object 'Object Repository/Edit Profile/Page_Profile  5-15/Save-Mobile Number' are matched.

2018-12-05 10:05:28 - [MESSAGE][PASSED] - Actual text and expected text of test object 'Object Repository/Edit Profile/Page_Profile  5-15/Save-Mobile Number' are matched.

2018-12-05 10:05:28 - [TEST_STEP][PASSED] - click(findTestObject("Edit Profile/Page_Profile  5-15/Save-Mobile Number")): Object: 'Object Repository/Edit Profile/Page_Profile  5-15/Save-Mobile Number' is clicked on

2018-12-05 10:05:28 - [MESSAGE][PASSED] - Object: 'Object Repository/Edit Profile/Page_Profile  5-15/Save-Mobile Number' is clicked on

2018-12-05 10:05:28 - [TEST_STEP][PASSED] - delay(2): Delayed 2 second(s)

2018-12-05 10:05:30 - [MESSAGE][PASSED] - Delayed 2 second(s)

2018-12-05 10:05:30 - [TEST_STEP][PASSED] - verifyElementText(findTestObject("Object Repository/Edit Profile/Page_Profile  5-15/label_Mobile"), "Mobile"): Actual text and expected text of test object 'Object Repository/Edit Profile/Page_Profile  5-15/label_Mobile' are matched.

2018-12-05 10:05:30 - [MESSAGE][PASSED] - Actual text and expected text of test object 'Object Repository/Edit Profile/Page_Profile  5-15/label_Mobile' are matched.

2018-12-05 10:05:30 - [TEST_STEP][PASSED] - verifyElementText(findTestObject("Object Repository/Edit Profile/Page_Profile  5-15/p_is required_11"), "is required"): Actual text and expected text of test object 'Object Repository/Edit Profile/Page_Profile  5-15/p_is required_11' are matched.

2018-12-05 10:05:30 - [MESSAGE][PASSED] - Actual text and expected text of test object 'Object Repository/Edit Profile/Page_Profile  5-15/p_is required_11' are matched.

2018-12-05 10:05:30 - [TEST_STEP][PASSED] - setText(findTestObject("Object Repository/Edit Profile/Page_Profile  5-15/input_txtLandPhone"), "21212121212122123232323"): Text '21212121212122123232323' is set on object 'Object Repository/Edit Profile/Page_Profile  5-15/input_txtLandPhone'

2018-12-05 10:05:30 - [MESSAGE][PASSED] - Text '21212121212122123232323' is set on object 'Object Repository/Edit Profile/Page_Profile  5-15/input_txtLandPhone'

2018-12-05 10:05:30 - [TEST_STEP][PASSED] - setText(findTestObject("Object Repository/Edit Profile/Page_Profile  5-15/input_txtMobilePhone"), "232323232323232323233"): Text '232323232323232323233' is set on object 'Object Repository/Edit Profile/Page_Profile  5-15/input_txtMobilePhone'

2018-12-05 10:05:30 - [MESSAGE][PASSED] - Text '232323232323232323233' is set on object 'Object Repository/Edit Profile/Page_Profile  5-15/input_txtMobilePhone'

2018-12-05 10:05:30 - [TEST_STEP][PASSED] - click(findTestObject("Edit Profile/Page_Profile  5-15/Save-Mobile Number")): Object: 'Object Repository/Edit Profile/Page_Profile  5-15/Save-Mobile Number' is clicked on

2018-12-05 10:05:30 - [MESSAGE][PASSED] - Object: 'Object Repository/Edit Profile/Page_Profile  5-15/Save-Mobile Number' is clicked on

2018-12-05 10:05:30 - [TEST_STEP][PASSED] - verifyElementText(findTestObject("Edit Profile/Page_Profile  5-15/label_Business Phone"), "Home Phone"): Actual text and expected text of test object 'Object Repository/Edit Profile/Page_Profile  5-15/label_Business Phone' are matched.

2018-12-05 10:05:30 - [MESSAGE][PASSED] - Actual text and expected text of test object 'Object Repository/Edit Profile/Page_Profile  5-15/label_Business Phone' are matched.

2018-12-05 10:05:30 - [TEST_STEP][PASSED] - verifyElementText(findTestObject("Object Repository/Edit Profile/Page_Profile  5-15/p_must be no more than  15 cha"), "must be no more than 15 characters."): Actual text and expected text of test object 'Object Repository/Edit Profile/Page_Profile  5-15/p_must be no more than  15 cha' are matched.

2018-12-05 10:05:30 - [MESSAGE][PASSED] - Actual text and expected text of test object 'Object Repository/Edit Profile/Page_Profile  5-15/p_must be no more than  15 cha' are matched.

2018-12-05 10:05:30 - [TEST_STEP][PASSED] - verifyElementText(findTestObject("Object Repository/Edit Profile/Page_Profile  5-15/label_Mobile"), "Mobile"): Actual text and expected text of test object 'Object Repository/Edit Profile/Page_Profile  5-15/label_Mobile' are matched.

2018-12-05 10:05:30 - [MESSAGE][PASSED] - Actual text and expected text of test object 'Object Repository/Edit Profile/Page_Profile  5-15/label_Mobile' are matched.

2018-12-05 10:05:30 - [TEST_STEP][PASSED] - verifyElementText(findTestObject("Object Repository/Edit Profile/Page_Profile  5-15/p_must be no more than  15 cha_1"), "must be no more than 15 characters."): Actual text and expected text of test object 'Object Repository/Edit Profile/Page_Profile  5-15/p_must be no more than  15 cha_1' are matched.

2018-12-05 10:05:30 - [MESSAGE][PASSED] - Actual text and expected text of test object 'Object Repository/Edit Profile/Page_Profile  5-15/p_must be no more than  15 cha_1' are matched.

2018-12-05 10:05:30 - [TEST_STEP][PASSED] - setText(findTestObject("Object Repository/Edit Profile/Page_Profile  5-15/input_txtLandPhone"), ""): Text '' is set on object 'Object Repository/Edit Profile/Page_Profile  5-15/input_txtLandPhone'

2018-12-05 10:05:31 - [MESSAGE][PASSED] - Text '' is set on object 'Object Repository/Edit Profile/Page_Profile  5-15/input_txtLandPhone'

2018-12-05 10:05:31 - [TEST_STEP][PASSED] - setText(findTestObject("Object Repository/Edit Profile/Page_Profile  5-15/input_txtMobilePhone"), ""): Text '' is set on object 'Object Repository/Edit Profile/Page_Profile  5-15/input_txtMobilePhone'

2018-12-05 10:05:31 - [MESSAGE][PASSED] - Text '' is set on object 'Object Repository/Edit Profile/Page_Profile  5-15/input_txtMobilePhone'

2018-12-05 10:05:31 - [TEST_STEP][PASSED] - setText(findTestObject("Object Repository/Edit Profile/Page_Profile  5-15/input_txtLandPhone"), "Test"): Text 'Test' is set on object 'Object Repository/Edit Profile/Page_Profile  5-15/input_txtLandPhone'

2018-12-05 10:05:31 - [MESSAGE][PASSED] - Text 'Test' is set on object 'Object Repository/Edit Profile/Page_Profile  5-15/input_txtLandPhone'

2018-12-05 10:05:31 - [TEST_STEP][PASSED] - setText(findTestObject("Object Repository/Edit Profile/Page_Profile  5-15/input_txtMobilePhone"), "Test"): Text 'Test' is set on object 'Object Repository/Edit Profile/Page_Profile  5-15/input_txtMobilePhone'

2018-12-05 10:05:31 - [MESSAGE][PASSED] - Text 'Test' is set on object 'Object Repository/Edit Profile/Page_Profile  5-15/input_txtMobilePhone'

2018-12-05 10:05:31 - [TEST_STEP][PASSED] - click(findTestObject("Edit Profile/Page_Profile  5-15/Save-Mobile Number")): Object: 'Object Repository/Edit Profile/Page_Profile  5-15/Save-Mobile Number' is clicked on

2018-12-05 10:05:31 - [MESSAGE][PASSED] - Object: 'Object Repository/Edit Profile/Page_Profile  5-15/Save-Mobile Number' is clicked on

2018-12-05 10:05:31 - [TEST_STEP][PASSED] - delay(4): Delayed 4 second(s)

2018-12-05 10:05:35 - [MESSAGE][PASSED] - Delayed 4 second(s)

2018-12-05 10:05:35 - [TEST_STEP][PASSED] - verifyElementText(findTestObject("Object Repository/Edit Profile/Page_Profile  5-15/label_Business Phone"), "Home Phone"): Actual text and expected text of test object 'Object Repository/Edit Profile/Page_Profile  5-15/label_Business Phone' are matched.

2018-12-05 10:05:35 - [MESSAGE][PASSED] - Actual text and expected text of test object 'Object Repository/Edit Profile/Page_Profile  5-15/label_Business Phone' are matched.

2018-12-05 10:05:35 - [TEST_STEP][PASSED] - verifyElementText(findTestObject("Object Repository/Edit Profile/Page_Profile  5-15/p_can only contain digits"), "can only contain digits"): Actual text and expected text of test object 'Object Repository/Edit Profile/Page_Profile  5-15/p_can only contain digits' are matched.

2018-12-05 10:05:35 - [MESSAGE][PASSED] - Actual text and expected text of test object 'Object Repository/Edit Profile/Page_Profile  5-15/p_can only contain digits' are matched.

2018-12-05 10:05:35 - [TEST_STEP][PASSED] - verifyElementText(findTestObject("Object Repository/Edit Profile/Page_Profile  5-15/label_Mobile"), "Mobile"): Actual text and expected text of test object 'Object Repository/Edit Profile/Page_Profile  5-15/label_Mobile' are matched.

2018-12-05 10:05:35 - [MESSAGE][PASSED] - Actual text and expected text of test object 'Object Repository/Edit Profile/Page_Profile  5-15/label_Mobile' are matched.

2018-12-05 10:05:35 - [TEST_STEP][PASSED] - verifyElementText(findTestObject("Object Repository/Edit Profile/Page_Profile  5-15/p_can only contain digits_1"), "can only contain digits"): Actual text and expected text of test object 'Object Repository/Edit Profile/Page_Profile  5-15/p_can only contain digits_1' are matched.

2018-12-05 10:05:35 - [MESSAGE][PASSED] - Actual text and expected text of test object 'Object Repository/Edit Profile/Page_Profile  5-15/p_can only contain digits_1' are matched.]]></system-out>
         <system-err><![CDATA[]]></system-err>
      </testcase>
      <testcase name="Test Cases/Associate Application/Edit Profile/TCBA01206" classname="Test Cases/Associate Application/Edit Profile/TCBA01206" status="PASSED">
         <system-out><![CDATA[2018-12-05 10:05:35 - [TEST_CASE][PASSED] - Test Cases/Associate Application/Edit Profile/TCBA01206: Test Cases/Associate Application/Edit Profile/TCBA01206

2018-12-05 10:05:35 - [TEST_STEP][PASSED] - selectOptionByLabel(findTestObject("Object Repository/Edit Profile/Page_Profile  5-15/select_Select Country"), "United States Of America", false): All options with label 'United States Of America' are selected in object 'Object Repository/Edit Profile/Page_Profile  5-15/select_Select Country' 

2018-12-05 10:05:35 - [MESSAGE][PASSED] - All options with label 'United States Of America' are selected in object 'Object Repository/Edit Profile/Page_Profile  5-15/select_Select Country' 

2018-12-05 10:05:35 - [TEST_STEP][PASSED] - setText(findTestObject("Object Repository/Edit Profile/Page_Profile  5-15/input_txtRoutingNum"), ""): Text '' is set on object 'Object Repository/Edit Profile/Page_Profile  5-15/input_txtRoutingNum'

2018-12-05 10:05:36 - [MESSAGE][PASSED] - Text '' is set on object 'Object Repository/Edit Profile/Page_Profile  5-15/input_txtRoutingNum'

2018-12-05 10:05:36 - [TEST_STEP][PASSED] - click(findTestObject("Edit Profile/Page_Profile  5-15/Label Click Email")): Object: 'Object Repository/Edit Profile/Page_Profile  5-15/Label Click Email' is clicked on

2018-12-05 10:05:36 - [MESSAGE][PASSED] - Object: 'Object Repository/Edit Profile/Page_Profile  5-15/Label Click Email' is clicked on

2018-12-05 10:05:36 - [TEST_STEP][NOT_RUN] - verifyElementText(findTestObject("Object Repository/Edit Profile/Page_Profile  5-15/label_Routing Number"), "Routing Number"): NOT_RUN: verifyElementText(findTestObject("Object Repository/Edit Profile/Page_Profile  5-15/label_Routing Number"), "Routing Number")

2018-12-05 10:05:36 - [MESSAGE][NOT_RUN] - NOT_RUN: verifyElementText(findTestObject("Object Repository/Edit Profile/Page_Profile  5-15/label_Routing Number"), "Routing Number")

2018-12-05 10:05:36 - [TEST_STEP][NOT_RUN] - verifyElementText(findTestObject("Object Repository/Edit Profile/Page_Profile  5-15/p_is required_12"), "is required"): NOT_RUN: verifyElementText(findTestObject("Object Repository/Edit Profile/Page_Profile  5-15/p_is required_12"), "is required")

2018-12-05 10:05:36 - [MESSAGE][NOT_RUN] - NOT_RUN: verifyElementText(findTestObject("Object Repository/Edit Profile/Page_Profile  5-15/p_is required_12"), "is required")

2018-12-05 10:05:36 - [TEST_STEP][PASSED] - setText(findTestObject("Object Repository/Edit Profile/Page_Profile  5-15/input_txtRoutingNum"), "1212"): Text '1212' is set on object 'Object Repository/Edit Profile/Page_Profile  5-15/input_txtRoutingNum'

2018-12-05 10:05:36 - [MESSAGE][PASSED] - Text '1212' is set on object 'Object Repository/Edit Profile/Page_Profile  5-15/input_txtRoutingNum'

2018-12-05 10:05:36 - [TEST_STEP][PASSED] - click(findTestObject("Edit Profile/Page_Profile  5-15/Label Click Email")): Object: 'Object Repository/Edit Profile/Page_Profile  5-15/Label Click Email' is clicked on

2018-12-05 10:05:36 - [MESSAGE][PASSED] - Object: 'Object Repository/Edit Profile/Page_Profile  5-15/Label Click Email' is clicked on

2018-12-05 10:05:36 - [TEST_STEP][PASSED] - verifyElementText(findTestObject("Object Repository/Edit Profile/Page_Profile  5-15/label_Routing Number"), "Routing Number"): Actual text and expected text of test object 'Object Repository/Edit Profile/Page_Profile  5-15/label_Routing Number' are matched.

2018-12-05 10:05:36 - [MESSAGE][PASSED] - Actual text and expected text of test object 'Object Repository/Edit Profile/Page_Profile  5-15/label_Routing Number' are matched.

2018-12-05 10:05:36 - [TEST_STEP][PASSED] - verifyElementText(findTestObject("Object Repository/Edit Profile/Page_Profile  5-15/p_must be 9 characters."), "must be 9 characters."): Actual text and expected text of test object 'Object Repository/Edit Profile/Page_Profile  5-15/p_must be 9 characters.' are matched.

2018-12-05 10:05:36 - [MESSAGE][PASSED] - Actual text and expected text of test object 'Object Repository/Edit Profile/Page_Profile  5-15/p_must be 9 characters.' are matched.

2018-12-05 10:05:36 - [TEST_STEP][PASSED] - setText(findTestObject("Object Repository/Edit Profile/Page_Profile  5-15/input_txtRoutingNum"), ""): Text '' is set on object 'Object Repository/Edit Profile/Page_Profile  5-15/input_txtRoutingNum'

2018-12-05 10:05:36 - [MESSAGE][PASSED] - Text '' is set on object 'Object Repository/Edit Profile/Page_Profile  5-15/input_txtRoutingNum'

2018-12-05 10:05:36 - [TEST_STEP][PASSED] - setText(findTestObject("Object Repository/Edit Profile/Page_Profile  5-15/input_txtRoutingNum"), "23232323232323232323"): Text '23232323232323232323' is set on object 'Object Repository/Edit Profile/Page_Profile  5-15/input_txtRoutingNum'

2018-12-05 10:05:36 - [MESSAGE][PASSED] - Text '23232323232323232323' is set on object 'Object Repository/Edit Profile/Page_Profile  5-15/input_txtRoutingNum'

2018-12-05 10:05:36 - [TEST_STEP][PASSED] - click(findTestObject("Edit Profile/Page_Profile  5-15/Label Click Email")): Object: 'Object Repository/Edit Profile/Page_Profile  5-15/Label Click Email' is clicked on

2018-12-05 10:05:36 - [MESSAGE][PASSED] - Object: 'Object Repository/Edit Profile/Page_Profile  5-15/Label Click Email' is clicked on

2018-12-05 10:05:36 - [TEST_STEP][PASSED] - click(findTestObject("Object Repository/Edit Profile/Page_Profile  5-15/div_Routing Numbermust be no m")): Object: 'Object Repository/Edit Profile/Page_Profile  5-15/div_Routing Numbermust be no m' is clicked on

2018-12-05 10:05:36 - [MESSAGE][PASSED] - Object: 'Object Repository/Edit Profile/Page_Profile  5-15/div_Routing Numbermust be no m' is clicked on

2018-12-05 10:05:36 - [TEST_STEP][PASSED] - verifyElementText(findTestObject("Object Repository/Edit Profile/Page_Profile  5-15/label_Routing Number"), "Routing Number"): Actual text and expected text of test object 'Object Repository/Edit Profile/Page_Profile  5-15/label_Routing Number' are matched.

2018-12-05 10:05:36 - [MESSAGE][PASSED] - Actual text and expected text of test object 'Object Repository/Edit Profile/Page_Profile  5-15/label_Routing Number' are matched.

2018-12-05 10:05:36 - [TEST_STEP][PASSED] - verifyElementText(findTestObject("Object Repository/Edit Profile/Page_Profile  5-15/p_must be no more than 9 chara"), "must be no more than 9 characters."): Actual text and expected text of test object 'Object Repository/Edit Profile/Page_Profile  5-15/p_must be no more than 9 chara' are matched.

2018-12-05 10:05:36 - [MESSAGE][PASSED] - Actual text and expected text of test object 'Object Repository/Edit Profile/Page_Profile  5-15/p_must be no more than 9 chara' are matched.

2018-12-05 10:05:36 - [TEST_STEP][PASSED] - setText(findTestObject("Object Repository/Edit Profile/Page_Profile  5-15/input_txtRoutingNum"), ""): Text '' is set on object 'Object Repository/Edit Profile/Page_Profile  5-15/input_txtRoutingNum'

2018-12-05 10:05:36 - [MESSAGE][PASSED] - Text '' is set on object 'Object Repository/Edit Profile/Page_Profile  5-15/input_txtRoutingNum'

2018-12-05 10:05:36 - [TEST_STEP][PASSED] - setText(findTestObject("Object Repository/Edit Profile/Page_Profile  5-15/input_txtBankAccountKey"), ""): Text '' is set on object 'Object Repository/Edit Profile/Page_Profile  5-15/input_txtBankAccountKey'

2018-12-05 10:05:36 - [MESSAGE][PASSED] - Text '' is set on object 'Object Repository/Edit Profile/Page_Profile  5-15/input_txtBankAccountKey'

2018-12-05 10:05:36 - [TEST_STEP][PASSED] - verifyElementText(findTestObject("Object Repository/Edit Profile/Page_Profile  5-15/span_Save"), "Save"): Actual text and expected text of test object 'Object Repository/Edit Profile/Page_Profile  5-15/span_Save' are matched.

2018-12-05 10:05:37 - [MESSAGE][PASSED] - Actual text and expected text of test object 'Object Repository/Edit Profile/Page_Profile  5-15/span_Save' are matched.

2018-12-05 10:05:37 - [TEST_STEP][PASSED] - click(findTestObject("Object Repository/Edit Profile/Page_Profile  5-15/span_Save")): Object: 'Object Repository/Edit Profile/Page_Profile  5-15/span_Save' is clicked on

2018-12-05 10:05:37 - [MESSAGE][PASSED] - Object: 'Object Repository/Edit Profile/Page_Profile  5-15/span_Save' is clicked on]]></system-out>
         <system-err><![CDATA[]]></system-err>
      </testcase>
      <testcase name="Test Cases/Associate Application/Edit Profile/TCBA01207" classname="Test Cases/Associate Application/Edit Profile/TCBA01207" status="FAILED">
         <failure type="FAILED" message="Test Cases/Associate Application/Edit Profile/TCBA01207 FAILED.
Reason:
com.kms.katalon.core.exception.StepFailedException: Unable to select option by label 'Select Birth Country' of object 'Object Repository/Edit Profile/Page_Profile  5-15/select_Select Birth Country'  (Root cause: com.kms.katalon.core.webui.exception.WebElementNotFoundException: Web element with id: 'Object Repository/Edit Profile/Page_Profile  5-15/select_Select Birth Country' located by 'By.xpath: //select[@id = 'ddlBirthCountry' and (text() = concat('
              Select Birth Country
              United States Of AmericaItalyAfghanistanÅland IslandsAlbaniaAlgeriaAmerican SamoaAndorraAngolaAnguillaAntarcticaAntigua and BarbudaArgentinaArmeniaArubaAustraliaAustriaAzerbaijanBahamasBahrainBangladeshBarbadosBelarusBelgiumBelizeBeninBermudaBhutanBolivia, Plurinational [state] ofBonaire, Sint Eustatius and SabaBosnia and HerzegovinaBotswanaBouvet IslandBrazilBritish Indian Ocean TerritoryBrunei DarussalamBulgariaBurkina FasoBurundiCambodiaCameroonCanadaCape VerdeCayman IslandsCentral African RepublicChadChileChinaChristmas IslandCocos (Keeling) IslandsColombiaComorosCongoCongo, the Democratic Republic of theCook IslandsCosta RicaCôte d' , &quot;'&quot; , 'IvoireCroatiaCubaCuraçaoCyprusCzech RepublicDenmarkDjiboutiDominicaDominican RepublicEcuadorEgyptEl SalvadorEquatorial GuineaEritreaEstoniaEthiopiaFalkland Islands (Malvinas)Faroe IslandsFijiFinlandFranceFrench GuianaFrench PolynesiaFrench Southern TerritoriesGabonGambiaGeorgiaGermanyGhanaGibraltarGreeceGreenlandGrenadaGuadeloupeGuamGuatemalaGuernseyGuineaGuinea-BissauGuyanaHaitiHeard Island and McDonald IslandsHoly See (Vatican City State)HondurasHong KongHungaryIcelandIndiaIndonesiaIran, Islamic Republic ofIraqIrelandIsle of ManIsraelJamaicaJapanJerseyJordanKazakhstanKenyaKiribatiKorea, Democratic People' , &quot;'&quot; , 's Republic ofKorea, Republic ofKuwaitKyrgyzstanLao People' , &quot;'&quot; , 's Democratic RepublicLatviaLebanonLesothoLiberiaLibyaLiechtensteinLithuaniaLuxembourgMacaoMacedonia, the Former Yugoslav Republic ofMadagascarMalawiMalaysiaMaldivesMaliMaltaMarshall IslandsMartiniqueMauritaniaMauritiusMayotteMexicoMicronesia, Federated States ofMoldova, Republic ofMonacoMongoliaMontenegroMontserratMoroccoMozambiqueMyanmarNamibiaNauruNepalNetherlandsNew CaledoniaNew ZealandNicaraguaNigerNigeriaNiueNorfolk IslandNorthern Mariana IslandsNorwayOmanPakistanPalauPalestine, [state] ofPanamaPapua New GuineaParaguayPeruPhilippinesPitcairnPolandPortugalPuerto RicoQatarRéunionRomaniaRussian FederationRwandaSaint BarthélemySaint Helena, Ascension and Tristan da CunhaSaint Kitts and NevisSaint LuciaSaint Martin (French part)Saint Pierre and MiquelonSaint Vincent and the GrenadinesSamoaSan MarinoSao Tome and PrincipeSaudi ArabiaSenegalSerbiaSeychellesSierra LeoneSingaporeSint Maarten (Dutch part)SlovakiaSloveniaSolomon IslandsSomaliaSouth AfricaSouth Georgia and the South Sandwich IslandsSouth SudanSpainSri LankaSudanSurinameSvalbard and Jan MayenSwazilandSwedenSwitzerlandSyrian Arab RepublicTaiwan, Province of ChinaTajikistanTanzania, United Republic ofThailandTimor-LesteTogoTokelauTongaTrinidad and TobagoTunisiaTurkeyTurkmenistanTurks and Caicos IslandsTuvaluUgandaUkraineUnited Arab EmiratesUnited KingdomUnited States Minor Outlying IslandsUruguayUzbekistanVanuatuVenezuela, Bolivarian Republic ofViet NamVirgin Islands, BritishVirgin Islands, U.S.Wallis and FutunaWestern SaharaYemenZambiaZimbabwe
            ') or . = concat('
              Select Birth Country
              United States Of AmericaItalyAfghanistanÅland IslandsAlbaniaAlgeriaAmerican SamoaAndorraAngolaAnguillaAntarcticaAntigua and BarbudaArgentinaArmeniaArubaAustraliaAustriaAzerbaijanBahamasBahrainBangladeshBarbadosBelarusBelgiumBelizeBeninBermudaBhutanBolivia, Plurinational [state] ofBonaire, Sint Eustatius and SabaBosnia and HerzegovinaBotswanaBouvet IslandBrazilBritish Indian Ocean TerritoryBrunei DarussalamBulgariaBurkina FasoBurundiCambodiaCameroonCanadaCape VerdeCayman IslandsCentral African RepublicChadChileChinaChristmas IslandCocos (Keeling) IslandsColombiaComorosCongoCongo, the Democratic Republic of theCook IslandsCosta RicaCôte d' , &quot;'&quot; , 'IvoireCroatiaCubaCuraçaoCyprusCzech RepublicDenmarkDjiboutiDominicaDominican RepublicEcuadorEgyptEl SalvadorEquatorial GuineaEritreaEstoniaEthiopiaFalkland Islands (Malvinas)Faroe IslandsFijiFinlandFranceFrench GuianaFrench PolynesiaFrench Southern TerritoriesGabonGambiaGeorgiaGermanyGhanaGibraltarGreeceGreenlandGrenadaGuadeloupeGuamGuatemalaGuernseyGuineaGuinea-BissauGuyanaHaitiHeard Island and McDonald IslandsHoly See (Vatican City State)HondurasHong KongHungaryIcelandIndiaIndonesiaIran, Islamic Republic ofIraqIrelandIsle of ManIsraelJamaicaJapanJerseyJordanKazakhstanKenyaKiribatiKorea, Democratic People' , &quot;'&quot; , 's Republic ofKorea, Republic ofKuwaitKyrgyzstanLao People' , &quot;'&quot; , 's Democratic RepublicLatviaLebanonLesothoLiberiaLibyaLiechtensteinLithuaniaLuxembourgMacaoMacedonia, the Former Yugoslav Republic ofMadagascarMalawiMalaysiaMaldivesMaliMaltaMarshall IslandsMartiniqueMauritaniaMauritiusMayotteMexicoMicronesia, Federated States ofMoldova, Republic ofMonacoMongoliaMontenegroMontserratMoroccoMozambiqueMyanmarNamibiaNauruNepalNetherlandsNew CaledoniaNew ZealandNicaraguaNigerNigeriaNiueNorfolk IslandNorthern Mariana IslandsNorwayOmanPakistanPalauPalestine, [state] ofPanamaPapua New GuineaParaguayPeruPhilippinesPitcairnPolandPortugalPuerto RicoQatarRéunionRomaniaRussian FederationRwandaSaint BarthélemySaint Helena, Ascension and Tristan da CunhaSaint Kitts and NevisSaint LuciaSaint Martin (French part)Saint Pierre and MiquelonSaint Vincent and the GrenadinesSamoaSan MarinoSao Tome and PrincipeSaudi ArabiaSenegalSerbiaSeychellesSierra LeoneSingaporeSint Maarten (Dutch part)SlovakiaSloveniaSolomon IslandsSomaliaSouth AfricaSouth Georgia and the South Sandwich IslandsSouth SudanSpainSri LankaSudanSurinameSvalbard and Jan MayenSwazilandSwedenSwitzerlandSyrian Arab RepublicTaiwan, Province of ChinaTajikistanTanzania, United Republic ofThailandTimor-LesteTogoTokelauTongaTrinidad and TobagoTunisiaTurkeyTurkmenistanTurks and Caicos IslandsTuvaluUgandaUkraineUnited Arab EmiratesUnited KingdomUnited States Minor Outlying IslandsUruguayUzbekistanVanuatuVenezuela, Bolivarian Republic ofViet NamVirgin Islands, BritishVirgin Islands, U.S.Wallis and FutunaWestern SaharaYemenZambiaZimbabwe
            '))]' not found)
	at com.kms.katalon.core.keyword.internal.KeywordMain.stepFailed(KeywordMain.groovy:36)
	at com.kms.katalon.core.webui.keyword.internal.WebUIKeywordMain.stepFailed(WebUIKeywordMain.groovy:65)
	at com.kms.katalon.core.webui.keyword.internal.WebUIKeywordMain.runKeyword(WebUIKeywordMain.groovy:27)
	at com.kms.katalon.core.webui.keyword.builtin.SelectOptionByLabelKeyword.selectOptionByLabel(SelectOptionByLabelKeyword.groovy:98)
	at com.kms.katalon.core.webui.keyword.builtin.SelectOptionByLabelKeyword.execute(SelectOptionByLabelKeyword.groovy:71)
	at com.kms.katalon.core.keyword.internal.KeywordExecutor.executeKeywordForPlatform(KeywordExecutor.groovy:53)
	at com.kms.katalon.core.webui.keyword.WebUiBuiltInKeywords.selectOptionByLabel(WebUiBuiltInKeywords.groovy:1200)
	at com.kms.katalon.core.webui.keyword.WebUiBuiltInKeywords$selectOptionByLabel$6.call(Unknown Source)
	at TCBA01207.run(TCBA01207:54)
	at com.kms.katalon.core.main.ScriptEngine.run(ScriptEngine.java:194)
	at com.kms.katalon.core.main.ScriptEngine.runScriptAsRawText(ScriptEngine.java:119)
	at com.kms.katalon.core.main.TestCaseExecutor.runScript(TestCaseExecutor.java:321)
	at com.kms.katalon.core.main.TestCaseExecutor.doExecute(TestCaseExecutor.java:312)
	at com.kms.katalon.core.main.TestCaseExecutor.processExecutionPhase(TestCaseExecutor.java:291)
	at com.kms.katalon.core.main.TestCaseExecutor.accessMainPhase(TestCaseExecutor.java:283)
	at com.kms.katalon.core.main.TestCaseExecutor.execute(TestCaseExecutor.java:222)
	at com.kms.katalon.core.main.TestSuiteExecutor.accessTestCaseMainPhase(TestSuiteExecutor.java:129)
	at com.kms.katalon.core.main.TestSuiteExecutor.accessTestSuiteMainPhase(TestSuiteExecutor.java:112)
	at com.kms.katalon.core.main.TestSuiteExecutor.execute(TestSuiteExecutor.java:81)
	at com.kms.katalon.core.main.TestCaseMain.startTestSuite(TestCaseMain.java:149)
	at com.kms.katalon.core.main.TestCaseMain$startTestSuite$0.call(Unknown Source)
	at TempTestSuite1543984468899.run(TempTestSuite1543984468899.groovy:36)
"/>
         <system-out><![CDATA[2018-12-05 10:05:37 - [TEST_CASE][FAILED] - Test Cases/Associate Application/Edit Profile/TCBA01207: Test Cases/Associate Application/Edit Profile/TCBA01207 FAILED.
Reason:
com.kms.katalon.core.exception.StepFailedException: Unable to select option by label 'Select Birth Country' of object 'Object Repository/Edit Profile/Page_Profile  5-15/select_Select Birth Country'  (Root cause: com.kms.katalon.core.webui.exception.WebElementNotFoundException: Web element with id: 'Object Repository/Edit Profile/Page_Profile  5-15/select_Select Birth Country' located by 'By.xpath: //select[@id = 'ddlBirthCountry' and (text() = concat('
              Select Birth Country
              United States Of AmericaItalyAfghanistanÅland IslandsAlbaniaAlgeriaAmerican SamoaAndorraAngolaAnguillaAntarcticaAntigua and BarbudaArgentinaArmeniaArubaAustraliaAustriaAzerbaijanBahamasBahrainBangladeshBarbadosBelarusBelgiumBelizeBeninBermudaBhutanBolivia, Plurinational [state] ofBonaire, Sint Eustatius and SabaBosnia and HerzegovinaBotswanaBouvet IslandBrazilBritish Indian Ocean TerritoryBrunei DarussalamBulgariaBurkina FasoBurundiCambodiaCameroonCanadaCape VerdeCayman IslandsCentral African RepublicChadChileChinaChristmas IslandCocos (Keeling) IslandsColombiaComorosCongoCongo, the Democratic Republic of theCook IslandsCosta RicaCôte d' , "'" , 'IvoireCroatiaCubaCuraçaoCyprusCzech RepublicDenmarkDjiboutiDominicaDominican RepublicEcuadorEgyptEl SalvadorEquatorial GuineaEritreaEstoniaEthiopiaFalkland Islands (Malvinas)Faroe IslandsFijiFinlandFranceFrench GuianaFrench PolynesiaFrench Southern TerritoriesGabonGambiaGeorgiaGermanyGhanaGibraltarGreeceGreenlandGrenadaGuadeloupeGuamGuatemalaGuernseyGuineaGuinea-BissauGuyanaHaitiHeard Island and McDonald IslandsHoly See (Vatican City State)HondurasHong KongHungaryIcelandIndiaIndonesiaIran, Islamic Republic ofIraqIrelandIsle of ManIsraelJamaicaJapanJerseyJordanKazakhstanKenyaKiribatiKorea, Democratic People' , "'" , 's Republic ofKorea, Republic ofKuwaitKyrgyzstanLao People' , "'" , 's Democratic RepublicLatviaLebanonLesothoLiberiaLibyaLiechtensteinLithuaniaLuxembourgMacaoMacedonia, the Former Yugoslav Republic ofMadagascarMalawiMalaysiaMaldivesMaliMaltaMarshall IslandsMartiniqueMauritaniaMauritiusMayotteMexicoMicronesia, Federated States ofMoldova, Republic ofMonacoMongoliaMontenegroMontserratMoroccoMozambiqueMyanmarNamibiaNauruNepalNetherlandsNew CaledoniaNew ZealandNicaraguaNigerNigeriaNiueNorfolk IslandNorthern Mariana IslandsNorwayOmanPakistanPalauPalestine, [state] ofPanamaPapua New GuineaParaguayPeruPhilippinesPitcairnPolandPortugalPuerto RicoQatarRéunionRomaniaRussian FederationRwandaSaint BarthélemySaint Helena, Ascension and Tristan da CunhaSaint Kitts and NevisSaint LuciaSaint Martin (French part)Saint Pierre and MiquelonSaint Vincent and the GrenadinesSamoaSan MarinoSao Tome and PrincipeSaudi ArabiaSenegalSerbiaSeychellesSierra LeoneSingaporeSint Maarten (Dutch part)SlovakiaSloveniaSolomon IslandsSomaliaSouth AfricaSouth Georgia and the South Sandwich IslandsSouth SudanSpainSri LankaSudanSurinameSvalbard and Jan MayenSwazilandSwedenSwitzerlandSyrian Arab RepublicTaiwan, Province of ChinaTajikistanTanzania, United Republic ofThailandTimor-LesteTogoTokelauTongaTrinidad and TobagoTunisiaTurkeyTurkmenistanTurks and Caicos IslandsTuvaluUgandaUkraineUnited Arab EmiratesUnited KingdomUnited States Minor Outlying IslandsUruguayUzbekistanVanuatuVenezuela, Bolivarian Republic ofViet NamVirgin Islands, BritishVirgin Islands, U.S.Wallis and FutunaWestern SaharaYemenZambiaZimbabwe
            ') or . = concat('
              Select Birth Country
              United States Of AmericaItalyAfghanistanÅland IslandsAlbaniaAlgeriaAmerican SamoaAndorraAngolaAnguillaAntarcticaAntigua and BarbudaArgentinaArmeniaArubaAustraliaAustriaAzerbaijanBahamasBahrainBangladeshBarbadosBelarusBelgiumBelizeBeninBermudaBhutanBolivia, Plurinational [state] ofBonaire, Sint Eustatius and SabaBosnia and HerzegovinaBotswanaBouvet IslandBrazilBritish Indian Ocean TerritoryBrunei DarussalamBulgariaBurkina FasoBurundiCambodiaCameroonCanadaCape VerdeCayman IslandsCentral African RepublicChadChileChinaChristmas IslandCocos (Keeling) IslandsColombiaComorosCongoCongo, the Democratic Republic of theCook IslandsCosta RicaCôte d' , "'" , 'IvoireCroatiaCubaCuraçaoCyprusCzech RepublicDenmarkDjiboutiDominicaDominican RepublicEcuadorEgyptEl SalvadorEquatorial GuineaEritreaEstoniaEthiopiaFalkland Islands (Malvinas)Faroe IslandsFijiFinlandFranceFrench GuianaFrench PolynesiaFrench Southern TerritoriesGabonGambiaGeorgiaGermanyGhanaGibraltarGreeceGreenlandGrenadaGuadeloupeGuamGuatemalaGuernseyGuineaGuinea-BissauGuyanaHaitiHeard Island and McDonald IslandsHoly See (Vatican City State)HondurasHong KongHungaryIcelandIndiaIndonesiaIran, Islamic Republic ofIraqIrelandIsle of ManIsraelJamaicaJapanJerseyJordanKazakhstanKenyaKiribatiKorea, Democratic People' , "'" , 's Republic ofKorea, Republic ofKuwaitKyrgyzstanLao People' , "'" , 's Democratic RepublicLatviaLebanonLesothoLiberiaLibyaLiechtensteinLithuaniaLuxembourgMacaoMacedonia, the Former Yugoslav Republic ofMadagascarMalawiMalaysiaMaldivesMaliMaltaMarshall IslandsMartiniqueMauritaniaMauritiusMayotteMexicoMicronesia, Federated States ofMoldova, Republic ofMonacoMongoliaMontenegroMontserratMoroccoMozambiqueMyanmarNamibiaNauruNepalNetherlandsNew CaledoniaNew ZealandNicaraguaNigerNigeriaNiueNorfolk IslandNorthern Mariana IslandsNorwayOmanPakistanPalauPalestine, [state] ofPanamaPapua New GuineaParaguayPeruPhilippinesPitcairnPolandPortugalPuerto RicoQatarRéunionRomaniaRussian FederationRwandaSaint BarthélemySaint Helena, Ascension and Tristan da CunhaSaint Kitts and NevisSaint LuciaSaint Martin (French part)Saint Pierre and MiquelonSaint Vincent and the GrenadinesSamoaSan MarinoSao Tome and PrincipeSaudi ArabiaSenegalSerbiaSeychellesSierra LeoneSingaporeSint Maarten (Dutch part)SlovakiaSloveniaSolomon IslandsSomaliaSouth AfricaSouth Georgia and the South Sandwich IslandsSouth SudanSpainSri LankaSudanSurinameSvalbard and Jan MayenSwazilandSwedenSwitzerlandSyrian Arab RepublicTaiwan, Province of ChinaTajikistanTanzania, United Republic ofThailandTimor-LesteTogoTokelauTongaTrinidad and TobagoTunisiaTurkeyTurkmenistanTurks and Caicos IslandsTuvaluUgandaUkraineUnited Arab EmiratesUnited KingdomUnited States Minor Outlying IslandsUruguayUzbekistanVanuatuVenezuela, Bolivarian Republic ofViet NamVirgin Islands, BritishVirgin Islands, U.S.Wallis and FutunaWestern SaharaYemenZambiaZimbabwe
            '))]' not found)
	at com.kms.katalon.core.keyword.internal.KeywordMain.stepFailed(KeywordMain.groovy:36)
	at com.kms.katalon.core.webui.keyword.internal.WebUIKeywordMain.stepFailed(WebUIKeywordMain.groovy:65)
	at com.kms.katalon.core.webui.keyword.internal.WebUIKeywordMain.runKeyword(WebUIKeywordMain.groovy:27)
	at com.kms.katalon.core.webui.keyword.builtin.SelectOptionByLabelKeyword.selectOptionByLabel(SelectOptionByLabelKeyword.groovy:98)
	at com.kms.katalon.core.webui.keyword.builtin.SelectOptionByLabelKeyword.execute(SelectOptionByLabelKeyword.groovy:71)
	at com.kms.katalon.core.keyword.internal.KeywordExecutor.executeKeywordForPlatform(KeywordExecutor.groovy:53)
	at com.kms.katalon.core.webui.keyword.WebUiBuiltInKeywords.selectOptionByLabel(WebUiBuiltInKeywords.groovy:1200)
	at com.kms.katalon.core.webui.keyword.WebUiBuiltInKeywords$selectOptionByLabel$6.call(Unknown Source)
	at TCBA01207.run(TCBA01207:54)
	at com.kms.katalon.core.main.ScriptEngine.run(ScriptEngine.java:194)
	at com.kms.katalon.core.main.ScriptEngine.runScriptAsRawText(ScriptEngine.java:119)
	at com.kms.katalon.core.main.TestCaseExecutor.runScript(TestCaseExecutor.java:321)
	at com.kms.katalon.core.main.TestCaseExecutor.doExecute(TestCaseExecutor.java:312)
	at com.kms.katalon.core.main.TestCaseExecutor.processExecutionPhase(TestCaseExecutor.java:291)
	at com.kms.katalon.core.main.TestCaseExecutor.accessMainPhase(TestCaseExecutor.java:283)
	at com.kms.katalon.core.main.TestCaseExecutor.execute(TestCaseExecutor.java:222)
	at com.kms.katalon.core.main.TestSuiteExecutor.accessTestCaseMainPhase(TestSuiteExecutor.java:129)
	at com.kms.katalon.core.main.TestSuiteExecutor.accessTestSuiteMainPhase(TestSuiteExecutor.java:112)
	at com.kms.katalon.core.main.TestSuiteExecutor.execute(TestSuiteExecutor.java:81)
	at com.kms.katalon.core.main.TestCaseMain.startTestSuite(TestCaseMain.java:149)
	at com.kms.katalon.core.main.TestCaseMain$startTestSuite$0.call(Unknown Source)
	at TempTestSuite1543984468899.run(TempTestSuite1543984468899.groovy:36)


2018-12-05 10:05:37 - [TEST_STEP][PASSED] - setText(findTestObject("Object Repository/Edit Profile/Page_Profile  5-15/input_txtFirstName"), ""): Text '' is set on object 'Object Repository/Edit Profile/Page_Profile  5-15/input_txtFirstName'

2018-12-05 10:05:37 - [MESSAGE][PASSED] - Text '' is set on object 'Object Repository/Edit Profile/Page_Profile  5-15/input_txtFirstName'

2018-12-05 10:05:37 - [TEST_STEP][PASSED] - setText(findTestObject("Object Repository/Edit Profile/Page_Profile  5-15/input_txtFirstName"), "Shinto-QA"): Text 'Shinto-QA' is set on object 'Object Repository/Edit Profile/Page_Profile  5-15/input_txtFirstName'

2018-12-05 10:05:37 - [MESSAGE][PASSED] - Text 'Shinto-QA' is set on object 'Object Repository/Edit Profile/Page_Profile  5-15/input_txtFirstName'

2018-12-05 10:05:37 - [TEST_STEP][PASSED] - setText(findTestObject("Object Repository/Edit Profile/Page_Profile  5-15/input_txtLastName"), ""): Text '' is set on object 'Object Repository/Edit Profile/Page_Profile  5-15/input_txtLastName'

2018-12-05 10:05:37 - [MESSAGE][PASSED] - Text '' is set on object 'Object Repository/Edit Profile/Page_Profile  5-15/input_txtLastName'

2018-12-05 10:05:37 - [TEST_STEP][PASSED] - setText(findTestObject("Object Repository/Edit Profile/Page_Profile  5-15/input_txtLastName"), "Test"): Text 'Test' is set on object 'Object Repository/Edit Profile/Page_Profile  5-15/input_txtLastName'

2018-12-05 10:05:37 - [MESSAGE][PASSED] - Text 'Test' is set on object 'Object Repository/Edit Profile/Page_Profile  5-15/input_txtLastName'

2018-12-05 10:05:37 - [TEST_STEP][PASSED] - selectOptionByLabel(findTestObject("Object Repository/Edit Profile/Page_Profile  5-15/select_Month"), "Month", false): All options with label 'Month' are selected in object 'Object Repository/Edit Profile/Page_Profile  5-15/select_Month' 

2018-12-05 10:05:37 - [MESSAGE][PASSED] - All options with label 'Month' are selected in object 'Object Repository/Edit Profile/Page_Profile  5-15/select_Month' 

2018-12-05 10:05:37 - [TEST_STEP][PASSED] - selectOptionByLabel(findTestObject("Object Repository/Edit Profile/Page_Profile  5-15/select_Day                  01"), "Day", false): All options with label 'Day' are selected in object 'Object Repository/Edit Profile/Page_Profile  5-15/select_Day                  01' 

2018-12-05 10:05:37 - [MESSAGE][PASSED] - All options with label 'Day' are selected in object 'Object Repository/Edit Profile/Page_Profile  5-15/select_Day                  01' 

2018-12-05 10:05:37 - [TEST_STEP][PASSED] - selectOptionByLabel(findTestObject("Object Repository/Edit Profile/Page_Profile  5-15/select_Year                  2"), "Year", false): All options with label 'Year' are selected in object 'Object Repository/Edit Profile/Page_Profile  5-15/select_Year                  2' 

2018-12-05 10:05:37 - [MESSAGE][PASSED] - All options with label 'Year' are selected in object 'Object Repository/Edit Profile/Page_Profile  5-15/select_Year                  2' 

2018-12-05 10:05:37 - [TEST_STEP][PASSED] - selectOptionByLabel(findTestObject("Object Repository/Edit Profile/Page_Profile  5-15/select_Month"), "05", false): All options with label '05' are selected in object 'Object Repository/Edit Profile/Page_Profile  5-15/select_Month' 

2018-12-05 10:05:37 - [MESSAGE][PASSED] - All options with label '05' are selected in object 'Object Repository/Edit Profile/Page_Profile  5-15/select_Month' 

2018-12-05 10:05:37 - [TEST_STEP][PASSED] - selectOptionByLabel(findTestObject("Object Repository/Edit Profile/Page_Profile  5-15/select_Day                  01"), "05", false): All options with label '05' are selected in object 'Object Repository/Edit Profile/Page_Profile  5-15/select_Day                  01' 

2018-12-05 10:05:37 - [MESSAGE][PASSED] - All options with label '05' are selected in object 'Object Repository/Edit Profile/Page_Profile  5-15/select_Day                  01' 

2018-12-05 10:05:37 - [TEST_STEP][PASSED] - selectOptionByLabel(findTestObject("Object Repository/Edit Profile/Page_Profile  5-15/select_Year                  2"), "1990", false): All options with label '1990' are selected in object 'Object Repository/Edit Profile/Page_Profile  5-15/select_Year                  2' 

2018-12-05 10:05:37 - [MESSAGE][PASSED] - All options with label '1990' are selected in object 'Object Repository/Edit Profile/Page_Profile  5-15/select_Year                  2' 

2018-12-05 10:05:37 - [TEST_STEP][PASSED] - selectOptionByLabel(findTestObject("Object Repository/Edit Profile/Page_Profile  5-15/select_Select Marital Status"), "Select Marital Status", false): All options with label 'Select Marital Status' are selected in object 'Object Repository/Edit Profile/Page_Profile  5-15/select_Select Marital Status' 

2018-12-05 10:05:37 - [MESSAGE][PASSED] - All options with label 'Select Marital Status' are selected in object 'Object Repository/Edit Profile/Page_Profile  5-15/select_Select Marital Status' 

2018-12-05 10:05:37 - [TEST_STEP][PASSED] - selectOptionByLabel(findTestObject("Object Repository/Edit Profile/Page_Profile  5-15/select_Select Marital Status"), "Married", false): All options with label 'Married' are selected in object 'Object Repository/Edit Profile/Page_Profile  5-15/select_Select Marital Status' 

2018-12-05 10:05:37 - [MESSAGE][PASSED] - All options with label 'Married' are selected in object 'Object Repository/Edit Profile/Page_Profile  5-15/select_Select Marital Status' 

2018-12-05 10:05:37 - [TEST_STEP][FAILED] - selectOptionByLabel(findTestObject("Object Repository/Edit Profile/Page_Profile  5-15/select_Select Birth Country"), "Select Birth Country", false): selectOptionByLabel(findTestObject("Object Repository/Edit Profile/Page_Profile  5-15/select_Select Birth Country"), "Select Birth Country", false) FAILED.
Reason:
com.kms.katalon.core.exception.StepFailedException: Unable to select option by label 'Select Birth Country' of object 'Object Repository/Edit Profile/Page_Profile  5-15/select_Select Birth Country'  (Root cause: com.kms.katalon.core.webui.exception.WebElementNotFoundException: Web element with id: 'Object Repository/Edit Profile/Page_Profile  5-15/select_Select Birth Country' located by 'By.xpath: //select[@id = 'ddlBirthCountry' and (text() = concat('
              Select Birth Country
              United States Of AmericaItalyAfghanistanÅland IslandsAlbaniaAlgeriaAmerican SamoaAndorraAngolaAnguillaAntarcticaAntigua and BarbudaArgentinaArmeniaArubaAustraliaAustriaAzerbaijanBahamasBahrainBangladeshBarbadosBelarusBelgiumBelizeBeninBermudaBhutanBolivia, Plurinational [state] ofBonaire, Sint Eustatius and SabaBosnia and HerzegovinaBotswanaBouvet IslandBrazilBritish Indian Ocean TerritoryBrunei DarussalamBulgariaBurkina FasoBurundiCambodiaCameroonCanadaCape VerdeCayman IslandsCentral African RepublicChadChileChinaChristmas IslandCocos (Keeling) IslandsColombiaComorosCongoCongo, the Democratic Republic of theCook IslandsCosta RicaCôte d' , "'" , 'IvoireCroatiaCubaCuraçaoCyprusCzech RepublicDenmarkDjiboutiDominicaDominican RepublicEcuadorEgyptEl SalvadorEquatorial GuineaEritreaEstoniaEthiopiaFalkland Islands (Malvinas)Faroe IslandsFijiFinlandFranceFrench GuianaFrench PolynesiaFrench Southern TerritoriesGabonGambiaGeorgiaGermanyGhanaGibraltarGreeceGreenlandGrenadaGuadeloupeGuamGuatemalaGuernseyGuineaGuinea-BissauGuyanaHaitiHeard Island and McDonald IslandsHoly See (Vatican City State)HondurasHong KongHungaryIcelandIndiaIndonesiaIran, Islamic Republic ofIraqIrelandIsle of ManIsraelJamaicaJapanJerseyJordanKazakhstanKenyaKiribatiKorea, Democratic People' , "'" , 's Republic ofKorea, Republic ofKuwaitKyrgyzstanLao People' , "'" , 's Democratic RepublicLatviaLebanonLesothoLiberiaLibyaLiechtensteinLithuaniaLuxembourgMacaoMacedonia, the Former Yugoslav Republic ofMadagascarMalawiMalaysiaMaldivesMaliMaltaMarshall IslandsMartiniqueMauritaniaMauritiusMayotteMexicoMicronesia, Federated States ofMoldova, Republic ofMonacoMongoliaMontenegroMontserratMoroccoMozambiqueMyanmarNamibiaNauruNepalNetherlandsNew CaledoniaNew ZealandNicaraguaNigerNigeriaNiueNorfolk IslandNorthern Mariana IslandsNorwayOmanPakistanPalauPalestine, [state] ofPanamaPapua New GuineaParaguayPeruPhilippinesPitcairnPolandPortugalPuerto RicoQatarRéunionRomaniaRussian FederationRwandaSaint BarthélemySaint Helena, Ascension and Tristan da CunhaSaint Kitts and NevisSaint LuciaSaint Martin (French part)Saint Pierre and MiquelonSaint Vincent and the GrenadinesSamoaSan MarinoSao Tome and PrincipeSaudi ArabiaSenegalSerbiaSeychellesSierra LeoneSingaporeSint Maarten (Dutch part)SlovakiaSloveniaSolomon IslandsSomaliaSouth AfricaSouth Georgia and the South Sandwich IslandsSouth SudanSpainSri LankaSudanSurinameSvalbard and Jan MayenSwazilandSwedenSwitzerlandSyrian Arab RepublicTaiwan, Province of ChinaTajikistanTanzania, United Republic ofThailandTimor-LesteTogoTokelauTongaTrinidad and TobagoTunisiaTurkeyTurkmenistanTurks and Caicos IslandsTuvaluUgandaUkraineUnited Arab EmiratesUnited KingdomUnited States Minor Outlying IslandsUruguayUzbekistanVanuatuVenezuela, Bolivarian Republic ofViet NamVirgin Islands, BritishVirgin Islands, U.S.Wallis and FutunaWestern SaharaYemenZambiaZimbabwe
            ') or . = concat('
              Select Birth Country
              United States Of AmericaItalyAfghanistanÅland IslandsAlbaniaAlgeriaAmerican SamoaAndorraAngolaAnguillaAntarcticaAntigua and BarbudaArgentinaArmeniaArubaAustraliaAustriaAzerbaijanBahamasBahrainBangladeshBarbadosBelarusBelgiumBelizeBeninBermudaBhutanBolivia, Plurinational [state] ofBonaire, Sint Eustatius and SabaBosnia and HerzegovinaBotswanaBouvet IslandBrazilBritish Indian Ocean TerritoryBrunei DarussalamBulgariaBurkina FasoBurundiCambodiaCameroonCanadaCape VerdeCayman IslandsCentral African RepublicChadChileChinaChristmas IslandCocos (Keeling) IslandsColombiaComorosCongoCongo, the Democratic Republic of theCook IslandsCosta RicaCôte d' , "'" , 'IvoireCroatiaCubaCuraçaoCyprusCzech RepublicDenmarkDjiboutiDominicaDominican RepublicEcuadorEgyptEl SalvadorEquatorial GuineaEritreaEstoniaEthiopiaFalkland Islands (Malvinas)Faroe IslandsFijiFinlandFranceFrench GuianaFrench PolynesiaFrench Southern TerritoriesGabonGambiaGeorgiaGermanyGhanaGibraltarGreeceGreenlandGrenadaGuadeloupeGuamGuatemalaGuernseyGuineaGuinea-BissauGuyanaHaitiHeard Island and McDonald IslandsHoly See (Vatican City State)HondurasHong KongHungaryIcelandIndiaIndonesiaIran, Islamic Republic ofIraqIrelandIsle of ManIsraelJamaicaJapanJerseyJordanKazakhstanKenyaKiribatiKorea, Democratic People' , "'" , 's Republic ofKorea, Republic ofKuwaitKyrgyzstanLao People' , "'" , 's Democratic RepublicLatviaLebanonLesothoLiberiaLibyaLiechtensteinLithuaniaLuxembourgMacaoMacedonia, the Former Yugoslav Republic ofMadagascarMalawiMalaysiaMaldivesMaliMaltaMarshall IslandsMartiniqueMauritaniaMauritiusMayotteMexicoMicronesia, Federated States ofMoldova, Republic ofMonacoMongoliaMontenegroMontserratMoroccoMozambiqueMyanmarNamibiaNauruNepalNetherlandsNew CaledoniaNew ZealandNicaraguaNigerNigeriaNiueNorfolk IslandNorthern Mariana IslandsNorwayOmanPakistanPalauPalestine, [state] ofPanamaPapua New GuineaParaguayPeruPhilippinesPitcairnPolandPortugalPuerto RicoQatarRéunionRomaniaRussian FederationRwandaSaint BarthélemySaint Helena, Ascension and Tristan da CunhaSaint Kitts and NevisSaint LuciaSaint Martin (French part)Saint Pierre and MiquelonSaint Vincent and the GrenadinesSamoaSan MarinoSao Tome and PrincipeSaudi ArabiaSenegalSerbiaSeychellesSierra LeoneSingaporeSint Maarten (Dutch part)SlovakiaSloveniaSolomon IslandsSomaliaSouth AfricaSouth Georgia and the South Sandwich IslandsSouth SudanSpainSri LankaSudanSurinameSvalbard and Jan MayenSwazilandSwedenSwitzerlandSyrian Arab RepublicTaiwan, Province of ChinaTajikistanTanzania, United Republic ofThailandTimor-LesteTogoTokelauTongaTrinidad and TobagoTunisiaTurkeyTurkmenistanTurks and Caicos IslandsTuvaluUgandaUkraineUnited Arab EmiratesUnited KingdomUnited States Minor Outlying IslandsUruguayUzbekistanVanuatuVenezuela, Bolivarian Republic ofViet NamVirgin Islands, BritishVirgin Islands, U.S.Wallis and FutunaWestern SaharaYemenZambiaZimbabwe
            '))]' not found)
	at com.kms.katalon.core.keyword.internal.KeywordMain.stepFailed(KeywordMain.groovy:36)
	at com.kms.katalon.core.webui.keyword.internal.WebUIKeywordMain.stepFailed(WebUIKeywordMain.groovy:65)
	at com.kms.katalon.core.webui.keyword.internal.WebUIKeywordMain.runKeyword(WebUIKeywordMain.groovy:27)
	at com.kms.katalon.core.webui.keyword.builtin.SelectOptionByLabelKeyword.selectOptionByLabel(SelectOptionByLabelKeyword.groovy:98)
	at com.kms.katalon.core.webui.keyword.builtin.SelectOptionByLabelKeyword.execute(SelectOptionByLabelKeyword.groovy:71)
	at com.kms.katalon.core.keyword.internal.KeywordExecutor.executeKeywordForPlatform(KeywordExecutor.groovy:53)
	at com.kms.katalon.core.webui.keyword.WebUiBuiltInKeywords.selectOptionByLabel(WebUiBuiltInKeywords.groovy:1200)
	at com.kms.katalon.core.webui.keyword.WebUiBuiltInKeywords$selectOptionByLabel$6.call(Unknown Source)
	at TCBA01207.run(TCBA01207:54)
	at com.kms.katalon.core.main.ScriptEngine.run(ScriptEngine.java:194)
	at com.kms.katalon.core.main.ScriptEngine.runScriptAsRawText(ScriptEngine.java:119)
	at com.kms.katalon.core.main.TestCaseExecutor.runScript(TestCaseExecutor.java:321)
	at com.kms.katalon.core.main.TestCaseExecutor.doExecute(TestCaseExecutor.java:312)
	at com.kms.katalon.core.main.TestCaseExecutor.processExecutionPhase(TestCaseExecutor.java:291)
	at com.kms.katalon.core.main.TestCaseExecutor.accessMainPhase(TestCaseExecutor.java:283)
	at com.kms.katalon.core.main.TestCaseExecutor.execute(TestCaseExecutor.java:222)
	at com.kms.katalon.core.main.TestSuiteExecutor.accessTestCaseMainPhase(TestSuiteExecutor.java:129)
	at com.kms.katalon.core.main.TestSuiteExecutor.accessTestSuiteMainPhase(TestSuiteExecutor.java:112)
	at com.kms.katalon.core.main.TestSuiteExecutor.execute(TestSuiteExecutor.java:81)
	at com.kms.katalon.core.main.TestCaseMain.startTestSuite(TestCaseMain.java:149)
	at com.kms.katalon.core.main.TestCaseMain$startTestSuite$0.call(Unknown Source)
	at TempTestSuite1543984468899.run(TempTestSuite1543984468899.groovy:36)


2018-12-05 10:06:09 - [MESSAGE][INFO] - Unable to find the element located by 'By.xpath: //select[@id = 'ddlBirthCountry' and (text() = concat('
              Select Birth Country
              United States Of AmericaItalyAfghanistanÅland IslandsAlbaniaAlgeriaAmerican SamoaAndorraAngolaAnguillaAntarcticaAntigua and BarbudaArgentinaArmeniaArubaAustraliaAustriaAzerbaijanBahamasBahrainBangladeshBarbadosBelarusBelgiumBelizeBeninBermudaBhutanBolivia, Plurinational [state] ofBonaire, Sint Eustatius and SabaBosnia and HerzegovinaBotswanaBouvet IslandBrazilBritish Indian Ocean TerritoryBrunei DarussalamBulgariaBurkina FasoBurundiCambodiaCameroonCanadaCape VerdeCayman IslandsCentral African RepublicChadChileChinaChristmas IslandCocos (Keeling) IslandsColombiaComorosCongoCongo, the Democratic Republic of theCook IslandsCosta RicaCôte d' , "'" , 'IvoireCroatiaCubaCuraçaoCyprusCzech RepublicDenmarkDjiboutiDominicaDominican RepublicEcuadorEgyptEl SalvadorEquatorial GuineaEritreaEstoniaEthiopiaFalkland Islands (Malvinas)Faroe IslandsFijiFinlandFranceFrench GuianaFrench PolynesiaFrench Southern TerritoriesGabonGambiaGeorgiaGermanyGhanaGibraltarGreeceGreenlandGrenadaGuadeloupeGuamGuatemalaGuernseyGuineaGuinea-BissauGuyanaHaitiHeard Island and McDonald IslandsHoly See (Vatican City State)HondurasHong KongHungaryIcelandIndiaIndonesiaIran, Islamic Republic ofIraqIrelandIsle of ManIsraelJamaicaJapanJerseyJordanKazakhstanKenyaKiribatiKorea, Democratic People' , "'" , 's Republic ofKorea, Republic ofKuwaitKyrgyzstanLao People' , "'" , 's Democratic RepublicLatviaLebanonLesothoLiberiaLibyaLiechtensteinLithuaniaLuxembourgMacaoMacedonia, the Former Yugoslav Republic ofMadagascarMalawiMalaysiaMaldivesMaliMaltaMarshall IslandsMartiniqueMauritaniaMauritiusMayotteMexicoMicronesia, Federated States ofMoldova, Republic ofMonacoMongoliaMontenegroMontserratMoroccoMozambiqueMyanmarNamibiaNauruNepalNetherlandsNew CaledoniaNew ZealandNicaraguaNigerNigeriaNiueNorfolk IslandNorthern Mariana IslandsNorwayOmanPakistanPalauPalestine, [state] ofPanamaPapua New GuineaParaguayPeruPhilippinesPitcairnPolandPortugalPuerto RicoQatarRéunionRomaniaRussian FederationRwandaSaint BarthélemySaint Helena, Ascension and Tristan da CunhaSaint Kitts and NevisSaint LuciaSaint Martin (French part)Saint Pierre and MiquelonSaint Vincent and the GrenadinesSamoaSan MarinoSao Tome and PrincipeSaudi ArabiaSenegalSerbiaSeychellesSierra LeoneSingaporeSint Maarten (Dutch part)SlovakiaSloveniaSolomon IslandsSomaliaSouth AfricaSouth Georgia and the South Sandwich IslandsSouth SudanSpainSri LankaSudanSurinameSvalbard and Jan MayenSwazilandSwedenSwitzerlandSyrian Arab RepublicTaiwan, Province of ChinaTajikistanTanzania, United Republic ofThailandTimor-LesteTogoTokelauTongaTrinidad and TobagoTunisiaTurkeyTurkmenistanTurks and Caicos IslandsTuvaluUgandaUkraineUnited Arab EmiratesUnited KingdomUnited States Minor Outlying IslandsUruguayUzbekistanVanuatuVenezuela, Bolivarian Republic ofViet NamVirgin Islands, BritishVirgin Islands, U.S.Wallis and FutunaWestern SaharaYemenZambiaZimbabwe
            ') or . = concat('
              Select Birth Country
              United States Of AmericaItalyAfghanistanÅland IslandsAlbaniaAlgeriaAmerican SamoaAndorraAngolaAnguillaAntarcticaAntigua and BarbudaArgentinaArmeniaArubaAustraliaAustriaAzerbaijanBahamasBahrainBangladeshBarbadosBelarusBelgiumBelizeBeninBermudaBhutanBolivia, Plurinational [state] ofBonaire, Sint Eustatius and SabaBosnia and HerzegovinaBotswanaBouvet IslandBrazilBritish Indian Ocean TerritoryBrunei DarussalamBulgariaBurkina FasoBurundiCambodiaCameroonCanadaCape VerdeCayman IslandsCentral African RepublicChadChileChinaChristmas IslandCocos (Keeling) IslandsColombiaComorosCongoCongo, the Democratic Republic of theCook IslandsCosta RicaCôte d' , "'" , 'IvoireCroatiaCubaCuraçaoCyprusCzech RepublicDenmarkDjiboutiDominicaDominican RepublicEcuadorEgyptEl SalvadorEquatorial GuineaEritreaEstoniaEthiopiaFalkland Islands (Malvinas)Faroe IslandsFijiFinlandFranceFrench GuianaFrench PolynesiaFrench Southern TerritoriesGabonGambiaGeorgiaGermanyGhanaGibraltarGreeceGreenlandGrenadaGuadeloupeGuamGuatemalaGuernseyGuineaGuinea-BissauGuyanaHaitiHeard Island and McDonald IslandsHoly See (Vatican City State)HondurasHong KongHungaryIcelandIndiaIndonesiaIran, Islamic Republic ofIraqIrelandIsle of ManIsraelJamaicaJapanJerseyJordanKazakhstanKenyaKiribatiKorea, Democratic People' , "'" , 's Republic ofKorea, Republic ofKuwaitKyrgyzstanLao People' , "'" , 's Democratic RepublicLatviaLebanonLesothoLiberiaLibyaLiechtensteinLithuaniaLuxembourgMacaoMacedonia, the Former Yugoslav Republic ofMadagascarMalawiMalaysiaMaldivesMaliMaltaMarshall IslandsMartiniqueMauritaniaMauritiusMayotteMexicoMicronesia, Federated States ofMoldova, Republic ofMonacoMongoliaMontenegroMontserratMoroccoMozambiqueMyanmarNamibiaNauruNepalNetherlandsNew CaledoniaNew ZealandNicaraguaNigerNigeriaNiueNorfolk IslandNorthern Mariana IslandsNorwayOmanPakistanPalauPalestine, [state] ofPanamaPapua New GuineaParaguayPeruPhilippinesPitcairnPolandPortugalPuerto RicoQatarRéunionRomaniaRussian FederationRwandaSaint BarthélemySaint Helena, Ascension and Tristan da CunhaSaint Kitts and NevisSaint LuciaSaint Martin (French part)Saint Pierre and MiquelonSaint Vincent and the GrenadinesSamoaSan MarinoSao Tome and PrincipeSaudi ArabiaSenegalSerbiaSeychellesSierra LeoneSingaporeSint Maarten (Dutch part)SlovakiaSloveniaSolomon IslandsSomaliaSouth AfricaSouth Georgia and the South Sandwich IslandsSouth SudanSpainSri LankaSudanSurinameSvalbard and Jan MayenSwazilandSwedenSwitzerlandSyrian Arab RepublicTaiwan, Province of ChinaTajikistanTanzania, United Republic ofThailandTimor-LesteTogoTokelauTongaTrinidad and TobagoTunisiaTurkeyTurkmenistanTurks and Caicos IslandsTuvaluUgandaUkraineUnited Arab EmiratesUnited KingdomUnited States Minor Outlying IslandsUruguayUzbekistanVanuatuVenezuela, Bolivarian Republic ofViet NamVirgin Islands, BritishVirgin Islands, U.S.Wallis and FutunaWestern SaharaYemenZambiaZimbabwe
            '))]'. Please recheck the objects properties to make sure the desired element is located. 

2018-12-05 10:06:09 - [MESSAGE][FAILED] - Unable to select option by label 'Select Birth Country' of object 'Object Repository/Edit Profile/Page_Profile  5-15/select_Select Birth Country'  (Root cause: com.kms.katalon.core.webui.exception.WebElementNotFoundException: Web element with id: 'Object Repository/Edit Profile/Page_Profile  5-15/select_Select Birth Country' located by 'By.xpath: //select[@id = 'ddlBirthCountry' and (text() = concat('
              Select Birth Country
              United States Of AmericaItalyAfghanistanÅland IslandsAlbaniaAlgeriaAmerican SamoaAndorraAngolaAnguillaAntarcticaAntigua and BarbudaArgentinaArmeniaArubaAustraliaAustriaAzerbaijanBahamasBahrainBangladeshBarbadosBelarusBelgiumBelizeBeninBermudaBhutanBolivia, Plurinational [state] ofBonaire, Sint Eustatius and SabaBosnia and HerzegovinaBotswanaBouvet IslandBrazilBritish Indian Ocean TerritoryBrunei DarussalamBulgariaBurkina FasoBurundiCambodiaCameroonCanadaCape VerdeCayman IslandsCentral African RepublicChadChileChinaChristmas IslandCocos (Keeling) IslandsColombiaComorosCongoCongo, the Democratic Republic of theCook IslandsCosta RicaCôte d' , "'" , 'IvoireCroatiaCubaCuraçaoCyprusCzech RepublicDenmarkDjiboutiDominicaDominican RepublicEcuadorEgyptEl SalvadorEquatorial GuineaEritreaEstoniaEthiopiaFalkland Islands (Malvinas)Faroe IslandsFijiFinlandFranceFrench GuianaFrench PolynesiaFrench Southern TerritoriesGabonGambiaGeorgiaGermanyGhanaGibraltarGreeceGreenlandGrenadaGuadeloupeGuamGuatemalaGuernseyGuineaGuinea-BissauGuyanaHaitiHeard Island and McDonald IslandsHoly See (Vatican City State)HondurasHong KongHungaryIcelandIndiaIndonesiaIran, Islamic Republic ofIraqIrelandIsle of ManIsraelJamaicaJapanJerseyJordanKazakhstanKenyaKiribatiKorea, Democratic People' , "'" , 's Republic ofKorea, Republic ofKuwaitKyrgyzstanLao People' , "'" , 's Democratic RepublicLatviaLebanonLesothoLiberiaLibyaLiechtensteinLithuaniaLuxembourgMacaoMacedonia, the Former Yugoslav Republic ofMadagascarMalawiMalaysiaMaldivesMaliMaltaMarshall IslandsMartiniqueMauritaniaMauritiusMayotteMexicoMicronesia, Federated States ofMoldova, Republic ofMonacoMongoliaMontenegroMontserratMoroccoMozambiqueMyanmarNamibiaNauruNepalNetherlandsNew CaledoniaNew ZealandNicaraguaNigerNigeriaNiueNorfolk IslandNorthern Mariana IslandsNorwayOmanPakistanPalauPalestine, [state] ofPanamaPapua New GuineaParaguayPeruPhilippinesPitcairnPolandPortugalPuerto RicoQatarRéunionRomaniaRussian FederationRwandaSaint BarthélemySaint Helena, Ascension and Tristan da CunhaSaint Kitts and NevisSaint LuciaSaint Martin (French part)Saint Pierre and MiquelonSaint Vincent and the GrenadinesSamoaSan MarinoSao Tome and PrincipeSaudi ArabiaSenegalSerbiaSeychellesSierra LeoneSingaporeSint Maarten (Dutch part)SlovakiaSloveniaSolomon IslandsSomaliaSouth AfricaSouth Georgia and the South Sandwich IslandsSouth SudanSpainSri LankaSudanSurinameSvalbard and Jan MayenSwazilandSwedenSwitzerlandSyrian Arab RepublicTaiwan, Province of ChinaTajikistanTanzania, United Republic ofThailandTimor-LesteTogoTokelauTongaTrinidad and TobagoTunisiaTurkeyTurkmenistanTurks and Caicos IslandsTuvaluUgandaUkraineUnited Arab EmiratesUnited KingdomUnited States Minor Outlying IslandsUruguayUzbekistanVanuatuVenezuela, Bolivarian Republic ofViet NamVirgin Islands, BritishVirgin Islands, U.S.Wallis and FutunaWestern SaharaYemenZambiaZimbabwe
            ') or . = concat('
              Select Birth Country
              United States Of AmericaItalyAfghanistanÅland IslandsAlbaniaAlgeriaAmerican SamoaAndorraAngolaAnguillaAntarcticaAntigua and BarbudaArgentinaArmeniaArubaAustraliaAustriaAzerbaijanBahamasBahrainBangladeshBarbadosBelarusBelgiumBelizeBeninBermudaBhutanBolivia, Plurinational [state] ofBonaire, Sint Eustatius and SabaBosnia and HerzegovinaBotswanaBouvet IslandBrazilBritish Indian Ocean TerritoryBrunei DarussalamBulgariaBurkina FasoBurundiCambodiaCameroonCanadaCape VerdeCayman IslandsCentral African RepublicChadChileChinaChristmas IslandCocos (Keeling) IslandsColombiaComorosCongoCongo, the Democratic Republic of theCook IslandsCosta RicaCôte d' , "'" , 'IvoireCroatiaCubaCuraçaoCyprusCzech RepublicDenmarkDjiboutiDominicaDominican RepublicEcuadorEgyptEl SalvadorEquatorial GuineaEritreaEstoniaEthiopiaFalkland Islands (Malvinas)Faroe IslandsFijiFinlandFranceFrench GuianaFrench PolynesiaFrench Southern TerritoriesGabonGambiaGeorgiaGermanyGhanaGibraltarGreeceGreenlandGrenadaGuadeloupeGuamGuatemalaGuernseyGuineaGuinea-BissauGuyanaHaitiHeard Island and McDonald IslandsHoly See (Vatican City State)HondurasHong KongHungaryIcelandIndiaIndonesiaIran, Islamic Republic ofIraqIrelandIsle of ManIsraelJamaicaJapanJerseyJordanKazakhstanKenyaKiribatiKorea, Democratic People' , "'" , 's Republic ofKorea, Republic ofKuwaitKyrgyzstanLao People' , "'" , 's Democratic RepublicLatviaLebanonLesothoLiberiaLibyaLiechtensteinLithuaniaLuxembourgMacaoMacedonia, the Former Yugoslav Republic ofMadagascarMalawiMalaysiaMaldivesMaliMaltaMarshall IslandsMartiniqueMauritaniaMauritiusMayotteMexicoMicronesia, Federated States ofMoldova, Republic ofMonacoMongoliaMontenegroMontserratMoroccoMozambiqueMyanmarNamibiaNauruNepalNetherlandsNew CaledoniaNew ZealandNicaraguaNigerNigeriaNiueNorfolk IslandNorthern Mariana IslandsNorwayOmanPakistanPalauPalestine, [state] ofPanamaPapua New GuineaParaguayPeruPhilippinesPitcairnPolandPortugalPuerto RicoQatarRéunionRomaniaRussian FederationRwandaSaint BarthélemySaint Helena, Ascension and Tristan da CunhaSaint Kitts and NevisSaint LuciaSaint Martin (French part)Saint Pierre and MiquelonSaint Vincent and the GrenadinesSamoaSan MarinoSao Tome and PrincipeSaudi ArabiaSenegalSerbiaSeychellesSierra LeoneSingaporeSint Maarten (Dutch part)SlovakiaSloveniaSolomon IslandsSomaliaSouth AfricaSouth Georgia and the South Sandwich IslandsSouth SudanSpainSri LankaSudanSurinameSvalbard and Jan MayenSwazilandSwedenSwitzerlandSyrian Arab RepublicTaiwan, Province of ChinaTajikistanTanzania, United Republic ofThailandTimor-LesteTogoTokelauTongaTrinidad and TobagoTunisiaTurkeyTurkmenistanTurks and Caicos IslandsTuvaluUgandaUkraineUnited Arab EmiratesUnited KingdomUnited States Minor Outlying IslandsUruguayUzbekistanVanuatuVenezuela, Bolivarian Republic ofViet NamVirgin Islands, BritishVirgin Islands, U.S.Wallis and FutunaWestern SaharaYemenZambiaZimbabwe
            '))]' not found)
[[ATTACHMENT|F:\\Vofox-Katalon\\Bonanza\\Reports\\VBZ0012-Edit profile\\20181205_100428\\1543984569464.png]]

2018-12-05 10:06:09 - [MESSAGE][FAILED] - selectOptionByLabel(findTestObject("Object Repository/Edit Profile/Page_Profile  5-15/select_Select Birth Country"), "Select Birth Country", false) FAILED.
Reason:
com.kms.katalon.core.exception.StepFailedException: Unable to select option by label 'Select Birth Country' of object 'Object Repository/Edit Profile/Page_Profile  5-15/select_Select Birth Country'  (Root cause: com.kms.katalon.core.webui.exception.WebElementNotFoundException: Web element with id: 'Object Repository/Edit Profile/Page_Profile  5-15/select_Select Birth Country' located by 'By.xpath: //select[@id = 'ddlBirthCountry' and (text() = concat('
              Select Birth Country
              United States Of AmericaItalyAfghanistanÅland IslandsAlbaniaAlgeriaAmerican SamoaAndorraAngolaAnguillaAntarcticaAntigua and BarbudaArgentinaArmeniaArubaAustraliaAustriaAzerbaijanBahamasBahrainBangladeshBarbadosBelarusBelgiumBelizeBeninBermudaBhutanBolivia, Plurinational [state] ofBonaire, Sint Eustatius and SabaBosnia and HerzegovinaBotswanaBouvet IslandBrazilBritish Indian Ocean TerritoryBrunei DarussalamBulgariaBurkina FasoBurundiCambodiaCameroonCanadaCape VerdeCayman IslandsCentral African RepublicChadChileChinaChristmas IslandCocos (Keeling) IslandsColombiaComorosCongoCongo, the Democratic Republic of theCook IslandsCosta RicaCôte d' , "'" , 'IvoireCroatiaCubaCuraçaoCyprusCzech RepublicDenmarkDjiboutiDominicaDominican RepublicEcuadorEgyptEl SalvadorEquatorial GuineaEritreaEstoniaEthiopiaFalkland Islands (Malvinas)Faroe IslandsFijiFinlandFranceFrench GuianaFrench PolynesiaFrench Southern TerritoriesGabonGambiaGeorgiaGermanyGhanaGibraltarGreeceGreenlandGrenadaGuadeloupeGuamGuatemalaGuernseyGuineaGuinea-BissauGuyanaHaitiHeard Island and McDonald IslandsHoly See (Vatican City State)HondurasHong KongHungaryIcelandIndiaIndonesiaIran, Islamic Republic ofIraqIrelandIsle of ManIsraelJamaicaJapanJerseyJordanKazakhstanKenyaKiribatiKorea, Democratic People' , "'" , 's Republic ofKorea, Republic ofKuwaitKyrgyzstanLao People' , "'" , 's Democratic RepublicLatviaLebanonLesothoLiberiaLibyaLiechtensteinLithuaniaLuxembourgMacaoMacedonia, the Former Yugoslav Republic ofMadagascarMalawiMalaysiaMaldivesMaliMaltaMarshall IslandsMartiniqueMauritaniaMauritiusMayotteMexicoMicronesia, Federated States ofMoldova, Republic ofMonacoMongoliaMontenegroMontserratMoroccoMozambiqueMyanmarNamibiaNauruNepalNetherlandsNew CaledoniaNew ZealandNicaraguaNigerNigeriaNiueNorfolk IslandNorthern Mariana IslandsNorwayOmanPakistanPalauPalestine, [state] ofPanamaPapua New GuineaParaguayPeruPhilippinesPitcairnPolandPortugalPuerto RicoQatarRéunionRomaniaRussian FederationRwandaSaint BarthélemySaint Helena, Ascension and Tristan da CunhaSaint Kitts and NevisSaint LuciaSaint Martin (French part)Saint Pierre and MiquelonSaint Vincent and the GrenadinesSamoaSan MarinoSao Tome and PrincipeSaudi ArabiaSenegalSerbiaSeychellesSierra LeoneSingaporeSint Maarten (Dutch part)SlovakiaSloveniaSolomon IslandsSomaliaSouth AfricaSouth Georgia and the South Sandwich IslandsSouth SudanSpainSri LankaSudanSurinameSvalbard and Jan MayenSwazilandSwedenSwitzerlandSyrian Arab RepublicTaiwan, Province of ChinaTajikistanTanzania, United Republic ofThailandTimor-LesteTogoTokelauTongaTrinidad and TobagoTunisiaTurkeyTurkmenistanTurks and Caicos IslandsTuvaluUgandaUkraineUnited Arab EmiratesUnited KingdomUnited States Minor Outlying IslandsUruguayUzbekistanVanuatuVenezuela, Bolivarian Republic ofViet NamVirgin Islands, BritishVirgin Islands, U.S.Wallis and FutunaWestern SaharaYemenZambiaZimbabwe
            ') or . = concat('
              Select Birth Country
              United States Of AmericaItalyAfghanistanÅland IslandsAlbaniaAlgeriaAmerican SamoaAndorraAngolaAnguillaAntarcticaAntigua and BarbudaArgentinaArmeniaArubaAustraliaAustriaAzerbaijanBahamasBahrainBangladeshBarbadosBelarusBelgiumBelizeBeninBermudaBhutanBolivia, Plurinational [state] ofBonaire, Sint Eustatius and SabaBosnia and HerzegovinaBotswanaBouvet IslandBrazilBritish Indian Ocean TerritoryBrunei DarussalamBulgariaBurkina FasoBurundiCambodiaCameroonCanadaCape VerdeCayman IslandsCentral African RepublicChadChileChinaChristmas IslandCocos (Keeling) IslandsColombiaComorosCongoCongo, the Democratic Republic of theCook IslandsCosta RicaCôte d' , "'" , 'IvoireCroatiaCubaCuraçaoCyprusCzech RepublicDenmarkDjiboutiDominicaDominican RepublicEcuadorEgyptEl SalvadorEquatorial GuineaEritreaEstoniaEthiopiaFalkland Islands (Malvinas)Faroe IslandsFijiFinlandFranceFrench GuianaFrench PolynesiaFrench Southern TerritoriesGabonGambiaGeorgiaGermanyGhanaGibraltarGreeceGreenlandGrenadaGuadeloupeGuamGuatemalaGuernseyGuineaGuinea-BissauGuyanaHaitiHeard Island and McDonald IslandsHoly See (Vatican City State)HondurasHong KongHungaryIcelandIndiaIndonesiaIran, Islamic Republic ofIraqIrelandIsle of ManIsraelJamaicaJapanJerseyJordanKazakhstanKenyaKiribatiKorea, Democratic People' , "'" , 's Republic ofKorea, Republic ofKuwaitKyrgyzstanLao People' , "'" , 's Democratic RepublicLatviaLebanonLesothoLiberiaLibyaLiechtensteinLithuaniaLuxembourgMacaoMacedonia, the Former Yugoslav Republic ofMadagascarMalawiMalaysiaMaldivesMaliMaltaMarshall IslandsMartiniqueMauritaniaMauritiusMayotteMexicoMicronesia, Federated States ofMoldova, Republic ofMonacoMongoliaMontenegroMontserratMoroccoMozambiqueMyanmarNamibiaNauruNepalNetherlandsNew CaledoniaNew ZealandNicaraguaNigerNigeriaNiueNorfolk IslandNorthern Mariana IslandsNorwayOmanPakistanPalauPalestine, [state] ofPanamaPapua New GuineaParaguayPeruPhilippinesPitcairnPolandPortugalPuerto RicoQatarRéunionRomaniaRussian FederationRwandaSaint BarthélemySaint Helena, Ascension and Tristan da CunhaSaint Kitts and NevisSaint LuciaSaint Martin (French part)Saint Pierre and MiquelonSaint Vincent and the GrenadinesSamoaSan MarinoSao Tome and PrincipeSaudi ArabiaSenegalSerbiaSeychellesSierra LeoneSingaporeSint Maarten (Dutch part)SlovakiaSloveniaSolomon IslandsSomaliaSouth AfricaSouth Georgia and the South Sandwich IslandsSouth SudanSpainSri LankaSudanSurinameSvalbard and Jan MayenSwazilandSwedenSwitzerlandSyrian Arab RepublicTaiwan, Province of ChinaTajikistanTanzania, United Republic ofThailandTimor-LesteTogoTokelauTongaTrinidad and TobagoTunisiaTurkeyTurkmenistanTurks and Caicos IslandsTuvaluUgandaUkraineUnited Arab EmiratesUnited KingdomUnited States Minor Outlying IslandsUruguayUzbekistanVanuatuVenezuela, Bolivarian Republic ofViet NamVirgin Islands, BritishVirgin Islands, U.S.Wallis and FutunaWestern SaharaYemenZambiaZimbabwe
            '))]' not found)
	at com.kms.katalon.core.keyword.internal.KeywordMain.stepFailed(KeywordMain.groovy:36)
	at com.kms.katalon.core.webui.keyword.internal.WebUIKeywordMain.stepFailed(WebUIKeywordMain.groovy:65)
	at com.kms.katalon.core.webui.keyword.internal.WebUIKeywordMain.runKeyword(WebUIKeywordMain.groovy:27)
	at com.kms.katalon.core.webui.keyword.builtin.SelectOptionByLabelKeyword.selectOptionByLabel(SelectOptionByLabelKeyword.groovy:98)
	at com.kms.katalon.core.webui.keyword.builtin.SelectOptionByLabelKeyword.execute(SelectOptionByLabelKeyword.groovy:71)
	at com.kms.katalon.core.keyword.internal.KeywordExecutor.executeKeywordForPlatform(KeywordExecutor.groovy:53)
	at com.kms.katalon.core.webui.keyword.WebUiBuiltInKeywords.selectOptionByLabel(WebUiBuiltInKeywords.groovy:1200)
	at com.kms.katalon.core.webui.keyword.WebUiBuiltInKeywords$selectOptionByLabel$6.call(Unknown Source)
	at TCBA01207.run(TCBA01207:54)
	at com.kms.katalon.core.main.ScriptEngine.run(ScriptEngine.java:194)
	at com.kms.katalon.core.main.ScriptEngine.runScriptAsRawText(ScriptEngine.java:119)
	at com.kms.katalon.core.main.TestCaseExecutor.runScript(TestCaseExecutor.java:321)
	at com.kms.katalon.core.main.TestCaseExecutor.doExecute(TestCaseExecutor.java:312)
	at com.kms.katalon.core.main.TestCaseExecutor.processExecutionPhase(TestCaseExecutor.java:291)
	at com.kms.katalon.core.main.TestCaseExecutor.accessMainPhase(TestCaseExecutor.java:283)
	at com.kms.katalon.core.main.TestCaseExecutor.execute(TestCaseExecutor.java:222)
	at com.kms.katalon.core.main.TestSuiteExecutor.accessTestCaseMainPhase(TestSuiteExecutor.java:129)
	at com.kms.katalon.core.main.TestSuiteExecutor.accessTestSuiteMainPhase(TestSuiteExecutor.java:112)
	at com.kms.katalon.core.main.TestSuiteExecutor.execute(TestSuiteExecutor.java:81)
	at com.kms.katalon.core.main.TestCaseMain.startTestSuite(TestCaseMain.java:149)
	at com.kms.katalon.core.main.TestCaseMain$startTestSuite$0.call(Unknown Source)
	at TempTestSuite1543984468899.run(TempTestSuite1543984468899.groovy:36)]]></system-out>
         <system-err><![CDATA[2018-12-05 10:05:37 - [TEST_CASE][FAILED] - Test Cases/Associate Application/Edit Profile/TCBA01207: Test Cases/Associate Application/Edit Profile/TCBA01207 FAILED.
Reason:
com.kms.katalon.core.exception.StepFailedException: Unable to select option by label 'Select Birth Country' of object 'Object Repository/Edit Profile/Page_Profile  5-15/select_Select Birth Country'  (Root cause: com.kms.katalon.core.webui.exception.WebElementNotFoundException: Web element with id: 'Object Repository/Edit Profile/Page_Profile  5-15/select_Select Birth Country' located by 'By.xpath: //select[@id = 'ddlBirthCountry' and (text() = concat('
              Select Birth Country
              United States Of AmericaItalyAfghanistanÅland IslandsAlbaniaAlgeriaAmerican SamoaAndorraAngolaAnguillaAntarcticaAntigua and BarbudaArgentinaArmeniaArubaAustraliaAustriaAzerbaijanBahamasBahrainBangladeshBarbadosBelarusBelgiumBelizeBeninBermudaBhutanBolivia, Plurinational [state] ofBonaire, Sint Eustatius and SabaBosnia and HerzegovinaBotswanaBouvet IslandBrazilBritish Indian Ocean TerritoryBrunei DarussalamBulgariaBurkina FasoBurundiCambodiaCameroonCanadaCape VerdeCayman IslandsCentral African RepublicChadChileChinaChristmas IslandCocos (Keeling) IslandsColombiaComorosCongoCongo, the Democratic Republic of theCook IslandsCosta RicaCôte d' , "'" , 'IvoireCroatiaCubaCuraçaoCyprusCzech RepublicDenmarkDjiboutiDominicaDominican RepublicEcuadorEgyptEl SalvadorEquatorial GuineaEritreaEstoniaEthiopiaFalkland Islands (Malvinas)Faroe IslandsFijiFinlandFranceFrench GuianaFrench PolynesiaFrench Southern TerritoriesGabonGambiaGeorgiaGermanyGhanaGibraltarGreeceGreenlandGrenadaGuadeloupeGuamGuatemalaGuernseyGuineaGuinea-BissauGuyanaHaitiHeard Island and McDonald IslandsHoly See (Vatican City State)HondurasHong KongHungaryIcelandIndiaIndonesiaIran, Islamic Republic ofIraqIrelandIsle of ManIsraelJamaicaJapanJerseyJordanKazakhstanKenyaKiribatiKorea, Democratic People' , "'" , 's Republic ofKorea, Republic ofKuwaitKyrgyzstanLao People' , "'" , 's Democratic RepublicLatviaLebanonLesothoLiberiaLibyaLiechtensteinLithuaniaLuxembourgMacaoMacedonia, the Former Yugoslav Republic ofMadagascarMalawiMalaysiaMaldivesMaliMaltaMarshall IslandsMartiniqueMauritaniaMauritiusMayotteMexicoMicronesia, Federated States ofMoldova, Republic ofMonacoMongoliaMontenegroMontserratMoroccoMozambiqueMyanmarNamibiaNauruNepalNetherlandsNew CaledoniaNew ZealandNicaraguaNigerNigeriaNiueNorfolk IslandNorthern Mariana IslandsNorwayOmanPakistanPalauPalestine, [state] ofPanamaPapua New GuineaParaguayPeruPhilippinesPitcairnPolandPortugalPuerto RicoQatarRéunionRomaniaRussian FederationRwandaSaint BarthélemySaint Helena, Ascension and Tristan da CunhaSaint Kitts and NevisSaint LuciaSaint Martin (French part)Saint Pierre and MiquelonSaint Vincent and the GrenadinesSamoaSan MarinoSao Tome and PrincipeSaudi ArabiaSenegalSerbiaSeychellesSierra LeoneSingaporeSint Maarten (Dutch part)SlovakiaSloveniaSolomon IslandsSomaliaSouth AfricaSouth Georgia and the South Sandwich IslandsSouth SudanSpainSri LankaSudanSurinameSvalbard and Jan MayenSwazilandSwedenSwitzerlandSyrian Arab RepublicTaiwan, Province of ChinaTajikistanTanzania, United Republic ofThailandTimor-LesteTogoTokelauTongaTrinidad and TobagoTunisiaTurkeyTurkmenistanTurks and Caicos IslandsTuvaluUgandaUkraineUnited Arab EmiratesUnited KingdomUnited States Minor Outlying IslandsUruguayUzbekistanVanuatuVenezuela, Bolivarian Republic ofViet NamVirgin Islands, BritishVirgin Islands, U.S.Wallis and FutunaWestern SaharaYemenZambiaZimbabwe
            ') or . = concat('
              Select Birth Country
              United States Of AmericaItalyAfghanistanÅland IslandsAlbaniaAlgeriaAmerican SamoaAndorraAngolaAnguillaAntarcticaAntigua and BarbudaArgentinaArmeniaArubaAustraliaAustriaAzerbaijanBahamasBahrainBangladeshBarbadosBelarusBelgiumBelizeBeninBermudaBhutanBolivia, Plurinational [state] ofBonaire, Sint Eustatius and SabaBosnia and HerzegovinaBotswanaBouvet IslandBrazilBritish Indian Ocean TerritoryBrunei DarussalamBulgariaBurkina FasoBurundiCambodiaCameroonCanadaCape VerdeCayman IslandsCentral African RepublicChadChileChinaChristmas IslandCocos (Keeling) IslandsColombiaComorosCongoCongo, the Democratic Republic of theCook IslandsCosta RicaCôte d' , "'" , 'IvoireCroatiaCubaCuraçaoCyprusCzech RepublicDenmarkDjiboutiDominicaDominican RepublicEcuadorEgyptEl SalvadorEquatorial GuineaEritreaEstoniaEthiopiaFalkland Islands (Malvinas)Faroe IslandsFijiFinlandFranceFrench GuianaFrench PolynesiaFrench Southern TerritoriesGabonGambiaGeorgiaGermanyGhanaGibraltarGreeceGreenlandGrenadaGuadeloupeGuamGuatemalaGuernseyGuineaGuinea-BissauGuyanaHaitiHeard Island and McDonald IslandsHoly See (Vatican City State)HondurasHong KongHungaryIcelandIndiaIndonesiaIran, Islamic Republic ofIraqIrelandIsle of ManIsraelJamaicaJapanJerseyJordanKazakhstanKenyaKiribatiKorea, Democratic People' , "'" , 's Republic ofKorea, Republic ofKuwaitKyrgyzstanLao People' , "'" , 's Democratic RepublicLatviaLebanonLesothoLiberiaLibyaLiechtensteinLithuaniaLuxembourgMacaoMacedonia, the Former Yugoslav Republic ofMadagascarMalawiMalaysiaMaldivesMaliMaltaMarshall IslandsMartiniqueMauritaniaMauritiusMayotteMexicoMicronesia, Federated States ofMoldova, Republic ofMonacoMongoliaMontenegroMontserratMoroccoMozambiqueMyanmarNamibiaNauruNepalNetherlandsNew CaledoniaNew ZealandNicaraguaNigerNigeriaNiueNorfolk IslandNorthern Mariana IslandsNorwayOmanPakistanPalauPalestine, [state] ofPanamaPapua New GuineaParaguayPeruPhilippinesPitcairnPolandPortugalPuerto RicoQatarRéunionRomaniaRussian FederationRwandaSaint BarthélemySaint Helena, Ascension and Tristan da CunhaSaint Kitts and NevisSaint LuciaSaint Martin (French part)Saint Pierre and MiquelonSaint Vincent and the GrenadinesSamoaSan MarinoSao Tome and PrincipeSaudi ArabiaSenegalSerbiaSeychellesSierra LeoneSingaporeSint Maarten (Dutch part)SlovakiaSloveniaSolomon IslandsSomaliaSouth AfricaSouth Georgia and the South Sandwich IslandsSouth SudanSpainSri LankaSudanSurinameSvalbard and Jan MayenSwazilandSwedenSwitzerlandSyrian Arab RepublicTaiwan, Province of ChinaTajikistanTanzania, United Republic ofThailandTimor-LesteTogoTokelauTongaTrinidad and TobagoTunisiaTurkeyTurkmenistanTurks and Caicos IslandsTuvaluUgandaUkraineUnited Arab EmiratesUnited KingdomUnited States Minor Outlying IslandsUruguayUzbekistanVanuatuVenezuela, Bolivarian Republic ofViet NamVirgin Islands, BritishVirgin Islands, U.S.Wallis and FutunaWestern SaharaYemenZambiaZimbabwe
            '))]' not found)
	at com.kms.katalon.core.keyword.internal.KeywordMain.stepFailed(KeywordMain.groovy:36)
	at com.kms.katalon.core.webui.keyword.internal.WebUIKeywordMain.stepFailed(WebUIKeywordMain.groovy:65)
	at com.kms.katalon.core.webui.keyword.internal.WebUIKeywordMain.runKeyword(WebUIKeywordMain.groovy:27)
	at com.kms.katalon.core.webui.keyword.builtin.SelectOptionByLabelKeyword.selectOptionByLabel(SelectOptionByLabelKeyword.groovy:98)
	at com.kms.katalon.core.webui.keyword.builtin.SelectOptionByLabelKeyword.execute(SelectOptionByLabelKeyword.groovy:71)
	at com.kms.katalon.core.keyword.internal.KeywordExecutor.executeKeywordForPlatform(KeywordExecutor.groovy:53)
	at com.kms.katalon.core.webui.keyword.WebUiBuiltInKeywords.selectOptionByLabel(WebUiBuiltInKeywords.groovy:1200)
	at com.kms.katalon.core.webui.keyword.WebUiBuiltInKeywords$selectOptionByLabel$6.call(Unknown Source)
	at TCBA01207.run(TCBA01207:54)
	at com.kms.katalon.core.main.ScriptEngine.run(ScriptEngine.java:194)
	at com.kms.katalon.core.main.ScriptEngine.runScriptAsRawText(ScriptEngine.java:119)
	at com.kms.katalon.core.main.TestCaseExecutor.runScript(TestCaseExecutor.java:321)
	at com.kms.katalon.core.main.TestCaseExecutor.doExecute(TestCaseExecutor.java:312)
	at com.kms.katalon.core.main.TestCaseExecutor.processExecutionPhase(TestCaseExecutor.java:291)
	at com.kms.katalon.core.main.TestCaseExecutor.accessMainPhase(TestCaseExecutor.java:283)
	at com.kms.katalon.core.main.TestCaseExecutor.execute(TestCaseExecutor.java:222)
	at com.kms.katalon.core.main.TestSuiteExecutor.accessTestCaseMainPhase(TestSuiteExecutor.java:129)
	at com.kms.katalon.core.main.TestSuiteExecutor.accessTestSuiteMainPhase(TestSuiteExecutor.java:112)
	at com.kms.katalon.core.main.TestSuiteExecutor.execute(TestSuiteExecutor.java:81)
	at com.kms.katalon.core.main.TestCaseMain.startTestSuite(TestCaseMain.java:149)
	at com.kms.katalon.core.main.TestCaseMain$startTestSuite$0.call(Unknown Source)
	at TempTestSuite1543984468899.run(TempTestSuite1543984468899.groovy:36)]]></system-err>
      </testcase>
      <testcase name="Test Cases/Associate Application/Edit Profile/TCBA01208" classname="Test Cases/Associate Application/Edit Profile/TCBA01208" status="FAILED">
         <failure type="FAILED" message="Test Cases/Associate Application/Edit Profile/TCBA01208 FAILED.
Reason:
com.kms.katalon.core.exception.StepFailedException: Unable to get attribute 'value' of object 'Object Repository/Edit Profile/Page_Profile  5-15/select_Select Birth Country' (Root cause: com.kms.katalon.core.webui.exception.WebElementNotFoundException: Web element with id: 'Object Repository/Edit Profile/Page_Profile  5-15/select_Select Birth Country' located by 'By.xpath: //select[@id = 'ddlBirthCountry' and (text() = concat('
              Select Birth Country
              United States Of AmericaItalyAfghanistanÅland IslandsAlbaniaAlgeriaAmerican SamoaAndorraAngolaAnguillaAntarcticaAntigua and BarbudaArgentinaArmeniaArubaAustraliaAustriaAzerbaijanBahamasBahrainBangladeshBarbadosBelarusBelgiumBelizeBeninBermudaBhutanBolivia, Plurinational [state] ofBonaire, Sint Eustatius and SabaBosnia and HerzegovinaBotswanaBouvet IslandBrazilBritish Indian Ocean TerritoryBrunei DarussalamBulgariaBurkina FasoBurundiCambodiaCameroonCanadaCape VerdeCayman IslandsCentral African RepublicChadChileChinaChristmas IslandCocos (Keeling) IslandsColombiaComorosCongoCongo, the Democratic Republic of theCook IslandsCosta RicaCôte d' , &quot;'&quot; , 'IvoireCroatiaCubaCuraçaoCyprusCzech RepublicDenmarkDjiboutiDominicaDominican RepublicEcuadorEgyptEl SalvadorEquatorial GuineaEritreaEstoniaEthiopiaFalkland Islands (Malvinas)Faroe IslandsFijiFinlandFranceFrench GuianaFrench PolynesiaFrench Southern TerritoriesGabonGambiaGeorgiaGermanyGhanaGibraltarGreeceGreenlandGrenadaGuadeloupeGuamGuatemalaGuernseyGuineaGuinea-BissauGuyanaHaitiHeard Island and McDonald IslandsHoly See (Vatican City State)HondurasHong KongHungaryIcelandIndiaIndonesiaIran, Islamic Republic ofIraqIrelandIsle of ManIsraelJamaicaJapanJerseyJordanKazakhstanKenyaKiribatiKorea, Democratic People' , &quot;'&quot; , 's Republic ofKorea, Republic ofKuwaitKyrgyzstanLao People' , &quot;'&quot; , 's Democratic RepublicLatviaLebanonLesothoLiberiaLibyaLiechtensteinLithuaniaLuxembourgMacaoMacedonia, the Former Yugoslav Republic ofMadagascarMalawiMalaysiaMaldivesMaliMaltaMarshall IslandsMartiniqueMauritaniaMauritiusMayotteMexicoMicronesia, Federated States ofMoldova, Republic ofMonacoMongoliaMontenegroMontserratMoroccoMozambiqueMyanmarNamibiaNauruNepalNetherlandsNew CaledoniaNew ZealandNicaraguaNigerNigeriaNiueNorfolk IslandNorthern Mariana IslandsNorwayOmanPakistanPalauPalestine, [state] ofPanamaPapua New GuineaParaguayPeruPhilippinesPitcairnPolandPortugalPuerto RicoQatarRéunionRomaniaRussian FederationRwandaSaint BarthélemySaint Helena, Ascension and Tristan da CunhaSaint Kitts and NevisSaint LuciaSaint Martin (French part)Saint Pierre and MiquelonSaint Vincent and the GrenadinesSamoaSan MarinoSao Tome and PrincipeSaudi ArabiaSenegalSerbiaSeychellesSierra LeoneSingaporeSint Maarten (Dutch part)SlovakiaSloveniaSolomon IslandsSomaliaSouth AfricaSouth Georgia and the South Sandwich IslandsSouth SudanSpainSri LankaSudanSurinameSvalbard and Jan MayenSwazilandSwedenSwitzerlandSyrian Arab RepublicTaiwan, Province of ChinaTajikistanTanzania, United Republic ofThailandTimor-LesteTogoTokelauTongaTrinidad and TobagoTunisiaTurkeyTurkmenistanTurks and Caicos IslandsTuvaluUgandaUkraineUnited Arab EmiratesUnited KingdomUnited States Minor Outlying IslandsUruguayUzbekistanVanuatuVenezuela, Bolivarian Republic ofViet NamVirgin Islands, BritishVirgin Islands, U.S.Wallis and FutunaWestern SaharaYemenZambiaZimbabwe
            ') or . = concat('
              Select Birth Country
              United States Of AmericaItalyAfghanistanÅland IslandsAlbaniaAlgeriaAmerican SamoaAndorraAngolaAnguillaAntarcticaAntigua and BarbudaArgentinaArmeniaArubaAustraliaAustriaAzerbaijanBahamasBahrainBangladeshBarbadosBelarusBelgiumBelizeBeninBermudaBhutanBolivia, Plurinational [state] ofBonaire, Sint Eustatius and SabaBosnia and HerzegovinaBotswanaBouvet IslandBrazilBritish Indian Ocean TerritoryBrunei DarussalamBulgariaBurkina FasoBurundiCambodiaCameroonCanadaCape VerdeCayman IslandsCentral African RepublicChadChileChinaChristmas IslandCocos (Keeling) IslandsColombiaComorosCongoCongo, the Democratic Republic of theCook IslandsCosta RicaCôte d' , &quot;'&quot; , 'IvoireCroatiaCubaCuraçaoCyprusCzech RepublicDenmarkDjiboutiDominicaDominican RepublicEcuadorEgyptEl SalvadorEquatorial GuineaEritreaEstoniaEthiopiaFalkland Islands (Malvinas)Faroe IslandsFijiFinlandFranceFrench GuianaFrench PolynesiaFrench Southern TerritoriesGabonGambiaGeorgiaGermanyGhanaGibraltarGreeceGreenlandGrenadaGuadeloupeGuamGuatemalaGuernseyGuineaGuinea-BissauGuyanaHaitiHeard Island and McDonald IslandsHoly See (Vatican City State)HondurasHong KongHungaryIcelandIndiaIndonesiaIran, Islamic Republic ofIraqIrelandIsle of ManIsraelJamaicaJapanJerseyJordanKazakhstanKenyaKiribatiKorea, Democratic People' , &quot;'&quot; , 's Republic ofKorea, Republic ofKuwaitKyrgyzstanLao People' , &quot;'&quot; , 's Democratic RepublicLatviaLebanonLesothoLiberiaLibyaLiechtensteinLithuaniaLuxembourgMacaoMacedonia, the Former Yugoslav Republic ofMadagascarMalawiMalaysiaMaldivesMaliMaltaMarshall IslandsMartiniqueMauritaniaMauritiusMayotteMexicoMicronesia, Federated States ofMoldova, Republic ofMonacoMongoliaMontenegroMontserratMoroccoMozambiqueMyanmarNamibiaNauruNepalNetherlandsNew CaledoniaNew ZealandNicaraguaNigerNigeriaNiueNorfolk IslandNorthern Mariana IslandsNorwayOmanPakistanPalauPalestine, [state] ofPanamaPapua New GuineaParaguayPeruPhilippinesPitcairnPolandPortugalPuerto RicoQatarRéunionRomaniaRussian FederationRwandaSaint BarthélemySaint Helena, Ascension and Tristan da CunhaSaint Kitts and NevisSaint LuciaSaint Martin (French part)Saint Pierre and MiquelonSaint Vincent and the GrenadinesSamoaSan MarinoSao Tome and PrincipeSaudi ArabiaSenegalSerbiaSeychellesSierra LeoneSingaporeSint Maarten (Dutch part)SlovakiaSloveniaSolomon IslandsSomaliaSouth AfricaSouth Georgia and the South Sandwich IslandsSouth SudanSpainSri LankaSudanSurinameSvalbard and Jan MayenSwazilandSwedenSwitzerlandSyrian Arab RepublicTaiwan, Province of ChinaTajikistanTanzania, United Republic ofThailandTimor-LesteTogoTokelauTongaTrinidad and TobagoTunisiaTurkeyTurkmenistanTurks and Caicos IslandsTuvaluUgandaUkraineUnited Arab EmiratesUnited KingdomUnited States Minor Outlying IslandsUruguayUzbekistanVanuatuVenezuela, Bolivarian Republic ofViet NamVirgin Islands, BritishVirgin Islands, U.S.Wallis and FutunaWestern SaharaYemenZambiaZimbabwe
            '))]' not found)
	at com.kms.katalon.core.keyword.internal.KeywordMain.stepFailed(KeywordMain.groovy:36)
	at com.kms.katalon.core.webui.keyword.internal.WebUIKeywordMain.stepFailed(WebUIKeywordMain.groovy:65)
	at com.kms.katalon.core.webui.keyword.internal.WebUIKeywordMain.runKeyword(WebUIKeywordMain.groovy:27)
	at com.kms.katalon.core.webui.keyword.builtin.GetAttributeKeyword.getAttribute(GetAttributeKeyword.groovy:93)
	at com.kms.katalon.core.webui.keyword.builtin.GetAttributeKeyword.execute(GetAttributeKeyword.groovy:68)
	at com.kms.katalon.core.keyword.internal.KeywordExecutor.executeKeywordForPlatform(KeywordExecutor.groovy:53)
	at com.kms.katalon.core.webui.keyword.WebUiBuiltInKeywords.getAttribute(WebUiBuiltInKeywords.groovy:921)
	at com.kms.katalon.core.webui.keyword.WebUiBuiltInKeywords$getAttribute$7.call(Unknown Source)
	at TCBA01208.run(TCBA01208:40)
	at com.kms.katalon.core.main.ScriptEngine.run(ScriptEngine.java:194)
	at com.kms.katalon.core.main.ScriptEngine.runScriptAsRawText(ScriptEngine.java:119)
	at com.kms.katalon.core.main.TestCaseExecutor.runScript(TestCaseExecutor.java:321)
	at com.kms.katalon.core.main.TestCaseExecutor.doExecute(TestCaseExecutor.java:312)
	at com.kms.katalon.core.main.TestCaseExecutor.processExecutionPhase(TestCaseExecutor.java:291)
	at com.kms.katalon.core.main.TestCaseExecutor.accessMainPhase(TestCaseExecutor.java:283)
	at com.kms.katalon.core.main.TestCaseExecutor.execute(TestCaseExecutor.java:222)
	at com.kms.katalon.core.main.TestSuiteExecutor.accessTestCaseMainPhase(TestSuiteExecutor.java:129)
	at com.kms.katalon.core.main.TestSuiteExecutor.accessTestSuiteMainPhase(TestSuiteExecutor.java:112)
	at com.kms.katalon.core.main.TestSuiteExecutor.execute(TestSuiteExecutor.java:81)
	at com.kms.katalon.core.main.TestCaseMain.startTestSuite(TestCaseMain.java:149)
	at com.kms.katalon.core.main.TestCaseMain$startTestSuite$0.call(Unknown Source)
	at TempTestSuite1543984468899.run(TempTestSuite1543984468899.groovy:36)
"/>
         <system-out><![CDATA[2018-12-05 10:06:09 - [TEST_CASE][FAILED] - Test Cases/Associate Application/Edit Profile/TCBA01208: Test Cases/Associate Application/Edit Profile/TCBA01208 FAILED.
Reason:
com.kms.katalon.core.exception.StepFailedException: Unable to get attribute 'value' of object 'Object Repository/Edit Profile/Page_Profile  5-15/select_Select Birth Country' (Root cause: com.kms.katalon.core.webui.exception.WebElementNotFoundException: Web element with id: 'Object Repository/Edit Profile/Page_Profile  5-15/select_Select Birth Country' located by 'By.xpath: //select[@id = 'ddlBirthCountry' and (text() = concat('
              Select Birth Country
              United States Of AmericaItalyAfghanistanÅland IslandsAlbaniaAlgeriaAmerican SamoaAndorraAngolaAnguillaAntarcticaAntigua and BarbudaArgentinaArmeniaArubaAustraliaAustriaAzerbaijanBahamasBahrainBangladeshBarbadosBelarusBelgiumBelizeBeninBermudaBhutanBolivia, Plurinational [state] ofBonaire, Sint Eustatius and SabaBosnia and HerzegovinaBotswanaBouvet IslandBrazilBritish Indian Ocean TerritoryBrunei DarussalamBulgariaBurkina FasoBurundiCambodiaCameroonCanadaCape VerdeCayman IslandsCentral African RepublicChadChileChinaChristmas IslandCocos (Keeling) IslandsColombiaComorosCongoCongo, the Democratic Republic of theCook IslandsCosta RicaCôte d' , "'" , 'IvoireCroatiaCubaCuraçaoCyprusCzech RepublicDenmarkDjiboutiDominicaDominican RepublicEcuadorEgyptEl SalvadorEquatorial GuineaEritreaEstoniaEthiopiaFalkland Islands (Malvinas)Faroe IslandsFijiFinlandFranceFrench GuianaFrench PolynesiaFrench Southern TerritoriesGabonGambiaGeorgiaGermanyGhanaGibraltarGreeceGreenlandGrenadaGuadeloupeGuamGuatemalaGuernseyGuineaGuinea-BissauGuyanaHaitiHeard Island and McDonald IslandsHoly See (Vatican City State)HondurasHong KongHungaryIcelandIndiaIndonesiaIran, Islamic Republic ofIraqIrelandIsle of ManIsraelJamaicaJapanJerseyJordanKazakhstanKenyaKiribatiKorea, Democratic People' , "'" , 's Republic ofKorea, Republic ofKuwaitKyrgyzstanLao People' , "'" , 's Democratic RepublicLatviaLebanonLesothoLiberiaLibyaLiechtensteinLithuaniaLuxembourgMacaoMacedonia, the Former Yugoslav Republic ofMadagascarMalawiMalaysiaMaldivesMaliMaltaMarshall IslandsMartiniqueMauritaniaMauritiusMayotteMexicoMicronesia, Federated States ofMoldova, Republic ofMonacoMongoliaMontenegroMontserratMoroccoMozambiqueMyanmarNamibiaNauruNepalNetherlandsNew CaledoniaNew ZealandNicaraguaNigerNigeriaNiueNorfolk IslandNorthern Mariana IslandsNorwayOmanPakistanPalauPalestine, [state] ofPanamaPapua New GuineaParaguayPeruPhilippinesPitcairnPolandPortugalPuerto RicoQatarRéunionRomaniaRussian FederationRwandaSaint BarthélemySaint Helena, Ascension and Tristan da CunhaSaint Kitts and NevisSaint LuciaSaint Martin (French part)Saint Pierre and MiquelonSaint Vincent and the GrenadinesSamoaSan MarinoSao Tome and PrincipeSaudi ArabiaSenegalSerbiaSeychellesSierra LeoneSingaporeSint Maarten (Dutch part)SlovakiaSloveniaSolomon IslandsSomaliaSouth AfricaSouth Georgia and the South Sandwich IslandsSouth SudanSpainSri LankaSudanSurinameSvalbard and Jan MayenSwazilandSwedenSwitzerlandSyrian Arab RepublicTaiwan, Province of ChinaTajikistanTanzania, United Republic ofThailandTimor-LesteTogoTokelauTongaTrinidad and TobagoTunisiaTurkeyTurkmenistanTurks and Caicos IslandsTuvaluUgandaUkraineUnited Arab EmiratesUnited KingdomUnited States Minor Outlying IslandsUruguayUzbekistanVanuatuVenezuela, Bolivarian Republic ofViet NamVirgin Islands, BritishVirgin Islands, U.S.Wallis and FutunaWestern SaharaYemenZambiaZimbabwe
            ') or . = concat('
              Select Birth Country
              United States Of AmericaItalyAfghanistanÅland IslandsAlbaniaAlgeriaAmerican SamoaAndorraAngolaAnguillaAntarcticaAntigua and BarbudaArgentinaArmeniaArubaAustraliaAustriaAzerbaijanBahamasBahrainBangladeshBarbadosBelarusBelgiumBelizeBeninBermudaBhutanBolivia, Plurinational [state] ofBonaire, Sint Eustatius and SabaBosnia and HerzegovinaBotswanaBouvet IslandBrazilBritish Indian Ocean TerritoryBrunei DarussalamBulgariaBurkina FasoBurundiCambodiaCameroonCanadaCape VerdeCayman IslandsCentral African RepublicChadChileChinaChristmas IslandCocos (Keeling) IslandsColombiaComorosCongoCongo, the Democratic Republic of theCook IslandsCosta RicaCôte d' , "'" , 'IvoireCroatiaCubaCuraçaoCyprusCzech RepublicDenmarkDjiboutiDominicaDominican RepublicEcuadorEgyptEl SalvadorEquatorial GuineaEritreaEstoniaEthiopiaFalkland Islands (Malvinas)Faroe IslandsFijiFinlandFranceFrench GuianaFrench PolynesiaFrench Southern TerritoriesGabonGambiaGeorgiaGermanyGhanaGibraltarGreeceGreenlandGrenadaGuadeloupeGuamGuatemalaGuernseyGuineaGuinea-BissauGuyanaHaitiHeard Island and McDonald IslandsHoly See (Vatican City State)HondurasHong KongHungaryIcelandIndiaIndonesiaIran, Islamic Republic ofIraqIrelandIsle of ManIsraelJamaicaJapanJerseyJordanKazakhstanKenyaKiribatiKorea, Democratic People' , "'" , 's Republic ofKorea, Republic ofKuwaitKyrgyzstanLao People' , "'" , 's Democratic RepublicLatviaLebanonLesothoLiberiaLibyaLiechtensteinLithuaniaLuxembourgMacaoMacedonia, the Former Yugoslav Republic ofMadagascarMalawiMalaysiaMaldivesMaliMaltaMarshall IslandsMartiniqueMauritaniaMauritiusMayotteMexicoMicronesia, Federated States ofMoldova, Republic ofMonacoMongoliaMontenegroMontserratMoroccoMozambiqueMyanmarNamibiaNauruNepalNetherlandsNew CaledoniaNew ZealandNicaraguaNigerNigeriaNiueNorfolk IslandNorthern Mariana IslandsNorwayOmanPakistanPalauPalestine, [state] ofPanamaPapua New GuineaParaguayPeruPhilippinesPitcairnPolandPortugalPuerto RicoQatarRéunionRomaniaRussian FederationRwandaSaint BarthélemySaint Helena, Ascension and Tristan da CunhaSaint Kitts and NevisSaint LuciaSaint Martin (French part)Saint Pierre and MiquelonSaint Vincent and the GrenadinesSamoaSan MarinoSao Tome and PrincipeSaudi ArabiaSenegalSerbiaSeychellesSierra LeoneSingaporeSint Maarten (Dutch part)SlovakiaSloveniaSolomon IslandsSomaliaSouth AfricaSouth Georgia and the South Sandwich IslandsSouth SudanSpainSri LankaSudanSurinameSvalbard and Jan MayenSwazilandSwedenSwitzerlandSyrian Arab RepublicTaiwan, Province of ChinaTajikistanTanzania, United Republic ofThailandTimor-LesteTogoTokelauTongaTrinidad and TobagoTunisiaTurkeyTurkmenistanTurks and Caicos IslandsTuvaluUgandaUkraineUnited Arab EmiratesUnited KingdomUnited States Minor Outlying IslandsUruguayUzbekistanVanuatuVenezuela, Bolivarian Republic ofViet NamVirgin Islands, BritishVirgin Islands, U.S.Wallis and FutunaWestern SaharaYemenZambiaZimbabwe
            '))]' not found)
	at com.kms.katalon.core.keyword.internal.KeywordMain.stepFailed(KeywordMain.groovy:36)
	at com.kms.katalon.core.webui.keyword.internal.WebUIKeywordMain.stepFailed(WebUIKeywordMain.groovy:65)
	at com.kms.katalon.core.webui.keyword.internal.WebUIKeywordMain.runKeyword(WebUIKeywordMain.groovy:27)
	at com.kms.katalon.core.webui.keyword.builtin.GetAttributeKeyword.getAttribute(GetAttributeKeyword.groovy:93)
	at com.kms.katalon.core.webui.keyword.builtin.GetAttributeKeyword.execute(GetAttributeKeyword.groovy:68)
	at com.kms.katalon.core.keyword.internal.KeywordExecutor.executeKeywordForPlatform(KeywordExecutor.groovy:53)
	at com.kms.katalon.core.webui.keyword.WebUiBuiltInKeywords.getAttribute(WebUiBuiltInKeywords.groovy:921)
	at com.kms.katalon.core.webui.keyword.WebUiBuiltInKeywords$getAttribute$7.call(Unknown Source)
	at TCBA01208.run(TCBA01208:40)
	at com.kms.katalon.core.main.ScriptEngine.run(ScriptEngine.java:194)
	at com.kms.katalon.core.main.ScriptEngine.runScriptAsRawText(ScriptEngine.java:119)
	at com.kms.katalon.core.main.TestCaseExecutor.runScript(TestCaseExecutor.java:321)
	at com.kms.katalon.core.main.TestCaseExecutor.doExecute(TestCaseExecutor.java:312)
	at com.kms.katalon.core.main.TestCaseExecutor.processExecutionPhase(TestCaseExecutor.java:291)
	at com.kms.katalon.core.main.TestCaseExecutor.accessMainPhase(TestCaseExecutor.java:283)
	at com.kms.katalon.core.main.TestCaseExecutor.execute(TestCaseExecutor.java:222)
	at com.kms.katalon.core.main.TestSuiteExecutor.accessTestCaseMainPhase(TestSuiteExecutor.java:129)
	at com.kms.katalon.core.main.TestSuiteExecutor.accessTestSuiteMainPhase(TestSuiteExecutor.java:112)
	at com.kms.katalon.core.main.TestSuiteExecutor.execute(TestSuiteExecutor.java:81)
	at com.kms.katalon.core.main.TestCaseMain.startTestSuite(TestCaseMain.java:149)
	at com.kms.katalon.core.main.TestCaseMain$startTestSuite$0.call(Unknown Source)
	at TempTestSuite1543984468899.run(TempTestSuite1543984468899.groovy:36)


2018-12-05 10:06:09 - [TEST_STEP][PASSED] - FirstName = getAttribute(findTestObject("Edit Profile/Page_Profile  5-15/input_txtFirstName"), "value"): Attribute 'value' of object 'Object Repository/Edit Profile/Page_Profile  5-15/input_txtFirstName' is: 'Shinto-QA'

2018-12-05 10:06:10 - [MESSAGE][PASSED] - Attribute 'value' of object 'Object Repository/Edit Profile/Page_Profile  5-15/input_txtFirstName' is: 'Shinto-QA'

2018-12-05 10:06:10 - [TEST_STEP][PASSED] - verifyMatch("Shinto-QA", FirstName, false): Actual text 'Shinto-QA' and expected text 'Shinto-QA' are matched 

2018-12-05 10:06:10 - [MESSAGE][PASSED] - Actual text 'Shinto-QA' and expected text 'Shinto-QA' are matched 

2018-12-05 10:06:10 - [TEST_STEP][PASSED] - LastName = getAttribute(findTestObject("Edit Profile/Page_Profile  5-15/input_txtLastName"), "value"): Attribute 'value' of object 'Object Repository/Edit Profile/Page_Profile  5-15/input_txtLastName' is: 'Test'

2018-12-05 10:06:10 - [MESSAGE][PASSED] - Attribute 'value' of object 'Object Repository/Edit Profile/Page_Profile  5-15/input_txtLastName' is: 'Test'

2018-12-05 10:06:10 - [TEST_STEP][PASSED] - verifyMatch("Test", LastName, false): Actual text 'Test' and expected text 'Test' are matched 

2018-12-05 10:06:10 - [MESSAGE][PASSED] - Actual text 'Test' and expected text 'Test' are matched 

2018-12-05 10:06:10 - [TEST_STEP][PASSED] - Month = getAttribute(findTestObject("Edit Profile/Page_Profile  5-15/select_Month"), "value"): Attribute 'value' of object 'Object Repository/Edit Profile/Page_Profile  5-15/select_Month' is: '05'

2018-12-05 10:06:10 - [MESSAGE][PASSED] - Attribute 'value' of object 'Object Repository/Edit Profile/Page_Profile  5-15/select_Month' is: '05'

2018-12-05 10:06:10 - [TEST_STEP][PASSED] - verifyMatch("05", Month, false): Actual text '05' and expected text '05' are matched 

2018-12-05 10:06:10 - [MESSAGE][PASSED] - Actual text '05' and expected text '05' are matched 

2018-12-05 10:06:10 - [TEST_STEP][PASSED] - Day = getAttribute(findTestObject("Edit Profile/Page_Profile  5-15/select_Day                  01"), "value"): Attribute 'value' of object 'Object Repository/Edit Profile/Page_Profile  5-15/select_Day                  01' is: '05'

2018-12-05 10:06:10 - [MESSAGE][PASSED] - Attribute 'value' of object 'Object Repository/Edit Profile/Page_Profile  5-15/select_Day                  01' is: '05'

2018-12-05 10:06:10 - [TEST_STEP][PASSED] - verifyMatch("05", Day, false): Actual text '05' and expected text '05' are matched 

2018-12-05 10:06:10 - [MESSAGE][PASSED] - Actual text '05' and expected text '05' are matched 

2018-12-05 10:06:10 - [TEST_STEP][PASSED] - Year = getAttribute(findTestObject("Edit Profile/Page_Profile  5-15/select_Year                  2"), "value"): Attribute 'value' of object 'Object Repository/Edit Profile/Page_Profile  5-15/select_Year                  2' is: '1990'

2018-12-05 10:06:10 - [MESSAGE][PASSED] - Attribute 'value' of object 'Object Repository/Edit Profile/Page_Profile  5-15/select_Year                  2' is: '1990'

2018-12-05 10:06:10 - [TEST_STEP][PASSED] - verifyMatch("1990", Year, false): Actual text '1990' and expected text '1990' are matched 

2018-12-05 10:06:10 - [MESSAGE][PASSED] - Actual text '1990' and expected text '1990' are matched 

2018-12-05 10:06:10 - [TEST_STEP][PASSED] - MaritialStatus = getAttribute(findTestObject("Edit Profile/Page_Profile  5-15/select_Select Marital Status"), "value"): Attribute 'value' of object 'Object Repository/Edit Profile/Page_Profile  5-15/select_Select Marital Status' is: 'Married'

2018-12-05 10:06:10 - [MESSAGE][PASSED] - Attribute 'value' of object 'Object Repository/Edit Profile/Page_Profile  5-15/select_Select Marital Status' is: 'Married'

2018-12-05 10:06:10 - [TEST_STEP][PASSED] - verifyMatch("Married", MaritialStatus, false): Actual text 'Married' and expected text 'Married' are matched 

2018-12-05 10:06:10 - [MESSAGE][PASSED] - Actual text 'Married' and expected text 'Married' are matched 

2018-12-05 10:06:10 - [TEST_STEP][FAILED] - Country = getAttribute(findTestObject("Edit Profile/Page_Profile  5-15/select_Select Birth Country"), "value"): Country = getAttribute(findTestObject("Edit Profile/Page_Profile  5-15/select_Select Birth Country"), "value") FAILED.
Reason:
com.kms.katalon.core.exception.StepFailedException: Unable to get attribute 'value' of object 'Object Repository/Edit Profile/Page_Profile  5-15/select_Select Birth Country' (Root cause: com.kms.katalon.core.webui.exception.WebElementNotFoundException: Web element with id: 'Object Repository/Edit Profile/Page_Profile  5-15/select_Select Birth Country' located by 'By.xpath: //select[@id = 'ddlBirthCountry' and (text() = concat('
              Select Birth Country
              United States Of AmericaItalyAfghanistanÅland IslandsAlbaniaAlgeriaAmerican SamoaAndorraAngolaAnguillaAntarcticaAntigua and BarbudaArgentinaArmeniaArubaAustraliaAustriaAzerbaijanBahamasBahrainBangladeshBarbadosBelarusBelgiumBelizeBeninBermudaBhutanBolivia, Plurinational [state] ofBonaire, Sint Eustatius and SabaBosnia and HerzegovinaBotswanaBouvet IslandBrazilBritish Indian Ocean TerritoryBrunei DarussalamBulgariaBurkina FasoBurundiCambodiaCameroonCanadaCape VerdeCayman IslandsCentral African RepublicChadChileChinaChristmas IslandCocos (Keeling) IslandsColombiaComorosCongoCongo, the Democratic Republic of theCook IslandsCosta RicaCôte d' , "'" , 'IvoireCroatiaCubaCuraçaoCyprusCzech RepublicDenmarkDjiboutiDominicaDominican RepublicEcuadorEgyptEl SalvadorEquatorial GuineaEritreaEstoniaEthiopiaFalkland Islands (Malvinas)Faroe IslandsFijiFinlandFranceFrench GuianaFrench PolynesiaFrench Southern TerritoriesGabonGambiaGeorgiaGermanyGhanaGibraltarGreeceGreenlandGrenadaGuadeloupeGuamGuatemalaGuernseyGuineaGuinea-BissauGuyanaHaitiHeard Island and McDonald IslandsHoly See (Vatican City State)HondurasHong KongHungaryIcelandIndiaIndonesiaIran, Islamic Republic ofIraqIrelandIsle of ManIsraelJamaicaJapanJerseyJordanKazakhstanKenyaKiribatiKorea, Democratic People' , "'" , 's Republic ofKorea, Republic ofKuwaitKyrgyzstanLao People' , "'" , 's Democratic RepublicLatviaLebanonLesothoLiberiaLibyaLiechtensteinLithuaniaLuxembourgMacaoMacedonia, the Former Yugoslav Republic ofMadagascarMalawiMalaysiaMaldivesMaliMaltaMarshall IslandsMartiniqueMauritaniaMauritiusMayotteMexicoMicronesia, Federated States ofMoldova, Republic ofMonacoMongoliaMontenegroMontserratMoroccoMozambiqueMyanmarNamibiaNauruNepalNetherlandsNew CaledoniaNew ZealandNicaraguaNigerNigeriaNiueNorfolk IslandNorthern Mariana IslandsNorwayOmanPakistanPalauPalestine, [state] ofPanamaPapua New GuineaParaguayPeruPhilippinesPitcairnPolandPortugalPuerto RicoQatarRéunionRomaniaRussian FederationRwandaSaint BarthélemySaint Helena, Ascension and Tristan da CunhaSaint Kitts and NevisSaint LuciaSaint Martin (French part)Saint Pierre and MiquelonSaint Vincent and the GrenadinesSamoaSan MarinoSao Tome and PrincipeSaudi ArabiaSenegalSerbiaSeychellesSierra LeoneSingaporeSint Maarten (Dutch part)SlovakiaSloveniaSolomon IslandsSomaliaSouth AfricaSouth Georgia and the South Sandwich IslandsSouth SudanSpainSri LankaSudanSurinameSvalbard and Jan MayenSwazilandSwedenSwitzerlandSyrian Arab RepublicTaiwan, Province of ChinaTajikistanTanzania, United Republic ofThailandTimor-LesteTogoTokelauTongaTrinidad and TobagoTunisiaTurkeyTurkmenistanTurks and Caicos IslandsTuvaluUgandaUkraineUnited Arab EmiratesUnited KingdomUnited States Minor Outlying IslandsUruguayUzbekistanVanuatuVenezuela, Bolivarian Republic ofViet NamVirgin Islands, BritishVirgin Islands, U.S.Wallis and FutunaWestern SaharaYemenZambiaZimbabwe
            ') or . = concat('
              Select Birth Country
              United States Of AmericaItalyAfghanistanÅland IslandsAlbaniaAlgeriaAmerican SamoaAndorraAngolaAnguillaAntarcticaAntigua and BarbudaArgentinaArmeniaArubaAustraliaAustriaAzerbaijanBahamasBahrainBangladeshBarbadosBelarusBelgiumBelizeBeninBermudaBhutanBolivia, Plurinational [state] ofBonaire, Sint Eustatius and SabaBosnia and HerzegovinaBotswanaBouvet IslandBrazilBritish Indian Ocean TerritoryBrunei DarussalamBulgariaBurkina FasoBurundiCambodiaCameroonCanadaCape VerdeCayman IslandsCentral African RepublicChadChileChinaChristmas IslandCocos (Keeling) IslandsColombiaComorosCongoCongo, the Democratic Republic of theCook IslandsCosta RicaCôte d' , "'" , 'IvoireCroatiaCubaCuraçaoCyprusCzech RepublicDenmarkDjiboutiDominicaDominican RepublicEcuadorEgyptEl SalvadorEquatorial GuineaEritreaEstoniaEthiopiaFalkland Islands (Malvinas)Faroe IslandsFijiFinlandFranceFrench GuianaFrench PolynesiaFrench Southern TerritoriesGabonGambiaGeorgiaGermanyGhanaGibraltarGreeceGreenlandGrenadaGuadeloupeGuamGuatemalaGuernseyGuineaGuinea-BissauGuyanaHaitiHeard Island and McDonald IslandsHoly See (Vatican City State)HondurasHong KongHungaryIcelandIndiaIndonesiaIran, Islamic Republic ofIraqIrelandIsle of ManIsraelJamaicaJapanJerseyJordanKazakhstanKenyaKiribatiKorea, Democratic People' , "'" , 's Republic ofKorea, Republic ofKuwaitKyrgyzstanLao People' , "'" , 's Democratic RepublicLatviaLebanonLesothoLiberiaLibyaLiechtensteinLithuaniaLuxembourgMacaoMacedonia, the Former Yugoslav Republic ofMadagascarMalawiMalaysiaMaldivesMaliMaltaMarshall IslandsMartiniqueMauritaniaMauritiusMayotteMexicoMicronesia, Federated States ofMoldova, Republic ofMonacoMongoliaMontenegroMontserratMoroccoMozambiqueMyanmarNamibiaNauruNepalNetherlandsNew CaledoniaNew ZealandNicaraguaNigerNigeriaNiueNorfolk IslandNorthern Mariana IslandsNorwayOmanPakistanPalauPalestine, [state] ofPanamaPapua New GuineaParaguayPeruPhilippinesPitcairnPolandPortugalPuerto RicoQatarRéunionRomaniaRussian FederationRwandaSaint BarthélemySaint Helena, Ascension and Tristan da CunhaSaint Kitts and NevisSaint LuciaSaint Martin (French part)Saint Pierre and MiquelonSaint Vincent and the GrenadinesSamoaSan MarinoSao Tome and PrincipeSaudi ArabiaSenegalSerbiaSeychellesSierra LeoneSingaporeSint Maarten (Dutch part)SlovakiaSloveniaSolomon IslandsSomaliaSouth AfricaSouth Georgia and the South Sandwich IslandsSouth SudanSpainSri LankaSudanSurinameSvalbard and Jan MayenSwazilandSwedenSwitzerlandSyrian Arab RepublicTaiwan, Province of ChinaTajikistanTanzania, United Republic ofThailandTimor-LesteTogoTokelauTongaTrinidad and TobagoTunisiaTurkeyTurkmenistanTurks and Caicos IslandsTuvaluUgandaUkraineUnited Arab EmiratesUnited KingdomUnited States Minor Outlying IslandsUruguayUzbekistanVanuatuVenezuela, Bolivarian Republic ofViet NamVirgin Islands, BritishVirgin Islands, U.S.Wallis and FutunaWestern SaharaYemenZambiaZimbabwe
            '))]' not found)
	at com.kms.katalon.core.keyword.internal.KeywordMain.stepFailed(KeywordMain.groovy:36)
	at com.kms.katalon.core.webui.keyword.internal.WebUIKeywordMain.stepFailed(WebUIKeywordMain.groovy:65)
	at com.kms.katalon.core.webui.keyword.internal.WebUIKeywordMain.runKeyword(WebUIKeywordMain.groovy:27)
	at com.kms.katalon.core.webui.keyword.builtin.GetAttributeKeyword.getAttribute(GetAttributeKeyword.groovy:93)
	at com.kms.katalon.core.webui.keyword.builtin.GetAttributeKeyword.execute(GetAttributeKeyword.groovy:68)
	at com.kms.katalon.core.keyword.internal.KeywordExecutor.executeKeywordForPlatform(KeywordExecutor.groovy:53)
	at com.kms.katalon.core.webui.keyword.WebUiBuiltInKeywords.getAttribute(WebUiBuiltInKeywords.groovy:921)
	at com.kms.katalon.core.webui.keyword.WebUiBuiltInKeywords$getAttribute$7.call(Unknown Source)
	at TCBA01208.run(TCBA01208:40)
	at com.kms.katalon.core.main.ScriptEngine.run(ScriptEngine.java:194)
	at com.kms.katalon.core.main.ScriptEngine.runScriptAsRawText(ScriptEngine.java:119)
	at com.kms.katalon.core.main.TestCaseExecutor.runScript(TestCaseExecutor.java:321)
	at com.kms.katalon.core.main.TestCaseExecutor.doExecute(TestCaseExecutor.java:312)
	at com.kms.katalon.core.main.TestCaseExecutor.processExecutionPhase(TestCaseExecutor.java:291)
	at com.kms.katalon.core.main.TestCaseExecutor.accessMainPhase(TestCaseExecutor.java:283)
	at com.kms.katalon.core.main.TestCaseExecutor.execute(TestCaseExecutor.java:222)
	at com.kms.katalon.core.main.TestSuiteExecutor.accessTestCaseMainPhase(TestSuiteExecutor.java:129)
	at com.kms.katalon.core.main.TestSuiteExecutor.accessTestSuiteMainPhase(TestSuiteExecutor.java:112)
	at com.kms.katalon.core.main.TestSuiteExecutor.execute(TestSuiteExecutor.java:81)
	at com.kms.katalon.core.main.TestCaseMain.startTestSuite(TestCaseMain.java:149)
	at com.kms.katalon.core.main.TestCaseMain$startTestSuite$0.call(Unknown Source)
	at TempTestSuite1543984468899.run(TempTestSuite1543984468899.groovy:36)


2018-12-05 10:06:41 - [MESSAGE][INFO] - Unable to find the element located by 'By.xpath: //select[@id = 'ddlBirthCountry' and (text() = concat('
              Select Birth Country
              United States Of AmericaItalyAfghanistanÅland IslandsAlbaniaAlgeriaAmerican SamoaAndorraAngolaAnguillaAntarcticaAntigua and BarbudaArgentinaArmeniaArubaAustraliaAustriaAzerbaijanBahamasBahrainBangladeshBarbadosBelarusBelgiumBelizeBeninBermudaBhutanBolivia, Plurinational [state] ofBonaire, Sint Eustatius and SabaBosnia and HerzegovinaBotswanaBouvet IslandBrazilBritish Indian Ocean TerritoryBrunei DarussalamBulgariaBurkina FasoBurundiCambodiaCameroonCanadaCape VerdeCayman IslandsCentral African RepublicChadChileChinaChristmas IslandCocos (Keeling) IslandsColombiaComorosCongoCongo, the Democratic Republic of theCook IslandsCosta RicaCôte d' , "'" , 'IvoireCroatiaCubaCuraçaoCyprusCzech RepublicDenmarkDjiboutiDominicaDominican RepublicEcuadorEgyptEl SalvadorEquatorial GuineaEritreaEstoniaEthiopiaFalkland Islands (Malvinas)Faroe IslandsFijiFinlandFranceFrench GuianaFrench PolynesiaFrench Southern TerritoriesGabonGambiaGeorgiaGermanyGhanaGibraltarGreeceGreenlandGrenadaGuadeloupeGuamGuatemalaGuernseyGuineaGuinea-BissauGuyanaHaitiHeard Island and McDonald IslandsHoly See (Vatican City State)HondurasHong KongHungaryIcelandIndiaIndonesiaIran, Islamic Republic ofIraqIrelandIsle of ManIsraelJamaicaJapanJerseyJordanKazakhstanKenyaKiribatiKorea, Democratic People' , "'" , 's Republic ofKorea, Republic ofKuwaitKyrgyzstanLao People' , "'" , 's Democratic RepublicLatviaLebanonLesothoLiberiaLibyaLiechtensteinLithuaniaLuxembourgMacaoMacedonia, the Former Yugoslav Republic ofMadagascarMalawiMalaysiaMaldivesMaliMaltaMarshall IslandsMartiniqueMauritaniaMauritiusMayotteMexicoMicronesia, Federated States ofMoldova, Republic ofMonacoMongoliaMontenegroMontserratMoroccoMozambiqueMyanmarNamibiaNauruNepalNetherlandsNew CaledoniaNew ZealandNicaraguaNigerNigeriaNiueNorfolk IslandNorthern Mariana IslandsNorwayOmanPakistanPalauPalestine, [state] ofPanamaPapua New GuineaParaguayPeruPhilippinesPitcairnPolandPortugalPuerto RicoQatarRéunionRomaniaRussian FederationRwandaSaint BarthélemySaint Helena, Ascension and Tristan da CunhaSaint Kitts and NevisSaint LuciaSaint Martin (French part)Saint Pierre and MiquelonSaint Vincent and the GrenadinesSamoaSan MarinoSao Tome and PrincipeSaudi ArabiaSenegalSerbiaSeychellesSierra LeoneSingaporeSint Maarten (Dutch part)SlovakiaSloveniaSolomon IslandsSomaliaSouth AfricaSouth Georgia and the South Sandwich IslandsSouth SudanSpainSri LankaSudanSurinameSvalbard and Jan MayenSwazilandSwedenSwitzerlandSyrian Arab RepublicTaiwan, Province of ChinaTajikistanTanzania, United Republic ofThailandTimor-LesteTogoTokelauTongaTrinidad and TobagoTunisiaTurkeyTurkmenistanTurks and Caicos IslandsTuvaluUgandaUkraineUnited Arab EmiratesUnited KingdomUnited States Minor Outlying IslandsUruguayUzbekistanVanuatuVenezuela, Bolivarian Republic ofViet NamVirgin Islands, BritishVirgin Islands, U.S.Wallis and FutunaWestern SaharaYemenZambiaZimbabwe
            ') or . = concat('
              Select Birth Country
              United States Of AmericaItalyAfghanistanÅland IslandsAlbaniaAlgeriaAmerican SamoaAndorraAngolaAnguillaAntarcticaAntigua and BarbudaArgentinaArmeniaArubaAustraliaAustriaAzerbaijanBahamasBahrainBangladeshBarbadosBelarusBelgiumBelizeBeninBermudaBhutanBolivia, Plurinational [state] ofBonaire, Sint Eustatius and SabaBosnia and HerzegovinaBotswanaBouvet IslandBrazilBritish Indian Ocean TerritoryBrunei DarussalamBulgariaBurkina FasoBurundiCambodiaCameroonCanadaCape VerdeCayman IslandsCentral African RepublicChadChileChinaChristmas IslandCocos (Keeling) IslandsColombiaComorosCongoCongo, the Democratic Republic of theCook IslandsCosta RicaCôte d' , "'" , 'IvoireCroatiaCubaCuraçaoCyprusCzech RepublicDenmarkDjiboutiDominicaDominican RepublicEcuadorEgyptEl SalvadorEquatorial GuineaEritreaEstoniaEthiopiaFalkland Islands (Malvinas)Faroe IslandsFijiFinlandFranceFrench GuianaFrench PolynesiaFrench Southern TerritoriesGabonGambiaGeorgiaGermanyGhanaGibraltarGreeceGreenlandGrenadaGuadeloupeGuamGuatemalaGuernseyGuineaGuinea-BissauGuyanaHaitiHeard Island and McDonald IslandsHoly See (Vatican City State)HondurasHong KongHungaryIcelandIndiaIndonesiaIran, Islamic Republic ofIraqIrelandIsle of ManIsraelJamaicaJapanJerseyJordanKazakhstanKenyaKiribatiKorea, Democratic People' , "'" , 's Republic ofKorea, Republic ofKuwaitKyrgyzstanLao People' , "'" , 's Democratic RepublicLatviaLebanonLesothoLiberiaLibyaLiechtensteinLithuaniaLuxembourgMacaoMacedonia, the Former Yugoslav Republic ofMadagascarMalawiMalaysiaMaldivesMaliMaltaMarshall IslandsMartiniqueMauritaniaMauritiusMayotteMexicoMicronesia, Federated States ofMoldova, Republic ofMonacoMongoliaMontenegroMontserratMoroccoMozambiqueMyanmarNamibiaNauruNepalNetherlandsNew CaledoniaNew ZealandNicaraguaNigerNigeriaNiueNorfolk IslandNorthern Mariana IslandsNorwayOmanPakistanPalauPalestine, [state] ofPanamaPapua New GuineaParaguayPeruPhilippinesPitcairnPolandPortugalPuerto RicoQatarRéunionRomaniaRussian FederationRwandaSaint BarthélemySaint Helena, Ascension and Tristan da CunhaSaint Kitts and NevisSaint LuciaSaint Martin (French part)Saint Pierre and MiquelonSaint Vincent and the GrenadinesSamoaSan MarinoSao Tome and PrincipeSaudi ArabiaSenegalSerbiaSeychellesSierra LeoneSingaporeSint Maarten (Dutch part)SlovakiaSloveniaSolomon IslandsSomaliaSouth AfricaSouth Georgia and the South Sandwich IslandsSouth SudanSpainSri LankaSudanSurinameSvalbard and Jan MayenSwazilandSwedenSwitzerlandSyrian Arab RepublicTaiwan, Province of ChinaTajikistanTanzania, United Republic ofThailandTimor-LesteTogoTokelauTongaTrinidad and TobagoTunisiaTurkeyTurkmenistanTurks and Caicos IslandsTuvaluUgandaUkraineUnited Arab EmiratesUnited KingdomUnited States Minor Outlying IslandsUruguayUzbekistanVanuatuVenezuela, Bolivarian Republic ofViet NamVirgin Islands, BritishVirgin Islands, U.S.Wallis and FutunaWestern SaharaYemenZambiaZimbabwe
            '))]'. Please recheck the objects properties to make sure the desired element is located. 

2018-12-05 10:06:42 - [MESSAGE][FAILED] - Unable to get attribute 'value' of object 'Object Repository/Edit Profile/Page_Profile  5-15/select_Select Birth Country' (Root cause: com.kms.katalon.core.webui.exception.WebElementNotFoundException: Web element with id: 'Object Repository/Edit Profile/Page_Profile  5-15/select_Select Birth Country' located by 'By.xpath: //select[@id = 'ddlBirthCountry' and (text() = concat('
              Select Birth Country
              United States Of AmericaItalyAfghanistanÅland IslandsAlbaniaAlgeriaAmerican SamoaAndorraAngolaAnguillaAntarcticaAntigua and BarbudaArgentinaArmeniaArubaAustraliaAustriaAzerbaijanBahamasBahrainBangladeshBarbadosBelarusBelgiumBelizeBeninBermudaBhutanBolivia, Plurinational [state] ofBonaire, Sint Eustatius and SabaBosnia and HerzegovinaBotswanaBouvet IslandBrazilBritish Indian Ocean TerritoryBrunei DarussalamBulgariaBurkina FasoBurundiCambodiaCameroonCanadaCape VerdeCayman IslandsCentral African RepublicChadChileChinaChristmas IslandCocos (Keeling) IslandsColombiaComorosCongoCongo, the Democratic Republic of theCook IslandsCosta RicaCôte d' , "'" , 'IvoireCroatiaCubaCuraçaoCyprusCzech RepublicDenmarkDjiboutiDominicaDominican RepublicEcuadorEgyptEl SalvadorEquatorial GuineaEritreaEstoniaEthiopiaFalkland Islands (Malvinas)Faroe IslandsFijiFinlandFranceFrench GuianaFrench PolynesiaFrench Southern TerritoriesGabonGambiaGeorgiaGermanyGhanaGibraltarGreeceGreenlandGrenadaGuadeloupeGuamGuatemalaGuernseyGuineaGuinea-BissauGuyanaHaitiHeard Island and McDonald IslandsHoly See (Vatican City State)HondurasHong KongHungaryIcelandIndiaIndonesiaIran, Islamic Republic ofIraqIrelandIsle of ManIsraelJamaicaJapanJerseyJordanKazakhstanKenyaKiribatiKorea, Democratic People' , "'" , 's Republic ofKorea, Republic ofKuwaitKyrgyzstanLao People' , "'" , 's Democratic RepublicLatviaLebanonLesothoLiberiaLibyaLiechtensteinLithuaniaLuxembourgMacaoMacedonia, the Former Yugoslav Republic ofMadagascarMalawiMalaysiaMaldivesMaliMaltaMarshall IslandsMartiniqueMauritaniaMauritiusMayotteMexicoMicronesia, Federated States ofMoldova, Republic ofMonacoMongoliaMontenegroMontserratMoroccoMozambiqueMyanmarNamibiaNauruNepalNetherlandsNew CaledoniaNew ZealandNicaraguaNigerNigeriaNiueNorfolk IslandNorthern Mariana IslandsNorwayOmanPakistanPalauPalestine, [state] ofPanamaPapua New GuineaParaguayPeruPhilippinesPitcairnPolandPortugalPuerto RicoQatarRéunionRomaniaRussian FederationRwandaSaint BarthélemySaint Helena, Ascension and Tristan da CunhaSaint Kitts and NevisSaint LuciaSaint Martin (French part)Saint Pierre and MiquelonSaint Vincent and the GrenadinesSamoaSan MarinoSao Tome and PrincipeSaudi ArabiaSenegalSerbiaSeychellesSierra LeoneSingaporeSint Maarten (Dutch part)SlovakiaSloveniaSolomon IslandsSomaliaSouth AfricaSouth Georgia and the South Sandwich IslandsSouth SudanSpainSri LankaSudanSurinameSvalbard and Jan MayenSwazilandSwedenSwitzerlandSyrian Arab RepublicTaiwan, Province of ChinaTajikistanTanzania, United Republic ofThailandTimor-LesteTogoTokelauTongaTrinidad and TobagoTunisiaTurkeyTurkmenistanTurks and Caicos IslandsTuvaluUgandaUkraineUnited Arab EmiratesUnited KingdomUnited States Minor Outlying IslandsUruguayUzbekistanVanuatuVenezuela, Bolivarian Republic ofViet NamVirgin Islands, BritishVirgin Islands, U.S.Wallis and FutunaWestern SaharaYemenZambiaZimbabwe
            ') or . = concat('
              Select Birth Country
              United States Of AmericaItalyAfghanistanÅland IslandsAlbaniaAlgeriaAmerican SamoaAndorraAngolaAnguillaAntarcticaAntigua and BarbudaArgentinaArmeniaArubaAustraliaAustriaAzerbaijanBahamasBahrainBangladeshBarbadosBelarusBelgiumBelizeBeninBermudaBhutanBolivia, Plurinational [state] ofBonaire, Sint Eustatius and SabaBosnia and HerzegovinaBotswanaBouvet IslandBrazilBritish Indian Ocean TerritoryBrunei DarussalamBulgariaBurkina FasoBurundiCambodiaCameroonCanadaCape VerdeCayman IslandsCentral African RepublicChadChileChinaChristmas IslandCocos (Keeling) IslandsColombiaComorosCongoCongo, the Democratic Republic of theCook IslandsCosta RicaCôte d' , "'" , 'IvoireCroatiaCubaCuraçaoCyprusCzech RepublicDenmarkDjiboutiDominicaDominican RepublicEcuadorEgyptEl SalvadorEquatorial GuineaEritreaEstoniaEthiopiaFalkland Islands (Malvinas)Faroe IslandsFijiFinlandFranceFrench GuianaFrench PolynesiaFrench Southern TerritoriesGabonGambiaGeorgiaGermanyGhanaGibraltarGreeceGreenlandGrenadaGuadeloupeGuamGuatemalaGuernseyGuineaGuinea-BissauGuyanaHaitiHeard Island and McDonald IslandsHoly See (Vatican City State)HondurasHong KongHungaryIcelandIndiaIndonesiaIran, Islamic Republic ofIraqIrelandIsle of ManIsraelJamaicaJapanJerseyJordanKazakhstanKenyaKiribatiKorea, Democratic People' , "'" , 's Republic ofKorea, Republic ofKuwaitKyrgyzstanLao People' , "'" , 's Democratic RepublicLatviaLebanonLesothoLiberiaLibyaLiechtensteinLithuaniaLuxembourgMacaoMacedonia, the Former Yugoslav Republic ofMadagascarMalawiMalaysiaMaldivesMaliMaltaMarshall IslandsMartiniqueMauritaniaMauritiusMayotteMexicoMicronesia, Federated States ofMoldova, Republic ofMonacoMongoliaMontenegroMontserratMoroccoMozambiqueMyanmarNamibiaNauruNepalNetherlandsNew CaledoniaNew ZealandNicaraguaNigerNigeriaNiueNorfolk IslandNorthern Mariana IslandsNorwayOmanPakistanPalauPalestine, [state] ofPanamaPapua New GuineaParaguayPeruPhilippinesPitcairnPolandPortugalPuerto RicoQatarRéunionRomaniaRussian FederationRwandaSaint BarthélemySaint Helena, Ascension and Tristan da CunhaSaint Kitts and NevisSaint LuciaSaint Martin (French part)Saint Pierre and MiquelonSaint Vincent and the GrenadinesSamoaSan MarinoSao Tome and PrincipeSaudi ArabiaSenegalSerbiaSeychellesSierra LeoneSingaporeSint Maarten (Dutch part)SlovakiaSloveniaSolomon IslandsSomaliaSouth AfricaSouth Georgia and the South Sandwich IslandsSouth SudanSpainSri LankaSudanSurinameSvalbard and Jan MayenSwazilandSwedenSwitzerlandSyrian Arab RepublicTaiwan, Province of ChinaTajikistanTanzania, United Republic ofThailandTimor-LesteTogoTokelauTongaTrinidad and TobagoTunisiaTurkeyTurkmenistanTurks and Caicos IslandsTuvaluUgandaUkraineUnited Arab EmiratesUnited KingdomUnited States Minor Outlying IslandsUruguayUzbekistanVanuatuVenezuela, Bolivarian Republic ofViet NamVirgin Islands, BritishVirgin Islands, U.S.Wallis and FutunaWestern SaharaYemenZambiaZimbabwe
            '))]' not found)
[[ATTACHMENT|F:\\Vofox-Katalon\\Bonanza\\Reports\\VBZ0012-Edit profile\\20181205_100428\\1543984601622.png]]

2018-12-05 10:06:42 - [MESSAGE][FAILED] - Country = getAttribute(findTestObject("Edit Profile/Page_Profile  5-15/select_Select Birth Country"), "value") FAILED.
Reason:
com.kms.katalon.core.exception.StepFailedException: Unable to get attribute 'value' of object 'Object Repository/Edit Profile/Page_Profile  5-15/select_Select Birth Country' (Root cause: com.kms.katalon.core.webui.exception.WebElementNotFoundException: Web element with id: 'Object Repository/Edit Profile/Page_Profile  5-15/select_Select Birth Country' located by 'By.xpath: //select[@id = 'ddlBirthCountry' and (text() = concat('
              Select Birth Country
              United States Of AmericaItalyAfghanistanÅland IslandsAlbaniaAlgeriaAmerican SamoaAndorraAngolaAnguillaAntarcticaAntigua and BarbudaArgentinaArmeniaArubaAustraliaAustriaAzerbaijanBahamasBahrainBangladeshBarbadosBelarusBelgiumBelizeBeninBermudaBhutanBolivia, Plurinational [state] ofBonaire, Sint Eustatius and SabaBosnia and HerzegovinaBotswanaBouvet IslandBrazilBritish Indian Ocean TerritoryBrunei DarussalamBulgariaBurkina FasoBurundiCambodiaCameroonCanadaCape VerdeCayman IslandsCentral African RepublicChadChileChinaChristmas IslandCocos (Keeling) IslandsColombiaComorosCongoCongo, the Democratic Republic of theCook IslandsCosta RicaCôte d' , "'" , 'IvoireCroatiaCubaCuraçaoCyprusCzech RepublicDenmarkDjiboutiDominicaDominican RepublicEcuadorEgyptEl SalvadorEquatorial GuineaEritreaEstoniaEthiopiaFalkland Islands (Malvinas)Faroe IslandsFijiFinlandFranceFrench GuianaFrench PolynesiaFrench Southern TerritoriesGabonGambiaGeorgiaGermanyGhanaGibraltarGreeceGreenlandGrenadaGuadeloupeGuamGuatemalaGuernseyGuineaGuinea-BissauGuyanaHaitiHeard Island and McDonald IslandsHoly See (Vatican City State)HondurasHong KongHungaryIcelandIndiaIndonesiaIran, Islamic Republic ofIraqIrelandIsle of ManIsraelJamaicaJapanJerseyJordanKazakhstanKenyaKiribatiKorea, Democratic People' , "'" , 's Republic ofKorea, Republic ofKuwaitKyrgyzstanLao People' , "'" , 's Democratic RepublicLatviaLebanonLesothoLiberiaLibyaLiechtensteinLithuaniaLuxembourgMacaoMacedonia, the Former Yugoslav Republic ofMadagascarMalawiMalaysiaMaldivesMaliMaltaMarshall IslandsMartiniqueMauritaniaMauritiusMayotteMexicoMicronesia, Federated States ofMoldova, Republic ofMonacoMongoliaMontenegroMontserratMoroccoMozambiqueMyanmarNamibiaNauruNepalNetherlandsNew CaledoniaNew ZealandNicaraguaNigerNigeriaNiueNorfolk IslandNorthern Mariana IslandsNorwayOmanPakistanPalauPalestine, [state] ofPanamaPapua New GuineaParaguayPeruPhilippinesPitcairnPolandPortugalPuerto RicoQatarRéunionRomaniaRussian FederationRwandaSaint BarthélemySaint Helena, Ascension and Tristan da CunhaSaint Kitts and NevisSaint LuciaSaint Martin (French part)Saint Pierre and MiquelonSaint Vincent and the GrenadinesSamoaSan MarinoSao Tome and PrincipeSaudi ArabiaSenegalSerbiaSeychellesSierra LeoneSingaporeSint Maarten (Dutch part)SlovakiaSloveniaSolomon IslandsSomaliaSouth AfricaSouth Georgia and the South Sandwich IslandsSouth SudanSpainSri LankaSudanSurinameSvalbard and Jan MayenSwazilandSwedenSwitzerlandSyrian Arab RepublicTaiwan, Province of ChinaTajikistanTanzania, United Republic ofThailandTimor-LesteTogoTokelauTongaTrinidad and TobagoTunisiaTurkeyTurkmenistanTurks and Caicos IslandsTuvaluUgandaUkraineUnited Arab EmiratesUnited KingdomUnited States Minor Outlying IslandsUruguayUzbekistanVanuatuVenezuela, Bolivarian Republic ofViet NamVirgin Islands, BritishVirgin Islands, U.S.Wallis and FutunaWestern SaharaYemenZambiaZimbabwe
            ') or . = concat('
              Select Birth Country
              United States Of AmericaItalyAfghanistanÅland IslandsAlbaniaAlgeriaAmerican SamoaAndorraAngolaAnguillaAntarcticaAntigua and BarbudaArgentinaArmeniaArubaAustraliaAustriaAzerbaijanBahamasBahrainBangladeshBarbadosBelarusBelgiumBelizeBeninBermudaBhutanBolivia, Plurinational [state] ofBonaire, Sint Eustatius and SabaBosnia and HerzegovinaBotswanaBouvet IslandBrazilBritish Indian Ocean TerritoryBrunei DarussalamBulgariaBurkina FasoBurundiCambodiaCameroonCanadaCape VerdeCayman IslandsCentral African RepublicChadChileChinaChristmas IslandCocos (Keeling) IslandsColombiaComorosCongoCongo, the Democratic Republic of theCook IslandsCosta RicaCôte d' , "'" , 'IvoireCroatiaCubaCuraçaoCyprusCzech RepublicDenmarkDjiboutiDominicaDominican RepublicEcuadorEgyptEl SalvadorEquatorial GuineaEritreaEstoniaEthiopiaFalkland Islands (Malvinas)Faroe IslandsFijiFinlandFranceFrench GuianaFrench PolynesiaFrench Southern TerritoriesGabonGambiaGeorgiaGermanyGhanaGibraltarGreeceGreenlandGrenadaGuadeloupeGuamGuatemalaGuernseyGuineaGuinea-BissauGuyanaHaitiHeard Island and McDonald IslandsHoly See (Vatican City State)HondurasHong KongHungaryIcelandIndiaIndonesiaIran, Islamic Republic ofIraqIrelandIsle of ManIsraelJamaicaJapanJerseyJordanKazakhstanKenyaKiribatiKorea, Democratic People' , "'" , 's Republic ofKorea, Republic ofKuwaitKyrgyzstanLao People' , "'" , 's Democratic RepublicLatviaLebanonLesothoLiberiaLibyaLiechtensteinLithuaniaLuxembourgMacaoMacedonia, the Former Yugoslav Republic ofMadagascarMalawiMalaysiaMaldivesMaliMaltaMarshall IslandsMartiniqueMauritaniaMauritiusMayotteMexicoMicronesia, Federated States ofMoldova, Republic ofMonacoMongoliaMontenegroMontserratMoroccoMozambiqueMyanmarNamibiaNauruNepalNetherlandsNew CaledoniaNew ZealandNicaraguaNigerNigeriaNiueNorfolk IslandNorthern Mariana IslandsNorwayOmanPakistanPalauPalestine, [state] ofPanamaPapua New GuineaParaguayPeruPhilippinesPitcairnPolandPortugalPuerto RicoQatarRéunionRomaniaRussian FederationRwandaSaint BarthélemySaint Helena, Ascension and Tristan da CunhaSaint Kitts and NevisSaint LuciaSaint Martin (French part)Saint Pierre and MiquelonSaint Vincent and the GrenadinesSamoaSan MarinoSao Tome and PrincipeSaudi ArabiaSenegalSerbiaSeychellesSierra LeoneSingaporeSint Maarten (Dutch part)SlovakiaSloveniaSolomon IslandsSomaliaSouth AfricaSouth Georgia and the South Sandwich IslandsSouth SudanSpainSri LankaSudanSurinameSvalbard and Jan MayenSwazilandSwedenSwitzerlandSyrian Arab RepublicTaiwan, Province of ChinaTajikistanTanzania, United Republic ofThailandTimor-LesteTogoTokelauTongaTrinidad and TobagoTunisiaTurkeyTurkmenistanTurks and Caicos IslandsTuvaluUgandaUkraineUnited Arab EmiratesUnited KingdomUnited States Minor Outlying IslandsUruguayUzbekistanVanuatuVenezuela, Bolivarian Republic ofViet NamVirgin Islands, BritishVirgin Islands, U.S.Wallis and FutunaWestern SaharaYemenZambiaZimbabwe
            '))]' not found)
	at com.kms.katalon.core.keyword.internal.KeywordMain.stepFailed(KeywordMain.groovy:36)
	at com.kms.katalon.core.webui.keyword.internal.WebUIKeywordMain.stepFailed(WebUIKeywordMain.groovy:65)
	at com.kms.katalon.core.webui.keyword.internal.WebUIKeywordMain.runKeyword(WebUIKeywordMain.groovy:27)
	at com.kms.katalon.core.webui.keyword.builtin.GetAttributeKeyword.getAttribute(GetAttributeKeyword.groovy:93)
	at com.kms.katalon.core.webui.keyword.builtin.GetAttributeKeyword.execute(GetAttributeKeyword.groovy:68)
	at com.kms.katalon.core.keyword.internal.KeywordExecutor.executeKeywordForPlatform(KeywordExecutor.groovy:53)
	at com.kms.katalon.core.webui.keyword.WebUiBuiltInKeywords.getAttribute(WebUiBuiltInKeywords.groovy:921)
	at com.kms.katalon.core.webui.keyword.WebUiBuiltInKeywords$getAttribute$7.call(Unknown Source)
	at TCBA01208.run(TCBA01208:40)
	at com.kms.katalon.core.main.ScriptEngine.run(ScriptEngine.java:194)
	at com.kms.katalon.core.main.ScriptEngine.runScriptAsRawText(ScriptEngine.java:119)
	at com.kms.katalon.core.main.TestCaseExecutor.runScript(TestCaseExecutor.java:321)
	at com.kms.katalon.core.main.TestCaseExecutor.doExecute(TestCaseExecutor.java:312)
	at com.kms.katalon.core.main.TestCaseExecutor.processExecutionPhase(TestCaseExecutor.java:291)
	at com.kms.katalon.core.main.TestCaseExecutor.accessMainPhase(TestCaseExecutor.java:283)
	at com.kms.katalon.core.main.TestCaseExecutor.execute(TestCaseExecutor.java:222)
	at com.kms.katalon.core.main.TestSuiteExecutor.accessTestCaseMainPhase(TestSuiteExecutor.java:129)
	at com.kms.katalon.core.main.TestSuiteExecutor.accessTestSuiteMainPhase(TestSuiteExecutor.java:112)
	at com.kms.katalon.core.main.TestSuiteExecutor.execute(TestSuiteExecutor.java:81)
	at com.kms.katalon.core.main.TestCaseMain.startTestSuite(TestCaseMain.java:149)
	at com.kms.katalon.core.main.TestCaseMain$startTestSuite$0.call(Unknown Source)
	at TempTestSuite1543984468899.run(TempTestSuite1543984468899.groovy:36)]]></system-out>
         <system-err><![CDATA[2018-12-05 10:06:09 - [TEST_CASE][FAILED] - Test Cases/Associate Application/Edit Profile/TCBA01208: Test Cases/Associate Application/Edit Profile/TCBA01208 FAILED.
Reason:
com.kms.katalon.core.exception.StepFailedException: Unable to get attribute 'value' of object 'Object Repository/Edit Profile/Page_Profile  5-15/select_Select Birth Country' (Root cause: com.kms.katalon.core.webui.exception.WebElementNotFoundException: Web element with id: 'Object Repository/Edit Profile/Page_Profile  5-15/select_Select Birth Country' located by 'By.xpath: //select[@id = 'ddlBirthCountry' and (text() = concat('
              Select Birth Country
              United States Of AmericaItalyAfghanistanÅland IslandsAlbaniaAlgeriaAmerican SamoaAndorraAngolaAnguillaAntarcticaAntigua and BarbudaArgentinaArmeniaArubaAustraliaAustriaAzerbaijanBahamasBahrainBangladeshBarbadosBelarusBelgiumBelizeBeninBermudaBhutanBolivia, Plurinational [state] ofBonaire, Sint Eustatius and SabaBosnia and HerzegovinaBotswanaBouvet IslandBrazilBritish Indian Ocean TerritoryBrunei DarussalamBulgariaBurkina FasoBurundiCambodiaCameroonCanadaCape VerdeCayman IslandsCentral African RepublicChadChileChinaChristmas IslandCocos (Keeling) IslandsColombiaComorosCongoCongo, the Democratic Republic of theCook IslandsCosta RicaCôte d' , "'" , 'IvoireCroatiaCubaCuraçaoCyprusCzech RepublicDenmarkDjiboutiDominicaDominican RepublicEcuadorEgyptEl SalvadorEquatorial GuineaEritreaEstoniaEthiopiaFalkland Islands (Malvinas)Faroe IslandsFijiFinlandFranceFrench GuianaFrench PolynesiaFrench Southern TerritoriesGabonGambiaGeorgiaGermanyGhanaGibraltarGreeceGreenlandGrenadaGuadeloupeGuamGuatemalaGuernseyGuineaGuinea-BissauGuyanaHaitiHeard Island and McDonald IslandsHoly See (Vatican City State)HondurasHong KongHungaryIcelandIndiaIndonesiaIran, Islamic Republic ofIraqIrelandIsle of ManIsraelJamaicaJapanJerseyJordanKazakhstanKenyaKiribatiKorea, Democratic People' , "'" , 's Republic ofKorea, Republic ofKuwaitKyrgyzstanLao People' , "'" , 's Democratic RepublicLatviaLebanonLesothoLiberiaLibyaLiechtensteinLithuaniaLuxembourgMacaoMacedonia, the Former Yugoslav Republic ofMadagascarMalawiMalaysiaMaldivesMaliMaltaMarshall IslandsMartiniqueMauritaniaMauritiusMayotteMexicoMicronesia, Federated States ofMoldova, Republic ofMonacoMongoliaMontenegroMontserratMoroccoMozambiqueMyanmarNamibiaNauruNepalNetherlandsNew CaledoniaNew ZealandNicaraguaNigerNigeriaNiueNorfolk IslandNorthern Mariana IslandsNorwayOmanPakistanPalauPalestine, [state] ofPanamaPapua New GuineaParaguayPeruPhilippinesPitcairnPolandPortugalPuerto RicoQatarRéunionRomaniaRussian FederationRwandaSaint BarthélemySaint Helena, Ascension and Tristan da CunhaSaint Kitts and NevisSaint LuciaSaint Martin (French part)Saint Pierre and MiquelonSaint Vincent and the GrenadinesSamoaSan MarinoSao Tome and PrincipeSaudi ArabiaSenegalSerbiaSeychellesSierra LeoneSingaporeSint Maarten (Dutch part)SlovakiaSloveniaSolomon IslandsSomaliaSouth AfricaSouth Georgia and the South Sandwich IslandsSouth SudanSpainSri LankaSudanSurinameSvalbard and Jan MayenSwazilandSwedenSwitzerlandSyrian Arab RepublicTaiwan, Province of ChinaTajikistanTanzania, United Republic ofThailandTimor-LesteTogoTokelauTongaTrinidad and TobagoTunisiaTurkeyTurkmenistanTurks and Caicos IslandsTuvaluUgandaUkraineUnited Arab EmiratesUnited KingdomUnited States Minor Outlying IslandsUruguayUzbekistanVanuatuVenezuela, Bolivarian Republic ofViet NamVirgin Islands, BritishVirgin Islands, U.S.Wallis and FutunaWestern SaharaYemenZambiaZimbabwe
            ') or . = concat('
              Select Birth Country
              United States Of AmericaItalyAfghanistanÅland IslandsAlbaniaAlgeriaAmerican SamoaAndorraAngolaAnguillaAntarcticaAntigua and BarbudaArgentinaArmeniaArubaAustraliaAustriaAzerbaijanBahamasBahrainBangladeshBarbadosBelarusBelgiumBelizeBeninBermudaBhutanBolivia, Plurinational [state] ofBonaire, Sint Eustatius and SabaBosnia and HerzegovinaBotswanaBouvet IslandBrazilBritish Indian Ocean TerritoryBrunei DarussalamBulgariaBurkina FasoBurundiCambodiaCameroonCanadaCape VerdeCayman IslandsCentral African RepublicChadChileChinaChristmas IslandCocos (Keeling) IslandsColombiaComorosCongoCongo, the Democratic Republic of theCook IslandsCosta RicaCôte d' , "'" , 'IvoireCroatiaCubaCuraçaoCyprusCzech RepublicDenmarkDjiboutiDominicaDominican RepublicEcuadorEgyptEl SalvadorEquatorial GuineaEritreaEstoniaEthiopiaFalkland Islands (Malvinas)Faroe IslandsFijiFinlandFranceFrench GuianaFrench PolynesiaFrench Southern TerritoriesGabonGambiaGeorgiaGermanyGhanaGibraltarGreeceGreenlandGrenadaGuadeloupeGuamGuatemalaGuernseyGuineaGuinea-BissauGuyanaHaitiHeard Island and McDonald IslandsHoly See (Vatican City State)HondurasHong KongHungaryIcelandIndiaIndonesiaIran, Islamic Republic ofIraqIrelandIsle of ManIsraelJamaicaJapanJerseyJordanKazakhstanKenyaKiribatiKorea, Democratic People' , "'" , 's Republic ofKorea, Republic ofKuwaitKyrgyzstanLao People' , "'" , 's Democratic RepublicLatviaLebanonLesothoLiberiaLibyaLiechtensteinLithuaniaLuxembourgMacaoMacedonia, the Former Yugoslav Republic ofMadagascarMalawiMalaysiaMaldivesMaliMaltaMarshall IslandsMartiniqueMauritaniaMauritiusMayotteMexicoMicronesia, Federated States ofMoldova, Republic ofMonacoMongoliaMontenegroMontserratMoroccoMozambiqueMyanmarNamibiaNauruNepalNetherlandsNew CaledoniaNew ZealandNicaraguaNigerNigeriaNiueNorfolk IslandNorthern Mariana IslandsNorwayOmanPakistanPalauPalestine, [state] ofPanamaPapua New GuineaParaguayPeruPhilippinesPitcairnPolandPortugalPuerto RicoQatarRéunionRomaniaRussian FederationRwandaSaint BarthélemySaint Helena, Ascension and Tristan da CunhaSaint Kitts and NevisSaint LuciaSaint Martin (French part)Saint Pierre and MiquelonSaint Vincent and the GrenadinesSamoaSan MarinoSao Tome and PrincipeSaudi ArabiaSenegalSerbiaSeychellesSierra LeoneSingaporeSint Maarten (Dutch part)SlovakiaSloveniaSolomon IslandsSomaliaSouth AfricaSouth Georgia and the South Sandwich IslandsSouth SudanSpainSri LankaSudanSurinameSvalbard and Jan MayenSwazilandSwedenSwitzerlandSyrian Arab RepublicTaiwan, Province of ChinaTajikistanTanzania, United Republic ofThailandTimor-LesteTogoTokelauTongaTrinidad and TobagoTunisiaTurkeyTurkmenistanTurks and Caicos IslandsTuvaluUgandaUkraineUnited Arab EmiratesUnited KingdomUnited States Minor Outlying IslandsUruguayUzbekistanVanuatuVenezuela, Bolivarian Republic ofViet NamVirgin Islands, BritishVirgin Islands, U.S.Wallis and FutunaWestern SaharaYemenZambiaZimbabwe
            '))]' not found)
	at com.kms.katalon.core.keyword.internal.KeywordMain.stepFailed(KeywordMain.groovy:36)
	at com.kms.katalon.core.webui.keyword.internal.WebUIKeywordMain.stepFailed(WebUIKeywordMain.groovy:65)
	at com.kms.katalon.core.webui.keyword.internal.WebUIKeywordMain.runKeyword(WebUIKeywordMain.groovy:27)
	at com.kms.katalon.core.webui.keyword.builtin.GetAttributeKeyword.getAttribute(GetAttributeKeyword.groovy:93)
	at com.kms.katalon.core.webui.keyword.builtin.GetAttributeKeyword.execute(GetAttributeKeyword.groovy:68)
	at com.kms.katalon.core.keyword.internal.KeywordExecutor.executeKeywordForPlatform(KeywordExecutor.groovy:53)
	at com.kms.katalon.core.webui.keyword.WebUiBuiltInKeywords.getAttribute(WebUiBuiltInKeywords.groovy:921)
	at com.kms.katalon.core.webui.keyword.WebUiBuiltInKeywords$getAttribute$7.call(Unknown Source)
	at TCBA01208.run(TCBA01208:40)
	at com.kms.katalon.core.main.ScriptEngine.run(ScriptEngine.java:194)
	at com.kms.katalon.core.main.ScriptEngine.runScriptAsRawText(ScriptEngine.java:119)
	at com.kms.katalon.core.main.TestCaseExecutor.runScript(TestCaseExecutor.java:321)
	at com.kms.katalon.core.main.TestCaseExecutor.doExecute(TestCaseExecutor.java:312)
	at com.kms.katalon.core.main.TestCaseExecutor.processExecutionPhase(TestCaseExecutor.java:291)
	at com.kms.katalon.core.main.TestCaseExecutor.accessMainPhase(TestCaseExecutor.java:283)
	at com.kms.katalon.core.main.TestCaseExecutor.execute(TestCaseExecutor.java:222)
	at com.kms.katalon.core.main.TestSuiteExecutor.accessTestCaseMainPhase(TestSuiteExecutor.java:129)
	at com.kms.katalon.core.main.TestSuiteExecutor.accessTestSuiteMainPhase(TestSuiteExecutor.java:112)
	at com.kms.katalon.core.main.TestSuiteExecutor.execute(TestSuiteExecutor.java:81)
	at com.kms.katalon.core.main.TestCaseMain.startTestSuite(TestCaseMain.java:149)
	at com.kms.katalon.core.main.TestCaseMain$startTestSuite$0.call(Unknown Source)
	at TempTestSuite1543984468899.run(TempTestSuite1543984468899.groovy:36)]]></system-err>
      </testcase>
      <testcase name="Test Cases/Associate Application/Edit Profile/TCBA01209" classname="Test Cases/Associate Application/Edit Profile/TCBA01209" status="FAILED">
         <failure type="FAILED" message="Test Cases/Associate Application/Edit Profile/TCBA01209 FAILED.
Reason:
com.kms.katalon.core.exception.StepFailedException: Verify element text of test object 'Object Repository/Edit Profile/Page_Profile  5-15/span_Edit' FAILED. (Root cause: com.kms.katalon.core.exception.StepFailedException: Actual text 'Save' and expected text 'Edit' of test object 'Object Repository/Edit Profile/Page_Profile  5-15/span_Edit' are NOT matched.)
	at com.kms.katalon.core.keyword.internal.KeywordMain.stepFailed(KeywordMain.groovy:36)
	at com.kms.katalon.core.webui.keyword.internal.WebUIKeywordMain.stepFailed(WebUIKeywordMain.groovy:65)
	at com.kms.katalon.core.webui.keyword.internal.WebUIKeywordMain.runKeyword(WebUIKeywordMain.groovy:27)
	at com.kms.katalon.core.webui.keyword.builtin.VerifyElementTextKeyword.verifyElementText(VerifyElementTextKeyword.groovy:72)
	at com.kms.katalon.core.webui.keyword.builtin.VerifyElementTextKeyword.execute(VerifyElementTextKeyword.groovy:40)
	at com.kms.katalon.core.keyword.internal.KeywordExecutor.executeKeywordForPlatform(KeywordExecutor.groovy:53)
	at com.kms.katalon.core.webui.keyword.WebUiBuiltInKeywords.verifyElementText(WebUiBuiltInKeywords.groovy:3663)
	at com.kms.katalon.core.webui.keyword.WebUiBuiltInKeywords$verifyElementText$5.call(Unknown Source)
	at TCBA01209.run(TCBA01209:30)
	at com.kms.katalon.core.main.ScriptEngine.run(ScriptEngine.java:194)
	at com.kms.katalon.core.main.ScriptEngine.runScriptAsRawText(ScriptEngine.java:119)
	at com.kms.katalon.core.main.TestCaseExecutor.runScript(TestCaseExecutor.java:321)
	at com.kms.katalon.core.main.TestCaseExecutor.doExecute(TestCaseExecutor.java:312)
	at com.kms.katalon.core.main.TestCaseExecutor.processExecutionPhase(TestCaseExecutor.java:291)
	at com.kms.katalon.core.main.TestCaseExecutor.accessMainPhase(TestCaseExecutor.java:283)
	at com.kms.katalon.core.main.TestCaseExecutor.execute(TestCaseExecutor.java:222)
	at com.kms.katalon.core.main.TestSuiteExecutor.accessTestCaseMainPhase(TestSuiteExecutor.java:129)
	at com.kms.katalon.core.main.TestSuiteExecutor.accessTestSuiteMainPhase(TestSuiteExecutor.java:112)
	at com.kms.katalon.core.main.TestSuiteExecutor.execute(TestSuiteExecutor.java:81)
	at com.kms.katalon.core.main.TestCaseMain.startTestSuite(TestCaseMain.java:149)
	at com.kms.katalon.core.main.TestCaseMain$startTestSuite$0.call(Unknown Source)
	at TempTestSuite1543984468899.run(TempTestSuite1543984468899.groovy:36)
"/>
         <system-out><![CDATA[2018-12-05 10:06:42 - [TEST_CASE][FAILED] - Test Cases/Associate Application/Edit Profile/TCBA01209: Test Cases/Associate Application/Edit Profile/TCBA01209 FAILED.
Reason:
com.kms.katalon.core.exception.StepFailedException: Verify element text of test object 'Object Repository/Edit Profile/Page_Profile  5-15/span_Edit' FAILED. (Root cause: com.kms.katalon.core.exception.StepFailedException: Actual text 'Save' and expected text 'Edit' of test object 'Object Repository/Edit Profile/Page_Profile  5-15/span_Edit' are NOT matched.)
	at com.kms.katalon.core.keyword.internal.KeywordMain.stepFailed(KeywordMain.groovy:36)
	at com.kms.katalon.core.webui.keyword.internal.WebUIKeywordMain.stepFailed(WebUIKeywordMain.groovy:65)
	at com.kms.katalon.core.webui.keyword.internal.WebUIKeywordMain.runKeyword(WebUIKeywordMain.groovy:27)
	at com.kms.katalon.core.webui.keyword.builtin.VerifyElementTextKeyword.verifyElementText(VerifyElementTextKeyword.groovy:72)
	at com.kms.katalon.core.webui.keyword.builtin.VerifyElementTextKeyword.execute(VerifyElementTextKeyword.groovy:40)
	at com.kms.katalon.core.keyword.internal.KeywordExecutor.executeKeywordForPlatform(KeywordExecutor.groovy:53)
	at com.kms.katalon.core.webui.keyword.WebUiBuiltInKeywords.verifyElementText(WebUiBuiltInKeywords.groovy:3663)
	at com.kms.katalon.core.webui.keyword.WebUiBuiltInKeywords$verifyElementText$5.call(Unknown Source)
	at TCBA01209.run(TCBA01209:30)
	at com.kms.katalon.core.main.ScriptEngine.run(ScriptEngine.java:194)
	at com.kms.katalon.core.main.ScriptEngine.runScriptAsRawText(ScriptEngine.java:119)
	at com.kms.katalon.core.main.TestCaseExecutor.runScript(TestCaseExecutor.java:321)
	at com.kms.katalon.core.main.TestCaseExecutor.doExecute(TestCaseExecutor.java:312)
	at com.kms.katalon.core.main.TestCaseExecutor.processExecutionPhase(TestCaseExecutor.java:291)
	at com.kms.katalon.core.main.TestCaseExecutor.accessMainPhase(TestCaseExecutor.java:283)
	at com.kms.katalon.core.main.TestCaseExecutor.execute(TestCaseExecutor.java:222)
	at com.kms.katalon.core.main.TestSuiteExecutor.accessTestCaseMainPhase(TestSuiteExecutor.java:129)
	at com.kms.katalon.core.main.TestSuiteExecutor.accessTestSuiteMainPhase(TestSuiteExecutor.java:112)
	at com.kms.katalon.core.main.TestSuiteExecutor.execute(TestSuiteExecutor.java:81)
	at com.kms.katalon.core.main.TestCaseMain.startTestSuite(TestCaseMain.java:149)
	at com.kms.katalon.core.main.TestCaseMain$startTestSuite$0.call(Unknown Source)
	at TempTestSuite1543984468899.run(TempTestSuite1543984468899.groovy:36)


2018-12-05 10:06:42 - [TEST_STEP][PASSED] - delay(5): Delayed 5 second(s)

2018-12-05 10:06:47 - [MESSAGE][PASSED] - Delayed 5 second(s)

2018-12-05 10:06:47 - [TEST_STEP][PASSED] - click(findTestObject("Object Repository/Edit Profile/Page_Home  5-15/a_Shinto-Test")): Object: 'Object Repository/Edit Profile/Page_Home  5-15/a_Shinto-Test' is clicked on

2018-12-05 10:06:47 - [MESSAGE][PASSED] - Object: 'Object Repository/Edit Profile/Page_Home  5-15/a_Shinto-Test' is clicked on

2018-12-05 10:06:47 - [TEST_STEP][PASSED] - click(findTestObject("Object Repository/Edit Profile/Page_Profile  5-15/span_Edit Profile")): Object: 'Object Repository/Edit Profile/Page_Profile  5-15/span_Edit Profile' is clicked on

2018-12-05 10:06:47 - [MESSAGE][PASSED] - Object: 'Object Repository/Edit Profile/Page_Profile  5-15/span_Edit Profile' is clicked on

2018-12-05 10:06:47 - [TEST_STEP][FAILED] - verifyElementText(findTestObject("Object Repository/Edit Profile/Page_Profile  5-15/span_Edit"), "Edit"): verifyElementText(findTestObject("Object Repository/Edit Profile/Page_Profile  5-15/span_Edit"), "Edit") FAILED.
Reason:
com.kms.katalon.core.exception.StepFailedException: Verify element text of test object 'Object Repository/Edit Profile/Page_Profile  5-15/span_Edit' FAILED. (Root cause: com.kms.katalon.core.exception.StepFailedException: Actual text 'Save' and expected text 'Edit' of test object 'Object Repository/Edit Profile/Page_Profile  5-15/span_Edit' are NOT matched.)
	at com.kms.katalon.core.keyword.internal.KeywordMain.stepFailed(KeywordMain.groovy:36)
	at com.kms.katalon.core.webui.keyword.internal.WebUIKeywordMain.stepFailed(WebUIKeywordMain.groovy:65)
	at com.kms.katalon.core.webui.keyword.internal.WebUIKeywordMain.runKeyword(WebUIKeywordMain.groovy:27)
	at com.kms.katalon.core.webui.keyword.builtin.VerifyElementTextKeyword.verifyElementText(VerifyElementTextKeyword.groovy:72)
	at com.kms.katalon.core.webui.keyword.builtin.VerifyElementTextKeyword.execute(VerifyElementTextKeyword.groovy:40)
	at com.kms.katalon.core.keyword.internal.KeywordExecutor.executeKeywordForPlatform(KeywordExecutor.groovy:53)
	at com.kms.katalon.core.webui.keyword.WebUiBuiltInKeywords.verifyElementText(WebUiBuiltInKeywords.groovy:3663)
	at com.kms.katalon.core.webui.keyword.WebUiBuiltInKeywords$verifyElementText$5.call(Unknown Source)
	at TCBA01209.run(TCBA01209:30)
	at com.kms.katalon.core.main.ScriptEngine.run(ScriptEngine.java:194)
	at com.kms.katalon.core.main.ScriptEngine.runScriptAsRawText(ScriptEngine.java:119)
	at com.kms.katalon.core.main.TestCaseExecutor.runScript(TestCaseExecutor.java:321)
	at com.kms.katalon.core.main.TestCaseExecutor.doExecute(TestCaseExecutor.java:312)
	at com.kms.katalon.core.main.TestCaseExecutor.processExecutionPhase(TestCaseExecutor.java:291)
	at com.kms.katalon.core.main.TestCaseExecutor.accessMainPhase(TestCaseExecutor.java:283)
	at com.kms.katalon.core.main.TestCaseExecutor.execute(TestCaseExecutor.java:222)
	at com.kms.katalon.core.main.TestSuiteExecutor.accessTestCaseMainPhase(TestSuiteExecutor.java:129)
	at com.kms.katalon.core.main.TestSuiteExecutor.accessTestSuiteMainPhase(TestSuiteExecutor.java:112)
	at com.kms.katalon.core.main.TestSuiteExecutor.execute(TestSuiteExecutor.java:81)
	at com.kms.katalon.core.main.TestCaseMain.startTestSuite(TestCaseMain.java:149)
	at com.kms.katalon.core.main.TestCaseMain$startTestSuite$0.call(Unknown Source)
	at TempTestSuite1543984468899.run(TempTestSuite1543984468899.groovy:36)


2018-12-05 10:06:47 - [MESSAGE][FAILED] - Actual text 'Save' and expected text 'Edit' of test object 'Object Repository/Edit Profile/Page_Profile  5-15/span_Edit' are NOT matched.
[[ATTACHMENT|F:\\Vofox-Katalon\\Bonanza\\Reports\\VBZ0012-Edit profile\\20181205_100428\\1543984607290.png]]

2018-12-05 10:06:47 - [MESSAGE][FAILED] - Verify element text of test object 'Object Repository/Edit Profile/Page_Profile  5-15/span_Edit' FAILED. (Root cause: com.kms.katalon.core.exception.StepFailedException: Actual text 'Save' and expected text 'Edit' of test object 'Object Repository/Edit Profile/Page_Profile  5-15/span_Edit' are NOT matched.)
[[ATTACHMENT|F:\\Vofox-Katalon\\Bonanza\\Reports\\VBZ0012-Edit profile\\20181205_100428\\1543984607669.png]]

2018-12-05 10:06:47 - [MESSAGE][FAILED] - verifyElementText(findTestObject("Object Repository/Edit Profile/Page_Profile  5-15/span_Edit"), "Edit") FAILED.
Reason:
com.kms.katalon.core.exception.StepFailedException: Verify element text of test object 'Object Repository/Edit Profile/Page_Profile  5-15/span_Edit' FAILED. (Root cause: com.kms.katalon.core.exception.StepFailedException: Actual text 'Save' and expected text 'Edit' of test object 'Object Repository/Edit Profile/Page_Profile  5-15/span_Edit' are NOT matched.)
	at com.kms.katalon.core.keyword.internal.KeywordMain.stepFailed(KeywordMain.groovy:36)
	at com.kms.katalon.core.webui.keyword.internal.WebUIKeywordMain.stepFailed(WebUIKeywordMain.groovy:65)
	at com.kms.katalon.core.webui.keyword.internal.WebUIKeywordMain.runKeyword(WebUIKeywordMain.groovy:27)
	at com.kms.katalon.core.webui.keyword.builtin.VerifyElementTextKeyword.verifyElementText(VerifyElementTextKeyword.groovy:72)
	at com.kms.katalon.core.webui.keyword.builtin.VerifyElementTextKeyword.execute(VerifyElementTextKeyword.groovy:40)
	at com.kms.katalon.core.keyword.internal.KeywordExecutor.executeKeywordForPlatform(KeywordExecutor.groovy:53)
	at com.kms.katalon.core.webui.keyword.WebUiBuiltInKeywords.verifyElementText(WebUiBuiltInKeywords.groovy:3663)
	at com.kms.katalon.core.webui.keyword.WebUiBuiltInKeywords$verifyElementText$5.call(Unknown Source)
	at TCBA01209.run(TCBA01209:30)
	at com.kms.katalon.core.main.ScriptEngine.run(ScriptEngine.java:194)
	at com.kms.katalon.core.main.ScriptEngine.runScriptAsRawText(ScriptEngine.java:119)
	at com.kms.katalon.core.main.TestCaseExecutor.runScript(TestCaseExecutor.java:321)
	at com.kms.katalon.core.main.TestCaseExecutor.doExecute(TestCaseExecutor.java:312)
	at com.kms.katalon.core.main.TestCaseExecutor.processExecutionPhase(TestCaseExecutor.java:291)
	at com.kms.katalon.core.main.TestCaseExecutor.accessMainPhase(TestCaseExecutor.java:283)
	at com.kms.katalon.core.main.TestCaseExecutor.execute(TestCaseExecutor.java:222)
	at com.kms.katalon.core.main.TestSuiteExecutor.accessTestCaseMainPhase(TestSuiteExecutor.java:129)
	at com.kms.katalon.core.main.TestSuiteExecutor.accessTestSuiteMainPhase(TestSuiteExecutor.java:112)
	at com.kms.katalon.core.main.TestSuiteExecutor.execute(TestSuiteExecutor.java:81)
	at com.kms.katalon.core.main.TestCaseMain.startTestSuite(TestCaseMain.java:149)
	at com.kms.katalon.core.main.TestCaseMain$startTestSuite$0.call(Unknown Source)
	at TempTestSuite1543984468899.run(TempTestSuite1543984468899.groovy:36)]]></system-out>
         <system-err><![CDATA[2018-12-05 10:06:42 - [TEST_CASE][FAILED] - Test Cases/Associate Application/Edit Profile/TCBA01209: Test Cases/Associate Application/Edit Profile/TCBA01209 FAILED.
Reason:
com.kms.katalon.core.exception.StepFailedException: Verify element text of test object 'Object Repository/Edit Profile/Page_Profile  5-15/span_Edit' FAILED. (Root cause: com.kms.katalon.core.exception.StepFailedException: Actual text 'Save' and expected text 'Edit' of test object 'Object Repository/Edit Profile/Page_Profile  5-15/span_Edit' are NOT matched.)
	at com.kms.katalon.core.keyword.internal.KeywordMain.stepFailed(KeywordMain.groovy:36)
	at com.kms.katalon.core.webui.keyword.internal.WebUIKeywordMain.stepFailed(WebUIKeywordMain.groovy:65)
	at com.kms.katalon.core.webui.keyword.internal.WebUIKeywordMain.runKeyword(WebUIKeywordMain.groovy:27)
	at com.kms.katalon.core.webui.keyword.builtin.VerifyElementTextKeyword.verifyElementText(VerifyElementTextKeyword.groovy:72)
	at com.kms.katalon.core.webui.keyword.builtin.VerifyElementTextKeyword.execute(VerifyElementTextKeyword.groovy:40)
	at com.kms.katalon.core.keyword.internal.KeywordExecutor.executeKeywordForPlatform(KeywordExecutor.groovy:53)
	at com.kms.katalon.core.webui.keyword.WebUiBuiltInKeywords.verifyElementText(WebUiBuiltInKeywords.groovy:3663)
	at com.kms.katalon.core.webui.keyword.WebUiBuiltInKeywords$verifyElementText$5.call(Unknown Source)
	at TCBA01209.run(TCBA01209:30)
	at com.kms.katalon.core.main.ScriptEngine.run(ScriptEngine.java:194)
	at com.kms.katalon.core.main.ScriptEngine.runScriptAsRawText(ScriptEngine.java:119)
	at com.kms.katalon.core.main.TestCaseExecutor.runScript(TestCaseExecutor.java:321)
	at com.kms.katalon.core.main.TestCaseExecutor.doExecute(TestCaseExecutor.java:312)
	at com.kms.katalon.core.main.TestCaseExecutor.processExecutionPhase(TestCaseExecutor.java:291)
	at com.kms.katalon.core.main.TestCaseExecutor.accessMainPhase(TestCaseExecutor.java:283)
	at com.kms.katalon.core.main.TestCaseExecutor.execute(TestCaseExecutor.java:222)
	at com.kms.katalon.core.main.TestSuiteExecutor.accessTestCaseMainPhase(TestSuiteExecutor.java:129)
	at com.kms.katalon.core.main.TestSuiteExecutor.accessTestSuiteMainPhase(TestSuiteExecutor.java:112)
	at com.kms.katalon.core.main.TestSuiteExecutor.execute(TestSuiteExecutor.java:81)
	at com.kms.katalon.core.main.TestCaseMain.startTestSuite(TestCaseMain.java:149)
	at com.kms.katalon.core.main.TestCaseMain$startTestSuite$0.call(Unknown Source)
	at TempTestSuite1543984468899.run(TempTestSuite1543984468899.groovy:36)]]></system-err>
      </testcase>
      <testcase name="Test Cases/Associate Application/Edit Profile/TCBA01210" classname="Test Cases/Associate Application/Edit Profile/TCBA01210" status="PASSED">
         <system-out><![CDATA[2018-12-05 10:06:47 - [TEST_CASE][PASSED] - Test Cases/Associate Application/Edit Profile/TCBA01210: Test Cases/Associate Application/Edit Profile/TCBA01210

2018-12-05 10:06:48 - [TEST_STEP][PASSED] - click(findTestObject("Object Repository/Edit Profile/Page_Home  5-15/span_Shinto-Test")): Object: 'Object Repository/Edit Profile/Page_Home  5-15/span_Shinto-Test' is clicked on

2018-12-05 10:06:48 - [MESSAGE][PASSED] - Object: 'Object Repository/Edit Profile/Page_Home  5-15/span_Shinto-Test' is clicked on

2018-12-05 10:06:48 - [TEST_STEP][PASSED] - verifyElementText(findTestObject("Object Repository/Edit Profile/Page_Home  5-15/span_Log Off"), "Log Off"): Actual text and expected text of test object 'Object Repository/Edit Profile/Page_Home  5-15/span_Log Off' are matched.

2018-12-05 10:06:48 - [MESSAGE][PASSED] - Actual text and expected text of test object 'Object Repository/Edit Profile/Page_Home  5-15/span_Log Off' are matched.

2018-12-05 10:06:48 - [TEST_STEP][PASSED] - click(findTestObject("Object Repository/Edit Profile/Page_Home  5-15/span_Log Off")): Object: 'Object Repository/Edit Profile/Page_Home  5-15/span_Log Off' is clicked on

2018-12-05 10:06:48 - [MESSAGE][PASSED] - Object: 'Object Repository/Edit Profile/Page_Home  5-15/span_Log Off' is clicked on

2018-12-05 10:06:48 - [TEST_STEP][PASSED] - verifyElementText(findTestObject("Object Repository/Edit Profile/Page_Log In  5-15/h1_Log In"), "Log In"): Actual text and expected text of test object 'Object Repository/Edit Profile/Page_Log In  5-15/h1_Log In' are matched.

2018-12-05 10:06:48 - [MESSAGE][PASSED] - Actual text and expected text of test object 'Object Repository/Edit Profile/Page_Log In  5-15/h1_Log In' are matched.]]></system-out>
         <system-err><![CDATA[]]></system-err>
      </testcase>
      <system-out><![CDATA[2018-12-05 10:04:30 - [TEST_SUITE][FAILED] - VBZ0012-Edit profile: Test Cases/Associate Application/Edit Profile/TCBA01203 FAILED.
Reason:
com.kms.katalon.core.exception.StepFailedException: Unable to select option by label 'Select Birth Country' of object 'Object Repository/Edit Profile/Page_Profile  5-15/select_Select Birth Country'  (Root cause: com.kms.katalon.core.webui.exception.WebElementNotFoundException: Web element with id: 'Object Repository/Edit Profile/Page_Profile  5-15/select_Select Birth Country' located by 'By.xpath: //select[@id = 'ddlBirthCountry' and (text() = concat('
              Select Birth Country
              United States Of AmericaItalyAfghanistanÅland IslandsAlbaniaAlgeriaAmerican SamoaAndorraAngolaAnguillaAntarcticaAntigua and BarbudaArgentinaArmeniaArubaAustraliaAustriaAzerbaijanBahamasBahrainBangladeshBarbadosBelarusBelgiumBelizeBeninBermudaBhutanBolivia, Plurinational [state] ofBonaire, Sint Eustatius and SabaBosnia and HerzegovinaBotswanaBouvet IslandBrazilBritish Indian Ocean TerritoryBrunei DarussalamBulgariaBurkina FasoBurundiCambodiaCameroonCanadaCape VerdeCayman IslandsCentral African RepublicChadChileChinaChristmas IslandCocos (Keeling) IslandsColombiaComorosCongoCongo, the Democratic Republic of theCook IslandsCosta RicaCôte d' , "'" , 'IvoireCroatiaCubaCuraçaoCyprusCzech RepublicDenmarkDjiboutiDominicaDominican RepublicEcuadorEgyptEl SalvadorEquatorial GuineaEritreaEstoniaEthiopiaFalkland Islands (Malvinas)Faroe IslandsFijiFinlandFranceFrench GuianaFrench PolynesiaFrench Southern TerritoriesGabonGambiaGeorgiaGermanyGhanaGibraltarGreeceGreenlandGrenadaGuadeloupeGuamGuatemalaGuernseyGuineaGuinea-BissauGuyanaHaitiHeard Island and McDonald IslandsHoly See (Vatican City State)HondurasHong KongHungaryIcelandIndiaIndonesiaIran, Islamic Republic ofIraqIrelandIsle of ManIsraelJamaicaJapanJerseyJordanKazakhstanKenyaKiribatiKorea, Democratic People' , "'" , 's Republic ofKorea, Republic ofKuwaitKyrgyzstanLao People' , "'" , 's Democratic RepublicLatviaLebanonLesothoLiberiaLibyaLiechtensteinLithuaniaLuxembourgMacaoMacedonia, the Former Yugoslav Republic ofMadagascarMalawiMalaysiaMaldivesMaliMaltaMarshall IslandsMartiniqueMauritaniaMauritiusMayotteMexicoMicronesia, Federated States ofMoldova, Republic ofMonacoMongoliaMontenegroMontserratMoroccoMozambiqueMyanmarNamibiaNauruNepalNetherlandsNew CaledoniaNew ZealandNicaraguaNigerNigeriaNiueNorfolk IslandNorthern Mariana IslandsNorwayOmanPakistanPalauPalestine, [state] ofPanamaPapua New GuineaParaguayPeruPhilippinesPitcairnPolandPortugalPuerto RicoQatarRéunionRomaniaRussian FederationRwandaSaint BarthélemySaint Helena, Ascension and Tristan da CunhaSaint Kitts and NevisSaint LuciaSaint Martin (French part)Saint Pierre and MiquelonSaint Vincent and the GrenadinesSamoaSan MarinoSao Tome and PrincipeSaudi ArabiaSenegalSerbiaSeychellesSierra LeoneSingaporeSint Maarten (Dutch part)SlovakiaSloveniaSolomon IslandsSomaliaSouth AfricaSouth Georgia and the South Sandwich IslandsSouth SudanSpainSri LankaSudanSurinameSvalbard and Jan MayenSwazilandSwedenSwitzerlandSyrian Arab RepublicTaiwan, Province of ChinaTajikistanTanzania, United Republic ofThailandTimor-LesteTogoTokelauTongaTrinidad and TobagoTunisiaTurkeyTurkmenistanTurks and Caicos IslandsTuvaluUgandaUkraineUnited Arab EmiratesUnited KingdomUnited States Minor Outlying IslandsUruguayUzbekistanVanuatuVenezuela, Bolivarian Republic ofViet NamVirgin Islands, BritishVirgin Islands, U.S.Wallis and FutunaWestern SaharaYemenZambiaZimbabwe
            ') or . = concat('
              Select Birth Country
              United States Of AmericaItalyAfghanistanÅland IslandsAlbaniaAlgeriaAmerican SamoaAndorraAngolaAnguillaAntarcticaAntigua and BarbudaArgentinaArmeniaArubaAustraliaAustriaAzerbaijanBahamasBahrainBangladeshBarbadosBelarusBelgiumBelizeBeninBermudaBhutanBolivia, Plurinational [state] ofBonaire, Sint Eustatius and SabaBosnia and HerzegovinaBotswanaBouvet IslandBrazilBritish Indian Ocean TerritoryBrunei DarussalamBulgariaBurkina FasoBurundiCambodiaCameroonCanadaCape VerdeCayman IslandsCentral African RepublicChadChileChinaChristmas IslandCocos (Keeling) IslandsColombiaComorosCongoCongo, the Democratic Republic of theCook IslandsCosta RicaCôte d' , "'" , 'IvoireCroatiaCubaCuraçaoCyprusCzech RepublicDenmarkDjiboutiDominicaDominican RepublicEcuadorEgyptEl SalvadorEquatorial GuineaEritreaEstoniaEthiopiaFalkland Islands (Malvinas)Faroe IslandsFijiFinlandFranceFrench GuianaFrench PolynesiaFrench Southern TerritoriesGabonGambiaGeorgiaGermanyGhanaGibraltarGreeceGreenlandGrenadaGuadeloupeGuamGuatemalaGuernseyGuineaGuinea-BissauGuyanaHaitiHeard Island and McDonald IslandsHoly See (Vatican City State)HondurasHong KongHungaryIcelandIndiaIndonesiaIran, Islamic Republic ofIraqIrelandIsle of ManIsraelJamaicaJapanJerseyJordanKazakhstanKenyaKiribatiKorea, Democratic People' , "'" , 's Republic ofKorea, Republic ofKuwaitKyrgyzstanLao People' , "'" , 's Democratic RepublicLatviaLebanonLesothoLiberiaLibyaLiechtensteinLithuaniaLuxembourgMacaoMacedonia, the Former Yugoslav Republic ofMadagascarMalawiMalaysiaMaldivesMaliMaltaMarshall IslandsMartiniqueMauritaniaMauritiusMayotteMexicoMicronesia, Federated States ofMoldova, Republic ofMonacoMongoliaMontenegroMontserratMoroccoMozambiqueMyanmarNamibiaNauruNepalNetherlandsNew CaledoniaNew ZealandNicaraguaNigerNigeriaNiueNorfolk IslandNorthern Mariana IslandsNorwayOmanPakistanPalauPalestine, [state] ofPanamaPapua New GuineaParaguayPeruPhilippinesPitcairnPolandPortugalPuerto RicoQatarRéunionRomaniaRussian FederationRwandaSaint BarthélemySaint Helena, Ascension and Tristan da CunhaSaint Kitts and NevisSaint LuciaSaint Martin (French part)Saint Pierre and MiquelonSaint Vincent and the GrenadinesSamoaSan MarinoSao Tome and PrincipeSaudi ArabiaSenegalSerbiaSeychellesSierra LeoneSingaporeSint Maarten (Dutch part)SlovakiaSloveniaSolomon IslandsSomaliaSouth AfricaSouth Georgia and the South Sandwich IslandsSouth SudanSpainSri LankaSudanSurinameSvalbard and Jan MayenSwazilandSwedenSwitzerlandSyrian Arab RepublicTaiwan, Province of ChinaTajikistanTanzania, United Republic ofThailandTimor-LesteTogoTokelauTongaTrinidad and TobagoTunisiaTurkeyTurkmenistanTurks and Caicos IslandsTuvaluUgandaUkraineUnited Arab EmiratesUnited KingdomUnited States Minor Outlying IslandsUruguayUzbekistanVanuatuVenezuela, Bolivarian Republic ofViet NamVirgin Islands, BritishVirgin Islands, U.S.Wallis and FutunaWestern SaharaYemenZambiaZimbabwe
            '))]' not found)
	at com.kms.katalon.core.keyword.internal.KeywordMain.stepFailed(KeywordMain.groovy:36)
	at com.kms.katalon.core.webui.keyword.internal.WebUIKeywordMain.stepFailed(WebUIKeywordMain.groovy:65)
	at com.kms.katalon.core.webui.keyword.internal.WebUIKeywordMain.runKeyword(WebUIKeywordMain.groovy:27)
	at com.kms.katalon.core.webui.keyword.builtin.SelectOptionByLabelKeyword.selectOptionByLabel(SelectOptionByLabelKeyword.groovy:98)
	at com.kms.katalon.core.webui.keyword.builtin.SelectOptionByLabelKeyword.execute(SelectOptionByLabelKeyword.groovy:71)
	at com.kms.katalon.core.keyword.internal.KeywordExecutor.executeKeywordForPlatform(KeywordExecutor.groovy:53)
	at com.kms.katalon.core.webui.keyword.WebUiBuiltInKeywords.selectOptionByLabel(WebUiBuiltInKeywords.groovy:1200)
	at com.kms.katalon.core.webui.keyword.WebUiBuiltInKeywords$selectOptionByLabel$6.call(Unknown Source)
	at TCBA01203.run(TCBA01203:43)
	at com.kms.katalon.core.main.ScriptEngine.run(ScriptEngine.java:194)
	at com.kms.katalon.core.main.ScriptEngine.runScriptAsRawText(ScriptEngine.java:119)
	at com.kms.katalon.core.main.TestCaseExecutor.runScript(TestCaseExecutor.java:321)
	at com.kms.katalon.core.main.TestCaseExecutor.doExecute(TestCaseExecutor.java:312)
	at com.kms.katalon.core.main.TestCaseExecutor.processExecutionPhase(TestCaseExecutor.java:291)
	at com.kms.katalon.core.main.TestCaseExecutor.accessMainPhase(TestCaseExecutor.java:283)
	at com.kms.katalon.core.main.TestCaseExecutor.execute(TestCaseExecutor.java:222)
	at com.kms.katalon.core.main.TestSuiteExecutor.accessTestCaseMainPhase(TestSuiteExecutor.java:129)
	at com.kms.katalon.core.main.TestSuiteExecutor.accessTestSuiteMainPhase(TestSuiteExecutor.java:112)
	at com.kms.katalon.core.main.TestSuiteExecutor.execute(TestSuiteExecutor.java:81)
	at com.kms.katalon.core.main.TestCaseMain.startTestSuite(TestCaseMain.java:149)
	at com.kms.katalon.core.main.TestCaseMain$startTestSuite$0.call(Unknown Source)
	at TempTestSuite1543984468899.run(TempTestSuite1543984468899.groovy:36)]]></system-out>
      <system-err><![CDATA[2018-12-05 10:04:30 - [TEST_SUITE][FAILED] - VBZ0012-Edit profile: Test Cases/Associate Application/Edit Profile/TCBA01203 FAILED.
Reason:
com.kms.katalon.core.exception.StepFailedException: Unable to select option by label 'Select Birth Country' of object 'Object Repository/Edit Profile/Page_Profile  5-15/select_Select Birth Country'  (Root cause: com.kms.katalon.core.webui.exception.WebElementNotFoundException: Web element with id: 'Object Repository/Edit Profile/Page_Profile  5-15/select_Select Birth Country' located by 'By.xpath: //select[@id = 'ddlBirthCountry' and (text() = concat('
              Select Birth Country
              United States Of AmericaItalyAfghanistanÅland IslandsAlbaniaAlgeriaAmerican SamoaAndorraAngolaAnguillaAntarcticaAntigua and BarbudaArgentinaArmeniaArubaAustraliaAustriaAzerbaijanBahamasBahrainBangladeshBarbadosBelarusBelgiumBelizeBeninBermudaBhutanBolivia, Plurinational [state] ofBonaire, Sint Eustatius and SabaBosnia and HerzegovinaBotswanaBouvet IslandBrazilBritish Indian Ocean TerritoryBrunei DarussalamBulgariaBurkina FasoBurundiCambodiaCameroonCanadaCape VerdeCayman IslandsCentral African RepublicChadChileChinaChristmas IslandCocos (Keeling) IslandsColombiaComorosCongoCongo, the Democratic Republic of theCook IslandsCosta RicaCôte d' , "'" , 'IvoireCroatiaCubaCuraçaoCyprusCzech RepublicDenmarkDjiboutiDominicaDominican RepublicEcuadorEgyptEl SalvadorEquatorial GuineaEritreaEstoniaEthiopiaFalkland Islands (Malvinas)Faroe IslandsFijiFinlandFranceFrench GuianaFrench PolynesiaFrench Southern TerritoriesGabonGambiaGeorgiaGermanyGhanaGibraltarGreeceGreenlandGrenadaGuadeloupeGuamGuatemalaGuernseyGuineaGuinea-BissauGuyanaHaitiHeard Island and McDonald IslandsHoly See (Vatican City State)HondurasHong KongHungaryIcelandIndiaIndonesiaIran, Islamic Republic ofIraqIrelandIsle of ManIsraelJamaicaJapanJerseyJordanKazakhstanKenyaKiribatiKorea, Democratic People' , "'" , 's Republic ofKorea, Republic ofKuwaitKyrgyzstanLao People' , "'" , 's Democratic RepublicLatviaLebanonLesothoLiberiaLibyaLiechtensteinLithuaniaLuxembourgMacaoMacedonia, the Former Yugoslav Republic ofMadagascarMalawiMalaysiaMaldivesMaliMaltaMarshall IslandsMartiniqueMauritaniaMauritiusMayotteMexicoMicronesia, Federated States ofMoldova, Republic ofMonacoMongoliaMontenegroMontserratMoroccoMozambiqueMyanmarNamibiaNauruNepalNetherlandsNew CaledoniaNew ZealandNicaraguaNigerNigeriaNiueNorfolk IslandNorthern Mariana IslandsNorwayOmanPakistanPalauPalestine, [state] ofPanamaPapua New GuineaParaguayPeruPhilippinesPitcairnPolandPortugalPuerto RicoQatarRéunionRomaniaRussian FederationRwandaSaint BarthélemySaint Helena, Ascension and Tristan da CunhaSaint Kitts and NevisSaint LuciaSaint Martin (French part)Saint Pierre and MiquelonSaint Vincent and the GrenadinesSamoaSan MarinoSao Tome and PrincipeSaudi ArabiaSenegalSerbiaSeychellesSierra LeoneSingaporeSint Maarten (Dutch part)SlovakiaSloveniaSolomon IslandsSomaliaSouth AfricaSouth Georgia and the South Sandwich IslandsSouth SudanSpainSri LankaSudanSurinameSvalbard and Jan MayenSwazilandSwedenSwitzerlandSyrian Arab RepublicTaiwan, Province of ChinaTajikistanTanzania, United Republic ofThailandTimor-LesteTogoTokelauTongaTrinidad and TobagoTunisiaTurkeyTurkmenistanTurks and Caicos IslandsTuvaluUgandaUkraineUnited Arab EmiratesUnited KingdomUnited States Minor Outlying IslandsUruguayUzbekistanVanuatuVenezuela, Bolivarian Republic ofViet NamVirgin Islands, BritishVirgin Islands, U.S.Wallis and FutunaWestern SaharaYemenZambiaZimbabwe
            ') or . = concat('
              Select Birth Country
              United States Of AmericaItalyAfghanistanÅland IslandsAlbaniaAlgeriaAmerican SamoaAndorraAngolaAnguillaAntarcticaAntigua and BarbudaArgentinaArmeniaArubaAustraliaAustriaAzerbaijanBahamasBahrainBangladeshBarbadosBelarusBelgiumBelizeBeninBermudaBhutanBolivia, Plurinational [state] ofBonaire, Sint Eustatius and SabaBosnia and HerzegovinaBotswanaBouvet IslandBrazilBritish Indian Ocean TerritoryBrunei DarussalamBulgariaBurkina FasoBurundiCambodiaCameroonCanadaCape VerdeCayman IslandsCentral African RepublicChadChileChinaChristmas IslandCocos (Keeling) IslandsColombiaComorosCongoCongo, the Democratic Republic of theCook IslandsCosta RicaCôte d' , "'" , 'IvoireCroatiaCubaCuraçaoCyprusCzech RepublicDenmarkDjiboutiDominicaDominican RepublicEcuadorEgyptEl SalvadorEquatorial GuineaEritreaEstoniaEthiopiaFalkland Islands (Malvinas)Faroe IslandsFijiFinlandFranceFrench GuianaFrench PolynesiaFrench Southern TerritoriesGabonGambiaGeorgiaGermanyGhanaGibraltarGreeceGreenlandGrenadaGuadeloupeGuamGuatemalaGuernseyGuineaGuinea-BissauGuyanaHaitiHeard Island and McDonald IslandsHoly See (Vatican City State)HondurasHong KongHungaryIcelandIndiaIndonesiaIran, Islamic Republic ofIraqIrelandIsle of ManIsraelJamaicaJapanJerseyJordanKazakhstanKenyaKiribatiKorea, Democratic People' , "'" , 's Republic ofKorea, Republic ofKuwaitKyrgyzstanLao People' , "'" , 's Democratic RepublicLatviaLebanonLesothoLiberiaLibyaLiechtensteinLithuaniaLuxembourgMacaoMacedonia, the Former Yugoslav Republic ofMadagascarMalawiMalaysiaMaldivesMaliMaltaMarshall IslandsMartiniqueMauritaniaMauritiusMayotteMexicoMicronesia, Federated States ofMoldova, Republic ofMonacoMongoliaMontenegroMontserratMoroccoMozambiqueMyanmarNamibiaNauruNepalNetherlandsNew CaledoniaNew ZealandNicaraguaNigerNigeriaNiueNorfolk IslandNorthern Mariana IslandsNorwayOmanPakistanPalauPalestine, [state] ofPanamaPapua New GuineaParaguayPeruPhilippinesPitcairnPolandPortugalPuerto RicoQatarRéunionRomaniaRussian FederationRwandaSaint BarthélemySaint Helena, Ascension and Tristan da CunhaSaint Kitts and NevisSaint LuciaSaint Martin (French part)Saint Pierre and MiquelonSaint Vincent and the GrenadinesSamoaSan MarinoSao Tome and PrincipeSaudi ArabiaSenegalSerbiaSeychellesSierra LeoneSingaporeSint Maarten (Dutch part)SlovakiaSloveniaSolomon IslandsSomaliaSouth AfricaSouth Georgia and the South Sandwich IslandsSouth SudanSpainSri LankaSudanSurinameSvalbard and Jan MayenSwazilandSwedenSwitzerlandSyrian Arab RepublicTaiwan, Province of ChinaTajikistanTanzania, United Republic ofThailandTimor-LesteTogoTokelauTongaTrinidad and TobagoTunisiaTurkeyTurkmenistanTurks and Caicos IslandsTuvaluUgandaUkraineUnited Arab EmiratesUnited KingdomUnited States Minor Outlying IslandsUruguayUzbekistanVanuatuVenezuela, Bolivarian Republic ofViet NamVirgin Islands, BritishVirgin Islands, U.S.Wallis and FutunaWestern SaharaYemenZambiaZimbabwe
            '))]' not found)
	at com.kms.katalon.core.keyword.internal.KeywordMain.stepFailed(KeywordMain.groovy:36)
	at com.kms.katalon.core.webui.keyword.internal.WebUIKeywordMain.stepFailed(WebUIKeywordMain.groovy:65)
	at com.kms.katalon.core.webui.keyword.internal.WebUIKeywordMain.runKeyword(WebUIKeywordMain.groovy:27)
	at com.kms.katalon.core.webui.keyword.builtin.SelectOptionByLabelKeyword.selectOptionByLabel(SelectOptionByLabelKeyword.groovy:98)
	at com.kms.katalon.core.webui.keyword.builtin.SelectOptionByLabelKeyword.execute(SelectOptionByLabelKeyword.groovy:71)
	at com.kms.katalon.core.keyword.internal.KeywordExecutor.executeKeywordForPlatform(KeywordExecutor.groovy:53)
	at com.kms.katalon.core.webui.keyword.WebUiBuiltInKeywords.selectOptionByLabel(WebUiBuiltInKeywords.groovy:1200)
	at com.kms.katalon.core.webui.keyword.WebUiBuiltInKeywords$selectOptionByLabel$6.call(Unknown Source)
	at TCBA01203.run(TCBA01203:43)
	at com.kms.katalon.core.main.ScriptEngine.run(ScriptEngine.java:194)
	at com.kms.katalon.core.main.ScriptEngine.runScriptAsRawText(ScriptEngine.java:119)
	at com.kms.katalon.core.main.TestCaseExecutor.runScript(TestCaseExecutor.java:321)
	at com.kms.katalon.core.main.TestCaseExecutor.doExecute(TestCaseExecutor.java:312)
	at com.kms.katalon.core.main.TestCaseExecutor.processExecutionPhase(TestCaseExecutor.java:291)
	at com.kms.katalon.core.main.TestCaseExecutor.accessMainPhase(TestCaseExecutor.java:283)
	at com.kms.katalon.core.main.TestCaseExecutor.execute(TestCaseExecutor.java:222)
	at com.kms.katalon.core.main.TestSuiteExecutor.accessTestCaseMainPhase(TestSuiteExecutor.java:129)
	at com.kms.katalon.core.main.TestSuiteExecutor.accessTestSuiteMainPhase(TestSuiteExecutor.java:112)
	at com.kms.katalon.core.main.TestSuiteExecutor.execute(TestSuiteExecutor.java:81)
	at com.kms.katalon.core.main.TestCaseMain.startTestSuite(TestCaseMain.java:149)
	at com.kms.katalon.core.main.TestCaseMain$startTestSuite$0.call(Unknown Source)
	at TempTestSuite1543984468899.run(TempTestSuite1543984468899.groovy:36)]]></system-err>
   </testsuite>
</testsuites>
