<?xml version="1.0" encoding="UTF-8"?>
<testsuites name="VBZ0018-Training" time="46" tests="3" failures="0" errors="0">
   <testsuite name="VBZ0018-Training" tests="3" failures="0" errors="0" time="46" timestamp="2018-12-05 10:01:50" hostname="Developer - QA-Scheduler.vofox.com" id="Test Suites/VBZ0018-Training">
      <properties>
         <property name="deviceName" value=""/>
         <property name="devicePlatform" value=""/>
         <property name="logFolder" value="F:\\Vofox-Katalon\\Bonanza\\Reports\\VBZ0018-Training\\20181205_100149"/>
         <property name="logFiles" value="F:\\Vofox-Katalon\\Bonanza\\Reports\\VBZ0018-Training\\20181205_100149\\execution0.log"/>
         <property name="attachments" value=""/>
         <property name="hostName" value="Developer - QA-Scheduler.vofox.com"/>
         <property name="os" value="Windows 10 64bit"/>
         <property name="katalonVersion" value="5.9.1.2"/>
         <property name="browser" value="Chrome 70.0.3538.102"/>
         <property name="hostAddress" value="192.168.10.111"/>
         <property name="sessionId" value="5991d8eb1dc2b060a612bb9f8284b550"/>
         <property name="seleniumVersion" value="3.7.1"/>
         <property name="proxyInformation" value="ProxyInformation{proxyOption=NO_PROXY, proxyServerType=HTTP, password=, proxyServerAddress=, proxyServerPort=0}"/>
         <property name="platform" value="Windows 10"/>
      </properties>
      <testcase name="Test Cases/Associate Application/Training/TCBA01901" classname="Test Cases/Associate Application/Training/TCBA01901" status="PASSED">
         <system-out><![CDATA[2018-12-05 10:01:50 - [TEST_CASE][PASSED] - Test Cases/Associate Application/Training/TCBA01901: Test Cases/Associate Application/Training/TCBA01901

2018-12-05 10:01:50 - [TEST_STEP][PASSED] - callTestCase(findTestCase("Associate Application/Associate Login/TCBA01008"), [:], STOP_ON_FAILURE): Call Test Case 'Test Cases/Associate Application/Associate Login/TCBA01008' successfully

2018-12-05 10:01:50 - [TEST_CASE][PASSED] - Test Cases/Associate Application/Associate Login/TCBA01008: Test Cases/Associate Application/Associate Login/TCBA01008

2018-12-05 10:01:51 - [TEST_STEP][PASSED] - openBrowser(""): Browser is opened with url: ''

2018-12-05 10:01:51 - [MESSAGE][INFO] - Starting 'Chrome' driver

2018-12-05 10:01:51 - [MESSAGE][INFO] - User set preference: ['args', '[--disable-web-security]']

2018-12-05 10:01:51 - [MESSAGE][INFO] - User set preference: ['prefs', '{=--user-data-dir=c:\my\data}']

2018-12-05 10:01:51 - [MESSAGE][INFO] - Action delay is set to 0 seconds

2018-12-05 10:01:53 - [MESSAGE][PASSED] - Browser is opened with url: ''

2018-12-05 10:01:53 - [TEST_STEP][PASSED] - maximizeWindow(): Current window maximized

2018-12-05 10:01:55 - [MESSAGE][PASSED] - Current window maximized

2018-12-05 10:01:55 - [TEST_STEP][PASSED] - navigateToUrl("https://192.168.10.72/#/login"): Navigate to 'https://192.168.10.72/#/login' successfully

2018-12-05 10:02:21 - [MESSAGE][PASSED] - Navigate to 'https://192.168.10.72/#/login' successfully

2018-12-05 10:02:21 - [TEST_STEP][PASSED] - setText(findTestObject("Object Repository/Page_Log In  5-15/input_txtUserName"), "Shinto-Test"): Text 'Shinto-Test' is set on object 'Object Repository/Page_Log In  5-15/input_txtUserName'

2018-12-05 10:02:22 - [MESSAGE][PASSED] - Text 'Shinto-Test' is set on object 'Object Repository/Page_Log In  5-15/input_txtUserName'

2018-12-05 10:02:22 - [TEST_STEP][PASSED] - setEncryptedText(findTestObject("Object Repository/Page_Log In  5-15/input_txtPassword"), "p4y+y39Ir5PEPmX20UxFKw=="): Text ****** has been set on object 'Object Repository/Page_Log In  5-15/input_txtPassword'

2018-12-05 10:02:22 - [MESSAGE][PASSED] - Text ****** has been set on object 'Object Repository/Page_Log In  5-15/input_txtPassword'

2018-12-05 10:02:22 - [TEST_STEP][PASSED] - click(findTestObject("Object Repository/Page_Log In  5-15/button_Log in")): Object: 'Object Repository/Page_Log In  5-15/button_Log in' is clicked on

2018-12-05 10:02:22 - [MESSAGE][PASSED] - Object: 'Object Repository/Page_Log In  5-15/button_Log in' is clicked on

2018-12-05 10:02:22 - [TEST_STEP][PASSED] - verifyElementText(findTestObject("Object Repository/Change Password/Page_Home  5-15/span_My Title"), "My Title:"): Actual text and expected text of test object 'Object Repository/Change Password/Page_Home  5-15/span_My Title' are matched.

2018-12-05 10:02:28 - [MESSAGE][PASSED] - Actual text and expected text of test object 'Object Repository/Change Password/Page_Home  5-15/span_My Title' are matched.

2018-12-05 10:02:28 - [MESSAGE][PASSED] - Call Test Case 'Test Cases/Associate Application/Associate Login/TCBA01008' successfully

2018-12-05 10:02:28 - [TEST_STEP][PASSED] - verifyElementText(findTestObject("Object Repository/Training/Page_Home  5-15/a_Training"), "Training"): Actual text and expected text of test object 'Object Repository/Training/Page_Home  5-15/a_Training' are matched.

2018-12-05 10:02:28 - [MESSAGE][PASSED] - Actual text and expected text of test object 'Object Repository/Training/Page_Home  5-15/a_Training' are matched.]]></system-out>
         <system-err><![CDATA[]]></system-err>
      </testcase>
      <testcase name="Test Cases/Associate Application/Training/TCBA01904" classname="Test Cases/Associate Application/Training/TCBA01904" status="PASSED">
         <system-out><![CDATA[2018-12-05 10:02:28 - [TEST_CASE][PASSED] - Test Cases/Associate Application/Training/TCBA01904: Test Cases/Associate Application/Training/TCBA01904

2018-12-05 10:02:28 - [TEST_STEP][PASSED] - click(findTestObject("Object Repository/Training/Page_Home  5-15/a_Training")): Object: 'Object Repository/Training/Page_Home  5-15/a_Training' is clicked on

2018-12-05 10:02:28 - [MESSAGE][PASSED] - Object: 'Object Repository/Training/Page_Home  5-15/a_Training' is clicked on

2018-12-05 10:02:28 - [TEST_STEP][PASSED] - delay(3): Delayed 3 second(s)

2018-12-05 10:02:31 - [MESSAGE][PASSED] - Delayed 3 second(s)

2018-12-05 10:02:31 - [TEST_STEP][PASSED] - verifyElementPresent(findTestObject("Object Repository/Training/Page_How Tos  5-15/a_Videos"), 2): Object 'Object Repository/Training/Page_How Tos  5-15/a_Videos' is present

2018-12-05 10:02:31 - [MESSAGE][PASSED] - Object 'Object Repository/Training/Page_How Tos  5-15/a_Videos' is present

2018-12-05 10:02:31 - [TEST_STEP][PASSED] - click(findTestObject("Object Repository/Training/Page_How Tos  5-15/a_Videos")): Object: 'Object Repository/Training/Page_How Tos  5-15/a_Videos' is clicked on

2018-12-05 10:02:32 - [MESSAGE][PASSED] - Object: 'Object Repository/Training/Page_How Tos  5-15/a_Videos' is clicked on

2018-12-05 10:02:32 - [TEST_STEP][PASSED] - delay(3): Delayed 3 second(s)

2018-12-05 10:02:35 - [MESSAGE][PASSED] - Delayed 3 second(s)

2018-12-05 10:02:35 - [TEST_STEP][PASSED] - verifyElementText(findTestObject("Object Repository/Training/Page_Videos  5-15/span_Training"), "Training"): Actual text and expected text of test object 'Object Repository/Training/Page_Videos  5-15/span_Training' are matched.

2018-12-05 10:02:35 - [MESSAGE][PASSED] - Actual text and expected text of test object 'Object Repository/Training/Page_Videos  5-15/span_Training' are matched.

2018-12-05 10:02:35 - [TEST_STEP][PASSED] - verifyElementText(findTestObject("Object Repository/Training/Page_Videos  5-15/span_Watch Videos Now"), "Watch Videos Now"): Actual text and expected text of test object 'Object Repository/Training/Page_Videos  5-15/span_Watch Videos Now' are matched.

2018-12-05 10:02:35 - [MESSAGE][PASSED] - Actual text and expected text of test object 'Object Repository/Training/Page_Videos  5-15/span_Watch Videos Now' are matched.

2018-12-05 10:02:35 - [TEST_STEP][PASSED] - verifyElementText(findTestObject("Object Repository/Training/Page_Videos  5-15/h3_Enter a contract for Gas or"), "Enter a contract for Gas or Electricty"): Actual text and expected text of test object 'Object Repository/Training/Page_Videos  5-15/h3_Enter a contract for Gas or' are matched.

2018-12-05 10:02:35 - [MESSAGE][PASSED] - Actual text and expected text of test object 'Object Repository/Training/Page_Videos  5-15/h3_Enter a contract for Gas or' are matched.

2018-12-05 10:02:35 - [TEST_STEP][PASSED] - verifyElementText(findTestObject("Object Repository/Training/Page_Videos  5-15/h3_How to add an associate"), "How to add an associate"): Actual text and expected text of test object 'Object Repository/Training/Page_Videos  5-15/h3_How to add an associate' are matched.

2018-12-05 10:02:35 - [MESSAGE][PASSED] - Actual text and expected text of test object 'Object Repository/Training/Page_Videos  5-15/h3_How to add an associate' are matched.

2018-12-05 10:02:35 - [TEST_STEP][PASSED] - verifyElementText(findTestObject("Object Repository/Training/Page_Videos  5-15/h3_Create your associate accou"), "Create your associate account"): Actual text and expected text of test object 'Object Repository/Training/Page_Videos  5-15/h3_Create your associate accou' are matched.

2018-12-05 10:02:35 - [MESSAGE][PASSED] - Actual text and expected text of test object 'Object Repository/Training/Page_Videos  5-15/h3_Create your associate accou' are matched.

2018-12-05 10:02:35 - [TEST_STEP][PASSED] - verifyElementText(findTestObject("Object Repository/Training/Page_Videos  5-15/h3_How Customers set up their"), "How Customers set up their account in Customer Portal"): Actual text and expected text of test object 'Object Repository/Training/Page_Videos  5-15/h3_How Customers set up their' are matched.

2018-12-05 10:02:36 - [MESSAGE][PASSED] - Actual text and expected text of test object 'Object Repository/Training/Page_Videos  5-15/h3_How Customers set up their' are matched.

2018-12-05 10:02:36 - [TEST_STEP][PASSED] - verifyElementText(findTestObject("Object Repository/Training/Page_Videos  5-15/h3_Residential Sales Video 1"), "Residential Sales Video 1"): Actual text and expected text of test object 'Object Repository/Training/Page_Videos  5-15/h3_Residential Sales Video 1' are matched.

2018-12-05 10:02:36 - [MESSAGE][PASSED] - Actual text and expected text of test object 'Object Repository/Training/Page_Videos  5-15/h3_Residential Sales Video 1' are matched.

2018-12-05 10:02:36 - [TEST_STEP][PASSED] - scrollToElement(findTestObject("Object Repository/Training/Page_Videos  5-15/h3_Residential Sales Video 2"), 2): Scroll to object 'Object Repository/Training/Page_Videos  5-15/h3_Residential Sales Video 2' successfully

2018-12-05 10:02:36 - [MESSAGE][PASSED] - Scroll to object 'Object Repository/Training/Page_Videos  5-15/h3_Residential Sales Video 2' successfully

2018-12-05 10:02:36 - [TEST_STEP][PASSED] - verifyElementText(findTestObject("Object Repository/Training/Page_Videos  5-15/h3_Residential Sales Video 2"), "Residential Sales Video 2"): Actual text and expected text of test object 'Object Repository/Training/Page_Videos  5-15/h3_Residential Sales Video 2' are matched.

2018-12-05 10:02:36 - [MESSAGE][PASSED] - Actual text and expected text of test object 'Object Repository/Training/Page_Videos  5-15/h3_Residential Sales Video 2' are matched.]]></system-out>
         <system-err><![CDATA[]]></system-err>
      </testcase>
      <testcase name="Test Cases/Associate Application/Training/TCBA01905" classname="Test Cases/Associate Application/Training/TCBA01905" status="PASSED">
         <system-out><![CDATA[2018-12-05 10:02:36 - [TEST_CASE][PASSED] - Test Cases/Associate Application/Training/TCBA01905: Test Cases/Associate Application/Training/TCBA01905

2018-12-05 10:02:36 - [TEST_STEP][PASSED] - click(findTestObject("Object Repository/Edit Profile/Page_Home  5-15/span_Shinto-Test")): Object: 'Object Repository/Edit Profile/Page_Home  5-15/span_Shinto-Test' is clicked on

2018-12-05 10:02:36 - [MESSAGE][PASSED] - Object: 'Object Repository/Edit Profile/Page_Home  5-15/span_Shinto-Test' is clicked on

2018-12-05 10:02:36 - [TEST_STEP][PASSED] - click(findTestObject("Object Repository/Edit Profile/Page_Home  5-15/span_Log Off")): Object: 'Object Repository/Edit Profile/Page_Home  5-15/span_Log Off' is clicked on

2018-12-05 10:02:36 - [MESSAGE][PASSED] - Object: 'Object Repository/Edit Profile/Page_Home  5-15/span_Log Off' is clicked on

2018-12-05 10:02:36 - [TEST_STEP][PASSED] - verifyElementText(findTestObject("Object Repository/Edit Profile/Page_Log In  5-15/h1_Log In"), "Log In"): Actual text and expected text of test object 'Object Repository/Edit Profile/Page_Log In  5-15/h1_Log In' are matched.

2018-12-05 10:02:36 - [MESSAGE][PASSED] - Actual text and expected text of test object 'Object Repository/Edit Profile/Page_Log In  5-15/h1_Log In' are matched.]]></system-out>
         <system-err><![CDATA[]]></system-err>
      </testcase>
      <system-out><![CDATA[2018-12-05 10:01:50 - [TEST_SUITE][PASSED] - VBZ0018-Training: Test Cases/Associate Application/Training/TCBA01905]]></system-out>
      <system-err><![CDATA[]]></system-err>
   </testsuite>
</testsuites>
