<?xml version="1.0" encoding="UTF-8"?>
<testsuites name="VBZ0016-My Downline" time="568" tests="11" failures="0" errors="0">
   <testsuite name="VBZ0016-My Downline" tests="11" failures="0" errors="0" time="568" timestamp="2018-12-10 12:07:57" hostname="shinto - Vofox-Shinto.vofox.com" id="Test Suites/VBZ0016-My Downline">
      <properties>
         <property name="deviceName" value=""/>
         <property name="devicePlatform" value=""/>
         <property name="logFolder" value="F:\\VofoxQA\\Bonanza\\BonanzaKatalon\\Reports\\VBZ0016-My Downline\\20181210_120755"/>
         <property name="logFiles" value="F:\\VofoxQA\\Bonanza\\BonanzaKatalon\\Reports\\VBZ0016-My Downline\\20181210_120755\\execution0.log"/>
         <property name="attachments" value=""/>
         <property name="hostName" value="shinto - Vofox-Shinto.vofox.com"/>
         <property name="os" value="Windows 10 32bit"/>
         <property name="katalonVersion" value="5.8.0.1"/>
         <property name="browser" value="Chrome 70.0.3538.110"/>
         <property name="hostAddress" value="192.168.10.134"/>
         <property name="sessionId" value="6dfa8554bc949b2d7defdef7d1cfd90e"/>
         <property name="seleniumVersion" value="3.7.1"/>
         <property name="proxyInformation" value="ProxyInformation{proxyOption=NO_PROXY, proxyServerType=HTTP, password=, proxyServerAddress=, proxyServerPort=0}"/>
         <property name="platform" value="Windows 10"/>
      </properties>
      <testcase name="Test Cases/Associate Application/My Downline/TCBA01601" classname="Test Cases/Associate Application/My Downline/TCBA01601" status="PASSED">
         <system-out><![CDATA[2018-12-10 12:07:57 - [TEST_CASE][PASSED] - Test Cases/Associate Application/My Downline/TCBA01601: Test Cases/Associate Application/My Downline/TCBA01601

2018-12-10 12:07:58 - [TEST_STEP][PASSED] - callTestCase: Call Test Case 'Test Cases/Associate Application/Associate Prod Login/Login' successfully

2018-12-10 12:07:58 - [TEST_CASE][PASSED] - Test Cases/Associate Application/Associate Prod Login/Login: Test Cases/Associate Application/Associate Prod Login/Login

2018-12-10 12:07:58 - [TEST_STEP][PASSED] - openBrowser: Browser is opened with url: ''

2018-12-10 12:08:02 - [MESSAGE][PASSED] - Browser is opened with url: ''

2018-12-10 12:08:02 - [TEST_STEP][PASSED] - maximizeWindow: Current window maximized

2018-12-10 12:08:03 - [MESSAGE][PASSED] - Current window maximized

2018-12-10 12:08:03 - [TEST_STEP][PASSED] - navigateToUrl: Navigate to 'https://192.168.10.72:449/' successfully

2018-12-10 12:08:08 - [MESSAGE][PASSED] - Navigate to 'https://192.168.10.72:449/' successfully

2018-12-10 12:08:08 - [TEST_STEP][PASSED] - setText: Text 'Shinto-Test' is set on object 'Object Repository/Page_Log In  5-15/input_txtUserName'

2018-12-10 12:08:09 - [MESSAGE][PASSED] - Text 'Shinto-Test' is set on object 'Object Repository/Page_Log In  5-15/input_txtUserName'

2018-12-10 12:08:09 - [TEST_STEP][PASSED] - setEncryptedText: Text ****** has been set on object 'Object Repository/Page_Log In  5-15/input_txtPassword'

2018-12-10 12:08:09 - [MESSAGE][PASSED] - Text ****** has been set on object 'Object Repository/Page_Log In  5-15/input_txtPassword'

2018-12-10 12:08:09 - [TEST_STEP][PASSED] - click: Object: 'Object Repository/Page_Log In  5-15/button_Log in' is clicked on

2018-12-10 12:08:09 - [MESSAGE][PASSED] - Object: 'Object Repository/Page_Log In  5-15/button_Log in' is clicked on

2018-12-10 12:08:09 - [TEST_STEP][PASSED] - verifyElementText: Actual text and expected text of test object 'Object Repository/Change Password/Page_Home  5-15/span_My Title' are matched.

2018-12-10 12:08:12 - [MESSAGE][PASSED] - Actual text and expected text of test object 'Object Repository/Change Password/Page_Home  5-15/span_My Title' are matched.

2018-12-10 12:08:12 - [MESSAGE][PASSED] - Call Test Case 'Test Cases/Associate Application/Associate Prod Login/Login' successfully

2018-12-10 12:08:12 - [TEST_STEP][PASSED] - verifyElementText: Actual text and expected text of test object 'Object Repository/My Downline/Page_Home  5-15/a_My Downline' are matched.

2018-12-10 12:08:13 - [MESSAGE][PASSED] - Actual text and expected text of test object 'Object Repository/My Downline/Page_Home  5-15/a_My Downline' are matched.]]></system-out>
         <system-err><![CDATA[]]></system-err>
      </testcase>
      <testcase name="Test Cases/Associate Application/My Downline/TCBA01602" classname="Test Cases/Associate Application/My Downline/TCBA01602" status="PASSED">
         <system-out><![CDATA[2018-12-10 12:08:13 - [TEST_CASE][PASSED] - Test Cases/Associate Application/My Downline/TCBA01602: Test Cases/Associate Application/My Downline/TCBA01602

2018-12-10 12:08:13 - [TEST_STEP][PASSED] - click: Object: 'Object Repository/My Downline/Page_Home  5-15/a_My Downline' is clicked on

2018-12-10 12:08:14 - [MESSAGE][PASSED] - Object: 'Object Repository/My Downline/Page_Home  5-15/a_My Downline' is clicked on

2018-12-10 12:08:14 - [TEST_STEP][PASSED] - verifyElementText: Actual text and expected text of test object 'Object Repository/My Downline/Page_My Downline  5-15/span_My Downline' are matched.

2018-12-10 12:08:14 - [MESSAGE][PASSED] - Actual text and expected text of test object 'Object Repository/My Downline/Page_My Downline  5-15/span_My Downline' are matched.

2018-12-10 12:08:14 - [TEST_STEP][PASSED] - verifyElementText: Actual text and expected text of test object 'Object Repository/My Downline/Page_My Downline  5-15/span_List View' are matched.

2018-12-10 12:08:14 - [MESSAGE][PASSED] - Actual text and expected text of test object 'Object Repository/My Downline/Page_My Downline  5-15/span_List View' are matched.

2018-12-10 12:08:14 - [TEST_STEP][PASSED] - verifyElementText: Actual text and expected text of test object 'Object Repository/My Downline/Page_My Downline  5-15/span_Summary' are matched.

2018-12-10 12:08:14 - [MESSAGE][PASSED] - Actual text and expected text of test object 'Object Repository/My Downline/Page_My Downline  5-15/span_Summary' are matched.

2018-12-10 12:08:14 - [TEST_STEP][PASSED] - verifyElementText: Actual text and expected text of test object 'Object Repository/My Downline/Page_My Downline  5-15/span_List View with Forced Mat' are matched.

2018-12-10 12:08:14 - [MESSAGE][PASSED] - Actual text and expected text of test object 'Object Repository/My Downline/Page_My Downline  5-15/span_List View with Forced Mat' are matched.

2018-12-10 12:08:14 - [TEST_STEP][PASSED] - verifyElementText: Actual text and expected text of test object 'Object Repository/My Downline/Page_My Downline  5-15/span_Tree View with Forced Mat' are matched.

2018-12-10 12:08:15 - [MESSAGE][PASSED] - Actual text and expected text of test object 'Object Repository/My Downline/Page_My Downline  5-15/span_Tree View with Forced Mat' are matched.

2018-12-10 12:08:15 - [TEST_STEP][PASSED] - verifyElementText: Actual text and expected text of test object 'Object Repository/My Downline/Page_My Downline  5-15/button_Update Matrix' are matched.

2018-12-10 12:08:16 - [MESSAGE][PASSED] - Actual text and expected text of test object 'Object Repository/My Downline/Page_My Downline  5-15/button_Update Matrix' are matched.

2018-12-10 12:08:16 - [TEST_STEP][PASSED] - verifyElementText: Actual text and expected text of test object 'Object Repository/My Downline/Page_My Downline  5-15/span_Tree View' are matched.

2018-12-10 12:08:16 - [MESSAGE][PASSED] - Actual text and expected text of test object 'Object Repository/My Downline/Page_My Downline  5-15/span_Tree View' are matched.

2018-12-10 12:08:16 - [TEST_STEP][PASSED] - verifyElementText: Actual text and expected text of test object 'Object Repository/My Downline/Page_My Downline  5-15/h3_Tree View' are matched.

2018-12-10 12:08:16 - [MESSAGE][PASSED] - Actual text and expected text of test object 'Object Repository/My Downline/Page_My Downline  5-15/h3_Tree View' are matched.

2018-12-10 12:08:16 - [TEST_STEP][PASSED] - verifyElementText: Actual text and expected text of test object 'Object Repository/My Downline/Page_My Downline  5-15/label_End Level' are matched.

2018-12-10 12:08:17 - [MESSAGE][PASSED] - Actual text and expected text of test object 'Object Repository/My Downline/Page_My Downline  5-15/label_End Level' are matched.

2018-12-10 12:08:17 - [TEST_STEP][PASSED] - verifyElementText: Actual text and expected text of test object 'Object Repository/My Downline/Page_My Downline  5-15/label_Sponsor' are matched.

2018-12-10 12:08:17 - [MESSAGE][PASSED] - Actual text and expected text of test object 'Object Repository/My Downline/Page_My Downline  5-15/label_Sponsor' are matched.

2018-12-10 12:08:17 - [TEST_STEP][PASSED] - verifyOptionPresentByLabel: 1 option(s) with label 'Level 0' is/are present in object 'Object Repository/My Downline/Page_My Downline  5-15/Start_Level_Treeview' 

2018-12-10 12:08:17 - [MESSAGE][WARNING] - Timeout '0' is invalid. Using default page load timeout: '30'

2018-12-10 12:08:18 - [MESSAGE][PASSED] - 1 option(s) with label 'Level 0' is/are present in object 'Object Repository/My Downline/Page_My Downline  5-15/Start_Level_Treeview' 

2018-12-10 12:08:18 - [TEST_STEP][PASSED] - delay: Delayed 3 second(s)

2018-12-10 12:08:21 - [MESSAGE][PASSED] - Delayed 3 second(s)

2018-12-10 12:08:21 - [TEST_STEP][PASSED] - verifyOptionPresentByLabel: 1 option(s) with label 'Level 1' is/are present in object 'Object Repository/My Downline/Page_My Downline  5-15/Start_Level_Treeview' 

2018-12-10 12:08:21 - [MESSAGE][WARNING] - Timeout '0' is invalid. Using default page load timeout: '30'

2018-12-10 12:08:21 - [MESSAGE][PASSED] - 1 option(s) with label 'Level 1' is/are present in object 'Object Repository/My Downline/Page_My Downline  5-15/Start_Level_Treeview' 

2018-12-10 12:08:21 - [TEST_STEP][PASSED] - delay: Delayed 3 second(s)

2018-12-10 12:08:24 - [MESSAGE][PASSED] - Delayed 3 second(s)

2018-12-10 12:08:24 - [TEST_STEP][PASSED] - verifyOptionPresentByLabel: 1 option(s) with label 'Level 2' is/are present in object 'Object Repository/My Downline/Page_My Downline  5-15/Start_Level_Treeview' 

2018-12-10 12:08:24 - [MESSAGE][WARNING] - Timeout '0' is invalid. Using default page load timeout: '30'

2018-12-10 12:08:24 - [MESSAGE][PASSED] - 1 option(s) with label 'Level 2' is/are present in object 'Object Repository/My Downline/Page_My Downline  5-15/Start_Level_Treeview' 

2018-12-10 12:08:24 - [TEST_STEP][PASSED] - delay: Delayed 3 second(s)

2018-12-10 12:08:27 - [MESSAGE][PASSED] - Delayed 3 second(s)

2018-12-10 12:08:27 - [TEST_STEP][PASSED] - verifyOptionPresentByLabel: 1 option(s) with label 'Level 3' is/are present in object 'Object Repository/My Downline/Page_My Downline  5-15/Start_Level_Treeview' 

2018-12-10 12:08:27 - [MESSAGE][WARNING] - Timeout '0' is invalid. Using default page load timeout: '30'

2018-12-10 12:08:27 - [MESSAGE][PASSED] - 1 option(s) with label 'Level 3' is/are present in object 'Object Repository/My Downline/Page_My Downline  5-15/Start_Level_Treeview' 

2018-12-10 12:08:27 - [TEST_STEP][PASSED] - delay: Delayed 3 second(s)

2018-12-10 12:08:30 - [MESSAGE][PASSED] - Delayed 3 second(s)

2018-12-10 12:08:30 - [TEST_STEP][PASSED] - verifyOptionPresentByLabel: 1 option(s) with label 'Level 4' is/are present in object 'Object Repository/My Downline/Page_My Downline  5-15/Start_Level_Treeview' 

2018-12-10 12:08:30 - [MESSAGE][WARNING] - Timeout '0' is invalid. Using default page load timeout: '30'

2018-12-10 12:08:31 - [MESSAGE][PASSED] - 1 option(s) with label 'Level 4' is/are present in object 'Object Repository/My Downline/Page_My Downline  5-15/Start_Level_Treeview' 

2018-12-10 12:08:31 - [TEST_STEP][PASSED] - delay: Delayed 3 second(s)

2018-12-10 12:08:34 - [MESSAGE][PASSED] - Delayed 3 second(s)

2018-12-10 12:08:34 - [TEST_STEP][PASSED] - verifyOptionPresentByLabel: 1 option(s) with label 'Level 5' is/are present in object 'Object Repository/My Downline/Page_My Downline  5-15/Start_Level_Treeview' 

2018-12-10 12:08:34 - [MESSAGE][WARNING] - Timeout '0' is invalid. Using default page load timeout: '30'

2018-12-10 12:08:34 - [MESSAGE][PASSED] - 1 option(s) with label 'Level 5' is/are present in object 'Object Repository/My Downline/Page_My Downline  5-15/Start_Level_Treeview' 

2018-12-10 12:08:34 - [TEST_STEP][PASSED] - delay: Delayed 3 second(s)

2018-12-10 12:08:37 - [MESSAGE][PASSED] - Delayed 3 second(s)

2018-12-10 12:08:37 - [TEST_STEP][PASSED] - verifyOptionPresentByLabel: 1 option(s) with label 'Level 6' is/are present in object 'Object Repository/My Downline/Page_My Downline  5-15/Start_Level_Treeview' 

2018-12-10 12:08:37 - [MESSAGE][WARNING] - Timeout '0' is invalid. Using default page load timeout: '30'

2018-12-10 12:08:37 - [MESSAGE][PASSED] - 1 option(s) with label 'Level 6' is/are present in object 'Object Repository/My Downline/Page_My Downline  5-15/Start_Level_Treeview' 

2018-12-10 12:08:37 - [TEST_STEP][PASSED] - delay: Delayed 3 second(s)

2018-12-10 12:08:40 - [MESSAGE][PASSED] - Delayed 3 second(s)

2018-12-10 12:08:40 - [TEST_STEP][PASSED] - verifyOptionPresentByLabel: 1 option(s) with label 'Level 7' is/are present in object 'Object Repository/My Downline/Page_My Downline  5-15/Start_Level_Treeview' 

2018-12-10 12:08:40 - [MESSAGE][WARNING] - Timeout '0' is invalid. Using default page load timeout: '30'

2018-12-10 12:08:41 - [MESSAGE][PASSED] - 1 option(s) with label 'Level 7' is/are present in object 'Object Repository/My Downline/Page_My Downline  5-15/Start_Level_Treeview' 

2018-12-10 12:08:41 - [TEST_STEP][PASSED] - delay: Delayed 3 second(s)

2018-12-10 12:08:44 - [MESSAGE][PASSED] - Delayed 3 second(s)

2018-12-10 12:08:44 - [TEST_STEP][PASSED] - selectOptionByLabel: All options with label 'Level 5' are selected in object 'Object Repository/My Downline/Page_My Downline  5-15/Tree view End Level' 

2018-12-10 12:08:44 - [MESSAGE][PASSED] - All options with label 'Level 5' are selected in object 'Object Repository/My Downline/Page_My Downline  5-15/Tree view End Level' 

2018-12-10 12:08:44 - [TEST_STEP][PASSED] - delay: Delayed 3 second(s)

2018-12-10 12:08:47 - [MESSAGE][PASSED] - Delayed 3 second(s)

2018-12-10 12:08:47 - [TEST_STEP][PASSED] - verifyOptionPresentByLabel: 1 option(s) with label 'Select Sponsor' is/are present in object 'Object Repository/My Downline/Page_My Downline  5-15/Sponsor_Treeview' 

2018-12-10 12:08:47 - [MESSAGE][WARNING] - Timeout '0' is invalid. Using default page load timeout: '30'

2018-12-10 12:10:24 - [MESSAGE][PASSED] - 1 option(s) with label 'Select Sponsor' is/are present in object 'Object Repository/My Downline/Page_My Downline  5-15/Sponsor_Treeview' 

2018-12-10 12:10:24 - [TEST_STEP][PASSED] - delay: Delayed 3 second(s)

2018-12-10 12:10:27 - [MESSAGE][PASSED] - Delayed 3 second(s)

2018-12-10 12:10:27 - [TEST_STEP][PASSED] - selectOptionByLabel: All options with label 'Select Sponsor' are selected in object 'Object Repository/My Downline/Page_My Downline  5-15/Sponsor_Treeview' 

2018-12-10 12:10:27 - [MESSAGE][PASSED] - All options with label 'Select Sponsor' are selected in object 'Object Repository/My Downline/Page_My Downline  5-15/Sponsor_Treeview' 

2018-12-10 12:10:27 - [TEST_STEP][PASSED] - click: Object: 'Object Repository/My Downline/Page_My Downline  5-15/button_Update Matrix' is clicked on

2018-12-10 12:10:27 - [MESSAGE][PASSED] - Object: 'Object Repository/My Downline/Page_My Downline  5-15/button_Update Matrix' is clicked on

2018-12-10 12:10:27 - [TEST_STEP][PASSED] - delay: Delayed 5 second(s)

2018-12-10 12:10:32 - [MESSAGE][PASSED] - Delayed 5 second(s)

2018-12-10 12:10:32 - [TEST_STEP][PASSED] - verifyElementText: Actual text and expected text of test object 'Object Repository/My Downline/Page_My Downline  5-15/button_Update Matrix' are matched.

2018-12-10 12:10:32 - [MESSAGE][PASSED] - Actual text and expected text of test object 'Object Repository/My Downline/Page_My Downline  5-15/button_Update Matrix' are matched.]]></system-out>
         <system-err><![CDATA[]]></system-err>
      </testcase>
      <testcase name="Test Cases/Associate Application/My Downline/TCBA01603" classname="Test Cases/Associate Application/My Downline/TCBA01603" status="PASSED">
         <system-out><![CDATA[2018-12-10 12:10:32 - [TEST_CASE][PASSED] - Test Cases/Associate Application/My Downline/TCBA01603: Test Cases/Associate Application/My Downline/TCBA01603

2018-12-10 12:10:33 - [TEST_STEP][PASSED] - click: Object: 'Object Repository/My Downline/Page_My Downline  5-15/span_List View' is clicked on

2018-12-10 12:10:33 - [MESSAGE][PASSED] - Object: 'Object Repository/My Downline/Page_My Downline  5-15/span_List View' is clicked on

2018-12-10 12:10:33 - [TEST_STEP][PASSED] - verifyElementText: Actual text and expected text of test object 'Object Repository/My Downline/Page_My Downline  5-15/span_My Downline' are matched.

2018-12-10 12:10:33 - [MESSAGE][PASSED] - Actual text and expected text of test object 'Object Repository/My Downline/Page_My Downline  5-15/span_My Downline' are matched.

2018-12-10 12:10:33 - [TEST_STEP][PASSED] - verifyElementText: Actual text and expected text of test object 'Object Repository/My Downline/Page_My Downline  5-15/span_List View' are matched.

2018-12-10 12:10:34 - [MESSAGE][PASSED] - Actual text and expected text of test object 'Object Repository/My Downline/Page_My Downline  5-15/span_List View' are matched.

2018-12-10 12:10:34 - [TEST_STEP][PASSED] - verifyElementText: Actual text and expected text of test object 'Object Repository/My Downline/Page_My Downline  5-15/span_Summary' are matched.

2018-12-10 12:10:34 - [MESSAGE][PASSED] - Actual text and expected text of test object 'Object Repository/My Downline/Page_My Downline  5-15/span_Summary' are matched.

2018-12-10 12:10:34 - [TEST_STEP][PASSED] - verifyElementText: Actual text and expected text of test object 'Object Repository/My Downline/Page_My Downline  5-15/span_List View with Forced Mat' are matched.

2018-12-10 12:10:35 - [MESSAGE][PASSED] - Actual text and expected text of test object 'Object Repository/My Downline/Page_My Downline  5-15/span_List View with Forced Mat' are matched.

2018-12-10 12:10:35 - [TEST_STEP][PASSED] - verifyElementText: Actual text and expected text of test object 'Object Repository/My Downline/Page_My Downline  5-15/span_Tree View with Forced Mat' are matched.

2018-12-10 12:10:35 - [MESSAGE][PASSED] - Actual text and expected text of test object 'Object Repository/My Downline/Page_My Downline  5-15/span_Tree View with Forced Mat' are matched.

2018-12-10 12:10:35 - [TEST_STEP][PASSED] - verifyElementText: Actual text and expected text of test object 'Object Repository/My Downline/Page_My Downline  5-15/span_Tree View' are matched.

2018-12-10 12:10:35 - [MESSAGE][PASSED] - Actual text and expected text of test object 'Object Repository/My Downline/Page_My Downline  5-15/span_Tree View' are matched.

2018-12-10 12:10:35 - [TEST_STEP][PASSED] - verifyElementText: Actual text and expected text of test object 'Object Repository/My Downline/Page_My Downline  5-15/h3_List view' are matched.

2018-12-10 12:10:35 - [MESSAGE][PASSED] - Actual text and expected text of test object 'Object Repository/My Downline/Page_My Downline  5-15/h3_List view' are matched.

2018-12-10 12:10:35 - [TEST_STEP][PASSED] - verifyElementText: Actual text and expected text of test object 'Object Repository/My Downline/Page_My Downline  5-15/button_FILTER' are matched.

2018-12-10 12:10:35 - [MESSAGE][PASSED] - Actual text and expected text of test object 'Object Repository/My Downline/Page_My Downline  5-15/button_FILTER' are matched.

2018-12-10 12:10:35 - [TEST_STEP][PASSED] - verifyElementText: Actual text and expected text of test object 'Object Repository/My Downline/Page_My Downline  5-15/label_Start Level' are matched.

2018-12-10 12:10:36 - [MESSAGE][PASSED] - Actual text and expected text of test object 'Object Repository/My Downline/Page_My Downline  5-15/label_Start Level' are matched.

2018-12-10 12:10:36 - [TEST_STEP][PASSED] - verifyElementText: Actual text and expected text of test object 'Object Repository/My Downline/Page_My Downline  5-15/label_End Level' are matched.

2018-12-10 12:10:36 - [MESSAGE][PASSED] - Actual text and expected text of test object 'Object Repository/My Downline/Page_My Downline  5-15/label_End Level' are matched.

2018-12-10 12:10:36 - [TEST_STEP][PASSED] - verifyElementText: Actual text and expected text of test object 'Object Repository/My Downline/Page_My Downline  5-15/label_Sponsor' are matched.

2018-12-10 12:10:36 - [MESSAGE][PASSED] - Actual text and expected text of test object 'Object Repository/My Downline/Page_My Downline  5-15/label_Sponsor' are matched.

2018-12-10 12:10:36 - [TEST_STEP][PASSED] - verifyElementText: Actual text and expected text of test object 'Object Repository/My Downline/Page_My Downline  5-15/label_Contract Not Signed' are matched.

2018-12-10 12:10:36 - [MESSAGE][PASSED] - Actual text and expected text of test object 'Object Repository/My Downline/Page_My Downline  5-15/label_Contract Not Signed' are matched.]]></system-out>
         <system-err><![CDATA[]]></system-err>
      </testcase>
      <testcase name="Test Cases/Associate Application/My Downline/TCBA01604" classname="Test Cases/Associate Application/My Downline/TCBA01604" status="PASSED">
         <system-out><![CDATA[2018-12-10 12:10:36 - [TEST_CASE][PASSED] - Test Cases/Associate Application/My Downline/TCBA01604: Test Cases/Associate Application/My Downline/TCBA01604

2018-12-10 12:10:37 - [TEST_STEP][PASSED] - verifyElementText: Actual text and expected text of test object 'Object Repository/My Downline/Page_My Downline  5-15/th_Sponsor' are matched.

2018-12-10 12:10:37 - [MESSAGE][PASSED] - Actual text and expected text of test object 'Object Repository/My Downline/Page_My Downline  5-15/th_Sponsor' are matched.

2018-12-10 12:10:37 - [TEST_STEP][PASSED] - verifyElementText: Actual text and expected text of test object 'Object Repository/My Downline/Page_My Downline  5-15/th_Associate' are matched.

2018-12-10 12:10:37 - [MESSAGE][PASSED] - Actual text and expected text of test object 'Object Repository/My Downline/Page_My Downline  5-15/th_Associate' are matched.

2018-12-10 12:10:37 - [TEST_STEP][PASSED] - verifyElementText: Actual text and expected text of test object 'Object Repository/My Downline/Page_My Downline  5-15/th_Customer Energy Accounts' are matched.

2018-12-10 12:10:37 - [MESSAGE][PASSED] - Actual text and expected text of test object 'Object Repository/My Downline/Page_My Downline  5-15/th_Customer Energy Accounts' are matched.

2018-12-10 12:10:37 - [TEST_STEP][PASSED] - verifyElementText: Actual text and expected text of test object 'Object Repository/My Downline/Page_My Downline  5-15/div_Level' are matched.

2018-12-10 12:10:37 - [MESSAGE][PASSED] - Actual text and expected text of test object 'Object Repository/My Downline/Page_My Downline  5-15/div_Level' are matched.

2018-12-10 12:10:37 - [TEST_STEP][PASSED] - verifyElementText: Actual text and expected text of test object 'Object Repository/My Downline/Page_My Downline  5-15/div_Sponsor' are matched.

2018-12-10 12:10:37 - [MESSAGE][PASSED] - Actual text and expected text of test object 'Object Repository/My Downline/Page_My Downline  5-15/div_Sponsor' are matched.

2018-12-10 12:10:37 - [TEST_STEP][PASSED] - verifyElementText: Actual text and expected text of test object 'Object Repository/My Downline/Page_My Downline  5-15/div_Sponsor Email' are matched.

2018-12-10 12:10:37 - [MESSAGE][PASSED] - Actual text and expected text of test object 'Object Repository/My Downline/Page_My Downline  5-15/div_Sponsor Email' are matched.

2018-12-10 12:10:37 - [TEST_STEP][PASSED] - verifyElementText: Actual text and expected text of test object 'Object Repository/My Downline/Page_My Downline  5-15/div_Sponsor Mobile Phone' are matched.

2018-12-10 12:10:37 - [MESSAGE][PASSED] - Actual text and expected text of test object 'Object Repository/My Downline/Page_My Downline  5-15/div_Sponsor Mobile Phone' are matched.

2018-12-10 12:10:37 - [TEST_STEP][PASSED] - verifyElementText: Actual text and expected text of test object 'Object Repository/My Downline/Page_My Downline  5-15/div_Associate' are matched.

2018-12-10 12:10:38 - [MESSAGE][PASSED] - Actual text and expected text of test object 'Object Repository/My Downline/Page_My Downline  5-15/div_Associate' are matched.

2018-12-10 12:10:38 - [TEST_STEP][PASSED] - verifyElementText: Actual text and expected text of test object 'Object Repository/My Downline/Page_My Downline  5-15/div_Email' are matched.

2018-12-10 12:10:38 - [MESSAGE][PASSED] - Actual text and expected text of test object 'Object Repository/My Downline/Page_My Downline  5-15/div_Email' are matched.

2018-12-10 12:10:38 - [TEST_STEP][PASSED] - verifyElementText: Actual text and expected text of test object 'Object Repository/My Downline/Page_My Downline  5-15/div_Mobile Phone' are matched.

2018-12-10 12:10:38 - [MESSAGE][PASSED] - Actual text and expected text of test object 'Object Repository/My Downline/Page_My Downline  5-15/div_Mobile Phone' are matched.

2018-12-10 12:10:38 - [TEST_STEP][PASSED] - verifyElementText: Actual text and expected text of test object 'Object Repository/My Downline/Page_My Downline  5-15/div_Inactive Date' are matched.

2018-12-10 12:10:38 - [MESSAGE][PASSED] - Actual text and expected text of test object 'Object Repository/My Downline/Page_My Downline  5-15/div_Inactive Date' are matched.

2018-12-10 12:10:38 - [TEST_STEP][PASSED] - verifyElementText: Actual text and expected text of test object 'Object Repository/My Downline/Page_My Downline  5-15/div_Csr Status' are matched.

2018-12-10 12:10:38 - [MESSAGE][PASSED] - Actual text and expected text of test object 'Object Repository/My Downline/Page_My Downline  5-15/div_Csr Status' are matched.

2018-12-10 12:10:38 - [TEST_STEP][PASSED] - verifyElementText: Actual text and expected text of test object 'Object Repository/My Downline/Page_My Downline  5-15/div_Contract Signed Date' are matched.

2018-12-10 12:10:38 - [MESSAGE][PASSED] - Actual text and expected text of test object 'Object Repository/My Downline/Page_My Downline  5-15/div_Contract Signed Date' are matched.

2018-12-10 12:10:38 - [TEST_STEP][PASSED] - verifyElementText: Actual text and expected text of test object 'Object Repository/My Downline/Page_My Downline  5-15/div_CSR Title' are matched.

2018-12-10 12:10:38 - [MESSAGE][PASSED] - Actual text and expected text of test object 'Object Repository/My Downline/Page_My Downline  5-15/div_CSR Title' are matched.

2018-12-10 12:10:38 - [TEST_STEP][PASSED] - verifyElementText: Actual text and expected text of test object 'Object Repository/My Downline/Page_My Downline  5-15/div_Associate Count' are matched.

2018-12-10 12:10:38 - [MESSAGE][PASSED] - Actual text and expected text of test object 'Object Repository/My Downline/Page_My Downline  5-15/div_Associate Count' are matched.

2018-12-10 12:10:38 - [TEST_STEP][PASSED] - verifyElementText: Actual text and expected text of test object 'Object Repository/My Downline/Page_My Downline  5-15/div_Contract Count' are matched.

2018-12-10 12:10:38 - [MESSAGE][PASSED] - Actual text and expected text of test object 'Object Repository/My Downline/Page_My Downline  5-15/div_Contract Count' are matched.

2018-12-10 12:10:38 - [TEST_STEP][PASSED] - verifyElementText: Actual text and expected text of test object 'Object Repository/My Downline/Page_My Downline  5-15/div_Validated Contract Count' are matched.

2018-12-10 12:10:38 - [MESSAGE][PASSED] - Actual text and expected text of test object 'Object Repository/My Downline/Page_My Downline  5-15/div_Validated Contract Count' are matched.

2018-12-10 12:10:38 - [TEST_STEP][PASSED] - verifyOptionPresentByLabel: 1 option(s) with label 'Level 0' is/are present in object 'Object Repository/My Downline/Page_My Downline  5-15/Start Level' 

2018-12-10 12:10:39 - [MESSAGE][WARNING] - Timeout '0' is invalid. Using default page load timeout: '30'

2018-12-10 12:10:39 - [MESSAGE][PASSED] - 1 option(s) with label 'Level 0' is/are present in object 'Object Repository/My Downline/Page_My Downline  5-15/Start Level' 

2018-12-10 12:10:39 - [TEST_STEP][PASSED] - delay: Delayed 3 second(s)

2018-12-10 12:10:42 - [MESSAGE][PASSED] - Delayed 3 second(s)

2018-12-10 12:10:42 - [TEST_STEP][PASSED] - verifyOptionPresentByLabel: 1 option(s) with label 'Level 1' is/are present in object 'Object Repository/My Downline/Page_My Downline  5-15/Start Level' 

2018-12-10 12:10:42 - [MESSAGE][WARNING] - Timeout '0' is invalid. Using default page load timeout: '30'

2018-12-10 12:10:42 - [MESSAGE][PASSED] - 1 option(s) with label 'Level 1' is/are present in object 'Object Repository/My Downline/Page_My Downline  5-15/Start Level' 

2018-12-10 12:10:42 - [TEST_STEP][PASSED] - delay: Delayed 3 second(s)

2018-12-10 12:10:45 - [MESSAGE][PASSED] - Delayed 3 second(s)

2018-12-10 12:10:45 - [TEST_STEP][PASSED] - verifyOptionPresentByLabel: 1 option(s) with label 'Level 2' is/are present in object 'Object Repository/My Downline/Page_My Downline  5-15/Start Level' 

2018-12-10 12:10:45 - [MESSAGE][WARNING] - Timeout '0' is invalid. Using default page load timeout: '30'

2018-12-10 12:10:46 - [MESSAGE][PASSED] - 1 option(s) with label 'Level 2' is/are present in object 'Object Repository/My Downline/Page_My Downline  5-15/Start Level' 

2018-12-10 12:10:46 - [TEST_STEP][PASSED] - delay: Delayed 3 second(s)

2018-12-10 12:10:49 - [MESSAGE][PASSED] - Delayed 3 second(s)

2018-12-10 12:10:49 - [TEST_STEP][PASSED] - verifyOptionPresentByLabel: 1 option(s) with label 'Level 3' is/are present in object 'Object Repository/My Downline/Page_My Downline  5-15/Start Level' 

2018-12-10 12:10:49 - [MESSAGE][WARNING] - Timeout '0' is invalid. Using default page load timeout: '30'

2018-12-10 12:10:49 - [MESSAGE][PASSED] - 1 option(s) with label 'Level 3' is/are present in object 'Object Repository/My Downline/Page_My Downline  5-15/Start Level' 

2018-12-10 12:10:49 - [TEST_STEP][PASSED] - delay: Delayed 3 second(s)

2018-12-10 12:10:52 - [MESSAGE][PASSED] - Delayed 3 second(s)

2018-12-10 12:10:52 - [TEST_STEP][PASSED] - verifyOptionPresentByLabel: 1 option(s) with label 'Level 4' is/are present in object 'Object Repository/My Downline/Page_My Downline  5-15/Start Level' 

2018-12-10 12:10:52 - [MESSAGE][WARNING] - Timeout '0' is invalid. Using default page load timeout: '30'

2018-12-10 12:10:52 - [MESSAGE][PASSED] - 1 option(s) with label 'Level 4' is/are present in object 'Object Repository/My Downline/Page_My Downline  5-15/Start Level' 

2018-12-10 12:10:52 - [TEST_STEP][PASSED] - delay: Delayed 3 second(s)

2018-12-10 12:10:55 - [MESSAGE][PASSED] - Delayed 3 second(s)

2018-12-10 12:10:55 - [TEST_STEP][PASSED] - verifyOptionPresentByLabel: 1 option(s) with label 'Level 5' is/are present in object 'Object Repository/My Downline/Page_My Downline  5-15/Start Level' 

2018-12-10 12:10:55 - [MESSAGE][WARNING] - Timeout '0' is invalid. Using default page load timeout: '30'

2018-12-10 12:10:56 - [MESSAGE][PASSED] - 1 option(s) with label 'Level 5' is/are present in object 'Object Repository/My Downline/Page_My Downline  5-15/Start Level' 

2018-12-10 12:10:56 - [TEST_STEP][PASSED] - delay: Delayed 3 second(s)

2018-12-10 12:10:59 - [MESSAGE][PASSED] - Delayed 3 second(s)

2018-12-10 12:10:59 - [TEST_STEP][PASSED] - verifyOptionPresentByLabel: 1 option(s) with label 'Level 6' is/are present in object 'Object Repository/My Downline/Page_My Downline  5-15/Start Level' 

2018-12-10 12:10:59 - [MESSAGE][WARNING] - Timeout '0' is invalid. Using default page load timeout: '30'

2018-12-10 12:10:59 - [MESSAGE][PASSED] - 1 option(s) with label 'Level 6' is/are present in object 'Object Repository/My Downline/Page_My Downline  5-15/Start Level' 

2018-12-10 12:10:59 - [TEST_STEP][PASSED] - delay: Delayed 3 second(s)

2018-12-10 12:11:02 - [MESSAGE][PASSED] - Delayed 3 second(s)

2018-12-10 12:11:02 - [TEST_STEP][PASSED] - verifyOptionPresentByLabel: 1 option(s) with label 'Level 7' is/are present in object 'Object Repository/My Downline/Page_My Downline  5-15/Start Level' 

2018-12-10 12:11:02 - [MESSAGE][WARNING] - Timeout '0' is invalid. Using default page load timeout: '30'

2018-12-10 12:11:02 - [MESSAGE][PASSED] - 1 option(s) with label 'Level 7' is/are present in object 'Object Repository/My Downline/Page_My Downline  5-15/Start Level' 

2018-12-10 12:11:02 - [TEST_STEP][PASSED] - delay: Delayed 3 second(s)

2018-12-10 12:11:05 - [MESSAGE][PASSED] - Delayed 3 second(s)

2018-12-10 12:11:05 - [TEST_STEP][PASSED] - selectOptionByLabel: All options with label 'Level 3' are selected in object 'Object Repository/My Downline/Page_My Downline  5-15/Start Level' 

2018-12-10 12:11:06 - [MESSAGE][PASSED] - All options with label 'Level 3' are selected in object 'Object Repository/My Downline/Page_My Downline  5-15/Start Level' 

2018-12-10 12:11:06 - [TEST_STEP][PASSED] - delay: Delayed 3 second(s)

2018-12-10 12:11:09 - [MESSAGE][PASSED] - Delayed 3 second(s)

2018-12-10 12:11:09 - [TEST_STEP][PASSED] - verifyOptionPresentByLabel: 1 option(s) with label 'Level 0' is/are present in object 'Object Repository/My Downline/Page_My Downline  5-15/select_Level 0            Leve' 

2018-12-10 12:11:09 - [MESSAGE][WARNING] - Timeout '0' is invalid. Using default page load timeout: '30'

2018-12-10 12:11:09 - [MESSAGE][PASSED] - 1 option(s) with label 'Level 0' is/are present in object 'Object Repository/My Downline/Page_My Downline  5-15/select_Level 0            Leve' 

2018-12-10 12:11:09 - [TEST_STEP][PASSED] - delay: Delayed 3 second(s)

2018-12-10 12:11:12 - [MESSAGE][PASSED] - Delayed 3 second(s)

2018-12-10 12:11:12 - [TEST_STEP][PASSED] - verifyOptionPresentByLabel: 1 option(s) with label 'Level 1' is/are present in object 'Object Repository/My Downline/Page_My Downline  5-15/select_Level 0            Leve' 

2018-12-10 12:11:12 - [MESSAGE][WARNING] - Timeout '0' is invalid. Using default page load timeout: '30'

2018-12-10 12:11:12 - [MESSAGE][PASSED] - 1 option(s) with label 'Level 1' is/are present in object 'Object Repository/My Downline/Page_My Downline  5-15/select_Level 0            Leve' 

2018-12-10 12:11:12 - [TEST_STEP][PASSED] - delay: Delayed 3 second(s)

2018-12-10 12:11:15 - [MESSAGE][PASSED] - Delayed 3 second(s)

2018-12-10 12:11:15 - [TEST_STEP][PASSED] - verifyOptionPresentByLabel: 1 option(s) with label 'Level 2' is/are present in object 'Object Repository/My Downline/Page_My Downline  5-15/select_Level 0            Leve' 

2018-12-10 12:11:15 - [MESSAGE][WARNING] - Timeout '0' is invalid. Using default page load timeout: '30'

2018-12-10 12:11:16 - [MESSAGE][PASSED] - 1 option(s) with label 'Level 2' is/are present in object 'Object Repository/My Downline/Page_My Downline  5-15/select_Level 0            Leve' 

2018-12-10 12:11:16 - [TEST_STEP][PASSED] - delay: Delayed 3 second(s)

2018-12-10 12:11:19 - [MESSAGE][PASSED] - Delayed 3 second(s)

2018-12-10 12:11:19 - [TEST_STEP][PASSED] - verifyOptionPresentByLabel: 1 option(s) with label 'Level 3' is/are present in object 'Object Repository/My Downline/Page_My Downline  5-15/select_Level 0            Leve' 

2018-12-10 12:11:19 - [MESSAGE][WARNING] - Timeout '0' is invalid. Using default page load timeout: '30'

2018-12-10 12:11:19 - [MESSAGE][PASSED] - 1 option(s) with label 'Level 3' is/are present in object 'Object Repository/My Downline/Page_My Downline  5-15/select_Level 0            Leve' 

2018-12-10 12:11:19 - [TEST_STEP][PASSED] - delay: Delayed 3 second(s)

2018-12-10 12:11:22 - [MESSAGE][PASSED] - Delayed 3 second(s)

2018-12-10 12:11:22 - [TEST_STEP][PASSED] - verifyOptionPresentByLabel: 1 option(s) with label 'Level 4' is/are present in object 'Object Repository/My Downline/Page_My Downline  5-15/select_Level 0            Leve' 

2018-12-10 12:11:22 - [MESSAGE][WARNING] - Timeout '0' is invalid. Using default page load timeout: '30'

2018-12-10 12:11:22 - [MESSAGE][PASSED] - 1 option(s) with label 'Level 4' is/are present in object 'Object Repository/My Downline/Page_My Downline  5-15/select_Level 0            Leve' 

2018-12-10 12:11:22 - [TEST_STEP][PASSED] - delay: Delayed 3 second(s)

2018-12-10 12:11:25 - [MESSAGE][PASSED] - Delayed 3 second(s)

2018-12-10 12:11:25 - [TEST_STEP][PASSED] - verifyOptionPresentByLabel: 1 option(s) with label 'Level 5' is/are present in object 'Object Repository/My Downline/Page_My Downline  5-15/select_Level 0            Leve' 

2018-12-10 12:11:25 - [MESSAGE][WARNING] - Timeout '0' is invalid. Using default page load timeout: '30'

2018-12-10 12:11:26 - [MESSAGE][PASSED] - 1 option(s) with label 'Level 5' is/are present in object 'Object Repository/My Downline/Page_My Downline  5-15/select_Level 0            Leve' 

2018-12-10 12:11:26 - [TEST_STEP][PASSED] - delay: Delayed 3 second(s)

2018-12-10 12:11:29 - [MESSAGE][PASSED] - Delayed 3 second(s)

2018-12-10 12:11:29 - [TEST_STEP][PASSED] - verifyOptionPresentByLabel: 1 option(s) with label 'Level 6' is/are present in object 'Object Repository/My Downline/Page_My Downline  5-15/select_Level 0            Leve' 

2018-12-10 12:11:29 - [MESSAGE][WARNING] - Timeout '0' is invalid. Using default page load timeout: '30'

2018-12-10 12:11:29 - [MESSAGE][PASSED] - 1 option(s) with label 'Level 6' is/are present in object 'Object Repository/My Downline/Page_My Downline  5-15/select_Level 0            Leve' 

2018-12-10 12:11:29 - [TEST_STEP][PASSED] - delay: Delayed 3 second(s)

2018-12-10 12:11:32 - [MESSAGE][PASSED] - Delayed 3 second(s)

2018-12-10 12:11:32 - [TEST_STEP][PASSED] - verifyOptionPresentByLabel: 1 option(s) with label 'Level 7' is/are present in object 'Object Repository/My Downline/Page_My Downline  5-15/select_Level 0            Leve' 

2018-12-10 12:11:32 - [MESSAGE][WARNING] - Timeout '0' is invalid. Using default page load timeout: '30'

2018-12-10 12:11:33 - [MESSAGE][PASSED] - 1 option(s) with label 'Level 7' is/are present in object 'Object Repository/My Downline/Page_My Downline  5-15/select_Level 0            Leve' 

2018-12-10 12:11:33 - [TEST_STEP][PASSED] - delay: Delayed 3 second(s)

2018-12-10 12:11:36 - [MESSAGE][PASSED] - Delayed 3 second(s)

2018-12-10 12:11:36 - [TEST_STEP][PASSED] - selectOptionByLabel: All options with label 'Level 4' are selected in object 'Object Repository/My Downline/Page_My Downline  5-15/select_Level 0            Leve' 

2018-12-10 12:11:36 - [MESSAGE][PASSED] - All options with label 'Level 4' are selected in object 'Object Repository/My Downline/Page_My Downline  5-15/select_Level 0            Leve' 

2018-12-10 12:11:36 - [TEST_STEP][PASSED] - delay: Delayed 3 second(s)

2018-12-10 12:11:39 - [MESSAGE][PASSED] - Delayed 3 second(s)

2018-12-10 12:11:39 - [TEST_STEP][PASSED] - selectOptionByLabel: All options with label 'Select Sponsor' are selected in object 'Object Repository/My Downline/Page_My Downline  5-15/select_Select Sponsor' 

2018-12-10 12:11:39 - [MESSAGE][PASSED] - All options with label 'Select Sponsor' are selected in object 'Object Repository/My Downline/Page_My Downline  5-15/select_Select Sponsor' 

2018-12-10 12:11:39 - [TEST_STEP][PASSED] - delay: Delayed 3 second(s)

2018-12-10 12:11:42 - [MESSAGE][PASSED] - Delayed 3 second(s)

2018-12-10 12:11:42 - [TEST_STEP][PASSED] - verifyElementText: Actual text and expected text of test object 'Object Repository/My Downline/Page_My Downline  5-15/button_FILTER' are matched.

2018-12-10 12:11:42 - [MESSAGE][PASSED] - Actual text and expected text of test object 'Object Repository/My Downline/Page_My Downline  5-15/button_FILTER' are matched.

2018-12-10 12:11:42 - [TEST_STEP][PASSED] - click: Object: 'Object Repository/My Downline/Page_My Downline  5-15/button_FILTER' is clicked on

2018-12-10 12:11:43 - [MESSAGE][PASSED] - Object: 'Object Repository/My Downline/Page_My Downline  5-15/button_FILTER' is clicked on

2018-12-10 12:11:43 - [TEST_STEP][PASSED] - selectOptionByLabel: All options with label 'Level 6' are selected in object 'Object Repository/My Downline/Page_My Downline  5-15/Start Level' 

2018-12-10 12:11:43 - [MESSAGE][PASSED] - All options with label 'Level 6' are selected in object 'Object Repository/My Downline/Page_My Downline  5-15/Start Level' 

2018-12-10 12:11:43 - [TEST_STEP][PASSED] - delay: Delayed 3 second(s)

2018-12-10 12:11:46 - [MESSAGE][PASSED] - Delayed 3 second(s)

2018-12-10 12:11:46 - [TEST_STEP][PASSED] - selectOptionByLabel: All options with label 'Level 3' are selected in object 'Object Repository/My Downline/Page_My Downline  5-15/select_Level 0            Leve' 

2018-12-10 12:11:46 - [MESSAGE][PASSED] - All options with label 'Level 3' are selected in object 'Object Repository/My Downline/Page_My Downline  5-15/select_Level 0            Leve' 

2018-12-10 12:11:46 - [TEST_STEP][PASSED] - delay: Delayed 3 second(s)

2018-12-10 12:11:49 - [MESSAGE][PASSED] - Delayed 3 second(s)

2018-12-10 12:11:49 - [TEST_STEP][PASSED] - verifyElementText: Actual text and expected text of test object 'Object Repository/My Downline/Page_My Downline  5-15/div_The End Level should be  g' are matched.

2018-12-10 12:11:49 - [MESSAGE][PASSED] - Actual text and expected text of test object 'Object Repository/My Downline/Page_My Downline  5-15/div_The End Level should be  g' are matched.]]></system-out>
         <system-err><![CDATA[]]></system-err>
      </testcase>
      <testcase name="Test Cases/Associate Application/My Downline/TCBA01605" classname="Test Cases/Associate Application/My Downline/TCBA01605" status="PASSED">
         <system-out><![CDATA[2018-12-10 12:11:49 - [TEST_CASE][PASSED] - Test Cases/Associate Application/My Downline/TCBA01605: Test Cases/Associate Application/My Downline/TCBA01605

2018-12-10 12:11:50 - [TEST_STEP][PASSED] - selectOptionByLabel: All options with label 'Level 3' are selected in object 'Object Repository/My Downline/Page_My Downline  5-15/Start Level' 

2018-12-10 12:11:50 - [MESSAGE][PASSED] - All options with label 'Level 3' are selected in object 'Object Repository/My Downline/Page_My Downline  5-15/Start Level' 

2018-12-10 12:11:50 - [TEST_STEP][PASSED] - delay: Delayed 3 second(s)

2018-12-10 12:11:53 - [MESSAGE][PASSED] - Delayed 3 second(s)

2018-12-10 12:11:53 - [TEST_STEP][PASSED] - selectOptionByLabel: All options with label 'Level 6' are selected in object 'Object Repository/My Downline/Page_My Downline  5-15/select_Level 0            Leve' 

2018-12-10 12:11:53 - [MESSAGE][PASSED] - All options with label 'Level 6' are selected in object 'Object Repository/My Downline/Page_My Downline  5-15/select_Level 0            Leve' 

2018-12-10 12:11:53 - [TEST_STEP][PASSED] - delay: Delayed 3 second(s)

2018-12-10 12:11:56 - [MESSAGE][PASSED] - Delayed 3 second(s)

2018-12-10 12:11:56 - [TEST_STEP][PASSED] - selectOptionByLabel: All options with label 'Select Sponsor' are selected in object 'Object Repository/My Downline/Page_My Downline  5-15/select_Select Sponsor' 

2018-12-10 12:11:56 - [MESSAGE][PASSED] - All options with label 'Select Sponsor' are selected in object 'Object Repository/My Downline/Page_My Downline  5-15/select_Select Sponsor' 

2018-12-10 12:11:56 - [TEST_STEP][PASSED] - delay: Delayed 3 second(s)

2018-12-10 12:11:59 - [MESSAGE][PASSED] - Delayed 3 second(s)

2018-12-10 12:11:59 - [TEST_STEP][PASSED] - click: Object: 'Object Repository/My Downline/Page_My Downline  5-15/button_FILTER' is clicked on

2018-12-10 12:12:00 - [MESSAGE][PASSED] - Object: 'Object Repository/My Downline/Page_My Downline  5-15/button_FILTER' is clicked on

2018-12-10 12:12:00 - [TEST_STEP][PASSED] - verifyElementPresent: Object 'Object Repository/My Downline/Page_My Downline  5-15/div_...12345678...' is present

2018-12-10 12:12:00 - [MESSAGE][WARNING] - Timeout '0' is invalid. Using default page load timeout: '30'

2018-12-10 12:12:00 - [MESSAGE][PASSED] - Object 'Object Repository/My Downline/Page_My Downline  5-15/div_...12345678...' is present

2018-12-10 12:12:00 - [TEST_STEP][PASSED] - verifyElementPresent: Object 'Object Repository/My Downline/Page_My Downline  5-15/div_1 of 1 pages (4 items)' is present

2018-12-10 12:12:00 - [MESSAGE][WARNING] - Timeout '0' is invalid. Using default page load timeout: '30'

2018-12-10 12:12:00 - [MESSAGE][PASSED] - Object 'Object Repository/My Downline/Page_My Downline  5-15/div_1 of 1 pages (4 items)' is present]]></system-out>
         <system-err><![CDATA[]]></system-err>
      </testcase>
      <testcase name="Test Cases/Associate Application/My Downline/TCBA01606" classname="Test Cases/Associate Application/My Downline/TCBA01606" status="PASSED">
         <system-out><![CDATA[2018-12-10 12:12:00 - [TEST_CASE][PASSED] - Test Cases/Associate Application/My Downline/TCBA01606: Test Cases/Associate Application/My Downline/TCBA01606

2018-12-10 12:12:00 - [TEST_STEP][PASSED] - click: Object: 'Object Repository/My Downline/Page_My Downline  5-15/span_Summary' is clicked on

2018-12-10 12:12:01 - [MESSAGE][PASSED] - Object: 'Object Repository/My Downline/Page_My Downline  5-15/span_Summary' is clicked on

2018-12-10 12:12:01 - [TEST_STEP][PASSED] - verifyElementText: Actual text and expected text of test object 'Object Repository/My Downline/Page_My Downline  5-15/h3_Summary' are matched.

2018-12-10 12:12:01 - [MESSAGE][PASSED] - Actual text and expected text of test object 'Object Repository/My Downline/Page_My Downline  5-15/h3_Summary' are matched.

2018-12-10 12:12:01 - [TEST_STEP][PASSED] - verifyElementText: Actual text and expected text of test object 'Object Repository/My Downline/Page_My Downline  5-15/label_Sponsor' are matched.

2018-12-10 12:12:01 - [MESSAGE][PASSED] - Actual text and expected text of test object 'Object Repository/My Downline/Page_My Downline  5-15/label_Sponsor' are matched.

2018-12-10 12:12:01 - [TEST_STEP][PASSED] - verifyElementText: Actual text and expected text of test object 'Object Repository/My Downline/Page_My Downline  5-15/Summary Filter button' are matched.

2018-12-10 12:12:01 - [MESSAGE][PASSED] - Actual text and expected text of test object 'Object Repository/My Downline/Page_My Downline  5-15/Summary Filter button' are matched.

2018-12-10 12:12:01 - [TEST_STEP][PASSED] - verifyElementText: Actual text and expected text of test object 'Object Repository/My Downline/Page_My Downline  5-15/h3_Energy Accounts' are matched.

2018-12-10 12:12:01 - [MESSAGE][PASSED] - Actual text and expected text of test object 'Object Repository/My Downline/Page_My Downline  5-15/h3_Energy Accounts' are matched.

2018-12-10 12:12:01 - [TEST_STEP][PASSED] - verifyElementText: Actual text and expected text of test object 'Object Repository/My Downline/Page_My Downline  5-15/h3_Associates' are matched.

2018-12-10 12:12:01 - [MESSAGE][PASSED] - Actual text and expected text of test object 'Object Repository/My Downline/Page_My Downline  5-15/h3_Associates' are matched.

2018-12-10 12:12:01 - [TEST_STEP][PASSED] - verifyElementText: Actual text and expected text of test object 'Object Repository/My Downline/Page_My Downline  5-15/Level1Energy' are matched.

2018-12-10 12:12:02 - [MESSAGE][PASSED] - Actual text and expected text of test object 'Object Repository/My Downline/Page_My Downline  5-15/Level1Energy' are matched.

2018-12-10 12:12:02 - [TEST_STEP][PASSED] - selectOptionByLabel: All options with label 'Select Sponsor' are selected in object 'Object Repository/My Downline/Page_My Downline  5-15/Summary_Sponsor' 

2018-12-10 12:12:02 - [MESSAGE][PASSED] - All options with label 'Select Sponsor' are selected in object 'Object Repository/My Downline/Page_My Downline  5-15/Summary_Sponsor' 

2018-12-10 12:12:02 - [TEST_STEP][PASSED] - delay: Delayed 3 second(s)

2018-12-10 12:12:05 - [MESSAGE][PASSED] - Delayed 3 second(s)

2018-12-10 12:12:05 - [TEST_STEP][PASSED] - click: Object: 'Object Repository/My Downline/Page_My Downline  5-15/Summary Filter button' is clicked on

2018-12-10 12:12:05 - [MESSAGE][PASSED] - Object: 'Object Repository/My Downline/Page_My Downline  5-15/Summary Filter button' is clicked on

2018-12-10 12:12:05 - [TEST_STEP][PASSED] - verifyElementText: Actual text and expected text of test object 'Object Repository/My Downline/Page_My Downline  5-15/h3_Energy Accounts' are matched.

2018-12-10 12:12:05 - [MESSAGE][PASSED] - Actual text and expected text of test object 'Object Repository/My Downline/Page_My Downline  5-15/h3_Energy Accounts' are matched.

2018-12-10 12:12:05 - [TEST_STEP][PASSED] - click: Object: 'Object Repository/My Downline/Page_My Downline  5-15/span_143' is clicked on

2018-12-10 12:12:06 - [MESSAGE][PASSED] - Object: 'Object Repository/My Downline/Page_My Downline  5-15/span_143' is clicked on

2018-12-10 12:12:06 - [TEST_STEP][PASSED] - verifyElementText: Actual text and expected text of test object 'Object Repository/My Downline/Page_My Downline  5-15/h3_Energy Accounts Details' are matched.

2018-12-10 12:12:06 - [MESSAGE][PASSED] - Actual text and expected text of test object 'Object Repository/My Downline/Page_My Downline  5-15/h3_Energy Accounts Details' are matched.

2018-12-10 12:12:06 - [TEST_STEP][PASSED] - verifyElementText: Actual text and expected text of test object 'Object Repository/My Downline/Page_My Downline  5-15/Grid Level' are matched.

2018-12-10 12:12:06 - [MESSAGE][PASSED] - Actual text and expected text of test object 'Object Repository/My Downline/Page_My Downline  5-15/Grid Level' are matched.

2018-12-10 12:12:06 - [TEST_STEP][PASSED] - verifyElementText: Actual text and expected text of test object 'Object Repository/My Downline/Page_My Downline  5-15/div_Sponsor' are matched.

2018-12-10 12:12:06 - [MESSAGE][PASSED] - Actual text and expected text of test object 'Object Repository/My Downline/Page_My Downline  5-15/div_Sponsor' are matched.

2018-12-10 12:12:06 - [TEST_STEP][PASSED] - verifyElementText: Actual text and expected text of test object 'Object Repository/My Downline/Page_My Downline  5-15/div_Sponsor Email' are matched.

2018-12-10 12:12:06 - [MESSAGE][PASSED] - Actual text and expected text of test object 'Object Repository/My Downline/Page_My Downline  5-15/div_Sponsor Email' are matched.

2018-12-10 12:12:06 - [TEST_STEP][PASSED] - verifyElementText: Actual text and expected text of test object 'Object Repository/My Downline/Page_My Downline  5-15/div_Sponsor Mobile Phone' are matched.

2018-12-10 12:12:06 - [MESSAGE][PASSED] - Actual text and expected text of test object 'Object Repository/My Downline/Page_My Downline  5-15/div_Sponsor Mobile Phone' are matched.

2018-12-10 12:12:06 - [TEST_STEP][PASSED] - verifyElementText: Actual text and expected text of test object 'Object Repository/My Downline/Page_My Downline  5-15/div_Associate' are matched.

2018-12-10 12:12:06 - [MESSAGE][PASSED] - Actual text and expected text of test object 'Object Repository/My Downline/Page_My Downline  5-15/div_Associate' are matched.

2018-12-10 12:12:06 - [TEST_STEP][PASSED] - verifyElementText: Actual text and expected text of test object 'Object Repository/My Downline/Page_My Downline  5-15/div_Email' are matched.

2018-12-10 12:12:07 - [MESSAGE][PASSED] - Actual text and expected text of test object 'Object Repository/My Downline/Page_My Downline  5-15/div_Email' are matched.

2018-12-10 12:12:07 - [TEST_STEP][PASSED] - verifyElementText: Actual text and expected text of test object 'Object Repository/My Downline/Page_My Downline  5-15/div_Mobile Phone' are matched.

2018-12-10 12:12:07 - [MESSAGE][PASSED] - Actual text and expected text of test object 'Object Repository/My Downline/Page_My Downline  5-15/div_Mobile Phone' are matched.

2018-12-10 12:12:07 - [TEST_STEP][PASSED] - verifyElementText: Actual text and expected text of test object 'Object Repository/My Downline/Page_My Downline  5-15/div_Inactive Date' are matched.

2018-12-10 12:12:07 - [MESSAGE][PASSED] - Actual text and expected text of test object 'Object Repository/My Downline/Page_My Downline  5-15/div_Inactive Date' are matched.

2018-12-10 12:12:07 - [TEST_STEP][PASSED] - verifyElementText: Actual text and expected text of test object 'Object Repository/My Downline/Page_My Downline  5-15/div_Submitted Date' are matched.

2018-12-10 12:12:07 - [MESSAGE][PASSED] - Actual text and expected text of test object 'Object Repository/My Downline/Page_My Downline  5-15/div_Submitted Date' are matched.

2018-12-10 12:12:07 - [TEST_STEP][PASSED] - verifyElementText: Actual text and expected text of test object 'Object Repository/My Downline/Page_My Downline  5-15/div_Account Name' are matched.

2018-12-10 12:12:07 - [MESSAGE][PASSED] - Actual text and expected text of test object 'Object Repository/My Downline/Page_My Downline  5-15/div_Account Name' are matched.

2018-12-10 12:12:07 - [TEST_STEP][PASSED] - verifyElementText: Actual text and expected text of test object 'Object Repository/My Downline/Page_My Downline  5-15/div_Account Number' are matched.

2018-12-10 12:12:08 - [MESSAGE][PASSED] - Actual text and expected text of test object 'Object Repository/My Downline/Page_My Downline  5-15/div_Account Number' are matched.

2018-12-10 12:12:08 - [TEST_STEP][PASSED] - verifyElementText: Actual text and expected text of test object 'Object Repository/My Downline/Page_My Downline  5-15/div_Account Status' are matched.

2018-12-10 12:12:08 - [MESSAGE][PASSED] - Actual text and expected text of test object 'Object Repository/My Downline/Page_My Downline  5-15/div_Account Status' are matched.

2018-12-10 12:12:08 - [TEST_STEP][PASSED] - verifyElementText: Actual text and expected text of test object 'Object Repository/My Downline/Page_My Downline  5-15/h3_Associates' are matched.

2018-12-10 12:12:08 - [MESSAGE][PASSED] - Actual text and expected text of test object 'Object Repository/My Downline/Page_My Downline  5-15/h3_Associates' are matched.

2018-12-10 12:12:08 - [TEST_STEP][PASSED] - waitForElementClickable: Object 'Object Repository/My Downline/Page_My Downline  5-15/span_62' is clickable

2018-12-10 12:12:08 - [MESSAGE][PASSED] - Object 'Object Repository/My Downline/Page_My Downline  5-15/span_62' is clickable

2018-12-10 12:12:08 - [TEST_STEP][PASSED] - click: Object: 'Object Repository/My Downline/Page_My Downline  5-15/span_62' is clicked on

2018-12-10 12:12:08 - [MESSAGE][PASSED] - Object: 'Object Repository/My Downline/Page_My Downline  5-15/span_62' is clicked on

2018-12-10 12:12:08 - [TEST_STEP][PASSED] - verifyElementText: Actual text and expected text of test object 'Object Repository/My Downline/Page_My Downline  5-15/h3_Associate Details' are matched.

2018-12-10 12:12:08 - [MESSAGE][PASSED] - Actual text and expected text of test object 'Object Repository/My Downline/Page_My Downline  5-15/h3_Associate Details' are matched.

2018-12-10 12:12:08 - [TEST_STEP][PASSED] - verifyElementText: Actual text and expected text of test object 'Object Repository/My Downline/Page_My Downline  5-15/div_Level' are matched.

2018-12-10 12:12:09 - [MESSAGE][PASSED] - Actual text and expected text of test object 'Object Repository/My Downline/Page_My Downline  5-15/div_Level' are matched.

2018-12-10 12:12:09 - [TEST_STEP][PASSED] - verifyElementText: Actual text and expected text of test object 'Object Repository/My Downline/Page_My Downline  5-15/div_Sponsor' are matched.

2018-12-10 12:12:09 - [MESSAGE][PASSED] - Actual text and expected text of test object 'Object Repository/My Downline/Page_My Downline  5-15/div_Sponsor' are matched.

2018-12-10 12:12:09 - [TEST_STEP][PASSED] - verifyElementText: Actual text and expected text of test object 'Object Repository/My Downline/Page_My Downline  5-15/div_Sponsor Email' are matched.

2018-12-10 12:12:09 - [MESSAGE][PASSED] - Actual text and expected text of test object 'Object Repository/My Downline/Page_My Downline  5-15/div_Sponsor Email' are matched.

2018-12-10 12:12:09 - [TEST_STEP][PASSED] - verifyElementText: Actual text and expected text of test object 'Object Repository/My Downline/Page_My Downline  5-15/div_Sponsor Mobile Phone' are matched.

2018-12-10 12:12:09 - [MESSAGE][PASSED] - Actual text and expected text of test object 'Object Repository/My Downline/Page_My Downline  5-15/div_Sponsor Mobile Phone' are matched.

2018-12-10 12:12:09 - [TEST_STEP][PASSED] - verifyElementText: Actual text and expected text of test object 'Object Repository/My Downline/Page_My Downline  5-15/div_Associate' are matched.

2018-12-10 12:12:09 - [MESSAGE][PASSED] - Actual text and expected text of test object 'Object Repository/My Downline/Page_My Downline  5-15/div_Associate' are matched.

2018-12-10 12:12:09 - [TEST_STEP][PASSED] - verifyElementText: Actual text and expected text of test object 'Object Repository/My Downline/Page_My Downline  5-15/div_Email' are matched.

2018-12-10 12:12:09 - [MESSAGE][PASSED] - Actual text and expected text of test object 'Object Repository/My Downline/Page_My Downline  5-15/div_Email' are matched.

2018-12-10 12:12:09 - [TEST_STEP][PASSED] - verifyElementText: Actual text and expected text of test object 'Object Repository/My Downline/Page_My Downline  5-15/div_Mobile Phone' are matched.

2018-12-10 12:12:09 - [MESSAGE][PASSED] - Actual text and expected text of test object 'Object Repository/My Downline/Page_My Downline  5-15/div_Mobile Phone' are matched.

2018-12-10 12:12:09 - [TEST_STEP][PASSED] - verifyElementText: Actual text and expected text of test object 'Object Repository/My Downline/Page_My Downline  5-15/div_Inactive Date' are matched.

2018-12-10 12:12:09 - [MESSAGE][PASSED] - Actual text and expected text of test object 'Object Repository/My Downline/Page_My Downline  5-15/div_Inactive Date' are matched.

2018-12-10 12:12:09 - [TEST_STEP][PASSED] - verifyElementText: Actual text and expected text of test object 'Object Repository/My Downline/Page_My Downline  5-15/div_Contract Signed Date' are matched.

2018-12-10 12:12:10 - [MESSAGE][PASSED] - Actual text and expected text of test object 'Object Repository/My Downline/Page_My Downline  5-15/div_Contract Signed Date' are matched.

2018-12-10 12:12:10 - [TEST_STEP][PASSED] - verifyElementText: Actual text and expected text of test object 'Object Repository/My Downline/Page_My Downline  5-15/div_CSR Title' are matched.

2018-12-10 12:12:10 - [MESSAGE][PASSED] - Actual text and expected text of test object 'Object Repository/My Downline/Page_My Downline  5-15/div_CSR Title' are matched.

2018-12-10 12:12:10 - [TEST_STEP][PASSED] - verifyElementText: Actual text and expected text of test object 'Object Repository/My Downline/Page_My Downline  5-15/div_Associate Count' are matched.

2018-12-10 12:12:10 - [MESSAGE][PASSED] - Actual text and expected text of test object 'Object Repository/My Downline/Page_My Downline  5-15/div_Associate Count' are matched.

2018-12-10 12:12:10 - [TEST_STEP][PASSED] - verifyElementText: Actual text and expected text of test object 'Object Repository/My Downline/Page_My Downline  5-15/div_Contract Count' are matched.

2018-12-10 12:12:10 - [MESSAGE][PASSED] - Actual text and expected text of test object 'Object Repository/My Downline/Page_My Downline  5-15/div_Contract Count' are matched.]]></system-out>
         <system-err><![CDATA[]]></system-err>
      </testcase>
      <testcase name="Test Cases/Associate Application/My Downline/TCBA01607" classname="Test Cases/Associate Application/My Downline/TCBA01607" status="PASSED">
         <system-out><![CDATA[2018-12-10 12:12:10 - [TEST_CASE][PASSED] - Test Cases/Associate Application/My Downline/TCBA01607: Test Cases/Associate Application/My Downline/TCBA01607

2018-12-10 12:12:10 - [TEST_STEP][PASSED] - verifyElementVisible: Object 'Object Repository/My Downline/Page_My Downline  5-15/div_...12345678...' is visible

2018-12-10 12:12:10 - [MESSAGE][PASSED] - Object 'Object Repository/My Downline/Page_My Downline  5-15/div_...12345678...' is visible

2018-12-10 12:12:10 - [TEST_STEP][PASSED] - verifyElementVisible: Object 'Object Repository/My Downline/Page_My Downline  5-15/div_1 of 6 pages (62 items)' is visible

2018-12-10 12:12:10 - [MESSAGE][PASSED] - Object 'Object Repository/My Downline/Page_My Downline  5-15/div_1 of 6 pages (62 items)' is visible]]></system-out>
         <system-err><![CDATA[]]></system-err>
      </testcase>
      <testcase name="Test Cases/Associate Application/My Downline/TCBA01608" classname="Test Cases/Associate Application/My Downline/TCBA01608" status="PASSED">
         <system-out><![CDATA[2018-12-10 12:12:10 - [TEST_CASE][PASSED] - Test Cases/Associate Application/My Downline/TCBA01608: Test Cases/Associate Application/My Downline/TCBA01608

2018-12-10 12:12:11 - [TEST_STEP][PASSED] - click: Object: 'Object Repository/My Downline/Page_My Downline  5-15/span_Tree View with Forced Mat' is clicked on

2018-12-10 12:12:11 - [MESSAGE][PASSED] - Object: 'Object Repository/My Downline/Page_My Downline  5-15/span_Tree View with Forced Mat' is clicked on

2018-12-10 12:12:11 - [TEST_STEP][PASSED] - verifyElementText: Actual text and expected text of test object 'Object Repository/My Downline/Page_My Downline  5-15/span_My Downline' are matched.

2018-12-10 12:12:11 - [MESSAGE][PASSED] - Actual text and expected text of test object 'Object Repository/My Downline/Page_My Downline  5-15/span_My Downline' are matched.

2018-12-10 12:12:11 - [TEST_STEP][PASSED] - verifyElementText: Actual text and expected text of test object 'Object Repository/My Downline/Page_My Downline  5-15/h3_Tree View with Forced Matri' are matched.

2018-12-10 12:12:11 - [MESSAGE][PASSED] - Actual text and expected text of test object 'Object Repository/My Downline/Page_My Downline  5-15/h3_Tree View with Forced Matri' are matched.

2018-12-10 12:12:11 - [TEST_STEP][PASSED] - verifyElementText: Actual text and expected text of test object 'Object Repository/My Downline/Page_My Downline  5-15/span_Summary' are matched.

2018-12-10 12:12:11 - [MESSAGE][PASSED] - Actual text and expected text of test object 'Object Repository/My Downline/Page_My Downline  5-15/span_Summary' are matched.

2018-12-10 12:12:11 - [TEST_STEP][PASSED] - verifyElementText: Actual text and expected text of test object 'Object Repository/My Downline/Page_My Downline  5-15/span_List View' are matched.

2018-12-10 12:12:12 - [MESSAGE][PASSED] - Actual text and expected text of test object 'Object Repository/My Downline/Page_My Downline  5-15/span_List View' are matched.

2018-12-10 12:12:12 - [TEST_STEP][PASSED] - verifyElementText: Actual text and expected text of test object 'Object Repository/My Downline/Page_My Downline  5-15/span_Tree View' are matched.

2018-12-10 12:12:12 - [MESSAGE][PASSED] - Actual text and expected text of test object 'Object Repository/My Downline/Page_My Downline  5-15/span_Tree View' are matched.

2018-12-10 12:12:12 - [TEST_STEP][PASSED] - verifyElementText: Actual text and expected text of test object 'Object Repository/My Downline/Page_My Downline  5-15/a_List View with Forced Matrix' are matched.

2018-12-10 12:12:12 - [MESSAGE][PASSED] - Actual text and expected text of test object 'Object Repository/My Downline/Page_My Downline  5-15/a_List View with Forced Matrix' are matched.

2018-12-10 12:12:12 - [TEST_STEP][PASSED] - verifyElementText: Actual text and expected text of test object 'Object Repository/My Downline/Page_My Downline  5-15/span_Tree View with Forced Mat' are matched.

2018-12-10 12:12:12 - [MESSAGE][PASSED] - Actual text and expected text of test object 'Object Repository/My Downline/Page_My Downline  5-15/span_Tree View with Forced Mat' are matched.

2018-12-10 12:12:12 - [TEST_STEP][PASSED] - click: Object: 'Object Repository/My Downline/Page_My Downline  5-15/button_Update Matrix' is clicked on

2018-12-10 12:12:12 - [MESSAGE][PASSED] - Object: 'Object Repository/My Downline/Page_My Downline  5-15/button_Update Matrix' is clicked on

2018-12-10 12:12:12 - [TEST_STEP][PASSED] - click: Object: 'Object Repository/My Downline/Page_My Downline  5-15/button_Update Matrix_btn btn-z' is clicked on

2018-12-10 12:12:12 - [MESSAGE][PASSED] - Object: 'Object Repository/My Downline/Page_My Downline  5-15/button_Update Matrix_btn btn-z' is clicked on

2018-12-10 12:12:12 - [TEST_STEP][PASSED] - click: Object: 'Object Repository/My Downline/Page_My Downline  5-15/i_Update Matrix_fa fa-search-p' is clicked on

2018-12-10 12:12:13 - [MESSAGE][PASSED] - Object: 'Object Repository/My Downline/Page_My Downline  5-15/i_Update Matrix_fa fa-search-p' is clicked on

2018-12-10 12:12:13 - [TEST_STEP][PASSED] - click: Object: 'Object Repository/My Downline/Page_My Downline  5-15/i_Update Matrix_fa fa-search-m' is clicked on

2018-12-10 12:12:13 - [MESSAGE][PASSED] - Object: 'Object Repository/My Downline/Page_My Downline  5-15/i_Update Matrix_fa fa-search-m' is clicked on

2018-12-10 12:12:13 - [TEST_STEP][PASSED] - click: Object: 'Object Repository/My Downline/Page_My Downline  5-15/i_Update Matrix_fa fa-search-m' is clicked on

2018-12-10 12:12:14 - [MESSAGE][PASSED] - Object: 'Object Repository/My Downline/Page_My Downline  5-15/i_Update Matrix_fa fa-search-m' is clicked on

2018-12-10 12:12:14 - [TEST_STEP][PASSED] - click: Object: 'Object Repository/My Downline/Page_My Downline  5-15/i_Update Matrix_fa fa-search-p' is clicked on

2018-12-10 12:12:14 - [MESSAGE][PASSED] - Object: 'Object Repository/My Downline/Page_My Downline  5-15/i_Update Matrix_fa fa-search-p' is clicked on

2018-12-10 12:12:14 - [TEST_STEP][PASSED] - verifyElementText: Actual text and expected text of test object 'Object Repository/My Downline/Page_My Downline  5-15/h3_Tree View with Forced Matri' are matched.

2018-12-10 12:12:14 - [MESSAGE][PASSED] - Actual text and expected text of test object 'Object Repository/My Downline/Page_My Downline  5-15/h3_Tree View with Forced Matri' are matched.

2018-12-10 12:12:14 - [TEST_STEP][PASSED] - verifyElementText: Actual text and expected text of test object 'Object Repository/My Downline/Page_My Downline  5-15/label_End Level' are matched.

2018-12-10 12:12:14 - [MESSAGE][PASSED] - Actual text and expected text of test object 'Object Repository/My Downline/Page_My Downline  5-15/label_End Level' are matched.

2018-12-10 12:12:14 - [TEST_STEP][PASSED] - verifyElementText: Actual text and expected text of test object 'Object Repository/My Downline/Page_My Downline  5-15/label_Sponsor' are matched.

2018-12-10 12:12:14 - [MESSAGE][PASSED] - Actual text and expected text of test object 'Object Repository/My Downline/Page_My Downline  5-15/label_Sponsor' are matched.

2018-12-10 12:12:14 - [TEST_STEP][PASSED] - verifyOptionPresentByLabel: 1 option(s) with label 'Level 0' is/are present in object 'Object Repository/My Downline/Page_My Downline  5-15/Treewith_ForcedmatrixLevel' 

2018-12-10 12:12:14 - [MESSAGE][WARNING] - Timeout '0' is invalid. Using default page load timeout: '30'

2018-12-10 12:12:15 - [MESSAGE][PASSED] - 1 option(s) with label 'Level 0' is/are present in object 'Object Repository/My Downline/Page_My Downline  5-15/Treewith_ForcedmatrixLevel' 

2018-12-10 12:12:15 - [TEST_STEP][PASSED] - delay: Delayed 3 second(s)

2018-12-10 12:12:18 - [MESSAGE][PASSED] - Delayed 3 second(s)

2018-12-10 12:12:18 - [TEST_STEP][PASSED] - verifyOptionPresentByLabel: 1 option(s) with label 'Level 1' is/are present in object 'Object Repository/My Downline/Page_My Downline  5-15/Treewith_ForcedmatrixLevel' 

2018-12-10 12:12:18 - [MESSAGE][WARNING] - Timeout '0' is invalid. Using default page load timeout: '30'

2018-12-10 12:12:18 - [MESSAGE][PASSED] - 1 option(s) with label 'Level 1' is/are present in object 'Object Repository/My Downline/Page_My Downline  5-15/Treewith_ForcedmatrixLevel' 

2018-12-10 12:12:18 - [TEST_STEP][PASSED] - delay: Delayed 3 second(s)

2018-12-10 12:12:21 - [MESSAGE][PASSED] - Delayed 3 second(s)

2018-12-10 12:12:21 - [TEST_STEP][PASSED] - verifyOptionPresentByLabel: 1 option(s) with label 'Level 2' is/are present in object 'Object Repository/My Downline/Page_My Downline  5-15/Treewith_ForcedmatrixLevel' 

2018-12-10 12:12:21 - [MESSAGE][WARNING] - Timeout '0' is invalid. Using default page load timeout: '30'

2018-12-10 12:12:22 - [MESSAGE][PASSED] - 1 option(s) with label 'Level 2' is/are present in object 'Object Repository/My Downline/Page_My Downline  5-15/Treewith_ForcedmatrixLevel' 

2018-12-10 12:12:22 - [TEST_STEP][PASSED] - delay: Delayed 3 second(s)

2018-12-10 12:12:25 - [MESSAGE][PASSED] - Delayed 3 second(s)

2018-12-10 12:12:25 - [TEST_STEP][PASSED] - verifyOptionPresentByLabel: 1 option(s) with label 'Level 3' is/are present in object 'Object Repository/My Downline/Page_My Downline  5-15/Treewith_ForcedmatrixLevel' 

2018-12-10 12:12:25 - [MESSAGE][WARNING] - Timeout '0' is invalid. Using default page load timeout: '30'

2018-12-10 12:12:25 - [MESSAGE][PASSED] - 1 option(s) with label 'Level 3' is/are present in object 'Object Repository/My Downline/Page_My Downline  5-15/Treewith_ForcedmatrixLevel' 

2018-12-10 12:12:25 - [TEST_STEP][PASSED] - delay: Delayed 3 second(s)

2018-12-10 12:12:28 - [MESSAGE][PASSED] - Delayed 3 second(s)

2018-12-10 12:12:28 - [TEST_STEP][PASSED] - verifyOptionPresentByLabel: 1 option(s) with label 'Level 4' is/are present in object 'Object Repository/My Downline/Page_My Downline  5-15/Treewith_ForcedmatrixLevel' 

2018-12-10 12:12:28 - [MESSAGE][WARNING] - Timeout '0' is invalid. Using default page load timeout: '30'

2018-12-10 12:12:28 - [MESSAGE][PASSED] - 1 option(s) with label 'Level 4' is/are present in object 'Object Repository/My Downline/Page_My Downline  5-15/Treewith_ForcedmatrixLevel' 

2018-12-10 12:12:28 - [TEST_STEP][PASSED] - delay: Delayed 3 second(s)

2018-12-10 12:12:31 - [MESSAGE][PASSED] - Delayed 3 second(s)

2018-12-10 12:12:31 - [TEST_STEP][PASSED] - verifyOptionPresentByLabel: 1 option(s) with label 'Level 5' is/are present in object 'Object Repository/My Downline/Page_My Downline  5-15/Treewith_ForcedmatrixLevel' 

2018-12-10 12:12:31 - [MESSAGE][WARNING] - Timeout '0' is invalid. Using default page load timeout: '30'

2018-12-10 12:12:32 - [MESSAGE][PASSED] - 1 option(s) with label 'Level 5' is/are present in object 'Object Repository/My Downline/Page_My Downline  5-15/Treewith_ForcedmatrixLevel' 

2018-12-10 12:12:32 - [TEST_STEP][PASSED] - delay: Delayed 3 second(s)

2018-12-10 12:12:35 - [MESSAGE][PASSED] - Delayed 3 second(s)

2018-12-10 12:12:35 - [TEST_STEP][PASSED] - verifyOptionPresentByLabel: 1 option(s) with label 'Level 6' is/are present in object 'Object Repository/My Downline/Page_My Downline  5-15/Treewith_ForcedmatrixLevel' 

2018-12-10 12:12:35 - [MESSAGE][WARNING] - Timeout '0' is invalid. Using default page load timeout: '30'

2018-12-10 12:12:35 - [MESSAGE][PASSED] - 1 option(s) with label 'Level 6' is/are present in object 'Object Repository/My Downline/Page_My Downline  5-15/Treewith_ForcedmatrixLevel' 

2018-12-10 12:12:35 - [TEST_STEP][PASSED] - delay: Delayed 3 second(s)

2018-12-10 12:12:38 - [MESSAGE][PASSED] - Delayed 3 second(s)

2018-12-10 12:12:38 - [TEST_STEP][PASSED] - verifyOptionPresentByLabel: 1 option(s) with label 'Level 7' is/are present in object 'Object Repository/My Downline/Page_My Downline  5-15/Treewith_ForcedmatrixLevel' 

2018-12-10 12:12:38 - [MESSAGE][WARNING] - Timeout '0' is invalid. Using default page load timeout: '30'

2018-12-10 12:12:38 - [MESSAGE][PASSED] - 1 option(s) with label 'Level 7' is/are present in object 'Object Repository/My Downline/Page_My Downline  5-15/Treewith_ForcedmatrixLevel' 

2018-12-10 12:12:38 - [TEST_STEP][PASSED] - delay: Delayed 3 second(s)

2018-12-10 12:12:41 - [MESSAGE][PASSED] - Delayed 3 second(s)

2018-12-10 12:12:41 - [TEST_STEP][PASSED] - selectOptionByLabel: All options with label 'Level 5' are selected in object 'Object Repository/My Downline/Page_My Downline  5-15/Treewith_ForcedmatrixLevel' 

2018-12-10 12:12:42 - [MESSAGE][PASSED] - All options with label 'Level 5' are selected in object 'Object Repository/My Downline/Page_My Downline  5-15/Treewith_ForcedmatrixLevel' 

2018-12-10 12:12:42 - [TEST_STEP][PASSED] - delay: Delayed 3 second(s)

2018-12-10 12:12:45 - [MESSAGE][PASSED] - Delayed 3 second(s)

2018-12-10 12:12:45 - [TEST_STEP][PASSED] - verifyOptionPresentByLabel: 1 option(s) with label 'Select Sponsor' is/are present in object 'Object Repository/My Downline/Page_My Downline  5-15/Treeview_With_ForcedMatrix' 

2018-12-10 12:12:45 - [MESSAGE][WARNING] - Timeout '0' is invalid. Using default page load timeout: '30'

2018-12-10 12:14:30 - [MESSAGE][PASSED] - 1 option(s) with label 'Select Sponsor' is/are present in object 'Object Repository/My Downline/Page_My Downline  5-15/Treeview_With_ForcedMatrix' 

2018-12-10 12:14:30 - [TEST_STEP][PASSED] - delay: Delayed 5 second(s)

2018-12-10 12:14:35 - [MESSAGE][PASSED] - Delayed 5 second(s)

2018-12-10 12:14:35 - [TEST_STEP][PASSED] - selectOptionByLabel: All options with label 'Select Sponsor' are selected in object 'Object Repository/My Downline/Page_My Downline  5-15/Treeview_With_ForcedMatrix' 

2018-12-10 12:14:35 - [MESSAGE][PASSED] - All options with label 'Select Sponsor' are selected in object 'Object Repository/My Downline/Page_My Downline  5-15/Treeview_With_ForcedMatrix' 

2018-12-10 12:14:35 - [TEST_STEP][PASSED] - delay: Delayed 3 second(s)

2018-12-10 12:14:38 - [MESSAGE][PASSED] - Delayed 3 second(s)

2018-12-10 12:14:38 - [TEST_STEP][PASSED] - verifyElementText: Actual text and expected text of test object 'Object Repository/My Downline/Page_My Downline  5-15/button_Update Matrix' are matched.

2018-12-10 12:14:38 - [MESSAGE][PASSED] - Actual text and expected text of test object 'Object Repository/My Downline/Page_My Downline  5-15/button_Update Matrix' are matched.

2018-12-10 12:14:38 - [TEST_STEP][PASSED] - click: Object: 'Object Repository/My Downline/Page_My Downline  5-15/button_Update Matrix' is clicked on

2018-12-10 12:14:38 - [MESSAGE][PASSED] - Object: 'Object Repository/My Downline/Page_My Downline  5-15/button_Update Matrix' is clicked on]]></system-out>
         <system-err><![CDATA[]]></system-err>
      </testcase>
      <testcase name="Test Cases/Associate Application/My Downline/TCBA01609" classname="Test Cases/Associate Application/My Downline/TCBA01609" status="PASSED">
         <system-out><![CDATA[2018-12-10 12:14:38 - [TEST_CASE][PASSED] - Test Cases/Associate Application/My Downline/TCBA01609: Test Cases/Associate Application/My Downline/TCBA01609

2018-12-10 12:14:39 - [TEST_STEP][PASSED] - click: Object: 'Object Repository/My Downline/Page_My Downline  5-15/span_List View with Forced Mat' is clicked on

2018-12-10 12:14:39 - [MESSAGE][PASSED] - Object: 'Object Repository/My Downline/Page_My Downline  5-15/span_List View with Forced Mat' is clicked on

2018-12-10 12:14:39 - [TEST_STEP][PASSED] - verifyElementText: Actual text and expected text of test object 'Object Repository/My Downline/Page_My Downline  5-15/span_My Downline' are matched.

2018-12-10 12:14:39 - [MESSAGE][PASSED] - Actual text and expected text of test object 'Object Repository/My Downline/Page_My Downline  5-15/span_My Downline' are matched.

2018-12-10 12:14:39 - [TEST_STEP][PASSED] - verifyElementText: Actual text and expected text of test object 'Object Repository/My Downline/Page_My Downline  5-15/h3_List View with Forced Matri' are matched.

2018-12-10 12:14:39 - [MESSAGE][PASSED] - Actual text and expected text of test object 'Object Repository/My Downline/Page_My Downline  5-15/h3_List View with Forced Matri' are matched.

2018-12-10 12:14:39 - [TEST_STEP][PASSED] - verifyElementText: Actual text and expected text of test object 'Object Repository/My Downline/Page_My Downline  5-15/span_Summary' are matched.

2018-12-10 12:14:40 - [MESSAGE][PASSED] - Actual text and expected text of test object 'Object Repository/My Downline/Page_My Downline  5-15/span_Summary' are matched.

2018-12-10 12:14:40 - [TEST_STEP][PASSED] - verifyElementText: Actual text and expected text of test object 'Object Repository/My Downline/Page_My Downline  5-15/span_List View' are matched.

2018-12-10 12:14:40 - [MESSAGE][PASSED] - Actual text and expected text of test object 'Object Repository/My Downline/Page_My Downline  5-15/span_List View' are matched.

2018-12-10 12:14:40 - [TEST_STEP][PASSED] - verifyElementText: Actual text and expected text of test object 'Object Repository/My Downline/Page_My Downline  5-15/span_Tree View' are matched.

2018-12-10 12:14:40 - [MESSAGE][PASSED] - Actual text and expected text of test object 'Object Repository/My Downline/Page_My Downline  5-15/span_Tree View' are matched.

2018-12-10 12:14:40 - [TEST_STEP][PASSED] - verifyElementText: Actual text and expected text of test object 'Object Repository/My Downline/Page_My Downline  5-15/span_Tree View with Forced Mat' are matched.

2018-12-10 12:14:40 - [MESSAGE][PASSED] - Actual text and expected text of test object 'Object Repository/My Downline/Page_My Downline  5-15/span_Tree View with Forced Mat' are matched.

2018-12-10 12:14:40 - [TEST_STEP][PASSED] - verifyElementText: Actual text and expected text of test object 'Object Repository/My Downline/Page_My Downline  5-15/a_List View with Forced Matrix' are matched.

2018-12-10 12:14:40 - [MESSAGE][PASSED] - Actual text and expected text of test object 'Object Repository/My Downline/Page_My Downline  5-15/a_List View with Forced Matrix' are matched.

2018-12-10 12:14:40 - [TEST_STEP][PASSED] - verifyElementText: Actual text and expected text of test object 'Object Repository/My Downline/Page_My Downline  5-15/label_Start Level' are matched.

2018-12-10 12:14:41 - [MESSAGE][PASSED] - Actual text and expected text of test object 'Object Repository/My Downline/Page_My Downline  5-15/label_Start Level' are matched.

2018-12-10 12:14:41 - [TEST_STEP][PASSED] - verifyElementText: Actual text and expected text of test object 'Object Repository/My Downline/Page_My Downline  5-15/label_End Level' are matched.

2018-12-10 12:14:41 - [MESSAGE][PASSED] - Actual text and expected text of test object 'Object Repository/My Downline/Page_My Downline  5-15/label_End Level' are matched.

2018-12-10 12:14:41 - [TEST_STEP][PASSED] - verifyElementText: Actual text and expected text of test object 'Object Repository/My Downline/Page_My Downline  5-15/label_Sponsor' are matched.

2018-12-10 12:14:41 - [MESSAGE][PASSED] - Actual text and expected text of test object 'Object Repository/My Downline/Page_My Downline  5-15/label_Sponsor' are matched.

2018-12-10 12:14:41 - [TEST_STEP][PASSED] - verifyElementText: Actual text and expected text of test object 'Object Repository/My Downline/Page_My Downline  5-15/label_Contract Not Signed' are matched.

2018-12-10 12:14:41 - [MESSAGE][PASSED] - Actual text and expected text of test object 'Object Repository/My Downline/Page_My Downline  5-15/label_Contract Not Signed' are matched.]]></system-out>
         <system-err><![CDATA[]]></system-err>
      </testcase>
      <testcase name="Test Cases/Associate Application/My Downline/TCBA01610" classname="Test Cases/Associate Application/My Downline/TCBA01610" status="PASSED">
         <system-out><![CDATA[2018-12-10 12:14:41 - [TEST_CASE][PASSED] - Test Cases/Associate Application/My Downline/TCBA01610: Test Cases/Associate Application/My Downline/TCBA01610

2018-12-10 12:14:42 - [TEST_STEP][PASSED] - verifyElementText: Actual text and expected text of test object 'Object Repository/My Downline/Page_My Downline  5-15/th_Sponsor' are matched.

2018-12-10 12:14:42 - [MESSAGE][PASSED] - Actual text and expected text of test object 'Object Repository/My Downline/Page_My Downline  5-15/th_Sponsor' are matched.

2018-12-10 12:14:42 - [TEST_STEP][PASSED] - verifyElementText: Actual text and expected text of test object 'Object Repository/My Downline/Page_My Downline  5-15/th_Associate' are matched.

2018-12-10 12:14:42 - [MESSAGE][PASSED] - Actual text and expected text of test object 'Object Repository/My Downline/Page_My Downline  5-15/th_Associate' are matched.

2018-12-10 12:14:42 - [TEST_STEP][PASSED] - verifyElementText: Actual text and expected text of test object 'Object Repository/My Downline/Page_My Downline  5-15/th_Customer Energy Accounts' are matched.

2018-12-10 12:14:42 - [MESSAGE][PASSED] - Actual text and expected text of test object 'Object Repository/My Downline/Page_My Downline  5-15/th_Customer Energy Accounts' are matched.

2018-12-10 12:14:42 - [TEST_STEP][PASSED] - verifyElementText: Actual text and expected text of test object 'Object Repository/My Downline/Page_My Downline  5-15/div_Level' are matched.

2018-12-10 12:14:42 - [MESSAGE][PASSED] - Actual text and expected text of test object 'Object Repository/My Downline/Page_My Downline  5-15/div_Level' are matched.

2018-12-10 12:14:42 - [TEST_STEP][PASSED] - verifyElementText: Actual text and expected text of test object 'Object Repository/My Downline/Page_My Downline  5-15/div_Sponsor' are matched.

2018-12-10 12:14:42 - [MESSAGE][PASSED] - Actual text and expected text of test object 'Object Repository/My Downline/Page_My Downline  5-15/div_Sponsor' are matched.

2018-12-10 12:14:42 - [TEST_STEP][PASSED] - verifyElementText: Actual text and expected text of test object 'Object Repository/My Downline/Page_My Downline  5-15/div_Sponsor Email' are matched.

2018-12-10 12:14:42 - [MESSAGE][PASSED] - Actual text and expected text of test object 'Object Repository/My Downline/Page_My Downline  5-15/div_Sponsor Email' are matched.

2018-12-10 12:14:42 - [TEST_STEP][PASSED] - verifyElementText: Actual text and expected text of test object 'Object Repository/My Downline/Page_My Downline  5-15/div_Sponsor Mobile Phone' are matched.

2018-12-10 12:14:42 - [MESSAGE][PASSED] - Actual text and expected text of test object 'Object Repository/My Downline/Page_My Downline  5-15/div_Sponsor Mobile Phone' are matched.

2018-12-10 12:14:42 - [TEST_STEP][PASSED] - verifyElementText: Actual text and expected text of test object 'Object Repository/My Downline/Page_My Downline  5-15/div_Associate' are matched.

2018-12-10 12:14:42 - [MESSAGE][PASSED] - Actual text and expected text of test object 'Object Repository/My Downline/Page_My Downline  5-15/div_Associate' are matched.

2018-12-10 12:14:42 - [TEST_STEP][PASSED] - verifyElementText: Actual text and expected text of test object 'Object Repository/My Downline/Page_My Downline  5-15/div_Email' are matched.

2018-12-10 12:14:42 - [MESSAGE][PASSED] - Actual text and expected text of test object 'Object Repository/My Downline/Page_My Downline  5-15/div_Email' are matched.

2018-12-10 12:14:42 - [TEST_STEP][PASSED] - verifyElementText: Actual text and expected text of test object 'Object Repository/My Downline/Page_My Downline  5-15/div_Mobile Phone' are matched.

2018-12-10 12:14:42 - [MESSAGE][PASSED] - Actual text and expected text of test object 'Object Repository/My Downline/Page_My Downline  5-15/div_Mobile Phone' are matched.

2018-12-10 12:14:42 - [TEST_STEP][PASSED] - verifyElementText: Actual text and expected text of test object 'Object Repository/My Downline/Page_My Downline  5-15/div_Inactive Date' are matched.

2018-12-10 12:14:43 - [MESSAGE][PASSED] - Actual text and expected text of test object 'Object Repository/My Downline/Page_My Downline  5-15/div_Inactive Date' are matched.

2018-12-10 12:14:43 - [TEST_STEP][PASSED] - verifyElementText: Actual text and expected text of test object 'Object Repository/My Downline/Page_My Downline  5-15/div_Csr Status' are matched.

2018-12-10 12:14:43 - [MESSAGE][PASSED] - Actual text and expected text of test object 'Object Repository/My Downline/Page_My Downline  5-15/div_Csr Status' are matched.

2018-12-10 12:14:43 - [TEST_STEP][PASSED] - verifyElementText: Actual text and expected text of test object 'Object Repository/My Downline/Page_My Downline  5-15/div_Contract Signed Date' are matched.

2018-12-10 12:14:43 - [MESSAGE][PASSED] - Actual text and expected text of test object 'Object Repository/My Downline/Page_My Downline  5-15/div_Contract Signed Date' are matched.

2018-12-10 12:14:43 - [TEST_STEP][PASSED] - verifyElementText: Actual text and expected text of test object 'Object Repository/My Downline/Page_My Downline  5-15/div_CSR Title' are matched.

2018-12-10 12:14:43 - [MESSAGE][PASSED] - Actual text and expected text of test object 'Object Repository/My Downline/Page_My Downline  5-15/div_CSR Title' are matched.

2018-12-10 12:14:43 - [TEST_STEP][PASSED] - verifyElementText: Actual text and expected text of test object 'Object Repository/My Downline/Page_My Downline  5-15/div_Associate Count' are matched.

2018-12-10 12:14:43 - [MESSAGE][PASSED] - Actual text and expected text of test object 'Object Repository/My Downline/Page_My Downline  5-15/div_Associate Count' are matched.

2018-12-10 12:14:43 - [TEST_STEP][PASSED] - verifyElementText: Actual text and expected text of test object 'Object Repository/My Downline/Page_My Downline  5-15/div_Contract Count' are matched.

2018-12-10 12:14:43 - [MESSAGE][PASSED] - Actual text and expected text of test object 'Object Repository/My Downline/Page_My Downline  5-15/div_Contract Count' are matched.

2018-12-10 12:14:43 - [TEST_STEP][PASSED] - verifyElementText: Actual text and expected text of test object 'Object Repository/My Downline/Page_My Downline  5-15/div_Validated Contract Count' are matched.

2018-12-10 12:14:43 - [MESSAGE][PASSED] - Actual text and expected text of test object 'Object Repository/My Downline/Page_My Downline  5-15/div_Validated Contract Count' are matched.

2018-12-10 12:14:43 - [TEST_STEP][PASSED] - verifyOptionPresentByLabel: 1 option(s) with label 'Level 0' is/are present in object 'Object Repository/My Downline/Page_My Downline  5-15/Start Level' 

2018-12-10 12:14:43 - [MESSAGE][WARNING] - Timeout '0' is invalid. Using default page load timeout: '30'

2018-12-10 12:14:44 - [MESSAGE][PASSED] - 1 option(s) with label 'Level 0' is/are present in object 'Object Repository/My Downline/Page_My Downline  5-15/Start Level' 

2018-12-10 12:14:44 - [TEST_STEP][PASSED] - delay: Delayed 3 second(s)

2018-12-10 12:14:47 - [MESSAGE][PASSED] - Delayed 3 second(s)

2018-12-10 12:14:47 - [TEST_STEP][PASSED] - verifyOptionPresentByLabel: 1 option(s) with label 'Level 1' is/are present in object 'Object Repository/My Downline/Page_My Downline  5-15/Start Level' 

2018-12-10 12:14:47 - [MESSAGE][WARNING] - Timeout '0' is invalid. Using default page load timeout: '30'

2018-12-10 12:14:47 - [MESSAGE][PASSED] - 1 option(s) with label 'Level 1' is/are present in object 'Object Repository/My Downline/Page_My Downline  5-15/Start Level' 

2018-12-10 12:14:47 - [TEST_STEP][PASSED] - delay: Delayed 3 second(s)

2018-12-10 12:14:50 - [MESSAGE][PASSED] - Delayed 3 second(s)

2018-12-10 12:14:50 - [TEST_STEP][PASSED] - verifyOptionPresentByLabel: 1 option(s) with label 'Level 2' is/are present in object 'Object Repository/My Downline/Page_My Downline  5-15/Start Level' 

2018-12-10 12:14:50 - [MESSAGE][WARNING] - Timeout '0' is invalid. Using default page load timeout: '30'

2018-12-10 12:14:51 - [MESSAGE][PASSED] - 1 option(s) with label 'Level 2' is/are present in object 'Object Repository/My Downline/Page_My Downline  5-15/Start Level' 

2018-12-10 12:14:51 - [TEST_STEP][PASSED] - delay: Delayed 3 second(s)

2018-12-10 12:14:54 - [MESSAGE][PASSED] - Delayed 3 second(s)

2018-12-10 12:14:54 - [TEST_STEP][PASSED] - verifyOptionPresentByLabel: 1 option(s) with label 'Level 3' is/are present in object 'Object Repository/My Downline/Page_My Downline  5-15/Start Level' 

2018-12-10 12:14:54 - [MESSAGE][WARNING] - Timeout '0' is invalid. Using default page load timeout: '30'

2018-12-10 12:14:54 - [MESSAGE][PASSED] - 1 option(s) with label 'Level 3' is/are present in object 'Object Repository/My Downline/Page_My Downline  5-15/Start Level' 

2018-12-10 12:14:54 - [TEST_STEP][PASSED] - delay: Delayed 3 second(s)

2018-12-10 12:14:57 - [MESSAGE][PASSED] - Delayed 3 second(s)

2018-12-10 12:14:57 - [TEST_STEP][PASSED] - verifyOptionPresentByLabel: 1 option(s) with label 'Level 4' is/are present in object 'Object Repository/My Downline/Page_My Downline  5-15/Start Level' 

2018-12-10 12:14:57 - [MESSAGE][WARNING] - Timeout '0' is invalid. Using default page load timeout: '30'

2018-12-10 12:14:57 - [MESSAGE][PASSED] - 1 option(s) with label 'Level 4' is/are present in object 'Object Repository/My Downline/Page_My Downline  5-15/Start Level' 

2018-12-10 12:14:57 - [TEST_STEP][PASSED] - delay: Delayed 3 second(s)

2018-12-10 12:15:00 - [MESSAGE][PASSED] - Delayed 3 second(s)

2018-12-10 12:15:00 - [TEST_STEP][PASSED] - verifyOptionPresentByLabel: 1 option(s) with label 'Level 5' is/are present in object 'Object Repository/My Downline/Page_My Downline  5-15/Start Level' 

2018-12-10 12:15:00 - [MESSAGE][WARNING] - Timeout '0' is invalid. Using default page load timeout: '30'

2018-12-10 12:15:00 - [MESSAGE][PASSED] - 1 option(s) with label 'Level 5' is/are present in object 'Object Repository/My Downline/Page_My Downline  5-15/Start Level' 

2018-12-10 12:15:00 - [TEST_STEP][PASSED] - delay: Delayed 3 second(s)

2018-12-10 12:15:03 - [MESSAGE][PASSED] - Delayed 3 second(s)

2018-12-10 12:15:03 - [TEST_STEP][PASSED] - verifyOptionPresentByLabel: 1 option(s) with label 'Level 6' is/are present in object 'Object Repository/My Downline/Page_My Downline  5-15/Start Level' 

2018-12-10 12:15:03 - [MESSAGE][WARNING] - Timeout '0' is invalid. Using default page load timeout: '30'

2018-12-10 12:15:04 - [MESSAGE][PASSED] - 1 option(s) with label 'Level 6' is/are present in object 'Object Repository/My Downline/Page_My Downline  5-15/Start Level' 

2018-12-10 12:15:04 - [TEST_STEP][PASSED] - delay: Delayed 3 second(s)

2018-12-10 12:15:07 - [MESSAGE][PASSED] - Delayed 3 second(s)

2018-12-10 12:15:07 - [TEST_STEP][PASSED] - verifyOptionPresentByLabel: 1 option(s) with label 'Level 7' is/are present in object 'Object Repository/My Downline/Page_My Downline  5-15/Start Level' 

2018-12-10 12:15:07 - [MESSAGE][WARNING] - Timeout '0' is invalid. Using default page load timeout: '30'

2018-12-10 12:15:07 - [MESSAGE][PASSED] - 1 option(s) with label 'Level 7' is/are present in object 'Object Repository/My Downline/Page_My Downline  5-15/Start Level' 

2018-12-10 12:15:07 - [TEST_STEP][PASSED] - delay: Delayed 3 second(s)

2018-12-10 12:15:10 - [MESSAGE][PASSED] - Delayed 3 second(s)

2018-12-10 12:15:10 - [TEST_STEP][PASSED] - selectOptionByLabel: All options with label 'Level 3' are selected in object 'Object Repository/My Downline/Page_My Downline  5-15/Start Level' 

2018-12-10 12:15:10 - [MESSAGE][PASSED] - All options with label 'Level 3' are selected in object 'Object Repository/My Downline/Page_My Downline  5-15/Start Level' 

2018-12-10 12:15:10 - [TEST_STEP][PASSED] - delay: Delayed 3 second(s)

2018-12-10 12:15:13 - [MESSAGE][PASSED] - Delayed 3 second(s)

2018-12-10 12:15:13 - [TEST_STEP][PASSED] - selectOptionByLabel: All options with label 'Level 5' are selected in object 'Object Repository/My Downline/Page_My Downline  5-15/select_Level 0            Leve' 

2018-12-10 12:15:14 - [MESSAGE][PASSED] - All options with label 'Level 5' are selected in object 'Object Repository/My Downline/Page_My Downline  5-15/select_Level 0            Leve' 

2018-12-10 12:15:14 - [TEST_STEP][PASSED] - delay: Delayed 3 second(s)

2018-12-10 12:15:17 - [MESSAGE][PASSED] - Delayed 3 second(s)

2018-12-10 12:15:17 - [TEST_STEP][PASSED] - verifyOptionPresentByLabel: 1 option(s) with label 'Select Sponsor' is/are present in object 'Object Repository/My Downline/Page_My Downline  5-15/select_Select Sponsor' 

2018-12-10 12:15:17 - [MESSAGE][WARNING] - Timeout '0' is invalid. Using default page load timeout: '30'

2018-12-10 12:16:48 - [MESSAGE][PASSED] - 1 option(s) with label 'Select Sponsor' is/are present in object 'Object Repository/My Downline/Page_My Downline  5-15/select_Select Sponsor' 

2018-12-10 12:16:48 - [TEST_STEP][PASSED] - delay: Delayed 3 second(s)

2018-12-10 12:16:51 - [MESSAGE][PASSED] - Delayed 3 second(s)

2018-12-10 12:16:51 - [TEST_STEP][PASSED] - selectOptionByLabel: All options with label 'Select Sponsor' are selected in object 'Object Repository/My Downline/Page_My Downline  5-15/select_Select Sponsor' 

2018-12-10 12:16:51 - [MESSAGE][PASSED] - All options with label 'Select Sponsor' are selected in object 'Object Repository/My Downline/Page_My Downline  5-15/select_Select Sponsor' 

2018-12-10 12:16:51 - [TEST_STEP][PASSED] - delay: Delayed 3 second(s)

2018-12-10 12:16:54 - [MESSAGE][PASSED] - Delayed 3 second(s)

2018-12-10 12:16:54 - [TEST_STEP][PASSED] - click: Object: 'Object Repository/My Downline/Page_My Downline  5-15/button_FILTER' is clicked on

2018-12-10 12:16:59 - [MESSAGE][PASSED] - Object: 'Object Repository/My Downline/Page_My Downline  5-15/button_FILTER' is clicked on

2018-12-10 12:16:59 - [TEST_STEP][PASSED] - delay: Delayed 3 second(s)

2018-12-10 12:17:02 - [MESSAGE][PASSED] - Delayed 3 second(s)

2018-12-10 12:17:02 - [TEST_STEP][PASSED] - selectOptionByLabel: All options with label 'Level 6' are selected in object 'Object Repository/My Downline/Page_My Downline  5-15/Start Level' 

2018-12-10 12:17:03 - [MESSAGE][PASSED] - All options with label 'Level 6' are selected in object 'Object Repository/My Downline/Page_My Downline  5-15/Start Level' 

2018-12-10 12:17:03 - [TEST_STEP][PASSED] - delay: Delayed 3 second(s)

2018-12-10 12:17:06 - [MESSAGE][PASSED] - Delayed 3 second(s)

2018-12-10 12:17:06 - [TEST_STEP][PASSED] - selectOptionByLabel: All options with label 'Level 2' are selected in object 'Object Repository/My Downline/Page_My Downline  5-15/select_Level 0            Leve' 

2018-12-10 12:17:06 - [MESSAGE][PASSED] - All options with label 'Level 2' are selected in object 'Object Repository/My Downline/Page_My Downline  5-15/select_Level 0            Leve' 

2018-12-10 12:17:06 - [TEST_STEP][PASSED] - delay: Delayed 3 second(s)

2018-12-10 12:17:09 - [MESSAGE][PASSED] - Delayed 3 second(s)

2018-12-10 12:17:09 - [TEST_STEP][PASSED] - verifyElementText: Actual text and expected text of test object 'Object Repository/My Downline/Page_My Downline  5-15/div_The End Level should be  g' are matched.

2018-12-10 12:17:10 - [MESSAGE][PASSED] - Actual text and expected text of test object 'Object Repository/My Downline/Page_My Downline  5-15/div_The End Level should be  g' are matched.

2018-12-10 12:17:10 - [TEST_STEP][PASSED] - delay: Delayed 3 second(s)

2018-12-10 12:17:13 - [MESSAGE][PASSED] - Delayed 3 second(s)

2018-12-10 12:17:13 - [TEST_STEP][NOT_RUN] - click: NOT_RUN: click

2018-12-10 12:17:13 - [MESSAGE][NOT_RUN] - NOT_RUN: click]]></system-out>
         <system-err><![CDATA[]]></system-err>
      </testcase>
      <testcase name="Test Cases/Associate Application/My Downline/TCBA01611" classname="Test Cases/Associate Application/My Downline/TCBA01611" status="PASSED">
         <system-out><![CDATA[2018-12-10 12:17:13 - [TEST_CASE][PASSED] - Test Cases/Associate Application/My Downline/TCBA01611: Test Cases/Associate Application/My Downline/TCBA01611

2018-12-10 12:17:13 - [TEST_STEP][PASSED] - click: Object: 'Object Repository/Edit Profile/Page_Home  5-15/span_Shinto-Test' is clicked on

2018-12-10 12:17:19 - [MESSAGE][PASSED] - Object: 'Object Repository/Edit Profile/Page_Home  5-15/span_Shinto-Test' is clicked on

2018-12-10 12:17:19 - [TEST_STEP][PASSED] - verifyElementText: Actual text and expected text of test object 'Object Repository/Edit Profile/Page_Home  5-15/span_Log Off' are matched.

2018-12-10 12:17:19 - [MESSAGE][PASSED] - Actual text and expected text of test object 'Object Repository/Edit Profile/Page_Home  5-15/span_Log Off' are matched.

2018-12-10 12:17:19 - [TEST_STEP][PASSED] - click: Object: 'Object Repository/Edit Profile/Page_Home  5-15/span_Log Off' is clicked on

2018-12-10 12:17:24 - [MESSAGE][PASSED] - Object: 'Object Repository/Edit Profile/Page_Home  5-15/span_Log Off' is clicked on

2018-12-10 12:17:24 - [TEST_STEP][PASSED] - verifyElementText: Actual text and expected text of test object 'Object Repository/Edit Profile/Page_Log In  5-15/h1_Log In' are matched.

2018-12-10 12:17:24 - [MESSAGE][PASSED] - Actual text and expected text of test object 'Object Repository/Edit Profile/Page_Log In  5-15/h1_Log In' are matched.]]></system-out>
         <system-err><![CDATA[]]></system-err>
      </testcase>
      <system-out><![CDATA[2018-12-10 12:07:57 - [TEST_SUITE][PASSED] - VBZ0016-My Downline: Test Cases/Associate Application/My Downline/TCBA01611]]></system-out>
      <system-err><![CDATA[]]></system-err>
   </testsuite>
</testsuites>
