<?xml version="1.0" encoding="UTF-8"?>
<testsuites name="VBZ0021-Executive" time="86" tests="7" failures="0" errors="0">
   <testsuite name="VBZ0021-Executive" tests="7" failures="0" errors="0" time="86" timestamp="2018-11-29 15:43:00" hostname="sebastian - Vofox-Sebastian.vofox.com" id="Test Suites/VBZ0021-Executive">
      <properties>
         <property name="deviceName" value=""/>
         <property name="devicePlatform" value=""/>
         <property name="logFolder" value="E:\\Bonanzha\\katalon Bonanzha\\Reports\\VBZ0021-Executive\\20181129_154256"/>
         <property name="logFiles" value="E:\\Bonanzha\\katalon Bonanzha\\Reports\\VBZ0021-Executive\\20181129_154256\\execution0.log"/>
         <property name="attachments" value=""/>
         <property name="hostName" value="sebastian - Vofox-Sebastian.vofox.com"/>
         <property name="os" value="Windows 10 64bit"/>
         <property name="katalonVersion" value="5.8.6.1"/>
         <property name="browser" value="Chrome 70.0.3538.110"/>
         <property name="hostAddress" value="192.168.10.130"/>
         <property name="sessionId" value="affc7b59ea2858a0469ac342ea0957c6"/>
         <property name="seleniumVersion" value="3.7.1"/>
         <property name="proxyInformation" value="ProxyInformation{proxyOption=NO_PROXY, proxyServerType=HTTP, password=, proxyServerAddress=, proxyServerPort=0}"/>
         <property name="platform" value="Windows 10"/>
      </properties>
      <testcase name="Test Cases/Associate Application/Executive/TCBA02301" classname="Test Cases/Associate Application/Executive/TCBA02301" status="PASSED">
         <system-out><![CDATA[2018-11-29 15:43:01 - [TEST_CASE][PASSED] - Test Cases/Associate Application/Executive/TCBA02301: Test Cases/Associate Application/Executive/TCBA02301

2018-11-29 15:43:01 - [TEST_STEP][PASSED] - callTestCase: Call Test Case 'Test Cases/Associate Application/Associate Prod Login/Login' successfully

2018-11-29 15:43:01 - [TEST_CASE][PASSED] - Test Cases/Associate Application/Associate Prod Login/Login: Test Cases/Associate Application/Associate Prod Login/Login

2018-11-29 15:43:02 - [TEST_STEP][PASSED] - openBrowser: Browser is opened with url: ''

2018-11-29 15:43:06 - [MESSAGE][PASSED] - Browser is opened with url: ''

2018-11-29 15:43:06 - [TEST_STEP][PASSED] - maximizeWindow: Current window maximized

2018-11-29 15:43:07 - [MESSAGE][PASSED] - Current window maximized

2018-11-29 15:43:07 - [TEST_STEP][PASSED] - navigateToUrl: Navigate to 'https://192.168.10.72:449/' successfully

2018-11-29 15:43:10 - [MESSAGE][PASSED] - Navigate to 'https://192.168.10.72:449/' successfully

2018-11-29 15:43:10 - [TEST_STEP][PASSED] - setText: Text 'Shinto-Test' is set on object 'Object Repository/Page_Log In  5-15/input_txtUserName'

2018-11-29 15:43:11 - [MESSAGE][PASSED] - Text 'Shinto-Test' is set on object 'Object Repository/Page_Log In  5-15/input_txtUserName'

2018-11-29 15:43:11 - [TEST_STEP][PASSED] - setEncryptedText: Text ****** has been set on object 'Object Repository/Page_Log In  5-15/input_txtPassword'

2018-11-29 15:43:11 - [MESSAGE][PASSED] - Text ****** has been set on object 'Object Repository/Page_Log In  5-15/input_txtPassword'

2018-11-29 15:43:11 - [TEST_STEP][PASSED] - click: Object: 'Object Repository/Page_Log In  5-15/button_Log in' is clicked on

2018-11-29 15:43:11 - [MESSAGE][PASSED] - Object: 'Object Repository/Page_Log In  5-15/button_Log in' is clicked on

2018-11-29 15:43:11 - [TEST_STEP][PASSED] - verifyElementText: Actual text and expected text of test object 'Object Repository/Change Password/Page_Home  5-15/span_My Title' are matched.

2018-11-29 15:43:14 - [MESSAGE][PASSED] - Actual text and expected text of test object 'Object Repository/Change Password/Page_Home  5-15/span_My Title' are matched.

2018-11-29 15:43:14 - [MESSAGE][PASSED] - Call Test Case 'Test Cases/Associate Application/Associate Prod Login/Login' successfully

2018-11-29 15:43:14 - [TEST_STEP][PASSED] - verifyElementText: Actual text and expected text of test object 'Object Repository/Executive/Page_Executive  5-15/Executive Menu' are matched.

2018-11-29 15:43:14 - [MESSAGE][PASSED] - Actual text and expected text of test object 'Object Repository/Executive/Page_Executive  5-15/Executive Menu' are matched.]]></system-out>
         <system-err><![CDATA[]]></system-err>
      </testcase>
      <testcase name="Test Cases/Associate Application/Executive/TCBA02302" classname="Test Cases/Associate Application/Executive/TCBA02302" status="PASSED">
         <system-out><![CDATA[2018-11-29 15:43:14 - [TEST_CASE][PASSED] - Test Cases/Associate Application/Executive/TCBA02302: Test Cases/Associate Application/Executive/TCBA02302

2018-11-29 15:43:14 - [TEST_STEP][PASSED] - waitForElementClickable: Object 'Object Repository/Executive/Page_Home  5-15/a_Executive' is clickable

2018-11-29 15:43:15 - [MESSAGE][PASSED] - Object 'Object Repository/Executive/Page_Home  5-15/a_Executive' is clickable

2018-11-29 15:43:15 - [TEST_STEP][PASSED] - click: Object: 'Object Repository/Executive/Page_Home  5-15/a_Executive' is clicked on

2018-11-29 15:43:15 - [MESSAGE][PASSED] - Object: 'Object Repository/Executive/Page_Home  5-15/a_Executive' is clicked on

2018-11-29 15:43:15 - [TEST_STEP][PASSED] - verifyElementText: Actual text and expected text of test object 'Object Repository/Executive/Page_Executive  5-15/span_Executive' are matched.

2018-11-29 15:43:15 - [MESSAGE][PASSED] - Actual text and expected text of test object 'Object Repository/Executive/Page_Executive  5-15/span_Executive' are matched.

2018-11-29 15:43:15 - [TEST_STEP][PASSED] - verifyElementText: Actual text and expected text of test object 'Object Repository/Executive/Page_Executive  5-15/label_Sponsor' are matched.

2018-11-29 15:43:15 - [MESSAGE][PASSED] - Actual text and expected text of test object 'Object Repository/Executive/Page_Executive  5-15/label_Sponsor' are matched.

2018-11-29 15:43:15 - [TEST_STEP][PASSED] - verifyElementText: Actual text and expected text of test object 'Object Repository/Executive/Page_Executive  5-15/button_FILTER' are matched.

2018-11-29 15:43:15 - [MESSAGE][PASSED] - Actual text and expected text of test object 'Object Repository/Executive/Page_Executive  5-15/button_FILTER' are matched.

2018-11-29 15:43:15 - [TEST_STEP][PASSED] - verifyElementText: Actual text and expected text of test object 'Object Repository/Executive/Page_Executive  5-15/h3_Energy Accounts' are matched.

2018-11-29 15:43:15 - [MESSAGE][PASSED] - Actual text and expected text of test object 'Object Repository/Executive/Page_Executive  5-15/h3_Energy Accounts' are matched.

2018-11-29 15:43:15 - [TEST_STEP][PASSED] - verifyElementText: Actual text and expected text of test object 'Object Repository/Executive/Page_Executive  5-15/div_Status' are matched.

2018-11-29 15:43:15 - [MESSAGE][PASSED] - Actual text and expected text of test object 'Object Repository/Executive/Page_Executive  5-15/div_Status' are matched.

2018-11-29 15:43:15 - [TEST_STEP][PASSED] - verifyElementText: Actual text and expected text of test object 'Object Repository/Executive/Page_Executive  5-15/div_Count' are matched.

2018-11-29 15:43:15 - [MESSAGE][PASSED] - Actual text and expected text of test object 'Object Repository/Executive/Page_Executive  5-15/div_Count' are matched.

2018-11-29 15:43:15 - [TEST_STEP][PASSED] - verifyElementText: Actual text and expected text of test object 'Object Repository/Executive/Page_Executive  5-15/h3_Associates' are matched.

2018-11-29 15:43:16 - [MESSAGE][PASSED] - Actual text and expected text of test object 'Object Repository/Executive/Page_Executive  5-15/h3_Associates' are matched.

2018-11-29 15:43:16 - [TEST_STEP][PASSED] - verifyElementText: Actual text and expected text of test object 'Object Repository/Executive/Page_Executive  5-15/div_Status' are matched.

2018-11-29 15:43:16 - [MESSAGE][PASSED] - Actual text and expected text of test object 'Object Repository/Executive/Page_Executive  5-15/div_Status' are matched.

2018-11-29 15:43:16 - [TEST_STEP][PASSED] - verifyElementText: Actual text and expected text of test object 'Object Repository/Executive/Page_Executive  5-15/div_Count' are matched.

2018-11-29 15:43:16 - [MESSAGE][PASSED] - Actual text and expected text of test object 'Object Repository/Executive/Page_Executive  5-15/div_Count' are matched.]]></system-out>
         <system-err><![CDATA[]]></system-err>
      </testcase>
      <testcase name="Test Cases/Associate Application/Executive/TCBA02303" classname="Test Cases/Associate Application/Executive/TCBA02303" status="PASSED">
         <system-out><![CDATA[2018-11-29 15:43:16 - [TEST_CASE][PASSED] - Test Cases/Associate Application/Executive/TCBA02303: Test Cases/Associate Application/Executive/TCBA02303

2018-11-29 15:43:16 - [TEST_STEP][PASSED] - verifyElementText: Actual text and expected text of test object 'Object Repository/Executive/Page_Executive  5-15/label_Sponsor' are matched.

2018-11-29 15:43:16 - [MESSAGE][PASSED] - Actual text and expected text of test object 'Object Repository/Executive/Page_Executive  5-15/label_Sponsor' are matched.

2018-11-29 15:43:16 - [TEST_STEP][PASSED] - verifyOptionPresentByLabel: 1 option(s) with label 'Select Sponsor' is/are present in object 'Object Repository/Executive/Page_Executive  5-15/select_Select Sponsor' 

2018-11-29 15:43:16 - [MESSAGE][WARNING] - Timeout '0' is invalid. Using default page load timeout: '30'

2018-11-29 15:44:06 - [MESSAGE][PASSED] - 1 option(s) with label 'Select Sponsor' is/are present in object 'Object Repository/Executive/Page_Executive  5-15/select_Select Sponsor' 

2018-11-29 15:44:06 - [TEST_STEP][PASSED] - delay: Delayed 3 second(s)

2018-11-29 15:44:09 - [MESSAGE][PASSED] - Delayed 3 second(s)

2018-11-29 15:44:09 - [TEST_STEP][PASSED] - selectOptionByLabel: All options with label 'Select Sponsor' are selected in object 'Object Repository/Executive/Page_Executive  5-15/select_Select Sponsor' 

2018-11-29 15:44:09 - [MESSAGE][PASSED] - All options with label 'Select Sponsor' are selected in object 'Object Repository/Executive/Page_Executive  5-15/select_Select Sponsor' 

2018-11-29 15:44:09 - [TEST_STEP][PASSED] - delay: Delayed 3 second(s)

2018-11-29 15:44:12 - [MESSAGE][PASSED] - Delayed 3 second(s)

2018-11-29 15:44:12 - [TEST_STEP][PASSED] - verifyElementText: Actual text and expected text of test object 'Object Repository/Executive/Page_Executive  5-15/button_FILTER' are matched.

2018-11-29 15:44:12 - [MESSAGE][PASSED] - Actual text and expected text of test object 'Object Repository/Executive/Page_Executive  5-15/button_FILTER' are matched.

2018-11-29 15:44:12 - [TEST_STEP][PASSED] - click: Object: 'Object Repository/Executive/Page_Executive  5-15/button_FILTER' is clicked on

2018-11-29 15:44:12 - [MESSAGE][PASSED] - Object: 'Object Repository/Executive/Page_Executive  5-15/button_FILTER' is clicked on]]></system-out>
         <system-err><![CDATA[]]></system-err>
      </testcase>
      <testcase name="Test Cases/Associate Application/Executive/TCBA02304" classname="Test Cases/Associate Application/Executive/TCBA02304" status="PASSED">
         <system-out><![CDATA[2018-11-29 15:44:12 - [TEST_CASE][PASSED] - Test Cases/Associate Application/Executive/TCBA02304: Test Cases/Associate Application/Executive/TCBA02304

2018-11-29 15:44:12 - [TEST_STEP][PASSED] - selectOptionByLabel: All options with label 'Select Sponsor' are selected in object 'Object Repository/Executive/Page_Executive  5-15/select_Select Sponsor' 

2018-11-29 15:44:12 - [MESSAGE][PASSED] - All options with label 'Select Sponsor' are selected in object 'Object Repository/Executive/Page_Executive  5-15/select_Select Sponsor' 

2018-11-29 15:44:12 - [TEST_STEP][PASSED] - delay: Delayed 3 second(s)

2018-11-29 15:44:15 - [MESSAGE][PASSED] - Delayed 3 second(s)

2018-11-29 15:44:15 - [TEST_STEP][PASSED] - click: Object: 'Object Repository/Executive/Page_Executive  5-15/button_FILTER' is clicked on

2018-11-29 15:44:15 - [MESSAGE][PASSED] - Object: 'Object Repository/Executive/Page_Executive  5-15/button_FILTER' is clicked on

2018-11-29 15:44:15 - [TEST_STEP][PASSED] - verifyElementText: Actual text and expected text of test object 'Object Repository/Executive/Page_Executive  5-15/h3_Energy Accounts' are matched.

2018-11-29 15:44:16 - [MESSAGE][PASSED] - Actual text and expected text of test object 'Object Repository/Executive/Page_Executive  5-15/h3_Energy Accounts' are matched.

2018-11-29 15:44:16 - [TEST_STEP][PASSED] - click: Object: 'Object Repository/Executive/Page_Executive  5-15/span_472' is clicked on

2018-11-29 15:44:16 - [MESSAGE][PASSED] - Object: 'Object Repository/Executive/Page_Executive  5-15/span_472' is clicked on

2018-11-29 15:44:16 - [TEST_STEP][PASSED] - waitForElementPresent: Object 'Object Repository/Executive/Page_Executive  5-15/h3_Contract Not Signed' is present

2018-11-29 15:44:18 - [MESSAGE][PASSED] - Object 'Object Repository/Executive/Page_Executive  5-15/h3_Contract Not Signed' is present

2018-11-29 15:44:18 - [TEST_STEP][PASSED] - verifyElementText: Actual text and expected text of test object 'Object Repository/Executive/Page_Executive  5-15/h3_Contract Not Signed' are matched.

2018-11-29 15:44:18 - [MESSAGE][PASSED] - Actual text and expected text of test object 'Object Repository/Executive/Page_Executive  5-15/h3_Contract Not Signed' are matched.

2018-11-29 15:44:18 - [TEST_STEP][PASSED] - verifyElementText: Actual text and expected text of test object 'Object Repository/Executive/Page_Executive  5-15/div_Level' are matched.

2018-11-29 15:44:18 - [MESSAGE][PASSED] - Actual text and expected text of test object 'Object Repository/Executive/Page_Executive  5-15/div_Level' are matched.

2018-11-29 15:44:18 - [TEST_STEP][PASSED] - verifyElementText: Actual text and expected text of test object 'Object Repository/Executive/Page_Executive  5-15/div_Count' are matched.

2018-11-29 15:44:18 - [MESSAGE][PASSED] - Actual text and expected text of test object 'Object Repository/Executive/Page_Executive  5-15/div_Count' are matched.]]></system-out>
         <system-err><![CDATA[]]></system-err>
      </testcase>
      <testcase name="Test Cases/Associate Application/Executive/TCBA02305" classname="Test Cases/Associate Application/Executive/TCBA02305" status="PASSED">
         <system-out><![CDATA[2018-11-29 15:44:18 - [TEST_CASE][PASSED] - Test Cases/Associate Application/Executive/TCBA02305: Test Cases/Associate Application/Executive/TCBA02305

2018-11-29 15:44:19 - [TEST_STEP][PASSED] - click: Object: 'Object Repository/Executive/Page_Executive  5-15/span_14' is clicked on

2018-11-29 15:44:19 - [MESSAGE][PASSED] - Object: 'Object Repository/Executive/Page_Executive  5-15/span_14' is clicked on

2018-11-29 15:44:19 - [TEST_STEP][PASSED] - scrollToElement: Scroll to object 'Object Repository/Executive/Page_Executive  5-15/h3_Energy Accounts Details' successfully

2018-11-29 15:44:19 - [MESSAGE][WARNING] - Timeout '0' is invalid. Using default page load timeout: '30'

2018-11-29 15:44:19 - [MESSAGE][PASSED] - Scroll to object 'Object Repository/Executive/Page_Executive  5-15/h3_Energy Accounts Details' successfully

2018-11-29 15:44:19 - [TEST_STEP][PASSED] - verifyElementText: Actual text and expected text of test object 'Object Repository/Executive/Page_Executive  5-15/h3_Energy Accounts Details' are matched.

2018-11-29 15:44:19 - [MESSAGE][PASSED] - Actual text and expected text of test object 'Object Repository/Executive/Page_Executive  5-15/h3_Energy Accounts Details' are matched.

2018-11-29 15:44:19 - [TEST_STEP][PASSED] - verifyElementText: Actual text and expected text of test object 'Object Repository/Executive/Page_Executive  5-15/th_Sponsor' are matched.

2018-11-29 15:44:19 - [MESSAGE][PASSED] - Actual text and expected text of test object 'Object Repository/Executive/Page_Executive  5-15/th_Sponsor' are matched.

2018-11-29 15:44:19 - [TEST_STEP][PASSED] - verifyElementText: Actual text and expected text of test object 'Object Repository/Executive/Page_Executive  5-15/th_Associate' are matched.

2018-11-29 15:44:19 - [MESSAGE][PASSED] - Actual text and expected text of test object 'Object Repository/Executive/Page_Executive  5-15/th_Associate' are matched.

2018-11-29 15:44:19 - [TEST_STEP][PASSED] - verifyElementText: Actual text and expected text of test object 'Object Repository/Executive/Page_Executive  5-15/th_Customer Energy Accounts' are matched.

2018-11-29 15:44:20 - [MESSAGE][PASSED] - Actual text and expected text of test object 'Object Repository/Executive/Page_Executive  5-15/th_Customer Energy Accounts' are matched.

2018-11-29 15:44:20 - [TEST_STEP][PASSED] - verifyElementText: Actual text and expected text of test object 'Object Repository/Executive/Page_Executive  5-15/div_Level' are matched.

2018-11-29 15:44:20 - [MESSAGE][PASSED] - Actual text and expected text of test object 'Object Repository/Executive/Page_Executive  5-15/div_Level' are matched.

2018-11-29 15:44:20 - [TEST_STEP][PASSED] - verifyElementText: Actual text and expected text of test object 'Object Repository/Executive/Page_Executive  5-15/div_Sponsor' are matched.

2018-11-29 15:44:20 - [MESSAGE][PASSED] - Actual text and expected text of test object 'Object Repository/Executive/Page_Executive  5-15/div_Sponsor' are matched.

2018-11-29 15:44:20 - [TEST_STEP][PASSED] - verifyElementText: Actual text and expected text of test object 'Object Repository/Executive/Page_Executive  5-15/div_Sponsor Email' are matched.

2018-11-29 15:44:20 - [MESSAGE][PASSED] - Actual text and expected text of test object 'Object Repository/Executive/Page_Executive  5-15/div_Sponsor Email' are matched.

2018-11-29 15:44:20 - [TEST_STEP][PASSED] - verifyElementText: Actual text and expected text of test object 'Object Repository/Executive/Page_Executive  5-15/div_Sponsor Mobile Phone' are matched.

2018-11-29 15:44:20 - [MESSAGE][PASSED] - Actual text and expected text of test object 'Object Repository/Executive/Page_Executive  5-15/div_Sponsor Mobile Phone' are matched.

2018-11-29 15:44:20 - [TEST_STEP][PASSED] - verifyElementText: Actual text and expected text of test object 'Object Repository/Executive/Page_Executive  5-15/div_Associate' are matched.

2018-11-29 15:44:20 - [MESSAGE][PASSED] - Actual text and expected text of test object 'Object Repository/Executive/Page_Executive  5-15/div_Associate' are matched.

2018-11-29 15:44:20 - [TEST_STEP][PASSED] - verifyElementText: Actual text and expected text of test object 'Object Repository/Executive/Page_Executive  5-15/div_Email' are matched.

2018-11-29 15:44:20 - [MESSAGE][PASSED] - Actual text and expected text of test object 'Object Repository/Executive/Page_Executive  5-15/div_Email' are matched.

2018-11-29 15:44:20 - [TEST_STEP][PASSED] - verifyElementText: Actual text and expected text of test object 'Object Repository/Executive/Page_Executive  5-15/div_Mobile Phone' are matched.

2018-11-29 15:44:20 - [MESSAGE][PASSED] - Actual text and expected text of test object 'Object Repository/Executive/Page_Executive  5-15/div_Mobile Phone' are matched.

2018-11-29 15:44:20 - [TEST_STEP][PASSED] - verifyElementText: Actual text and expected text of test object 'Object Repository/Executive/Page_Executive  5-15/div_Inactive Date' are matched.

2018-11-29 15:44:20 - [MESSAGE][PASSED] - Actual text and expected text of test object 'Object Repository/Executive/Page_Executive  5-15/div_Inactive Date' are matched.

2018-11-29 15:44:20 - [TEST_STEP][PASSED] - verifyElementText: Actual text and expected text of test object 'Object Repository/Executive/Page_Executive  5-15/div_Submitted Date' are matched.

2018-11-29 15:44:20 - [MESSAGE][PASSED] - Actual text and expected text of test object 'Object Repository/Executive/Page_Executive  5-15/div_Submitted Date' are matched.

2018-11-29 15:44:20 - [TEST_STEP][PASSED] - verifyElementText: Actual text and expected text of test object 'Object Repository/Executive/Page_Executive  5-15/div_Account Name' are matched.

2018-11-29 15:44:20 - [MESSAGE][PASSED] - Actual text and expected text of test object 'Object Repository/Executive/Page_Executive  5-15/div_Account Name' are matched.

2018-11-29 15:44:20 - [TEST_STEP][PASSED] - verifyElementText: Actual text and expected text of test object 'Object Repository/Executive/Page_Executive  5-15/div_Account Number' are matched.

2018-11-29 15:44:20 - [MESSAGE][PASSED] - Actual text and expected text of test object 'Object Repository/Executive/Page_Executive  5-15/div_Account Number' are matched.

2018-11-29 15:44:20 - [TEST_STEP][PASSED] - verifyElementText: Actual text and expected text of test object 'Object Repository/Executive/Page_Executive  5-15/div_Account Status' are matched.

2018-11-29 15:44:21 - [MESSAGE][PASSED] - Actual text and expected text of test object 'Object Repository/Executive/Page_Executive  5-15/div_Account Status' are matched.]]></system-out>
         <system-err><![CDATA[]]></system-err>
      </testcase>
      <testcase name="Test Cases/Associate Application/Executive/TCBA02306" classname="Test Cases/Associate Application/Executive/TCBA02306" status="PASSED">
         <system-out><![CDATA[2018-11-29 15:44:21 - [TEST_CASE][PASSED] - Test Cases/Associate Application/Executive/TCBA02306: Test Cases/Associate Application/Executive/TCBA02306

2018-11-29 15:44:21 - [TEST_STEP][PASSED] - scrollToElement: Scroll to object 'Object Repository/Executive/Page_Executive  5-15/h3_Associates' successfully

2018-11-29 15:44:21 - [MESSAGE][WARNING] - Timeout '0' is invalid. Using default page load timeout: '30'

2018-11-29 15:44:21 - [MESSAGE][PASSED] - Scroll to object 'Object Repository/Executive/Page_Executive  5-15/h3_Associates' successfully

2018-11-29 15:44:21 - [TEST_STEP][PASSED] - waitForElementPresent: Object 'Object Repository/Executive/Page_Executive  5-15/h3_Associates' is present

2018-11-29 15:44:21 - [MESSAGE][WARNING] - Timeout '0' is invalid. Using default page load timeout: '30'

2018-11-29 15:44:21 - [MESSAGE][PASSED] - Object 'Object Repository/Executive/Page_Executive  5-15/h3_Associates' is present

2018-11-29 15:44:21 - [TEST_STEP][PASSED] - verifyElementText: Actual text and expected text of test object 'Object Repository/Executive/Page_Executive  5-15/h3_Associates' are matched.

2018-11-29 15:44:21 - [MESSAGE][PASSED] - Actual text and expected text of test object 'Object Repository/Executive/Page_Executive  5-15/h3_Associates' are matched.

2018-11-29 15:44:21 - [TEST_STEP][PASSED] - click: Object: 'Object Repository/Executive/Page_Executive  5-15/span_359' is clicked on

2018-11-29 15:44:21 - [MESSAGE][PASSED] - Object: 'Object Repository/Executive/Page_Executive  5-15/span_359' is clicked on

2018-11-29 15:44:21 - [TEST_STEP][PASSED] - verifyElementText: Actual text and expected text of test object 'Object Repository/Executive/Page_Executive  5-15/h3_Contract Not Signed' are matched.

2018-11-29 15:44:23 - [MESSAGE][PASSED] - Actual text and expected text of test object 'Object Repository/Executive/Page_Executive  5-15/h3_Contract Not Signed' are matched.

2018-11-29 15:44:23 - [TEST_STEP][PASSED] - verifyElementText: Actual text and expected text of test object 'Object Repository/Executive/Page_Executive  5-15/div_Level' are matched.

2018-11-29 15:44:23 - [MESSAGE][PASSED] - Actual text and expected text of test object 'Object Repository/Executive/Page_Executive  5-15/div_Level' are matched.

2018-11-29 15:44:23 - [TEST_STEP][PASSED] - verifyElementText: Actual text and expected text of test object 'Object Repository/Executive/Page_Executive  5-15/div_Count' are matched.

2018-11-29 15:44:23 - [MESSAGE][PASSED] - Actual text and expected text of test object 'Object Repository/Executive/Page_Executive  5-15/div_Count' are matched.

2018-11-29 15:44:23 - [TEST_STEP][PASSED] - click: Object: 'Object Repository/Executive/Page_Executive  5-15/span_41' is clicked on

2018-11-29 15:44:23 - [MESSAGE][PASSED] - Object: 'Object Repository/Executive/Page_Executive  5-15/span_41' is clicked on

2018-11-29 15:44:23 - [TEST_STEP][PASSED] - scrollToElement: Scroll to object 'Object Repository/Executive/Page_Executive  5-15/h3_Associate Details' successfully

2018-11-29 15:44:23 - [MESSAGE][WARNING] - Timeout '0' is invalid. Using default page load timeout: '30'

2018-11-29 15:44:23 - [MESSAGE][PASSED] - Scroll to object 'Object Repository/Executive/Page_Executive  5-15/h3_Associate Details' successfully

2018-11-29 15:44:23 - [TEST_STEP][PASSED] - verifyElementText: Actual text and expected text of test object 'Object Repository/Executive/Page_Executive  5-15/h3_Associate Details' are matched.

2018-11-29 15:44:23 - [MESSAGE][PASSED] - Actual text and expected text of test object 'Object Repository/Executive/Page_Executive  5-15/h3_Associate Details' are matched.

2018-11-29 15:44:23 - [TEST_STEP][PASSED] - verifyElementText: Actual text and expected text of test object 'Object Repository/Executive/Page_Executive  5-15/th_Sponsor' are matched.

2018-11-29 15:44:23 - [MESSAGE][PASSED] - Actual text and expected text of test object 'Object Repository/Executive/Page_Executive  5-15/th_Sponsor' are matched.

2018-11-29 15:44:23 - [TEST_STEP][PASSED] - verifyElementText: Actual text and expected text of test object 'Object Repository/Executive/Page_Executive  5-15/th_Associate' are matched.

2018-11-29 15:44:23 - [MESSAGE][PASSED] - Actual text and expected text of test object 'Object Repository/Executive/Page_Executive  5-15/th_Associate' are matched.

2018-11-29 15:44:23 - [TEST_STEP][PASSED] - verifyElementText: Actual text and expected text of test object 'Object Repository/Executive/Page_Executive  5-15/th_Customer Energy Accounts' are matched.

2018-11-29 15:44:23 - [MESSAGE][PASSED] - Actual text and expected text of test object 'Object Repository/Executive/Page_Executive  5-15/th_Customer Energy Accounts' are matched.

2018-11-29 15:44:23 - [TEST_STEP][PASSED] - verifyElementText: Actual text and expected text of test object 'Object Repository/Executive/Page_Executive  5-15/div_Level' are matched.

2018-11-29 15:44:24 - [MESSAGE][PASSED] - Actual text and expected text of test object 'Object Repository/Executive/Page_Executive  5-15/div_Level' are matched.

2018-11-29 15:44:24 - [TEST_STEP][PASSED] - verifyElementText: Actual text and expected text of test object 'Object Repository/Executive/Page_Executive  5-15/div_Sponsor' are matched.

2018-11-29 15:44:24 - [MESSAGE][PASSED] - Actual text and expected text of test object 'Object Repository/Executive/Page_Executive  5-15/div_Sponsor' are matched.

2018-11-29 15:44:24 - [TEST_STEP][PASSED] - verifyElementText: Actual text and expected text of test object 'Object Repository/Executive/Page_Executive  5-15/div_Sponsor Email' are matched.

2018-11-29 15:44:24 - [MESSAGE][PASSED] - Actual text and expected text of test object 'Object Repository/Executive/Page_Executive  5-15/div_Sponsor Email' are matched.

2018-11-29 15:44:24 - [TEST_STEP][PASSED] - verifyElementText: Actual text and expected text of test object 'Object Repository/Executive/Page_Executive  5-15/div_Sponsor Mobile Phone' are matched.

2018-11-29 15:44:24 - [MESSAGE][PASSED] - Actual text and expected text of test object 'Object Repository/Executive/Page_Executive  5-15/div_Sponsor Mobile Phone' are matched.

2018-11-29 15:44:24 - [TEST_STEP][PASSED] - verifyElementText: Actual text and expected text of test object 'Object Repository/Executive/Page_Executive  5-15/div_Associate' are matched.

2018-11-29 15:44:24 - [MESSAGE][PASSED] - Actual text and expected text of test object 'Object Repository/Executive/Page_Executive  5-15/div_Associate' are matched.

2018-11-29 15:44:24 - [TEST_STEP][PASSED] - verifyElementText: Actual text and expected text of test object 'Object Repository/Executive/Page_Executive  5-15/div_Email' are matched.

2018-11-29 15:44:24 - [MESSAGE][PASSED] - Actual text and expected text of test object 'Object Repository/Executive/Page_Executive  5-15/div_Email' are matched.

2018-11-29 15:44:24 - [TEST_STEP][PASSED] - verifyElementText: Actual text and expected text of test object 'Object Repository/Executive/Page_Executive  5-15/div_Mobile Phone' are matched.

2018-11-29 15:44:24 - [MESSAGE][PASSED] - Actual text and expected text of test object 'Object Repository/Executive/Page_Executive  5-15/div_Mobile Phone' are matched.

2018-11-29 15:44:24 - [TEST_STEP][PASSED] - verifyElementText: Actual text and expected text of test object 'Object Repository/Executive/Page_Executive  5-15/div_Inactive Date' are matched.

2018-11-29 15:44:24 - [MESSAGE][PASSED] - Actual text and expected text of test object 'Object Repository/Executive/Page_Executive  5-15/div_Inactive Date' are matched.

2018-11-29 15:44:24 - [TEST_STEP][PASSED] - verifyElementText: Actual text and expected text of test object 'Object Repository/Executive/Page_Executive  5-15/div_Contract Signed Date' are matched.

2018-11-29 15:44:24 - [MESSAGE][PASSED] - Actual text and expected text of test object 'Object Repository/Executive/Page_Executive  5-15/div_Contract Signed Date' are matched.

2018-11-29 15:44:24 - [TEST_STEP][PASSED] - verifyElementText: Actual text and expected text of test object 'Object Repository/Executive/Page_Executive  5-15/div_CSR Title' are matched.

2018-11-29 15:44:24 - [MESSAGE][PASSED] - Actual text and expected text of test object 'Object Repository/Executive/Page_Executive  5-15/div_CSR Title' are matched.

2018-11-29 15:44:24 - [TEST_STEP][PASSED] - verifyElementText: Actual text and expected text of test object 'Object Repository/Executive/Page_Executive  5-15/div_Associate Count' are matched.

2018-11-29 15:44:24 - [MESSAGE][PASSED] - Actual text and expected text of test object 'Object Repository/Executive/Page_Executive  5-15/div_Associate Count' are matched.

2018-11-29 15:44:24 - [TEST_STEP][PASSED] - verifyElementText: Actual text and expected text of test object 'Object Repository/Executive/Page_Executive  5-15/div_Contract Count' are matched.

2018-11-29 15:44:24 - [MESSAGE][PASSED] - Actual text and expected text of test object 'Object Repository/Executive/Page_Executive  5-15/div_Contract Count' are matched.

2018-11-29 15:44:24 - [TEST_STEP][PASSED] - scrollToPosition: Browser is scrolled to position x = 0, y = 0

2018-11-29 15:44:24 - [MESSAGE][PASSED] - Browser is scrolled to position x = 0, y = 0]]></system-out>
         <system-err><![CDATA[]]></system-err>
      </testcase>
      <testcase name="Test Cases/Associate Application/Executive/TCBA02307" classname="Test Cases/Associate Application/Executive/TCBA02307" status="PASSED">
         <system-out><![CDATA[2018-11-29 15:44:24 - [TEST_CASE][PASSED] - Test Cases/Associate Application/Executive/TCBA02307: Test Cases/Associate Application/Executive/TCBA02307

2018-11-29 15:44:25 - [TEST_STEP][PASSED] - click: Object: 'Object Repository/Edit Profile/Page_Home  5-15/span_Shinto-Test' is clicked on

2018-11-29 15:44:25 - [MESSAGE][PASSED] - Object: 'Object Repository/Edit Profile/Page_Home  5-15/span_Shinto-Test' is clicked on

2018-11-29 15:44:25 - [TEST_STEP][PASSED] - verifyElementText: Actual text and expected text of test object 'Object Repository/Edit Profile/Page_Home  5-15/span_Log Off' are matched.

2018-11-29 15:44:25 - [MESSAGE][PASSED] - Actual text and expected text of test object 'Object Repository/Edit Profile/Page_Home  5-15/span_Log Off' are matched.

2018-11-29 15:44:25 - [TEST_STEP][PASSED] - click: Object: 'Object Repository/Edit Profile/Page_Home  5-15/span_Log Off' is clicked on

2018-11-29 15:44:25 - [MESSAGE][PASSED] - Object: 'Object Repository/Edit Profile/Page_Home  5-15/span_Log Off' is clicked on

2018-11-29 15:44:25 - [TEST_STEP][PASSED] - verifyElementText: Actual text and expected text of test object 'Object Repository/Edit Profile/Page_Log In  5-15/h1_Log In' are matched.

2018-11-29 15:44:25 - [MESSAGE][PASSED] - Actual text and expected text of test object 'Object Repository/Edit Profile/Page_Log In  5-15/h1_Log In' are matched.]]></system-out>
         <system-err><![CDATA[]]></system-err>
      </testcase>
      <system-out><![CDATA[2018-11-29 15:43:00 - [TEST_SUITE][PASSED] - VBZ0021-Executive: Test Cases/Associate Application/Executive/TCBA02307]]></system-out>
      <system-err><![CDATA[]]></system-err>
   </testsuite>
</testsuites>
