<?xml version="1.0" encoding="UTF-8"?>
<testsuites name="VBZ0020-Page Management" time="41" tests="8" failures="0" errors="0">
   <testsuite name="VBZ0020-Page Management" tests="8" failures="0" errors="0" time="41" timestamp="2018-11-30 10:05:16" hostname="Developer - QA-Scheduler.vofox.com" id="Test Suites/VBZ0020-Page Management">
      <properties>
         <property name="deviceName" value=""/>
         <property name="devicePlatform" value=""/>
         <property name="logFolder" value="F:\\Vofox-Katalon\\Bonanza\\Reports\\VBZ0020-Page Management\\20181130_100514"/>
         <property name="logFiles" value="F:\\Vofox-Katalon\\Bonanza\\Reports\\VBZ0020-Page Management\\20181130_100514\\execution0.log"/>
         <property name="attachments" value=""/>
         <property name="hostName" value="Developer - QA-Scheduler.vofox.com"/>
         <property name="os" value="Windows 10 64bit"/>
         <property name="katalonVersion" value="5.9.1.2"/>
         <property name="browser" value="Chrome 70.0.3538.102"/>
         <property name="hostAddress" value="192.168.10.111"/>
         <property name="sessionId" value="e68734fb82947d61f6ba0665fb53052b"/>
         <property name="seleniumVersion" value="3.7.1"/>
         <property name="proxyInformation" value="ProxyInformation{proxyOption=NO_PROXY, proxyServerType=HTTP, password=, proxyServerAddress=, proxyServerPort=0}"/>
         <property name="platform" value="Windows 10"/>
      </properties>
      <testcase name="Test Cases/Associate Application/Page Management/TCBA02101" classname="Test Cases/Associate Application/Page Management/TCBA02101" status="PASSED">
         <system-out><![CDATA[2018-11-30 10:05:16 - [TEST_CASE][PASSED] - Test Cases/Associate Application/Page Management/TCBA02101: Test Cases/Associate Application/Page Management/TCBA02101

2018-11-30 10:05:16 - [TEST_STEP][PASSED] - callTestCase(findTestCase("Associate Application/Associate Login/TCBA01008"), [:], STOP_ON_FAILURE): Call Test Case 'Test Cases/Associate Application/Associate Login/TCBA01008' successfully

2018-11-30 10:05:16 - [TEST_CASE][PASSED] - Test Cases/Associate Application/Associate Login/TCBA01008: Test Cases/Associate Application/Associate Login/TCBA01008

2018-11-30 10:05:16 - [TEST_STEP][PASSED] - openBrowser(""): Browser is opened with url: ''

2018-11-30 10:05:16 - [MESSAGE][INFO] - Starting 'Chrome' driver

2018-11-30 10:05:17 - [MESSAGE][INFO] - User set preference: ['args', '[--disable-web-security]']

2018-11-30 10:05:17 - [MESSAGE][INFO] - User set preference: ['prefs', '{=--user-data-dir=c:\my\data}']

2018-11-30 10:05:17 - [MESSAGE][INFO] - Action delay is set to 0 seconds

2018-11-30 10:05:19 - [MESSAGE][PASSED] - Browser is opened with url: ''

2018-11-30 10:05:19 - [TEST_STEP][PASSED] - maximizeWindow(): Current window maximized

2018-11-30 10:05:20 - [MESSAGE][PASSED] - Current window maximized

2018-11-30 10:05:20 - [TEST_STEP][PASSED] - navigateToUrl("https://192.168.10.72/#/login"): Navigate to 'https://192.168.10.72/#/login' successfully

2018-11-30 10:05:23 - [MESSAGE][PASSED] - Navigate to 'https://192.168.10.72/#/login' successfully

2018-11-30 10:05:23 - [TEST_STEP][PASSED] - setText(findTestObject("Object Repository/Page_Log In  5-15/input_txtUserName"), "Shinto-Test"): Text 'Shinto-Test' is set on object 'Object Repository/Page_Log In  5-15/input_txtUserName'

2018-11-30 10:05:23 - [MESSAGE][PASSED] - Text 'Shinto-Test' is set on object 'Object Repository/Page_Log In  5-15/input_txtUserName'

2018-11-30 10:05:23 - [TEST_STEP][PASSED] - setEncryptedText(findTestObject("Object Repository/Page_Log In  5-15/input_txtPassword"), "p4y+y39Ir5PEPmX20UxFKw=="): Text ****** has been set on object 'Object Repository/Page_Log In  5-15/input_txtPassword'

2018-11-30 10:05:23 - [MESSAGE][PASSED] - Text ****** has been set on object 'Object Repository/Page_Log In  5-15/input_txtPassword'

2018-11-30 10:05:23 - [TEST_STEP][PASSED] - click(findTestObject("Object Repository/Page_Log In  5-15/button_Log in")): Object: 'Object Repository/Page_Log In  5-15/button_Log in' is clicked on

2018-11-30 10:05:23 - [MESSAGE][PASSED] - Object: 'Object Repository/Page_Log In  5-15/button_Log in' is clicked on

2018-11-30 10:05:23 - [TEST_STEP][PASSED] - verifyElementText(findTestObject("Object Repository/Change Password/Page_Home  5-15/span_My Title"), "My Title:"): Actual text and expected text of test object 'Object Repository/Change Password/Page_Home  5-15/span_My Title' are matched.

2018-11-30 10:05:27 - [MESSAGE][PASSED] - Actual text and expected text of test object 'Object Repository/Change Password/Page_Home  5-15/span_My Title' are matched.

2018-11-30 10:05:27 - [MESSAGE][PASSED] - Call Test Case 'Test Cases/Associate Application/Associate Login/TCBA01008' successfully

2018-11-30 10:05:27 - [TEST_STEP][PASSED] - verifyElementText(findTestObject("Object Repository/Page Management/Page_Home  5-15/a_Page Management"), "Page Management"): Actual text and expected text of test object 'Object Repository/Page Management/Page_Home  5-15/a_Page Management' are matched.

2018-11-30 10:05:27 - [MESSAGE][PASSED] - Actual text and expected text of test object 'Object Repository/Page Management/Page_Home  5-15/a_Page Management' are matched.]]></system-out>
         <system-err><![CDATA[]]></system-err>
      </testcase>
      <testcase name="Test Cases/Associate Application/Page Management/TCBA02102" classname="Test Cases/Associate Application/Page Management/TCBA02102" status="PASSED">
         <system-out><![CDATA[2018-11-30 10:05:27 - [TEST_CASE][PASSED] - Test Cases/Associate Application/Page Management/TCBA02102: Test Cases/Associate Application/Page Management/TCBA02102

2018-11-30 10:05:27 - [TEST_STEP][PASSED] - click(findTestObject("Object Repository/Page Management/Page_Home  5-15/a_Page Management"), STOP_ON_FAILURE): Object: 'Object Repository/Page Management/Page_Home  5-15/a_Page Management' is clicked on

2018-11-30 10:05:27 - [MESSAGE][PASSED] - Object: 'Object Repository/Page Management/Page_Home  5-15/a_Page Management' is clicked on

2018-11-30 10:05:27 - [TEST_STEP][PASSED] - verifyElementText(findTestObject("Object Repository/Page Management/Page_Page Management  5-15/span_Page Management"), "Page Management"): Actual text and expected text of test object 'Object Repository/Page Management/Page_Page Management  5-15/span_Page Management' are matched.

2018-11-30 10:05:27 - [MESSAGE][PASSED] - Actual text and expected text of test object 'Object Repository/Page Management/Page_Page Management  5-15/span_Page Management' are matched.

2018-11-30 10:05:27 - [TEST_STEP][PASSED] - verifyElementText(findTestObject("Object Repository/Page Management/Page_Page Management  5-15/h3_Manage your pages"), "Manage your pages"): Actual text and expected text of test object 'Object Repository/Page Management/Page_Page Management  5-15/h3_Manage your pages' are matched.

2018-11-30 10:05:33 - [MESSAGE][PASSED] - Actual text and expected text of test object 'Object Repository/Page Management/Page_Page Management  5-15/h3_Manage your pages' are matched.

2018-11-30 10:05:33 - [TEST_STEP][PASSED] - verifyElementText(findTestObject("Object Repository/Page Management/Page_Page Management  5-15/div_Page Name"), "Page Name"): Actual text and expected text of test object 'Object Repository/Page Management/Page_Page Management  5-15/div_Page Name' are matched.

2018-11-30 10:05:33 - [MESSAGE][PASSED] - Actual text and expected text of test object 'Object Repository/Page Management/Page_Page Management  5-15/div_Page Name' are matched.

2018-11-30 10:05:33 - [TEST_STEP][PASSED] - verifyElementText(findTestObject("Object Repository/Page Management/Page_Page Management  5-15/div_Inserted On"), "Inserted On"): Actual text and expected text of test object 'Object Repository/Page Management/Page_Page Management  5-15/div_Inserted On' are matched.

2018-11-30 10:05:33 - [MESSAGE][PASSED] - Actual text and expected text of test object 'Object Repository/Page Management/Page_Page Management  5-15/div_Inserted On' are matched.

2018-11-30 10:05:33 - [TEST_STEP][PASSED] - verifyElementText(findTestObject("Object Repository/Page Management/Page_Page Management  5-15/div_Active"), "Active"): Actual text and expected text of test object 'Object Repository/Page Management/Page_Page Management  5-15/div_Active' are matched.

2018-11-30 10:05:33 - [MESSAGE][PASSED] - Actual text and expected text of test object 'Object Repository/Page Management/Page_Page Management  5-15/div_Active' are matched.

2018-11-30 10:05:33 - [TEST_STEP][PASSED] - verifyElementText(findTestObject("Object Repository/Page Management/Page_Page Management  5-15/div_Code"), "Code"): Actual text and expected text of test object 'Object Repository/Page Management/Page_Page Management  5-15/div_Code' are matched.

2018-11-30 10:05:33 - [MESSAGE][PASSED] - Actual text and expected text of test object 'Object Repository/Page Management/Page_Page Management  5-15/div_Code' are matched.

2018-11-30 10:05:33 - [TEST_STEP][PASSED] - verifyElementText(findTestObject("Object Repository/Page Management/Page_Page Management  5-15/div_Language"), "Language"): Actual text and expected text of test object 'Object Repository/Page Management/Page_Page Management  5-15/div_Language' are matched.

2018-11-30 10:05:33 - [MESSAGE][PASSED] - Actual text and expected text of test object 'Object Repository/Page Management/Page_Page Management  5-15/div_Language' are matched.

2018-11-30 10:05:33 - [TEST_STEP][PASSED] - verifyElementText(findTestObject("Object Repository/Page Management/Page_Page Management  5-15/div_Website"), "Website"): Actual text and expected text of test object 'Object Repository/Page Management/Page_Page Management  5-15/div_Website' are matched.

2018-11-30 10:05:34 - [MESSAGE][PASSED] - Actual text and expected text of test object 'Object Repository/Page Management/Page_Page Management  5-15/div_Website' are matched.

2018-11-30 10:05:34 - [TEST_STEP][PASSED] - verifyElementText(findTestObject("Object Repository/Page Management/Page_Page Management  5-15/div_Edit"), "Edit"): Actual text and expected text of test object 'Object Repository/Page Management/Page_Page Management  5-15/div_Edit' are matched.

2018-11-30 10:05:34 - [MESSAGE][PASSED] - Actual text and expected text of test object 'Object Repository/Page Management/Page_Page Management  5-15/div_Edit' are matched.

2018-11-30 10:05:34 - [TEST_STEP][PASSED] - verifyElementText(findTestObject("Object Repository/Page Management/Page_Page Management  5-15/span_Add Page"), "Add Page"): Actual text and expected text of test object 'Object Repository/Page Management/Page_Page Management  5-15/span_Add Page' are matched.

2018-11-30 10:05:34 - [MESSAGE][PASSED] - Actual text and expected text of test object 'Object Repository/Page Management/Page_Page Management  5-15/span_Add Page' are matched.]]></system-out>
         <system-err><![CDATA[]]></system-err>
      </testcase>
      <testcase name="Test Cases/Associate Application/Page Management/TCBA02103" classname="Test Cases/Associate Application/Page Management/TCBA02103" status="PASSED">
         <system-out><![CDATA[2018-11-30 10:05:34 - [TEST_CASE][PASSED] - Test Cases/Associate Application/Page Management/TCBA02103: Test Cases/Associate Application/Page Management/TCBA02103

2018-11-30 10:05:34 - [TEST_STEP][PASSED] - verifyElementPresent(findTestObject("Object Repository/Page Management/Page_Page Management  5-15/div_...12345678..."), 0): Object 'Object Repository/Page Management/Page_Page Management  5-15/div_...12345678...' is present

2018-11-30 10:05:34 - [MESSAGE][WARNING] - Timeout '0' is invalid. Using default page load timeout: '30'

2018-11-30 10:05:34 - [MESSAGE][PASSED] - Object 'Object Repository/Page Management/Page_Page Management  5-15/div_...12345678...' is present

2018-11-30 10:05:34 - [TEST_STEP][PASSED] - verifyElementPresent(findTestObject("Object Repository/Page Management/Page_Page Management  5-15/div_1 of 4 pages (40 items)"), 0): Object 'Object Repository/Page Management/Page_Page Management  5-15/div_1 of 4 pages (40 items)' is present

2018-11-30 10:05:34 - [MESSAGE][WARNING] - Timeout '0' is invalid. Using default page load timeout: '30'

2018-11-30 10:05:34 - [MESSAGE][PASSED] - Object 'Object Repository/Page Management/Page_Page Management  5-15/div_1 of 4 pages (40 items)' is present]]></system-out>
         <system-err><![CDATA[]]></system-err>
      </testcase>
      <testcase name="Test Cases/Associate Application/Page Management/TCBA02104" classname="Test Cases/Associate Application/Page Management/TCBA02104" status="PASSED">
         <system-out><![CDATA[2018-11-30 10:05:34 - [TEST_CASE][PASSED] - Test Cases/Associate Application/Page Management/TCBA02104: Test Cases/Associate Application/Page Management/TCBA02104

2018-11-30 10:05:34 - [TEST_STEP][PASSED] - click(findTestObject("Object Repository/Page Management/Page_Page Management  5-15/span_Add Page")): Object: 'Object Repository/Page Management/Page_Page Management  5-15/span_Add Page' is clicked on

2018-11-30 10:05:34 - [MESSAGE][PASSED] - Object: 'Object Repository/Page Management/Page_Page Management  5-15/span_Add Page' is clicked on

2018-11-30 10:05:34 - [TEST_STEP][PASSED] - verifyElementText(findTestObject("Object Repository/Page Management/Page_Page Management  5-15/div_Add Page Details"), "Add Page Details"): Actual text and expected text of test object 'Object Repository/Page Management/Page_Page Management  5-15/div_Add Page Details' are matched.

2018-11-30 10:05:34 - [MESSAGE][PASSED] - Actual text and expected text of test object 'Object Repository/Page Management/Page_Page Management  5-15/div_Add Page Details' are matched.

2018-11-30 10:05:34 - [TEST_STEP][PASSED] - verifyElementText(findTestObject("Object Repository/Page Management/Page_Page Management  5-15/h3_Page Details"), "Page Details"): Actual text and expected text of test object 'Object Repository/Page Management/Page_Page Management  5-15/h3_Page Details' are matched.

2018-11-30 10:05:34 - [MESSAGE][PASSED] - Actual text and expected text of test object 'Object Repository/Page Management/Page_Page Management  5-15/h3_Page Details' are matched.

2018-11-30 10:05:34 - [TEST_STEP][PASSED] - verifyElementText(findTestObject("Object Repository/Page Management/Page_Page Management  5-15/label_Page Name"), "Page Name"): Actual text and expected text of test object 'Object Repository/Page Management/Page_Page Management  5-15/label_Page Name' are matched.

2018-11-30 10:05:34 - [MESSAGE][PASSED] - Actual text and expected text of test object 'Object Repository/Page Management/Page_Page Management  5-15/label_Page Name' are matched.

2018-11-30 10:05:34 - [TEST_STEP][PASSED] - verifyElementText(findTestObject("Object Repository/Page Management/Page_Page Management  5-15/label_Code"), "Code"): Actual text and expected text of test object 'Object Repository/Page Management/Page_Page Management  5-15/label_Code' are matched.

2018-11-30 10:05:34 - [MESSAGE][PASSED] - Actual text and expected text of test object 'Object Repository/Page Management/Page_Page Management  5-15/label_Code' are matched.

2018-11-30 10:05:34 - [TEST_STEP][PASSED] - verifyElementText(findTestObject("Object Repository/Page Management/Page_Page Management  5-15/label_Language"), "Language"): Actual text and expected text of test object 'Object Repository/Page Management/Page_Page Management  5-15/label_Language' are matched.

2018-11-30 10:05:34 - [MESSAGE][PASSED] - Actual text and expected text of test object 'Object Repository/Page Management/Page_Page Management  5-15/label_Language' are matched.

2018-11-30 10:05:34 - [TEST_STEP][PASSED] - verifyElementText(findTestObject("Object Repository/Page Management/Page_Page Management  5-15/label_Website"), "Website"): Actual text and expected text of test object 'Object Repository/Page Management/Page_Page Management  5-15/label_Website' are matched.

2018-11-30 10:05:34 - [MESSAGE][PASSED] - Actual text and expected text of test object 'Object Repository/Page Management/Page_Page Management  5-15/label_Website' are matched.

2018-11-30 10:05:34 - [TEST_STEP][PASSED] - verifyElementText(findTestObject("Object Repository/Page Management/Page_Page Management  5-15/label_Page Content"), "Page Content"): Actual text and expected text of test object 'Object Repository/Page Management/Page_Page Management  5-15/label_Page Content' are matched.

2018-11-30 10:05:34 - [MESSAGE][PASSED] - Actual text and expected text of test object 'Object Repository/Page Management/Page_Page Management  5-15/label_Page Content' are matched.

2018-11-30 10:05:34 - [TEST_STEP][PASSED] - verifyElementText(findTestObject("Object Repository/Page Management/Page_Page Management  5-15/a_Editor"), "Editor"): Actual text and expected text of test object 'Object Repository/Page Management/Page_Page Management  5-15/a_Editor' are matched.

2018-11-30 10:05:34 - [MESSAGE][PASSED] - Actual text and expected text of test object 'Object Repository/Page Management/Page_Page Management  5-15/a_Editor' are matched.

2018-11-30 10:05:34 - [TEST_STEP][PASSED] - verifyElementText(findTestObject("Object Repository/Page Management/Page_Page Management  5-15/a_Raw"), "Raw"): Actual text and expected text of test object 'Object Repository/Page Management/Page_Page Management  5-15/a_Raw' are matched.

2018-11-30 10:05:34 - [MESSAGE][PASSED] - Actual text and expected text of test object 'Object Repository/Page Management/Page_Page Management  5-15/a_Raw' are matched.

2018-11-30 10:05:34 - [TEST_STEP][PASSED] - verifyElementText(findTestObject("Object Repository/Page Management/Page_Page Management  5-15/a_Preview"), "Preview"): Actual text and expected text of test object 'Object Repository/Page Management/Page_Page Management  5-15/a_Preview' are matched.

2018-11-30 10:05:34 - [MESSAGE][PASSED] - Actual text and expected text of test object 'Object Repository/Page Management/Page_Page Management  5-15/a_Preview' are matched.

2018-11-30 10:05:34 - [TEST_STEP][PASSED] - verifyElementText(findTestObject("Object Repository/Page Management/Page_Page Management  5-15/button_Save"), "Save"): Actual text and expected text of test object 'Object Repository/Page Management/Page_Page Management  5-15/button_Save' are matched.

2018-11-30 10:05:34 - [MESSAGE][PASSED] - Actual text and expected text of test object 'Object Repository/Page Management/Page_Page Management  5-15/button_Save' are matched.

2018-11-30 10:05:34 - [TEST_STEP][PASSED] - verifyElementText(findTestObject("Object Repository/Page Management/Page_Page Management  5-15/span_Cancel"), "Cancel"): Actual text and expected text of test object 'Object Repository/Page Management/Page_Page Management  5-15/span_Cancel' are matched.

2018-11-30 10:05:35 - [MESSAGE][PASSED] - Actual text and expected text of test object 'Object Repository/Page Management/Page_Page Management  5-15/span_Cancel' are matched.

2018-11-30 10:05:35 - [TEST_STEP][PASSED] - click(findTestObject("Object Repository/Page Management/Page_Page Management  5-15/button_Save")): Object: 'Object Repository/Page Management/Page_Page Management  5-15/button_Save' is clicked on

2018-11-30 10:05:35 - [MESSAGE][PASSED] - Object: 'Object Repository/Page Management/Page_Page Management  5-15/button_Save' is clicked on

2018-11-30 10:05:35 - [TEST_STEP][PASSED] - verifyElementText(findTestObject("Object Repository/Page Management/Page_Page Management  5-15/label_Page Name"), "Page Name"): Actual text and expected text of test object 'Object Repository/Page Management/Page_Page Management  5-15/label_Page Name' are matched.

2018-11-30 10:05:35 - [MESSAGE][PASSED] - Actual text and expected text of test object 'Object Repository/Page Management/Page_Page Management  5-15/label_Page Name' are matched.

2018-11-30 10:05:35 - [TEST_STEP][PASSED] - verifyElementText(findTestObject("Object Repository/Page Management/Page_Page Management  5-15/p_is required"), "is required"): Actual text and expected text of test object 'Object Repository/Page Management/Page_Page Management  5-15/p_is required' are matched.

2018-11-30 10:05:35 - [MESSAGE][PASSED] - Actual text and expected text of test object 'Object Repository/Page Management/Page_Page Management  5-15/p_is required' are matched.

2018-11-30 10:05:35 - [TEST_STEP][PASSED] - verifyElementText(findTestObject("Object Repository/Page Management/Page_Page Management  5-15/label_Code"), "Code"): Actual text and expected text of test object 'Object Repository/Page Management/Page_Page Management  5-15/label_Code' are matched.

2018-11-30 10:05:35 - [MESSAGE][PASSED] - Actual text and expected text of test object 'Object Repository/Page Management/Page_Page Management  5-15/label_Code' are matched.

2018-11-30 10:05:35 - [TEST_STEP][PASSED] - verifyElementText(findTestObject("Object Repository/Page Management/Page_Page Management  5-15/p_is required_1"), "is required"): Actual text and expected text of test object 'Object Repository/Page Management/Page_Page Management  5-15/p_is required_1' are matched.

2018-11-30 10:05:35 - [MESSAGE][PASSED] - Actual text and expected text of test object 'Object Repository/Page Management/Page_Page Management  5-15/p_is required_1' are matched.

2018-11-30 10:05:35 - [TEST_STEP][PASSED] - verifyElementText(findTestObject("Object Repository/Page Management/Page_Page Management  5-15/label_Language"), "Language"): Actual text and expected text of test object 'Object Repository/Page Management/Page_Page Management  5-15/label_Language' are matched.

2018-11-30 10:05:35 - [MESSAGE][PASSED] - Actual text and expected text of test object 'Object Repository/Page Management/Page_Page Management  5-15/label_Language' are matched.

2018-11-30 10:05:35 - [TEST_STEP][PASSED] - verifyElementText(findTestObject("Object Repository/Page Management/Page_Page Management  5-15/p_is required_2"), "is required"): Actual text and expected text of test object 'Object Repository/Page Management/Page_Page Management  5-15/p_is required_2' are matched.

2018-11-30 10:05:35 - [MESSAGE][PASSED] - Actual text and expected text of test object 'Object Repository/Page Management/Page_Page Management  5-15/p_is required_2' are matched.

2018-11-30 10:05:35 - [TEST_STEP][PASSED] - verifyElementText(findTestObject("Object Repository/Page Management/Page_Page Management  5-15/label_Website"), "Website"): Actual text and expected text of test object 'Object Repository/Page Management/Page_Page Management  5-15/label_Website' are matched.

2018-11-30 10:05:35 - [MESSAGE][PASSED] - Actual text and expected text of test object 'Object Repository/Page Management/Page_Page Management  5-15/label_Website' are matched.

2018-11-30 10:05:35 - [TEST_STEP][PASSED] - verifyElementText(findTestObject("Object Repository/Page Management/Page_Page Management  5-15/p_is required_3"), "is required"): Actual text and expected text of test object 'Object Repository/Page Management/Page_Page Management  5-15/p_is required_3' are matched.

2018-11-30 10:05:35 - [MESSAGE][PASSED] - Actual text and expected text of test object 'Object Repository/Page Management/Page_Page Management  5-15/p_is required_3' are matched.

2018-11-30 10:05:35 - [TEST_STEP][PASSED] - verifyElementText(findTestObject("Object Repository/Page Management/Page_Page Management  5-15/label_Page Content"), "Page Content"): Actual text and expected text of test object 'Object Repository/Page Management/Page_Page Management  5-15/label_Page Content' are matched.

2018-11-30 10:05:35 - [MESSAGE][PASSED] - Actual text and expected text of test object 'Object Repository/Page Management/Page_Page Management  5-15/label_Page Content' are matched.

2018-11-30 10:05:35 - [TEST_STEP][PASSED] - verifyElementText(findTestObject("Object Repository/Page Management/Page_Page Management  5-15/p_is required_4"), "is required"): Actual text and expected text of test object 'Object Repository/Page Management/Page_Page Management  5-15/p_is required_4' are matched.

2018-11-30 10:05:35 - [MESSAGE][PASSED] - Actual text and expected text of test object 'Object Repository/Page Management/Page_Page Management  5-15/p_is required_4' are matched.

2018-11-30 10:05:35 - [TEST_STEP][PASSED] - setText(findTestObject("Object Repository/Page Management/Page_Page Management  5-15/input_Page Name_pageName"), "Page10"): Text 'Page10' is set on object 'Object Repository/Page Management/Page_Page Management  5-15/input_Page Name_pageName'

2018-11-30 10:05:35 - [MESSAGE][PASSED] - Text 'Page10' is set on object 'Object Repository/Page Management/Page_Page Management  5-15/input_Page Name_pageName'

2018-11-30 10:05:35 - [TEST_STEP][PASSED] - setText(findTestObject("Object Repository/Page Management/Page_Page Management  5-15/input_Code_code"), "Code10"): Text 'Code10' is set on object 'Object Repository/Page Management/Page_Page Management  5-15/input_Code_code'

2018-11-30 10:05:35 - [MESSAGE][PASSED] - Text 'Code10' is set on object 'Object Repository/Page Management/Page_Page Management  5-15/input_Code_code'

2018-11-30 10:05:35 - [TEST_STEP][PASSED] - selectOptionByLabel(findTestObject("Object Repository/Page Management/Page_Page Management  5-15/select_Select Language"), "English", false): All options with label 'English' are selected in object 'Object Repository/Page Management/Page_Page Management  5-15/select_Select Language' 

2018-11-30 10:05:35 - [MESSAGE][PASSED] - All options with label 'English' are selected in object 'Object Repository/Page Management/Page_Page Management  5-15/select_Select Language' 

2018-11-30 10:05:35 - [TEST_STEP][PASSED] - delay(3): Delayed 3 second(s)

2018-11-30 10:05:38 - [MESSAGE][PASSED] - Delayed 3 second(s)

2018-11-30 10:05:38 - [TEST_STEP][PASSED] - setText(findTestObject("Object Repository/Page Management/Page_Page Management  5-15/input_Website_website"), "www.google.com"): Text 'www.google.com' is set on object 'Object Repository/Page Management/Page_Page Management  5-15/input_Website_website'

2018-11-30 10:05:38 - [MESSAGE][PASSED] - Text 'www.google.com' is set on object 'Object Repository/Page Management/Page_Page Management  5-15/input_Website_website'

2018-11-30 10:05:38 - [TEST_STEP][PASSED] - setText(findTestObject("Object Repository/Page Management/Page_Page Management  5-15/body_Test Data"), "Test data"): Text 'Test data' is set on object 'Object Repository/Page Management/Page_Page Management  5-15/body_Test Data'

2018-11-30 10:05:39 - [MESSAGE][PASSED] - Text 'Test data' is set on object 'Object Repository/Page Management/Page_Page Management  5-15/body_Test Data'

2018-11-30 10:05:39 - [TEST_STEP][PASSED] - verifyElementText(findTestObject("Object Repository/Page Management/Page_Page Management  5-15/button_Save"), "Save"): Actual text and expected text of test object 'Object Repository/Page Management/Page_Page Management  5-15/button_Save' are matched.

2018-11-30 10:05:39 - [MESSAGE][PASSED] - Actual text and expected text of test object 'Object Repository/Page Management/Page_Page Management  5-15/button_Save' are matched.

2018-11-30 10:05:39 - [TEST_STEP][PASSED] - click(findTestObject("Object Repository/Page Management/Page_Page Management  5-15/button_Save")): Object: 'Object Repository/Page Management/Page_Page Management  5-15/button_Save' is clicked on

2018-11-30 10:05:39 - [MESSAGE][PASSED] - Object: 'Object Repository/Page Management/Page_Page Management  5-15/button_Save' is clicked on

2018-11-30 10:05:39 - [TEST_STEP][PASSED] - waitForElementPresent(findTestObject("Object Repository/Page Management/Page_Page Management  5-15/span_Saved successfully"), 0): Object 'Object Repository/Page Management/Page_Page Management  5-15/span_Saved successfully' is present

2018-11-30 10:05:39 - [MESSAGE][WARNING] - Timeout '0' is invalid. Using default page load timeout: '30'

2018-11-30 10:05:40 - [MESSAGE][PASSED] - Object 'Object Repository/Page Management/Page_Page Management  5-15/span_Saved successfully' is present

2018-11-30 10:05:40 - [TEST_STEP][PASSED] - verifyElementText(findTestObject("Object Repository/Page Management/Page_Page Management  5-15/span_Saved successfully"), "Saved successfully"): Actual text and expected text of test object 'Object Repository/Page Management/Page_Page Management  5-15/span_Saved successfully' are matched.

2018-11-30 10:05:40 - [MESSAGE][PASSED] - Actual text and expected text of test object 'Object Repository/Page Management/Page_Page Management  5-15/span_Saved successfully' are matched.]]></system-out>
         <system-err><![CDATA[]]></system-err>
      </testcase>
      <testcase name="Test Cases/Associate Application/Page Management/TCBA02105" classname="Test Cases/Associate Application/Page Management/TCBA02105" status="PASSED">
         <system-out><![CDATA[2018-11-30 10:05:40 - [TEST_CASE][PASSED] - Test Cases/Associate Application/Page Management/TCBA02105: Test Cases/Associate Application/Page Management/TCBA02105

2018-11-30 10:05:40 - [TEST_STEP][PASSED] - click(findTestObject("Page Management/Page_Page Management  5-15/Icon-edit-button")): Object: 'Object Repository/Page Management/Page_Page Management  5-15/Icon-edit-button' is clicked on

2018-11-30 10:05:42 - [MESSAGE][PASSED] - Object: 'Object Repository/Page Management/Page_Page Management  5-15/Icon-edit-button' is clicked on

2018-11-30 10:05:42 - [TEST_STEP][PASSED] - verifyElementText(findTestObject("Page Management/Page_Page Management  5-15/Update Page Management"), "Update Page Content"): Actual text and expected text of test object 'Object Repository/Page Management/Page_Page Management  5-15/Update Page Management' are matched.

2018-11-30 10:05:43 - [MESSAGE][PASSED] - Actual text and expected text of test object 'Object Repository/Page Management/Page_Page Management  5-15/Update Page Management' are matched.

2018-11-30 10:05:43 - [TEST_STEP][PASSED] - verifyElementText(findTestObject("Object Repository/Page Management/Page_Page Management  5-15/h3_Page Details"), "Page Details"): Actual text and expected text of test object 'Object Repository/Page Management/Page_Page Management  5-15/h3_Page Details' are matched.

2018-11-30 10:05:43 - [MESSAGE][PASSED] - Actual text and expected text of test object 'Object Repository/Page Management/Page_Page Management  5-15/h3_Page Details' are matched.

2018-11-30 10:05:43 - [TEST_STEP][PASSED] - verifyElementText(findTestObject("Object Repository/Page Management/Page_Page Management  5-15/label_Page Name"), "Page Name"): Actual text and expected text of test object 'Object Repository/Page Management/Page_Page Management  5-15/label_Page Name' are matched.

2018-11-30 10:05:43 - [MESSAGE][PASSED] - Actual text and expected text of test object 'Object Repository/Page Management/Page_Page Management  5-15/label_Page Name' are matched.

2018-11-30 10:05:43 - [TEST_STEP][PASSED] - verifyElementText(findTestObject("Object Repository/Page Management/Page_Page Management  5-15/label_Code"), "Code"): Actual text and expected text of test object 'Object Repository/Page Management/Page_Page Management  5-15/label_Code' are matched.

2018-11-30 10:05:43 - [MESSAGE][PASSED] - Actual text and expected text of test object 'Object Repository/Page Management/Page_Page Management  5-15/label_Code' are matched.

2018-11-30 10:05:43 - [TEST_STEP][PASSED] - verifyElementText(findTestObject("Object Repository/Page Management/Page_Page Management  5-15/label_Language"), "Language"): Actual text and expected text of test object 'Object Repository/Page Management/Page_Page Management  5-15/label_Language' are matched.

2018-11-30 10:05:43 - [MESSAGE][PASSED] - Actual text and expected text of test object 'Object Repository/Page Management/Page_Page Management  5-15/label_Language' are matched.

2018-11-30 10:05:43 - [TEST_STEP][PASSED] - verifyElementText(findTestObject("Object Repository/Page Management/Page_Page Management  5-15/label_Website"), "Website"): Actual text and expected text of test object 'Object Repository/Page Management/Page_Page Management  5-15/label_Website' are matched.

2018-11-30 10:05:43 - [MESSAGE][PASSED] - Actual text and expected text of test object 'Object Repository/Page Management/Page_Page Management  5-15/label_Website' are matched.

2018-11-30 10:05:43 - [TEST_STEP][PASSED] - verifyElementText(findTestObject("Object Repository/Page Management/Page_Page Management  5-15/label_Page Content"), "Page Content"): Actual text and expected text of test object 'Object Repository/Page Management/Page_Page Management  5-15/label_Page Content' are matched.

2018-11-30 10:05:43 - [MESSAGE][PASSED] - Actual text and expected text of test object 'Object Repository/Page Management/Page_Page Management  5-15/label_Page Content' are matched.

2018-11-30 10:05:43 - [TEST_STEP][PASSED] - verifyElementText(findTestObject("Object Repository/Page Management/Page_Page Management  5-15/a_Editor"), "Editor"): Actual text and expected text of test object 'Object Repository/Page Management/Page_Page Management  5-15/a_Editor' are matched.

2018-11-30 10:05:43 - [MESSAGE][PASSED] - Actual text and expected text of test object 'Object Repository/Page Management/Page_Page Management  5-15/a_Editor' are matched.

2018-11-30 10:05:43 - [TEST_STEP][PASSED] - verifyElementText(findTestObject("Object Repository/Page Management/Page_Page Management  5-15/a_Raw"), "Raw"): Actual text and expected text of test object 'Object Repository/Page Management/Page_Page Management  5-15/a_Raw' are matched.

2018-11-30 10:05:43 - [MESSAGE][PASSED] - Actual text and expected text of test object 'Object Repository/Page Management/Page_Page Management  5-15/a_Raw' are matched.

2018-11-30 10:05:43 - [TEST_STEP][PASSED] - verifyElementText(findTestObject("Object Repository/Page Management/Page_Page Management  5-15/a_Preview"), "Preview"): Actual text and expected text of test object 'Object Repository/Page Management/Page_Page Management  5-15/a_Preview' are matched.

2018-11-30 10:05:43 - [MESSAGE][PASSED] - Actual text and expected text of test object 'Object Repository/Page Management/Page_Page Management  5-15/a_Preview' are matched.

2018-11-30 10:05:43 - [TEST_STEP][PASSED] - verifyElementText(findTestObject("Object Repository/Page Management/Page_Page Management  5-15/a_Update"), "Update"): Actual text and expected text of test object 'Object Repository/Page Management/Page_Page Management  5-15/a_Update' are matched.

2018-11-30 10:05:43 - [MESSAGE][PASSED] - Actual text and expected text of test object 'Object Repository/Page Management/Page_Page Management  5-15/a_Update' are matched.

2018-11-30 10:05:43 - [TEST_STEP][PASSED] - verifyElementText(findTestObject("Object Repository/Page Management/Page_Page Management  5-15/a_Publish"), "Publish"): Actual text and expected text of test object 'Object Repository/Page Management/Page_Page Management  5-15/a_Publish' are matched.

2018-11-30 10:05:43 - [MESSAGE][PASSED] - Actual text and expected text of test object 'Object Repository/Page Management/Page_Page Management  5-15/a_Publish' are matched.

2018-11-30 10:05:43 - [TEST_STEP][PASSED] - verifyElementText(findTestObject("Page Management/Page_Page Management  5-15/a_Cancel"), "Cancel"): Actual text and expected text of test object 'Object Repository/Page Management/Page_Page Management  5-15/a_Cancel' are matched.

2018-11-30 10:05:43 - [MESSAGE][PASSED] - Actual text and expected text of test object 'Object Repository/Page Management/Page_Page Management  5-15/a_Cancel' are matched.

2018-11-30 10:05:43 - [TEST_STEP][PASSED] - setText(findTestObject("Object Repository/Page Management/Page_Page Management  5-15/input_Page Name_pageName"), ""): Text '' is set on object 'Object Repository/Page Management/Page_Page Management  5-15/input_Page Name_pageName'

2018-11-30 10:05:43 - [MESSAGE][PASSED] - Text '' is set on object 'Object Repository/Page Management/Page_Page Management  5-15/input_Page Name_pageName'

2018-11-30 10:05:43 - [TEST_STEP][PASSED] - setText(findTestObject("Object Repository/Page Management/Page_Page Management  5-15/input_Website_website"), ""): Text '' is set on object 'Object Repository/Page Management/Page_Page Management  5-15/input_Website_website'

2018-11-30 10:05:43 - [MESSAGE][PASSED] - Text '' is set on object 'Object Repository/Page Management/Page_Page Management  5-15/input_Website_website'

2018-11-30 10:05:43 - [TEST_STEP][PASSED] - click(findTestObject("Object Repository/Page Management/Page_Page Management  5-15/a_Update")): Object: 'Object Repository/Page Management/Page_Page Management  5-15/a_Update' is clicked on

2018-11-30 10:05:43 - [MESSAGE][PASSED] - Object: 'Object Repository/Page Management/Page_Page Management  5-15/a_Update' is clicked on

2018-11-30 10:05:43 - [TEST_STEP][PASSED] - verifyElementText(findTestObject("Object Repository/Page Management/Page_Page Management  5-15/label_Page Name"), "Page Name"): Actual text and expected text of test object 'Object Repository/Page Management/Page_Page Management  5-15/label_Page Name' are matched.

2018-11-30 10:05:43 - [MESSAGE][PASSED] - Actual text and expected text of test object 'Object Repository/Page Management/Page_Page Management  5-15/label_Page Name' are matched.

2018-11-30 10:05:43 - [TEST_STEP][PASSED] - verifyElementText(findTestObject("Object Repository/Page Management/Page_Page Management  5-15/p_is required_5"), "is required"): Actual text and expected text of test object 'Object Repository/Page Management/Page_Page Management  5-15/p_is required_5' are matched.

2018-11-30 10:05:43 - [MESSAGE][PASSED] - Actual text and expected text of test object 'Object Repository/Page Management/Page_Page Management  5-15/p_is required_5' are matched.

2018-11-30 10:05:43 - [TEST_STEP][PASSED] - verifyElementText(findTestObject("Object Repository/Page Management/Page_Page Management  5-15/label_Website"), "Website"): Actual text and expected text of test object 'Object Repository/Page Management/Page_Page Management  5-15/label_Website' are matched.

2018-11-30 10:05:43 - [MESSAGE][PASSED] - Actual text and expected text of test object 'Object Repository/Page Management/Page_Page Management  5-15/label_Website' are matched.

2018-11-30 10:05:43 - [TEST_STEP][PASSED] - verifyElementText(findTestObject("Object Repository/Page Management/Page_Page Management  5-15/p_is required_6"), "is required"): Actual text and expected text of test object 'Object Repository/Page Management/Page_Page Management  5-15/p_is required_6' are matched.

2018-11-30 10:05:43 - [MESSAGE][PASSED] - Actual text and expected text of test object 'Object Repository/Page Management/Page_Page Management  5-15/p_is required_6' are matched.

2018-11-30 10:05:43 - [TEST_STEP][PASSED] - setText(findTestObject("Object Repository/Page Management/Page_Page Management  5-15/input_Page Name_pageName"), "Page11"): Text 'Page11' is set on object 'Object Repository/Page Management/Page_Page Management  5-15/input_Page Name_pageName'

2018-11-30 10:05:44 - [MESSAGE][PASSED] - Text 'Page11' is set on object 'Object Repository/Page Management/Page_Page Management  5-15/input_Page Name_pageName'

2018-11-30 10:05:44 - [TEST_STEP][PASSED] - setText(findTestObject("Object Repository/Page Management/Page_Page Management  5-15/input_Website_website"), "www.google.com"): Text 'www.google.com' is set on object 'Object Repository/Page Management/Page_Page Management  5-15/input_Website_website'

2018-11-30 10:05:44 - [MESSAGE][PASSED] - Text 'www.google.com' is set on object 'Object Repository/Page Management/Page_Page Management  5-15/input_Website_website'

2018-11-30 10:05:44 - [TEST_STEP][PASSED] - verifyElementText(findTestObject("Object Repository/Page Management/Page_Page Management  5-15/a_Update"), "Update"): Actual text and expected text of test object 'Object Repository/Page Management/Page_Page Management  5-15/a_Update' are matched.

2018-11-30 10:05:44 - [MESSAGE][PASSED] - Actual text and expected text of test object 'Object Repository/Page Management/Page_Page Management  5-15/a_Update' are matched.

2018-11-30 10:05:44 - [TEST_STEP][PASSED] - click(findTestObject("Object Repository/Page Management/Page_Page Management  5-15/a_Update")): Object: 'Object Repository/Page Management/Page_Page Management  5-15/a_Update' is clicked on

2018-11-30 10:05:44 - [MESSAGE][PASSED] - Object: 'Object Repository/Page Management/Page_Page Management  5-15/a_Update' is clicked on

2018-11-30 10:05:44 - [TEST_STEP][PASSED] - waitForElementPresent(findTestObject("Object Repository/Page Management/Page_Page Management  5-15/span_Updated successfully"), 0): Object 'Object Repository/Page Management/Page_Page Management  5-15/span_Updated successfully' is present

2018-11-30 10:05:44 - [MESSAGE][WARNING] - Timeout '0' is invalid. Using default page load timeout: '30'

2018-11-30 10:05:45 - [MESSAGE][PASSED] - Object 'Object Repository/Page Management/Page_Page Management  5-15/span_Updated successfully' is present

2018-11-30 10:05:45 - [TEST_STEP][PASSED] - verifyElementText(findTestObject("Object Repository/Page Management/Page_Page Management  5-15/span_Updated successfully"), "Updated successfully"): Actual text and expected text of test object 'Object Repository/Page Management/Page_Page Management  5-15/span_Updated successfully' are matched.

2018-11-30 10:05:45 - [MESSAGE][PASSED] - Actual text and expected text of test object 'Object Repository/Page Management/Page_Page Management  5-15/span_Updated successfully' are matched.

2018-11-30 10:05:45 - [TEST_STEP][PASSED] - click(findTestObject("Page Management/Page_Page Management  5-15/Icon-edit-button")): Object: 'Object Repository/Page Management/Page_Page Management  5-15/Icon-edit-button' is clicked on

2018-11-30 10:05:48 - [MESSAGE][PASSED] - Object: 'Object Repository/Page Management/Page_Page Management  5-15/Icon-edit-button' is clicked on

2018-11-30 10:05:48 - [TEST_STEP][PASSED] - verifyElementText(findTestObject("Object Repository/Page Management/Page_Page Management  5-15/a_Publish"), "Publish"): Actual text and expected text of test object 'Object Repository/Page Management/Page_Page Management  5-15/a_Publish' are matched.

2018-11-30 10:05:48 - [MESSAGE][PASSED] - Actual text and expected text of test object 'Object Repository/Page Management/Page_Page Management  5-15/a_Publish' are matched.

2018-11-30 10:05:48 - [TEST_STEP][PASSED] - click(findTestObject("Object Repository/Page Management/Page_Page Management  5-15/a_Publish"), STOP_ON_FAILURE): Object: 'Object Repository/Page Management/Page_Page Management  5-15/a_Publish' is clicked on

2018-11-30 10:05:48 - [MESSAGE][PASSED] - Object: 'Object Repository/Page Management/Page_Page Management  5-15/a_Publish' is clicked on

2018-11-30 10:05:48 - [TEST_STEP][PASSED] - waitForElementPresent(findTestObject("Object Repository/Page Management/Page_Page Management  5-15/span_Published successfully"), 0): Object 'Object Repository/Page Management/Page_Page Management  5-15/span_Published successfully' is present

2018-11-30 10:05:48 - [MESSAGE][WARNING] - Timeout '0' is invalid. Using default page load timeout: '30'

2018-11-30 10:05:50 - [MESSAGE][PASSED] - Object 'Object Repository/Page Management/Page_Page Management  5-15/span_Published successfully' is present

2018-11-30 10:05:50 - [TEST_STEP][PASSED] - verifyElementText(findTestObject("Object Repository/Page Management/Page_Page Management  5-15/span_Published successfully"), "Published successfully"): Actual text and expected text of test object 'Object Repository/Page Management/Page_Page Management  5-15/span_Published successfully' are matched.

2018-11-30 10:05:50 - [MESSAGE][PASSED] - Actual text and expected text of test object 'Object Repository/Page Management/Page_Page Management  5-15/span_Published successfully' are matched.

2018-11-30 10:05:50 - [TEST_STEP][PASSED] - delay(5): Delayed 5 second(s)

2018-11-30 10:05:55 - [MESSAGE][PASSED] - Delayed 5 second(s)

2018-11-30 10:05:55 - [TEST_STEP][PASSED] - click(findTestObject("Page Management/Page_Page Management  5-15/Icon-edit-button")): Object: 'Object Repository/Page Management/Page_Page Management  5-15/Icon-edit-button' is clicked on

2018-11-30 10:05:55 - [MESSAGE][PASSED] - Object: 'Object Repository/Page Management/Page_Page Management  5-15/Icon-edit-button' is clicked on

2018-11-30 10:05:55 - [TEST_STEP][PASSED] - verifyElementText(findTestObject("Object Repository/Page Management/Page_Page Management  5-15/span_Cancel"), "Cancel"): Actual text and expected text of test object 'Object Repository/Page Management/Page_Page Management  5-15/span_Cancel' are matched.

2018-11-30 10:05:56 - [MESSAGE][PASSED] - Actual text and expected text of test object 'Object Repository/Page Management/Page_Page Management  5-15/span_Cancel' are matched.]]></system-out>
         <system-err><![CDATA[]]></system-err>
      </testcase>
      <testcase name="Test Cases/Associate Application/Page Management/TCBA02106" classname="Test Cases/Associate Application/Page Management/TCBA02106" status="PASSED">
         <system-out><![CDATA[2018-11-30 10:05:56 - [TEST_CASE][PASSED] - Test Cases/Associate Application/Page Management/TCBA02106: Test Cases/Associate Application/Page Management/TCBA02106

2018-11-30 10:05:56 - [TEST_STEP][PASSED] - PageName = getAttribute(findTestObject("Object Repository/Page Management/Page_Page Management  5-15/input_Page Name_pageName"), "value"): Attribute 'value' of object 'Object Repository/Page Management/Page_Page Management  5-15/input_Page Name_pageName' is: 'Page11'

2018-11-30 10:05:56 - [MESSAGE][PASSED] - Attribute 'value' of object 'Object Repository/Page Management/Page_Page Management  5-15/input_Page Name_pageName' is: 'Page11'

2018-11-30 10:05:56 - [TEST_STEP][PASSED] - verifyMatch("Page11", PageName, false): Actual text 'Page11' and expected text 'Page11' are matched 

2018-11-30 10:05:56 - [MESSAGE][PASSED] - Actual text 'Page11' and expected text 'Page11' are matched 

2018-11-30 10:05:56 - [TEST_STEP][PASSED] - Code = getAttribute(findTestObject("Object Repository/Page Management/Page_Page Management  5-15/input_Code_code"), "value"): Attribute 'value' of object 'Object Repository/Page Management/Page_Page Management  5-15/input_Code_code' is: 'CODE10'

2018-11-30 10:05:56 - [MESSAGE][PASSED] - Attribute 'value' of object 'Object Repository/Page Management/Page_Page Management  5-15/input_Code_code' is: 'CODE10'

2018-11-30 10:05:56 - [TEST_STEP][PASSED] - verifyMatch("CODE10", Code, false): Actual text 'CODE10' and expected text 'CODE10' are matched 

2018-11-30 10:05:56 - [MESSAGE][PASSED] - Actual text 'CODE10' and expected text 'CODE10' are matched 

2018-11-30 10:05:56 - [TEST_STEP][PASSED] - Language = getAttribute(findTestObject("Object Repository/Page Management/Page_Page Management  5-15/select_Select Language"), "value", STOP_ON_FAILURE): Attribute 'value' of object 'Object Repository/Page Management/Page_Page Management  5-15/select_Select Language' is: 'English'

2018-11-30 10:05:56 - [MESSAGE][PASSED] - Attribute 'value' of object 'Object Repository/Page Management/Page_Page Management  5-15/select_Select Language' is: 'English'

2018-11-30 10:05:56 - [TEST_STEP][PASSED] - verifyMatch("English", Language, false): Actual text 'English' and expected text 'English' are matched 

2018-11-30 10:05:56 - [MESSAGE][PASSED] - Actual text 'English' and expected text 'English' are matched 

2018-11-30 10:05:56 - [TEST_STEP][PASSED] - Website = getAttribute(findTestObject("Object Repository/Page Management/Page_Page Management  5-15/input_Website_website"), "value"): Attribute 'value' of object 'Object Repository/Page Management/Page_Page Management  5-15/input_Website_website' is: 'www.google.com'

2018-11-30 10:05:56 - [MESSAGE][PASSED] - Attribute 'value' of object 'Object Repository/Page Management/Page_Page Management  5-15/input_Website_website' is: 'www.google.com'

2018-11-30 10:05:56 - [TEST_STEP][PASSED] - verifyMatch("www.google.com", Website, false): Actual text 'www.google.com' and expected text 'www.google.com' are matched 

2018-11-30 10:05:56 - [MESSAGE][PASSED] - Actual text 'www.google.com' and expected text 'www.google.com' are matched]]></system-out>
         <system-err><![CDATA[]]></system-err>
      </testcase>
      <testcase name="Test Cases/Associate Application/Page Management/TCBA02107" classname="Test Cases/Associate Application/Page Management/TCBA02107" status="PASSED">
         <system-out><![CDATA[2018-11-30 10:05:56 - [TEST_CASE][PASSED] - Test Cases/Associate Application/Page Management/TCBA02107: Test Cases/Associate Application/Page Management/TCBA02107

2018-11-30 10:05:56 - [TEST_STEP][PASSED] - verifyElementHasAttribute(findTestObject("Object Repository/Page Management/Page_Page Management  5-15/input_Code_code"), "disabled", 0): Object 'Object Repository/Page Management/Page_Page Management  5-15/input_Code_code' has attribute 'disabled'

2018-11-30 10:05:56 - [MESSAGE][WARNING] - Timeout '0' is invalid. Using default page load timeout: '30'

2018-11-30 10:05:56 - [MESSAGE][PASSED] - Object 'Object Repository/Page Management/Page_Page Management  5-15/input_Code_code' has attribute 'disabled'

2018-11-30 10:05:56 - [TEST_STEP][PASSED] - verifyElementHasAttribute(findTestObject("Object Repository/Page Management/Page_Page Management  5-15/select_Select Language"), "disabled", 0): Object 'Object Repository/Page Management/Page_Page Management  5-15/select_Select Language' has attribute 'disabled'

2018-11-30 10:05:56 - [MESSAGE][WARNING] - Timeout '0' is invalid. Using default page load timeout: '30'

2018-11-30 10:05:56 - [MESSAGE][PASSED] - Object 'Object Repository/Page Management/Page_Page Management  5-15/select_Select Language' has attribute 'disabled'

2018-11-30 10:05:56 - [TEST_STEP][PASSED] - click(findTestObject("Object Repository/Page Management/Page_Page Management  5-15/span_Cancel")): Object: 'Object Repository/Page Management/Page_Page Management  5-15/span_Cancel' is clicked on

2018-11-30 10:05:56 - [MESSAGE][PASSED] - Object: 'Object Repository/Page Management/Page_Page Management  5-15/span_Cancel' is clicked on

2018-11-30 10:05:56 - [TEST_STEP][PASSED] - click(findTestObject("Smoke_Test/Page_My Associates  5-15/Select Home")): Object: 'Object Repository/Smoke_Test/Page_My Associates  5-15/Select Home' is clicked on

2018-11-30 10:05:56 - [MESSAGE][PASSED] - Object: 'Object Repository/Smoke_Test/Page_My Associates  5-15/Select Home' is clicked on]]></system-out>
         <system-err><![CDATA[]]></system-err>
      </testcase>
      <testcase name="Test Cases/Associate Application/Page Management/TCBA02108" classname="Test Cases/Associate Application/Page Management/TCBA02108" status="PASSED">
         <system-out><![CDATA[2018-11-30 10:05:56 - [TEST_CASE][PASSED] - Test Cases/Associate Application/Page Management/TCBA02108: Test Cases/Associate Application/Page Management/TCBA02108

2018-11-30 10:05:56 - [TEST_STEP][PASSED] - click(findTestObject("Object Repository/Edit Profile/Page_Home  5-15/span_Shinto-Test")): Object: 'Object Repository/Edit Profile/Page_Home  5-15/span_Shinto-Test' is clicked on

2018-11-30 10:05:56 - [MESSAGE][PASSED] - Object: 'Object Repository/Edit Profile/Page_Home  5-15/span_Shinto-Test' is clicked on

2018-11-30 10:05:56 - [TEST_STEP][PASSED] - verifyElementText(findTestObject("Object Repository/Edit Profile/Page_Home  5-15/span_Log Off"), "Log Off"): Actual text and expected text of test object 'Object Repository/Edit Profile/Page_Home  5-15/span_Log Off' are matched.

2018-11-30 10:05:56 - [MESSAGE][PASSED] - Actual text and expected text of test object 'Object Repository/Edit Profile/Page_Home  5-15/span_Log Off' are matched.

2018-11-30 10:05:56 - [TEST_STEP][PASSED] - click(findTestObject("Object Repository/Edit Profile/Page_Home  5-15/span_Log Off")): Object: 'Object Repository/Edit Profile/Page_Home  5-15/span_Log Off' is clicked on

2018-11-30 10:05:56 - [MESSAGE][PASSED] - Object: 'Object Repository/Edit Profile/Page_Home  5-15/span_Log Off' is clicked on]]></system-out>
         <system-err><![CDATA[]]></system-err>
      </testcase>
      <system-out><![CDATA[2018-11-30 10:05:16 - [TEST_SUITE][PASSED] - VBZ0020-Page Management: Test Cases/Associate Application/Page Management/TCBA02108]]></system-out>
      <system-err><![CDATA[]]></system-err>
   </testsuite>
</testsuites>
