<?xml version="1.0" encoding="UTF-8"?>
<testsuites name="VBZ0022-Role Management" time="40" tests="7" failures="0" errors="0">
   <testsuite name="VBZ0022-Role Management" tests="7" failures="0" errors="0" time="40" timestamp="2018-11-26 19:10:22" hostname="shinto - Vofox-Shinto.vofox.com" id="Test Suites/VBZ0022-Role Management">
      <properties>
         <property name="deviceName" value=""/>
         <property name="devicePlatform" value=""/>
         <property name="logFolder" value="F:\\VofoxQA\\Bonanza\\BonanzaKatalon\\Reports\\VBZ0022-Role Management\\20181126_191019"/>
         <property name="logFiles" value="F:\\VofoxQA\\Bonanza\\BonanzaKatalon\\Reports\\VBZ0022-Role Management\\20181126_191019\\execution0.log"/>
         <property name="attachments" value=""/>
         <property name="hostName" value="shinto - Vofox-Shinto.vofox.com"/>
         <property name="os" value="Windows 10 32bit"/>
         <property name="katalonVersion" value="5.8.0.1"/>
         <property name="browser" value="Chrome 70.0.3538.102"/>
         <property name="hostAddress" value="192.168.10.134"/>
         <property name="sessionId" value="ad061345d575df6580cdbb8ff703aad9"/>
         <property name="seleniumVersion" value="3.7.1"/>
         <property name="proxyInformation" value="ProxyInformation{proxyOption=NO_PROXY, proxyServerType=HTTP, password=, proxyServerAddress=, proxyServerPort=0}"/>
         <property name="platform" value="Windows 10"/>
      </properties>
      <testcase name="Test Cases/Associate Application/Role Management/TCBA02401" classname="Test Cases/Associate Application/Role Management/TCBA02401" status="PASSED">
         <system-out><![CDATA[2018-11-26 19:10:22 - [TEST_CASE][PASSED] - Test Cases/Associate Application/Role Management/TCBA02401: Test Cases/Associate Application/Role Management/TCBA02401

2018-11-26 19:10:23 - [TEST_STEP][PASSED] - callTestCase: Call Test Case 'Test Cases/Associate Application/Associate Login/TCBA01008' successfully

2018-11-26 19:10:23 - [TEST_CASE][PASSED] - Test Cases/Associate Application/Associate Login/TCBA01008: Test Cases/Associate Application/Associate Login/TCBA01008

2018-11-26 19:10:23 - [TEST_STEP][PASSED] - openBrowser: Browser is opened with url: ''

2018-11-26 19:10:26 - [MESSAGE][PASSED] - Browser is opened with url: ''

2018-11-26 19:10:26 - [TEST_STEP][PASSED] - maximizeWindow: Current window maximized

2018-11-26 19:10:28 - [MESSAGE][PASSED] - Current window maximized

2018-11-26 19:10:28 - [TEST_STEP][PASSED] - navigateToUrl: Navigate to 'https://192.168.10.72/#/login' successfully

2018-11-26 19:10:31 - [MESSAGE][PASSED] - Navigate to 'https://192.168.10.72/#/login' successfully

2018-11-26 19:10:31 - [TEST_STEP][PASSED] - setText: Text 'Shinto-Test' is set on object 'Object Repository/Page_Log In  5-15/input_txtUserName'

2018-11-26 19:10:32 - [MESSAGE][PASSED] - Text 'Shinto-Test' is set on object 'Object Repository/Page_Log In  5-15/input_txtUserName'

2018-11-26 19:10:32 - [TEST_STEP][PASSED] - setEncryptedText: Text ****** has been set on object 'Object Repository/Page_Log In  5-15/input_txtPassword'

2018-11-26 19:10:33 - [MESSAGE][PASSED] - Text ****** has been set on object 'Object Repository/Page_Log In  5-15/input_txtPassword'

2018-11-26 19:10:33 - [TEST_STEP][PASSED] - click: Object: 'Object Repository/Page_Log In  5-15/button_Log in' is clicked on

2018-11-26 19:10:33 - [MESSAGE][PASSED] - Object: 'Object Repository/Page_Log In  5-15/button_Log in' is clicked on

2018-11-26 19:10:33 - [TEST_STEP][PASSED] - verifyElementText: Actual text and expected text of test object 'Object Repository/Change Password/Page_Home  5-15/span_My Title' are matched.

2018-11-26 19:10:36 - [MESSAGE][PASSED] - Actual text and expected text of test object 'Object Repository/Change Password/Page_Home  5-15/span_My Title' are matched.

2018-11-26 19:10:36 - [MESSAGE][PASSED] - Call Test Case 'Test Cases/Associate Application/Associate Login/TCBA01008' successfully

2018-11-26 19:10:36 - [TEST_STEP][PASSED] - verifyElementText: Actual text and expected text of test object 'Object Repository/Role Management/Page_Home  5-15/span_Role Management' are matched.

2018-11-26 19:10:36 - [MESSAGE][PASSED] - Actual text and expected text of test object 'Object Repository/Role Management/Page_Home  5-15/span_Role Management' are matched.]]></system-out>
         <system-err><![CDATA[]]></system-err>
      </testcase>
      <testcase name="Test Cases/Associate Application/Role Management/TCBA02402" classname="Test Cases/Associate Application/Role Management/TCBA02402" status="PASSED">
         <system-out><![CDATA[2018-11-26 19:10:36 - [TEST_CASE][PASSED] - Test Cases/Associate Application/Role Management/TCBA02402: Test Cases/Associate Application/Role Management/TCBA02402

2018-11-26 19:10:37 - [TEST_STEP][PASSED] - click: Object: 'Object Repository/Role Management/Page_Role Management  5-15/span_Role Management' is clicked on

2018-11-26 19:10:37 - [MESSAGE][PASSED] - Object: 'Object Repository/Role Management/Page_Role Management  5-15/span_Role Management' is clicked on

2018-11-26 19:10:37 - [TEST_STEP][PASSED] - verifyElementText: Actual text and expected text of test object 'Object Repository/Role Management/Page_Home  5-15/span_Role Management' are matched.

2018-11-26 19:10:37 - [MESSAGE][PASSED] - Actual text and expected text of test object 'Object Repository/Role Management/Page_Home  5-15/span_Role Management' are matched.

2018-11-26 19:10:37 - [TEST_STEP][PASSED] - verifyElementText: Actual text and expected text of test object 'Object Repository/Role Management/Page_Role Management  5-15/h3_Filter users' are matched.

2018-11-26 19:10:37 - [MESSAGE][PASSED] - Actual text and expected text of test object 'Object Repository/Role Management/Page_Role Management  5-15/h3_Filter users' are matched.

2018-11-26 19:10:37 - [TEST_STEP][PASSED] - verifyElementText: Actual text and expected text of test object 'Object Repository/Role Management/Page_Role Management  5-15/label_Email' are matched.

2018-11-26 19:10:37 - [MESSAGE][PASSED] - Actual text and expected text of test object 'Object Repository/Role Management/Page_Role Management  5-15/label_Email' are matched.

2018-11-26 19:10:37 - [TEST_STEP][PASSED] - verifyElementText: Actual text and expected text of test object 'Object Repository/Role Management/Page_Role Management  5-15/label_User Name' are matched.

2018-11-26 19:10:38 - [MESSAGE][PASSED] - Actual text and expected text of test object 'Object Repository/Role Management/Page_Role Management  5-15/label_User Name' are matched.

2018-11-26 19:10:38 - [TEST_STEP][PASSED] - verifyElementText: Actual text and expected text of test object 'Object Repository/Role Management/Page_Role Management  5-15/span_FILTER' are matched.

2018-11-26 19:10:38 - [MESSAGE][PASSED] - Actual text and expected text of test object 'Object Repository/Role Management/Page_Role Management  5-15/span_FILTER' are matched.

2018-11-26 19:10:38 - [TEST_STEP][PASSED] - verifyElementText: Actual text and expected text of test object 'Object Repository/Role Management/Page_Role Management  5-15/h3_User Details' are matched.

2018-11-26 19:10:38 - [MESSAGE][PASSED] - Actual text and expected text of test object 'Object Repository/Role Management/Page_Role Management  5-15/h3_User Details' are matched.

2018-11-26 19:10:38 - [TEST_STEP][PASSED] - verifyElementText: Actual text and expected text of test object 'Object Repository/Role Management/Page_Role Management  5-15/div_First Name' are matched.

2018-11-26 19:10:38 - [MESSAGE][PASSED] - Actual text and expected text of test object 'Object Repository/Role Management/Page_Role Management  5-15/div_First Name' are matched.

2018-11-26 19:10:38 - [TEST_STEP][PASSED] - verifyElementText: Actual text and expected text of test object 'Object Repository/Role Management/Page_Role Management  5-15/div_Last Name' are matched.

2018-11-26 19:10:38 - [MESSAGE][PASSED] - Actual text and expected text of test object 'Object Repository/Role Management/Page_Role Management  5-15/div_Last Name' are matched.

2018-11-26 19:10:38 - [TEST_STEP][PASSED] - verifyElementText: Actual text and expected text of test object 'Object Repository/Role Management/Page_Role Management  5-15/div_Email' are matched.

2018-11-26 19:10:38 - [MESSAGE][PASSED] - Actual text and expected text of test object 'Object Repository/Role Management/Page_Role Management  5-15/div_Email' are matched.

2018-11-26 19:10:38 - [TEST_STEP][PASSED] - verifyElementText: Actual text and expected text of test object 'Object Repository/Role Management/Page_Role Management  5-15/div_User Name' are matched.

2018-11-26 19:10:38 - [MESSAGE][PASSED] - Actual text and expected text of test object 'Object Repository/Role Management/Page_Role Management  5-15/div_User Name' are matched.

2018-11-26 19:10:38 - [TEST_STEP][PASSED] - verifyElementText: Actual text and expected text of test object 'Object Repository/Role Management/Page_Role Management  5-15/div_Inactive Date' are matched.

2018-11-26 19:10:38 - [MESSAGE][PASSED] - Actual text and expected text of test object 'Object Repository/Role Management/Page_Role Management  5-15/div_Inactive Date' are matched.

2018-11-26 19:10:38 - [TEST_STEP][PASSED] - verifyElementText: Actual text and expected text of test object 'Object Repository/Role Management/Page_Role Management  5-15/div_Roles' are matched.

2018-11-26 19:10:38 - [MESSAGE][PASSED] - Actual text and expected text of test object 'Object Repository/Role Management/Page_Role Management  5-15/div_Roles' are matched.

2018-11-26 19:10:38 - [TEST_STEP][PASSED] - verifyElementText: Actual text and expected text of test object 'Object Repository/Role Management/Page_Role Management  5-15/div_Edit Roles' are matched.

2018-11-26 19:10:38 - [MESSAGE][PASSED] - Actual text and expected text of test object 'Object Repository/Role Management/Page_Role Management  5-15/div_Edit Roles' are matched.]]></system-out>
         <system-err><![CDATA[]]></system-err>
      </testcase>
      <testcase name="Test Cases/Associate Application/Role Management/TCBA02403" classname="Test Cases/Associate Application/Role Management/TCBA02403" status="PASSED">
         <system-out><![CDATA[2018-11-26 19:10:38 - [TEST_CASE][PASSED] - Test Cases/Associate Application/Role Management/TCBA02403: Test Cases/Associate Application/Role Management/TCBA02403

2018-11-26 19:10:38 - [TEST_STEP][PASSED] - setText: Text '121212' is set on object 'Object Repository/Role Management/Page_Role Management  5-15/input_Email_txtEmail'

2018-11-26 19:10:39 - [MESSAGE][PASSED] - Text '121212' is set on object 'Object Repository/Role Management/Page_Role Management  5-15/input_Email_txtEmail'

2018-11-26 19:10:39 - [TEST_STEP][PASSED] - setText: Text '12121212' is set on object 'Object Repository/Role Management/Page_Role Management  5-15/input_User Name_txtUserName'

2018-11-26 19:10:39 - [MESSAGE][PASSED] - Text '12121212' is set on object 'Object Repository/Role Management/Page_Role Management  5-15/input_User Name_txtUserName'

2018-11-26 19:10:39 - [TEST_STEP][PASSED] - click: Object: 'Object Repository/Role Management/Page_Role Management  5-15/span_FILTER' is clicked on

2018-11-26 19:10:39 - [MESSAGE][PASSED] - Object: 'Object Repository/Role Management/Page_Role Management  5-15/span_FILTER' is clicked on

2018-11-26 19:10:39 - [TEST_STEP][PASSED] - verifyElementText: Actual text and expected text of test object 'Object Repository/Role Management/Page_Role Management  5-15/td_No records to display' are matched.

2018-11-26 19:10:39 - [MESSAGE][PASSED] - Actual text and expected text of test object 'Object Repository/Role Management/Page_Role Management  5-15/td_No records to display' are matched.

2018-11-26 19:10:39 - [TEST_STEP][PASSED] - setText: Text '' is set on object 'Object Repository/Role Management/Page_Role Management  5-15/input_Email_txtEmail'

2018-11-26 19:10:40 - [MESSAGE][PASSED] - Text '' is set on object 'Object Repository/Role Management/Page_Role Management  5-15/input_Email_txtEmail'

2018-11-26 19:10:40 - [TEST_STEP][PASSED] - setText: Text '' is set on object 'Object Repository/Role Management/Page_Role Management  5-15/input_User Name_txtUserName'

2018-11-26 19:10:40 - [MESSAGE][PASSED] - Text '' is set on object 'Object Repository/Role Management/Page_Role Management  5-15/input_User Name_txtUserName'

2018-11-26 19:10:40 - [TEST_STEP][PASSED] - click: Object: 'Object Repository/Role Management/Page_Role Management  5-15/span_FILTER' is clicked on

2018-11-26 19:10:40 - [MESSAGE][PASSED] - Object: 'Object Repository/Role Management/Page_Role Management  5-15/span_FILTER' is clicked on

2018-11-26 19:10:40 - [TEST_STEP][PASSED] - verifyElementText: Actual text and expected text of test object 'Object Repository/Role Management/Page_Role Management  5-15/label_You must enter at least' are matched.

2018-11-26 19:10:40 - [MESSAGE][PASSED] - Actual text and expected text of test object 'Object Repository/Role Management/Page_Role Management  5-15/label_You must enter at least' are matched.]]></system-out>
         <system-err><![CDATA[]]></system-err>
      </testcase>
      <testcase name="Test Cases/Associate Application/Role Management/TCBA02404" classname="Test Cases/Associate Application/Role Management/TCBA02404" status="PASSED">
         <system-out><![CDATA[2018-11-26 19:10:40 - [TEST_CASE][PASSED] - Test Cases/Associate Application/Role Management/TCBA02404: Test Cases/Associate Application/Role Management/TCBA02404

2018-11-26 19:10:41 - [TEST_STEP][PASSED] - setText: Text 'shinto@vofoxsolutions.com' is set on object 'Object Repository/Role Management/Page_Role Management  5-15/input_Email_txtEmail'

2018-11-26 19:10:41 - [MESSAGE][PASSED] - Text 'shinto@vofoxsolutions.com' is set on object 'Object Repository/Role Management/Page_Role Management  5-15/input_Email_txtEmail'

2018-11-26 19:10:41 - [TEST_STEP][PASSED] - click: Object: 'Object Repository/Role Management/Page_Role Management  5-15/span_FILTER' is clicked on

2018-11-26 19:10:41 - [MESSAGE][PASSED] - Object: 'Object Repository/Role Management/Page_Role Management  5-15/span_FILTER' is clicked on

2018-11-26 19:10:41 - [TEST_STEP][PASSED] - waitForElementPresent: Object 'Object Repository/Role Management/Page_Role Management  5-15/h3_User Details' is present

2018-11-26 19:10:41 - [MESSAGE][PASSED] - Object 'Object Repository/Role Management/Page_Role Management  5-15/h3_User Details' is present

2018-11-26 19:10:41 - [TEST_STEP][PASSED] - verifyElementVisible: Object 'Object Repository/Role Management/Page_Role Management  5-15/div_...12345678...' is visible

2018-11-26 19:10:41 - [MESSAGE][PASSED] - Object 'Object Repository/Role Management/Page_Role Management  5-15/div_...12345678...' is visible

2018-11-26 19:10:41 - [TEST_STEP][PASSED] - verifyElementVisible: Object 'Object Repository/Role Management/Page_Role Management  5-15/div_1 of 6 pages (51 items)' is visible

2018-11-26 19:10:41 - [MESSAGE][PASSED] - Object 'Object Repository/Role Management/Page_Role Management  5-15/div_1 of 6 pages (51 items)' is visible]]></system-out>
         <system-err><![CDATA[]]></system-err>
      </testcase>
      <testcase name="Test Cases/Associate Application/Role Management/TCBA02405" classname="Test Cases/Associate Application/Role Management/TCBA02405" status="PASSED">
         <system-out><![CDATA[2018-11-26 19:10:41 - [TEST_CASE][PASSED] - Test Cases/Associate Application/Role Management/TCBA02405: Test Cases/Associate Application/Role Management/TCBA02405

2018-11-26 19:10:41 - [TEST_STEP][PASSED] - setText: Text '' is set on object 'Object Repository/Role Management/Page_Role Management  5-15/input_Email_txtEmail'

2018-11-26 19:10:42 - [MESSAGE][PASSED] - Text '' is set on object 'Object Repository/Role Management/Page_Role Management  5-15/input_Email_txtEmail'

2018-11-26 19:10:42 - [TEST_STEP][PASSED] - setText: Text 'prasanth.gk@vofoxsolutions.com' is set on object 'Object Repository/Role Management/Page_Role Management  5-15/input_Email_txtEmail'

2018-11-26 19:10:42 - [MESSAGE][PASSED] - Text 'prasanth.gk@vofoxsolutions.com' is set on object 'Object Repository/Role Management/Page_Role Management  5-15/input_Email_txtEmail'

2018-11-26 19:10:42 - [TEST_STEP][PASSED] - setText: Text 'Dennis-Test' is set on object 'Object Repository/Role Management/Page_Role Management  5-15/input_User Name_txtUserName'

2018-11-26 19:10:42 - [MESSAGE][PASSED] - Text 'Dennis-Test' is set on object 'Object Repository/Role Management/Page_Role Management  5-15/input_User Name_txtUserName'

2018-11-26 19:10:42 - [TEST_STEP][PASSED] - click: Object: 'Object Repository/Role Management/Page_Role Management  5-15/span_FILTER' is clicked on

2018-11-26 19:10:42 - [MESSAGE][PASSED] - Object: 'Object Repository/Role Management/Page_Role Management  5-15/span_FILTER' is clicked on

2018-11-26 19:10:42 - [TEST_STEP][PASSED] - delay: Delayed 4 second(s)

2018-11-26 19:10:46 - [MESSAGE][PASSED] - Delayed 4 second(s)

2018-11-26 19:10:46 - [TEST_STEP][PASSED] - click: Object: 'Object Repository/Role Management/Page_Role Management  5-15/span_Shintokk_icon-edit-underl' is clicked on

2018-11-26 19:10:47 - [MESSAGE][PASSED] - Object: 'Object Repository/Role Management/Page_Role Management  5-15/span_Shintokk_icon-edit-underl' is clicked on

2018-11-26 19:10:47 - [TEST_STEP][PASSED] - verifyElementText: Actual text and expected text of test object 'Object Repository/Role Management/Page_Role Management  5-15/span_Role Management' are matched.

2018-11-26 19:10:47 - [MESSAGE][PASSED] - Actual text and expected text of test object 'Object Repository/Role Management/Page_Role Management  5-15/span_Role Management' are matched.

2018-11-26 19:10:47 - [TEST_STEP][PASSED] - verifyElementText: Actual text and expected text of test object 'Object Repository/Role Management/Page_Role Management  5-15/h3_Filter users' are matched.

2018-11-26 19:10:47 - [MESSAGE][PASSED] - Actual text and expected text of test object 'Object Repository/Role Management/Page_Role Management  5-15/h3_Filter users' are matched.

2018-11-26 19:10:47 - [TEST_STEP][PASSED] - verifyElementText: Actual text and expected text of test object 'Object Repository/Role Management/Page_Role Management  5-15/span_Edit  Roles of' are matched.

2018-11-26 19:10:47 - [MESSAGE][PASSED] - Actual text and expected text of test object 'Object Repository/Role Management/Page_Role Management  5-15/span_Edit  Roles of' are matched.

2018-11-26 19:10:47 - [TEST_STEP][PASSED] - verifyElementText: Actual text and expected text of test object 'Object Repository/Role Management/Page_Role Management  5-15/span_Shintokk' are matched.

2018-11-26 19:10:47 - [MESSAGE][PASSED] - Actual text and expected text of test object 'Object Repository/Role Management/Page_Role Management  5-15/span_Shintokk' are matched.

2018-11-26 19:10:47 - [TEST_STEP][PASSED] - verifyElementText: Actual text and expected text of test object 'Object Repository/Role Management/Page_Role Management  5-15/label_Associate' are matched.

2018-11-26 19:10:47 - [MESSAGE][PASSED] - Actual text and expected text of test object 'Object Repository/Role Management/Page_Role Management  5-15/label_Associate' are matched.

2018-11-26 19:10:47 - [TEST_STEP][PASSED] - verifyElementText: Actual text and expected text of test object 'Object Repository/Role Management/Page_Role Management  5-15/label_Editor' are matched.

2018-11-26 19:10:47 - [MESSAGE][PASSED] - Actual text and expected text of test object 'Object Repository/Role Management/Page_Role Management  5-15/label_Editor' are matched.

2018-11-26 19:10:47 - [TEST_STEP][PASSED] - verifyElementText: Actual text and expected text of test object 'Object Repository/Role Management/Page_Role Management  5-15/label_CustomerService' are matched.

2018-11-26 19:10:47 - [MESSAGE][PASSED] - Actual text and expected text of test object 'Object Repository/Role Management/Page_Role Management  5-15/label_CustomerService' are matched.

2018-11-26 19:10:47 - [TEST_STEP][PASSED] - verifyElementText: Actual text and expected text of test object 'Object Repository/Role Management/Page_Role Management  5-15/label_Admin' are matched.

2018-11-26 19:10:47 - [MESSAGE][PASSED] - Actual text and expected text of test object 'Object Repository/Role Management/Page_Role Management  5-15/label_Admin' are matched.

2018-11-26 19:10:47 - [TEST_STEP][PASSED] - verifyElementText: Actual text and expected text of test object 'Object Repository/Role Management/Page_Role Management  5-15/label_Customer' are matched.

2018-11-26 19:10:47 - [MESSAGE][PASSED] - Actual text and expected text of test object 'Object Repository/Role Management/Page_Role Management  5-15/label_Customer' are matched.

2018-11-26 19:10:47 - [TEST_STEP][PASSED] - verifyElementText: Actual text and expected text of test object 'Object Repository/Role Management/Page_Role Management  5-15/label_Execs' are matched.

2018-11-26 19:10:47 - [MESSAGE][PASSED] - Actual text and expected text of test object 'Object Repository/Role Management/Page_Role Management  5-15/label_Execs' are matched.

2018-11-26 19:10:47 - [TEST_STEP][PASSED] - verifyElementText: Actual text and expected text of test object 'Object Repository/Role Management/Page_Role Management  5-15/button_Save' are matched.

2018-11-26 19:10:48 - [MESSAGE][PASSED] - Actual text and expected text of test object 'Object Repository/Role Management/Page_Role Management  5-15/button_Save' are matched.

2018-11-26 19:10:48 - [TEST_STEP][PASSED] - verifyElementText: Actual text and expected text of test object 'Object Repository/Role Management/Page_Role Management  5-15/button_Cancel' are matched.

2018-11-26 19:10:48 - [MESSAGE][PASSED] - Actual text and expected text of test object 'Object Repository/Role Management/Page_Role Management  5-15/button_Cancel' are matched.]]></system-out>
         <system-err><![CDATA[]]></system-err>
      </testcase>
      <testcase name="Test Cases/Associate Application/Role Management/TCBA02406" classname="Test Cases/Associate Application/Role Management/TCBA02406" status="PASSED">
         <system-out><![CDATA[2018-11-26 19:10:48 - [TEST_CASE][PASSED] - Test Cases/Associate Application/Role Management/TCBA02406: Test Cases/Associate Application/Role Management/TCBA02406

2018-11-26 19:10:48 - [TEST_STEP][PASSED] - click: Object: 'Object Repository/Role Management/Page_Role Management  5-15/input_Customer_cls-checkbox au' is clicked on

2018-11-26 19:10:48 - [MESSAGE][PASSED] - Object: 'Object Repository/Role Management/Page_Role Management  5-15/input_Customer_cls-checkbox au' is clicked on

2018-11-26 19:10:48 - [TEST_STEP][PASSED] - click: Object: 'Object Repository/Role Management/Page_Role Management  5-15/input_Execs_cls-checkbox au-ta' is clicked on

2018-11-26 19:10:48 - [MESSAGE][PASSED] - Object: 'Object Repository/Role Management/Page_Role Management  5-15/input_Execs_cls-checkbox au-ta' is clicked on

2018-11-26 19:10:48 - [TEST_STEP][PASSED] - click: Object: 'Object Repository/Role Management/Page_Role Management  5-15/input_CustomerService_cls-chec' is clicked on

2018-11-26 19:10:48 - [MESSAGE][PASSED] - Object: 'Object Repository/Role Management/Page_Role Management  5-15/input_CustomerService_cls-chec' is clicked on

2018-11-26 19:10:48 - [TEST_STEP][PASSED] - click: Object: 'Object Repository/Role Management/Page_Role Management  5-15/input_CustomerService_cls-chec' is clicked on

2018-11-26 19:10:48 - [MESSAGE][PASSED] - Object: 'Object Repository/Role Management/Page_Role Management  5-15/input_CustomerService_cls-chec' is clicked on

2018-11-26 19:10:48 - [TEST_STEP][PASSED] - click: Object: 'Object Repository/Role Management/Page_Role Management  5-15/button_Save' is clicked on

2018-11-26 19:10:48 - [MESSAGE][PASSED] - Object: 'Object Repository/Role Management/Page_Role Management  5-15/button_Save' is clicked on

2018-11-26 19:10:48 - [TEST_STEP][PASSED] - delay: Delayed 2 second(s)

2018-11-26 19:10:50 - [MESSAGE][PASSED] - Delayed 2 second(s)

2018-11-26 19:10:50 - [TEST_STEP][PASSED] - verifyElementText: Actual text and expected text of test object 'Object Repository/Role Management/Page_Role Management  5-15/div_Successfully addremove use' are matched.

2018-11-26 19:10:50 - [MESSAGE][PASSED] - Actual text and expected text of test object 'Object Repository/Role Management/Page_Role Management  5-15/div_Successfully addremove use' are matched.

2018-11-26 19:10:50 - [TEST_STEP][PASSED] - click: Object: 'Object Repository/Role Management/Page_Role Management  5-15/span_Shintokk_icon-edit-underl' is clicked on

2018-11-26 19:10:50 - [MESSAGE][PASSED] - Object: 'Object Repository/Role Management/Page_Role Management  5-15/span_Shintokk_icon-edit-underl' is clicked on

2018-11-26 19:10:50 - [TEST_STEP][PASSED] - verifyElementText: Actual text and expected text of test object 'Object Repository/Role Management/Page_Role Management  5-15/button_Cancel' are matched.

2018-11-26 19:10:51 - [MESSAGE][PASSED] - Actual text and expected text of test object 'Object Repository/Role Management/Page_Role Management  5-15/button_Cancel' are matched.

2018-11-26 19:10:51 - [TEST_STEP][PASSED] - click: Object: 'Object Repository/Role Management/Page_Role Management  5-15/button_Cancel' is clicked on

2018-11-26 19:10:51 - [MESSAGE][PASSED] - Object: 'Object Repository/Role Management/Page_Role Management  5-15/button_Cancel' is clicked on

2018-11-26 19:10:51 - [TEST_STEP][PASSED] - delay: Delayed 10 second(s)

2018-11-26 19:11:01 - [MESSAGE][PASSED] - Delayed 10 second(s)]]></system-out>
         <system-err><![CDATA[]]></system-err>
      </testcase>
      <testcase name="Test Cases/Associate Application/Role Management/TCBA02407" classname="Test Cases/Associate Application/Role Management/TCBA02407" status="PASSED">
         <system-out><![CDATA[2018-11-26 19:11:01 - [TEST_CASE][PASSED] - Test Cases/Associate Application/Role Management/TCBA02407: Test Cases/Associate Application/Role Management/TCBA02407

2018-11-26 19:11:01 - [TEST_STEP][PASSED] - click: Object: 'Object Repository/Edit Profile/Page_Home  5-15/span_Shinto-Test' is clicked on

2018-11-26 19:11:01 - [MESSAGE][PASSED] - Object: 'Object Repository/Edit Profile/Page_Home  5-15/span_Shinto-Test' is clicked on

2018-11-26 19:11:01 - [TEST_STEP][PASSED] - verifyElementText: Actual text and expected text of test object 'Object Repository/Edit Profile/Page_Home  5-15/span_Log Off' are matched.

2018-11-26 19:11:01 - [MESSAGE][PASSED] - Actual text and expected text of test object 'Object Repository/Edit Profile/Page_Home  5-15/span_Log Off' are matched.

2018-11-26 19:11:01 - [TEST_STEP][PASSED] - click: Object: 'Object Repository/Edit Profile/Page_Home  5-15/span_Log Off' is clicked on

2018-11-26 19:11:01 - [MESSAGE][PASSED] - Object: 'Object Repository/Edit Profile/Page_Home  5-15/span_Log Off' is clicked on

2018-11-26 19:11:01 - [TEST_STEP][PASSED] - verifyElementText: Actual text and expected text of test object 'Object Repository/Edit Profile/Page_Log In  5-15/h1_Log In' are matched.

2018-11-26 19:11:01 - [MESSAGE][PASSED] - Actual text and expected text of test object 'Object Repository/Edit Profile/Page_Log In  5-15/h1_Log In' are matched.]]></system-out>
         <system-err><![CDATA[]]></system-err>
      </testcase>
      <system-out><![CDATA[2018-11-26 19:10:22 - [TEST_SUITE][PASSED] - VBZ0022-Role Management: Test Cases/Associate Application/Role Management/TCBA02407]]></system-out>
      <system-err><![CDATA[]]></system-err>
   </testsuite>
</testsuites>
