<?xml version="1.0" encoding="UTF-8"?>
<testsuites name="VBZ0015-My Associates" time="89" tests="7" failures="0" errors="0">
   <testsuite name="VBZ0015-My Associates" tests="7" failures="0" errors="0" time="89" timestamp="2018-10-23 20:08:19" hostname="shinto - Vofox-Shinto.vofox.com" id="Test Suites/VBZ0015-My Associates">
      <properties>
         <property name="deviceName" value=""/>
         <property name="devicePlatform" value=""/>
         <property name="logFolder" value="F:\\VofoxQA\\Bonanza\\Katalon\\Reports\\VBZ0015-My Associates\\20181023_200817"/>
         <property name="logFiles" value="F:\\VofoxQA\\Bonanza\\Katalon\\Reports\\VBZ0015-My Associates\\20181023_200817\\execution0.log"/>
         <property name="attachments" value=""/>
         <property name="hostName" value="shinto - Vofox-Shinto.vofox.com"/>
         <property name="os" value="Windows 10 32bit"/>
         <property name="katalonVersion" value="5.8.0.1"/>
         <property name="browser" value="Chrome 69.0.3497.100"/>
         <property name="hostAddress" value="192.168.10.134"/>
         <property name="sessionId" value="b8bb8646272787bc0d179481beb4fc16"/>
         <property name="seleniumVersion" value="3.7.1"/>
         <property name="proxyInformation" value="ProxyInformation{proxyOption=NO_PROXY, proxyServerType=HTTP, password=, proxyServerAddress=, proxyServerPort=0}"/>
         <property name="platform" value="Windows 10"/>
      </properties>
      <testcase name="Test Cases/Associate Application/My Associates/TCBA01501" classname="Test Cases/Associate Application/My Associates/TCBA01501" status="PASSED">
         <system-out><![CDATA[2018-10-23 20:08:19 - [TEST_CASE][PASSED] - Test Cases/Associate Application/My Associates/TCBA01501: Test Cases/Associate Application/My Associates/TCBA01501

2018-10-23 20:08:20 - [TEST_STEP][PASSED] - openBrowser: Browser is opened with url: ''

2018-10-23 20:08:24 - [MESSAGE][PASSED] - Browser is opened with url: ''

2018-10-23 20:08:24 - [TEST_STEP][PASSED] - maximizeWindow: Current window maximized

2018-10-23 20:08:25 - [MESSAGE][PASSED] - Current window maximized

2018-10-23 20:08:25 - [TEST_STEP][PASSED] - navigateToUrl: Navigate to 'https://192.168.10.72/#/login' successfully

2018-10-23 20:08:28 - [MESSAGE][PASSED] - Navigate to 'https://192.168.10.72/#/login' successfully

2018-10-23 20:08:28 - [TEST_STEP][PASSED] - verifyElementText: Actual text and expected text of test object 'Object Repository/Edit Profile/Page_Log In  5-15/h1_Log In' are matched.

2018-10-23 20:08:29 - [MESSAGE][PASSED] - Actual text and expected text of test object 'Object Repository/Edit Profile/Page_Log In  5-15/h1_Log In' are matched.

2018-10-23 20:08:29 - [TEST_STEP][PASSED] - setText: Text 'Shinto-Test' is set on object 'Object Repository/Edit Profile/Page_Log In  5-15/input_txtUserName'

2018-10-23 20:08:29 - [MESSAGE][PASSED] - Text 'Shinto-Test' is set on object 'Object Repository/Edit Profile/Page_Log In  5-15/input_txtUserName'

2018-10-23 20:08:29 - [TEST_STEP][PASSED] - setEncryptedText: Text ****** has been set on object 'Object Repository/Edit Profile/Page_Log In  5-15/input_txtPassword'

2018-10-23 20:08:30 - [MESSAGE][PASSED] - Text ****** has been set on object 'Object Repository/Edit Profile/Page_Log In  5-15/input_txtPassword'

2018-10-23 20:08:30 - [TEST_STEP][PASSED] - click: Object: 'Object Repository/Edit Profile/Page_Log In  5-15/button_Log in' is clicked on

2018-10-23 20:08:30 - [MESSAGE][PASSED] - Object: 'Object Repository/Edit Profile/Page_Log In  5-15/button_Log in' is clicked on

2018-10-23 20:08:30 - [TEST_STEP][PASSED] - verifyElementText: Actual text and expected text of test object 'Object Repository/Change Password/Page_Home  5-15/span_My Title' are matched.

2018-10-23 20:08:33 - [MESSAGE][PASSED] - Actual text and expected text of test object 'Object Repository/Change Password/Page_Home  5-15/span_My Title' are matched.]]></system-out>
         <system-err><![CDATA[]]></system-err>
      </testcase>
      <testcase name="Test Cases/Associate Application/My Associates/TCBA01502" classname="Test Cases/Associate Application/My Associates/TCBA01502" status="PASSED">
         <system-out><![CDATA[2018-10-23 20:08:33 - [TEST_CASE][PASSED] - Test Cases/Associate Application/My Associates/TCBA01502: Test Cases/Associate Application/My Associates/TCBA01502

2018-10-23 20:08:34 - [TEST_STEP][PASSED] - click: Object: 'Object Repository/My Associates/Page_Home  5-15/a_My Associates' is clicked on

2018-10-23 20:08:34 - [MESSAGE][PASSED] - Object: 'Object Repository/My Associates/Page_Home  5-15/a_My Associates' is clicked on

2018-10-23 20:08:34 - [TEST_STEP][PASSED] - verifyElementText: Actual text and expected text of test object 'Object Repository/My Associates/Page_My Associates  5-15/span_My Associates' are matched.

2018-10-23 20:08:36 - [MESSAGE][PASSED] - Actual text and expected text of test object 'Object Repository/My Associates/Page_My Associates  5-15/span_My Associates' are matched.

2018-10-23 20:08:36 - [TEST_STEP][PASSED] - verifyElementText: Actual text and expected text of test object 'Object Repository/My Associates/Page_My Associates  5-15/h3_Associates list' are matched.

2018-10-23 20:08:37 - [MESSAGE][PASSED] - Actual text and expected text of test object 'Object Repository/My Associates/Page_My Associates  5-15/h3_Associates list' are matched.

2018-10-23 20:08:37 - [TEST_STEP][PASSED] - verifyElementText: Actual text and expected text of test object 'Object Repository/My Associates/Page_My Associates  5-15/div_Full Name' are matched.

2018-10-23 20:08:37 - [MESSAGE][PASSED] - Actual text and expected text of test object 'Object Repository/My Associates/Page_My Associates  5-15/div_Full Name' are matched.

2018-10-23 20:08:37 - [TEST_STEP][PASSED] - verifyElementText: Actual text and expected text of test object 'Object Repository/My Associates/Page_My Associates  5-15/div_Email' are matched.

2018-10-23 20:08:37 - [MESSAGE][PASSED] - Actual text and expected text of test object 'Object Repository/My Associates/Page_My Associates  5-15/div_Email' are matched.

2018-10-23 20:08:37 - [TEST_STEP][PASSED] - verifyElementText: Actual text and expected text of test object 'Object Repository/My Associates/Page_My Associates  5-15/div_Status' are matched.

2018-10-23 20:08:37 - [MESSAGE][PASSED] - Actual text and expected text of test object 'Object Repository/My Associates/Page_My Associates  5-15/div_Status' are matched.

2018-10-23 20:08:37 - [TEST_STEP][PASSED] - verifyElementText: Actual text and expected text of test object 'Object Repository/My Associates/Page_My Associates  5-15/div_Status Date' are matched.

2018-10-23 20:08:37 - [MESSAGE][PASSED] - Actual text and expected text of test object 'Object Repository/My Associates/Page_My Associates  5-15/div_Status Date' are matched.

2018-10-23 20:08:37 - [TEST_STEP][PASSED] - verifyElementText: Actual text and expected text of test object 'Object Repository/My Associates/Page_My Associates  5-15/div_Inactive Date' are matched.

2018-10-23 20:08:37 - [MESSAGE][PASSED] - Actual text and expected text of test object 'Object Repository/My Associates/Page_My Associates  5-15/div_Inactive Date' are matched.

2018-10-23 20:08:37 - [TEST_STEP][PASSED] - verifyElementText: Actual text and expected text of test object 'Object Repository/My Associates/Page_My Associates  5-15/div_View' are matched.

2018-10-23 20:08:37 - [MESSAGE][PASSED] - Actual text and expected text of test object 'Object Repository/My Associates/Page_My Associates  5-15/div_View' are matched.]]></system-out>
         <system-err><![CDATA[]]></system-err>
      </testcase>
      <testcase name="Test Cases/Associate Application/My Associates/TCBA01520" classname="Test Cases/Associate Application/My Associates/TCBA01520" status="PASSED">
         <system-out><![CDATA[2018-10-23 20:08:37 - [TEST_CASE][PASSED] - Test Cases/Associate Application/My Associates/TCBA01520: Test Cases/Associate Application/My Associates/TCBA01520

2018-10-23 20:08:37 - [TEST_STEP][PASSED] - click: Object: 'Object Repository/Smoke_Test/Page_My Associates  5-15/span_Add Associate' is clicked on

2018-10-23 20:08:38 - [MESSAGE][PASSED] - Object: 'Object Repository/Smoke_Test/Page_My Associates  5-15/span_Add Associate' is clicked on

2018-10-23 20:08:38 - [TEST_STEP][PASSED] - verifyElementText: Actual text and expected text of test object 'Object Repository/Smoke_Test/Page_My Associates  5-15/span_Associates' are matched.

2018-10-23 20:08:39 - [MESSAGE][PASSED] - Actual text and expected text of test object 'Object Repository/Smoke_Test/Page_My Associates  5-15/span_Associates' are matched.

2018-10-23 20:08:39 - [TEST_STEP][PASSED] - setText: Text 'First Name' is set on object 'Object Repository/Smoke_Test/Page_My Associates  5-15/input_txtFirstName'

2018-10-23 20:08:39 - [MESSAGE][PASSED] - Text 'First Name' is set on object 'Object Repository/Smoke_Test/Page_My Associates  5-15/input_txtFirstName'

2018-10-23 20:08:39 - [TEST_STEP][PASSED] - setText: Text 'Last Name' is set on object 'Object Repository/Smoke_Test/Page_My Associates  5-15/input_txtLastName'

2018-10-23 20:08:39 - [MESSAGE][PASSED] - Text 'Last Name' is set on object 'Object Repository/Smoke_Test/Page_My Associates  5-15/input_txtLastName'

2018-10-23 20:08:39 - [TEST_STEP][PASSED] - selectOptionByValue: All options with value '05' are selected in object 'Object Repository/Smoke_Test/Page_My Associates  5-15/select_Month'  using regular expression

2018-10-23 20:08:40 - [MESSAGE][PASSED] - All options with value '05' are selected in object 'Object Repository/Smoke_Test/Page_My Associates  5-15/select_Month'  using regular expression

2018-10-23 20:08:40 - [TEST_STEP][PASSED] - selectOptionByValue: All options with value '05' are selected in object 'Object Repository/Smoke_Test/Page_My Associates  5-15/select_Day                  01'  using regular expression

2018-10-23 20:08:41 - [MESSAGE][PASSED] - All options with value '05' are selected in object 'Object Repository/Smoke_Test/Page_My Associates  5-15/select_Day                  01'  using regular expression

2018-10-23 20:08:41 - [TEST_STEP][PASSED] - selectOptionByValue: All options with value '1995' are selected in object 'Object Repository/Smoke_Test/Page_My Associates  5-15/select_Year                  2'  using regular expression

2018-10-23 20:08:42 - [MESSAGE][PASSED] - All options with value '1995' are selected in object 'Object Repository/Smoke_Test/Page_My Associates  5-15/select_Year                  2'  using regular expression

2018-10-23 20:08:42 - [TEST_STEP][PASSED] - selectOptionByValue: All options with value 'Married' are selected in object 'Object Repository/Smoke_Test/Page_My Associates  5-15/select_Select Marital Status'  using regular expression

2018-10-23 20:08:43 - [MESSAGE][PASSED] - All options with value 'Married' are selected in object 'Object Repository/Smoke_Test/Page_My Associates  5-15/select_Select Marital Status'  using regular expression

2018-10-23 20:08:43 - [TEST_STEP][NOT_RUN] - selectOptionByValue: NOT_RUN: selectOptionByValue

2018-10-23 20:08:43 - [MESSAGE][NOT_RUN] - NOT_RUN: selectOptionByValue

2018-10-23 20:08:43 - [TEST_STEP][PASSED] - selectOptionByValue: All options with value 'Italy' are selected in object 'Object Repository/Smoke_Test/Page_My Associates  5-15/Select Country'  using regular expression

2018-10-23 20:08:45 - [MESSAGE][PASSED] - All options with value 'Italy' are selected in object 'Object Repository/Smoke_Test/Page_My Associates  5-15/Select Country'  using regular expression

2018-10-23 20:08:45 - [TEST_STEP][PASSED] - selectOptionByValue: All options with value 'Alessandria' are selected in object 'Object Repository/Smoke_Test/Page_My Associates  5-15/select_Select Birth State'  using regular expression

2018-10-23 20:08:47 - [MESSAGE][PASSED] - All options with value 'Alessandria' are selected in object 'Object Repository/Smoke_Test/Page_My Associates  5-15/select_Select Birth State'  using regular expression

2018-10-23 20:08:47 - [TEST_STEP][PASSED] - selectOptionByValue: All options with value 'Alessandria' are selected in object 'Object Repository/Smoke_Test/Page_My Associates  5-15/select_Select Birth City'  using regular expression

2018-10-23 20:08:49 - [MESSAGE][PASSED] - All options with value 'Alessandria' are selected in object 'Object Repository/Smoke_Test/Page_My Associates  5-15/select_Select Birth City'  using regular expression

2018-10-23 20:08:49 - [TEST_STEP][PASSED] - selectOptionByValue: All options with value 'Italy' are selected in object 'Object Repository/Smoke_Test/Page_My Associates  5-15/select_Select Citizenship'  using regular expression

2018-10-23 20:08:53 - [MESSAGE][PASSED] - All options with value 'Italy' are selected in object 'Object Repository/Smoke_Test/Page_My Associates  5-15/select_Select Citizenship'  using regular expression

2018-10-23 20:08:53 - [TEST_STEP][PASSED] - Statement - data = CustomKeywords.com.Baseclass.Utility.generateRandomData(): com.Baseclass.Utility.generateRandomData is PASSED

2018-10-23 20:08:53 - [MESSAGE][PASSED] - com.Baseclass.Utility.generateRandomData is PASSED

2018-10-23 20:08:53 - [TEST_STEP][PASSED] - Statement - println(data): null

2018-10-23 20:08:53 - [TEST_STEP][PASSED] - setText: Text 'QAOMWAcj1B61' is set on object 'Object Repository/Smoke_Test/Page_My Associates  5-15/input_txtPersonalTaxNum'

2018-10-23 20:08:53 - [MESSAGE][PASSED] - Text 'QAOMWAcj1B61' is set on object 'Object Repository/Smoke_Test/Page_My Associates  5-15/input_txtPersonalTaxNum'

2018-10-23 20:08:53 - [TEST_STEP][PASSED] - setText: Text '34343434344434' is set on object 'Object Repository/Smoke_Test/Page_My Associates  5-15/input_txtBusinessTaxNum'

2018-10-23 20:08:53 - [MESSAGE][PASSED] - Text '34343434344434' is set on object 'Object Repository/Smoke_Test/Page_My Associates  5-15/input_txtBusinessTaxNum'

2018-10-23 20:08:53 - [TEST_STEP][PASSED] - selectOptionByValue: All options with value 'STRADA' are selected in object 'Object Repository/Smoke_Test/Page_My Associates  5-15/select_Select Type (StDrBlvdWa'  using regular expression

2018-10-23 20:08:54 - [MESSAGE][PASSED] - All options with value 'STRADA' are selected in object 'Object Repository/Smoke_Test/Page_My Associates  5-15/select_Select Type (StDrBlvdWa'  using regular expression

2018-10-23 20:08:54 - [TEST_STEP][PASSED] - setText: Text 'Street' is set on object 'Object Repository/Smoke_Test/Page_My Associates  5-15/input_txtStreetName'

2018-10-23 20:08:54 - [MESSAGE][PASSED] - Text 'Street' is set on object 'Object Repository/Smoke_Test/Page_My Associates  5-15/input_txtStreetName'

2018-10-23 20:08:54 - [TEST_STEP][PASSED] - setText: Text 'House name' is set on object 'Object Repository/Smoke_Test/Page_My Associates  5-15/input_txtStreetNum'

2018-10-23 20:08:54 - [MESSAGE][PASSED] - Text 'House name' is set on object 'Object Repository/Smoke_Test/Page_My Associates  5-15/input_txtStreetNum'

2018-10-23 20:08:54 - [TEST_STEP][PASSED] - selectOptionByValue: All options with value 'Alessandria' are selected in object 'Object Repository/Smoke_Test/Page_My Associates  5-15/select_Select StateProvince'  using regular expression

2018-10-23 20:08:56 - [MESSAGE][PASSED] - All options with value 'Alessandria' are selected in object 'Object Repository/Smoke_Test/Page_My Associates  5-15/select_Select StateProvince'  using regular expression

2018-10-23 20:08:56 - [TEST_STEP][PASSED] - selectOptionByValue: All options with value 'Alessandria' are selected in object 'Object Repository/Smoke_Test/Page_My Associates  5-15/select_Select City'  using regular expression

2018-10-23 20:08:59 - [MESSAGE][PASSED] - All options with value 'Alessandria' are selected in object 'Object Repository/Smoke_Test/Page_My Associates  5-15/select_Select City'  using regular expression

2018-10-23 20:08:59 - [TEST_STEP][PASSED] - setText: Text '5000' is set on object 'Object Repository/Smoke_Test/Page_My Associates  5-15/input_txtZip'

2018-10-23 20:08:59 - [MESSAGE][PASSED] - Text '5000' is set on object 'Object Repository/Smoke_Test/Page_My Associates  5-15/input_txtZip'

2018-10-23 20:08:59 - [TEST_STEP][PASSED] - setText: Text '212121212' is set on object 'Object Repository/Smoke_Test/Page_My Associates  5-15/input_txtLandPhone'

2018-10-23 20:08:59 - [MESSAGE][PASSED] - Text '212121212' is set on object 'Object Repository/Smoke_Test/Page_My Associates  5-15/input_txtLandPhone'

2018-10-23 20:08:59 - [TEST_STEP][PASSED] - setText: Text '4343434344' is set on object 'Object Repository/Smoke_Test/Page_My Associates  5-15/input_txtMobilePhone'

2018-10-23 20:09:00 - [MESSAGE][PASSED] - Text '4343434344' is set on object 'Object Repository/Smoke_Test/Page_My Associates  5-15/input_txtMobilePhone'

2018-10-23 20:09:00 - [TEST_STEP][PASSED] - setText: Text 'shinto@vofoxsolutions.com' is set on object 'Object Repository/Smoke_Test/Page_My Associates  5-15/input_txtEmail'

2018-10-23 20:09:00 - [MESSAGE][PASSED] - Text 'shinto@vofoxsolutions.com' is set on object 'Object Repository/Smoke_Test/Page_My Associates  5-15/input_txtEmail'

2018-10-23 20:09:00 - [TEST_STEP][PASSED] - setText: Text 'shinto@vofoxsolutions.com' is set on object 'Object Repository/Smoke_Test/Page_My Associates  5-15/input_txtConfirmEmail'

2018-10-23 20:09:01 - [MESSAGE][PASSED] - Text 'shinto@vofoxsolutions.com' is set on object 'Object Repository/Smoke_Test/Page_My Associates  5-15/input_txtConfirmEmail'

2018-10-23 20:09:01 - [TEST_STEP][PASSED] - setText: Text 'NL70ABNA0434144140' is set on object 'Object Repository/Smoke_Test/Page_My Associates  5-15/input_txtBankAccountKey'

2018-10-23 20:09:01 - [MESSAGE][PASSED] - Text 'NL70ABNA0434144140' is set on object 'Object Repository/Smoke_Test/Page_My Associates  5-15/input_txtBankAccountKey'

2018-10-23 20:09:01 - [TEST_STEP][PASSED] - click: Object: 'Object Repository/Smoke_Test/Page_My Associates  5-15/span_Save' is clicked on

2018-10-23 20:09:01 - [MESSAGE][PASSED] - Object: 'Object Repository/Smoke_Test/Page_My Associates  5-15/span_Save' is clicked on

2018-10-23 20:09:01 - [TEST_STEP][PASSED] - waitForElementPresent: Object 'Object Repository/My Associates/Page_My Associates  5-15/h3_Associate Agreement' is present

2018-10-23 20:09:02 - [MESSAGE][PASSED] - Object 'Object Repository/My Associates/Page_My Associates  5-15/h3_Associate Agreement' is present

2018-10-23 20:09:02 - [TEST_STEP][PASSED] - verifyElementText: Actual text and expected text of test object 'Object Repository/My Associates/Page_My Associates  5-15/h3_Associate Agreement' are matched.

2018-10-23 20:09:02 - [MESSAGE][PASSED] - Actual text and expected text of test object 'Object Repository/My Associates/Page_My Associates  5-15/h3_Associate Agreement' are matched.

2018-10-23 20:09:02 - [TEST_STEP][PASSED] - verifyElementText: Actual text and expected text of test object 'Object Repository/My Associates/Page_My Associates  5-15/div_Changes to this associate' are matched.

2018-10-23 20:09:02 - [MESSAGE][PASSED] - Actual text and expected text of test object 'Object Repository/My Associates/Page_My Associates  5-15/div_Changes to this associate' are matched.

2018-10-23 20:09:02 - [TEST_STEP][PASSED] - verifyElementText: Actual text and expected text of test object 'Object Repository/My Associates/Page_My Associates  5-15/span_I have reviewed all data' are matched.

2018-10-23 20:09:03 - [MESSAGE][PASSED] - Actual text and expected text of test object 'Object Repository/My Associates/Page_My Associates  5-15/span_I have reviewed all data' are matched.

2018-10-23 20:09:03 - [TEST_STEP][PASSED] - click: Object: 'Object Repository/Smoke_Test/Page_My Associates  5-15/input_au-target' is clicked on

2018-10-23 20:09:03 - [MESSAGE][PASSED] - Object: 'Object Repository/Smoke_Test/Page_My Associates  5-15/input_au-target' is clicked on

2018-10-23 20:09:03 - [TEST_STEP][PASSED] - click: Object: 'Object Repository/Smoke_Test/Page_My Associates  5-15/button_Ok' is clicked on

2018-10-23 20:09:03 - [MESSAGE][PASSED] - Object: 'Object Repository/Smoke_Test/Page_My Associates  5-15/button_Ok' is clicked on

2018-10-23 20:09:03 - [TEST_STEP][PASSED] - delay: Delayed 2 second(s)

2018-10-23 20:09:05 - [MESSAGE][PASSED] - Delayed 2 second(s)

2018-10-23 20:09:05 - [TEST_STEP][PASSED] - verifyTextPresent: Text 'Associate created successfully' is present on page 

2018-10-23 20:09:05 - [MESSAGE][PASSED] - Text 'Associate created successfully' is present on page]]></system-out>
         <system-err><![CDATA[]]></system-err>
      </testcase>
      <testcase name="Test Cases/Associate Application/My Associates/TCBA01521" classname="Test Cases/Associate Application/My Associates/TCBA01521" status="PASSED">
         <system-out><![CDATA[2018-10-23 20:09:05 - [TEST_CASE][PASSED] - Test Cases/Associate Application/My Associates/TCBA01521: Test Cases/Associate Application/My Associates/TCBA01521

2018-10-23 20:09:06 - [TEST_STEP][PASSED] - waitForElementPresent: Object 'Object Repository/My Associates/Page_My Associates  5-15/span_Add Associate' is present

2018-10-23 20:09:06 - [MESSAGE][PASSED] - Object 'Object Repository/My Associates/Page_My Associates  5-15/span_Add Associate' is present

2018-10-23 20:09:06 - [TEST_STEP][PASSED] - click: Object: 'Object Repository/Smoke_Test/Page_My Associates  5-15/span_Add Associate' is clicked on

2018-10-23 20:09:06 - [MESSAGE][PASSED] - Object: 'Object Repository/Smoke_Test/Page_My Associates  5-15/span_Add Associate' is clicked on

2018-10-23 20:09:06 - [TEST_STEP][PASSED] - verifyElementText: Actual text and expected text of test object 'Object Repository/Smoke_Test/Page_My Associates  5-15/span_Associates' are matched.

2018-10-23 20:09:06 - [MESSAGE][PASSED] - Actual text and expected text of test object 'Object Repository/Smoke_Test/Page_My Associates  5-15/span_Associates' are matched.

2018-10-23 20:09:06 - [TEST_STEP][PASSED] - setText: Text 'First name' is set on object 'Object Repository/My Associates/Page_My Associates  5-15/input_txtFirstName'

2018-10-23 20:09:07 - [MESSAGE][PASSED] - Text 'First name' is set on object 'Object Repository/My Associates/Page_My Associates  5-15/input_txtFirstName'

2018-10-23 20:09:07 - [TEST_STEP][PASSED] - setText: Text 'Test' is set on object 'Object Repository/My Associates/Page_My Associates  5-15/input_txtLastName'

2018-10-23 20:09:07 - [MESSAGE][PASSED] - Text 'Test' is set on object 'Object Repository/My Associates/Page_My Associates  5-15/input_txtLastName'

2018-10-23 20:09:07 - [TEST_STEP][PASSED] - selectOptionByValue: All options with value '02' are selected in object 'Object Repository/My Associates/Page_My Associates  5-15/select_Month'  using regular expression

2018-10-23 20:09:08 - [MESSAGE][PASSED] - All options with value '02' are selected in object 'Object Repository/My Associates/Page_My Associates  5-15/select_Month'  using regular expression

2018-10-23 20:09:08 - [TEST_STEP][PASSED] - selectOptionByValue: All options with value '03' are selected in object 'Object Repository/My Associates/Page_My Associates  5-15/select_Day                  01_1'  using regular expression

2018-10-23 20:09:08 - [MESSAGE][PASSED] - All options with value '03' are selected in object 'Object Repository/My Associates/Page_My Associates  5-15/select_Day                  01_1'  using regular expression

2018-10-23 20:09:08 - [TEST_STEP][PASSED] - selectOptionByValue: All options with value '1996' are selected in object 'Object Repository/My Associates/Page_My Associates  5-15/select_Year                  2'  using regular expression

2018-10-23 20:09:10 - [MESSAGE][PASSED] - All options with value '1996' are selected in object 'Object Repository/My Associates/Page_My Associates  5-15/select_Year                  2'  using regular expression

2018-10-23 20:09:10 - [TEST_STEP][PASSED] - selectOptionByValue: All options with value 'Married' are selected in object 'Object Repository/Smoke_Test/Page_My Associates  5-15/select_Select Marital Status'  using regular expression

2018-10-23 20:09:10 - [MESSAGE][PASSED] - All options with value 'Married' are selected in object 'Object Repository/Smoke_Test/Page_My Associates  5-15/select_Select Marital Status'  using regular expression

2018-10-23 20:09:10 - [TEST_STEP][NOT_RUN] - selectOptionByValue: NOT_RUN: selectOptionByValue

2018-10-23 20:09:10 - [MESSAGE][NOT_RUN] - NOT_RUN: selectOptionByValue

2018-10-23 20:09:10 - [TEST_STEP][PASSED] - selectOptionByValue: All options with value 'United States Of America' are selected in object 'Object Repository/My Associates/Page_My Associates  5-15/select_Select Birth Country'  using regular expression

2018-10-23 20:09:12 - [MESSAGE][PASSED] - All options with value 'United States Of America' are selected in object 'Object Repository/My Associates/Page_My Associates  5-15/select_Select Birth Country'  using regular expression

2018-10-23 20:09:12 - [TEST_STEP][PASSED] - setText: Text 'State' is set on object 'Object Repository/My Associates/Page_My Associates  5-15/input_txtBirthStateCode'

2018-10-23 20:09:13 - [MESSAGE][PASSED] - Text 'State' is set on object 'Object Repository/My Associates/Page_My Associates  5-15/input_txtBirthStateCode'

2018-10-23 20:09:13 - [TEST_STEP][PASSED] - setText: Text 'city' is set on object 'Object Repository/My Associates/Page_My Associates  5-15/input_txtBirthCity'

2018-10-23 20:09:13 - [MESSAGE][PASSED] - Text 'city' is set on object 'Object Repository/My Associates/Page_My Associates  5-15/input_txtBirthCity'

2018-10-23 20:09:13 - [TEST_STEP][PASSED] - selectOptionByValue: All options with value 'Algeria' are selected in object 'Object Repository/My Associates/Page_My Associates  5-15/select_Select Citizenship'  using regular expression

2018-10-23 20:09:16 - [MESSAGE][PASSED] - All options with value 'Algeria' are selected in object 'Object Repository/My Associates/Page_My Associates  5-15/select_Select Citizenship'  using regular expression

2018-10-23 20:09:16 - [TEST_STEP][PASSED] - Statement - data = CustomKeywords.com.Baseclass.Utility.generateRandomData(): com.Baseclass.Utility.generateRandomData is PASSED

2018-10-23 20:09:16 - [MESSAGE][PASSED] - com.Baseclass.Utility.generateRandomData is PASSED

2018-10-23 20:09:16 - [TEST_STEP][PASSED] - Statement - println(data): null

2018-10-23 20:09:16 - [TEST_STEP][PASSED] - setText: Text 'QAg311H1fqWj' is set on object 'Object Repository/Smoke_Test/Page_My Associates  5-15/input_txtPersonalTaxNum'

2018-10-23 20:09:16 - [MESSAGE][PASSED] - Text 'QAg311H1fqWj' is set on object 'Object Repository/Smoke_Test/Page_My Associates  5-15/input_txtPersonalTaxNum'

2018-10-23 20:09:16 - [TEST_STEP][PASSED] - setText: Text '12345678' is set on object 'Object Repository/My Associates/Page_My Associates  5-15/input_txtBusinessTaxNum'

2018-10-23 20:09:16 - [MESSAGE][PASSED] - Text '12345678' is set on object 'Object Repository/My Associates/Page_My Associates  5-15/input_txtBusinessTaxNum'

2018-10-23 20:09:16 - [TEST_STEP][PASSED] - selectOptionByValue: All options with value 'United States Of America' are selected in object 'Object Repository/My Associates/Page_My Associates  5-15/select_Select Country'  using regular expression

2018-10-23 20:09:17 - [MESSAGE][PASSED] - All options with value 'United States Of America' are selected in object 'Object Repository/My Associates/Page_My Associates  5-15/select_Select Country'  using regular expression

2018-10-23 20:09:17 - [TEST_STEP][PASSED] - setText: Text 'House Number' is set on object 'Object Repository/My Associates/Page_My Associates  5-15/input_txtStreetNum'

2018-10-23 20:09:17 - [MESSAGE][PASSED] - Text 'House Number' is set on object 'Object Repository/My Associates/Page_My Associates  5-15/input_txtStreetNum'

2018-10-23 20:09:17 - [TEST_STEP][PASSED] - setText: Text 'Street1' is set on object 'Object Repository/My Associates/Page_My Associates  5-15/input_txtStreetName'

2018-10-23 20:09:17 - [MESSAGE][PASSED] - Text 'Street1' is set on object 'Object Repository/My Associates/Page_My Associates  5-15/input_txtStreetName'

2018-10-23 20:09:17 - [TEST_STEP][PASSED] - setText: Text 'Dr' is set on object 'Object Repository/My Associates/Page_My Associates  5-15/input_txtStreetPart'

2018-10-23 20:09:17 - [MESSAGE][PASSED] - Text 'Dr' is set on object 'Object Repository/My Associates/Page_My Associates  5-15/input_txtStreetPart'

2018-10-23 20:09:17 - [TEST_STEP][PASSED] - setText: Text 'City' is set on object 'Object Repository/My Associates/Page_My Associates  5-15/input_txtCity'

2018-10-23 20:09:18 - [MESSAGE][PASSED] - Text 'City' is set on object 'Object Repository/My Associates/Page_My Associates  5-15/input_txtCity'

2018-10-23 20:09:18 - [TEST_STEP][PASSED] - setText: Text 'State' is set on object 'Object Repository/My Associates/Page_My Associates  5-15/input_txtStateCode'

2018-10-23 20:09:18 - [MESSAGE][PASSED] - Text 'State' is set on object 'Object Repository/My Associates/Page_My Associates  5-15/input_txtStateCode'

2018-10-23 20:09:18 - [TEST_STEP][PASSED] - setText: Text '12345' is set on object 'Object Repository/My Associates/Page_My Associates  5-15/input_txtZip'

2018-10-23 20:09:18 - [MESSAGE][PASSED] - Text '12345' is set on object 'Object Repository/My Associates/Page_My Associates  5-15/input_txtZip'

2018-10-23 20:09:18 - [TEST_STEP][PASSED] - setText: Text '1234567890' is set on object 'Object Repository/My Associates/Page_My Associates  5-15/input_txtLandPhone'

2018-10-23 20:09:19 - [MESSAGE][PASSED] - Text '1234567890' is set on object 'Object Repository/My Associates/Page_My Associates  5-15/input_txtLandPhone'

2018-10-23 20:09:19 - [TEST_STEP][PASSED] - setText: Text '1234567890' is set on object 'Object Repository/My Associates/Page_My Associates  5-15/input_txtMobilePhone'

2018-10-23 20:09:19 - [MESSAGE][PASSED] - Text '1234567890' is set on object 'Object Repository/My Associates/Page_My Associates  5-15/input_txtMobilePhone'

2018-10-23 20:09:19 - [TEST_STEP][PASSED] - setText: Text 'shinto@vofoxsolutions.com' is set on object 'Object Repository/My Associates/Page_My Associates  5-15/input_txtEmail'

2018-10-23 20:09:19 - [MESSAGE][PASSED] - Text 'shinto@vofoxsolutions.com' is set on object 'Object Repository/My Associates/Page_My Associates  5-15/input_txtEmail'

2018-10-23 20:09:19 - [TEST_STEP][PASSED] - setText: Text 'shinto@vofoxsolutions.com' is set on object 'Object Repository/My Associates/Page_My Associates  5-15/input_txtConfirmEmail'

2018-10-23 20:09:20 - [MESSAGE][PASSED] - Text 'shinto@vofoxsolutions.com' is set on object 'Object Repository/My Associates/Page_My Associates  5-15/input_txtConfirmEmail'

2018-10-23 20:09:20 - [TEST_STEP][PASSED] - setText: Text '123456789' is set on object 'Object Repository/My Associates/Page_My Associates  5-15/input_txtRoutingNum'

2018-10-23 20:09:20 - [MESSAGE][PASSED] - Text '123456789' is set on object 'Object Repository/My Associates/Page_My Associates  5-15/input_txtRoutingNum'

2018-10-23 20:09:20 - [TEST_STEP][PASSED] - setText: Text '1234555666' is set on object 'Object Repository/My Associates/Page_My Associates  5-15/input_txtBankAccountKey'

2018-10-23 20:09:21 - [MESSAGE][PASSED] - Text '1234555666' is set on object 'Object Repository/My Associates/Page_My Associates  5-15/input_txtBankAccountKey'

2018-10-23 20:09:21 - [TEST_STEP][PASSED] - click: Object: 'Object Repository/My Associates/Page_My Associates  5-15/span_Save' is clicked on

2018-10-23 20:09:21 - [MESSAGE][PASSED] - Object: 'Object Repository/My Associates/Page_My Associates  5-15/span_Save' is clicked on

2018-10-23 20:09:21 - [TEST_STEP][PASSED] - click: Object: 'Object Repository/Smoke_Test/Page_My Associates  5-15/input_au-target' is clicked on

2018-10-23 20:09:22 - [MESSAGE][PASSED] - Object: 'Object Repository/Smoke_Test/Page_My Associates  5-15/input_au-target' is clicked on

2018-10-23 20:09:22 - [TEST_STEP][PASSED] - click: Object: 'Object Repository/Smoke_Test/Page_My Associates  5-15/button_Ok' is clicked on

2018-10-23 20:09:22 - [MESSAGE][PASSED] - Object: 'Object Repository/Smoke_Test/Page_My Associates  5-15/button_Ok' is clicked on

2018-10-23 20:09:22 - [TEST_STEP][PASSED] - delay: Delayed 2 second(s)

2018-10-23 20:09:24 - [MESSAGE][PASSED] - Delayed 2 second(s)

2018-10-23 20:09:24 - [TEST_STEP][PASSED] - verifyTextPresent: Text 'Associate created successfully' is present on page 

2018-10-23 20:09:24 - [MESSAGE][PASSED] - Text 'Associate created successfully' is present on page]]></system-out>
         <system-err><![CDATA[]]></system-err>
      </testcase>
      <testcase name="Test Cases/Associate Application/My Associates/TCBA01522" classname="Test Cases/Associate Application/My Associates/TCBA01522" status="PASSED">
         <system-out><![CDATA[2018-10-23 20:09:24 - [TEST_CASE][PASSED] - Test Cases/Associate Application/My Associates/TCBA01522: Test Cases/Associate Application/My Associates/TCBA01522

2018-10-23 20:09:24 - [TEST_STEP][PASSED] - waitForElementPresent: Object 'Object Repository/My Associates/Page_My Associates  5-15/span_Add Associate' is present

2018-10-23 20:09:24 - [MESSAGE][PASSED] - Object 'Object Repository/My Associates/Page_My Associates  5-15/span_Add Associate' is present

2018-10-23 20:09:24 - [TEST_STEP][PASSED] - click: Object: 'Object Repository/Smoke_Test/Page_My Associates  5-15/span_Add Associate' is clicked on

2018-10-23 20:09:24 - [MESSAGE][PASSED] - Object: 'Object Repository/Smoke_Test/Page_My Associates  5-15/span_Add Associate' is clicked on

2018-10-23 20:09:24 - [TEST_STEP][PASSED] - verifyElementText: Actual text and expected text of test object 'Object Repository/Smoke_Test/Page_My Associates  5-15/span_Associates' are matched.

2018-10-23 20:09:25 - [MESSAGE][PASSED] - Actual text and expected text of test object 'Object Repository/Smoke_Test/Page_My Associates  5-15/span_Associates' are matched.

2018-10-23 20:09:25 - [TEST_STEP][PASSED] - setText: Text 'First Name' is set on object 'Object Repository/Smoke_Test/Page_My Associates  5-15/input_txtFirstName'

2018-10-23 20:09:25 - [MESSAGE][PASSED] - Text 'First Name' is set on object 'Object Repository/Smoke_Test/Page_My Associates  5-15/input_txtFirstName'

2018-10-23 20:09:25 - [TEST_STEP][PASSED] - setText: Text 'Last Name' is set on object 'Object Repository/Smoke_Test/Page_My Associates  5-15/input_txtLastName'

2018-10-23 20:09:26 - [MESSAGE][PASSED] - Text 'Last Name' is set on object 'Object Repository/Smoke_Test/Page_My Associates  5-15/input_txtLastName'

2018-10-23 20:09:26 - [TEST_STEP][PASSED] - selectOptionByValue: All options with value '05' are selected in object 'Object Repository/Smoke_Test/Page_My Associates  5-15/select_Month'  using regular expression

2018-10-23 20:09:26 - [MESSAGE][PASSED] - All options with value '05' are selected in object 'Object Repository/Smoke_Test/Page_My Associates  5-15/select_Month'  using regular expression

2018-10-23 20:09:26 - [TEST_STEP][PASSED] - selectOptionByValue: All options with value '05' are selected in object 'Object Repository/Smoke_Test/Page_My Associates  5-15/select_Day                  01'  using regular expression

2018-10-23 20:09:27 - [MESSAGE][PASSED] - All options with value '05' are selected in object 'Object Repository/Smoke_Test/Page_My Associates  5-15/select_Day                  01'  using regular expression

2018-10-23 20:09:27 - [TEST_STEP][PASSED] - selectOptionByValue: All options with value '1995' are selected in object 'Object Repository/Smoke_Test/Page_My Associates  5-15/select_Year                  2'  using regular expression

2018-10-23 20:09:28 - [MESSAGE][PASSED] - All options with value '1995' are selected in object 'Object Repository/Smoke_Test/Page_My Associates  5-15/select_Year                  2'  using regular expression

2018-10-23 20:09:28 - [TEST_STEP][PASSED] - selectOptionByValue: All options with value 'Married' are selected in object 'Object Repository/Smoke_Test/Page_My Associates  5-15/select_Select Marital Status'  using regular expression

2018-10-23 20:09:28 - [MESSAGE][PASSED] - All options with value 'Married' are selected in object 'Object Repository/Smoke_Test/Page_My Associates  5-15/select_Select Marital Status'  using regular expression

2018-10-23 20:09:28 - [TEST_STEP][NOT_RUN] - selectOptionByValue: NOT_RUN: selectOptionByValue

2018-10-23 20:09:28 - [MESSAGE][NOT_RUN] - NOT_RUN: selectOptionByValue

2018-10-23 20:09:28 - [TEST_STEP][PASSED] - selectOptionByValue: All options with value 'Italy' are selected in object 'Object Repository/Smoke_Test/Page_My Associates  5-15/Select Country'  using regular expression

2018-10-23 20:09:31 - [MESSAGE][PASSED] - All options with value 'Italy' are selected in object 'Object Repository/Smoke_Test/Page_My Associates  5-15/Select Country'  using regular expression

2018-10-23 20:09:31 - [TEST_STEP][PASSED] - selectOptionByValue: All options with value 'Alessandria' are selected in object 'Object Repository/Smoke_Test/Page_My Associates  5-15/select_Select Birth State'  using regular expression

2018-10-23 20:09:32 - [MESSAGE][PASSED] - All options with value 'Alessandria' are selected in object 'Object Repository/Smoke_Test/Page_My Associates  5-15/select_Select Birth State'  using regular expression

2018-10-23 20:09:32 - [TEST_STEP][PASSED] - selectOptionByValue: All options with value 'Alessandria' are selected in object 'Object Repository/Smoke_Test/Page_My Associates  5-15/select_Select Birth City'  using regular expression

2018-10-23 20:09:34 - [MESSAGE][PASSED] - All options with value 'Alessandria' are selected in object 'Object Repository/Smoke_Test/Page_My Associates  5-15/select_Select Birth City'  using regular expression

2018-10-23 20:09:34 - [TEST_STEP][PASSED] - selectOptionByValue: All options with value 'Italy' are selected in object 'Object Repository/Smoke_Test/Page_My Associates  5-15/select_Select Citizenship'  using regular expression

2018-10-23 20:09:37 - [MESSAGE][PASSED] - All options with value 'Italy' are selected in object 'Object Repository/Smoke_Test/Page_My Associates  5-15/select_Select Citizenship'  using regular expression

2018-10-23 20:09:37 - [TEST_STEP][PASSED] - Statement - data = CustomKeywords.com.Baseclass.Utility.generateRandomData(): com.Baseclass.Utility.generateRandomData is PASSED

2018-10-23 20:09:37 - [MESSAGE][PASSED] - com.Baseclass.Utility.generateRandomData is PASSED

2018-10-23 20:09:37 - [TEST_STEP][PASSED] - Statement - println(data): null

2018-10-23 20:09:37 - [TEST_STEP][PASSED] - setText: Text 'QAvA5pB51OUO' is set on object 'Object Repository/Smoke_Test/Page_My Associates  5-15/input_txtPersonalTaxNum'

2018-10-23 20:09:37 - [MESSAGE][PASSED] - Text 'QAvA5pB51OUO' is set on object 'Object Repository/Smoke_Test/Page_My Associates  5-15/input_txtPersonalTaxNum'

2018-10-23 20:09:37 - [TEST_STEP][PASSED] - setText: Text '34343434344434' is set on object 'Object Repository/Smoke_Test/Page_My Associates  5-15/input_txtBusinessTaxNum'

2018-10-23 20:09:38 - [MESSAGE][PASSED] - Text '34343434344434' is set on object 'Object Repository/Smoke_Test/Page_My Associates  5-15/input_txtBusinessTaxNum'

2018-10-23 20:09:38 - [TEST_STEP][PASSED] - selectOptionByValue: All options with value 'United States Of America' are selected in object 'Object Repository/My Associates/Page_My Associates  5-15/select_Select Country'  using regular expression

2018-10-23 20:09:38 - [MESSAGE][PASSED] - All options with value 'United States Of America' are selected in object 'Object Repository/My Associates/Page_My Associates  5-15/select_Select Country'  using regular expression

2018-10-23 20:09:38 - [TEST_STEP][PASSED] - setText: Text 'House Number' is set on object 'Object Repository/My Associates/Page_My Associates  5-15/input_txtStreetNum'

2018-10-23 20:09:38 - [MESSAGE][PASSED] - Text 'House Number' is set on object 'Object Repository/My Associates/Page_My Associates  5-15/input_txtStreetNum'

2018-10-23 20:09:38 - [TEST_STEP][PASSED] - setText: Text 'Street1' is set on object 'Object Repository/My Associates/Page_My Associates  5-15/input_txtStreetName'

2018-10-23 20:09:39 - [MESSAGE][PASSED] - Text 'Street1' is set on object 'Object Repository/My Associates/Page_My Associates  5-15/input_txtStreetName'

2018-10-23 20:09:39 - [TEST_STEP][PASSED] - setText: Text 'Dr' is set on object 'Object Repository/My Associates/Page_My Associates  5-15/input_txtStreetPart'

2018-10-23 20:09:39 - [MESSAGE][PASSED] - Text 'Dr' is set on object 'Object Repository/My Associates/Page_My Associates  5-15/input_txtStreetPart'

2018-10-23 20:09:39 - [TEST_STEP][PASSED] - setText: Text 'City' is set on object 'Object Repository/My Associates/Page_My Associates  5-15/input_txtCity'

2018-10-23 20:09:39 - [MESSAGE][PASSED] - Text 'City' is set on object 'Object Repository/My Associates/Page_My Associates  5-15/input_txtCity'

2018-10-23 20:09:39 - [TEST_STEP][PASSED] - setText: Text 'State' is set on object 'Object Repository/My Associates/Page_My Associates  5-15/input_txtStateCode'

2018-10-23 20:09:40 - [MESSAGE][PASSED] - Text 'State' is set on object 'Object Repository/My Associates/Page_My Associates  5-15/input_txtStateCode'

2018-10-23 20:09:40 - [TEST_STEP][PASSED] - setText: Text '12345' is set on object 'Object Repository/My Associates/Page_My Associates  5-15/input_txtZip'

2018-10-23 20:09:40 - [MESSAGE][PASSED] - Text '12345' is set on object 'Object Repository/My Associates/Page_My Associates  5-15/input_txtZip'

2018-10-23 20:09:40 - [TEST_STEP][PASSED] - setText: Text '1234567890' is set on object 'Object Repository/My Associates/Page_My Associates  5-15/input_txtLandPhone'

2018-10-23 20:09:40 - [MESSAGE][PASSED] - Text '1234567890' is set on object 'Object Repository/My Associates/Page_My Associates  5-15/input_txtLandPhone'

2018-10-23 20:09:40 - [TEST_STEP][PASSED] - setText: Text '1234567890' is set on object 'Object Repository/My Associates/Page_My Associates  5-15/input_txtMobilePhone'

2018-10-23 20:09:40 - [MESSAGE][PASSED] - Text '1234567890' is set on object 'Object Repository/My Associates/Page_My Associates  5-15/input_txtMobilePhone'

2018-10-23 20:09:40 - [TEST_STEP][PASSED] - setText: Text 'shinto@vofoxsolutions.com' is set on object 'Object Repository/My Associates/Page_My Associates  5-15/input_txtEmail'

2018-10-23 20:09:41 - [MESSAGE][PASSED] - Text 'shinto@vofoxsolutions.com' is set on object 'Object Repository/My Associates/Page_My Associates  5-15/input_txtEmail'

2018-10-23 20:09:41 - [TEST_STEP][PASSED] - setText: Text 'shinto@vofoxsolutions.com' is set on object 'Object Repository/My Associates/Page_My Associates  5-15/input_txtConfirmEmail'

2018-10-23 20:09:41 - [MESSAGE][PASSED] - Text 'shinto@vofoxsolutions.com' is set on object 'Object Repository/My Associates/Page_My Associates  5-15/input_txtConfirmEmail'

2018-10-23 20:09:41 - [TEST_STEP][PASSED] - setText: Text '123456789' is set on object 'Object Repository/My Associates/Page_My Associates  5-15/input_txtRoutingNum'

2018-10-23 20:09:42 - [MESSAGE][PASSED] - Text '123456789' is set on object 'Object Repository/My Associates/Page_My Associates  5-15/input_txtRoutingNum'

2018-10-23 20:09:42 - [TEST_STEP][PASSED] - setText: Text '1234555666' is set on object 'Object Repository/My Associates/Page_My Associates  5-15/input_txtBankAccountKey'

2018-10-23 20:09:42 - [MESSAGE][PASSED] - Text '1234555666' is set on object 'Object Repository/My Associates/Page_My Associates  5-15/input_txtBankAccountKey'

2018-10-23 20:09:42 - [TEST_STEP][PASSED] - click: Object: 'Object Repository/My Associates/Page_My Associates  5-15/span_Save' is clicked on

2018-10-23 20:09:42 - [MESSAGE][PASSED] - Object: 'Object Repository/My Associates/Page_My Associates  5-15/span_Save' is clicked on

2018-10-23 20:09:42 - [TEST_STEP][PASSED] - click: Object: 'Object Repository/Smoke_Test/Page_My Associates  5-15/input_au-target' is clicked on

2018-10-23 20:09:43 - [MESSAGE][PASSED] - Object: 'Object Repository/Smoke_Test/Page_My Associates  5-15/input_au-target' is clicked on

2018-10-23 20:09:43 - [TEST_STEP][PASSED] - click: Object: 'Object Repository/Smoke_Test/Page_My Associates  5-15/button_Ok' is clicked on

2018-10-23 20:09:43 - [MESSAGE][PASSED] - Object: 'Object Repository/Smoke_Test/Page_My Associates  5-15/button_Ok' is clicked on

2018-10-23 20:09:43 - [TEST_STEP][PASSED] - delay: Delayed 2 second(s)

2018-10-23 20:09:45 - [MESSAGE][PASSED] - Delayed 2 second(s)

2018-10-23 20:09:45 - [TEST_STEP][PASSED] - verifyTextPresent: Text 'Associate created successfully' is present on page 

2018-10-23 20:09:45 - [MESSAGE][PASSED] - Text 'Associate created successfully' is present on page]]></system-out>
         <system-err><![CDATA[]]></system-err>
      </testcase>
      <testcase name="Test Cases/Associate Application/My Associates/TCBA01523" classname="Test Cases/Associate Application/My Associates/TCBA01523" status="PASSED">
         <system-out><![CDATA[2018-10-23 20:09:45 - [TEST_CASE][PASSED] - Test Cases/Associate Application/My Associates/TCBA01523: Test Cases/Associate Application/My Associates/TCBA01523

2018-10-23 20:09:46 - [TEST_STEP][PASSED] - click: Object: 'Object Repository/My Associates/Page_My Associates  5-15/span_Add Associate' is clicked on

2018-10-23 20:09:46 - [MESSAGE][PASSED] - Object: 'Object Repository/My Associates/Page_My Associates  5-15/span_Add Associate' is clicked on

2018-10-23 20:09:46 - [TEST_STEP][PASSED] - verifyElementText: Actual text and expected text of test object 'Object Repository/My Associates/Page_My Associates  5-15/span_Add' are matched.

2018-10-23 20:09:46 - [MESSAGE][PASSED] - Actual text and expected text of test object 'Object Repository/My Associates/Page_My Associates  5-15/span_Add' are matched.

2018-10-23 20:09:46 - [TEST_STEP][PASSED] - verifyElementText: Actual text and expected text of test object 'Object Repository/My Associates/Page_My Associates  5-15/span_Associates' are matched.

2018-10-23 20:09:47 - [MESSAGE][PASSED] - Actual text and expected text of test object 'Object Repository/My Associates/Page_My Associates  5-15/span_Associates' are matched.

2018-10-23 20:09:47 - [TEST_STEP][PASSED] - verifyElementText: Actual text and expected text of test object 'Object Repository/My Associates/Page_My Associates  5-15/h3_Personal Information' are matched.

2018-10-23 20:09:47 - [MESSAGE][PASSED] - Actual text and expected text of test object 'Object Repository/My Associates/Page_My Associates  5-15/h3_Personal Information' are matched.

2018-10-23 20:09:47 - [TEST_STEP][PASSED] - click: Object: 'Object Repository/My Associates/Page_My Associates  5-15/span_Cancel' is clicked on

2018-10-23 20:09:47 - [MESSAGE][PASSED] - Object: 'Object Repository/My Associates/Page_My Associates  5-15/span_Cancel' is clicked on]]></system-out>
         <system-err><![CDATA[]]></system-err>
      </testcase>
      <testcase name="Test Cases/Associate Application/My Associates/TCBA01524" classname="Test Cases/Associate Application/My Associates/TCBA01524" status="PASSED">
         <system-out><![CDATA[2018-10-23 20:09:47 - [TEST_CASE][PASSED] - Test Cases/Associate Application/My Associates/TCBA01524: Test Cases/Associate Application/My Associates/TCBA01524

2018-10-23 20:09:47 - [TEST_STEP][PASSED] - click: Object: 'Object Repository/Edit Profile/Page_Home  5-15/span_Shinto-Test' is clicked on

2018-10-23 20:09:47 - [MESSAGE][PASSED] - Object: 'Object Repository/Edit Profile/Page_Home  5-15/span_Shinto-Test' is clicked on

2018-10-23 20:09:47 - [TEST_STEP][PASSED] - click: Object: 'Object Repository/Edit Profile/Page_Home  5-15/span_Log Off' is clicked on

2018-10-23 20:09:47 - [MESSAGE][PASSED] - Object: 'Object Repository/Edit Profile/Page_Home  5-15/span_Log Off' is clicked on]]></system-out>
         <system-err><![CDATA[]]></system-err>
      </testcase>
      <system-out><![CDATA[2018-10-23 20:08:19 - [TEST_SUITE][PASSED] - VBZ0015-My Associates: Test Cases/Associate Application/My Associates/TCBA01524]]></system-out>
      <system-err><![CDATA[]]></system-err>
   </testsuite>
</testsuites>
