<?xml version="1.0" encoding="UTF-8"?>
<testsuites name="VBZ0010-Associate Login" time="23" tests="8" failures="0" errors="0">
   <testsuite name="VBZ0010-Associate Login" tests="8" failures="0" errors="0" time="23" timestamp="2018-11-30 10:09:11" hostname="Developer - QA-Scheduler.vofox.com" id="Test Suites/VBZ0010-Associate Login">
      <properties>
         <property name="deviceName" value=""/>
         <property name="devicePlatform" value=""/>
         <property name="logFolder" value="F:\\Vofox-Katalon\\Bonanza\\Reports\\VBZ0010-Associate Login\\20181130_100910"/>
         <property name="logFiles" value="F:\\Vofox-Katalon\\Bonanza\\Reports\\VBZ0010-Associate Login\\20181130_100910\\execution0.log"/>
         <property name="attachments" value=""/>
         <property name="hostName" value="Developer - QA-Scheduler.vofox.com"/>
         <property name="os" value="Windows 10 64bit"/>
         <property name="katalonVersion" value="5.9.1.2"/>
         <property name="browser" value="Chrome 70.0.3538.102"/>
         <property name="hostAddress" value="192.168.10.111"/>
         <property name="sessionId" value="7a8e9d5b69f10fc63e4d8ed255bef31f"/>
         <property name="seleniumVersion" value="3.7.1"/>
         <property name="proxyInformation" value="ProxyInformation{proxyOption=NO_PROXY, proxyServerType=HTTP, password=, proxyServerAddress=, proxyServerPort=0}"/>
         <property name="platform" value="Windows 10"/>
      </properties>
      <testcase name="Test Cases/Associate Application/Associate Login/TCBA01001" classname="Test Cases/Associate Application/Associate Login/TCBA01001" status="PASSED">
         <system-out><![CDATA[2018-11-30 10:09:12 - [TEST_CASE][PASSED] - Test Cases/Associate Application/Associate Login/TCBA01001: Test Cases/Associate Application/Associate Login/TCBA01001

2018-11-30 10:09:12 - [TEST_STEP][PASSED] - openBrowser(""): Browser is opened with url: ''

2018-11-30 10:09:12 - [MESSAGE][INFO] - Starting 'Chrome' driver

2018-11-30 10:09:12 - [MESSAGE][INFO] - User set preference: ['args', '[--disable-web-security]']

2018-11-30 10:09:12 - [MESSAGE][INFO] - User set preference: ['prefs', '{=--user-data-dir=c:\my\data}']

2018-11-30 10:09:12 - [MESSAGE][INFO] - Action delay is set to 0 seconds

2018-11-30 10:09:15 - [MESSAGE][PASSED] - Browser is opened with url: ''

2018-11-30 10:09:15 - [TEST_STEP][PASSED] - navigateToUrl("https://192.168.10.72/#/login"): Navigate to 'https://192.168.10.72/#/login' successfully

2018-11-30 10:09:18 - [MESSAGE][PASSED] - Navigate to 'https://192.168.10.72/#/login' successfully

2018-11-30 10:09:18 - [TEST_STEP][PASSED] - maximizeWindow(): Current window maximized

2018-11-30 10:09:19 - [MESSAGE][PASSED] - Current window maximized

2018-11-30 10:09:19 - [TEST_STEP][PASSED] - verifyElementPresent(findTestObject("Object Repository/Page_Log In  5-15/h1_Log In"), 10): Object 'Object Repository/Page_Log In  5-15/h1_Log In' is present

2018-11-30 10:09:19 - [MESSAGE][PASSED] - Object 'Object Repository/Page_Log In  5-15/h1_Log In' is present

2018-11-30 10:09:19 - [TEST_STEP][PASSED] - click(findTestObject("Object Repository/Page_Log In  5-15/button_Log in")): Object: 'Object Repository/Page_Log In  5-15/button_Log in' is clicked on

2018-11-30 10:09:19 - [MESSAGE][PASSED] - Object: 'Object Repository/Page_Log In  5-15/button_Log in' is clicked on

2018-11-30 10:09:19 - [TEST_STEP][PASSED] - verifyElementPresent(findTestObject("Page_Log In  5-15/Username"), 10): Object 'Object Repository/Page_Log In  5-15/Username' is present

2018-11-30 10:09:19 - [MESSAGE][PASSED] - Object 'Object Repository/Page_Log In  5-15/Username' is present

2018-11-30 10:09:19 - [TEST_STEP][PASSED] - verifyElementPresent(findTestObject("Page_Log In  5-15/p_is required"), 10): Object 'Object Repository/Page_Log In  5-15/p_is required' is present

2018-11-30 10:09:19 - [MESSAGE][PASSED] - Object 'Object Repository/Page_Log In  5-15/p_is required' is present

2018-11-30 10:09:19 - [TEST_STEP][PASSED] - verifyElementPresent(findTestObject("Object Repository/Page_Log In  5-15/label_Password"), 10): Object 'Object Repository/Page_Log In  5-15/label_Password' is present

2018-11-30 10:09:19 - [MESSAGE][PASSED] - Object 'Object Repository/Page_Log In  5-15/label_Password' is present

2018-11-30 10:09:19 - [TEST_STEP][PASSED] - verifyElementPresent(findTestObject("Page_Log In  5-15/Required"), 10): Object 'Object Repository/Page_Log In  5-15/Required' is present

2018-11-30 10:09:19 - [MESSAGE][PASSED] - Object 'Object Repository/Page_Log In  5-15/Required' is present]]></system-out>
         <system-err><![CDATA[]]></system-err>
      </testcase>
      <testcase name="Test Cases/Associate Application/Associate Login/TCBA01002" classname="Test Cases/Associate Application/Associate Login/TCBA01002" status="PASSED">
         <system-out><![CDATA[2018-11-30 10:09:19 - [TEST_CASE][PASSED] - Test Cases/Associate Application/Associate Login/TCBA01002: Test Cases/Associate Application/Associate Login/TCBA01002

2018-11-30 10:09:19 - [TEST_STEP][PASSED] - setEncryptedText(findTestObject("Object Repository/Page_Log In  5-15/input_txtPassword"), "p4y+y39Ir5PEPmX20UxFKw=="): Text ****** has been set on object 'Object Repository/Page_Log In  5-15/input_txtPassword'

2018-11-30 10:09:19 - [MESSAGE][PASSED] - Text ****** has been set on object 'Object Repository/Page_Log In  5-15/input_txtPassword'

2018-11-30 10:09:19 - [TEST_STEP][PASSED] - click(findTestObject("Object Repository/Page_Log In  5-15/button_Log in")): Object: 'Object Repository/Page_Log In  5-15/button_Log in' is clicked on

2018-11-30 10:09:20 - [MESSAGE][PASSED] - Object: 'Object Repository/Page_Log In  5-15/button_Log in' is clicked on

2018-11-30 10:09:20 - [TEST_STEP][PASSED] - verifyElementPresent(findTestObject("Object Repository/Page_Log In  5-15/label_User Name"), 10): Object 'Object Repository/Page_Log In  5-15/label_User Name' is present

2018-11-30 10:09:20 - [MESSAGE][PASSED] - Object 'Object Repository/Page_Log In  5-15/label_User Name' is present

2018-11-30 10:09:20 - [TEST_STEP][PASSED] - verifyElementPresent(findTestObject("Page_Log In  5-15/p_is required"), 10): Object 'Object Repository/Page_Log In  5-15/p_is required' is present

2018-11-30 10:09:20 - [MESSAGE][PASSED] - Object 'Object Repository/Page_Log In  5-15/p_is required' is present]]></system-out>
         <system-err><![CDATA[]]></system-err>
      </testcase>
      <testcase name="Test Cases/Associate Application/Associate Login/TCBA01003" classname="Test Cases/Associate Application/Associate Login/TCBA01003" status="PASSED">
         <system-out><![CDATA[2018-11-30 10:09:20 - [TEST_CASE][PASSED] - Test Cases/Associate Application/Associate Login/TCBA01003: Test Cases/Associate Application/Associate Login/TCBA01003

2018-11-30 10:09:20 - [TEST_STEP][PASSED] - setText(findTestObject("Object Repository/Page_Log In  5-15/input_txtPassword"), ""): Text '' is set on object 'Object Repository/Page_Log In  5-15/input_txtPassword'

2018-11-30 10:09:20 - [MESSAGE][PASSED] - Text '' is set on object 'Object Repository/Page_Log In  5-15/input_txtPassword'

2018-11-30 10:09:20 - [TEST_STEP][PASSED] - setText(findTestObject("Object Repository/Page_Log In  5-15/input_txtUserName"), "Shinto-Test"): Text 'Shinto-Test' is set on object 'Object Repository/Page_Log In  5-15/input_txtUserName'

2018-11-30 10:09:20 - [MESSAGE][PASSED] - Text 'Shinto-Test' is set on object 'Object Repository/Page_Log In  5-15/input_txtUserName'

2018-11-30 10:09:20 - [TEST_STEP][PASSED] - click(findTestObject("Object Repository/Page_Log In  5-15/button_Log in")): Object: 'Object Repository/Page_Log In  5-15/button_Log in' is clicked on

2018-11-30 10:09:20 - [MESSAGE][PASSED] - Object: 'Object Repository/Page_Log In  5-15/button_Log in' is clicked on

2018-11-30 10:09:20 - [TEST_STEP][PASSED] - click(findTestObject("Object Repository/Page_Log In  5-15/label_Password")): Object: 'Object Repository/Page_Log In  5-15/label_Password' is clicked on

2018-11-30 10:09:20 - [MESSAGE][PASSED] - Object: 'Object Repository/Page_Log In  5-15/label_Password' is clicked on

2018-11-30 10:09:20 - [TEST_STEP][PASSED] - verifyElementPresent(findTestObject("Page_Log In  5-15/Un Required"), 0): Object 'Object Repository/Page_Log In  5-15/Un Required' is present

2018-11-30 10:09:20 - [MESSAGE][WARNING] - Timeout '0' is invalid. Using default page load timeout: '30'

2018-11-30 10:09:20 - [MESSAGE][PASSED] - Object 'Object Repository/Page_Log In  5-15/Un Required' is present]]></system-out>
         <system-err><![CDATA[]]></system-err>
      </testcase>
      <testcase name="Test Cases/Associate Application/Associate Login/TCBA01004" classname="Test Cases/Associate Application/Associate Login/TCBA01004" status="PASSED">
         <system-out><![CDATA[2018-11-30 10:09:20 - [TEST_CASE][PASSED] - Test Cases/Associate Application/Associate Login/TCBA01004: Test Cases/Associate Application/Associate Login/TCBA01004

2018-11-30 10:09:20 - [TEST_STEP][PASSED] - setText(findTestObject("Object Repository/Page_Log In  5-15/input_txtUserName"), ""): Text '' is set on object 'Object Repository/Page_Log In  5-15/input_txtUserName'

2018-11-30 10:09:20 - [MESSAGE][PASSED] - Text '' is set on object 'Object Repository/Page_Log In  5-15/input_txtUserName'

2018-11-30 10:09:20 - [TEST_STEP][PASSED] - setText(findTestObject("Object Repository/Page_Log In  5-15/input_txtPassword"), ""): Text '' is set on object 'Object Repository/Page_Log In  5-15/input_txtPassword'

2018-11-30 10:09:20 - [MESSAGE][PASSED] - Text '' is set on object 'Object Repository/Page_Log In  5-15/input_txtPassword'

2018-11-30 10:09:20 - [TEST_STEP][PASSED] - setText(findTestObject("Object Repository/Page_Log In  5-15/input_txtUserName"), "21212121@##@#@3"): Text '21212121@##@#@3' is set on object 'Object Repository/Page_Log In  5-15/input_txtUserName'

2018-11-30 10:09:20 - [MESSAGE][PASSED] - Text '21212121@##@#@3' is set on object 'Object Repository/Page_Log In  5-15/input_txtUserName'

2018-11-30 10:09:20 - [TEST_STEP][PASSED] - setEncryptedText(findTestObject("Object Repository/Page_Log In  5-15/input_txtPassword"), "p4y+y39Ir5PEPmX20UxFKw=="): Text ****** has been set on object 'Object Repository/Page_Log In  5-15/input_txtPassword'

2018-11-30 10:09:20 - [MESSAGE][PASSED] - Text ****** has been set on object 'Object Repository/Page_Log In  5-15/input_txtPassword'

2018-11-30 10:09:20 - [TEST_STEP][PASSED] - click(findTestObject("Object Repository/Page_Log In  5-15/button_Log in")): Object: 'Object Repository/Page_Log In  5-15/button_Log in' is clicked on

2018-11-30 10:09:20 - [MESSAGE][PASSED] - Object: 'Object Repository/Page_Log In  5-15/button_Log in' is clicked on

2018-11-30 10:09:20 - [TEST_STEP][PASSED] - verifyElementPresent(findTestObject("Object Repository/Page_Log In  5-15/div_Username was not found."), 0): Object 'Object Repository/Page_Log In  5-15/div_Username was not found.' is present

2018-11-30 10:09:20 - [MESSAGE][WARNING] - Timeout '0' is invalid. Using default page load timeout: '30'

2018-11-30 10:09:21 - [MESSAGE][PASSED] - Object 'Object Repository/Page_Log In  5-15/div_Username was not found.' is present]]></system-out>
         <system-err><![CDATA[]]></system-err>
      </testcase>
      <testcase name="Test Cases/Associate Application/Associate Login/TCBA01005" classname="Test Cases/Associate Application/Associate Login/TCBA01005" status="PASSED">
         <system-out><![CDATA[2018-11-30 10:09:21 - [TEST_CASE][PASSED] - Test Cases/Associate Application/Associate Login/TCBA01005: Test Cases/Associate Application/Associate Login/TCBA01005

2018-11-30 10:09:21 - [TEST_STEP][PASSED] - setText(findTestObject("Object Repository/Page_Log In  5-15/input_txtUserName"), ""): Text '' is set on object 'Object Repository/Page_Log In  5-15/input_txtUserName'

2018-11-30 10:09:21 - [MESSAGE][PASSED] - Text '' is set on object 'Object Repository/Page_Log In  5-15/input_txtUserName'

2018-11-30 10:09:21 - [TEST_STEP][PASSED] - setText(findTestObject("Object Repository/Page_Log In  5-15/input_txtPassword"), ""): Text '' is set on object 'Object Repository/Page_Log In  5-15/input_txtPassword'

2018-11-30 10:09:21 - [MESSAGE][PASSED] - Text '' is set on object 'Object Repository/Page_Log In  5-15/input_txtPassword'

2018-11-30 10:09:21 - [TEST_STEP][PASSED] - setText(findTestObject("Object Repository/Page_Log In  5-15/input_txtUserName"), "Shinto-test"): Text 'Shinto-test' is set on object 'Object Repository/Page_Log In  5-15/input_txtUserName'

2018-11-30 10:09:21 - [MESSAGE][PASSED] - Text 'Shinto-test' is set on object 'Object Repository/Page_Log In  5-15/input_txtUserName'

2018-11-30 10:09:21 - [TEST_STEP][PASSED] - setEncryptedText(findTestObject("Object Repository/Page_Log In  5-15/input_txtPassword"), "vyMhy6SxYBeQFo6WXSfM3HzeL6uKQedE"): Text ****** has been set on object 'Object Repository/Page_Log In  5-15/input_txtPassword'

2018-11-30 10:09:21 - [MESSAGE][PASSED] - Text ****** has been set on object 'Object Repository/Page_Log In  5-15/input_txtPassword'

2018-11-30 10:09:21 - [TEST_STEP][PASSED] - click(findTestObject("Object Repository/Page_Log In  5-15/button_Log in")): Object: 'Object Repository/Page_Log In  5-15/button_Log in' is clicked on

2018-11-30 10:09:21 - [MESSAGE][PASSED] - Object: 'Object Repository/Page_Log In  5-15/button_Log in' is clicked on

2018-11-30 10:09:21 - [TEST_STEP][PASSED] - verifyElementPresent(findTestObject("Object Repository/Page_Log In  5-15/div_Invalid username or passwo"), 0): Object 'Object Repository/Page_Log In  5-15/div_Invalid username or passwo' is present

2018-11-30 10:09:21 - [MESSAGE][WARNING] - Timeout '0' is invalid. Using default page load timeout: '30'

2018-11-30 10:09:21 - [MESSAGE][PASSED] - Object 'Object Repository/Page_Log In  5-15/div_Invalid username or passwo' is present]]></system-out>
         <system-err><![CDATA[]]></system-err>
      </testcase>
      <testcase name="Test Cases/Associate Application/Associate Login/TCBA01006" classname="Test Cases/Associate Application/Associate Login/TCBA01006" status="PASSED">
         <system-out><![CDATA[2018-11-30 10:09:21 - [TEST_CASE][PASSED] - Test Cases/Associate Application/Associate Login/TCBA01006: Test Cases/Associate Application/Associate Login/TCBA01006

2018-11-30 10:09:21 - [TEST_STEP][PASSED] - setText(findTestObject("Object Repository/Page_Log In  5-15/input_txtUserName"), ""): Text '' is set on object 'Object Repository/Page_Log In  5-15/input_txtUserName'

2018-11-30 10:09:21 - [MESSAGE][PASSED] - Text '' is set on object 'Object Repository/Page_Log In  5-15/input_txtUserName'

2018-11-30 10:09:21 - [TEST_STEP][PASSED] - setText(findTestObject("Object Repository/Page_Log In  5-15/input_txtPassword"), ""): Text '' is set on object 'Object Repository/Page_Log In  5-15/input_txtPassword'

2018-11-30 10:09:21 - [MESSAGE][PASSED] - Text '' is set on object 'Object Repository/Page_Log In  5-15/input_txtPassword'

2018-11-30 10:09:21 - [TEST_STEP][PASSED] - setText(findTestObject("Object Repository/Page_Log In  5-15/input_txtUserName"), "232323@#@#@#@"): Text '232323@#@#@#@' is set on object 'Object Repository/Page_Log In  5-15/input_txtUserName'

2018-11-30 10:09:21 - [MESSAGE][PASSED] - Text '232323@#@#@#@' is set on object 'Object Repository/Page_Log In  5-15/input_txtUserName'

2018-11-30 10:09:21 - [TEST_STEP][PASSED] - setEncryptedText(findTestObject("Object Repository/Page_Log In  5-15/input_txtPassword"), "DuR8RBQ48pSQkVHy1VCtfvhA4Y44AH5R"): Text ****** has been set on object 'Object Repository/Page_Log In  5-15/input_txtPassword'

2018-11-30 10:09:21 - [MESSAGE][PASSED] - Text ****** has been set on object 'Object Repository/Page_Log In  5-15/input_txtPassword'

2018-11-30 10:09:21 - [TEST_STEP][PASSED] - click(findTestObject("Object Repository/Page_Log In  5-15/button_Log in")): Object: 'Object Repository/Page_Log In  5-15/button_Log in' is clicked on

2018-11-30 10:09:21 - [MESSAGE][PASSED] - Object: 'Object Repository/Page_Log In  5-15/button_Log in' is clicked on

2018-11-30 10:09:21 - [TEST_STEP][PASSED] - verifyElementPresent(findTestObject("Page_Log In  5-15/Username was not found"), 3): Object 'Object Repository/Page_Log In  5-15/Username was not found' is present

2018-11-30 10:09:21 - [MESSAGE][PASSED] - Object 'Object Repository/Page_Log In  5-15/Username was not found' is present]]></system-out>
         <system-err><![CDATA[]]></system-err>
      </testcase>
      <testcase name="Test Cases/Associate Application/Associate Login/TCBA01007" classname="Test Cases/Associate Application/Associate Login/TCBA01007" status="PASSED">
         <system-out><![CDATA[2018-11-30 10:09:21 - [TEST_CASE][PASSED] - Test Cases/Associate Application/Associate Login/TCBA01007: Test Cases/Associate Application/Associate Login/TCBA01007

2018-11-30 10:09:22 - [TEST_STEP][PASSED] - setText(findTestObject("Object Repository/Page_Log In  5-15/input_txtUserName"), ""): Text '' is set on object 'Object Repository/Page_Log In  5-15/input_txtUserName'

2018-11-30 10:09:22 - [MESSAGE][PASSED] - Text '' is set on object 'Object Repository/Page_Log In  5-15/input_txtUserName'

2018-11-30 10:09:22 - [TEST_STEP][PASSED] - setText(findTestObject("Object Repository/Page_Log In  5-15/input_txtPassword"), ""): Text '' is set on object 'Object Repository/Page_Log In  5-15/input_txtPassword'

2018-11-30 10:09:22 - [MESSAGE][PASSED] - Text '' is set on object 'Object Repository/Page_Log In  5-15/input_txtPassword'

2018-11-30 10:09:22 - [TEST_STEP][PASSED] - setText(findTestObject("Object Repository/Page_Log In  5-15/input_txtUserName"), "Shinto-Test2"): Text 'Shinto-Test2' is set on object 'Object Repository/Page_Log In  5-15/input_txtUserName'

2018-11-30 10:09:22 - [MESSAGE][PASSED] - Text 'Shinto-Test2' is set on object 'Object Repository/Page_Log In  5-15/input_txtUserName'

2018-11-30 10:09:22 - [TEST_STEP][PASSED] - setEncryptedText(findTestObject("Object Repository/Page_Log In  5-15/input_txtPassword"), "p4y+y39Ir5Oy1MY8jPt0uQ=="): Text ****** has been set on object 'Object Repository/Page_Log In  5-15/input_txtPassword'

2018-11-30 10:09:22 - [MESSAGE][PASSED] - Text ****** has been set on object 'Object Repository/Page_Log In  5-15/input_txtPassword'

2018-11-30 10:09:22 - [TEST_STEP][PASSED] - click(findTestObject("Object Repository/Page_Log In  5-15/button_Log in")): Object: 'Object Repository/Page_Log In  5-15/button_Log in' is clicked on

2018-11-30 10:09:22 - [MESSAGE][PASSED] - Object: 'Object Repository/Page_Log In  5-15/button_Log in' is clicked on

2018-11-30 10:09:22 - [TEST_STEP][PASSED] - setText(findTestObject("Object Repository/Page_Log In  5-15/input_txtUserName"), ""): Text '' is set on object 'Object Repository/Page_Log In  5-15/input_txtUserName'

2018-11-30 10:09:22 - [MESSAGE][PASSED] - Text '' is set on object 'Object Repository/Page_Log In  5-15/input_txtUserName'

2018-11-30 10:09:22 - [TEST_STEP][PASSED] - setText(findTestObject("Object Repository/Page_Log In  5-15/input_txtPassword"), ""): Text '' is set on object 'Object Repository/Page_Log In  5-15/input_txtPassword'

2018-11-30 10:09:22 - [MESSAGE][PASSED] - Text '' is set on object 'Object Repository/Page_Log In  5-15/input_txtPassword'

2018-11-30 10:09:22 - [TEST_STEP][PASSED] - setText(findTestObject("Object Repository/Page_Log In  5-15/input_txtUserName"), "Shinto-Test2"): Text 'Shinto-Test2' is set on object 'Object Repository/Page_Log In  5-15/input_txtUserName'

2018-11-30 10:09:22 - [MESSAGE][PASSED] - Text 'Shinto-Test2' is set on object 'Object Repository/Page_Log In  5-15/input_txtUserName'

2018-11-30 10:09:22 - [TEST_STEP][PASSED] - setEncryptedText(findTestObject("Object Repository/Page_Log In  5-15/input_txtPassword"), "p4y+y39Ir5M9IuudaKKEsg=="): Text ****** has been set on object 'Object Repository/Page_Log In  5-15/input_txtPassword'

2018-11-30 10:09:22 - [MESSAGE][PASSED] - Text ****** has been set on object 'Object Repository/Page_Log In  5-15/input_txtPassword'

2018-11-30 10:09:22 - [TEST_STEP][PASSED] - click(findTestObject("Object Repository/Page_Log In  5-15/button_Log in")): Object: 'Object Repository/Page_Log In  5-15/button_Log in' is clicked on

2018-11-30 10:09:22 - [MESSAGE][PASSED] - Object: 'Object Repository/Page_Log In  5-15/button_Log in' is clicked on

2018-11-30 10:09:22 - [TEST_STEP][PASSED] - setText(findTestObject("Object Repository/Page_Log In  5-15/input_txtUserName"), ""): Text '' is set on object 'Object Repository/Page_Log In  5-15/input_txtUserName'

2018-11-30 10:09:22 - [MESSAGE][PASSED] - Text '' is set on object 'Object Repository/Page_Log In  5-15/input_txtUserName'

2018-11-30 10:09:22 - [TEST_STEP][PASSED] - setText(findTestObject("Object Repository/Page_Log In  5-15/input_txtPassword"), ""): Text '' is set on object 'Object Repository/Page_Log In  5-15/input_txtPassword'

2018-11-30 10:09:22 - [MESSAGE][PASSED] - Text '' is set on object 'Object Repository/Page_Log In  5-15/input_txtPassword'

2018-11-30 10:09:22 - [TEST_STEP][PASSED] - setText(findTestObject("Object Repository/Page_Log In  5-15/input_txtUserName"), "Shinto-Test2"): Text 'Shinto-Test2' is set on object 'Object Repository/Page_Log In  5-15/input_txtUserName'

2018-11-30 10:09:22 - [MESSAGE][PASSED] - Text 'Shinto-Test2' is set on object 'Object Repository/Page_Log In  5-15/input_txtUserName'

2018-11-30 10:09:22 - [TEST_STEP][PASSED] - setEncryptedText(findTestObject("Object Repository/Page_Log In  5-15/input_txtPassword"), "p4y+y39Ir5M9IuudaKKEsg=="): Text ****** has been set on object 'Object Repository/Page_Log In  5-15/input_txtPassword'

2018-11-30 10:09:22 - [MESSAGE][PASSED] - Text ****** has been set on object 'Object Repository/Page_Log In  5-15/input_txtPassword'

2018-11-30 10:09:22 - [TEST_STEP][PASSED] - click(findTestObject("Object Repository/Page_Log In  5-15/button_Log in")): Object: 'Object Repository/Page_Log In  5-15/button_Log in' is clicked on

2018-11-30 10:09:22 - [MESSAGE][PASSED] - Object: 'Object Repository/Page_Log In  5-15/button_Log in' is clicked on

2018-11-30 10:09:22 - [TEST_STEP][PASSED] - verifyElementPresent(findTestObject("Object Repository/Page_Log In  5-15/div_You have been locked out."), 0): Object 'Object Repository/Page_Log In  5-15/div_You have been locked out.' is present

2018-11-30 10:09:22 - [MESSAGE][WARNING] - Timeout '0' is invalid. Using default page load timeout: '30'

2018-11-30 10:09:23 - [MESSAGE][PASSED] - Object 'Object Repository/Page_Log In  5-15/div_You have been locked out.' is present]]></system-out>
         <system-err><![CDATA[]]></system-err>
      </testcase>
      <testcase name="Test Cases/Associate Application/Associate Login/TCBA01008" classname="Test Cases/Associate Application/Associate Login/TCBA01008" status="PASSED">
         <system-out><![CDATA[2018-11-30 10:09:23 - [TEST_CASE][PASSED] - Test Cases/Associate Application/Associate Login/TCBA01008: Test Cases/Associate Application/Associate Login/TCBA01008

2018-11-30 10:09:23 - [TEST_STEP][PASSED] - openBrowser(""): Browser is opened with url: ''

2018-11-30 10:09:23 - [MESSAGE][WARNING] - A browser is already opened. Closing browser and opening a new one

2018-11-30 10:09:24 - [MESSAGE][INFO] - Starting 'Chrome' driver

2018-11-30 10:09:24 - [MESSAGE][INFO] - User set preference: ['args', '[--disable-web-security]']

2018-11-30 10:09:24 - [MESSAGE][INFO] - User set preference: ['prefs', '{=--user-data-dir=c:\my\data}']

2018-11-30 10:09:26 - [MESSAGE][PASSED] - Browser is opened with url: ''

2018-11-30 10:09:26 - [TEST_STEP][PASSED] - maximizeWindow(): Current window maximized

2018-11-30 10:09:27 - [MESSAGE][PASSED] - Current window maximized

2018-11-30 10:09:27 - [TEST_STEP][PASSED] - navigateToUrl("https://192.168.10.72/#/login"): Navigate to 'https://192.168.10.72/#/login' successfully

2018-11-30 10:09:30 - [MESSAGE][PASSED] - Navigate to 'https://192.168.10.72/#/login' successfully

2018-11-30 10:09:30 - [TEST_STEP][PASSED] - setText(findTestObject("Object Repository/Page_Log In  5-15/input_txtUserName"), "Shinto-Test"): Text 'Shinto-Test' is set on object 'Object Repository/Page_Log In  5-15/input_txtUserName'

2018-11-30 10:09:30 - [MESSAGE][PASSED] - Text 'Shinto-Test' is set on object 'Object Repository/Page_Log In  5-15/input_txtUserName'

2018-11-30 10:09:30 - [TEST_STEP][PASSED] - setEncryptedText(findTestObject("Object Repository/Page_Log In  5-15/input_txtPassword"), "p4y+y39Ir5PEPmX20UxFKw=="): Text ****** has been set on object 'Object Repository/Page_Log In  5-15/input_txtPassword'

2018-11-30 10:09:31 - [MESSAGE][PASSED] - Text ****** has been set on object 'Object Repository/Page_Log In  5-15/input_txtPassword'

2018-11-30 10:09:31 - [TEST_STEP][PASSED] - click(findTestObject("Object Repository/Page_Log In  5-15/button_Log in")): Object: 'Object Repository/Page_Log In  5-15/button_Log in' is clicked on

2018-11-30 10:09:31 - [MESSAGE][PASSED] - Object: 'Object Repository/Page_Log In  5-15/button_Log in' is clicked on

2018-11-30 10:09:31 - [TEST_STEP][PASSED] - verifyElementText(findTestObject("Object Repository/Change Password/Page_Home  5-15/span_My Title"), "My Title:"): Actual text and expected text of test object 'Object Repository/Change Password/Page_Home  5-15/span_My Title' are matched.

2018-11-30 10:09:34 - [MESSAGE][PASSED] - Actual text and expected text of test object 'Object Repository/Change Password/Page_Home  5-15/span_My Title' are matched.]]></system-out>
         <system-err><![CDATA[]]></system-err>
      </testcase>
      <system-out><![CDATA[2018-11-30 10:09:11 - [TEST_SUITE][PASSED] - VBZ0010-Associate Login: Test Cases/Associate Application/Associate Login/TCBA01008]]></system-out>
      <system-err><![CDATA[]]></system-err>
   </testsuite>
</testsuites>
