<?xml version="1.0" encoding="UTF-8"?>
<testsuites name="VBZ0021-Executive" time="26" tests="7" failures="0" errors="0">
   <testsuite name="VBZ0021-Executive" tests="7" failures="0" errors="0" time="26" timestamp="2018-11-30 10:35:24" hostname="Developer - QA-Scheduler.vofox.com" id="Test Suites/VBZ0021-Executive">
      <properties>
         <property name="deviceName" value=""/>
         <property name="devicePlatform" value=""/>
         <property name="logFolder" value="F:\\Vofox-Katalon\\Bonanza\\Reports\\VBZ0021-Executive\\20181130_103523"/>
         <property name="logFiles" value="F:\\Vofox-Katalon\\Bonanza\\Reports\\VBZ0021-Executive\\20181130_103523\\execution0.log"/>
         <property name="attachments" value=""/>
         <property name="hostName" value="Developer - QA-Scheduler.vofox.com"/>
         <property name="os" value="Windows 10 64bit"/>
         <property name="katalonVersion" value="5.9.1.2"/>
         <property name="browser" value="Chrome 70.0.3538.102"/>
         <property name="hostAddress" value="192.168.10.111"/>
         <property name="sessionId" value="9024f8311366fa60bfe4d92346afac0d"/>
         <property name="seleniumVersion" value="3.7.1"/>
         <property name="proxyInformation" value="ProxyInformation{proxyOption=NO_PROXY, proxyServerType=HTTP, password=, proxyServerAddress=, proxyServerPort=0}"/>
         <property name="platform" value="Windows 10"/>
      </properties>
      <testcase name="Test Cases/Associate Application/Executive/TCBA02301" classname="Test Cases/Associate Application/Executive/TCBA02301" status="PASSED">
         <system-out><![CDATA[2018-11-30 10:35:25 - [TEST_CASE][PASSED] - Test Cases/Associate Application/Executive/TCBA02301: Test Cases/Associate Application/Executive/TCBA02301

2018-11-30 10:35:25 - [TEST_STEP][PASSED] - callTestCase(findTestCase("Associate Application/Associate Prod Login/Login"), [:], STOP_ON_FAILURE): Call Test Case 'Test Cases/Associate Application/Associate Prod Login/Login' successfully

2018-11-30 10:35:25 - [TEST_CASE][PASSED] - Test Cases/Associate Application/Associate Prod Login/Login: Test Cases/Associate Application/Associate Prod Login/Login

2018-11-30 10:35:25 - [TEST_STEP][PASSED] - openBrowser(""): Browser is opened with url: ''

2018-11-30 10:35:25 - [MESSAGE][INFO] - Starting 'Chrome' driver

2018-11-30 10:35:25 - [MESSAGE][INFO] - User set preference: ['args', '[--disable-web-security]']

2018-11-30 10:35:25 - [MESSAGE][INFO] - User set preference: ['prefs', '{=--user-data-dir=c:\my\data}']

2018-11-30 10:35:25 - [MESSAGE][INFO] - Action delay is set to 0 seconds

2018-11-30 10:35:28 - [MESSAGE][PASSED] - Browser is opened with url: ''

2018-11-30 10:35:28 - [TEST_STEP][PASSED] - maximizeWindow(): Current window maximized

2018-11-30 10:35:29 - [MESSAGE][PASSED] - Current window maximized

2018-11-30 10:35:29 - [TEST_STEP][PASSED] - navigateToUrl("https://192.168.10.72:449/"): Navigate to 'https://192.168.10.72:449/' successfully

2018-11-30 10:35:32 - [MESSAGE][PASSED] - Navigate to 'https://192.168.10.72:449/' successfully

2018-11-30 10:35:32 - [TEST_STEP][PASSED] - setText(findTestObject("Object Repository/Page_Log In  5-15/input_txtUserName"), "Shinto-Test"): Text 'Shinto-Test' is set on object 'Object Repository/Page_Log In  5-15/input_txtUserName'

2018-11-30 10:35:32 - [MESSAGE][PASSED] - Text 'Shinto-Test' is set on object 'Object Repository/Page_Log In  5-15/input_txtUserName'

2018-11-30 10:35:32 - [TEST_STEP][PASSED] - setEncryptedText(findTestObject("Object Repository/Page_Log In  5-15/input_txtPassword"), "p4y+y39Ir5PEPmX20UxFKw=="): Text ****** has been set on object 'Object Repository/Page_Log In  5-15/input_txtPassword'

2018-11-30 10:35:32 - [MESSAGE][PASSED] - Text ****** has been set on object 'Object Repository/Page_Log In  5-15/input_txtPassword'

2018-11-30 10:35:32 - [TEST_STEP][PASSED] - click(findTestObject("Object Repository/Page_Log In  5-15/button_Log in")): Object: 'Object Repository/Page_Log In  5-15/button_Log in' is clicked on

2018-11-30 10:35:32 - [MESSAGE][PASSED] - Object: 'Object Repository/Page_Log In  5-15/button_Log in' is clicked on

2018-11-30 10:35:32 - [TEST_STEP][PASSED] - verifyElementText(findTestObject("Object Repository/Change Password/Page_Home  5-15/span_My Title"), "My Title:"): Actual text and expected text of test object 'Object Repository/Change Password/Page_Home  5-15/span_My Title' are matched.

2018-11-30 10:35:35 - [MESSAGE][PASSED] - Actual text and expected text of test object 'Object Repository/Change Password/Page_Home  5-15/span_My Title' are matched.

2018-11-30 10:35:35 - [MESSAGE][PASSED] - Call Test Case 'Test Cases/Associate Application/Associate Prod Login/Login' successfully

2018-11-30 10:35:35 - [TEST_STEP][PASSED] - verifyElementText(findTestObject("Executive/Page_Executive  5-15/Executive Menu"), "Executive"): Actual text and expected text of test object 'Object Repository/Executive/Page_Executive  5-15/Executive Menu' are matched.

2018-11-30 10:35:35 - [MESSAGE][PASSED] - Actual text and expected text of test object 'Object Repository/Executive/Page_Executive  5-15/Executive Menu' are matched.]]></system-out>
         <system-err><![CDATA[]]></system-err>
      </testcase>
      <testcase name="Test Cases/Associate Application/Executive/TCBA02302" classname="Test Cases/Associate Application/Executive/TCBA02302" status="PASSED">
         <system-out><![CDATA[2018-11-30 10:35:35 - [TEST_CASE][PASSED] - Test Cases/Associate Application/Executive/TCBA02302: Test Cases/Associate Application/Executive/TCBA02302

2018-11-30 10:35:35 - [TEST_STEP][PASSED] - waitForElementClickable(findTestObject("Object Repository/Executive/Page_Home  5-15/a_Executive"), 10): Object 'Object Repository/Executive/Page_Home  5-15/a_Executive' is clickable

2018-11-30 10:35:35 - [MESSAGE][PASSED] - Object 'Object Repository/Executive/Page_Home  5-15/a_Executive' is clickable

2018-11-30 10:35:35 - [TEST_STEP][PASSED] - click(findTestObject("Object Repository/Executive/Page_Home  5-15/a_Executive")): Object: 'Object Repository/Executive/Page_Home  5-15/a_Executive' is clicked on

2018-11-30 10:35:35 - [MESSAGE][PASSED] - Object: 'Object Repository/Executive/Page_Home  5-15/a_Executive' is clicked on

2018-11-30 10:35:35 - [TEST_STEP][PASSED] - verifyElementText(findTestObject("Object Repository/Executive/Page_Executive  5-15/span_Executive"), "Executive"): Actual text and expected text of test object 'Object Repository/Executive/Page_Executive  5-15/span_Executive' are matched.

2018-11-30 10:35:35 - [MESSAGE][PASSED] - Actual text and expected text of test object 'Object Repository/Executive/Page_Executive  5-15/span_Executive' are matched.

2018-11-30 10:35:35 - [TEST_STEP][PASSED] - verifyElementText(findTestObject("Object Repository/Executive/Page_Executive  5-15/label_Sponsor"), "Sponsor"): Actual text and expected text of test object 'Object Repository/Executive/Page_Executive  5-15/label_Sponsor' are matched.

2018-11-30 10:35:36 - [MESSAGE][PASSED] - Actual text and expected text of test object 'Object Repository/Executive/Page_Executive  5-15/label_Sponsor' are matched.

2018-11-30 10:35:36 - [TEST_STEP][PASSED] - verifyElementText(findTestObject("Object Repository/Executive/Page_Executive  5-15/button_FILTER"), "FILTER"): Actual text and expected text of test object 'Object Repository/Executive/Page_Executive  5-15/button_FILTER' are matched.

2018-11-30 10:35:36 - [MESSAGE][PASSED] - Actual text and expected text of test object 'Object Repository/Executive/Page_Executive  5-15/button_FILTER' are matched.

2018-11-30 10:35:36 - [TEST_STEP][PASSED] - verifyElementText(findTestObject("Object Repository/Executive/Page_Executive  5-15/h3_Energy Accounts"), "Energy Accounts"): Actual text and expected text of test object 'Object Repository/Executive/Page_Executive  5-15/h3_Energy Accounts' are matched.

2018-11-30 10:35:36 - [MESSAGE][PASSED] - Actual text and expected text of test object 'Object Repository/Executive/Page_Executive  5-15/h3_Energy Accounts' are matched.

2018-11-30 10:35:36 - [TEST_STEP][PASSED] - verifyElementText(findTestObject("Object Repository/Executive/Page_Executive  5-15/div_Status"), "Status"): Actual text and expected text of test object 'Object Repository/Executive/Page_Executive  5-15/div_Status' are matched.

2018-11-30 10:35:36 - [MESSAGE][PASSED] - Actual text and expected text of test object 'Object Repository/Executive/Page_Executive  5-15/div_Status' are matched.

2018-11-30 10:35:36 - [TEST_STEP][PASSED] - verifyElementText(findTestObject("Object Repository/Executive/Page_Executive  5-15/div_Count"), "Count"): Actual text and expected text of test object 'Object Repository/Executive/Page_Executive  5-15/div_Count' are matched.

2018-11-30 10:35:36 - [MESSAGE][PASSED] - Actual text and expected text of test object 'Object Repository/Executive/Page_Executive  5-15/div_Count' are matched.

2018-11-30 10:35:36 - [TEST_STEP][PASSED] - verifyElementText(findTestObject("Object Repository/Executive/Page_Executive  5-15/h3_Associates"), "Associates"): Actual text and expected text of test object 'Object Repository/Executive/Page_Executive  5-15/h3_Associates' are matched.

2018-11-30 10:35:36 - [MESSAGE][PASSED] - Actual text and expected text of test object 'Object Repository/Executive/Page_Executive  5-15/h3_Associates' are matched.

2018-11-30 10:35:36 - [TEST_STEP][PASSED] - verifyElementText(findTestObject("Object Repository/Executive/Page_Executive  5-15/div_Status"), "Status"): Actual text and expected text of test object 'Object Repository/Executive/Page_Executive  5-15/div_Status' are matched.

2018-11-30 10:35:36 - [MESSAGE][PASSED] - Actual text and expected text of test object 'Object Repository/Executive/Page_Executive  5-15/div_Status' are matched.

2018-11-30 10:35:36 - [TEST_STEP][PASSED] - verifyElementText(findTestObject("Object Repository/Executive/Page_Executive  5-15/div_Count"), "Count"): Actual text and expected text of test object 'Object Repository/Executive/Page_Executive  5-15/div_Count' are matched.

2018-11-30 10:35:36 - [MESSAGE][PASSED] - Actual text and expected text of test object 'Object Repository/Executive/Page_Executive  5-15/div_Count' are matched.]]></system-out>
         <system-err><![CDATA[]]></system-err>
      </testcase>
      <testcase name="Test Cases/Associate Application/Executive/TCBA02303" classname="Test Cases/Associate Application/Executive/TCBA02303" status="PASSED">
         <system-out><![CDATA[2018-11-30 10:35:36 - [TEST_CASE][PASSED] - Test Cases/Associate Application/Executive/TCBA02303: Test Cases/Associate Application/Executive/TCBA02303

2018-11-30 10:35:36 - [TEST_STEP][PASSED] - verifyElementText(findTestObject("Object Repository/Executive/Page_Executive  5-15/label_Sponsor"), "Sponsor"): Actual text and expected text of test object 'Object Repository/Executive/Page_Executive  5-15/label_Sponsor' are matched.

2018-11-30 10:35:36 - [MESSAGE][PASSED] - Actual text and expected text of test object 'Object Repository/Executive/Page_Executive  5-15/label_Sponsor' are matched.

2018-11-30 10:35:36 - [TEST_STEP][PASSED] - verifyOptionPresentByLabel(findTestObject("Object Repository/Executive/Page_Executive  5-15/select_Select Sponsor"), "Select Sponsor", false, 0): 1 option(s) with label 'Select Sponsor' is/are present in object 'Object Repository/Executive/Page_Executive  5-15/select_Select Sponsor' 

2018-11-30 10:35:36 - [MESSAGE][WARNING] - Timeout '0' is invalid. Using default page load timeout: '30'

2018-11-30 10:35:36 - [MESSAGE][PASSED] - 1 option(s) with label 'Select Sponsor' is/are present in object 'Object Repository/Executive/Page_Executive  5-15/select_Select Sponsor' 

2018-11-30 10:35:36 - [TEST_STEP][PASSED] - delay(3): Delayed 3 second(s)

2018-11-30 10:35:39 - [MESSAGE][PASSED] - Delayed 3 second(s)

2018-11-30 10:35:39 - [TEST_STEP][PASSED] - selectOptionByLabel(findTestObject("Object Repository/Executive/Page_Executive  5-15/select_Select Sponsor"), "Select Sponsor", false): All options with label 'Select Sponsor' are selected in object 'Object Repository/Executive/Page_Executive  5-15/select_Select Sponsor' 

2018-11-30 10:35:39 - [MESSAGE][PASSED] - All options with label 'Select Sponsor' are selected in object 'Object Repository/Executive/Page_Executive  5-15/select_Select Sponsor' 

2018-11-30 10:35:39 - [TEST_STEP][PASSED] - delay(3): Delayed 3 second(s)

2018-11-30 10:35:42 - [MESSAGE][PASSED] - Delayed 3 second(s)

2018-11-30 10:35:42 - [TEST_STEP][PASSED] - verifyElementText(findTestObject("Object Repository/Executive/Page_Executive  5-15/button_FILTER"), "FILTER"): Actual text and expected text of test object 'Object Repository/Executive/Page_Executive  5-15/button_FILTER' are matched.

2018-11-30 10:35:42 - [MESSAGE][PASSED] - Actual text and expected text of test object 'Object Repository/Executive/Page_Executive  5-15/button_FILTER' are matched.

2018-11-30 10:35:42 - [TEST_STEP][PASSED] - click(findTestObject("Object Repository/Executive/Page_Executive  5-15/button_FILTER")): Object: 'Object Repository/Executive/Page_Executive  5-15/button_FILTER' is clicked on

2018-11-30 10:35:42 - [MESSAGE][PASSED] - Object: 'Object Repository/Executive/Page_Executive  5-15/button_FILTER' is clicked on]]></system-out>
         <system-err><![CDATA[]]></system-err>
      </testcase>
      <testcase name="Test Cases/Associate Application/Executive/TCBA02304" classname="Test Cases/Associate Application/Executive/TCBA02304" status="PASSED">
         <system-out><![CDATA[2018-11-30 10:35:42 - [TEST_CASE][PASSED] - Test Cases/Associate Application/Executive/TCBA02304: Test Cases/Associate Application/Executive/TCBA02304

2018-11-30 10:35:42 - [TEST_STEP][PASSED] - selectOptionByLabel(findTestObject("Object Repository/Executive/Page_Executive  5-15/select_Select Sponsor"), "Select Sponsor", false): All options with label 'Select Sponsor' are selected in object 'Object Repository/Executive/Page_Executive  5-15/select_Select Sponsor' 

2018-11-30 10:35:42 - [MESSAGE][PASSED] - All options with label 'Select Sponsor' are selected in object 'Object Repository/Executive/Page_Executive  5-15/select_Select Sponsor' 

2018-11-30 10:35:42 - [TEST_STEP][PASSED] - delay(3): Delayed 3 second(s)

2018-11-30 10:35:45 - [MESSAGE][PASSED] - Delayed 3 second(s)

2018-11-30 10:35:45 - [TEST_STEP][PASSED] - click(findTestObject("Object Repository/Executive/Page_Executive  5-15/button_FILTER")): Object: 'Object Repository/Executive/Page_Executive  5-15/button_FILTER' is clicked on

2018-11-30 10:35:45 - [MESSAGE][PASSED] - Object: 'Object Repository/Executive/Page_Executive  5-15/button_FILTER' is clicked on

2018-11-30 10:35:45 - [TEST_STEP][PASSED] - verifyElementText(findTestObject("Object Repository/Executive/Page_Executive  5-15/h3_Energy Accounts"), "Energy Accounts"): Actual text and expected text of test object 'Object Repository/Executive/Page_Executive  5-15/h3_Energy Accounts' are matched.

2018-11-30 10:35:45 - [MESSAGE][PASSED] - Actual text and expected text of test object 'Object Repository/Executive/Page_Executive  5-15/h3_Energy Accounts' are matched.

2018-11-30 10:35:45 - [TEST_STEP][PASSED] - click(findTestObject("Object Repository/Executive/Page_Executive  5-15/span_472")): Object: 'Object Repository/Executive/Page_Executive  5-15/span_472' is clicked on

2018-11-30 10:35:45 - [MESSAGE][PASSED] - Object: 'Object Repository/Executive/Page_Executive  5-15/span_472' is clicked on

2018-11-30 10:35:45 - [TEST_STEP][PASSED] - waitForElementPresent(findTestObject("Object Repository/Executive/Page_Executive  5-15/h3_Contract Not Signed"), 3): Object 'Object Repository/Executive/Page_Executive  5-15/h3_Contract Not Signed' is present

2018-11-30 10:35:47 - [MESSAGE][PASSED] - Object 'Object Repository/Executive/Page_Executive  5-15/h3_Contract Not Signed' is present

2018-11-30 10:35:47 - [TEST_STEP][PASSED] - verifyElementText(findTestObject("Object Repository/Executive/Page_Executive  5-15/h3_Contract Not Signed"), "Contract Not Signed"): Actual text and expected text of test object 'Object Repository/Executive/Page_Executive  5-15/h3_Contract Not Signed' are matched.

2018-11-30 10:35:47 - [MESSAGE][PASSED] - Actual text and expected text of test object 'Object Repository/Executive/Page_Executive  5-15/h3_Contract Not Signed' are matched.

2018-11-30 10:35:47 - [TEST_STEP][PASSED] - verifyElementText(findTestObject("Object Repository/Executive/Page_Executive  5-15/div_Level"), "Level"): Actual text and expected text of test object 'Object Repository/Executive/Page_Executive  5-15/div_Level' are matched.

2018-11-30 10:35:47 - [MESSAGE][PASSED] - Actual text and expected text of test object 'Object Repository/Executive/Page_Executive  5-15/div_Level' are matched.

2018-11-30 10:35:47 - [TEST_STEP][PASSED] - verifyElementText(findTestObject("Object Repository/Executive/Page_Executive  5-15/div_Count"), "Count"): Actual text and expected text of test object 'Object Repository/Executive/Page_Executive  5-15/div_Count' are matched.

2018-11-30 10:35:47 - [MESSAGE][PASSED] - Actual text and expected text of test object 'Object Repository/Executive/Page_Executive  5-15/div_Count' are matched.]]></system-out>
         <system-err><![CDATA[]]></system-err>
      </testcase>
      <testcase name="Test Cases/Associate Application/Executive/TCBA02305" classname="Test Cases/Associate Application/Executive/TCBA02305" status="PASSED">
         <system-out><![CDATA[2018-11-30 10:35:47 - [TEST_CASE][PASSED] - Test Cases/Associate Application/Executive/TCBA02305: Test Cases/Associate Application/Executive/TCBA02305

2018-11-30 10:35:47 - [TEST_STEP][PASSED] - click(findTestObject("Object Repository/Executive/Page_Executive  5-15/span_14")): Object: 'Object Repository/Executive/Page_Executive  5-15/span_14' is clicked on

2018-11-30 10:35:47 - [MESSAGE][PASSED] - Object: 'Object Repository/Executive/Page_Executive  5-15/span_14' is clicked on

2018-11-30 10:35:47 - [TEST_STEP][PASSED] - scrollToElement(findTestObject("Executive/Page_Executive  5-15/h3_Energy Accounts Details"), 0): Scroll to object 'Object Repository/Executive/Page_Executive  5-15/h3_Energy Accounts Details' successfully

2018-11-30 10:35:47 - [MESSAGE][WARNING] - Timeout '0' is invalid. Using default page load timeout: '30'

2018-11-30 10:35:47 - [MESSAGE][PASSED] - Scroll to object 'Object Repository/Executive/Page_Executive  5-15/h3_Energy Accounts Details' successfully

2018-11-30 10:35:47 - [TEST_STEP][PASSED] - verifyElementText(findTestObject("Object Repository/Executive/Page_Executive  5-15/h3_Energy Accounts Details"), "Energy Accounts Details"): Actual text and expected text of test object 'Object Repository/Executive/Page_Executive  5-15/h3_Energy Accounts Details' are matched.

2018-11-30 10:35:47 - [MESSAGE][PASSED] - Actual text and expected text of test object 'Object Repository/Executive/Page_Executive  5-15/h3_Energy Accounts Details' are matched.

2018-11-30 10:35:47 - [TEST_STEP][PASSED] - verifyElementText(findTestObject("Object Repository/Executive/Page_Executive  5-15/th_Sponsor"), "Sponsor"): Actual text and expected text of test object 'Object Repository/Executive/Page_Executive  5-15/th_Sponsor' are matched.

2018-11-30 10:35:47 - [MESSAGE][PASSED] - Actual text and expected text of test object 'Object Repository/Executive/Page_Executive  5-15/th_Sponsor' are matched.

2018-11-30 10:35:47 - [TEST_STEP][PASSED] - verifyElementText(findTestObject("Object Repository/Executive/Page_Executive  5-15/th_Associate"), "Associate"): Actual text and expected text of test object 'Object Repository/Executive/Page_Executive  5-15/th_Associate' are matched.

2018-11-30 10:35:47 - [MESSAGE][PASSED] - Actual text and expected text of test object 'Object Repository/Executive/Page_Executive  5-15/th_Associate' are matched.

2018-11-30 10:35:47 - [TEST_STEP][PASSED] - verifyElementText(findTestObject("Object Repository/Executive/Page_Executive  5-15/th_Customer Energy Accounts"), "Customer Energy Accounts"): Actual text and expected text of test object 'Object Repository/Executive/Page_Executive  5-15/th_Customer Energy Accounts' are matched.

2018-11-30 10:35:47 - [MESSAGE][PASSED] - Actual text and expected text of test object 'Object Repository/Executive/Page_Executive  5-15/th_Customer Energy Accounts' are matched.

2018-11-30 10:35:47 - [TEST_STEP][PASSED] - verifyElementText(findTestObject("Object Repository/Executive/Page_Executive  5-15/div_Level"), "Level"): Actual text and expected text of test object 'Object Repository/Executive/Page_Executive  5-15/div_Level' are matched.

2018-11-30 10:35:47 - [MESSAGE][PASSED] - Actual text and expected text of test object 'Object Repository/Executive/Page_Executive  5-15/div_Level' are matched.

2018-11-30 10:35:47 - [TEST_STEP][PASSED] - verifyElementText(findTestObject("Object Repository/Executive/Page_Executive  5-15/div_Sponsor"), "Sponsor"): Actual text and expected text of test object 'Object Repository/Executive/Page_Executive  5-15/div_Sponsor' are matched.

2018-11-30 10:35:47 - [MESSAGE][PASSED] - Actual text and expected text of test object 'Object Repository/Executive/Page_Executive  5-15/div_Sponsor' are matched.

2018-11-30 10:35:47 - [TEST_STEP][PASSED] - verifyElementText(findTestObject("Object Repository/Executive/Page_Executive  5-15/div_Sponsor Email"), "Sponsor Email"): Actual text and expected text of test object 'Object Repository/Executive/Page_Executive  5-15/div_Sponsor Email' are matched.

2018-11-30 10:35:47 - [MESSAGE][PASSED] - Actual text and expected text of test object 'Object Repository/Executive/Page_Executive  5-15/div_Sponsor Email' are matched.

2018-11-30 10:35:47 - [TEST_STEP][PASSED] - verifyElementText(findTestObject("Object Repository/Executive/Page_Executive  5-15/div_Sponsor Mobile Phone"), "Sponsor Mobile Phone"): Actual text and expected text of test object 'Object Repository/Executive/Page_Executive  5-15/div_Sponsor Mobile Phone' are matched.

2018-11-30 10:35:47 - [MESSAGE][PASSED] - Actual text and expected text of test object 'Object Repository/Executive/Page_Executive  5-15/div_Sponsor Mobile Phone' are matched.

2018-11-30 10:35:47 - [TEST_STEP][PASSED] - verifyElementText(findTestObject("Object Repository/Executive/Page_Executive  5-15/div_Associate"), "Associate"): Actual text and expected text of test object 'Object Repository/Executive/Page_Executive  5-15/div_Associate' are matched.

2018-11-30 10:35:47 - [MESSAGE][PASSED] - Actual text and expected text of test object 'Object Repository/Executive/Page_Executive  5-15/div_Associate' are matched.

2018-11-30 10:35:47 - [TEST_STEP][PASSED] - verifyElementText(findTestObject("Executive/Page_Executive  5-15/div_Email"), "Email"): Actual text and expected text of test object 'Object Repository/Executive/Page_Executive  5-15/div_Email' are matched.

2018-11-30 10:35:47 - [MESSAGE][PASSED] - Actual text and expected text of test object 'Object Repository/Executive/Page_Executive  5-15/div_Email' are matched.

2018-11-30 10:35:47 - [TEST_STEP][PASSED] - verifyElementText(findTestObject("Object Repository/Executive/Page_Executive  5-15/div_Mobile Phone"), "Mobile Phone"): Actual text and expected text of test object 'Object Repository/Executive/Page_Executive  5-15/div_Mobile Phone' are matched.

2018-11-30 10:35:47 - [MESSAGE][PASSED] - Actual text and expected text of test object 'Object Repository/Executive/Page_Executive  5-15/div_Mobile Phone' are matched.

2018-11-30 10:35:47 - [TEST_STEP][PASSED] - verifyElementText(findTestObject("Object Repository/Executive/Page_Executive  5-15/div_Inactive Date"), "Inactive Date"): Actual text and expected text of test object 'Object Repository/Executive/Page_Executive  5-15/div_Inactive Date' are matched.

2018-11-30 10:35:47 - [MESSAGE][PASSED] - Actual text and expected text of test object 'Object Repository/Executive/Page_Executive  5-15/div_Inactive Date' are matched.

2018-11-30 10:35:47 - [TEST_STEP][PASSED] - verifyElementText(findTestObject("Object Repository/Executive/Page_Executive  5-15/div_Submitted Date"), "Submitted Date"): Actual text and expected text of test object 'Object Repository/Executive/Page_Executive  5-15/div_Submitted Date' are matched.

2018-11-30 10:35:47 - [MESSAGE][PASSED] - Actual text and expected text of test object 'Object Repository/Executive/Page_Executive  5-15/div_Submitted Date' are matched.

2018-11-30 10:35:47 - [TEST_STEP][PASSED] - verifyElementText(findTestObject("Object Repository/Executive/Page_Executive  5-15/div_Account Name"), "Account Name"): Actual text and expected text of test object 'Object Repository/Executive/Page_Executive  5-15/div_Account Name' are matched.

2018-11-30 10:35:47 - [MESSAGE][PASSED] - Actual text and expected text of test object 'Object Repository/Executive/Page_Executive  5-15/div_Account Name' are matched.

2018-11-30 10:35:47 - [TEST_STEP][PASSED] - verifyElementText(findTestObject("Object Repository/Executive/Page_Executive  5-15/div_Account Number"), "Account Number"): Actual text and expected text of test object 'Object Repository/Executive/Page_Executive  5-15/div_Account Number' are matched.

2018-11-30 10:35:47 - [MESSAGE][PASSED] - Actual text and expected text of test object 'Object Repository/Executive/Page_Executive  5-15/div_Account Number' are matched.

2018-11-30 10:35:47 - [TEST_STEP][PASSED] - verifyElementText(findTestObject("Object Repository/Executive/Page_Executive  5-15/div_Account Status"), "Account Status"): Actual text and expected text of test object 'Object Repository/Executive/Page_Executive  5-15/div_Account Status' are matched.

2018-11-30 10:35:48 - [MESSAGE][PASSED] - Actual text and expected text of test object 'Object Repository/Executive/Page_Executive  5-15/div_Account Status' are matched.]]></system-out>
         <system-err><![CDATA[]]></system-err>
      </testcase>
      <testcase name="Test Cases/Associate Application/Executive/TCBA02306" classname="Test Cases/Associate Application/Executive/TCBA02306" status="PASSED">
         <system-out><![CDATA[2018-11-30 10:35:48 - [TEST_CASE][PASSED] - Test Cases/Associate Application/Executive/TCBA02306: Test Cases/Associate Application/Executive/TCBA02306

2018-11-30 10:35:48 - [TEST_STEP][PASSED] - scrollToElement(findTestObject("Executive/Page_Executive  5-15/h3_Associates"), 0): Scroll to object 'Object Repository/Executive/Page_Executive  5-15/h3_Associates' successfully

2018-11-30 10:35:48 - [MESSAGE][WARNING] - Timeout '0' is invalid. Using default page load timeout: '30'

2018-11-30 10:35:48 - [MESSAGE][PASSED] - Scroll to object 'Object Repository/Executive/Page_Executive  5-15/h3_Associates' successfully

2018-11-30 10:35:48 - [TEST_STEP][PASSED] - waitForElementPresent(findTestObject("Object Repository/Executive/Page_Executive  5-15/h3_Associates"), 0): Object 'Object Repository/Executive/Page_Executive  5-15/h3_Associates' is present

2018-11-30 10:35:48 - [MESSAGE][WARNING] - Timeout '0' is invalid. Using default page load timeout: '30'

2018-11-30 10:35:48 - [MESSAGE][PASSED] - Object 'Object Repository/Executive/Page_Executive  5-15/h3_Associates' is present

2018-11-30 10:35:48 - [TEST_STEP][PASSED] - verifyElementText(findTestObject("Object Repository/Executive/Page_Executive  5-15/h3_Associates"), "Associates"): Actual text and expected text of test object 'Object Repository/Executive/Page_Executive  5-15/h3_Associates' are matched.

2018-11-30 10:35:48 - [MESSAGE][PASSED] - Actual text and expected text of test object 'Object Repository/Executive/Page_Executive  5-15/h3_Associates' are matched.

2018-11-30 10:35:48 - [TEST_STEP][PASSED] - click(findTestObject("Object Repository/Executive/Page_Executive  5-15/span_359")): Object: 'Object Repository/Executive/Page_Executive  5-15/span_359' is clicked on

2018-11-30 10:35:48 - [MESSAGE][PASSED] - Object: 'Object Repository/Executive/Page_Executive  5-15/span_359' is clicked on

2018-11-30 10:35:48 - [TEST_STEP][PASSED] - verifyElementText(findTestObject("Object Repository/Executive/Page_Executive  5-15/h3_Contract Not Signed"), "Contract Not Signed"): Actual text and expected text of test object 'Object Repository/Executive/Page_Executive  5-15/h3_Contract Not Signed' are matched.

2018-11-30 10:35:49 - [MESSAGE][PASSED] - Actual text and expected text of test object 'Object Repository/Executive/Page_Executive  5-15/h3_Contract Not Signed' are matched.

2018-11-30 10:35:49 - [TEST_STEP][PASSED] - verifyElementText(findTestObject("Object Repository/Executive/Page_Executive  5-15/div_Level"), "Level"): Actual text and expected text of test object 'Object Repository/Executive/Page_Executive  5-15/div_Level' are matched.

2018-11-30 10:35:49 - [MESSAGE][PASSED] - Actual text and expected text of test object 'Object Repository/Executive/Page_Executive  5-15/div_Level' are matched.

2018-11-30 10:35:49 - [TEST_STEP][PASSED] - verifyElementText(findTestObject("Object Repository/Executive/Page_Executive  5-15/div_Count"), "Count"): Actual text and expected text of test object 'Object Repository/Executive/Page_Executive  5-15/div_Count' are matched.

2018-11-30 10:35:49 - [MESSAGE][PASSED] - Actual text and expected text of test object 'Object Repository/Executive/Page_Executive  5-15/div_Count' are matched.

2018-11-30 10:35:49 - [TEST_STEP][PASSED] - click(findTestObject("Object Repository/Executive/Page_Executive  5-15/span_41")): Object: 'Object Repository/Executive/Page_Executive  5-15/span_41' is clicked on

2018-11-30 10:35:50 - [MESSAGE][PASSED] - Object: 'Object Repository/Executive/Page_Executive  5-15/span_41' is clicked on

2018-11-30 10:35:50 - [TEST_STEP][PASSED] - scrollToElement(findTestObject("Executive/Page_Executive  5-15/h3_Associate Details"), 0): Scroll to object 'Object Repository/Executive/Page_Executive  5-15/h3_Associate Details' successfully

2018-11-30 10:35:50 - [MESSAGE][WARNING] - Timeout '0' is invalid. Using default page load timeout: '30'

2018-11-30 10:35:50 - [MESSAGE][PASSED] - Scroll to object 'Object Repository/Executive/Page_Executive  5-15/h3_Associate Details' successfully

2018-11-30 10:35:50 - [TEST_STEP][PASSED] - verifyElementText(findTestObject("Object Repository/Executive/Page_Executive  5-15/h3_Associate Details"), "Associate Details"): Actual text and expected text of test object 'Object Repository/Executive/Page_Executive  5-15/h3_Associate Details' are matched.

2018-11-30 10:35:50 - [MESSAGE][PASSED] - Actual text and expected text of test object 'Object Repository/Executive/Page_Executive  5-15/h3_Associate Details' are matched.

2018-11-30 10:35:50 - [TEST_STEP][PASSED] - verifyElementText(findTestObject("Object Repository/Executive/Page_Executive  5-15/th_Sponsor"), "Sponsor"): Actual text and expected text of test object 'Object Repository/Executive/Page_Executive  5-15/th_Sponsor' are matched.

2018-11-30 10:35:50 - [MESSAGE][PASSED] - Actual text and expected text of test object 'Object Repository/Executive/Page_Executive  5-15/th_Sponsor' are matched.

2018-11-30 10:35:50 - [TEST_STEP][PASSED] - verifyElementText(findTestObject("Object Repository/Executive/Page_Executive  5-15/th_Associate"), "Associate"): Actual text and expected text of test object 'Object Repository/Executive/Page_Executive  5-15/th_Associate' are matched.

2018-11-30 10:35:50 - [MESSAGE][PASSED] - Actual text and expected text of test object 'Object Repository/Executive/Page_Executive  5-15/th_Associate' are matched.

2018-11-30 10:35:50 - [TEST_STEP][PASSED] - verifyElementText(findTestObject("Object Repository/Executive/Page_Executive  5-15/th_Customer Energy Accounts"), "Customer Energy Accounts"): Actual text and expected text of test object 'Object Repository/Executive/Page_Executive  5-15/th_Customer Energy Accounts' are matched.

2018-11-30 10:35:50 - [MESSAGE][PASSED] - Actual text and expected text of test object 'Object Repository/Executive/Page_Executive  5-15/th_Customer Energy Accounts' are matched.

2018-11-30 10:35:50 - [TEST_STEP][PASSED] - verifyElementText(findTestObject("Object Repository/Executive/Page_Executive  5-15/div_Level"), "Level"): Actual text and expected text of test object 'Object Repository/Executive/Page_Executive  5-15/div_Level' are matched.

2018-11-30 10:35:50 - [MESSAGE][PASSED] - Actual text and expected text of test object 'Object Repository/Executive/Page_Executive  5-15/div_Level' are matched.

2018-11-30 10:35:50 - [TEST_STEP][PASSED] - verifyElementText(findTestObject("Object Repository/Executive/Page_Executive  5-15/div_Sponsor"), "Sponsor"): Actual text and expected text of test object 'Object Repository/Executive/Page_Executive  5-15/div_Sponsor' are matched.

2018-11-30 10:35:50 - [MESSAGE][PASSED] - Actual text and expected text of test object 'Object Repository/Executive/Page_Executive  5-15/div_Sponsor' are matched.

2018-11-30 10:35:50 - [TEST_STEP][PASSED] - verifyElementText(findTestObject("Object Repository/Executive/Page_Executive  5-15/div_Sponsor Email"), "Sponsor Email"): Actual text and expected text of test object 'Object Repository/Executive/Page_Executive  5-15/div_Sponsor Email' are matched.

2018-11-30 10:35:50 - [MESSAGE][PASSED] - Actual text and expected text of test object 'Object Repository/Executive/Page_Executive  5-15/div_Sponsor Email' are matched.

2018-11-30 10:35:50 - [TEST_STEP][PASSED] - verifyElementText(findTestObject("Object Repository/Executive/Page_Executive  5-15/div_Sponsor Mobile Phone"), "Sponsor Mobile Phone"): Actual text and expected text of test object 'Object Repository/Executive/Page_Executive  5-15/div_Sponsor Mobile Phone' are matched.

2018-11-30 10:35:50 - [MESSAGE][PASSED] - Actual text and expected text of test object 'Object Repository/Executive/Page_Executive  5-15/div_Sponsor Mobile Phone' are matched.

2018-11-30 10:35:50 - [TEST_STEP][PASSED] - verifyElementText(findTestObject("Object Repository/Executive/Page_Executive  5-15/div_Associate"), "Associate"): Actual text and expected text of test object 'Object Repository/Executive/Page_Executive  5-15/div_Associate' are matched.

2018-11-30 10:35:50 - [MESSAGE][PASSED] - Actual text and expected text of test object 'Object Repository/Executive/Page_Executive  5-15/div_Associate' are matched.

2018-11-30 10:35:50 - [TEST_STEP][PASSED] - verifyElementText(findTestObject("Object Repository/Executive/Page_Executive  5-15/div_Email"), "Email"): Actual text and expected text of test object 'Object Repository/Executive/Page_Executive  5-15/div_Email' are matched.

2018-11-30 10:35:50 - [MESSAGE][PASSED] - Actual text and expected text of test object 'Object Repository/Executive/Page_Executive  5-15/div_Email' are matched.

2018-11-30 10:35:50 - [TEST_STEP][PASSED] - verifyElementText(findTestObject("Object Repository/Executive/Page_Executive  5-15/div_Mobile Phone"), "Mobile Phone"): Actual text and expected text of test object 'Object Repository/Executive/Page_Executive  5-15/div_Mobile Phone' are matched.

2018-11-30 10:35:50 - [MESSAGE][PASSED] - Actual text and expected text of test object 'Object Repository/Executive/Page_Executive  5-15/div_Mobile Phone' are matched.

2018-11-30 10:35:50 - [TEST_STEP][PASSED] - verifyElementText(findTestObject("Object Repository/Executive/Page_Executive  5-15/div_Inactive Date"), "Inactive Date"): Actual text and expected text of test object 'Object Repository/Executive/Page_Executive  5-15/div_Inactive Date' are matched.

2018-11-30 10:35:50 - [MESSAGE][PASSED] - Actual text and expected text of test object 'Object Repository/Executive/Page_Executive  5-15/div_Inactive Date' are matched.

2018-11-30 10:35:50 - [TEST_STEP][PASSED] - verifyElementText(findTestObject("Object Repository/Executive/Page_Executive  5-15/div_Contract Signed Date"), "Contract Signed Date"): Actual text and expected text of test object 'Object Repository/Executive/Page_Executive  5-15/div_Contract Signed Date' are matched.

2018-11-30 10:35:50 - [MESSAGE][PASSED] - Actual text and expected text of test object 'Object Repository/Executive/Page_Executive  5-15/div_Contract Signed Date' are matched.

2018-11-30 10:35:50 - [TEST_STEP][PASSED] - verifyElementText(findTestObject("Object Repository/Executive/Page_Executive  5-15/div_CSR Title"), "Associate Title"): Actual text and expected text of test object 'Object Repository/Executive/Page_Executive  5-15/div_CSR Title' are matched.

2018-11-30 10:35:50 - [MESSAGE][PASSED] - Actual text and expected text of test object 'Object Repository/Executive/Page_Executive  5-15/div_CSR Title' are matched.

2018-11-30 10:35:50 - [TEST_STEP][PASSED] - verifyElementText(findTestObject("Object Repository/Executive/Page_Executive  5-15/div_Associate Count"), "Associate Count"): Actual text and expected text of test object 'Object Repository/Executive/Page_Executive  5-15/div_Associate Count' are matched.

2018-11-30 10:35:50 - [MESSAGE][PASSED] - Actual text and expected text of test object 'Object Repository/Executive/Page_Executive  5-15/div_Associate Count' are matched.

2018-11-30 10:35:50 - [TEST_STEP][PASSED] - verifyElementText(findTestObject("Object Repository/Executive/Page_Executive  5-15/div_Contract Count"), "Contract Count"): Actual text and expected text of test object 'Object Repository/Executive/Page_Executive  5-15/div_Contract Count' are matched.

2018-11-30 10:35:50 - [MESSAGE][PASSED] - Actual text and expected text of test object 'Object Repository/Executive/Page_Executive  5-15/div_Contract Count' are matched.

2018-11-30 10:35:50 - [TEST_STEP][PASSED] - scrollToPosition(0, 0): Browser is scrolled to position x = 0, y = 0

2018-11-30 10:35:50 - [MESSAGE][PASSED] - Browser is scrolled to position x = 0, y = 0]]></system-out>
         <system-err><![CDATA[]]></system-err>
      </testcase>
      <testcase name="Test Cases/Associate Application/Executive/TCBA02307" classname="Test Cases/Associate Application/Executive/TCBA02307" status="PASSED">
         <system-out><![CDATA[2018-11-30 10:35:50 - [TEST_CASE][PASSED] - Test Cases/Associate Application/Executive/TCBA02307: Test Cases/Associate Application/Executive/TCBA02307

2018-11-30 10:35:50 - [TEST_STEP][PASSED] - click(findTestObject("Object Repository/Edit Profile/Page_Home  5-15/span_Shinto-Test")): Object: 'Object Repository/Edit Profile/Page_Home  5-15/span_Shinto-Test' is clicked on

2018-11-30 10:35:50 - [MESSAGE][PASSED] - Object: 'Object Repository/Edit Profile/Page_Home  5-15/span_Shinto-Test' is clicked on

2018-11-30 10:35:50 - [TEST_STEP][PASSED] - verifyElementText(findTestObject("Object Repository/Edit Profile/Page_Home  5-15/span_Log Off"), "Log Off"): Actual text and expected text of test object 'Object Repository/Edit Profile/Page_Home  5-15/span_Log Off' are matched.

2018-11-30 10:35:50 - [MESSAGE][PASSED] - Actual text and expected text of test object 'Object Repository/Edit Profile/Page_Home  5-15/span_Log Off' are matched.

2018-11-30 10:35:50 - [TEST_STEP][PASSED] - click(findTestObject("Object Repository/Edit Profile/Page_Home  5-15/span_Log Off")): Object: 'Object Repository/Edit Profile/Page_Home  5-15/span_Log Off' is clicked on

2018-11-30 10:35:50 - [MESSAGE][PASSED] - Object: 'Object Repository/Edit Profile/Page_Home  5-15/span_Log Off' is clicked on

2018-11-30 10:35:50 - [TEST_STEP][PASSED] - verifyElementText(findTestObject("Object Repository/Edit Profile/Page_Log In  5-15/h1_Log In"), "Log In"): Actual text and expected text of test object 'Object Repository/Edit Profile/Page_Log In  5-15/h1_Log In' are matched.

2018-11-30 10:35:50 - [MESSAGE][PASSED] - Actual text and expected text of test object 'Object Repository/Edit Profile/Page_Log In  5-15/h1_Log In' are matched.]]></system-out>
         <system-err><![CDATA[]]></system-err>
      </testcase>
      <system-out><![CDATA[2018-11-30 10:35:24 - [TEST_SUITE][PASSED] - VBZ0021-Executive: Test Cases/Associate Application/Executive/TCBA02307]]></system-out>
      <system-err><![CDATA[]]></system-err>
   </testsuite>
</testsuites>
