<?xml version="1.0" encoding="UTF-8"?>
<testsuites name="VBZ0024-Forgot Your Username" time="13" tests="6" failures="0" errors="0">
   <testsuite name="VBZ0024-Forgot Your Username" tests="6" failures="0" errors="0" time="13" timestamp="2018-11-30 10:12:56" hostname="Developer - QA-Scheduler.vofox.com" id="Test Suites/VBZ0024-Forgot Your Username">
      <properties>
         <property name="deviceName" value=""/>
         <property name="devicePlatform" value=""/>
         <property name="logFolder" value="F:\\Vofox-Katalon\\Bonanza\\Reports\\VBZ0024-Forgot Your Username\\20181130_101255"/>
         <property name="logFiles" value="F:\\Vofox-Katalon\\Bonanza\\Reports\\VBZ0024-Forgot Your Username\\20181130_101255\\execution0.log"/>
         <property name="attachments" value=""/>
         <property name="hostName" value="Developer - QA-Scheduler.vofox.com"/>
         <property name="os" value="Windows 10 64bit"/>
         <property name="katalonVersion" value="5.9.1.2"/>
         <property name="browser" value="Chrome 70.0.3538.102"/>
         <property name="hostAddress" value="192.168.10.111"/>
         <property name="sessionId" value="c6ffad330acf94fd77603421f15e4856"/>
         <property name="seleniumVersion" value="3.7.1"/>
         <property name="proxyInformation" value="ProxyInformation{proxyOption=NO_PROXY, proxyServerType=HTTP, password=, proxyServerAddress=, proxyServerPort=0}"/>
         <property name="platform" value="Windows 10"/>
      </properties>
      <testcase name="Test Cases/Associate Application/Forgot Your Username/TCBA03001" classname="Test Cases/Associate Application/Forgot Your Username/TCBA03001" status="PASSED">
         <system-out><![CDATA[2018-11-30 10:12:56 - [TEST_CASE][PASSED] - Test Cases/Associate Application/Forgot Your Username/TCBA03001: Test Cases/Associate Application/Forgot Your Username/TCBA03001

2018-11-30 10:12:57 - [TEST_STEP][PASSED] - openBrowser(""): Browser is opened with url: ''

2018-11-30 10:12:57 - [MESSAGE][INFO] - Starting 'Chrome' driver

2018-11-30 10:12:57 - [MESSAGE][INFO] - User set preference: ['args', '[--disable-web-security]']

2018-11-30 10:12:57 - [MESSAGE][INFO] - User set preference: ['prefs', '{=--user-data-dir=c:\my\data}']

2018-11-30 10:12:57 - [MESSAGE][INFO] - Action delay is set to 0 seconds

2018-11-30 10:12:59 - [MESSAGE][PASSED] - Browser is opened with url: ''

2018-11-30 10:12:59 - [TEST_STEP][PASSED] - maximizeWindow(): Current window maximized

2018-11-30 10:13:01 - [MESSAGE][PASSED] - Current window maximized

2018-11-30 10:13:01 - [TEST_STEP][PASSED] - navigateToUrl("https://192.168.10.72/#/login"): Navigate to 'https://192.168.10.72/#/login' successfully

2018-11-30 10:13:03 - [MESSAGE][PASSED] - Navigate to 'https://192.168.10.72/#/login' successfully

2018-11-30 10:13:03 - [TEST_STEP][PASSED] - verifyElementText(findTestObject("Object Repository/Edit Profile/Page_Log In  5-15/h1_Log In"), "Log In"): Actual text and expected text of test object 'Object Repository/Edit Profile/Page_Log In  5-15/h1_Log In' are matched.

2018-11-30 10:13:03 - [MESSAGE][PASSED] - Actual text and expected text of test object 'Object Repository/Edit Profile/Page_Log In  5-15/h1_Log In' are matched.]]></system-out>
         <system-err><![CDATA[]]></system-err>
      </testcase>
      <testcase name="Test Cases/Associate Application/Forgot Your Username/TCBA03002" classname="Test Cases/Associate Application/Forgot Your Username/TCBA03002" status="PASSED">
         <system-out><![CDATA[2018-11-30 10:13:03 - [TEST_CASE][PASSED] - Test Cases/Associate Application/Forgot Your Username/TCBA03002: Test Cases/Associate Application/Forgot Your Username/TCBA03002

2018-11-30 10:13:03 - [TEST_STEP][PASSED] - click(findTestObject("Object Repository/Forgot Your Username/Page_Log In  5-15/a_Forgot your username")): Object: 'Object Repository/Forgot Your Username/Page_Log In  5-15/a_Forgot your username' is clicked on

2018-11-30 10:13:04 - [MESSAGE][PASSED] - Object: 'Object Repository/Forgot Your Username/Page_Log In  5-15/a_Forgot your username' is clicked on

2018-11-30 10:13:04 - [TEST_STEP][PASSED] - click(findTestObject("Forgot Your Username/Page_Forgot your Username/Select Language")): Object: 'Object Repository/Forgot Your Username/Page_Forgot your Username/Select Language' is clicked on

2018-11-30 10:13:04 - [MESSAGE][PASSED] - Object: 'Object Repository/Forgot Your Username/Page_Forgot your Username/Select Language' is clicked on

2018-11-30 10:13:04 - [TEST_STEP][PASSED] - verifyElementText(findTestObject("Object Repository/Forgot Your Username/Page_Forgot your Username/h1_Forgot your Username"), "Forgot your Username?"): Actual text and expected text of test object 'Object Repository/Forgot Your Username/Page_Forgot your Username/h1_Forgot your Username' are matched.

2018-11-30 10:13:04 - [MESSAGE][PASSED] - Actual text and expected text of test object 'Object Repository/Forgot Your Username/Page_Forgot your Username/h1_Forgot your Username' are matched.

2018-11-30 10:13:04 - [TEST_STEP][PASSED] - verifyElementText(findTestObject("Object Repository/Forgot Your Username/Page_Forgot your Username/label_Enter your email address"), "Email"): Actual text and expected text of test object 'Object Repository/Forgot Your Username/Page_Forgot your Username/label_Enter your email address' are matched.

2018-11-30 10:13:04 - [MESSAGE][PASSED] - Actual text and expected text of test object 'Object Repository/Forgot Your Username/Page_Forgot your Username/label_Enter your email address' are matched.

2018-11-30 10:13:04 - [TEST_STEP][PASSED] - verifyElementText(findTestObject("Object Repository/Forgot Your Username/Page_Forgot your Username/button_Submit"), "Submit"): Actual text and expected text of test object 'Object Repository/Forgot Your Username/Page_Forgot your Username/button_Submit' are matched.

2018-11-30 10:13:04 - [MESSAGE][PASSED] - Actual text and expected text of test object 'Object Repository/Forgot Your Username/Page_Forgot your Username/button_Submit' are matched.]]></system-out>
         <system-err><![CDATA[]]></system-err>
      </testcase>
      <testcase name="Test Cases/Associate Application/Forgot Your Username/TCBA03003" classname="Test Cases/Associate Application/Forgot Your Username/TCBA03003" status="PASSED">
         <system-out><![CDATA[2018-11-30 10:13:04 - [TEST_CASE][PASSED] - Test Cases/Associate Application/Forgot Your Username/TCBA03003: Test Cases/Associate Application/Forgot Your Username/TCBA03003

2018-11-30 10:13:04 - [TEST_STEP][PASSED] - click(findTestObject("Object Repository/Forgot Your Username/Page_Forgot your Username/button_Submit")): Object: 'Object Repository/Forgot Your Username/Page_Forgot your Username/button_Submit' is clicked on

2018-11-30 10:13:04 - [MESSAGE][PASSED] - Object: 'Object Repository/Forgot Your Username/Page_Forgot your Username/button_Submit' is clicked on

2018-11-30 10:13:04 - [TEST_STEP][PASSED] - verifyElementText(findTestObject("Object Repository/Forgot Your Username/Page_Forgot your Username/span_Email address is required"), "Email address is required."): Actual text and expected text of test object 'Object Repository/Forgot Your Username/Page_Forgot your Username/span_Email address is required' are matched.

2018-11-30 10:13:04 - [MESSAGE][PASSED] - Actual text and expected text of test object 'Object Repository/Forgot Your Username/Page_Forgot your Username/span_Email address is required' are matched.]]></system-out>
         <system-err><![CDATA[]]></system-err>
      </testcase>
      <testcase name="Test Cases/Associate Application/Forgot Your Username/TCBA03004" classname="Test Cases/Associate Application/Forgot Your Username/TCBA03004" status="PASSED">
         <system-out><![CDATA[2018-11-30 10:13:04 - [TEST_CASE][PASSED] - Test Cases/Associate Application/Forgot Your Username/TCBA03004: Test Cases/Associate Application/Forgot Your Username/TCBA03004

2018-11-30 10:13:04 - [TEST_STEP][PASSED] - setText(findTestObject("Object Repository/Forgot Your Username/Page_Forgot your Username/input_Input.Email"), ""): Text '' is set on object 'Object Repository/Forgot Your Username/Page_Forgot your Username/input_Input.Email'

2018-11-30 10:13:04 - [MESSAGE][PASSED] - Text '' is set on object 'Object Repository/Forgot Your Username/Page_Forgot your Username/input_Input.Email'

2018-11-30 10:13:04 - [TEST_STEP][PASSED] - setText(findTestObject("Object Repository/Forgot Your Username/Page_Forgot your Username/input_Input.Email"), "asas3133223!@@"): Text 'asas3133223!@@' is set on object 'Object Repository/Forgot Your Username/Page_Forgot your Username/input_Input.Email'

2018-11-30 10:13:05 - [MESSAGE][PASSED] - Text 'asas3133223!@@' is set on object 'Object Repository/Forgot Your Username/Page_Forgot your Username/input_Input.Email'

2018-11-30 10:13:05 - [TEST_STEP][PASSED] - click(findTestObject("Object Repository/Forgot Your Username/Page_Forgot your Username/button_Submit")): Object: 'Object Repository/Forgot Your Username/Page_Forgot your Username/button_Submit' is clicked on

2018-11-30 10:13:05 - [MESSAGE][PASSED] - Object: 'Object Repository/Forgot Your Username/Page_Forgot your Username/button_Submit' is clicked on

2018-11-30 10:13:05 - [TEST_STEP][PASSED] - verifyElementText(findTestObject("Object Repository/Forgot Your Username/Page_Forgot your Username/span_The Enter your email addr"), "The Email field is not a valid e-mail address."): Actual text and expected text of test object 'Object Repository/Forgot Your Username/Page_Forgot your Username/span_The Enter your email addr' are matched.

2018-11-30 10:13:05 - [MESSAGE][PASSED] - Actual text and expected text of test object 'Object Repository/Forgot Your Username/Page_Forgot your Username/span_The Enter your email addr' are matched.]]></system-out>
         <system-err><![CDATA[]]></system-err>
      </testcase>
      <testcase name="Test Cases/Associate Application/Forgot Your Username/TCBA03005" classname="Test Cases/Associate Application/Forgot Your Username/TCBA03005" status="PASSED">
         <system-out><![CDATA[2018-11-30 10:13:05 - [TEST_CASE][PASSED] - Test Cases/Associate Application/Forgot Your Username/TCBA03005: Test Cases/Associate Application/Forgot Your Username/TCBA03005

2018-11-30 10:13:05 - [TEST_STEP][PASSED] - setText(findTestObject("Object Repository/Forgot Your Username/Page_Forgot your Username/input_Input.Email"), ""): Text '' is set on object 'Object Repository/Forgot Your Username/Page_Forgot your Username/input_Input.Email'

2018-11-30 10:13:05 - [MESSAGE][PASSED] - Text '' is set on object 'Object Repository/Forgot Your Username/Page_Forgot your Username/input_Input.Email'

2018-11-30 10:13:05 - [TEST_STEP][PASSED] - setText(findTestObject("Object Repository/Forgot Your Username/Page_Forgot your Username/input_Input.Email"), "shinto@vofoxsolutions.com"): Text 'shinto@vofoxsolutions.com' is set on object 'Object Repository/Forgot Your Username/Page_Forgot your Username/input_Input.Email'

2018-11-30 10:13:05 - [MESSAGE][PASSED] - Text 'shinto@vofoxsolutions.com' is set on object 'Object Repository/Forgot Your Username/Page_Forgot your Username/input_Input.Email'

2018-11-30 10:13:05 - [TEST_STEP][PASSED] - click(findTestObject("Object Repository/Forgot Your Username/Page_Forgot your Username/button_Submit")): Object: 'Object Repository/Forgot Your Username/Page_Forgot your Username/button_Submit' is clicked on

2018-11-30 10:13:07 - [MESSAGE][PASSED] - Object: 'Object Repository/Forgot Your Username/Page_Forgot your Username/button_Submit' is clicked on

2018-11-30 10:13:07 - [TEST_STEP][PASSED] - verifyElementText(findTestObject("Object Repository/Forgot Your Username/Page_Forgot username confirmation/h2_Forgot username confirmatio"), "Forgot username confirmation"): Actual text and expected text of test object 'Object Repository/Forgot Your Username/Page_Forgot username confirmation/h2_Forgot username confirmatio' are matched.

2018-11-30 10:13:07 - [MESSAGE][PASSED] - Actual text and expected text of test object 'Object Repository/Forgot Your Username/Page_Forgot username confirmation/h2_Forgot username confirmatio' are matched.

2018-11-30 10:13:07 - [TEST_STEP][PASSED] - verifyElementText(findTestObject("Object Repository/Forgot Your Username/Page_Forgot username confirmation/p_Please check your email to g"), "Please check your email to get your username."): Actual text and expected text of test object 'Object Repository/Forgot Your Username/Page_Forgot username confirmation/p_Please check your email to g' are matched.

2018-11-30 10:13:07 - [MESSAGE][PASSED] - Actual text and expected text of test object 'Object Repository/Forgot Your Username/Page_Forgot username confirmation/p_Please check your email to g' are matched.]]></system-out>
         <system-err><![CDATA[]]></system-err>
      </testcase>
      <testcase name="Test Cases/Associate Application/Forgot Your Username/TCBA03007" classname="Test Cases/Associate Application/Forgot Your Username/TCBA03007" status="PASSED">
         <system-out><![CDATA[2018-11-30 10:13:07 - [TEST_CASE][PASSED] - Test Cases/Associate Application/Forgot Your Username/TCBA03007: Test Cases/Associate Application/Forgot Your Username/TCBA03007

2018-11-30 10:13:07 - [TEST_STEP][PASSED] - verifyElementText(findTestObject("Forgot Your Username/Page_Forgot username confirmation/Login Link"), "Log in"): Actual text and expected text of test object 'Object Repository/Forgot Your Username/Page_Forgot username confirmation/Login Link' are matched.

2018-11-30 10:13:07 - [MESSAGE][PASSED] - Actual text and expected text of test object 'Object Repository/Forgot Your Username/Page_Forgot username confirmation/Login Link' are matched.

2018-11-30 10:13:07 - [TEST_STEP][PASSED] - click(findTestObject("Forgot Your Username/Page_Forgot username confirmation/Login Link")): Object: 'Object Repository/Forgot Your Username/Page_Forgot username confirmation/Login Link' is clicked on

2018-11-30 10:13:08 - [MESSAGE][PASSED] - Object: 'Object Repository/Forgot Your Username/Page_Forgot username confirmation/Login Link' is clicked on

2018-11-30 10:13:08 - [TEST_STEP][PASSED] - verifyElementText(findTestObject("Object Repository/Edit Profile/Page_Log In  5-15/h1_Log In"), "Log In"): Actual text and expected text of test object 'Object Repository/Edit Profile/Page_Log In  5-15/h1_Log In' are matched.

2018-11-30 10:13:09 - [MESSAGE][PASSED] - Actual text and expected text of test object 'Object Repository/Edit Profile/Page_Log In  5-15/h1_Log In' are matched.]]></system-out>
         <system-err><![CDATA[]]></system-err>
      </testcase>
      <system-out><![CDATA[2018-11-30 10:12:56 - [TEST_SUITE][PASSED] - VBZ0024-Forgot Your Username: Test Cases/Associate Application/Forgot Your Username/TCBA03007]]></system-out>
      <system-err><![CDATA[]]></system-err>
   </testsuite>
</testsuites>
