<?xml version="1.0" encoding="UTF-8"?>
<testsuites name="VBZ0018-Training" time="28" tests="3" failures="0" errors="0">
   <testsuite name="VBZ0018-Training" tests="3" failures="0" errors="0" time="28" timestamp="2018-12-04 19:53:59" hostname="shinto - Vofox-Shinto.vofox.com" id="Test Suites/VBZ0018-Training">
      <properties>
         <property name="deviceName" value=""/>
         <property name="devicePlatform" value=""/>
         <property name="logFolder" value="F:\\VofoxQA\\Bonanza\\BonanzaKatalon\\Reports\\VBZ0018-Training\\20181204_195356"/>
         <property name="logFiles" value="F:\\VofoxQA\\Bonanza\\BonanzaKatalon\\Reports\\VBZ0018-Training\\20181204_195356\\execution0.log"/>
         <property name="attachments" value=""/>
         <property name="hostName" value="shinto - Vofox-Shinto.vofox.com"/>
         <property name="os" value="Windows 10 32bit"/>
         <property name="katalonVersion" value="5.8.0.1"/>
         <property name="browser" value="Chrome 70.0.3538.110"/>
         <property name="hostAddress" value="192.168.10.134"/>
         <property name="sessionId" value="9dcb000cf5ae9da9e20d1e4f05eb0d8c"/>
         <property name="seleniumVersion" value="3.7.1"/>
         <property name="proxyInformation" value="ProxyInformation{proxyOption=NO_PROXY, proxyServerType=HTTP, password=, proxyServerAddress=, proxyServerPort=0}"/>
         <property name="platform" value="Windows 10"/>
      </properties>
      <testcase name="Test Cases/Associate Application/Training/TCBA01901" classname="Test Cases/Associate Application/Training/TCBA01901" status="PASSED">
         <system-out><![CDATA[2018-12-04 19:53:59 - [TEST_CASE][PASSED] - Test Cases/Associate Application/Training/TCBA01901: Test Cases/Associate Application/Training/TCBA01901

2018-12-04 19:54:00 - [TEST_STEP][PASSED] - callTestCase: Call Test Case 'Test Cases/Associate Application/Associate Login/TCBA01008' successfully

2018-12-04 19:54:00 - [TEST_CASE][PASSED] - Test Cases/Associate Application/Associate Login/TCBA01008: Test Cases/Associate Application/Associate Login/TCBA01008

2018-12-04 19:54:00 - [TEST_STEP][PASSED] - openBrowser: Browser is opened with url: ''

2018-12-04 19:54:05 - [MESSAGE][PASSED] - Browser is opened with url: ''

2018-12-04 19:54:05 - [TEST_STEP][PASSED] - maximizeWindow: Current window maximized

2018-12-04 19:54:07 - [MESSAGE][PASSED] - Current window maximized

2018-12-04 19:54:07 - [TEST_STEP][PASSED] - navigateToUrl: Navigate to 'https://192.168.10.72/#/login' successfully

2018-12-04 19:54:11 - [MESSAGE][PASSED] - Navigate to 'https://192.168.10.72/#/login' successfully

2018-12-04 19:54:11 - [TEST_STEP][PASSED] - setText: Text 'Shinto-Test' is set on object 'Object Repository/Page_Log In  5-15/input_txtUserName'

2018-12-04 19:54:12 - [MESSAGE][PASSED] - Text 'Shinto-Test' is set on object 'Object Repository/Page_Log In  5-15/input_txtUserName'

2018-12-04 19:54:12 - [TEST_STEP][PASSED] - setEncryptedText: Text ****** has been set on object 'Object Repository/Page_Log In  5-15/input_txtPassword'

2018-12-04 19:54:12 - [MESSAGE][PASSED] - Text ****** has been set on object 'Object Repository/Page_Log In  5-15/input_txtPassword'

2018-12-04 19:54:12 - [TEST_STEP][PASSED] - click: Object: 'Object Repository/Page_Log In  5-15/button_Log in' is clicked on

2018-12-04 19:54:13 - [MESSAGE][PASSED] - Object: 'Object Repository/Page_Log In  5-15/button_Log in' is clicked on

2018-12-04 19:54:13 - [TEST_STEP][PASSED] - verifyElementText: Actual text and expected text of test object 'Object Repository/Change Password/Page_Home  5-15/span_My Title' are matched.

2018-12-04 19:54:16 - [MESSAGE][PASSED] - Actual text and expected text of test object 'Object Repository/Change Password/Page_Home  5-15/span_My Title' are matched.

2018-12-04 19:54:16 - [MESSAGE][PASSED] - Call Test Case 'Test Cases/Associate Application/Associate Login/TCBA01008' successfully

2018-12-04 19:54:16 - [TEST_STEP][PASSED] - verifyElementText: Actual text and expected text of test object 'Object Repository/Training/Page_Home  5-15/a_Training' are matched.

2018-12-04 19:54:17 - [MESSAGE][PASSED] - Actual text and expected text of test object 'Object Repository/Training/Page_Home  5-15/a_Training' are matched.]]></system-out>
         <system-err><![CDATA[]]></system-err>
      </testcase>
      <testcase name="Test Cases/Associate Application/Training/TCBA01904" classname="Test Cases/Associate Application/Training/TCBA01904" status="PASSED">
         <system-out><![CDATA[2018-12-04 19:54:17 - [TEST_CASE][PASSED] - Test Cases/Associate Application/Training/TCBA01904: Test Cases/Associate Application/Training/TCBA01904

2018-12-04 19:54:17 - [TEST_STEP][PASSED] - click: Object: 'Object Repository/Training/Page_Home  5-15/a_Training' is clicked on

2018-12-04 19:54:17 - [MESSAGE][PASSED] - Object: 'Object Repository/Training/Page_Home  5-15/a_Training' is clicked on

2018-12-04 19:54:17 - [TEST_STEP][PASSED] - delay: Delayed 3 second(s)

2018-12-04 19:54:20 - [MESSAGE][PASSED] - Delayed 3 second(s)

2018-12-04 19:54:20 - [TEST_STEP][PASSED] - verifyElementPresent: Object 'Object Repository/Training/Page_How Tos  5-15/a_Videos' is present

2018-12-04 19:54:20 - [MESSAGE][PASSED] - Object 'Object Repository/Training/Page_How Tos  5-15/a_Videos' is present

2018-12-04 19:54:20 - [TEST_STEP][PASSED] - click: Object: 'Object Repository/Training/Page_How Tos  5-15/a_Videos' is clicked on

2018-12-04 19:54:21 - [MESSAGE][PASSED] - Object: 'Object Repository/Training/Page_How Tos  5-15/a_Videos' is clicked on

2018-12-04 19:54:21 - [TEST_STEP][PASSED] - delay: Delayed 3 second(s)

2018-12-04 19:54:24 - [MESSAGE][PASSED] - Delayed 3 second(s)

2018-12-04 19:54:24 - [TEST_STEP][PASSED] - verifyElementText: Actual text and expected text of test object 'Object Repository/Training/Page_Videos  5-15/span_Training' are matched.

2018-12-04 19:54:24 - [MESSAGE][PASSED] - Actual text and expected text of test object 'Object Repository/Training/Page_Videos  5-15/span_Training' are matched.

2018-12-04 19:54:24 - [TEST_STEP][PASSED] - verifyElementText: Actual text and expected text of test object 'Object Repository/Training/Page_Videos  5-15/span_Watch Videos Now' are matched.

2018-12-04 19:54:24 - [MESSAGE][PASSED] - Actual text and expected text of test object 'Object Repository/Training/Page_Videos  5-15/span_Watch Videos Now' are matched.

2018-12-04 19:54:24 - [TEST_STEP][PASSED] - verifyElementText: Actual text and expected text of test object 'Object Repository/Training/Page_Videos  5-15/h3_Enter a contract for Gas or' are matched.

2018-12-04 19:54:24 - [MESSAGE][PASSED] - Actual text and expected text of test object 'Object Repository/Training/Page_Videos  5-15/h3_Enter a contract for Gas or' are matched.

2018-12-04 19:54:24 - [TEST_STEP][PASSED] - verifyElementText: Actual text and expected text of test object 'Object Repository/Training/Page_Videos  5-15/h3_How to add an associate' are matched.

2018-12-04 19:54:24 - [MESSAGE][PASSED] - Actual text and expected text of test object 'Object Repository/Training/Page_Videos  5-15/h3_How to add an associate' are matched.

2018-12-04 19:54:24 - [TEST_STEP][PASSED] - verifyElementText: Actual text and expected text of test object 'Object Repository/Training/Page_Videos  5-15/h3_Create your associate accou' are matched.

2018-12-04 19:54:24 - [MESSAGE][PASSED] - Actual text and expected text of test object 'Object Repository/Training/Page_Videos  5-15/h3_Create your associate accou' are matched.

2018-12-04 19:54:24 - [TEST_STEP][PASSED] - verifyElementText: Actual text and expected text of test object 'Object Repository/Training/Page_Videos  5-15/h3_How Customers set up their' are matched.

2018-12-04 19:54:24 - [MESSAGE][PASSED] - Actual text and expected text of test object 'Object Repository/Training/Page_Videos  5-15/h3_How Customers set up their' are matched.

2018-12-04 19:54:24 - [TEST_STEP][PASSED] - verifyElementText: Actual text and expected text of test object 'Object Repository/Training/Page_Videos  5-15/h3_Residential Sales Video 1' are matched.

2018-12-04 19:54:25 - [MESSAGE][PASSED] - Actual text and expected text of test object 'Object Repository/Training/Page_Videos  5-15/h3_Residential Sales Video 1' are matched.

2018-12-04 19:54:25 - [TEST_STEP][PASSED] - scrollToElement: Scroll to object 'Object Repository/Training/Page_Videos  5-15/h3_Residential Sales Video 2' successfully

2018-12-04 19:54:25 - [MESSAGE][PASSED] - Scroll to object 'Object Repository/Training/Page_Videos  5-15/h3_Residential Sales Video 2' successfully

2018-12-04 19:54:25 - [TEST_STEP][PASSED] - verifyElementText: Actual text and expected text of test object 'Object Repository/Training/Page_Videos  5-15/h3_Residential Sales Video 2' are matched.

2018-12-04 19:54:25 - [MESSAGE][PASSED] - Actual text and expected text of test object 'Object Repository/Training/Page_Videos  5-15/h3_Residential Sales Video 2' are matched.]]></system-out>
         <system-err><![CDATA[]]></system-err>
      </testcase>
      <testcase name="Test Cases/Associate Application/Training/TCBA01905" classname="Test Cases/Associate Application/Training/TCBA01905" status="PASSED">
         <system-out><![CDATA[2018-12-04 19:54:25 - [TEST_CASE][PASSED] - Test Cases/Associate Application/Training/TCBA01905: Test Cases/Associate Application/Training/TCBA01905

2018-12-04 19:54:25 - [TEST_STEP][PASSED] - click: Object: 'Object Repository/Edit Profile/Page_Home  5-15/span_Shinto-Test' is clicked on

2018-12-04 19:54:25 - [MESSAGE][PASSED] - Object: 'Object Repository/Edit Profile/Page_Home  5-15/span_Shinto-Test' is clicked on

2018-12-04 19:54:25 - [TEST_STEP][PASSED] - click: Object: 'Object Repository/Edit Profile/Page_Home  5-15/span_Log Off' is clicked on

2018-12-04 19:54:26 - [MESSAGE][PASSED] - Object: 'Object Repository/Edit Profile/Page_Home  5-15/span_Log Off' is clicked on

2018-12-04 19:54:26 - [TEST_STEP][PASSED] - verifyElementText: Actual text and expected text of test object 'Object Repository/Edit Profile/Page_Log In  5-15/h1_Log In' are matched.

2018-12-04 19:54:26 - [MESSAGE][PASSED] - Actual text and expected text of test object 'Object Repository/Edit Profile/Page_Log In  5-15/h1_Log In' are matched.]]></system-out>
         <system-err><![CDATA[]]></system-err>
      </testcase>
      <system-out><![CDATA[2018-12-04 19:53:59 - [TEST_SUITE][PASSED] - VBZ0018-Training: Test Cases/Associate Application/Training/TCBA01905]]></system-out>
      <system-err><![CDATA[]]></system-err>
   </testsuite>
</testsuites>
