<?xml version="1.0" encoding="UTF-8"?>
<testsuites name="VBZ0023-Forgot Your Password" time="18" tests="6" failures="0" errors="0">
   <testsuite name="VBZ0023-Forgot Your Password" tests="6" failures="0" errors="0" time="18" timestamp="2018-12-04 14:50:58" hostname="Developer - QA-Scheduler.vofox.com" id="Test Suites/VBZ0023-Forgot Your Password">
      <properties>
         <property name="deviceName" value=""/>
         <property name="devicePlatform" value=""/>
         <property name="logFolder" value="F:\\Vofox-Katalon\\Bonanza\\Reports\\VBZ0023-Forgot Your Password\\20181204_145057"/>
         <property name="logFiles" value="F:\\Vofox-Katalon\\Bonanza\\Reports\\VBZ0023-Forgot Your Password\\20181204_145057\\execution0.log"/>
         <property name="attachments" value=""/>
         <property name="hostName" value="Developer - QA-Scheduler.vofox.com"/>
         <property name="os" value="Windows 10 64bit"/>
         <property name="katalonVersion" value="5.9.1.2"/>
         <property name="browser" value="Chrome 70.0.3538.102"/>
         <property name="hostAddress" value="192.168.10.111"/>
         <property name="sessionId" value="dab67a9a2f7df00076682c7684bb8f42"/>
         <property name="seleniumVersion" value="3.7.1"/>
         <property name="proxyInformation" value="ProxyInformation{proxyOption=NO_PROXY, proxyServerType=HTTP, password=, proxyServerAddress=, proxyServerPort=0}"/>
         <property name="platform" value="Windows 10"/>
      </properties>
      <testcase name="Test Cases/Associate Application/Forgot Your Password/TCBA02001" classname="Test Cases/Associate Application/Forgot Your Password/TCBA02001" status="PASSED">
         <system-out><![CDATA[2018-12-04 14:50:58 - [TEST_CASE][PASSED] - Test Cases/Associate Application/Forgot Your Password/TCBA02001: Test Cases/Associate Application/Forgot Your Password/TCBA02001

2018-12-04 14:50:59 - [TEST_STEP][PASSED] - openBrowser(""): Browser is opened with url: ''

2018-12-04 14:50:59 - [MESSAGE][INFO] - Starting 'Chrome' driver

2018-12-04 14:50:59 - [MESSAGE][INFO] - User set preference: ['args', '[--disable-web-security]']

2018-12-04 14:50:59 - [MESSAGE][INFO] - User set preference: ['prefs', '{=--user-data-dir=c:\my\data}']

2018-12-04 14:50:59 - [MESSAGE][INFO] - Action delay is set to 0 seconds

2018-12-04 14:51:01 - [MESSAGE][PASSED] - Browser is opened with url: ''

2018-12-04 14:51:01 - [TEST_STEP][PASSED] - maximizeWindow(): Current window maximized

2018-12-04 14:51:03 - [MESSAGE][PASSED] - Current window maximized

2018-12-04 14:51:03 - [TEST_STEP][PASSED] - navigateToUrl("https://192.168.10.72/#/login"): Navigate to 'https://192.168.10.72/#/login' successfully

2018-12-04 14:51:06 - [MESSAGE][PASSED] - Navigate to 'https://192.168.10.72/#/login' successfully

2018-12-04 14:51:06 - [TEST_STEP][PASSED] - verifyElementText(findTestObject("Object Repository/Edit Profile/Page_Log In  5-15/h1_Log In"), "Log In"): Actual text and expected text of test object 'Object Repository/Edit Profile/Page_Log In  5-15/h1_Log In' are matched.

2018-12-04 14:51:06 - [MESSAGE][PASSED] - Actual text and expected text of test object 'Object Repository/Edit Profile/Page_Log In  5-15/h1_Log In' are matched.]]></system-out>
         <system-err><![CDATA[]]></system-err>
      </testcase>
      <testcase name="Test Cases/Associate Application/Forgot Your Password/TCBA02002" classname="Test Cases/Associate Application/Forgot Your Password/TCBA02002" status="PASSED">
         <system-out><![CDATA[2018-12-04 14:51:06 - [TEST_CASE][PASSED] - Test Cases/Associate Application/Forgot Your Password/TCBA02002: Test Cases/Associate Application/Forgot Your Password/TCBA02002

2018-12-04 14:51:06 - [TEST_STEP][PASSED] - click(findTestObject("Object Repository/Forgot Your Password/Page_Log In  5-15/a_Forgot your password")): Object: 'Object Repository/Forgot Your Password/Page_Log In  5-15/a_Forgot your password' is clicked on

2018-12-04 14:51:10 - [MESSAGE][PASSED] - Object: 'Object Repository/Forgot Your Password/Page_Log In  5-15/a_Forgot your password' is clicked on

2018-12-04 14:51:10 - [TEST_STEP][PASSED] - click(findTestObject("Forgot Your Username/Page_Forgot your Username/Select Language")): Object: 'Object Repository/Forgot Your Username/Page_Forgot your Username/Select Language' is clicked on

2018-12-04 14:51:10 - [MESSAGE][PASSED] - Object: 'Object Repository/Forgot Your Username/Page_Forgot your Username/Select Language' is clicked on

2018-12-04 14:51:10 - [TEST_STEP][PASSED] - verifyElementText(findTestObject("Object Repository/Forgot Your Password/Page_Forgot your password/h1_Forgot your password"), "Forgot your password?"): Actual text and expected text of test object 'Object Repository/Forgot Your Password/Page_Forgot your password/h1_Forgot your password' are matched.

2018-12-04 14:51:10 - [MESSAGE][PASSED] - Actual text and expected text of test object 'Object Repository/Forgot Your Password/Page_Forgot your password/h1_Forgot your password' are matched.

2018-12-04 14:51:10 - [TEST_STEP][PASSED] - verifyElementText(findTestObject("Object Repository/Forgot Your Password/Page_Forgot your password/label_Enter your username"), "Enter your username"): Actual text and expected text of test object 'Object Repository/Forgot Your Password/Page_Forgot your password/label_Enter your username' are matched.

2018-12-04 14:51:10 - [MESSAGE][PASSED] - Actual text and expected text of test object 'Object Repository/Forgot Your Password/Page_Forgot your password/label_Enter your username' are matched.

2018-12-04 14:51:10 - [TEST_STEP][PASSED] - verifyElementText(findTestObject("Object Repository/Forgot Your Password/Page_Forgot your password/label_Personal Tax Num"), "Personal Tax Num"): Actual text and expected text of test object 'Object Repository/Forgot Your Password/Page_Forgot your password/label_Personal Tax Num' are matched.

2018-12-04 14:51:10 - [MESSAGE][PASSED] - Actual text and expected text of test object 'Object Repository/Forgot Your Password/Page_Forgot your password/label_Personal Tax Num' are matched.

2018-12-04 14:51:10 - [TEST_STEP][PASSED] - verifyElementText(findTestObject("Object Repository/Forgot Your Password/Page_Forgot your password/button_Submit"), "Submit"): Actual text and expected text of test object 'Object Repository/Forgot Your Password/Page_Forgot your password/button_Submit' are matched.

2018-12-04 14:51:10 - [MESSAGE][PASSED] - Actual text and expected text of test object 'Object Repository/Forgot Your Password/Page_Forgot your password/button_Submit' are matched.]]></system-out>
         <system-err><![CDATA[]]></system-err>
      </testcase>
      <testcase name="Test Cases/Associate Application/Forgot Your Password/TCBA02003" classname="Test Cases/Associate Application/Forgot Your Password/TCBA02003" status="PASSED">
         <system-out><![CDATA[2018-12-04 14:51:10 - [TEST_CASE][PASSED] - Test Cases/Associate Application/Forgot Your Password/TCBA02003: Test Cases/Associate Application/Forgot Your Password/TCBA02003

2018-12-04 14:51:11 - [TEST_STEP][PASSED] - setText(findTestObject("Object Repository/Forgot Your Password/Page_Forgot your password/input_Input.PersonalTaxNum"), ""): Text '' is set on object 'Object Repository/Forgot Your Password/Page_Forgot your password/input_Input.PersonalTaxNum'

2018-12-04 14:51:11 - [MESSAGE][PASSED] - Text '' is set on object 'Object Repository/Forgot Your Password/Page_Forgot your password/input_Input.PersonalTaxNum'

2018-12-04 14:51:11 - [TEST_STEP][PASSED] - setText(findTestObject("Object Repository/Forgot Your Password/Page_Forgot your password/input_Input.Username"), ""): Text '' is set on object 'Object Repository/Forgot Your Password/Page_Forgot your password/input_Input.Username'

2018-12-04 14:51:11 - [MESSAGE][PASSED] - Text '' is set on object 'Object Repository/Forgot Your Password/Page_Forgot your password/input_Input.Username'

2018-12-04 14:51:11 - [TEST_STEP][PASSED] - click(findTestObject("Object Repository/Forgot Your Password/Page_Forgot your password/button_Submit")): Object: 'Object Repository/Forgot Your Password/Page_Forgot your password/button_Submit' is clicked on

2018-12-04 14:51:11 - [MESSAGE][PASSED] - Object: 'Object Repository/Forgot Your Password/Page_Forgot your password/button_Submit' is clicked on

2018-12-04 14:51:11 - [TEST_STEP][PASSED] - verifyElementText(findTestObject("Object Repository/Forgot Your Password/Page_Forgot your password/li_Either enter User Name or P"), "Either enter User Name or Personal Tax Num field"): Actual text and expected text of test object 'Object Repository/Forgot Your Password/Page_Forgot your password/li_Either enter User Name or P' are matched.

2018-12-04 14:51:11 - [MESSAGE][PASSED] - Actual text and expected text of test object 'Object Repository/Forgot Your Password/Page_Forgot your password/li_Either enter User Name or P' are matched.]]></system-out>
         <system-err><![CDATA[]]></system-err>
      </testcase>
      <testcase name="Test Cases/Associate Application/Forgot Your Password/TCBA02004" classname="Test Cases/Associate Application/Forgot Your Password/TCBA02004" status="PASSED">
         <system-out><![CDATA[2018-12-04 14:51:11 - [TEST_CASE][PASSED] - Test Cases/Associate Application/Forgot Your Password/TCBA02004: Test Cases/Associate Application/Forgot Your Password/TCBA02004

2018-12-04 14:51:11 - [TEST_STEP][PASSED] - setText(findTestObject("Object Repository/Forgot Your Password/Page_Forgot your password/input_Input.Username"), "shinto-custom"): Text 'shinto-custom' is set on object 'Object Repository/Forgot Your Password/Page_Forgot your password/input_Input.Username'

2018-12-04 14:51:11 - [MESSAGE][PASSED] - Text 'shinto-custom' is set on object 'Object Repository/Forgot Your Password/Page_Forgot your password/input_Input.Username'

2018-12-04 14:51:11 - [TEST_STEP][PASSED] - click(findTestObject("Object Repository/Forgot Your Password/Page_Forgot your password/button_Submit")): Object: 'Object Repository/Forgot Your Password/Page_Forgot your password/button_Submit' is clicked on

2018-12-04 14:51:11 - [MESSAGE][PASSED] - Object: 'Object Repository/Forgot Your Password/Page_Forgot your password/button_Submit' is clicked on

2018-12-04 14:51:11 - [TEST_STEP][PASSED] - verifyElementText(findTestObject("Object Repository/Forgot Your Password/Page_Forgot your password/li_Username shinto-custom was"), "Username 'shinto-custom' was not found. Please contact customer service."): Actual text and expected text of test object 'Object Repository/Forgot Your Password/Page_Forgot your password/li_Username shinto-custom was' are matched.

2018-12-04 14:51:11 - [MESSAGE][PASSED] - Actual text and expected text of test object 'Object Repository/Forgot Your Password/Page_Forgot your password/li_Username shinto-custom was' are matched.

2018-12-04 14:51:11 - [TEST_STEP][PASSED] - setText(findTestObject("Object Repository/Forgot Your Password/Page_Forgot your password/input_Input.Username"), "shinto-customer"): Text 'shinto-customer' is set on object 'Object Repository/Forgot Your Password/Page_Forgot your password/input_Input.Username'

2018-12-04 14:51:12 - [MESSAGE][PASSED] - Text 'shinto-customer' is set on object 'Object Repository/Forgot Your Password/Page_Forgot your password/input_Input.Username'

2018-12-04 14:51:12 - [TEST_STEP][PASSED] - click(findTestObject("Object Repository/Forgot Your Password/Page_Forgot your password/button_Submit")): Object: 'Object Repository/Forgot Your Password/Page_Forgot your password/button_Submit' is clicked on

2018-12-04 14:51:12 - [MESSAGE][PASSED] - Object: 'Object Repository/Forgot Your Password/Page_Forgot your password/button_Submit' is clicked on

2018-12-04 14:51:12 - [TEST_STEP][PASSED] - verifyElementText(findTestObject("Object Repository/Forgot Your Password/Page_Forgot your password/li_There a login for shinto-cu"), "There a login for 'shinto-customer' but no Associate is linked to that account.Please contact customer service."): Actual text and expected text of test object 'Object Repository/Forgot Your Password/Page_Forgot your password/li_There a login for shinto-cu' are matched.

2018-12-04 14:51:12 - [MESSAGE][PASSED] - Actual text and expected text of test object 'Object Repository/Forgot Your Password/Page_Forgot your password/li_There a login for shinto-cu' are matched.]]></system-out>
         <system-err><![CDATA[]]></system-err>
      </testcase>
      <testcase name="Test Cases/Associate Application/Forgot Your Password/TCBA02005" classname="Test Cases/Associate Application/Forgot Your Password/TCBA02005" status="PASSED">
         <system-out><![CDATA[2018-12-04 14:51:12 - [TEST_CASE][PASSED] - Test Cases/Associate Application/Forgot Your Password/TCBA02005: Test Cases/Associate Application/Forgot Your Password/TCBA02005

2018-12-04 14:51:12 - [TEST_STEP][PASSED] - setText(findTestObject("Object Repository/Forgot Your Password/Page_Forgot your password/input_Input.Username"), "Shinto-Test"): Text 'Shinto-Test' is set on object 'Object Repository/Forgot Your Password/Page_Forgot your password/input_Input.Username'

2018-12-04 14:51:12 - [MESSAGE][PASSED] - Text 'Shinto-Test' is set on object 'Object Repository/Forgot Your Password/Page_Forgot your password/input_Input.Username'

2018-12-04 14:51:12 - [TEST_STEP][PASSED] - click(findTestObject("Object Repository/Forgot Your Password/Page_Forgot your password/button_Submit")): Object: 'Object Repository/Forgot Your Password/Page_Forgot your password/button_Submit' is clicked on

2018-12-04 14:51:14 - [MESSAGE][PASSED] - Object: 'Object Repository/Forgot Your Password/Page_Forgot your password/button_Submit' is clicked on

2018-12-04 14:51:14 - [TEST_STEP][PASSED] - verifyElementText(findTestObject("Object Repository/Forgot Your Password/Page_Forgot password confirmation/h2_Forgot password confirmatio"), "Forgot password confirmation"): Actual text and expected text of test object 'Object Repository/Forgot Your Password/Page_Forgot password confirmation/h2_Forgot password confirmatio' are matched.

2018-12-04 14:51:14 - [MESSAGE][PASSED] - Actual text and expected text of test object 'Object Repository/Forgot Your Password/Page_Forgot password confirmation/h2_Forgot password confirmatio' are matched.

2018-12-04 14:51:14 - [TEST_STEP][PASSED] - verifyElementText(findTestObject("Object Repository/Forgot Your Password/Page_Forgot password confirmation/p_Please check your email to r"), "Please check your email to reset your password."): Actual text and expected text of test object 'Object Repository/Forgot Your Password/Page_Forgot password confirmation/p_Please check your email to r' are matched.

2018-12-04 14:51:14 - [MESSAGE][PASSED] - Actual text and expected text of test object 'Object Repository/Forgot Your Password/Page_Forgot password confirmation/p_Please check your email to r' are matched.]]></system-out>
         <system-err><![CDATA[]]></system-err>
      </testcase>
      <testcase name="Test Cases/Associate Application/Forgot Your Password/TCBA02006" classname="Test Cases/Associate Application/Forgot Your Password/TCBA02006" status="PASSED">
         <system-out><![CDATA[2018-12-04 14:51:14 - [TEST_CASE][PASSED] - Test Cases/Associate Application/Forgot Your Password/TCBA02006: Test Cases/Associate Application/Forgot Your Password/TCBA02006

2018-12-04 14:51:15 - [TEST_STEP][PASSED] - verifyElementText(findTestObject("Forgot Your Username/Page_Forgot username confirmation/Login Link"), "Log in"): Actual text and expected text of test object 'Object Repository/Forgot Your Username/Page_Forgot username confirmation/Login Link' are matched.

2018-12-04 14:51:15 - [MESSAGE][PASSED] - Actual text and expected text of test object 'Object Repository/Forgot Your Username/Page_Forgot username confirmation/Login Link' are matched.

2018-12-04 14:51:15 - [TEST_STEP][PASSED] - click(findTestObject("Forgot Your Username/Page_Forgot username confirmation/Login Link")): Object: 'Object Repository/Forgot Your Username/Page_Forgot username confirmation/Login Link' is clicked on

2018-12-04 14:51:16 - [MESSAGE][PASSED] - Object: 'Object Repository/Forgot Your Username/Page_Forgot username confirmation/Login Link' is clicked on

2018-12-04 14:51:16 - [TEST_STEP][PASSED] - verifyElementText(findTestObject("Object Repository/Edit Profile/Page_Log In  5-15/h1_Log In"), "Log In"): Actual text and expected text of test object 'Object Repository/Edit Profile/Page_Log In  5-15/h1_Log In' are matched.

2018-12-04 14:51:16 - [MESSAGE][PASSED] - Actual text and expected text of test object 'Object Repository/Edit Profile/Page_Log In  5-15/h1_Log In' are matched.]]></system-out>
         <system-err><![CDATA[]]></system-err>
      </testcase>
      <system-out><![CDATA[2018-12-04 14:50:58 - [TEST_SUITE][PASSED] - VBZ0023-Forgot Your Password: Test Cases/Associate Application/Forgot Your Password/TCBA02006]]></system-out>
      <system-err><![CDATA[]]></system-err>
   </testsuite>
</testsuites>
