<?xml version="1.0" encoding="UTF-8"?>
<testsuites name="VBZ0013-Change Password" time="0" tests="0" failures="0" errors="0">
   <testsuite name="VBZ0013-Change Password" tests="0" failures="0" errors="0" time="0" timestamp="2018-12-04 13:50:58" hostname="Developer - QA-Scheduler.vofox.com" id="Test Suites/VBZ0013-Change Password">
      <properties>
         <property name="deviceName" value=""/>
         <property name="devicePlatform" value=""/>
         <property name="logFolder" value="F:\\Vofox-Katalon\\Bonanza\\Reports\\VBZ0013-Change Password\\20181204_135057"/>
         <property name="logFiles" value="F:\\Vofox-Katalon\\Bonanza\\Reports\\VBZ0013-Change Password\\20181204_135057\\execution0.log"/>
         <property name="attachments" value=""/>
         <property name="hostName" value="Developer - QA-Scheduler.vofox.com"/>
         <property name="hostAddress" value="192.168.10.111"/>
         <property name="os" value="Windows 10 64bit"/>
         <property name="katalonVersion" value="5.9.1.2"/>
      </properties>
      <system-out><![CDATA[2018-12-04 13:50:58 - [TEST_SUITE][PASSED] - VBZ0013-Change Password: null]]></system-out>
      <system-err><![CDATA[]]></system-err>
   </testsuite>
</testsuites>
