<?xml version="1.0" encoding="UTF-8"?>
<testsuites name="VBZ0012-Edit profile" time="161" tests="5" failures="3" errors="0">
   <testsuite name="VBZ0012-Edit profile" tests="5" failures="3" errors="0" time="161" timestamp="2018-11-01 16:25:34" hostname="shinto - Vofox-Shinto.vofox.com" id="Test Suites/VBZ0012-Edit profile">
      <properties>
         <property name="deviceName" value=""/>
         <property name="devicePlatform" value=""/>
         <property name="logFolder" value="F:\\VofoxQA\\Bonanza\\BonanzaKatalon\\Reports\\VBZ0012-Edit profile\\20181101_162532"/>
         <property name="logFiles" value="F:\\VofoxQA\\Bonanza\\BonanzaKatalon\\Reports\\VBZ0012-Edit profile\\20181101_162532\\execution0.log"/>
         <property name="attachments" value="F:\\VofoxQA\\Bonanza\\BonanzaKatalon\\Reports\\VBZ0012-Edit profile\\20181101_162532\\1541069766447.png, F:\\VofoxQA\\Bonanza\\BonanzaKatalon\\Reports\\VBZ0012-Edit profile\\20181101_162532\\1541069802939.png, F:\\VofoxQA\\Bonanza\\BonanzaKatalon\\Reports\\VBZ0012-Edit profile\\20181101_162532\\1541069803302.png, F:\\VofoxQA\\Bonanza\\BonanzaKatalon\\Reports\\VBZ0012-Edit profile\\20181101_162532\\1541069892833.png"/>
         <property name="hostName" value="shinto - Vofox-Shinto.vofox.com"/>
         <property name="os" value="Windows 10 32bit"/>
         <property name="katalonVersion" value="5.8.0.1"/>
         <property name="browser" value="Chrome 70.0.3538.77"/>
         <property name="hostAddress" value="192.168.10.134"/>
         <property name="sessionId" value="010314f4f71ddae1b1c84a3df743bdb4"/>
         <property name="seleniumVersion" value="3.7.1"/>
         <property name="proxyInformation" value="ProxyInformation{proxyOption=NO_PROXY, proxyServerType=HTTP, password=, proxyServerAddress=, proxyServerPort=0}"/>
         <property name="platform" value="Windows 10"/>
      </properties>
      <testcase name="Test Cases/Associate Application/Edit Profile/TCBA01201" classname="Test Cases/Associate Application/Edit Profile/TCBA01201" status="PASSED">
         <system-out><![CDATA[2018-11-01 16:25:34 - [TEST_CASE][PASSED] - Test Cases/Associate Application/Edit Profile/TCBA01201: Test Cases/Associate Application/Edit Profile/TCBA01201

2018-11-01 16:25:35 - [TEST_STEP][PASSED] - callTestCase: Call Test Case 'Test Cases/Associate Application/Associate Login/TCBA01008' successfully

2018-11-01 16:25:35 - [TEST_CASE][PASSED] - Test Cases/Associate Application/Associate Login/TCBA01008: Test Cases/Associate Application/Associate Login/TCBA01008

2018-11-01 16:25:35 - [TEST_STEP][PASSED] - openBrowser: Browser is opened with url: ''

2018-11-01 16:25:39 - [MESSAGE][PASSED] - Browser is opened with url: ''

2018-11-01 16:25:39 - [TEST_STEP][PASSED] - maximizeWindow: Current window maximized

2018-11-01 16:25:40 - [MESSAGE][PASSED] - Current window maximized

2018-11-01 16:25:40 - [TEST_STEP][PASSED] - navigateToUrl: Navigate to 'https://192.168.10.72/#/login' successfully

2018-11-01 16:25:44 - [MESSAGE][PASSED] - Navigate to 'https://192.168.10.72/#/login' successfully

2018-11-01 16:25:44 - [TEST_STEP][PASSED] - setText: Text 'Shinto-Test' is set on object 'Object Repository/Page_Log In  5-15/input_txtUserName'

2018-11-01 16:25:45 - [MESSAGE][PASSED] - Text 'Shinto-Test' is set on object 'Object Repository/Page_Log In  5-15/input_txtUserName'

2018-11-01 16:25:45 - [TEST_STEP][PASSED] - setEncryptedText: Text ****** has been set on object 'Object Repository/Page_Log In  5-15/input_txtPassword'

2018-11-01 16:25:46 - [MESSAGE][PASSED] - Text ****** has been set on object 'Object Repository/Page_Log In  5-15/input_txtPassword'

2018-11-01 16:25:46 - [TEST_STEP][PASSED] - click: Object: 'Object Repository/Page_Log In  5-15/button_Log in' is clicked on

2018-11-01 16:25:46 - [MESSAGE][PASSED] - Object: 'Object Repository/Page_Log In  5-15/button_Log in' is clicked on

2018-11-01 16:25:46 - [TEST_STEP][PASSED] - verifyElementText: Actual text and expected text of test object 'Object Repository/Change Password/Page_Home  5-15/span_My Title' are matched.

2018-11-01 16:25:49 - [MESSAGE][PASSED] - Actual text and expected text of test object 'Object Repository/Change Password/Page_Home  5-15/span_My Title' are matched.

2018-11-01 16:25:49 - [MESSAGE][PASSED] - Call Test Case 'Test Cases/Associate Application/Associate Login/TCBA01008' successfully

2018-11-01 16:25:49 - [TEST_STEP][PASSED] - click: Object: 'Object Repository/Edit Profile/Page_Home  5-15/a_Shinto-Test' is clicked on

2018-11-01 16:25:49 - [MESSAGE][PASSED] - Object: 'Object Repository/Edit Profile/Page_Home  5-15/a_Shinto-Test' is clicked on

2018-11-01 16:25:49 - [TEST_STEP][PASSED] - verifyElementText: Actual text and expected text of test object 'Object Repository/Edit Profile/Page_Home  5-15/span_Edit Profile' are matched.

2018-11-01 16:25:49 - [MESSAGE][PASSED] - Actual text and expected text of test object 'Object Repository/Edit Profile/Page_Home  5-15/span_Edit Profile' are matched.

2018-11-01 16:25:49 - [TEST_STEP][PASSED] - click: Object: 'Object Repository/Edit Profile/Page_Home  5-15/a_Shinto-Test' is clicked on

2018-11-01 16:25:49 - [MESSAGE][PASSED] - Object: 'Object Repository/Edit Profile/Page_Home  5-15/a_Shinto-Test' is clicked on

2018-11-01 16:25:49 - [TEST_STEP][PASSED] - delay: Delayed 5 second(s)

2018-11-01 16:25:54 - [MESSAGE][PASSED] - Delayed 5 second(s)]]></system-out>
         <system-err><![CDATA[]]></system-err>
      </testcase>
      <testcase name="Test Cases/Associate Application/Edit Profile/TCBA01202" classname="Test Cases/Associate Application/Edit Profile/TCBA01202" status="PASSED">
         <system-out><![CDATA[2018-11-01 16:25:54 - [TEST_CASE][PASSED] - Test Cases/Associate Application/Edit Profile/TCBA01202: Test Cases/Associate Application/Edit Profile/TCBA01202

2018-11-01 16:25:54 - [TEST_STEP][PASSED] - click: Object: 'Object Repository/Edit Profile/Page_Home  5-15/a_Shinto-Test' is clicked on

2018-11-01 16:25:55 - [MESSAGE][PASSED] - Object: 'Object Repository/Edit Profile/Page_Home  5-15/a_Shinto-Test' is clicked on

2018-11-01 16:25:55 - [TEST_STEP][PASSED] - verifyElementText: Actual text and expected text of test object 'Object Repository/Edit Profile/Page_Home  5-15/span_Edit Profile' are matched.

2018-11-01 16:25:55 - [MESSAGE][PASSED] - Actual text and expected text of test object 'Object Repository/Edit Profile/Page_Home  5-15/span_Edit Profile' are matched.

2018-11-01 16:25:55 - [TEST_STEP][PASSED] - verifyElementText: Actual text and expected text of test object 'Object Repository/Edit Profile/Page_Profile  5-15/a_Change Password' are matched.

2018-11-01 16:25:55 - [MESSAGE][PASSED] - Actual text and expected text of test object 'Object Repository/Edit Profile/Page_Profile  5-15/a_Change Password' are matched.

2018-11-01 16:25:55 - [TEST_STEP][PASSED] - verifyElementText: Actual text and expected text of test object 'Object Repository/Edit Profile/Page_Profile  5-15/span_Log Off' are matched.

2018-11-01 16:25:55 - [MESSAGE][PASSED] - Actual text and expected text of test object 'Object Repository/Edit Profile/Page_Profile  5-15/span_Log Off' are matched.

2018-11-01 16:25:55 - [TEST_STEP][PASSED] - click: Object: 'Object Repository/Edit Profile/Page_Profile  5-15/span_Edit Profile' is clicked on

2018-11-01 16:25:55 - [MESSAGE][PASSED] - Object: 'Object Repository/Edit Profile/Page_Profile  5-15/span_Edit Profile' is clicked on

2018-11-01 16:25:55 - [TEST_STEP][PASSED] - verifyElementText: Actual text and expected text of test object 'Object Repository/Edit Profile/Page_Profile  5-15/span_Profile' are matched.

2018-11-01 16:25:57 - [MESSAGE][PASSED] - Actual text and expected text of test object 'Object Repository/Edit Profile/Page_Profile  5-15/span_Profile' are matched.

2018-11-01 16:25:57 - [TEST_STEP][PASSED] - verifyElementText: Actual text and expected text of test object 'Object Repository/Edit Profile/Page_Profile  5-15/span_Edit' are matched.

2018-11-01 16:25:57 - [MESSAGE][PASSED] - Actual text and expected text of test object 'Object Repository/Edit Profile/Page_Profile  5-15/span_Edit' are matched.

2018-11-01 16:25:57 - [TEST_STEP][PASSED] - verifyElementText: Actual text and expected text of test object 'Object Repository/Edit Profile/Page_Profile  5-15/span_Change Your Email Address' are matched.

2018-11-01 16:25:57 - [MESSAGE][PASSED] - Actual text and expected text of test object 'Object Repository/Edit Profile/Page_Profile  5-15/span_Change Your Email Address' are matched.

2018-11-01 16:25:57 - [TEST_STEP][PASSED] - verifyElementText: Actual text and expected text of test object 'Object Repository/Edit Profile/Page_Profile  5-15/span_Close' are matched.

2018-11-01 16:25:57 - [MESSAGE][PASSED] - Actual text and expected text of test object 'Object Repository/Edit Profile/Page_Profile  5-15/span_Close' are matched.]]></system-out>
         <system-err><![CDATA[]]></system-err>
      </testcase>
      <testcase name="Test Cases/Associate Application/Edit Profile/TCBA01203" classname="Test Cases/Associate Application/Edit Profile/TCBA01203" status="PASSED">
         <system-out><![CDATA[2018-11-01 16:25:57 - [TEST_CASE][PASSED] - Test Cases/Associate Application/Edit Profile/TCBA01203: Test Cases/Associate Application/Edit Profile/TCBA01203

2018-11-01 16:25:57 - [TEST_STEP][PASSED] - click: Object: 'Object Repository/Edit Profile/Page_Profile  5-15/span_Edit' is clicked on

2018-11-01 16:25:57 - [MESSAGE][PASSED] - Object: 'Object Repository/Edit Profile/Page_Profile  5-15/span_Edit' is clicked on

2018-11-01 16:25:57 - [TEST_STEP][PASSED] - setText: Text '' is set on object 'Object Repository/Edit Profile/Page_Profile  5-15/input_txtFirstName'

2018-11-01 16:25:58 - [MESSAGE][PASSED] - Text '' is set on object 'Object Repository/Edit Profile/Page_Profile  5-15/input_txtFirstName'

2018-11-01 16:25:58 - [TEST_STEP][PASSED] - setText: Text '' is set on object 'Object Repository/Edit Profile/Page_Profile  5-15/input_txtLastName'

2018-11-01 16:25:58 - [MESSAGE][PASSED] - Text '' is set on object 'Object Repository/Edit Profile/Page_Profile  5-15/input_txtLastName'

2018-11-01 16:25:58 - [TEST_STEP][PASSED] - selectOptionByLabel: All options with label 'Month' are selected in object 'Object Repository/Edit Profile/Page_Profile  5-15/select_Month' 

2018-11-01 16:25:58 - [MESSAGE][PASSED] - All options with label 'Month' are selected in object 'Object Repository/Edit Profile/Page_Profile  5-15/select_Month' 

2018-11-01 16:25:58 - [TEST_STEP][PASSED] - selectOptionByLabel: All options with label 'Day' are selected in object 'Object Repository/Edit Profile/Page_Profile  5-15/select_Day                  01' 

2018-11-01 16:25:59 - [MESSAGE][PASSED] - All options with label 'Day' are selected in object 'Object Repository/Edit Profile/Page_Profile  5-15/select_Day                  01' 

2018-11-01 16:25:59 - [TEST_STEP][PASSED] - selectOptionByLabel: All options with label 'Year' are selected in object 'Object Repository/Edit Profile/Page_Profile  5-15/select_Year                  2' 

2018-11-01 16:25:59 - [MESSAGE][PASSED] - All options with label 'Year' are selected in object 'Object Repository/Edit Profile/Page_Profile  5-15/select_Year                  2' 

2018-11-01 16:25:59 - [TEST_STEP][PASSED] - selectOptionByLabel: All options with label 'Select Marital Status' are selected in object 'Object Repository/Edit Profile/Page_Profile  5-15/select_Select Marital Status' 

2018-11-01 16:25:59 - [MESSAGE][PASSED] - All options with label 'Select Marital Status' are selected in object 'Object Repository/Edit Profile/Page_Profile  5-15/select_Select Marital Status' 

2018-11-01 16:25:59 - [TEST_STEP][PASSED] - selectOptionByLabel: All options with label 'Select Birth Country' are selected in object 'Object Repository/Edit Profile/Page_Profile  5-15/select_Select Birth Country' 

2018-11-01 16:25:59 - [MESSAGE][PASSED] - All options with label 'Select Birth Country' are selected in object 'Object Repository/Edit Profile/Page_Profile  5-15/select_Select Birth Country' 

2018-11-01 16:25:59 - [TEST_STEP][PASSED] - setText: Text '' is set on object 'Object Repository/Edit Profile/Page_Profile  5-15/input_txtBirthStateCode'

2018-11-01 16:26:00 - [MESSAGE][PASSED] - Text '' is set on object 'Object Repository/Edit Profile/Page_Profile  5-15/input_txtBirthStateCode'

2018-11-01 16:26:00 - [TEST_STEP][PASSED] - setText: Text '' is set on object 'Object Repository/Edit Profile/Page_Profile  5-15/input_txtBirthCity'

2018-11-01 16:26:00 - [MESSAGE][PASSED] - Text '' is set on object 'Object Repository/Edit Profile/Page_Profile  5-15/input_txtBirthCity'

2018-11-01 16:26:00 - [TEST_STEP][PASSED] - selectOptionByLabel: All options with label 'Select Citizenship' are selected in object 'Object Repository/Edit Profile/Page_Profile  5-15/select_Select Citizenship' 

2018-11-01 16:26:00 - [MESSAGE][PASSED] - All options with label 'Select Citizenship' are selected in object 'Object Repository/Edit Profile/Page_Profile  5-15/select_Select Citizenship' 

2018-11-01 16:26:00 - [TEST_STEP][PASSED] - setText: Text '' is set on object 'Object Repository/Edit Profile/Page_Profile  5-15/input_txtPersonalTaxNum'

2018-11-01 16:26:00 - [MESSAGE][PASSED] - Text '' is set on object 'Object Repository/Edit Profile/Page_Profile  5-15/input_txtPersonalTaxNum'

2018-11-01 16:26:00 - [TEST_STEP][PASSED] - click: Object: 'Object Repository/Edit Profile/Page_Profile  5-15/Mail Address Div click' is clicked on

2018-11-01 16:26:01 - [MESSAGE][PASSED] - Object: 'Object Repository/Edit Profile/Page_Profile  5-15/Mail Address Div click' is clicked on

2018-11-01 16:26:01 - [TEST_STEP][PASSED] - click: Object: 'Object Repository/Edit Profile/Page_Profile  5-15/span_Save' is clicked on

2018-11-01 16:26:01 - [MESSAGE][PASSED] - Object: 'Object Repository/Edit Profile/Page_Profile  5-15/span_Save' is clicked on

2018-11-01 16:26:01 - [TEST_STEP][PASSED] - verifyElementText: Actual text and expected text of test object 'Object Repository/Edit Profile/Page_Profile  5-15/label_First Name' are matched.

2018-11-01 16:26:01 - [MESSAGE][PASSED] - Actual text and expected text of test object 'Object Repository/Edit Profile/Page_Profile  5-15/label_First Name' are matched.

2018-11-01 16:26:01 - [TEST_STEP][PASSED] - verifyElementText: Actual text and expected text of test object 'Object Repository/Edit Profile/Page_Profile  5-15/p_is required' are matched.

2018-11-01 16:26:01 - [MESSAGE][PASSED] - Actual text and expected text of test object 'Object Repository/Edit Profile/Page_Profile  5-15/p_is required' are matched.

2018-11-01 16:26:01 - [TEST_STEP][PASSED] - verifyElementText: Actual text and expected text of test object 'Object Repository/Edit Profile/Page_Profile  5-15/label_Last Name' are matched.

2018-11-01 16:26:01 - [MESSAGE][PASSED] - Actual text and expected text of test object 'Object Repository/Edit Profile/Page_Profile  5-15/label_Last Name' are matched.

2018-11-01 16:26:01 - [TEST_STEP][PASSED] - verifyElementText: Actual text and expected text of test object 'Object Repository/Edit Profile/Page_Profile  5-15/p_is required_1' are matched.

2018-11-01 16:26:01 - [MESSAGE][PASSED] - Actual text and expected text of test object 'Object Repository/Edit Profile/Page_Profile  5-15/p_is required_1' are matched.

2018-11-01 16:26:01 - [TEST_STEP][PASSED] - verifyElementText: Actual text and expected text of test object 'Object Repository/Edit Profile/Page_Profile  5-15/span_Birth Date' are matched.

2018-11-01 16:26:01 - [MESSAGE][PASSED] - Actual text and expected text of test object 'Object Repository/Edit Profile/Page_Profile  5-15/span_Birth Date' are matched.

2018-11-01 16:26:01 - [TEST_STEP][PASSED] - verifyElementText: Actual text and expected text of test object 'Object Repository/Edit Profile/Page_Profile  5-15/span_(MMDDYYYY)' are matched.

2018-11-01 16:26:01 - [MESSAGE][PASSED] - Actual text and expected text of test object 'Object Repository/Edit Profile/Page_Profile  5-15/span_(MMDDYYYY)' are matched.

2018-11-01 16:26:01 - [TEST_STEP][PASSED] - verifyElementText: Actual text and expected text of test object 'Object Repository/Edit Profile/Page_Profile  5-15/Is required_2' are matched.

2018-11-01 16:26:02 - [MESSAGE][PASSED] - Actual text and expected text of test object 'Object Repository/Edit Profile/Page_Profile  5-15/Is required_2' are matched.

2018-11-01 16:26:02 - [TEST_STEP][PASSED] - verifyElementText: Actual text and expected text of test object 'Object Repository/Edit Profile/Page_Profile  5-15/label_Marital Status' are matched.

2018-11-01 16:26:02 - [MESSAGE][PASSED] - Actual text and expected text of test object 'Object Repository/Edit Profile/Page_Profile  5-15/label_Marital Status' are matched.

2018-11-01 16:26:02 - [TEST_STEP][PASSED] - verifyElementText: Actual text and expected text of test object 'Object Repository/Edit Profile/Page_Profile  5-15/p_is required_3' are matched.

2018-11-01 16:26:02 - [MESSAGE][PASSED] - Actual text and expected text of test object 'Object Repository/Edit Profile/Page_Profile  5-15/p_is required_3' are matched.

2018-11-01 16:26:02 - [TEST_STEP][PASSED] - verifyElementText: Actual text and expected text of test object 'Object Repository/Edit Profile/Page_Profile  5-15/label_Birth Country' are matched.

2018-11-01 16:26:02 - [MESSAGE][PASSED] - Actual text and expected text of test object 'Object Repository/Edit Profile/Page_Profile  5-15/label_Birth Country' are matched.

2018-11-01 16:26:02 - [TEST_STEP][PASSED] - verifyElementText: Actual text and expected text of test object 'Object Repository/Edit Profile/Page_Profile  5-15/p_is required_4' are matched.

2018-11-01 16:26:02 - [MESSAGE][PASSED] - Actual text and expected text of test object 'Object Repository/Edit Profile/Page_Profile  5-15/p_is required_4' are matched.

2018-11-01 16:26:02 - [TEST_STEP][PASSED] - verifyElementText: Actual text and expected text of test object 'Object Repository/Edit Profile/Page_Profile  5-15/label_Citizenship' are matched.

2018-11-01 16:26:02 - [MESSAGE][PASSED] - Actual text and expected text of test object 'Object Repository/Edit Profile/Page_Profile  5-15/label_Citizenship' are matched.

2018-11-01 16:26:02 - [TEST_STEP][PASSED] - verifyElementText: Actual text and expected text of test object 'Object Repository/Edit Profile/Page_Profile  5-15/p_is required_5' are matched.

2018-11-01 16:26:02 - [MESSAGE][PASSED] - Actual text and expected text of test object 'Object Repository/Edit Profile/Page_Profile  5-15/p_is required_5' are matched.

2018-11-01 16:26:02 - [TEST_STEP][PASSED] - verifyElementText: Actual text and expected text of test object 'Object Repository/Edit Profile/Page_Profile  5-15/label_Personal Tax Num' are matched.

2018-11-01 16:26:02 - [MESSAGE][PASSED] - Actual text and expected text of test object 'Object Repository/Edit Profile/Page_Profile  5-15/label_Personal Tax Num' are matched.

2018-11-01 16:26:02 - [TEST_STEP][PASSED] - verifyElementText: Actual text and expected text of test object 'Object Repository/Edit Profile/Page_Profile  5-15/p_is required_6' are matched.

2018-11-01 16:26:02 - [MESSAGE][PASSED] - Actual text and expected text of test object 'Object Repository/Edit Profile/Page_Profile  5-15/p_is required_6' are matched.

2018-11-01 16:26:02 - [TEST_STEP][PASSED] - setText: Text '21212' is set on object 'Object Repository/Edit Profile/Page_Profile  5-15/input_txtPersonalTaxNum'

2018-11-01 16:26:02 - [MESSAGE][PASSED] - Text '21212' is set on object 'Object Repository/Edit Profile/Page_Profile  5-15/input_txtPersonalTaxNum'

2018-11-01 16:26:02 - [TEST_STEP][PASSED] - click: Object: 'Object Repository/Edit Profile/Page_Profile  5-15/span_Save' is clicked on

2018-11-01 16:26:02 - [MESSAGE][PASSED] - Object: 'Object Repository/Edit Profile/Page_Profile  5-15/span_Save' is clicked on

2018-11-01 16:26:02 - [TEST_STEP][PASSED] - verifyElementText: Actual text and expected text of test object 'Object Repository/Edit Profile/Page_Profile  5-15/label_Personal Tax Num' are matched.

2018-11-01 16:26:03 - [MESSAGE][PASSED] - Actual text and expected text of test object 'Object Repository/Edit Profile/Page_Profile  5-15/label_Personal Tax Num' are matched.

2018-11-01 16:26:03 - [TEST_STEP][PASSED] - verifyElementText: Actual text and expected text of test object 'Object Repository/Edit Profile/Page_Profile  5-15/p_is already taken' are matched.

2018-11-01 16:26:03 - [MESSAGE][PASSED] - Actual text and expected text of test object 'Object Repository/Edit Profile/Page_Profile  5-15/p_is already taken' are matched.]]></system-out>
         <system-err><![CDATA[]]></system-err>
      </testcase>
      <testcase name="Test Cases/Associate Application/Edit Profile/TCBA01204" classname="Test Cases/Associate Application/Edit Profile/TCBA01204" status="FAILED">
         <failure type="FAILED" message="(Stack trace: com.kms.katalon.core.exception.StepFailedException: Verify element text of test object 'Object Repository/Edit Profile/Page_Profile  5-15/p_is required_9' FAILED. (Root cause: org.openqa.selenium.StaleElementReferenceException: stale element reference: element is not attached to the page document
  (Session info: chrome=70.0.3538.77)
  (Driver info: chromedriver=2.35.528161 (5b82f2d2aae0ca24b877009200ced9065a772e73),platform=Windows NT 10.0.14393 x86) (WARNING: The server did not provide any stacktrace information)
Command duration or timeout: 0 milliseconds
For documentation on this error, please visit: http://seleniumhq.org/exceptions/stale_element_reference.html
Build info: version: '3.7.1', revision: '8a0099a', time: '2017-11-06T21:07:36.161Z'
System info: host: 'VOFOX-SHINTO', ip: '192.168.10.134', os.name: 'Windows 10', os.arch: 'x86', os.version: '10.0', java.version: '1.8.0_181'
Driver info: com.kms.katalon.selenium.driver.CChromeDriver
Capabilities {acceptInsecureCerts: false, acceptSslCerts: false, applicationCacheEnabled: false, browserConnectionEnabled: false, browserName: chrome, chrome: {chromedriverVersion: 2.35.528161 (5b82f2d2aae0ca..., userDataDir: C:\Users\shinto\AppData\Loc...}, cssSelectorsEnabled: true, databaseEnabled: false, handlesAlerts: true, hasTouchScreen: false, javascriptEnabled: true, locationContextEnabled: true, mobileEmulationEnabled: false, nativeEvents: true, networkConnectionEnabled: false, pageLoadStrategy: normal, platform: XP, platformName: XP, rotatable: false, setWindowRect: true, takesHeapSnapshot: true, takesScreenshot: true, unexpectedAlertBehaviour: , unhandledPromptBehavior: , version: 70.0.3538.77, webStorageEnabled: true}
Session ID: 010314f4f71ddae1b1c84a3df743bdb4)
	at com.kms.katalon.core.keyword.internal.KeywordMain.stepFailed(KeywordMain.groovy:36)
	at com.kms.katalon.core.webui.keyword.internal.WebUIKeywordMain.stepFailed(WebUIKeywordMain.groovy:65)
	at com.kms.katalon.core.webui.keyword.internal.WebUIKeywordMain.runKeyword(WebUIKeywordMain.groovy:27)
	at com.kms.katalon.core.webui.keyword.builtin.VerifyElementTextKeyword.verifyElementText(VerifyElementTextKeyword.groovy:72)
	at com.kms.katalon.core.webui.keyword.builtin.VerifyElementTextKeyword.execute(VerifyElementTextKeyword.groovy:40)
	at com.kms.katalon.core.keyword.internal.KeywordExecutor.executeKeywordForPlatform(KeywordExecutor.groovy:53)
	at com.kms.katalon.core.webui.keyword.WebUiBuiltInKeywords.verifyElementText(WebUiBuiltInKeywords.groovy:3663)
	at com.kms.katalon.core.webui.keyword.WebUiBuiltInKeywords$verifyElementText$5.call(Unknown Source)
	at org.codehaus.groovy.runtime.callsite.CallSiteArray.defaultCall(CallSiteArray.java:48)
	at org.codehaus.groovy.runtime.callsite.AbstractCallSite.call(AbstractCallSite.java:113)
	at org.codehaus.groovy.runtime.callsite.AbstractCallSite.call(AbstractCallSite.java:133)
	at Script1539006244620.run(Script1539006244620.groovy:51)
	at com.kms.katalon.core.main.ScriptEngine.run(ScriptEngine.java:183)
	at com.kms.katalon.core.main.ScriptEngine.runScriptAsRawText(ScriptEngine.java:108)
	at com.kms.katalon.core.main.TestCaseExecutor.runScript(TestCaseExecutor.java:294)
	at com.kms.katalon.core.main.TestCaseExecutor.doExecute(TestCaseExecutor.java:285)
	at com.kms.katalon.core.main.TestCaseExecutor.processExecutionPhase(TestCaseExecutor.java:264)
	at com.kms.katalon.core.main.TestCaseExecutor.accessMainPhase(TestCaseExecutor.java:256)
	at com.kms.katalon.core.main.TestCaseExecutor.execute(TestCaseExecutor.java:200)
	at com.kms.katalon.core.main.TestSuiteExecutor.accessTestCaseMainPhase(TestSuiteExecutor.java:129)
	at com.kms.katalon.core.main.TestSuiteExecutor.accessTestSuiteMainPhase(TestSuiteExecutor.java:112)
	at com.kms.katalon.core.main.TestSuiteExecutor.execute(TestSuiteExecutor.java:81)
	at com.kms.katalon.core.main.TestCaseMain.startTestSuite(TestCaseMain.java:142)
	at com.kms.katalon.core.main.TestCaseMain$startTestSuite$0.call(Unknown Source)
	at org.codehaus.groovy.runtime.callsite.CallSiteArray.defaultCall(CallSiteArray.java:48)
	at org.codehaus.groovy.runtime.callsite.AbstractCallSite.call(AbstractCallSite.java:113)
	at org.codehaus.groovy.runtime.callsite.AbstractCallSite.call(AbstractCallSite.java:141)
	at TempTestSuite1541069732388.run(TempTestSuite1541069732388.groovy:36)
	at groovy.lang.GroovyShell.runScriptOrMainOrTestOrRunnable(GroovyShell.java:263)
	at groovy.lang.GroovyShell.run(GroovyShell.java:518)
	at groovy.lang.GroovyShell.run(GroovyShell.java:507)
	at groovy.ui.GroovyMain.processOnce(GroovyMain.java:653)
	at groovy.ui.GroovyMain.run(GroovyMain.java:384)
	at groovy.ui.GroovyMain.process(GroovyMain.java:370)
	at groovy.ui.GroovyMain.processArgs(GroovyMain.java:129)
	at groovy.ui.GroovyMain.main(GroovyMain.java:109)
	at sun.reflect.NativeMethodAccessorImpl.invoke0(Native Method)
	at sun.reflect.NativeMethodAccessorImpl.invoke(NativeMethodAccessorImpl.java:62)
	at sun.reflect.DelegatingMethodAccessorImpl.invoke(DelegatingMethodAccessorImpl.java:43)
	at java.lang.reflect.Method.invoke(Method.java:498)
	at org.codehaus.groovy.tools.GroovyStarter.rootLoader(GroovyStarter.java:109)
	at org.codehaus.groovy.tools.GroovyStarter.main(GroovyStarter.java:131)
)"/>
         <system-out><![CDATA[2018-11-01 16:26:03 - [TEST_CASE][FAILED] - Test Cases/Associate Application/Edit Profile/TCBA01204: Test Cases/Associate Application/Edit Profile/TCBA01204 FAILED because (of) (Stack trace: com.kms.katalon.core.exception.StepFailedException: Verify element text of test object 'Object Repository/Edit Profile/Page_Profile  5-15/p_is required_9' FAILED. (Root cause: org.openqa.selenium.StaleElementReferenceException: stale element reference: element is not attached to the page document
  (Session info: chrome=70.0.3538.77)
  (Driver info: chromedriver=2.35.528161 (5b82f2d2aae0ca24b877009200ced9065a772e73),platform=Windows NT 10.0.14393 x86) (WARNING: The server did not provide any stacktrace information)
Command duration or timeout: 0 milliseconds
For documentation on this error, please visit: http://seleniumhq.org/exceptions/stale_element_reference.html
Build info: version: '3.7.1', revision: '8a0099a', time: '2017-11-06T21:07:36.161Z'
System info: host: 'VOFOX-SHINTO', ip: '192.168.10.134', os.name: 'Windows 10', os.arch: 'x86', os.version: '10.0', java.version: '1.8.0_181'
Driver info: com.kms.katalon.selenium.driver.CChromeDriver
Capabilities {acceptInsecureCerts: false, acceptSslCerts: false, applicationCacheEnabled: false, browserConnectionEnabled: false, browserName: chrome, chrome: {chromedriverVersion: 2.35.528161 (5b82f2d2aae0ca..., userDataDir: C:\Users\shinto\AppData\Loc...}, cssSelectorsEnabled: true, databaseEnabled: false, handlesAlerts: true, hasTouchScreen: false, javascriptEnabled: true, locationContextEnabled: true, mobileEmulationEnabled: false, nativeEvents: true, networkConnectionEnabled: false, pageLoadStrategy: normal, platform: XP, platformName: XP, rotatable: false, setWindowRect: true, takesHeapSnapshot: true, takesScreenshot: true, unexpectedAlertBehaviour: , unhandledPromptBehavior: , version: 70.0.3538.77, webStorageEnabled: true}
Session ID: 010314f4f71ddae1b1c84a3df743bdb4)
	at com.kms.katalon.core.keyword.internal.KeywordMain.stepFailed(KeywordMain.groovy:36)
	at com.kms.katalon.core.webui.keyword.internal.WebUIKeywordMain.stepFailed(WebUIKeywordMain.groovy:65)
	at com.kms.katalon.core.webui.keyword.internal.WebUIKeywordMain.runKeyword(WebUIKeywordMain.groovy:27)
	at com.kms.katalon.core.webui.keyword.builtin.VerifyElementTextKeyword.verifyElementText(VerifyElementTextKeyword.groovy:72)
	at com.kms.katalon.core.webui.keyword.builtin.VerifyElementTextKeyword.execute(VerifyElementTextKeyword.groovy:40)
	at com.kms.katalon.core.keyword.internal.KeywordExecutor.executeKeywordForPlatform(KeywordExecutor.groovy:53)
	at com.kms.katalon.core.webui.keyword.WebUiBuiltInKeywords.verifyElementText(WebUiBuiltInKeywords.groovy:3663)
	at com.kms.katalon.core.webui.keyword.WebUiBuiltInKeywords$verifyElementText$5.call(Unknown Source)
	at org.codehaus.groovy.runtime.callsite.CallSiteArray.defaultCall(CallSiteArray.java:48)
	at org.codehaus.groovy.runtime.callsite.AbstractCallSite.call(AbstractCallSite.java:113)
	at org.codehaus.groovy.runtime.callsite.AbstractCallSite.call(AbstractCallSite.java:133)
	at Script1539006244620.run(Script1539006244620.groovy:51)
	at com.kms.katalon.core.main.ScriptEngine.run(ScriptEngine.java:183)
	at com.kms.katalon.core.main.ScriptEngine.runScriptAsRawText(ScriptEngine.java:108)
	at com.kms.katalon.core.main.TestCaseExecutor.runScript(TestCaseExecutor.java:294)
	at com.kms.katalon.core.main.TestCaseExecutor.doExecute(TestCaseExecutor.java:285)
	at com.kms.katalon.core.main.TestCaseExecutor.processExecutionPhase(TestCaseExecutor.java:264)
	at com.kms.katalon.core.main.TestCaseExecutor.accessMainPhase(TestCaseExecutor.java:256)
	at com.kms.katalon.core.main.TestCaseExecutor.execute(TestCaseExecutor.java:200)
	at com.kms.katalon.core.main.TestSuiteExecutor.accessTestCaseMainPhase(TestSuiteExecutor.java:129)
	at com.kms.katalon.core.main.TestSuiteExecutor.accessTestSuiteMainPhase(TestSuiteExecutor.java:112)
	at com.kms.katalon.core.main.TestSuiteExecutor.execute(TestSuiteExecutor.java:81)
	at com.kms.katalon.core.main.TestCaseMain.startTestSuite(TestCaseMain.java:142)
	at com.kms.katalon.core.main.TestCaseMain$startTestSuite$0.call(Unknown Source)
	at org.codehaus.groovy.runtime.callsite.CallSiteArray.defaultCall(CallSiteArray.java:48)
	at org.codehaus.groovy.runtime.callsite.AbstractCallSite.call(AbstractCallSite.java:113)
	at org.codehaus.groovy.runtime.callsite.AbstractCallSite.call(AbstractCallSite.java:141)
	at TempTestSuite1541069732388.run(TempTestSuite1541069732388.groovy:36)
	at groovy.lang.GroovyShell.runScriptOrMainOrTestOrRunnable(GroovyShell.java:263)
	at groovy.lang.GroovyShell.run(GroovyShell.java:518)
	at groovy.lang.GroovyShell.run(GroovyShell.java:507)
	at groovy.ui.GroovyMain.processOnce(GroovyMain.java:653)
	at groovy.ui.GroovyMain.run(GroovyMain.java:384)
	at groovy.ui.GroovyMain.process(GroovyMain.java:370)
	at groovy.ui.GroovyMain.processArgs(GroovyMain.java:129)
	at groovy.ui.GroovyMain.main(GroovyMain.java:109)
	at sun.reflect.NativeMethodAccessorImpl.invoke0(Native Method)
	at sun.reflect.NativeMethodAccessorImpl.invoke(NativeMethodAccessorImpl.java:62)
	at sun.reflect.DelegatingMethodAccessorImpl.invoke(DelegatingMethodAccessorImpl.java:43)
	at java.lang.reflect.Method.invoke(Method.java:498)
	at org.codehaus.groovy.tools.GroovyStarter.rootLoader(GroovyStarter.java:109)
	at org.codehaus.groovy.tools.GroovyStarter.main(GroovyStarter.java:131)
)

2018-11-01 16:26:03 - [TEST_STEP][PASSED] - selectOptionByLabel: All options with label 'Select Country' are selected in object 'Object Repository/Edit Profile/Page_Profile  5-15/select_Select Country' 

2018-11-01 16:26:04 - [MESSAGE][PASSED] - All options with label 'Select Country' are selected in object 'Object Repository/Edit Profile/Page_Profile  5-15/select_Select Country' 

2018-11-01 16:26:04 - [TEST_STEP][PASSED] - setText: Text '' is set on object 'Object Repository/Edit Profile/Page_Profile  5-15/input_txtStreetPart'

2018-11-01 16:26:04 - [MESSAGE][PASSED] - Text '' is set on object 'Object Repository/Edit Profile/Page_Profile  5-15/input_txtStreetPart'

2018-11-01 16:26:04 - [TEST_STEP][PASSED] - setText: Text '' is set on object 'Object Repository/Edit Profile/Page_Profile  5-15/input_txtStreetName'

2018-11-01 16:26:04 - [MESSAGE][PASSED] - Text '' is set on object 'Object Repository/Edit Profile/Page_Profile  5-15/input_txtStreetName'

2018-11-01 16:26:04 - [TEST_STEP][PASSED] - setText: Text '' is set on object 'Object Repository/Edit Profile/Page_Profile  5-15/input_txtStreetNum'

2018-11-01 16:26:04 - [MESSAGE][PASSED] - Text '' is set on object 'Object Repository/Edit Profile/Page_Profile  5-15/input_txtStreetNum'

2018-11-01 16:26:04 - [TEST_STEP][PASSED] - setText: Text '' is set on object 'Object Repository/Edit Profile/Page_Profile  5-15/input_txtZip'

2018-11-01 16:26:05 - [MESSAGE][PASSED] - Text '' is set on object 'Object Repository/Edit Profile/Page_Profile  5-15/input_txtZip'

2018-11-01 16:26:05 - [TEST_STEP][PASSED] - setText: Text '' is set on object 'Object Repository/Edit Profile/Page_Profile  5-15/input_txtCity'

2018-11-01 16:26:05 - [MESSAGE][PASSED] - Text '' is set on object 'Object Repository/Edit Profile/Page_Profile  5-15/input_txtCity'

2018-11-01 16:26:05 - [TEST_STEP][PASSED] - setText: Text '' is set on object 'Object Repository/Edit Profile/Page_Profile  5-15/input_txtStateCode'

2018-11-01 16:26:05 - [MESSAGE][PASSED] - Text '' is set on object 'Object Repository/Edit Profile/Page_Profile  5-15/input_txtStateCode'

2018-11-01 16:26:05 - [TEST_STEP][PASSED] - click: Object: 'Object Repository/Edit Profile/Page_Profile  5-15/Mail Address Div click' is clicked on

2018-11-01 16:26:05 - [MESSAGE][PASSED] - Object: 'Object Repository/Edit Profile/Page_Profile  5-15/Mail Address Div click' is clicked on

2018-11-01 16:26:05 - [TEST_STEP][PASSED] - click: Object: 'Object Repository/Edit Profile/Page_Profile  5-15/Save-Mobile Number' is clicked on

2018-11-01 16:26:05 - [MESSAGE][PASSED] - Object: 'Object Repository/Edit Profile/Page_Profile  5-15/Save-Mobile Number' is clicked on

2018-11-01 16:26:05 - [TEST_STEP][PASSED] - verifyElementText: Actual text and expected text of test object 'Object Repository/Edit Profile/Page_Profile  5-15/label_Country' are matched.

2018-11-01 16:26:05 - [MESSAGE][PASSED] - Actual text and expected text of test object 'Object Repository/Edit Profile/Page_Profile  5-15/label_Country' are matched.

2018-11-01 16:26:05 - [TEST_STEP][PASSED] - verifyElementText: Actual text and expected text of test object 'Object Repository/Edit Profile/Page_Profile  5-15/p_is required_7' are matched.

2018-11-01 16:26:05 - [MESSAGE][PASSED] - Actual text and expected text of test object 'Object Repository/Edit Profile/Page_Profile  5-15/p_is required_7' are matched.

2018-11-01 16:26:05 - [TEST_STEP][PASSED] - verifyElementText: Actual text and expected text of test object 'Object Repository/Edit Profile/Page_Profile  5-15/label_Street Name' are matched.

2018-11-01 16:26:06 - [MESSAGE][PASSED] - Actual text and expected text of test object 'Object Repository/Edit Profile/Page_Profile  5-15/label_Street Name' are matched.

2018-11-01 16:26:06 - [TEST_STEP][PASSED] - verifyElementText: Actual text and expected text of test object 'Object Repository/Edit Profile/Page_Profile  5-15/p_is required_8' are matched.

2018-11-01 16:26:06 - [MESSAGE][PASSED] - Actual text and expected text of test object 'Object Repository/Edit Profile/Page_Profile  5-15/p_is required_8' are matched.

2018-11-01 16:26:06 - [TEST_STEP][PASSED] - verifyElementText: Actual text and expected text of test object 'Object Repository/Edit Profile/Page_Profile  5-15/label_Zip' are matched.

2018-11-01 16:26:06 - [MESSAGE][PASSED] - Actual text and expected text of test object 'Object Repository/Edit Profile/Page_Profile  5-15/label_Zip' are matched.

2018-11-01 16:26:06 - [TEST_STEP][FAILED] - verifyElementText: Verify element text of test object 'Object Repository/Edit Profile/Page_Profile  5-15/p_is required_9' FAILED. (Root cause: org.openqa.selenium.StaleElementReferenceException: stale element reference: element is not attached to the page document
  (Session info: chrome=70.0.3538.77)
  (Driver info: chromedriver=2.35.528161 (5b82f2d2aae0ca24b877009200ced9065a772e73),platform=Windows NT 10.0.14393 x86) (WARNING: The server did not provide any stacktrace information)
Command duration or timeout: 0 milliseconds
For documentation on this error, please visit: http://seleniumhq.org/exceptions/stale_element_reference.html
Build info: version: '3.7.1', revision: '8a0099a', time: '2017-11-06T21:07:36.161Z'
System info: host: 'VOFOX-SHINTO', ip: '192.168.10.134', os.name: 'Windows 10', os.arch: 'x86', os.version: '10.0', java.version: '1.8.0_181'
Driver info: com.kms.katalon.selenium.driver.CChromeDriver
Capabilities {acceptInsecureCerts: false, acceptSslCerts: false, applicationCacheEnabled: false, browserConnectionEnabled: false, browserName: chrome, chrome: {chromedriverVersion: 2.35.528161 (5b82f2d2aae0ca..., userDataDir: C:\Users\shinto\AppData\Loc...}, cssSelectorsEnabled: true, databaseEnabled: false, handlesAlerts: true, hasTouchScreen: false, javascriptEnabled: true, locationContextEnabled: true, mobileEmulationEnabled: false, nativeEvents: true, networkConnectionEnabled: false, pageLoadStrategy: normal, platform: XP, platformName: XP, rotatable: false, setWindowRect: true, takesHeapSnapshot: true, takesScreenshot: true, unexpectedAlertBehaviour: , unhandledPromptBehavior: , version: 70.0.3538.77, webStorageEnabled: true}
Session ID: 010314f4f71ddae1b1c84a3df743bdb4)

2018-11-01 16:26:06 - [MESSAGE][FAILED] - Verify element text of test object 'Object Repository/Edit Profile/Page_Profile  5-15/p_is required_9' FAILED. (Root cause: org.openqa.selenium.StaleElementReferenceException: stale element reference: element is not attached to the page document
  (Session info: chrome=70.0.3538.77)
  (Driver info: chromedriver=2.35.528161 (5b82f2d2aae0ca24b877009200ced9065a772e73),platform=Windows NT 10.0.14393 x86) (WARNING: The server did not provide any stacktrace information)
Command duration or timeout: 0 milliseconds
For documentation on this error, please visit: http://seleniumhq.org/exceptions/stale_element_reference.html
Build info: version: '3.7.1', revision: '8a0099a', time: '2017-11-06T21:07:36.161Z'
System info: host: 'VOFOX-SHINTO', ip: '192.168.10.134', os.name: 'Windows 10', os.arch: 'x86', os.version: '10.0', java.version: '1.8.0_181'
Driver info: com.kms.katalon.selenium.driver.CChromeDriver
Capabilities {acceptInsecureCerts: false, acceptSslCerts: false, applicationCacheEnabled: false, browserConnectionEnabled: false, browserName: chrome, chrome: {chromedriverVersion: 2.35.528161 (5b82f2d2aae0ca..., userDataDir: C:\Users\shinto\AppData\Loc...}, cssSelectorsEnabled: true, databaseEnabled: false, handlesAlerts: true, hasTouchScreen: false, javascriptEnabled: true, locationContextEnabled: true, mobileEmulationEnabled: false, nativeEvents: true, networkConnectionEnabled: false, pageLoadStrategy: normal, platform: XP, platformName: XP, rotatable: false, setWindowRect: true, takesHeapSnapshot: true, takesScreenshot: true, unexpectedAlertBehaviour: , unhandledPromptBehavior: , version: 70.0.3538.77, webStorageEnabled: true}
Session ID: 010314f4f71ddae1b1c84a3df743bdb4)
[[ATTACHMENT|F:\\VofoxQA\\Bonanza\\BonanzaKatalon\\Reports\\VBZ0012-Edit profile\\20181101_162532\\1541069766447.png]]]]></system-out>
         <system-err><![CDATA[2018-11-01 16:26:03 - [TEST_CASE][FAILED] - Test Cases/Associate Application/Edit Profile/TCBA01204: Test Cases/Associate Application/Edit Profile/TCBA01204 FAILED because (of) (Stack trace: com.kms.katalon.core.exception.StepFailedException: Verify element text of test object 'Object Repository/Edit Profile/Page_Profile  5-15/p_is required_9' FAILED. (Root cause: org.openqa.selenium.StaleElementReferenceException: stale element reference: element is not attached to the page document
  (Session info: chrome=70.0.3538.77)
  (Driver info: chromedriver=2.35.528161 (5b82f2d2aae0ca24b877009200ced9065a772e73),platform=Windows NT 10.0.14393 x86) (WARNING: The server did not provide any stacktrace information)
Command duration or timeout: 0 milliseconds
For documentation on this error, please visit: http://seleniumhq.org/exceptions/stale_element_reference.html
Build info: version: '3.7.1', revision: '8a0099a', time: '2017-11-06T21:07:36.161Z'
System info: host: 'VOFOX-SHINTO', ip: '192.168.10.134', os.name: 'Windows 10', os.arch: 'x86', os.version: '10.0', java.version: '1.8.0_181'
Driver info: com.kms.katalon.selenium.driver.CChromeDriver
Capabilities {acceptInsecureCerts: false, acceptSslCerts: false, applicationCacheEnabled: false, browserConnectionEnabled: false, browserName: chrome, chrome: {chromedriverVersion: 2.35.528161 (5b82f2d2aae0ca..., userDataDir: C:\Users\shinto\AppData\Loc...}, cssSelectorsEnabled: true, databaseEnabled: false, handlesAlerts: true, hasTouchScreen: false, javascriptEnabled: true, locationContextEnabled: true, mobileEmulationEnabled: false, nativeEvents: true, networkConnectionEnabled: false, pageLoadStrategy: normal, platform: XP, platformName: XP, rotatable: false, setWindowRect: true, takesHeapSnapshot: true, takesScreenshot: true, unexpectedAlertBehaviour: , unhandledPromptBehavior: , version: 70.0.3538.77, webStorageEnabled: true}
Session ID: 010314f4f71ddae1b1c84a3df743bdb4)
	at com.kms.katalon.core.keyword.internal.KeywordMain.stepFailed(KeywordMain.groovy:36)
	at com.kms.katalon.core.webui.keyword.internal.WebUIKeywordMain.stepFailed(WebUIKeywordMain.groovy:65)
	at com.kms.katalon.core.webui.keyword.internal.WebUIKeywordMain.runKeyword(WebUIKeywordMain.groovy:27)
	at com.kms.katalon.core.webui.keyword.builtin.VerifyElementTextKeyword.verifyElementText(VerifyElementTextKeyword.groovy:72)
	at com.kms.katalon.core.webui.keyword.builtin.VerifyElementTextKeyword.execute(VerifyElementTextKeyword.groovy:40)
	at com.kms.katalon.core.keyword.internal.KeywordExecutor.executeKeywordForPlatform(KeywordExecutor.groovy:53)
	at com.kms.katalon.core.webui.keyword.WebUiBuiltInKeywords.verifyElementText(WebUiBuiltInKeywords.groovy:3663)
	at com.kms.katalon.core.webui.keyword.WebUiBuiltInKeywords$verifyElementText$5.call(Unknown Source)
	at org.codehaus.groovy.runtime.callsite.CallSiteArray.defaultCall(CallSiteArray.java:48)
	at org.codehaus.groovy.runtime.callsite.AbstractCallSite.call(AbstractCallSite.java:113)
	at org.codehaus.groovy.runtime.callsite.AbstractCallSite.call(AbstractCallSite.java:133)
	at Script1539006244620.run(Script1539006244620.groovy:51)
	at com.kms.katalon.core.main.ScriptEngine.run(ScriptEngine.java:183)
	at com.kms.katalon.core.main.ScriptEngine.runScriptAsRawText(ScriptEngine.java:108)
	at com.kms.katalon.core.main.TestCaseExecutor.runScript(TestCaseExecutor.java:294)
	at com.kms.katalon.core.main.TestCaseExecutor.doExecute(TestCaseExecutor.java:285)
	at com.kms.katalon.core.main.TestCaseExecutor.processExecutionPhase(TestCaseExecutor.java:264)
	at com.kms.katalon.core.main.TestCaseExecutor.accessMainPhase(TestCaseExecutor.java:256)
	at com.kms.katalon.core.main.TestCaseExecutor.execute(TestCaseExecutor.java:200)
	at com.kms.katalon.core.main.TestSuiteExecutor.accessTestCaseMainPhase(TestSuiteExecutor.java:129)
	at com.kms.katalon.core.main.TestSuiteExecutor.accessTestSuiteMainPhase(TestSuiteExecutor.java:112)
	at com.kms.katalon.core.main.TestSuiteExecutor.execute(TestSuiteExecutor.java:81)
	at com.kms.katalon.core.main.TestCaseMain.startTestSuite(TestCaseMain.java:142)
	at com.kms.katalon.core.main.TestCaseMain$startTestSuite$0.call(Unknown Source)
	at org.codehaus.groovy.runtime.callsite.CallSiteArray.defaultCall(CallSiteArray.java:48)
	at org.codehaus.groovy.runtime.callsite.AbstractCallSite.call(AbstractCallSite.java:113)
	at org.codehaus.groovy.runtime.callsite.AbstractCallSite.call(AbstractCallSite.java:141)
	at TempTestSuite1541069732388.run(TempTestSuite1541069732388.groovy:36)
	at groovy.lang.GroovyShell.runScriptOrMainOrTestOrRunnable(GroovyShell.java:263)
	at groovy.lang.GroovyShell.run(GroovyShell.java:518)
	at groovy.lang.GroovyShell.run(GroovyShell.java:507)
	at groovy.ui.GroovyMain.processOnce(GroovyMain.java:653)
	at groovy.ui.GroovyMain.run(GroovyMain.java:384)
	at groovy.ui.GroovyMain.process(GroovyMain.java:370)
	at groovy.ui.GroovyMain.processArgs(GroovyMain.java:129)
	at groovy.ui.GroovyMain.main(GroovyMain.java:109)
	at sun.reflect.NativeMethodAccessorImpl.invoke0(Native Method)
	at sun.reflect.NativeMethodAccessorImpl.invoke(NativeMethodAccessorImpl.java:62)
	at sun.reflect.DelegatingMethodAccessorImpl.invoke(DelegatingMethodAccessorImpl.java:43)
	at java.lang.reflect.Method.invoke(Method.java:498)
	at org.codehaus.groovy.tools.GroovyStarter.rootLoader(GroovyStarter.java:109)
	at org.codehaus.groovy.tools.GroovyStarter.main(GroovyStarter.java:131)
)]]></system-err>
      </testcase>
      <testcase name="Test Cases/Associate Application/Edit Profile/TCBA01205" classname="Test Cases/Associate Application/Edit Profile/TCBA01205" status="PASSED">
         <system-out><![CDATA[2018-11-01 16:26:06 - [TEST_CASE][PASSED] - Test Cases/Associate Application/Edit Profile/TCBA01205: Test Cases/Associate Application/Edit Profile/TCBA01205

2018-11-01 16:26:07 - [TEST_STEP][PASSED] - setText: Text '' is set on object 'Object Repository/Edit Profile/Page_Profile  5-15/input_txtLandPhone'

2018-11-01 16:26:07 - [MESSAGE][PASSED] - Text '' is set on object 'Object Repository/Edit Profile/Page_Profile  5-15/input_txtLandPhone'

2018-11-01 16:26:07 - [TEST_STEP][PASSED] - setText: Text '' is set on object 'Object Repository/Edit Profile/Page_Profile  5-15/input_txtMobilePhone'

2018-11-01 16:26:07 - [MESSAGE][PASSED] - Text '' is set on object 'Object Repository/Edit Profile/Page_Profile  5-15/input_txtMobilePhone'

2018-11-01 16:26:07 - [TEST_STEP][PASSED] - click: Object: 'Object Repository/Edit Profile/Page_Profile  5-15/Save-Mobile Number' is clicked on

2018-11-01 16:26:07 - [MESSAGE][PASSED] - Object: 'Object Repository/Edit Profile/Page_Profile  5-15/Save-Mobile Number' is clicked on

2018-11-01 16:26:07 - [TEST_STEP][PASSED] - verifyElementText: Actual text and expected text of test object 'Object Repository/Edit Profile/Page_Profile  5-15/label_Mobile' are matched.

2018-11-01 16:26:07 - [MESSAGE][PASSED] - Actual text and expected text of test object 'Object Repository/Edit Profile/Page_Profile  5-15/label_Mobile' are matched.

2018-11-01 16:26:07 - [TEST_STEP][PASSED] - verifyElementText: Actual text and expected text of test object 'Object Repository/Edit Profile/Page_Profile  5-15/p_is required_11' are matched.

2018-11-01 16:26:07 - [MESSAGE][PASSED] - Actual text and expected text of test object 'Object Repository/Edit Profile/Page_Profile  5-15/p_is required_11' are matched.

2018-11-01 16:26:07 - [TEST_STEP][PASSED] - setText: Text '21212121212122123232323' is set on object 'Object Repository/Edit Profile/Page_Profile  5-15/input_txtLandPhone'

2018-11-01 16:26:08 - [MESSAGE][PASSED] - Text '21212121212122123232323' is set on object 'Object Repository/Edit Profile/Page_Profile  5-15/input_txtLandPhone'

2018-11-01 16:26:08 - [TEST_STEP][PASSED] - setText: Text '232323232323232323233' is set on object 'Object Repository/Edit Profile/Page_Profile  5-15/input_txtMobilePhone'

2018-11-01 16:26:08 - [MESSAGE][PASSED] - Text '232323232323232323233' is set on object 'Object Repository/Edit Profile/Page_Profile  5-15/input_txtMobilePhone'

2018-11-01 16:26:08 - [TEST_STEP][PASSED] - click: Object: 'Object Repository/Edit Profile/Page_Profile  5-15/Save-Mobile Number' is clicked on

2018-11-01 16:26:08 - [MESSAGE][PASSED] - Object: 'Object Repository/Edit Profile/Page_Profile  5-15/Save-Mobile Number' is clicked on

2018-11-01 16:26:08 - [TEST_STEP][PASSED] - verifyElementText: Actual text and expected text of test object 'Object Repository/Edit Profile/Page_Profile  5-15/label_Business Phone' are matched.

2018-11-01 16:26:08 - [MESSAGE][PASSED] - Actual text and expected text of test object 'Object Repository/Edit Profile/Page_Profile  5-15/label_Business Phone' are matched.

2018-11-01 16:26:08 - [TEST_STEP][PASSED] - verifyElementText: Actual text and expected text of test object 'Object Repository/Edit Profile/Page_Profile  5-15/p_must be no more than  15 cha' are matched.

2018-11-01 16:26:09 - [MESSAGE][PASSED] - Actual text and expected text of test object 'Object Repository/Edit Profile/Page_Profile  5-15/p_must be no more than  15 cha' are matched.

2018-11-01 16:26:09 - [TEST_STEP][PASSED] - verifyElementText: Actual text and expected text of test object 'Object Repository/Edit Profile/Page_Profile  5-15/label_Mobile' are matched.

2018-11-01 16:26:09 - [MESSAGE][PASSED] - Actual text and expected text of test object 'Object Repository/Edit Profile/Page_Profile  5-15/label_Mobile' are matched.

2018-11-01 16:26:09 - [TEST_STEP][PASSED] - verifyElementText: Actual text and expected text of test object 'Object Repository/Edit Profile/Page_Profile  5-15/p_must be no more than  15 cha_1' are matched.

2018-11-01 16:26:09 - [MESSAGE][PASSED] - Actual text and expected text of test object 'Object Repository/Edit Profile/Page_Profile  5-15/p_must be no more than  15 cha_1' are matched.

2018-11-01 16:26:09 - [TEST_STEP][PASSED] - setText: Text '' is set on object 'Object Repository/Edit Profile/Page_Profile  5-15/input_txtLandPhone'

2018-11-01 16:26:09 - [MESSAGE][PASSED] - Text '' is set on object 'Object Repository/Edit Profile/Page_Profile  5-15/input_txtLandPhone'

2018-11-01 16:26:09 - [TEST_STEP][PASSED] - setText: Text '' is set on object 'Object Repository/Edit Profile/Page_Profile  5-15/input_txtMobilePhone'

2018-11-01 16:26:09 - [MESSAGE][PASSED] - Text '' is set on object 'Object Repository/Edit Profile/Page_Profile  5-15/input_txtMobilePhone'

2018-11-01 16:26:09 - [TEST_STEP][PASSED] - setText: Text 'Test' is set on object 'Object Repository/Edit Profile/Page_Profile  5-15/input_txtLandPhone'

2018-11-01 16:26:09 - [MESSAGE][PASSED] - Text 'Test' is set on object 'Object Repository/Edit Profile/Page_Profile  5-15/input_txtLandPhone'

2018-11-01 16:26:09 - [TEST_STEP][PASSED] - setText: Text 'Test' is set on object 'Object Repository/Edit Profile/Page_Profile  5-15/input_txtMobilePhone'

2018-11-01 16:26:09 - [MESSAGE][PASSED] - Text 'Test' is set on object 'Object Repository/Edit Profile/Page_Profile  5-15/input_txtMobilePhone'

2018-11-01 16:26:09 - [TEST_STEP][PASSED] - click: Object: 'Object Repository/Edit Profile/Page_Profile  5-15/Save-Mobile Number' is clicked on

2018-11-01 16:26:10 - [MESSAGE][PASSED] - Object: 'Object Repository/Edit Profile/Page_Profile  5-15/Save-Mobile Number' is clicked on

2018-11-01 16:26:10 - [TEST_STEP][PASSED] - verifyElementText: Actual text and expected text of test object 'Object Repository/Edit Profile/Page_Profile  5-15/label_Business Phone' are matched.

2018-11-01 16:26:10 - [MESSAGE][PASSED] - Actual text and expected text of test object 'Object Repository/Edit Profile/Page_Profile  5-15/label_Business Phone' are matched.

2018-11-01 16:26:10 - [TEST_STEP][PASSED] - verifyElementText: Actual text and expected text of test object 'Object Repository/Edit Profile/Page_Profile  5-15/p_can only contain digits' are matched.

2018-11-01 16:26:10 - [MESSAGE][PASSED] - Actual text and expected text of test object 'Object Repository/Edit Profile/Page_Profile  5-15/p_can only contain digits' are matched.

2018-11-01 16:26:10 - [TEST_STEP][PASSED] - verifyElementText: Actual text and expected text of test object 'Object Repository/Edit Profile/Page_Profile  5-15/label_Mobile' are matched.

2018-11-01 16:26:10 - [MESSAGE][PASSED] - Actual text and expected text of test object 'Object Repository/Edit Profile/Page_Profile  5-15/label_Mobile' are matched.

2018-11-01 16:26:10 - [TEST_STEP][PASSED] - verifyElementText: Actual text and expected text of test object 'Object Repository/Edit Profile/Page_Profile  5-15/p_can only contain digits_1' are matched.

2018-11-01 16:26:10 - [MESSAGE][PASSED] - Actual text and expected text of test object 'Object Repository/Edit Profile/Page_Profile  5-15/p_can only contain digits_1' are matched.]]></system-out>
         <system-err><![CDATA[]]></system-err>
      </testcase>
      <testcase name="Test Cases/Associate Application/Edit Profile/TCBA01206" classname="Test Cases/Associate Application/Edit Profile/TCBA01206" status="FAILED">
         <failure type="FAILED" message="(Stack trace: com.kms.katalon.core.exception.StepFailedException: Verify element text of test object 'Object Repository/Edit Profile/Page_Profile  5-15/p_is required_12' FAILED. (Root cause: com.kms.katalon.core.webui.exception.WebElementNotFoundException: Web element with id: 'Object Repository/Edit Profile/Page_Profile  5-15/p_is required_12' located by 'By.xpath: //div[@id='divRoutingNum']/p' not found)
	at com.kms.katalon.core.keyword.internal.KeywordMain.stepFailed(KeywordMain.groovy:36)
	at com.kms.katalon.core.webui.keyword.internal.WebUIKeywordMain.stepFailed(WebUIKeywordMain.groovy:65)
	at com.kms.katalon.core.webui.keyword.internal.WebUIKeywordMain.runKeyword(WebUIKeywordMain.groovy:27)
	at com.kms.katalon.core.webui.keyword.builtin.VerifyElementTextKeyword.verifyElementText(VerifyElementTextKeyword.groovy:72)
	at com.kms.katalon.core.webui.keyword.builtin.VerifyElementTextKeyword.execute(VerifyElementTextKeyword.groovy:40)
	at com.kms.katalon.core.keyword.internal.KeywordExecutor.executeKeywordForPlatform(KeywordExecutor.groovy:53)
	at com.kms.katalon.core.webui.keyword.WebUiBuiltInKeywords.verifyElementText(WebUiBuiltInKeywords.groovy:3663)
	at com.kms.katalon.core.webui.keyword.WebUiBuiltInKeywords$verifyElementText$5.call(Unknown Source)
	at org.codehaus.groovy.runtime.callsite.CallSiteArray.defaultCall(CallSiteArray.java:48)
	at org.codehaus.groovy.runtime.callsite.AbstractCallSite.call(AbstractCallSite.java:113)
	at org.codehaus.groovy.runtime.callsite.AbstractCallSite.call(AbstractCallSite.java:133)
	at Script1539006852955.run(Script1539006852955.groovy:31)
	at com.kms.katalon.core.main.ScriptEngine.run(ScriptEngine.java:183)
	at com.kms.katalon.core.main.ScriptEngine.runScriptAsRawText(ScriptEngine.java:108)
	at com.kms.katalon.core.main.TestCaseExecutor.runScript(TestCaseExecutor.java:294)
	at com.kms.katalon.core.main.TestCaseExecutor.doExecute(TestCaseExecutor.java:285)
	at com.kms.katalon.core.main.TestCaseExecutor.processExecutionPhase(TestCaseExecutor.java:264)
	at com.kms.katalon.core.main.TestCaseExecutor.accessMainPhase(TestCaseExecutor.java:256)
	at com.kms.katalon.core.main.TestCaseExecutor.execute(TestCaseExecutor.java:200)
	at com.kms.katalon.core.main.TestSuiteExecutor.accessTestCaseMainPhase(TestSuiteExecutor.java:129)
	at com.kms.katalon.core.main.TestSuiteExecutor.accessTestSuiteMainPhase(TestSuiteExecutor.java:112)
	at com.kms.katalon.core.main.TestSuiteExecutor.execute(TestSuiteExecutor.java:81)
	at com.kms.katalon.core.main.TestCaseMain.startTestSuite(TestCaseMain.java:142)
	at com.kms.katalon.core.main.TestCaseMain$startTestSuite$0.call(Unknown Source)
	at org.codehaus.groovy.runtime.callsite.CallSiteArray.defaultCall(CallSiteArray.java:48)
	at org.codehaus.groovy.runtime.callsite.AbstractCallSite.call(AbstractCallSite.java:113)
	at org.codehaus.groovy.runtime.callsite.AbstractCallSite.call(AbstractCallSite.java:141)
	at TempTestSuite1541069732388.run(TempTestSuite1541069732388.groovy:36)
	at groovy.lang.GroovyShell.runScriptOrMainOrTestOrRunnable(GroovyShell.java:263)
	at groovy.lang.GroovyShell.run(GroovyShell.java:518)
	at groovy.lang.GroovyShell.run(GroovyShell.java:507)
	at groovy.ui.GroovyMain.processOnce(GroovyMain.java:653)
	at groovy.ui.GroovyMain.run(GroovyMain.java:384)
	at groovy.ui.GroovyMain.process(GroovyMain.java:370)
	at groovy.ui.GroovyMain.processArgs(GroovyMain.java:129)
	at groovy.ui.GroovyMain.main(GroovyMain.java:109)
	at sun.reflect.NativeMethodAccessorImpl.invoke0(Native Method)
	at sun.reflect.NativeMethodAccessorImpl.invoke(NativeMethodAccessorImpl.java:62)
	at sun.reflect.DelegatingMethodAccessorImpl.invoke(DelegatingMethodAccessorImpl.java:43)
	at java.lang.reflect.Method.invoke(Method.java:498)
	at org.codehaus.groovy.tools.GroovyStarter.rootLoader(GroovyStarter.java:109)
	at org.codehaus.groovy.tools.GroovyStarter.main(GroovyStarter.java:131)
)"/>
         <system-out><![CDATA[2018-11-01 16:26:10 - [TEST_CASE][FAILED] - Test Cases/Associate Application/Edit Profile/TCBA01206: Test Cases/Associate Application/Edit Profile/TCBA01206 FAILED because (of) (Stack trace: com.kms.katalon.core.exception.StepFailedException: Verify element text of test object 'Object Repository/Edit Profile/Page_Profile  5-15/p_is required_12' FAILED. (Root cause: com.kms.katalon.core.webui.exception.WebElementNotFoundException: Web element with id: 'Object Repository/Edit Profile/Page_Profile  5-15/p_is required_12' located by 'By.xpath: //div[@id='divRoutingNum']/p' not found)
	at com.kms.katalon.core.keyword.internal.KeywordMain.stepFailed(KeywordMain.groovy:36)
	at com.kms.katalon.core.webui.keyword.internal.WebUIKeywordMain.stepFailed(WebUIKeywordMain.groovy:65)
	at com.kms.katalon.core.webui.keyword.internal.WebUIKeywordMain.runKeyword(WebUIKeywordMain.groovy:27)
	at com.kms.katalon.core.webui.keyword.builtin.VerifyElementTextKeyword.verifyElementText(VerifyElementTextKeyword.groovy:72)
	at com.kms.katalon.core.webui.keyword.builtin.VerifyElementTextKeyword.execute(VerifyElementTextKeyword.groovy:40)
	at com.kms.katalon.core.keyword.internal.KeywordExecutor.executeKeywordForPlatform(KeywordExecutor.groovy:53)
	at com.kms.katalon.core.webui.keyword.WebUiBuiltInKeywords.verifyElementText(WebUiBuiltInKeywords.groovy:3663)
	at com.kms.katalon.core.webui.keyword.WebUiBuiltInKeywords$verifyElementText$5.call(Unknown Source)
	at org.codehaus.groovy.runtime.callsite.CallSiteArray.defaultCall(CallSiteArray.java:48)
	at org.codehaus.groovy.runtime.callsite.AbstractCallSite.call(AbstractCallSite.java:113)
	at org.codehaus.groovy.runtime.callsite.AbstractCallSite.call(AbstractCallSite.java:133)
	at Script1539006852955.run(Script1539006852955.groovy:31)
	at com.kms.katalon.core.main.ScriptEngine.run(ScriptEngine.java:183)
	at com.kms.katalon.core.main.ScriptEngine.runScriptAsRawText(ScriptEngine.java:108)
	at com.kms.katalon.core.main.TestCaseExecutor.runScript(TestCaseExecutor.java:294)
	at com.kms.katalon.core.main.TestCaseExecutor.doExecute(TestCaseExecutor.java:285)
	at com.kms.katalon.core.main.TestCaseExecutor.processExecutionPhase(TestCaseExecutor.java:264)
	at com.kms.katalon.core.main.TestCaseExecutor.accessMainPhase(TestCaseExecutor.java:256)
	at com.kms.katalon.core.main.TestCaseExecutor.execute(TestCaseExecutor.java:200)
	at com.kms.katalon.core.main.TestSuiteExecutor.accessTestCaseMainPhase(TestSuiteExecutor.java:129)
	at com.kms.katalon.core.main.TestSuiteExecutor.accessTestSuiteMainPhase(TestSuiteExecutor.java:112)
	at com.kms.katalon.core.main.TestSuiteExecutor.execute(TestSuiteExecutor.java:81)
	at com.kms.katalon.core.main.TestCaseMain.startTestSuite(TestCaseMain.java:142)
	at com.kms.katalon.core.main.TestCaseMain$startTestSuite$0.call(Unknown Source)
	at org.codehaus.groovy.runtime.callsite.CallSiteArray.defaultCall(CallSiteArray.java:48)
	at org.codehaus.groovy.runtime.callsite.AbstractCallSite.call(AbstractCallSite.java:113)
	at org.codehaus.groovy.runtime.callsite.AbstractCallSite.call(AbstractCallSite.java:141)
	at TempTestSuite1541069732388.run(TempTestSuite1541069732388.groovy:36)
	at groovy.lang.GroovyShell.runScriptOrMainOrTestOrRunnable(GroovyShell.java:263)
	at groovy.lang.GroovyShell.run(GroovyShell.java:518)
	at groovy.lang.GroovyShell.run(GroovyShell.java:507)
	at groovy.ui.GroovyMain.processOnce(GroovyMain.java:653)
	at groovy.ui.GroovyMain.run(GroovyMain.java:384)
	at groovy.ui.GroovyMain.process(GroovyMain.java:370)
	at groovy.ui.GroovyMain.processArgs(GroovyMain.java:129)
	at groovy.ui.GroovyMain.main(GroovyMain.java:109)
	at sun.reflect.NativeMethodAccessorImpl.invoke0(Native Method)
	at sun.reflect.NativeMethodAccessorImpl.invoke(NativeMethodAccessorImpl.java:62)
	at sun.reflect.DelegatingMethodAccessorImpl.invoke(DelegatingMethodAccessorImpl.java:43)
	at java.lang.reflect.Method.invoke(Method.java:498)
	at org.codehaus.groovy.tools.GroovyStarter.rootLoader(GroovyStarter.java:109)
	at org.codehaus.groovy.tools.GroovyStarter.main(GroovyStarter.java:131)
)

2018-11-01 16:26:10 - [TEST_STEP][PASSED] - selectOptionByValue: All options with value 'United States Of America' are selected in object 'Object Repository/Edit Profile/Page_Profile  5-15/select_Select Country'  using regular expression

2018-11-01 16:26:10 - [MESSAGE][PASSED] - All options with value 'United States Of America' are selected in object 'Object Repository/Edit Profile/Page_Profile  5-15/select_Select Country'  using regular expression

2018-11-01 16:26:11 - [TEST_STEP][PASSED] - setText: Text '' is set on object 'Object Repository/Edit Profile/Page_Profile  5-15/input_txtRoutingNum'

2018-11-01 16:26:11 - [MESSAGE][PASSED] - Text '' is set on object 'Object Repository/Edit Profile/Page_Profile  5-15/input_txtRoutingNum'

2018-11-01 16:26:11 - [TEST_STEP][PASSED] - click: Object: 'Object Repository/Edit Profile/Page_Profile  5-15/Label Click Email' is clicked on

2018-11-01 16:26:11 - [MESSAGE][PASSED] - Object: 'Object Repository/Edit Profile/Page_Profile  5-15/Label Click Email' is clicked on

2018-11-01 16:26:11 - [TEST_STEP][PASSED] - verifyElementText: Actual text and expected text of test object 'Object Repository/Edit Profile/Page_Profile  5-15/label_Routing Number' are matched.

2018-11-01 16:26:11 - [MESSAGE][PASSED] - Actual text and expected text of test object 'Object Repository/Edit Profile/Page_Profile  5-15/label_Routing Number' are matched.

2018-11-01 16:26:11 - [TEST_STEP][FAILED] - verifyElementText: Verify element text of test object 'Object Repository/Edit Profile/Page_Profile  5-15/p_is required_12' FAILED. (Root cause: com.kms.katalon.core.webui.exception.WebElementNotFoundException: Web element with id: 'Object Repository/Edit Profile/Page_Profile  5-15/p_is required_12' located by 'By.xpath: //div[@id='divRoutingNum']/p' not found)

2018-11-01 16:26:43 - [MESSAGE][FAILED] - com.kms.katalon.core.webui.exception.WebElementNotFoundException: Web element with id: 'Object Repository/Edit Profile/Page_Profile  5-15/p_is required_12' located by 'By.xpath: //div[@id='divRoutingNum']/p' not found
[[ATTACHMENT|F:\\VofoxQA\\Bonanza\\BonanzaKatalon\\Reports\\VBZ0012-Edit profile\\20181101_162532\\1541069802939.png]]

2018-11-01 16:26:43 - [MESSAGE][FAILED] - Verify element text of test object 'Object Repository/Edit Profile/Page_Profile  5-15/p_is required_12' FAILED. (Root cause: com.kms.katalon.core.webui.exception.WebElementNotFoundException: Web element with id: 'Object Repository/Edit Profile/Page_Profile  5-15/p_is required_12' located by 'By.xpath: //div[@id='divRoutingNum']/p' not found)
[[ATTACHMENT|F:\\VofoxQA\\Bonanza\\BonanzaKatalon\\Reports\\VBZ0012-Edit profile\\20181101_162532\\1541069803302.png]]]]></system-out>
         <system-err><![CDATA[2018-11-01 16:26:10 - [TEST_CASE][FAILED] - Test Cases/Associate Application/Edit Profile/TCBA01206: Test Cases/Associate Application/Edit Profile/TCBA01206 FAILED because (of) (Stack trace: com.kms.katalon.core.exception.StepFailedException: Verify element text of test object 'Object Repository/Edit Profile/Page_Profile  5-15/p_is required_12' FAILED. (Root cause: com.kms.katalon.core.webui.exception.WebElementNotFoundException: Web element with id: 'Object Repository/Edit Profile/Page_Profile  5-15/p_is required_12' located by 'By.xpath: //div[@id='divRoutingNum']/p' not found)
	at com.kms.katalon.core.keyword.internal.KeywordMain.stepFailed(KeywordMain.groovy:36)
	at com.kms.katalon.core.webui.keyword.internal.WebUIKeywordMain.stepFailed(WebUIKeywordMain.groovy:65)
	at com.kms.katalon.core.webui.keyword.internal.WebUIKeywordMain.runKeyword(WebUIKeywordMain.groovy:27)
	at com.kms.katalon.core.webui.keyword.builtin.VerifyElementTextKeyword.verifyElementText(VerifyElementTextKeyword.groovy:72)
	at com.kms.katalon.core.webui.keyword.builtin.VerifyElementTextKeyword.execute(VerifyElementTextKeyword.groovy:40)
	at com.kms.katalon.core.keyword.internal.KeywordExecutor.executeKeywordForPlatform(KeywordExecutor.groovy:53)
	at com.kms.katalon.core.webui.keyword.WebUiBuiltInKeywords.verifyElementText(WebUiBuiltInKeywords.groovy:3663)
	at com.kms.katalon.core.webui.keyword.WebUiBuiltInKeywords$verifyElementText$5.call(Unknown Source)
	at org.codehaus.groovy.runtime.callsite.CallSiteArray.defaultCall(CallSiteArray.java:48)
	at org.codehaus.groovy.runtime.callsite.AbstractCallSite.call(AbstractCallSite.java:113)
	at org.codehaus.groovy.runtime.callsite.AbstractCallSite.call(AbstractCallSite.java:133)
	at Script1539006852955.run(Script1539006852955.groovy:31)
	at com.kms.katalon.core.main.ScriptEngine.run(ScriptEngine.java:183)
	at com.kms.katalon.core.main.ScriptEngine.runScriptAsRawText(ScriptEngine.java:108)
	at com.kms.katalon.core.main.TestCaseExecutor.runScript(TestCaseExecutor.java:294)
	at com.kms.katalon.core.main.TestCaseExecutor.doExecute(TestCaseExecutor.java:285)
	at com.kms.katalon.core.main.TestCaseExecutor.processExecutionPhase(TestCaseExecutor.java:264)
	at com.kms.katalon.core.main.TestCaseExecutor.accessMainPhase(TestCaseExecutor.java:256)
	at com.kms.katalon.core.main.TestCaseExecutor.execute(TestCaseExecutor.java:200)
	at com.kms.katalon.core.main.TestSuiteExecutor.accessTestCaseMainPhase(TestSuiteExecutor.java:129)
	at com.kms.katalon.core.main.TestSuiteExecutor.accessTestSuiteMainPhase(TestSuiteExecutor.java:112)
	at com.kms.katalon.core.main.TestSuiteExecutor.execute(TestSuiteExecutor.java:81)
	at com.kms.katalon.core.main.TestCaseMain.startTestSuite(TestCaseMain.java:142)
	at com.kms.katalon.core.main.TestCaseMain$startTestSuite$0.call(Unknown Source)
	at org.codehaus.groovy.runtime.callsite.CallSiteArray.defaultCall(CallSiteArray.java:48)
	at org.codehaus.groovy.runtime.callsite.AbstractCallSite.call(AbstractCallSite.java:113)
	at org.codehaus.groovy.runtime.callsite.AbstractCallSite.call(AbstractCallSite.java:141)
	at TempTestSuite1541069732388.run(TempTestSuite1541069732388.groovy:36)
	at groovy.lang.GroovyShell.runScriptOrMainOrTestOrRunnable(GroovyShell.java:263)
	at groovy.lang.GroovyShell.run(GroovyShell.java:518)
	at groovy.lang.GroovyShell.run(GroovyShell.java:507)
	at groovy.ui.GroovyMain.processOnce(GroovyMain.java:653)
	at groovy.ui.GroovyMain.run(GroovyMain.java:384)
	at groovy.ui.GroovyMain.process(GroovyMain.java:370)
	at groovy.ui.GroovyMain.processArgs(GroovyMain.java:129)
	at groovy.ui.GroovyMain.main(GroovyMain.java:109)
	at sun.reflect.NativeMethodAccessorImpl.invoke0(Native Method)
	at sun.reflect.NativeMethodAccessorImpl.invoke(NativeMethodAccessorImpl.java:62)
	at sun.reflect.DelegatingMethodAccessorImpl.invoke(DelegatingMethodAccessorImpl.java:43)
	at java.lang.reflect.Method.invoke(Method.java:498)
	at org.codehaus.groovy.tools.GroovyStarter.rootLoader(GroovyStarter.java:109)
	at org.codehaus.groovy.tools.GroovyStarter.main(GroovyStarter.java:131)
)]]></system-err>
      </testcase>
      <testcase name="Test Cases/Associate Application/Edit Profile/TCBA01207" classname="Test Cases/Associate Application/Edit Profile/TCBA01207" status="FAILED">
         <failure type="FAILED" message="(Stack trace: com.kms.katalon.core.exception.StepFailedException: Unable to click on object 'Object Repository/Edit Profile/Page_Profile  5-15/span_Edit' (Root cause: com.kms.katalon.core.webui.exception.WebElementNotFoundException: Web element with id: 'Object Repository/Edit Profile/Page_Profile  5-15/span_Edit' located by 'By.xpath: //button[@class='btn btn-primary au-target']//span[@class='au-target'][contains(text(),'Edit')]' not found)
	at com.kms.katalon.core.keyword.internal.KeywordMain.stepFailed(KeywordMain.groovy:36)
	at com.kms.katalon.core.webui.keyword.internal.WebUIKeywordMain.stepFailed(WebUIKeywordMain.groovy:65)
	at com.kms.katalon.core.webui.keyword.internal.WebUIKeywordMain.runKeyword(WebUIKeywordMain.groovy:27)
	at com.kms.katalon.core.webui.keyword.builtin.ClickKeyword.click(ClickKeyword.groovy:86)
	at com.kms.katalon.core.webui.keyword.builtin.ClickKeyword.execute(ClickKeyword.groovy:67)
	at com.kms.katalon.core.keyword.internal.KeywordExecutor.executeKeywordForPlatform(KeywordExecutor.groovy:53)
	at com.kms.katalon.core.webui.keyword.WebUiBuiltInKeywords.click(WebUiBuiltInKeywords.groovy:616)
	at com.kms.katalon.core.webui.keyword.WebUiBuiltInKeywords$click$4.call(Unknown Source)
	at org.codehaus.groovy.runtime.callsite.CallSiteArray.defaultCall(CallSiteArray.java:48)
	at org.codehaus.groovy.runtime.callsite.AbstractCallSite.call(AbstractCallSite.java:113)
	at org.codehaus.groovy.runtime.callsite.AbstractCallSite.call(AbstractCallSite.java:125)
	at Script1539007299738.run(Script1539007299738.groovy:92)
	at com.kms.katalon.core.main.ScriptEngine.run(ScriptEngine.java:183)
	at com.kms.katalon.core.main.ScriptEngine.runScriptAsRawText(ScriptEngine.java:108)
	at com.kms.katalon.core.main.TestCaseExecutor.runScript(TestCaseExecutor.java:294)
	at com.kms.katalon.core.main.TestCaseExecutor.doExecute(TestCaseExecutor.java:285)
	at com.kms.katalon.core.main.TestCaseExecutor.processExecutionPhase(TestCaseExecutor.java:264)
	at com.kms.katalon.core.main.TestCaseExecutor.accessMainPhase(TestCaseExecutor.java:256)
	at com.kms.katalon.core.main.TestCaseExecutor.execute(TestCaseExecutor.java:200)
	at com.kms.katalon.core.main.TestSuiteExecutor.accessTestCaseMainPhase(TestSuiteExecutor.java:129)
	at com.kms.katalon.core.main.TestSuiteExecutor.accessTestSuiteMainPhase(TestSuiteExecutor.java:112)
	at com.kms.katalon.core.main.TestSuiteExecutor.execute(TestSuiteExecutor.java:81)
	at com.kms.katalon.core.main.TestCaseMain.startTestSuite(TestCaseMain.java:142)
	at com.kms.katalon.core.main.TestCaseMain$startTestSuite$0.call(Unknown Source)
	at org.codehaus.groovy.runtime.callsite.CallSiteArray.defaultCall(CallSiteArray.java:48)
	at org.codehaus.groovy.runtime.callsite.AbstractCallSite.call(AbstractCallSite.java:113)
	at org.codehaus.groovy.runtime.callsite.AbstractCallSite.call(AbstractCallSite.java:141)
	at TempTestSuite1541069732388.run(TempTestSuite1541069732388.groovy:36)
	at groovy.lang.GroovyShell.runScriptOrMainOrTestOrRunnable(GroovyShell.java:263)
	at groovy.lang.GroovyShell.run(GroovyShell.java:518)
	at groovy.lang.GroovyShell.run(GroovyShell.java:507)
	at groovy.ui.GroovyMain.processOnce(GroovyMain.java:653)
	at groovy.ui.GroovyMain.run(GroovyMain.java:384)
	at groovy.ui.GroovyMain.process(GroovyMain.java:370)
	at groovy.ui.GroovyMain.processArgs(GroovyMain.java:129)
	at groovy.ui.GroovyMain.main(GroovyMain.java:109)
	at sun.reflect.NativeMethodAccessorImpl.invoke0(Native Method)
	at sun.reflect.NativeMethodAccessorImpl.invoke(NativeMethodAccessorImpl.java:62)
	at sun.reflect.DelegatingMethodAccessorImpl.invoke(DelegatingMethodAccessorImpl.java:43)
	at java.lang.reflect.Method.invoke(Method.java:498)
	at org.codehaus.groovy.tools.GroovyStarter.rootLoader(GroovyStarter.java:109)
	at org.codehaus.groovy.tools.GroovyStarter.main(GroovyStarter.java:131)
)"/>
         <system-out><![CDATA[2018-11-01 16:26:43 - [TEST_CASE][FAILED] - Test Cases/Associate Application/Edit Profile/TCBA01207: Test Cases/Associate Application/Edit Profile/TCBA01207 FAILED because (of) (Stack trace: com.kms.katalon.core.exception.StepFailedException: Unable to click on object 'Object Repository/Edit Profile/Page_Profile  5-15/span_Edit' (Root cause: com.kms.katalon.core.webui.exception.WebElementNotFoundException: Web element with id: 'Object Repository/Edit Profile/Page_Profile  5-15/span_Edit' located by 'By.xpath: //button[@class='btn btn-primary au-target']//span[@class='au-target'][contains(text(),'Edit')]' not found)
	at com.kms.katalon.core.keyword.internal.KeywordMain.stepFailed(KeywordMain.groovy:36)
	at com.kms.katalon.core.webui.keyword.internal.WebUIKeywordMain.stepFailed(WebUIKeywordMain.groovy:65)
	at com.kms.katalon.core.webui.keyword.internal.WebUIKeywordMain.runKeyword(WebUIKeywordMain.groovy:27)
	at com.kms.katalon.core.webui.keyword.builtin.ClickKeyword.click(ClickKeyword.groovy:86)
	at com.kms.katalon.core.webui.keyword.builtin.ClickKeyword.execute(ClickKeyword.groovy:67)
	at com.kms.katalon.core.keyword.internal.KeywordExecutor.executeKeywordForPlatform(KeywordExecutor.groovy:53)
	at com.kms.katalon.core.webui.keyword.WebUiBuiltInKeywords.click(WebUiBuiltInKeywords.groovy:616)
	at com.kms.katalon.core.webui.keyword.WebUiBuiltInKeywords$click$4.call(Unknown Source)
	at org.codehaus.groovy.runtime.callsite.CallSiteArray.defaultCall(CallSiteArray.java:48)
	at org.codehaus.groovy.runtime.callsite.AbstractCallSite.call(AbstractCallSite.java:113)
	at org.codehaus.groovy.runtime.callsite.AbstractCallSite.call(AbstractCallSite.java:125)
	at Script1539007299738.run(Script1539007299738.groovy:92)
	at com.kms.katalon.core.main.ScriptEngine.run(ScriptEngine.java:183)
	at com.kms.katalon.core.main.ScriptEngine.runScriptAsRawText(ScriptEngine.java:108)
	at com.kms.katalon.core.main.TestCaseExecutor.runScript(TestCaseExecutor.java:294)
	at com.kms.katalon.core.main.TestCaseExecutor.doExecute(TestCaseExecutor.java:285)
	at com.kms.katalon.core.main.TestCaseExecutor.processExecutionPhase(TestCaseExecutor.java:264)
	at com.kms.katalon.core.main.TestCaseExecutor.accessMainPhase(TestCaseExecutor.java:256)
	at com.kms.katalon.core.main.TestCaseExecutor.execute(TestCaseExecutor.java:200)
	at com.kms.katalon.core.main.TestSuiteExecutor.accessTestCaseMainPhase(TestSuiteExecutor.java:129)
	at com.kms.katalon.core.main.TestSuiteExecutor.accessTestSuiteMainPhase(TestSuiteExecutor.java:112)
	at com.kms.katalon.core.main.TestSuiteExecutor.execute(TestSuiteExecutor.java:81)
	at com.kms.katalon.core.main.TestCaseMain.startTestSuite(TestCaseMain.java:142)
	at com.kms.katalon.core.main.TestCaseMain$startTestSuite$0.call(Unknown Source)
	at org.codehaus.groovy.runtime.callsite.CallSiteArray.defaultCall(CallSiteArray.java:48)
	at org.codehaus.groovy.runtime.callsite.AbstractCallSite.call(AbstractCallSite.java:113)
	at org.codehaus.groovy.runtime.callsite.AbstractCallSite.call(AbstractCallSite.java:141)
	at TempTestSuite1541069732388.run(TempTestSuite1541069732388.groovy:36)
	at groovy.lang.GroovyShell.runScriptOrMainOrTestOrRunnable(GroovyShell.java:263)
	at groovy.lang.GroovyShell.run(GroovyShell.java:518)
	at groovy.lang.GroovyShell.run(GroovyShell.java:507)
	at groovy.ui.GroovyMain.processOnce(GroovyMain.java:653)
	at groovy.ui.GroovyMain.run(GroovyMain.java:384)
	at groovy.ui.GroovyMain.process(GroovyMain.java:370)
	at groovy.ui.GroovyMain.processArgs(GroovyMain.java:129)
	at groovy.ui.GroovyMain.main(GroovyMain.java:109)
	at sun.reflect.NativeMethodAccessorImpl.invoke0(Native Method)
	at sun.reflect.NativeMethodAccessorImpl.invoke(NativeMethodAccessorImpl.java:62)
	at sun.reflect.DelegatingMethodAccessorImpl.invoke(DelegatingMethodAccessorImpl.java:43)
	at java.lang.reflect.Method.invoke(Method.java:498)
	at org.codehaus.groovy.tools.GroovyStarter.rootLoader(GroovyStarter.java:109)
	at org.codehaus.groovy.tools.GroovyStarter.main(GroovyStarter.java:131)
)

2018-11-01 16:26:43 - [TEST_STEP][PASSED] - setText: Text '' is set on object 'Object Repository/Edit Profile/Page_Profile  5-15/input_txtFirstName'

2018-11-01 16:26:44 - [MESSAGE][PASSED] - Text '' is set on object 'Object Repository/Edit Profile/Page_Profile  5-15/input_txtFirstName'

2018-11-01 16:26:44 - [TEST_STEP][PASSED] - setText: Text 'Shinto-QA' is set on object 'Object Repository/Edit Profile/Page_Profile  5-15/input_txtFirstName'

2018-11-01 16:26:44 - [MESSAGE][PASSED] - Text 'Shinto-QA' is set on object 'Object Repository/Edit Profile/Page_Profile  5-15/input_txtFirstName'

2018-11-01 16:26:44 - [TEST_STEP][PASSED] - setText: Text '' is set on object 'Object Repository/Edit Profile/Page_Profile  5-15/input_txtLastName'

2018-11-01 16:26:44 - [MESSAGE][PASSED] - Text '' is set on object 'Object Repository/Edit Profile/Page_Profile  5-15/input_txtLastName'

2018-11-01 16:26:44 - [TEST_STEP][PASSED] - setText: Text 'Test' is set on object 'Object Repository/Edit Profile/Page_Profile  5-15/input_txtLastName'

2018-11-01 16:26:44 - [MESSAGE][PASSED] - Text 'Test' is set on object 'Object Repository/Edit Profile/Page_Profile  5-15/input_txtLastName'

2018-11-01 16:26:44 - [TEST_STEP][PASSED] - selectOptionByLabel: All options with label 'Month' are selected in object 'Object Repository/Edit Profile/Page_Profile  5-15/select_Month' 

2018-11-01 16:26:44 - [MESSAGE][PASSED] - All options with label 'Month' are selected in object 'Object Repository/Edit Profile/Page_Profile  5-15/select_Month' 

2018-11-01 16:26:44 - [TEST_STEP][PASSED] - selectOptionByLabel: All options with label 'Day' are selected in object 'Object Repository/Edit Profile/Page_Profile  5-15/select_Day                  01' 

2018-11-01 16:26:44 - [MESSAGE][PASSED] - All options with label 'Day' are selected in object 'Object Repository/Edit Profile/Page_Profile  5-15/select_Day                  01' 

2018-11-01 16:26:44 - [TEST_STEP][PASSED] - selectOptionByLabel: All options with label 'Year' are selected in object 'Object Repository/Edit Profile/Page_Profile  5-15/select_Year                  2' 

2018-11-01 16:26:45 - [MESSAGE][PASSED] - All options with label 'Year' are selected in object 'Object Repository/Edit Profile/Page_Profile  5-15/select_Year                  2' 

2018-11-01 16:26:45 - [TEST_STEP][PASSED] - selectOptionByValue: All options with value '05' are selected in object 'Object Repository/Edit Profile/Page_Profile  5-15/select_Month'  using regular expression

2018-11-01 16:26:45 - [MESSAGE][PASSED] - All options with value '05' are selected in object 'Object Repository/Edit Profile/Page_Profile  5-15/select_Month'  using regular expression

2018-11-01 16:26:45 - [TEST_STEP][PASSED] - selectOptionByValue: All options with value '05' are selected in object 'Object Repository/Edit Profile/Page_Profile  5-15/select_Day                  01'  using regular expression

2018-11-01 16:26:46 - [MESSAGE][PASSED] - All options with value '05' are selected in object 'Object Repository/Edit Profile/Page_Profile  5-15/select_Day                  01'  using regular expression

2018-11-01 16:26:46 - [TEST_STEP][PASSED] - selectOptionByValue: All options with value '1990' are selected in object 'Object Repository/Edit Profile/Page_Profile  5-15/select_Year                  2'  using regular expression

2018-11-01 16:26:48 - [MESSAGE][PASSED] - All options with value '1990' are selected in object 'Object Repository/Edit Profile/Page_Profile  5-15/select_Year                  2'  using regular expression

2018-11-01 16:26:48 - [TEST_STEP][PASSED] - selectOptionByLabel: All options with label 'Select Marital Status' are selected in object 'Object Repository/Edit Profile/Page_Profile  5-15/select_Select Marital Status' 

2018-11-01 16:26:48 - [MESSAGE][PASSED] - All options with label 'Select Marital Status' are selected in object 'Object Repository/Edit Profile/Page_Profile  5-15/select_Select Marital Status' 

2018-11-01 16:26:48 - [TEST_STEP][PASSED] - selectOptionByValue: All options with value 'Married' are selected in object 'Object Repository/Edit Profile/Page_Profile  5-15/select_Select Marital Status'  using regular expression

2018-11-01 16:26:48 - [MESSAGE][PASSED] - All options with value 'Married' are selected in object 'Object Repository/Edit Profile/Page_Profile  5-15/select_Select Marital Status'  using regular expression

2018-11-01 16:26:48 - [TEST_STEP][PASSED] - selectOptionByLabel: All options with label 'Select Birth Country' are selected in object 'Object Repository/Edit Profile/Page_Profile  5-15/select_Select Birth Country' 

2018-11-01 16:26:49 - [MESSAGE][PASSED] - All options with label 'Select Birth Country' are selected in object 'Object Repository/Edit Profile/Page_Profile  5-15/select_Select Birth Country' 

2018-11-01 16:26:49 - [TEST_STEP][PASSED] - selectOptionByValue: All options with value 'Italy' are selected in object 'Object Repository/Edit Profile/Page_Profile  5-15/select_Select Birth Country'  using regular expression

2018-11-01 16:26:52 - [MESSAGE][PASSED] - All options with value 'Italy' are selected in object 'Object Repository/Edit Profile/Page_Profile  5-15/select_Select Birth Country'  using regular expression

2018-11-01 16:26:52 - [TEST_STEP][PASSED] - selectOptionByValue: All options with value 'Alessandria' are selected in object 'Object Repository/Edit Profile/Page_Profile  5-15/select_Select Birth State'  using regular expression

2018-11-01 16:26:54 - [MESSAGE][PASSED] - All options with value 'Alessandria' are selected in object 'Object Repository/Edit Profile/Page_Profile  5-15/select_Select Birth State'  using regular expression

2018-11-01 16:26:54 - [TEST_STEP][PASSED] - selectOptionByValue: All options with value 'Alessandria' are selected in object 'Object Repository/Edit Profile/Page_Profile  5-15/select_Select Birth City'  using regular expression

2018-11-01 16:26:56 - [MESSAGE][PASSED] - All options with value 'Alessandria' are selected in object 'Object Repository/Edit Profile/Page_Profile  5-15/select_Select Birth City'  using regular expression

2018-11-01 16:26:56 - [TEST_STEP][PASSED] - selectOptionByValue: All options with value 'Italy' are selected in object 'Object Repository/Edit Profile/Page_Profile  5-15/select_Select Citizenship'  using regular expression

2018-11-01 16:26:59 - [MESSAGE][PASSED] - All options with value 'Italy' are selected in object 'Object Repository/Edit Profile/Page_Profile  5-15/select_Select Citizenship'  using regular expression

2018-11-01 16:26:59 - [TEST_STEP][PASSED] - setText: Text '59098' is set on object 'Object Repository/Edit Profile/Page_Profile  5-15/input_txtPersonalTaxNum'

2018-11-01 16:26:59 - [MESSAGE][PASSED] - Text '59098' is set on object 'Object Repository/Edit Profile/Page_Profile  5-15/input_txtPersonalTaxNum'

2018-11-01 16:26:59 - [TEST_STEP][PASSED] - setText: Text 'House Number' is set on object 'Object Repository/Edit Profile/Page_Profile  5-15/input_txtStreetNum'

2018-11-01 16:27:00 - [MESSAGE][PASSED] - Text 'House Number' is set on object 'Object Repository/Edit Profile/Page_Profile  5-15/input_txtStreetNum'

2018-11-01 16:27:00 - [TEST_STEP][PASSED] - setText: Text 'Street' is set on object 'Object Repository/Edit Profile/Page_Profile  5-15/input_txtStreetName'

2018-11-01 16:27:00 - [MESSAGE][PASSED] - Text 'Street' is set on object 'Object Repository/Edit Profile/Page_Profile  5-15/input_txtStreetName'

2018-11-01 16:27:00 - [TEST_STEP][PASSED] - setText: Text 'ST' is set on object 'Object Repository/Edit Profile/Page_Profile  5-15/input_txtStreetPart'

2018-11-01 16:27:00 - [MESSAGE][PASSED] - Text 'ST' is set on object 'Object Repository/Edit Profile/Page_Profile  5-15/input_txtStreetPart'

2018-11-01 16:27:00 - [TEST_STEP][PASSED] - setText: Text 'City' is set on object 'Object Repository/Edit Profile/Page_Profile  5-15/input_txtCity'

2018-11-01 16:27:01 - [MESSAGE][PASSED] - Text 'City' is set on object 'Object Repository/Edit Profile/Page_Profile  5-15/input_txtCity'

2018-11-01 16:27:01 - [TEST_STEP][PASSED] - setText: Text 'State' is set on object 'Object Repository/Edit Profile/Page_Profile  5-15/input_txtStateCode'

2018-11-01 16:27:01 - [MESSAGE][PASSED] - Text 'State' is set on object 'Object Repository/Edit Profile/Page_Profile  5-15/input_txtStateCode'

2018-11-01 16:27:01 - [TEST_STEP][PASSED] - setText: Text '57899' is set on object 'Object Repository/Edit Profile/Page_Profile  5-15/input_txtZip'

2018-11-01 16:27:01 - [MESSAGE][PASSED] - Text '57899' is set on object 'Object Repository/Edit Profile/Page_Profile  5-15/input_txtZip'

2018-11-01 16:27:01 - [TEST_STEP][PASSED] - setText: Text '32323232' is set on object 'Object Repository/Edit Profile/Page_Profile  5-15/input_txtLandPhone'

2018-11-01 16:27:02 - [MESSAGE][PASSED] - Text '32323232' is set on object 'Object Repository/Edit Profile/Page_Profile  5-15/input_txtLandPhone'

2018-11-01 16:27:02 - [TEST_STEP][PASSED] - setText: Text '3323232323' is set on object 'Object Repository/Edit Profile/Page_Profile  5-15/input_txtMobilePhone'

2018-11-01 16:27:02 - [MESSAGE][PASSED] - Text '3323232323' is set on object 'Object Repository/Edit Profile/Page_Profile  5-15/input_txtMobilePhone'

2018-11-01 16:27:02 - [TEST_STEP][PASSED] - setText: Text '323232328' is set on object 'Object Repository/Edit Profile/Page_Profile  5-15/input_txtRoutingNum'

2018-11-01 16:27:02 - [MESSAGE][PASSED] - Text '323232328' is set on object 'Object Repository/Edit Profile/Page_Profile  5-15/input_txtRoutingNum'

2018-11-01 16:27:02 - [TEST_STEP][PASSED] - setText: Text '232323232323' is set on object 'Object Repository/Edit Profile/Page_Profile  5-15/input_txtBankAccountKey'

2018-11-01 16:27:03 - [MESSAGE][PASSED] - Text '232323232323' is set on object 'Object Repository/Edit Profile/Page_Profile  5-15/input_txtBankAccountKey'

2018-11-01 16:27:03 - [TEST_STEP][PASSED] - click: Object: 'Object Repository/Edit Profile/Page_Profile  5-15/span_Save' is clicked on

2018-11-01 16:27:03 - [MESSAGE][PASSED] - Object: 'Object Repository/Edit Profile/Page_Profile  5-15/span_Save' is clicked on

2018-11-01 16:27:03 - [TEST_STEP][FAILED] - click: Unable to click on object 'Object Repository/Edit Profile/Page_Profile  5-15/span_Edit' (Root cause: com.kms.katalon.core.webui.exception.WebElementNotFoundException: Web element with id: 'Object Repository/Edit Profile/Page_Profile  5-15/span_Edit' located by 'By.xpath: //button[@class='btn btn-primary au-target']//span[@class='au-target'][contains(text(),'Edit')]' not found)

2018-11-01 16:28:13 - [MESSAGE][FAILED] - Unable to click on object 'Object Repository/Edit Profile/Page_Profile  5-15/span_Edit' (Root cause: com.kms.katalon.core.webui.exception.WebElementNotFoundException: Web element with id: 'Object Repository/Edit Profile/Page_Profile  5-15/span_Edit' located by 'By.xpath: //button[@class='btn btn-primary au-target']//span[@class='au-target'][contains(text(),'Edit')]' not found)
[[ATTACHMENT|F:\\VofoxQA\\Bonanza\\BonanzaKatalon\\Reports\\VBZ0012-Edit profile\\20181101_162532\\1541069892833.png]]]]></system-out>
         <system-err><![CDATA[2018-11-01 16:26:43 - [TEST_CASE][FAILED] - Test Cases/Associate Application/Edit Profile/TCBA01207: Test Cases/Associate Application/Edit Profile/TCBA01207 FAILED because (of) (Stack trace: com.kms.katalon.core.exception.StepFailedException: Unable to click on object 'Object Repository/Edit Profile/Page_Profile  5-15/span_Edit' (Root cause: com.kms.katalon.core.webui.exception.WebElementNotFoundException: Web element with id: 'Object Repository/Edit Profile/Page_Profile  5-15/span_Edit' located by 'By.xpath: //button[@class='btn btn-primary au-target']//span[@class='au-target'][contains(text(),'Edit')]' not found)
	at com.kms.katalon.core.keyword.internal.KeywordMain.stepFailed(KeywordMain.groovy:36)
	at com.kms.katalon.core.webui.keyword.internal.WebUIKeywordMain.stepFailed(WebUIKeywordMain.groovy:65)
	at com.kms.katalon.core.webui.keyword.internal.WebUIKeywordMain.runKeyword(WebUIKeywordMain.groovy:27)
	at com.kms.katalon.core.webui.keyword.builtin.ClickKeyword.click(ClickKeyword.groovy:86)
	at com.kms.katalon.core.webui.keyword.builtin.ClickKeyword.execute(ClickKeyword.groovy:67)
	at com.kms.katalon.core.keyword.internal.KeywordExecutor.executeKeywordForPlatform(KeywordExecutor.groovy:53)
	at com.kms.katalon.core.webui.keyword.WebUiBuiltInKeywords.click(WebUiBuiltInKeywords.groovy:616)
	at com.kms.katalon.core.webui.keyword.WebUiBuiltInKeywords$click$4.call(Unknown Source)
	at org.codehaus.groovy.runtime.callsite.CallSiteArray.defaultCall(CallSiteArray.java:48)
	at org.codehaus.groovy.runtime.callsite.AbstractCallSite.call(AbstractCallSite.java:113)
	at org.codehaus.groovy.runtime.callsite.AbstractCallSite.call(AbstractCallSite.java:125)
	at Script1539007299738.run(Script1539007299738.groovy:92)
	at com.kms.katalon.core.main.ScriptEngine.run(ScriptEngine.java:183)
	at com.kms.katalon.core.main.ScriptEngine.runScriptAsRawText(ScriptEngine.java:108)
	at com.kms.katalon.core.main.TestCaseExecutor.runScript(TestCaseExecutor.java:294)
	at com.kms.katalon.core.main.TestCaseExecutor.doExecute(TestCaseExecutor.java:285)
	at com.kms.katalon.core.main.TestCaseExecutor.processExecutionPhase(TestCaseExecutor.java:264)
	at com.kms.katalon.core.main.TestCaseExecutor.accessMainPhase(TestCaseExecutor.java:256)
	at com.kms.katalon.core.main.TestCaseExecutor.execute(TestCaseExecutor.java:200)
	at com.kms.katalon.core.main.TestSuiteExecutor.accessTestCaseMainPhase(TestSuiteExecutor.java:129)
	at com.kms.katalon.core.main.TestSuiteExecutor.accessTestSuiteMainPhase(TestSuiteExecutor.java:112)
	at com.kms.katalon.core.main.TestSuiteExecutor.execute(TestSuiteExecutor.java:81)
	at com.kms.katalon.core.main.TestCaseMain.startTestSuite(TestCaseMain.java:142)
	at com.kms.katalon.core.main.TestCaseMain$startTestSuite$0.call(Unknown Source)
	at org.codehaus.groovy.runtime.callsite.CallSiteArray.defaultCall(CallSiteArray.java:48)
	at org.codehaus.groovy.runtime.callsite.AbstractCallSite.call(AbstractCallSite.java:113)
	at org.codehaus.groovy.runtime.callsite.AbstractCallSite.call(AbstractCallSite.java:141)
	at TempTestSuite1541069732388.run(TempTestSuite1541069732388.groovy:36)
	at groovy.lang.GroovyShell.runScriptOrMainOrTestOrRunnable(GroovyShell.java:263)
	at groovy.lang.GroovyShell.run(GroovyShell.java:518)
	at groovy.lang.GroovyShell.run(GroovyShell.java:507)
	at groovy.ui.GroovyMain.processOnce(GroovyMain.java:653)
	at groovy.ui.GroovyMain.run(GroovyMain.java:384)
	at groovy.ui.GroovyMain.process(GroovyMain.java:370)
	at groovy.ui.GroovyMain.processArgs(GroovyMain.java:129)
	at groovy.ui.GroovyMain.main(GroovyMain.java:109)
	at sun.reflect.NativeMethodAccessorImpl.invoke0(Native Method)
	at sun.reflect.NativeMethodAccessorImpl.invoke(NativeMethodAccessorImpl.java:62)
	at sun.reflect.DelegatingMethodAccessorImpl.invoke(DelegatingMethodAccessorImpl.java:43)
	at java.lang.reflect.Method.invoke(Method.java:498)
	at org.codehaus.groovy.tools.GroovyStarter.rootLoader(GroovyStarter.java:109)
	at org.codehaus.groovy.tools.GroovyStarter.main(GroovyStarter.java:131)
)]]></system-err>
      </testcase>
      <testcase name="Test Cases/Associate Application/Edit Profile/TCBA01210" classname="Test Cases/Associate Application/Edit Profile/TCBA01210" status="PASSED">
         <system-out><![CDATA[2018-11-01 16:28:13 - [TEST_CASE][PASSED] - Test Cases/Associate Application/Edit Profile/TCBA01210: Test Cases/Associate Application/Edit Profile/TCBA01210

2018-11-01 16:28:13 - [TEST_STEP][PASSED] - click: Object: 'Object Repository/Edit Profile/Page_Home  5-15/span_Shinto-Test' is clicked on

2018-11-01 16:28:14 - [MESSAGE][PASSED] - Object: 'Object Repository/Edit Profile/Page_Home  5-15/span_Shinto-Test' is clicked on

2018-11-01 16:28:14 - [TEST_STEP][PASSED] - click: Object: 'Object Repository/Edit Profile/Page_Home  5-15/span_Log Off' is clicked on

2018-11-01 16:28:14 - [MESSAGE][PASSED] - Object: 'Object Repository/Edit Profile/Page_Home  5-15/span_Log Off' is clicked on

2018-11-01 16:28:14 - [TEST_STEP][PASSED] - verifyElementText: Actual text and expected text of test object 'Object Repository/Edit Profile/Page_Log In  5-15/h1_Log In' are matched.

2018-11-01 16:28:15 - [MESSAGE][PASSED] - Actual text and expected text of test object 'Object Repository/Edit Profile/Page_Log In  5-15/h1_Log In' are matched.]]></system-out>
         <system-err><![CDATA[]]></system-err>
      </testcase>
      <system-out><![CDATA[2018-11-01 16:25:34 - [TEST_SUITE][FAILED] - VBZ0012-Edit profile: Test Cases/Associate Application/Edit Profile/TCBA01204 FAILED because (of) (Stack trace: com.kms.katalon.core.exception.StepFailedException: Verify element text of test object 'Object Repository/Edit Profile/Page_Profile  5-15/p_is required_9' FAILED. (Root cause: org.openqa.selenium.StaleElementReferenceException: stale element reference: element is not attached to the page document
  (Session info: chrome=70.0.3538.77)
  (Driver info: chromedriver=2.35.528161 (5b82f2d2aae0ca24b877009200ced9065a772e73),platform=Windows NT 10.0.14393 x86) (WARNING: The server did not provide any stacktrace information)
Command duration or timeout: 0 milliseconds
For documentation on this error, please visit: http://seleniumhq.org/exceptions/stale_element_reference.html
Build info: version: '3.7.1', revision: '8a0099a', time: '2017-11-06T21:07:36.161Z'
System info: host: 'VOFOX-SHINTO', ip: '192.168.10.134', os.name: 'Windows 10', os.arch: 'x86', os.version: '10.0', java.version: '1.8.0_181'
Driver info: com.kms.katalon.selenium.driver.CChromeDriver
Capabilities {acceptInsecureCerts: false, acceptSslCerts: false, applicationCacheEnabled: false, browserConnectionEnabled: false, browserName: chrome, chrome: {chromedriverVersion: 2.35.528161 (5b82f2d2aae0ca..., userDataDir: C:\Users\shinto\AppData\Loc...}, cssSelectorsEnabled: true, databaseEnabled: false, handlesAlerts: true, hasTouchScreen: false, javascriptEnabled: true, locationContextEnabled: true, mobileEmulationEnabled: false, nativeEvents: true, networkConnectionEnabled: false, pageLoadStrategy: normal, platform: XP, platformName: XP, rotatable: false, setWindowRect: true, takesHeapSnapshot: true, takesScreenshot: true, unexpectedAlertBehaviour: , unhandledPromptBehavior: , version: 70.0.3538.77, webStorageEnabled: true}
Session ID: 010314f4f71ddae1b1c84a3df743bdb4)
	at com.kms.katalon.core.keyword.internal.KeywordMain.stepFailed(KeywordMain.groovy:36)
	at com.kms.katalon.core.webui.keyword.internal.WebUIKeywordMain.stepFailed(WebUIKeywordMain.groovy:65)
	at com.kms.katalon.core.webui.keyword.internal.WebUIKeywordMain.runKeyword(WebUIKeywordMain.groovy:27)
	at com.kms.katalon.core.webui.keyword.builtin.VerifyElementTextKeyword.verifyElementText(VerifyElementTextKeyword.groovy:72)
	at com.kms.katalon.core.webui.keyword.builtin.VerifyElementTextKeyword.execute(VerifyElementTextKeyword.groovy:40)
	at com.kms.katalon.core.keyword.internal.KeywordExecutor.executeKeywordForPlatform(KeywordExecutor.groovy:53)
	at com.kms.katalon.core.webui.keyword.WebUiBuiltInKeywords.verifyElementText(WebUiBuiltInKeywords.groovy:3663)
	at com.kms.katalon.core.webui.keyword.WebUiBuiltInKeywords$verifyElementText$5.call(Unknown Source)
	at org.codehaus.groovy.runtime.callsite.CallSiteArray.defaultCall(CallSiteArray.java:48)
	at org.codehaus.groovy.runtime.callsite.AbstractCallSite.call(AbstractCallSite.java:113)
	at org.codehaus.groovy.runtime.callsite.AbstractCallSite.call(AbstractCallSite.java:133)
	at Script1539006244620.run(Script1539006244620.groovy:51)
	at com.kms.katalon.core.main.ScriptEngine.run(ScriptEngine.java:183)
	at com.kms.katalon.core.main.ScriptEngine.runScriptAsRawText(ScriptEngine.java:108)
	at com.kms.katalon.core.main.TestCaseExecutor.runScript(TestCaseExecutor.java:294)
	at com.kms.katalon.core.main.TestCaseExecutor.doExecute(TestCaseExecutor.java:285)
	at com.kms.katalon.core.main.TestCaseExecutor.processExecutionPhase(TestCaseExecutor.java:264)
	at com.kms.katalon.core.main.TestCaseExecutor.accessMainPhase(TestCaseExecutor.java:256)
	at com.kms.katalon.core.main.TestCaseExecutor.execute(TestCaseExecutor.java:200)
	at com.kms.katalon.core.main.TestSuiteExecutor.accessTestCaseMainPhase(TestSuiteExecutor.java:129)
	at com.kms.katalon.core.main.TestSuiteExecutor.accessTestSuiteMainPhase(TestSuiteExecutor.java:112)
	at com.kms.katalon.core.main.TestSuiteExecutor.execute(TestSuiteExecutor.java:81)
	at com.kms.katalon.core.main.TestCaseMain.startTestSuite(TestCaseMain.java:142)
	at com.kms.katalon.core.main.TestCaseMain$startTestSuite$0.call(Unknown Source)
	at org.codehaus.groovy.runtime.callsite.CallSiteArray.defaultCall(CallSiteArray.java:48)
	at org.codehaus.groovy.runtime.callsite.AbstractCallSite.call(AbstractCallSite.java:113)
	at org.codehaus.groovy.runtime.callsite.AbstractCallSite.call(AbstractCallSite.java:141)
	at TempTestSuite1541069732388.run(TempTestSuite1541069732388.groovy:36)
	at groovy.lang.GroovyShell.runScriptOrMainOrTestOrRunnable(GroovyShell.java:263)
	at groovy.lang.GroovyShell.run(GroovyShell.java:518)
	at groovy.lang.GroovyShell.run(GroovyShell.java:507)
	at groovy.ui.GroovyMain.processOnce(GroovyMain.java:653)
	at groovy.ui.GroovyMain.run(GroovyMain.java:384)
	at groovy.ui.GroovyMain.process(GroovyMain.java:370)
	at groovy.ui.GroovyMain.processArgs(GroovyMain.java:129)
	at groovy.ui.GroovyMain.main(GroovyMain.java:109)
	at sun.reflect.NativeMethodAccessorImpl.invoke0(Native Method)
	at sun.reflect.NativeMethodAccessorImpl.invoke(NativeMethodAccessorImpl.java:62)
	at sun.reflect.DelegatingMethodAccessorImpl.invoke(DelegatingMethodAccessorImpl.java:43)
	at java.lang.reflect.Method.invoke(Method.java:498)
	at org.codehaus.groovy.tools.GroovyStarter.rootLoader(GroovyStarter.java:109)
	at org.codehaus.groovy.tools.GroovyStarter.main(GroovyStarter.java:131)
)]]></system-out>
      <system-err><![CDATA[2018-11-01 16:25:34 - [TEST_SUITE][FAILED] - VBZ0012-Edit profile: Test Cases/Associate Application/Edit Profile/TCBA01204 FAILED because (of) (Stack trace: com.kms.katalon.core.exception.StepFailedException: Verify element text of test object 'Object Repository/Edit Profile/Page_Profile  5-15/p_is required_9' FAILED. (Root cause: org.openqa.selenium.StaleElementReferenceException: stale element reference: element is not attached to the page document
  (Session info: chrome=70.0.3538.77)
  (Driver info: chromedriver=2.35.528161 (5b82f2d2aae0ca24b877009200ced9065a772e73),platform=Windows NT 10.0.14393 x86) (WARNING: The server did not provide any stacktrace information)
Command duration or timeout: 0 milliseconds
For documentation on this error, please visit: http://seleniumhq.org/exceptions/stale_element_reference.html
Build info: version: '3.7.1', revision: '8a0099a', time: '2017-11-06T21:07:36.161Z'
System info: host: 'VOFOX-SHINTO', ip: '192.168.10.134', os.name: 'Windows 10', os.arch: 'x86', os.version: '10.0', java.version: '1.8.0_181'
Driver info: com.kms.katalon.selenium.driver.CChromeDriver
Capabilities {acceptInsecureCerts: false, acceptSslCerts: false, applicationCacheEnabled: false, browserConnectionEnabled: false, browserName: chrome, chrome: {chromedriverVersion: 2.35.528161 (5b82f2d2aae0ca..., userDataDir: C:\Users\shinto\AppData\Loc...}, cssSelectorsEnabled: true, databaseEnabled: false, handlesAlerts: true, hasTouchScreen: false, javascriptEnabled: true, locationContextEnabled: true, mobileEmulationEnabled: false, nativeEvents: true, networkConnectionEnabled: false, pageLoadStrategy: normal, platform: XP, platformName: XP, rotatable: false, setWindowRect: true, takesHeapSnapshot: true, takesScreenshot: true, unexpectedAlertBehaviour: , unhandledPromptBehavior: , version: 70.0.3538.77, webStorageEnabled: true}
Session ID: 010314f4f71ddae1b1c84a3df743bdb4)
	at com.kms.katalon.core.keyword.internal.KeywordMain.stepFailed(KeywordMain.groovy:36)
	at com.kms.katalon.core.webui.keyword.internal.WebUIKeywordMain.stepFailed(WebUIKeywordMain.groovy:65)
	at com.kms.katalon.core.webui.keyword.internal.WebUIKeywordMain.runKeyword(WebUIKeywordMain.groovy:27)
	at com.kms.katalon.core.webui.keyword.builtin.VerifyElementTextKeyword.verifyElementText(VerifyElementTextKeyword.groovy:72)
	at com.kms.katalon.core.webui.keyword.builtin.VerifyElementTextKeyword.execute(VerifyElementTextKeyword.groovy:40)
	at com.kms.katalon.core.keyword.internal.KeywordExecutor.executeKeywordForPlatform(KeywordExecutor.groovy:53)
	at com.kms.katalon.core.webui.keyword.WebUiBuiltInKeywords.verifyElementText(WebUiBuiltInKeywords.groovy:3663)
	at com.kms.katalon.core.webui.keyword.WebUiBuiltInKeywords$verifyElementText$5.call(Unknown Source)
	at org.codehaus.groovy.runtime.callsite.CallSiteArray.defaultCall(CallSiteArray.java:48)
	at org.codehaus.groovy.runtime.callsite.AbstractCallSite.call(AbstractCallSite.java:113)
	at org.codehaus.groovy.runtime.callsite.AbstractCallSite.call(AbstractCallSite.java:133)
	at Script1539006244620.run(Script1539006244620.groovy:51)
	at com.kms.katalon.core.main.ScriptEngine.run(ScriptEngine.java:183)
	at com.kms.katalon.core.main.ScriptEngine.runScriptAsRawText(ScriptEngine.java:108)
	at com.kms.katalon.core.main.TestCaseExecutor.runScript(TestCaseExecutor.java:294)
	at com.kms.katalon.core.main.TestCaseExecutor.doExecute(TestCaseExecutor.java:285)
	at com.kms.katalon.core.main.TestCaseExecutor.processExecutionPhase(TestCaseExecutor.java:264)
	at com.kms.katalon.core.main.TestCaseExecutor.accessMainPhase(TestCaseExecutor.java:256)
	at com.kms.katalon.core.main.TestCaseExecutor.execute(TestCaseExecutor.java:200)
	at com.kms.katalon.core.main.TestSuiteExecutor.accessTestCaseMainPhase(TestSuiteExecutor.java:129)
	at com.kms.katalon.core.main.TestSuiteExecutor.accessTestSuiteMainPhase(TestSuiteExecutor.java:112)
	at com.kms.katalon.core.main.TestSuiteExecutor.execute(TestSuiteExecutor.java:81)
	at com.kms.katalon.core.main.TestCaseMain.startTestSuite(TestCaseMain.java:142)
	at com.kms.katalon.core.main.TestCaseMain$startTestSuite$0.call(Unknown Source)
	at org.codehaus.groovy.runtime.callsite.CallSiteArray.defaultCall(CallSiteArray.java:48)
	at org.codehaus.groovy.runtime.callsite.AbstractCallSite.call(AbstractCallSite.java:113)
	at org.codehaus.groovy.runtime.callsite.AbstractCallSite.call(AbstractCallSite.java:141)
	at TempTestSuite1541069732388.run(TempTestSuite1541069732388.groovy:36)
	at groovy.lang.GroovyShell.runScriptOrMainOrTestOrRunnable(GroovyShell.java:263)
	at groovy.lang.GroovyShell.run(GroovyShell.java:518)
	at groovy.lang.GroovyShell.run(GroovyShell.java:507)
	at groovy.ui.GroovyMain.processOnce(GroovyMain.java:653)
	at groovy.ui.GroovyMain.run(GroovyMain.java:384)
	at groovy.ui.GroovyMain.process(GroovyMain.java:370)
	at groovy.ui.GroovyMain.processArgs(GroovyMain.java:129)
	at groovy.ui.GroovyMain.main(GroovyMain.java:109)
	at sun.reflect.NativeMethodAccessorImpl.invoke0(Native Method)
	at sun.reflect.NativeMethodAccessorImpl.invoke(NativeMethodAccessorImpl.java:62)
	at sun.reflect.DelegatingMethodAccessorImpl.invoke(DelegatingMethodAccessorImpl.java:43)
	at java.lang.reflect.Method.invoke(Method.java:498)
	at org.codehaus.groovy.tools.GroovyStarter.rootLoader(GroovyStarter.java:109)
	at org.codehaus.groovy.tools.GroovyStarter.main(GroovyStarter.java:131)
)]]></system-err>
   </testsuite>
</testsuites>
