<?xml version="1.0" encoding="UTF-8"?>
<testsuites name="VBZ0020-Page Management" time="50" tests="6" failures="0" errors="0">
   <testsuite name="VBZ0020-Page Management" tests="6" failures="0" errors="0" time="50" timestamp="2018-11-26 15:18:55" hostname="shinto - Vofox-Shinto.vofox.com" id="Test Suites/VBZ0020-Page Management">
      <properties>
         <property name="deviceName" value=""/>
         <property name="devicePlatform" value=""/>
         <property name="logFolder" value="F:\\VofoxQA\\Bonanza\\BonanzaKatalon\\Reports\\VBZ0020-Page Management\\20181126_151852"/>
         <property name="logFiles" value="F:\\VofoxQA\\Bonanza\\BonanzaKatalon\\Reports\\VBZ0020-Page Management\\20181126_151852\\execution0.log"/>
         <property name="attachments" value=""/>
         <property name="hostName" value="shinto - Vofox-Shinto.vofox.com"/>
         <property name="os" value="Windows 10 32bit"/>
         <property name="katalonVersion" value="5.8.0.1"/>
         <property name="browser" value="Chrome 70.0.3538.102"/>
         <property name="hostAddress" value="192.168.10.134"/>
         <property name="sessionId" value="ec9edc59933245e1d8acf1640bd32cc2"/>
         <property name="seleniumVersion" value="3.7.1"/>
         <property name="proxyInformation" value="ProxyInformation{proxyOption=NO_PROXY, proxyServerType=HTTP, password=, proxyServerAddress=, proxyServerPort=0}"/>
         <property name="platform" value="Windows 10"/>
      </properties>
      <testcase name="Test Cases/Associate Application/Page Management/TCBA02101" classname="Test Cases/Associate Application/Page Management/TCBA02101" status="PASSED">
         <system-out><![CDATA[2018-11-26 15:18:55 - [TEST_CASE][PASSED] - Test Cases/Associate Application/Page Management/TCBA02101: Test Cases/Associate Application/Page Management/TCBA02101

2018-11-26 15:18:56 - [TEST_STEP][PASSED] - callTestCase: Call Test Case 'Test Cases/Associate Application/Associate Login/TCBA01008' successfully

2018-11-26 15:18:56 - [TEST_CASE][PASSED] - Test Cases/Associate Application/Associate Login/TCBA01008: Test Cases/Associate Application/Associate Login/TCBA01008

2018-11-26 15:18:56 - [TEST_STEP][PASSED] - openBrowser: Browser is opened with url: ''

2018-11-26 15:19:00 - [MESSAGE][PASSED] - Browser is opened with url: ''

2018-11-26 15:19:00 - [TEST_STEP][PASSED] - maximizeWindow: Current window maximized

2018-11-26 15:19:02 - [MESSAGE][PASSED] - Current window maximized

2018-11-26 15:19:02 - [TEST_STEP][PASSED] - navigateToUrl: Navigate to 'https://192.168.10.72/#/login' successfully

2018-11-26 15:19:06 - [MESSAGE][PASSED] - Navigate to 'https://192.168.10.72/#/login' successfully

2018-11-26 15:19:06 - [TEST_STEP][PASSED] - setText: Text 'Shinto-Test' is set on object 'Object Repository/Page_Log In  5-15/input_txtUserName'

2018-11-26 15:19:07 - [MESSAGE][PASSED] - Text 'Shinto-Test' is set on object 'Object Repository/Page_Log In  5-15/input_txtUserName'

2018-11-26 15:19:07 - [TEST_STEP][PASSED] - setEncryptedText: Text ****** has been set on object 'Object Repository/Page_Log In  5-15/input_txtPassword'

2018-11-26 15:19:07 - [MESSAGE][PASSED] - Text ****** has been set on object 'Object Repository/Page_Log In  5-15/input_txtPassword'

2018-11-26 15:19:07 - [TEST_STEP][PASSED] - click: Object: 'Object Repository/Page_Log In  5-15/button_Log in' is clicked on

2018-11-26 15:19:07 - [MESSAGE][PASSED] - Object: 'Object Repository/Page_Log In  5-15/button_Log in' is clicked on

2018-11-26 15:19:07 - [TEST_STEP][PASSED] - verifyElementText: Actual text and expected text of test object 'Object Repository/Change Password/Page_Home  5-15/span_My Title' are matched.

2018-11-26 15:19:10 - [MESSAGE][PASSED] - Actual text and expected text of test object 'Object Repository/Change Password/Page_Home  5-15/span_My Title' are matched.

2018-11-26 15:19:10 - [MESSAGE][PASSED] - Call Test Case 'Test Cases/Associate Application/Associate Login/TCBA01008' successfully

2018-11-26 15:19:10 - [TEST_STEP][PASSED] - verifyElementText: Actual text and expected text of test object 'Object Repository/Page Management/Page_Home  5-15/a_Page Management' are matched.

2018-11-26 15:19:10 - [MESSAGE][PASSED] - Actual text and expected text of test object 'Object Repository/Page Management/Page_Home  5-15/a_Page Management' are matched.]]></system-out>
         <system-err><![CDATA[]]></system-err>
      </testcase>
      <testcase name="Test Cases/Associate Application/Page Management/TCBA02102" classname="Test Cases/Associate Application/Page Management/TCBA02102" status="PASSED">
         <system-out><![CDATA[2018-11-26 15:19:10 - [TEST_CASE][PASSED] - Test Cases/Associate Application/Page Management/TCBA02102: Test Cases/Associate Application/Page Management/TCBA02102

2018-11-26 15:19:11 - [TEST_STEP][PASSED] - click: Object: 'Object Repository/Page Management/Page_Home  5-15/a_Page Management' is clicked on

2018-11-26 15:19:11 - [MESSAGE][PASSED] - Object: 'Object Repository/Page Management/Page_Home  5-15/a_Page Management' is clicked on

2018-11-26 15:19:11 - [TEST_STEP][PASSED] - verifyElementText: Actual text and expected text of test object 'Object Repository/Page Management/Page_Page Management  5-15/span_Page Management' are matched.

2018-11-26 15:19:12 - [MESSAGE][PASSED] - Actual text and expected text of test object 'Object Repository/Page Management/Page_Page Management  5-15/span_Page Management' are matched.

2018-11-26 15:19:12 - [TEST_STEP][PASSED] - verifyElementText: Actual text and expected text of test object 'Object Repository/Page Management/Page_Page Management  5-15/h3_Manage your pages' are matched.

2018-11-26 15:19:16 - [MESSAGE][PASSED] - Actual text and expected text of test object 'Object Repository/Page Management/Page_Page Management  5-15/h3_Manage your pages' are matched.

2018-11-26 15:19:16 - [TEST_STEP][PASSED] - verifyElementText: Actual text and expected text of test object 'Object Repository/Page Management/Page_Page Management  5-15/div_Page Name' are matched.

2018-11-26 15:19:16 - [MESSAGE][PASSED] - Actual text and expected text of test object 'Object Repository/Page Management/Page_Page Management  5-15/div_Page Name' are matched.

2018-11-26 15:19:16 - [TEST_STEP][PASSED] - verifyElementText: Actual text and expected text of test object 'Object Repository/Page Management/Page_Page Management  5-15/div_Inserted On' are matched.

2018-11-26 15:19:16 - [MESSAGE][PASSED] - Actual text and expected text of test object 'Object Repository/Page Management/Page_Page Management  5-15/div_Inserted On' are matched.

2018-11-26 15:19:16 - [TEST_STEP][PASSED] - verifyElementText: Actual text and expected text of test object 'Object Repository/Page Management/Page_Page Management  5-15/div_Active' are matched.

2018-11-26 15:19:17 - [MESSAGE][PASSED] - Actual text and expected text of test object 'Object Repository/Page Management/Page_Page Management  5-15/div_Active' are matched.

2018-11-26 15:19:17 - [TEST_STEP][PASSED] - verifyElementText: Actual text and expected text of test object 'Object Repository/Page Management/Page_Page Management  5-15/div_Code' are matched.

2018-11-26 15:19:17 - [MESSAGE][PASSED] - Actual text and expected text of test object 'Object Repository/Page Management/Page_Page Management  5-15/div_Code' are matched.

2018-11-26 15:19:17 - [TEST_STEP][PASSED] - verifyElementText: Actual text and expected text of test object 'Object Repository/Page Management/Page_Page Management  5-15/div_Language' are matched.

2018-11-26 15:19:17 - [MESSAGE][PASSED] - Actual text and expected text of test object 'Object Repository/Page Management/Page_Page Management  5-15/div_Language' are matched.

2018-11-26 15:19:17 - [TEST_STEP][PASSED] - verifyElementText: Actual text and expected text of test object 'Object Repository/Page Management/Page_Page Management  5-15/div_Website' are matched.

2018-11-26 15:19:17 - [MESSAGE][PASSED] - Actual text and expected text of test object 'Object Repository/Page Management/Page_Page Management  5-15/div_Website' are matched.

2018-11-26 15:19:17 - [TEST_STEP][PASSED] - verifyElementText: Actual text and expected text of test object 'Object Repository/Page Management/Page_Page Management  5-15/div_Edit' are matched.

2018-11-26 15:19:18 - [MESSAGE][PASSED] - Actual text and expected text of test object 'Object Repository/Page Management/Page_Page Management  5-15/div_Edit' are matched.

2018-11-26 15:19:18 - [TEST_STEP][PASSED] - verifyElementText: Actual text and expected text of test object 'Object Repository/Page Management/Page_Page Management  5-15/span_Add Page' are matched.

2018-11-26 15:19:18 - [MESSAGE][PASSED] - Actual text and expected text of test object 'Object Repository/Page Management/Page_Page Management  5-15/span_Add Page' are matched.]]></system-out>
         <system-err><![CDATA[]]></system-err>
      </testcase>
      <testcase name="Test Cases/Associate Application/Page Management/TCBA02103" classname="Test Cases/Associate Application/Page Management/TCBA02103" status="PASSED">
         <system-out><![CDATA[2018-11-26 15:19:18 - [TEST_CASE][PASSED] - Test Cases/Associate Application/Page Management/TCBA02103: Test Cases/Associate Application/Page Management/TCBA02103

2018-11-26 15:19:18 - [TEST_STEP][PASSED] - verifyElementPresent: Object 'Object Repository/Page Management/Page_Page Management  5-15/div_...12345678...' is present

2018-11-26 15:19:19 - [MESSAGE][WARNING] - Timeout '0' is invalid. Using default page load timeout: '30'

2018-11-26 15:19:19 - [MESSAGE][PASSED] - Object 'Object Repository/Page Management/Page_Page Management  5-15/div_...12345678...' is present

2018-11-26 15:19:19 - [TEST_STEP][PASSED] - verifyElementPresent: Object 'Object Repository/Page Management/Page_Page Management  5-15/div_1 of 4 pages (40 items)' is present

2018-11-26 15:19:19 - [MESSAGE][WARNING] - Timeout '0' is invalid. Using default page load timeout: '30'

2018-11-26 15:19:19 - [MESSAGE][PASSED] - Object 'Object Repository/Page Management/Page_Page Management  5-15/div_1 of 4 pages (40 items)' is present]]></system-out>
         <system-err><![CDATA[]]></system-err>
      </testcase>
      <testcase name="Test Cases/Associate Application/Page Management/TCBA02104" classname="Test Cases/Associate Application/Page Management/TCBA02104" status="PASSED">
         <system-out><![CDATA[2018-11-26 15:19:19 - [TEST_CASE][PASSED] - Test Cases/Associate Application/Page Management/TCBA02104: Test Cases/Associate Application/Page Management/TCBA02104

2018-11-26 15:19:19 - [TEST_STEP][PASSED] - click: Object: 'Object Repository/Page Management/Page_Page Management  5-15/span_Add Page' is clicked on

2018-11-26 15:19:20 - [MESSAGE][PASSED] - Object: 'Object Repository/Page Management/Page_Page Management  5-15/span_Add Page' is clicked on

2018-11-26 15:19:20 - [TEST_STEP][PASSED] - verifyElementText: Actual text and expected text of test object 'Object Repository/Page Management/Page_Page Management  5-15/div_Add Page Details' are matched.

2018-11-26 15:19:20 - [MESSAGE][PASSED] - Actual text and expected text of test object 'Object Repository/Page Management/Page_Page Management  5-15/div_Add Page Details' are matched.

2018-11-26 15:19:20 - [TEST_STEP][PASSED] - verifyElementText: Actual text and expected text of test object 'Object Repository/Page Management/Page_Page Management  5-15/h3_Page Details' are matched.

2018-11-26 15:19:21 - [MESSAGE][PASSED] - Actual text and expected text of test object 'Object Repository/Page Management/Page_Page Management  5-15/h3_Page Details' are matched.

2018-11-26 15:19:21 - [TEST_STEP][PASSED] - verifyElementText: Actual text and expected text of test object 'Object Repository/Page Management/Page_Page Management  5-15/label_Page Name' are matched.

2018-11-26 15:19:21 - [MESSAGE][PASSED] - Actual text and expected text of test object 'Object Repository/Page Management/Page_Page Management  5-15/label_Page Name' are matched.

2018-11-26 15:19:21 - [TEST_STEP][PASSED] - verifyElementText: Actual text and expected text of test object 'Object Repository/Page Management/Page_Page Management  5-15/label_Code' are matched.

2018-11-26 15:19:21 - [MESSAGE][PASSED] - Actual text and expected text of test object 'Object Repository/Page Management/Page_Page Management  5-15/label_Code' are matched.

2018-11-26 15:19:21 - [TEST_STEP][PASSED] - verifyElementText: Actual text and expected text of test object 'Object Repository/Page Management/Page_Page Management  5-15/label_Language' are matched.

2018-11-26 15:19:21 - [MESSAGE][PASSED] - Actual text and expected text of test object 'Object Repository/Page Management/Page_Page Management  5-15/label_Language' are matched.

2018-11-26 15:19:21 - [TEST_STEP][PASSED] - verifyElementText: Actual text and expected text of test object 'Object Repository/Page Management/Page_Page Management  5-15/label_Website' are matched.

2018-11-26 15:19:21 - [MESSAGE][PASSED] - Actual text and expected text of test object 'Object Repository/Page Management/Page_Page Management  5-15/label_Website' are matched.

2018-11-26 15:19:21 - [TEST_STEP][PASSED] - verifyElementText: Actual text and expected text of test object 'Object Repository/Page Management/Page_Page Management  5-15/label_Page Content' are matched.

2018-11-26 15:19:21 - [MESSAGE][PASSED] - Actual text and expected text of test object 'Object Repository/Page Management/Page_Page Management  5-15/label_Page Content' are matched.

2018-11-26 15:19:21 - [TEST_STEP][PASSED] - verifyElementText: Actual text and expected text of test object 'Object Repository/Page Management/Page_Page Management  5-15/a_Editor' are matched.

2018-11-26 15:19:22 - [MESSAGE][PASSED] - Actual text and expected text of test object 'Object Repository/Page Management/Page_Page Management  5-15/a_Editor' are matched.

2018-11-26 15:19:22 - [TEST_STEP][PASSED] - verifyElementText: Actual text and expected text of test object 'Object Repository/Page Management/Page_Page Management  5-15/a_Raw' are matched.

2018-11-26 15:19:22 - [MESSAGE][PASSED] - Actual text and expected text of test object 'Object Repository/Page Management/Page_Page Management  5-15/a_Raw' are matched.

2018-11-26 15:19:22 - [TEST_STEP][PASSED] - verifyElementText: Actual text and expected text of test object 'Object Repository/Page Management/Page_Page Management  5-15/a_Preview' are matched.

2018-11-26 15:19:22 - [MESSAGE][PASSED] - Actual text and expected text of test object 'Object Repository/Page Management/Page_Page Management  5-15/a_Preview' are matched.

2018-11-26 15:19:22 - [TEST_STEP][PASSED] - verifyElementText: Actual text and expected text of test object 'Object Repository/Page Management/Page_Page Management  5-15/button_Save' are matched.

2018-11-26 15:19:22 - [MESSAGE][PASSED] - Actual text and expected text of test object 'Object Repository/Page Management/Page_Page Management  5-15/button_Save' are matched.

2018-11-26 15:19:22 - [TEST_STEP][PASSED] - verifyElementText: Actual text and expected text of test object 'Object Repository/Page Management/Page_Page Management  5-15/span_Cancel' are matched.

2018-11-26 15:19:22 - [MESSAGE][PASSED] - Actual text and expected text of test object 'Object Repository/Page Management/Page_Page Management  5-15/span_Cancel' are matched.

2018-11-26 15:19:22 - [TEST_STEP][PASSED] - click: Object: 'Object Repository/Page Management/Page_Page Management  5-15/button_Save' is clicked on

2018-11-26 15:19:22 - [MESSAGE][PASSED] - Object: 'Object Repository/Page Management/Page_Page Management  5-15/button_Save' is clicked on

2018-11-26 15:19:22 - [TEST_STEP][PASSED] - verifyElementText: Actual text and expected text of test object 'Object Repository/Page Management/Page_Page Management  5-15/label_Page Name' are matched.

2018-11-26 15:19:22 - [MESSAGE][PASSED] - Actual text and expected text of test object 'Object Repository/Page Management/Page_Page Management  5-15/label_Page Name' are matched.

2018-11-26 15:19:22 - [TEST_STEP][PASSED] - verifyElementText: Actual text and expected text of test object 'Object Repository/Page Management/Page_Page Management  5-15/p_is required' are matched.

2018-11-26 15:19:22 - [MESSAGE][PASSED] - Actual text and expected text of test object 'Object Repository/Page Management/Page_Page Management  5-15/p_is required' are matched.

2018-11-26 15:19:22 - [TEST_STEP][PASSED] - verifyElementText: Actual text and expected text of test object 'Object Repository/Page Management/Page_Page Management  5-15/label_Code' are matched.

2018-11-26 15:19:22 - [MESSAGE][PASSED] - Actual text and expected text of test object 'Object Repository/Page Management/Page_Page Management  5-15/label_Code' are matched.

2018-11-26 15:19:22 - [TEST_STEP][PASSED] - verifyElementText: Actual text and expected text of test object 'Object Repository/Page Management/Page_Page Management  5-15/p_is required_1' are matched.

2018-11-26 15:19:23 - [MESSAGE][PASSED] - Actual text and expected text of test object 'Object Repository/Page Management/Page_Page Management  5-15/p_is required_1' are matched.

2018-11-26 15:19:23 - [TEST_STEP][PASSED] - verifyElementText: Actual text and expected text of test object 'Object Repository/Page Management/Page_Page Management  5-15/label_Language' are matched.

2018-11-26 15:19:23 - [MESSAGE][PASSED] - Actual text and expected text of test object 'Object Repository/Page Management/Page_Page Management  5-15/label_Language' are matched.

2018-11-26 15:19:23 - [TEST_STEP][PASSED] - verifyElementText: Actual text and expected text of test object 'Object Repository/Page Management/Page_Page Management  5-15/p_is required_2' are matched.

2018-11-26 15:19:23 - [MESSAGE][PASSED] - Actual text and expected text of test object 'Object Repository/Page Management/Page_Page Management  5-15/p_is required_2' are matched.

2018-11-26 15:19:23 - [TEST_STEP][PASSED] - verifyElementText: Actual text and expected text of test object 'Object Repository/Page Management/Page_Page Management  5-15/label_Website' are matched.

2018-11-26 15:19:23 - [MESSAGE][PASSED] - Actual text and expected text of test object 'Object Repository/Page Management/Page_Page Management  5-15/label_Website' are matched.

2018-11-26 15:19:23 - [TEST_STEP][PASSED] - verifyElementText: Actual text and expected text of test object 'Object Repository/Page Management/Page_Page Management  5-15/p_is required_3' are matched.

2018-11-26 15:19:23 - [MESSAGE][PASSED] - Actual text and expected text of test object 'Object Repository/Page Management/Page_Page Management  5-15/p_is required_3' are matched.

2018-11-26 15:19:23 - [TEST_STEP][PASSED] - verifyElementText: Actual text and expected text of test object 'Object Repository/Page Management/Page_Page Management  5-15/label_Page Content' are matched.

2018-11-26 15:19:23 - [MESSAGE][PASSED] - Actual text and expected text of test object 'Object Repository/Page Management/Page_Page Management  5-15/label_Page Content' are matched.

2018-11-26 15:19:23 - [TEST_STEP][PASSED] - verifyElementText: Actual text and expected text of test object 'Object Repository/Page Management/Page_Page Management  5-15/p_is required_4' are matched.

2018-11-26 15:19:23 - [MESSAGE][PASSED] - Actual text and expected text of test object 'Object Repository/Page Management/Page_Page Management  5-15/p_is required_4' are matched.

2018-11-26 15:19:23 - [TEST_STEP][PASSED] - setText: Text 'Page10' is set on object 'Object Repository/Page Management/Page_Page Management  5-15/input_Page Name_pageName'

2018-11-26 15:19:23 - [MESSAGE][PASSED] - Text 'Page10' is set on object 'Object Repository/Page Management/Page_Page Management  5-15/input_Page Name_pageName'

2018-11-26 15:19:23 - [TEST_STEP][PASSED] - setText: Text 'Code10' is set on object 'Object Repository/Page Management/Page_Page Management  5-15/input_Code_code'

2018-11-26 15:19:24 - [MESSAGE][PASSED] - Text 'Code10' is set on object 'Object Repository/Page Management/Page_Page Management  5-15/input_Code_code'

2018-11-26 15:19:24 - [TEST_STEP][PASSED] - selectOptionByValue: All options with value 'English' are selected in object 'Object Repository/Page Management/Page_Page Management  5-15/select_Select Language'  using regular expression

2018-11-26 15:19:24 - [MESSAGE][PASSED] - All options with value 'English' are selected in object 'Object Repository/Page Management/Page_Page Management  5-15/select_Select Language'  using regular expression

2018-11-26 15:19:24 - [TEST_STEP][PASSED] - setText: Text 'www.google.com' is set on object 'Object Repository/Page Management/Page_Page Management  5-15/input_Website_website'

2018-11-26 15:19:25 - [MESSAGE][PASSED] - Text 'www.google.com' is set on object 'Object Repository/Page Management/Page_Page Management  5-15/input_Website_website'

2018-11-26 15:19:25 - [TEST_STEP][PASSED] - setText: Text 'Test data' is set on object 'Object Repository/Page Management/Page_Page Management  5-15/body_Test Data'

2018-11-26 15:19:26 - [MESSAGE][PASSED] - Text 'Test data' is set on object 'Object Repository/Page Management/Page_Page Management  5-15/body_Test Data'

2018-11-26 15:19:26 - [TEST_STEP][PASSED] - click: Object: 'Object Repository/Page Management/Page_Page Management  5-15/button_Save' is clicked on

2018-11-26 15:19:27 - [MESSAGE][PASSED] - Object: 'Object Repository/Page Management/Page_Page Management  5-15/button_Save' is clicked on

2018-11-26 15:19:27 - [TEST_STEP][PASSED] - waitForElementPresent: Object 'Object Repository/Page Management/Page_Page Management  5-15/span_Saved successfully' is present

2018-11-26 15:19:27 - [MESSAGE][WARNING] - Timeout '0' is invalid. Using default page load timeout: '30'

2018-11-26 15:19:28 - [MESSAGE][PASSED] - Object 'Object Repository/Page Management/Page_Page Management  5-15/span_Saved successfully' is present

2018-11-26 15:19:28 - [TEST_STEP][PASSED] - verifyElementText: Actual text and expected text of test object 'Object Repository/Page Management/Page_Page Management  5-15/span_Saved successfully' are matched.

2018-11-26 15:19:28 - [MESSAGE][PASSED] - Actual text and expected text of test object 'Object Repository/Page Management/Page_Page Management  5-15/span_Saved successfully' are matched.]]></system-out>
         <system-err><![CDATA[]]></system-err>
      </testcase>
      <testcase name="Test Cases/Associate Application/Page Management/TCBA02105" classname="Test Cases/Associate Application/Page Management/TCBA02105" status="PASSED">
         <system-out><![CDATA[2018-11-26 15:19:28 - [TEST_CASE][PASSED] - Test Cases/Associate Application/Page Management/TCBA02105: Test Cases/Associate Application/Page Management/TCBA02105

2018-11-26 15:19:28 - [TEST_STEP][PASSED] - click: Object: 'Object Repository/Page Management/Page_Page Management  5-15/Icon-edit-button' is clicked on

2018-11-26 15:19:31 - [MESSAGE][PASSED] - Object: 'Object Repository/Page Management/Page_Page Management  5-15/Icon-edit-button' is clicked on

2018-11-26 15:19:31 - [TEST_STEP][PASSED] - verifyElementText: Actual text and expected text of test object 'Object Repository/Page Management/Page_Page Management  5-15/Update Page Management' are matched.

2018-11-26 15:19:31 - [MESSAGE][PASSED] - Actual text and expected text of test object 'Object Repository/Page Management/Page_Page Management  5-15/Update Page Management' are matched.

2018-11-26 15:19:31 - [TEST_STEP][PASSED] - verifyElementText: Actual text and expected text of test object 'Object Repository/Page Management/Page_Page Management  5-15/h3_Page Details' are matched.

2018-11-26 15:19:31 - [MESSAGE][PASSED] - Actual text and expected text of test object 'Object Repository/Page Management/Page_Page Management  5-15/h3_Page Details' are matched.

2018-11-26 15:19:31 - [TEST_STEP][PASSED] - verifyElementText: Actual text and expected text of test object 'Object Repository/Page Management/Page_Page Management  5-15/label_Page Name' are matched.

2018-11-26 15:19:31 - [MESSAGE][PASSED] - Actual text and expected text of test object 'Object Repository/Page Management/Page_Page Management  5-15/label_Page Name' are matched.

2018-11-26 15:19:31 - [TEST_STEP][PASSED] - verifyElementText: Actual text and expected text of test object 'Object Repository/Page Management/Page_Page Management  5-15/label_Code' are matched.

2018-11-26 15:19:31 - [MESSAGE][PASSED] - Actual text and expected text of test object 'Object Repository/Page Management/Page_Page Management  5-15/label_Code' are matched.

2018-11-26 15:19:31 - [TEST_STEP][PASSED] - verifyElementText: Actual text and expected text of test object 'Object Repository/Page Management/Page_Page Management  5-15/label_Language' are matched.

2018-11-26 15:19:32 - [MESSAGE][PASSED] - Actual text and expected text of test object 'Object Repository/Page Management/Page_Page Management  5-15/label_Language' are matched.

2018-11-26 15:19:32 - [TEST_STEP][PASSED] - verifyElementText: Actual text and expected text of test object 'Object Repository/Page Management/Page_Page Management  5-15/label_Website' are matched.

2018-11-26 15:19:32 - [MESSAGE][PASSED] - Actual text and expected text of test object 'Object Repository/Page Management/Page_Page Management  5-15/label_Website' are matched.

2018-11-26 15:19:32 - [TEST_STEP][PASSED] - verifyElementText: Actual text and expected text of test object 'Object Repository/Page Management/Page_Page Management  5-15/label_Page Content' are matched.

2018-11-26 15:19:32 - [MESSAGE][PASSED] - Actual text and expected text of test object 'Object Repository/Page Management/Page_Page Management  5-15/label_Page Content' are matched.

2018-11-26 15:19:32 - [TEST_STEP][PASSED] - verifyElementText: Actual text and expected text of test object 'Object Repository/Page Management/Page_Page Management  5-15/a_Editor' are matched.

2018-11-26 15:19:32 - [MESSAGE][PASSED] - Actual text and expected text of test object 'Object Repository/Page Management/Page_Page Management  5-15/a_Editor' are matched.

2018-11-26 15:19:32 - [TEST_STEP][PASSED] - verifyElementText: Actual text and expected text of test object 'Object Repository/Page Management/Page_Page Management  5-15/a_Raw' are matched.

2018-11-26 15:19:32 - [MESSAGE][PASSED] - Actual text and expected text of test object 'Object Repository/Page Management/Page_Page Management  5-15/a_Raw' are matched.

2018-11-26 15:19:32 - [TEST_STEP][PASSED] - verifyElementText: Actual text and expected text of test object 'Object Repository/Page Management/Page_Page Management  5-15/a_Preview' are matched.

2018-11-26 15:19:32 - [MESSAGE][PASSED] - Actual text and expected text of test object 'Object Repository/Page Management/Page_Page Management  5-15/a_Preview' are matched.

2018-11-26 15:19:32 - [TEST_STEP][PASSED] - verifyElementText: Actual text and expected text of test object 'Object Repository/Page Management/Page_Page Management  5-15/a_Update' are matched.

2018-11-26 15:19:32 - [MESSAGE][PASSED] - Actual text and expected text of test object 'Object Repository/Page Management/Page_Page Management  5-15/a_Update' are matched.

2018-11-26 15:19:32 - [TEST_STEP][PASSED] - verifyElementText: Actual text and expected text of test object 'Object Repository/Page Management/Page_Page Management  5-15/a_Publish' are matched.

2018-11-26 15:19:32 - [MESSAGE][PASSED] - Actual text and expected text of test object 'Object Repository/Page Management/Page_Page Management  5-15/a_Publish' are matched.

2018-11-26 15:19:32 - [TEST_STEP][PASSED] - verifyElementText: Actual text and expected text of test object 'Object Repository/Page Management/Page_Page Management  5-15/a_Cancel' are matched.

2018-11-26 15:19:32 - [MESSAGE][PASSED] - Actual text and expected text of test object 'Object Repository/Page Management/Page_Page Management  5-15/a_Cancel' are matched.

2018-11-26 15:19:32 - [TEST_STEP][PASSED] - setText: Text '' is set on object 'Object Repository/Page Management/Page_Page Management  5-15/input_Page Name_pageName'

2018-11-26 15:19:32 - [MESSAGE][PASSED] - Text '' is set on object 'Object Repository/Page Management/Page_Page Management  5-15/input_Page Name_pageName'

2018-11-26 15:19:32 - [TEST_STEP][PASSED] - setText: Text '' is set on object 'Object Repository/Page Management/Page_Page Management  5-15/input_Website_website'

2018-11-26 15:19:33 - [MESSAGE][PASSED] - Text '' is set on object 'Object Repository/Page Management/Page_Page Management  5-15/input_Website_website'

2018-11-26 15:19:33 - [TEST_STEP][PASSED] - click: Object: 'Object Repository/Page Management/Page_Page Management  5-15/a_Update' is clicked on

2018-11-26 15:19:33 - [MESSAGE][PASSED] - Object: 'Object Repository/Page Management/Page_Page Management  5-15/a_Update' is clicked on

2018-11-26 15:19:33 - [TEST_STEP][PASSED] - verifyElementText: Actual text and expected text of test object 'Object Repository/Page Management/Page_Page Management  5-15/label_Page Name' are matched.

2018-11-26 15:19:33 - [MESSAGE][PASSED] - Actual text and expected text of test object 'Object Repository/Page Management/Page_Page Management  5-15/label_Page Name' are matched.

2018-11-26 15:19:33 - [TEST_STEP][PASSED] - verifyElementText: Actual text and expected text of test object 'Object Repository/Page Management/Page_Page Management  5-15/p_is required_5' are matched.

2018-11-26 15:19:33 - [MESSAGE][PASSED] - Actual text and expected text of test object 'Object Repository/Page Management/Page_Page Management  5-15/p_is required_5' are matched.

2018-11-26 15:19:33 - [TEST_STEP][PASSED] - verifyElementText: Actual text and expected text of test object 'Object Repository/Page Management/Page_Page Management  5-15/label_Website' are matched.

2018-11-26 15:19:33 - [MESSAGE][PASSED] - Actual text and expected text of test object 'Object Repository/Page Management/Page_Page Management  5-15/label_Website' are matched.

2018-11-26 15:19:33 - [TEST_STEP][PASSED] - verifyElementText: Actual text and expected text of test object 'Object Repository/Page Management/Page_Page Management  5-15/p_is required_6' are matched.

2018-11-26 15:19:33 - [MESSAGE][PASSED] - Actual text and expected text of test object 'Object Repository/Page Management/Page_Page Management  5-15/p_is required_6' are matched.

2018-11-26 15:19:33 - [TEST_STEP][PASSED] - setText: Text 'Page10' is set on object 'Object Repository/Page Management/Page_Page Management  5-15/input_Page Name_pageName'

2018-11-26 15:19:33 - [MESSAGE][PASSED] - Text 'Page10' is set on object 'Object Repository/Page Management/Page_Page Management  5-15/input_Page Name_pageName'

2018-11-26 15:19:33 - [TEST_STEP][PASSED] - setText: Text 'www.google.com' is set on object 'Object Repository/Page Management/Page_Page Management  5-15/input_Website_website'

2018-11-26 15:19:34 - [MESSAGE][PASSED] - Text 'www.google.com' is set on object 'Object Repository/Page Management/Page_Page Management  5-15/input_Website_website'

2018-11-26 15:19:34 - [TEST_STEP][PASSED] - click: Object: 'Object Repository/Page Management/Page_Page Management  5-15/a_Update' is clicked on

2018-11-26 15:19:34 - [MESSAGE][PASSED] - Object: 'Object Repository/Page Management/Page_Page Management  5-15/a_Update' is clicked on

2018-11-26 15:19:34 - [TEST_STEP][PASSED] - waitForElementPresent: Object 'Object Repository/Page Management/Page_Page Management  5-15/span_Updated successfully' is present

2018-11-26 15:19:34 - [MESSAGE][WARNING] - Timeout '0' is invalid. Using default page load timeout: '30'

2018-11-26 15:19:35 - [MESSAGE][PASSED] - Object 'Object Repository/Page Management/Page_Page Management  5-15/span_Updated successfully' is present

2018-11-26 15:19:35 - [TEST_STEP][PASSED] - verifyElementText: Actual text and expected text of test object 'Object Repository/Page Management/Page_Page Management  5-15/span_Updated successfully' are matched.

2018-11-26 15:19:35 - [MESSAGE][PASSED] - Actual text and expected text of test object 'Object Repository/Page Management/Page_Page Management  5-15/span_Updated successfully' are matched.

2018-11-26 15:19:35 - [TEST_STEP][PASSED] - click: Object: 'Object Repository/Page Management/Page_Page Management  5-15/Icon-edit-button' is clicked on

2018-11-26 15:19:37 - [MESSAGE][PASSED] - Object: 'Object Repository/Page Management/Page_Page Management  5-15/Icon-edit-button' is clicked on

2018-11-26 15:19:37 - [TEST_STEP][PASSED] - click: Object: 'Object Repository/Page Management/Page_Page Management  5-15/a_Publish' is clicked on

2018-11-26 15:19:38 - [MESSAGE][PASSED] - Object: 'Object Repository/Page Management/Page_Page Management  5-15/a_Publish' is clicked on

2018-11-26 15:19:38 - [TEST_STEP][PASSED] - waitForElementPresent: Object 'Object Repository/Page Management/Page_Page Management  5-15/span_Published successfully' is present

2018-11-26 15:19:38 - [MESSAGE][WARNING] - Timeout '0' is invalid. Using default page load timeout: '30'

2018-11-26 15:19:39 - [MESSAGE][PASSED] - Object 'Object Repository/Page Management/Page_Page Management  5-15/span_Published successfully' is present

2018-11-26 15:19:39 - [TEST_STEP][PASSED] - verifyElementText: Actual text and expected text of test object 'Object Repository/Page Management/Page_Page Management  5-15/span_Published successfully' are matched.

2018-11-26 15:19:39 - [MESSAGE][PASSED] - Actual text and expected text of test object 'Object Repository/Page Management/Page_Page Management  5-15/span_Published successfully' are matched.

2018-11-26 15:19:39 - [TEST_STEP][PASSED] - click: Object: 'Object Repository/Page Management/Page_Page Management  5-15/Icon-edit-button' is clicked on

2018-11-26 15:19:42 - [MESSAGE][PASSED] - Object: 'Object Repository/Page Management/Page_Page Management  5-15/Icon-edit-button' is clicked on

2018-11-26 15:19:42 - [TEST_STEP][PASSED] - waitForElementPresent: Object 'Object Repository/Page Management/Page_Page Management  5-15/span_Cancel' is present

2018-11-26 15:19:43 - [MESSAGE][PASSED] - Object 'Object Repository/Page Management/Page_Page Management  5-15/span_Cancel' is present

2018-11-26 15:19:43 - [TEST_STEP][PASSED] - click: Object: 'Object Repository/Page Management/Page_Page Management  5-15/span_Cancel' is clicked on

2018-11-26 15:19:43 - [MESSAGE][PASSED] - Object: 'Object Repository/Page Management/Page_Page Management  5-15/span_Cancel' is clicked on

2018-11-26 15:19:43 - [TEST_STEP][PASSED] - click: Object: 'Object Repository/Smoke_Test/Page_My Associates  5-15/Select Home' is clicked on

2018-11-26 15:19:43 - [MESSAGE][PASSED] - Object: 'Object Repository/Smoke_Test/Page_My Associates  5-15/Select Home' is clicked on]]></system-out>
         <system-err><![CDATA[]]></system-err>
      </testcase>
      <testcase name="Test Cases/Associate Application/Page Management/TCBA02106" classname="Test Cases/Associate Application/Page Management/TCBA02106" status="PASSED">
         <system-out><![CDATA[2018-11-26 15:19:43 - [TEST_CASE][PASSED] - Test Cases/Associate Application/Page Management/TCBA02106: Test Cases/Associate Application/Page Management/TCBA02106

2018-11-26 15:19:44 - [TEST_STEP][PASSED] - click: Object: 'Object Repository/Edit Profile/Page_Home  5-15/span_Shinto-Test' is clicked on

2018-11-26 15:19:44 - [MESSAGE][PASSED] - Object: 'Object Repository/Edit Profile/Page_Home  5-15/span_Shinto-Test' is clicked on

2018-11-26 15:19:44 - [TEST_STEP][PASSED] - click: Object: 'Object Repository/Edit Profile/Page_Home  5-15/span_Log Off' is clicked on

2018-11-26 15:19:44 - [MESSAGE][PASSED] - Object: 'Object Repository/Edit Profile/Page_Home  5-15/span_Log Off' is clicked on]]></system-out>
         <system-err><![CDATA[]]></system-err>
      </testcase>
      <system-out><![CDATA[2018-11-26 15:18:55 - [TEST_SUITE][PASSED] - VBZ0020-Page Management: Test Cases/Associate Application/Page Management/TCBA02106]]></system-out>
      <system-err><![CDATA[]]></system-err>
   </testsuite>
</testsuites>
