<?xml version="1.0" encoding="UTF-8"?>
<testsuites name="VBZ0016-My Downline" time="1254" tests="4" failures="7" errors="0">
   <testsuite name="VBZ0016-My Downline" tests="4" failures="7" errors="0" time="1254" timestamp="2018-11-12 19:42:59" hostname="sebastian - Vofox-Sebastian.vofox.com" id="Test Suites/VBZ0016-My Downline">
      <properties>
         <property name="deviceName" value=""/>
         <property name="devicePlatform" value=""/>
         <property name="logFolder" value="E:\\Bonanzha\\katalon Bonanzha\\Reports\\VBZ0016-My Downline\\20181112_194257"/>
         <property name="logFiles" value="E:\\Bonanzha\\katalon Bonanzha\\Reports\\VBZ0016-My Downline\\20181112_194257\\execution0.log"/>
         <property name="attachments" value="E:\\Bonanzha\\katalon Bonanzha\\Reports\\VBZ0016-My Downline\\20181112_194257\\1542033028058.png, E:\\Bonanzha\\katalon Bonanzha\\Reports\\VBZ0016-My Downline\\20181112_194257\\1542033065110.png, E:\\Bonanzha\\katalon Bonanzha\\Reports\\VBZ0016-My Downline\\20181112_194257\\1542033097753.png, E:\\Bonanzha\\katalon Bonanzha\\Reports\\VBZ0016-My Downline\\20181112_194257\\1542033130069.png, E:\\Bonanzha\\katalon Bonanzha\\Reports\\VBZ0016-My Downline\\20181112_194257\\1542033163053.png, E:\\Bonanzha\\katalon Bonanzha\\Reports\\VBZ0016-My Downline\\20181112_194257\\1542033163390.png, E:\\Bonanzha\\katalon Bonanzha\\Reports\\VBZ0016-My Downline\\20181112_194257\\1542033196784.png, E:\\Bonanzha\\katalon Bonanzha\\Reports\\VBZ0016-My Downline\\20181112_194257\\1542033232008.png"/>
         <property name="hostName" value="sebastian - Vofox-Sebastian.vofox.com"/>
         <property name="os" value="Windows 10 64bit"/>
         <property name="katalonVersion" value="5.8.6.1"/>
         <property name="browser" value="Chrome 70.0.3538.77"/>
         <property name="hostAddress" value="192.168.10.130"/>
         <property name="sessionId" value="beb63fc34a57f59f4720d6cd3a144630"/>
         <property name="seleniumVersion" value="3.7.1"/>
         <property name="proxyInformation" value="ProxyInformation{proxyOption=NO_PROXY, proxyServerType=HTTP, password=, proxyServerAddress=, proxyServerPort=0}"/>
         <property name="platform" value="Windows 10"/>
      </properties>
      <testcase name="Test Cases/Associate Application/My Downline/TCBA01601" classname="Test Cases/Associate Application/My Downline/TCBA01601" status="PASSED">
         <system-out><![CDATA[2018-11-12 19:42:59 - [TEST_CASE][PASSED] - Test Cases/Associate Application/My Downline/TCBA01601: Test Cases/Associate Application/My Downline/TCBA01601

2018-11-12 19:43:00 - [TEST_STEP][PASSED] - callTestCase: Call Test Case 'Test Cases/Associate Application/Associate Login/TCBA01008' successfully

2018-11-12 19:43:00 - [TEST_CASE][PASSED] - Test Cases/Associate Application/Associate Login/TCBA01008: Test Cases/Associate Application/Associate Login/TCBA01008

2018-11-12 19:43:00 - [TEST_STEP][PASSED] - openBrowser: Browser is opened with url: ''

2018-11-12 19:43:04 - [MESSAGE][PASSED] - Browser is opened with url: ''

2018-11-12 19:43:04 - [TEST_STEP][PASSED] - maximizeWindow: Current window maximized

2018-11-12 19:43:06 - [MESSAGE][PASSED] - Current window maximized

2018-11-12 19:43:06 - [TEST_STEP][PASSED] - navigateToUrl: Navigate to 'https://192.168.10.72/#/login' successfully

2018-11-12 19:43:18 - [MESSAGE][PASSED] - Navigate to 'https://192.168.10.72/#/login' successfully

2018-11-12 19:43:18 - [TEST_STEP][PASSED] - setText: Text 'Shinto-Test' is set on object 'Object Repository/Page_Log In  5-15/input_txtUserName'

2018-11-12 19:43:19 - [MESSAGE][PASSED] - Text 'Shinto-Test' is set on object 'Object Repository/Page_Log In  5-15/input_txtUserName'

2018-11-12 19:43:19 - [TEST_STEP][PASSED] - setEncryptedText: Text ****** has been set on object 'Object Repository/Page_Log In  5-15/input_txtPassword'

2018-11-12 19:43:19 - [MESSAGE][PASSED] - Text ****** has been set on object 'Object Repository/Page_Log In  5-15/input_txtPassword'

2018-11-12 19:43:19 - [TEST_STEP][PASSED] - click: Object: 'Object Repository/Page_Log In  5-15/button_Log in' is clicked on

2018-11-12 19:43:19 - [MESSAGE][PASSED] - Object: 'Object Repository/Page_Log In  5-15/button_Log in' is clicked on

2018-11-12 19:43:19 - [TEST_STEP][PASSED] - verifyElementText: Actual text and expected text of test object 'Object Repository/Change Password/Page_Home  5-15/span_My Title' are matched.

2018-11-12 19:43:24 - [MESSAGE][PASSED] - Actual text and expected text of test object 'Object Repository/Change Password/Page_Home  5-15/span_My Title' are matched.

2018-11-12 19:43:24 - [MESSAGE][PASSED] - Call Test Case 'Test Cases/Associate Application/Associate Login/TCBA01008' successfully

2018-11-12 19:43:24 - [TEST_STEP][PASSED] - verifyElementText: Actual text and expected text of test object 'Object Repository/My Downline/Page_Home  5-15/a_My Downline' are matched.

2018-11-12 19:43:24 - [MESSAGE][PASSED] - Actual text and expected text of test object 'Object Repository/My Downline/Page_Home  5-15/a_My Downline' are matched.]]></system-out>
         <system-err><![CDATA[]]></system-err>
      </testcase>
      <testcase name="Test Cases/Associate Application/My Downline/TCBA01602" classname="Test Cases/Associate Application/My Downline/TCBA01602" status="FAILED">
         <failure type="FAILED" message="(Stack trace: com.kms.katalon.core.exception.StepFailedException: Unable to select all options on object 'Object Repository/My Downline/Page_My Downline  5-15/select_Select Sponsor' (Root cause: com.kms.katalon.core.webui.exception.WebElementNotFoundException: Web element with id: 'Object Repository/My Downline/Page_My Downline  5-15/select_Select Sponsor' located by 'By.xpath: //select[(text() = '
            Select Sponsor
             17, test Text Last Name,  Text First Name@@4434345@@@@@@@, pers11, Test111111, 111111212, 1211212, 12121212, 2121221, 212112345, Shinto12345, Shinto15, test18, test20, test200, 100200, Acc1002000, 100020000, 100020000, 1000020180725, Greg2020, Shinto2025, Shinto212, shinto212121, 212121222222, 33333323232, 323233, 231, test32323, 33232332, Test4434, 4521444, 444450, test51, testA, TestA1, ShintoAB, ShintoAB, ShintoAbc, testAbino, AntonioAgnese, IvanoAjanth, TestAjTest, TestAjAnalogo, MatteoArzuffi, Fabioasdas, sdasdAsf, 1000asg, asfAssociate, DuplicateAssociate, Test Badaduchi, JoeyBalbusso, GiacomoBalduzzi, GiacomoBandini, Georgebar, idanBar, Idanbar, idanBar, Idanbar, idanbar, idanBelotti, LuigiBeluschi, MarcoBenedetti, MarcelloBertolazza, GiuseppeBianchi, BiancaBing, Bella Blow, Joe Blow, JoeBlow, JoeBobev, Bobiboy, ya Bressani, FlaviaBrightly, AlanCarnevale, DaniloChalupsky, PaulChelin5, Jean5Cherchi, Stefanoclegane, aidaConti, CarloContractSignTest, EdgeCrickets, JiminyDamiani, ViolaDaniels, DanDat, TestData, TestDatabase, TestDDD, DDDDee, AlisonDeMotts, RobDeMotts, Rob2Demotts2, Rob2DeMotts3, Robertdennis test, dennis testDennis Test, Dennis TestDennis test2, Dennis test2dennis, dennisdh, dgfDias, Jose diaz, jddiff, akhilDoakes, JoeDoe, JohnDoe, JohnDoe, JohnDoe, JohnDoe, JohnDoe, JohnDoe, Johndoe, JohnDoe, JohnDoe, JohnDoe, JohnDoe, JohnDoe, JohnDoe, John Doe, John Doe, JohnDoe, JohnDoe, JohnDoe, JohnDoe, JohnDoe, JohnDoe, JohnDoe, JohnDoe, JuliaDoe, LeslieDoe, TestDoekeses, Johndsds, dsdsDunn, JuliaDyas, JerryDyas, JimEight, PandaEisenman, Hansemanuela, emanuelaemanuela, emanuelaEnglish, MatteoF, TonyFeinstein, JackFernandi, Robertofff, fffFive, PandaFour, Pandafrancesco, francescoG, DeniseG, Gregg, JerryG, Matteo 1/1/1980Galbiati, MatteoGalbiati, MatteoGalbiati, MatteoGalbiati, MatteoGalbiati, Matteo(gmail test)Galbiati11-23, Matteo3-30Galbiati2, Matteo2Galbiato, Matteogallinari, IvoGentile, DeniseGentile, Denise Gentile, Denise gjgj, gghdjGreen, JoeGum, BirthdateShouldBe20000101Gum, BTest3Gum, GregGum, GregGum, GregGum, GregGum, GregGum, GregGum, Greg_0608Gum, Greg_2018-09-17Gum, Greg_triggerTestGum, Greg_TriggerTest2gum, Greg0608AGum, Greg0608CGum, Greg0609Gum, Greg2018-09-22Gum, GregoryGum, Test2BirthdayShouldBe20000101Gum11, Greg11Gum19, Greg19Gum22, Greg22Gum22, Greg22Gum234, Greg234Gum44, GregGum44, Greg44Gum46, Greg46Gum5, Greg5Gum5, Greg5Gum51, Greg51Gum55, Greg22Gum55, Greg55Gum55, Greg55Gum55, Greg55Gum55, Greg55Gum6, Greg6Gum66, Greg66Gum66, Greg66Gum77, Greg77Gum77A, Greg77AGum78, Greg78Gum8, Greg8gum87, Greg87Gum88, Greg88Gum99, Greg99Gum99, Greg99Gum999, Greg999hil, akIE, MatteoIl Terzo, matteoJ, DJk, AbcdJK, QA1JK, ShintoJK, ShintoJK, ShintoJK, ShintoJK, ShintoJK, ShintoJK, ShintoJK, ShintoJK, ShintoJK, ShintoJK, ShintoJK, ShintoJK, ShintoJK, ShintoJK, ShintoJK, ShintoJK, ShintoJK, ShintoJK, ShintoJK, ShintoJK, ShintoJK, ShintoJK, ShintoJK, ShintoJK, ShintoJK, ShintoJK, shintoJK, ShintoJK, ShintoJK, ShintoJK, ShintoJK, ShintoJK, ShintoJK, Shinto-test3JK, TesterJK-2018, ShintoJK-2020, ShintoJK-2020, ShintoJones, JoeJose, Ajanth TestJose, DennisKK, JKKK, JK_2018KK, ShintoKK, ShintoKK, ShintoKK, ShintoKringle, KrisLast Name, First NameLast Name, First NameLast Name, First NameLast Name, First NameLast Name, First NameLast Name, First NameLast Name, First NameLast Name, First NameLast Name, First NameLast Name, First NameLast Name, First NameLast Name, First NameLast Name, First NameLast Name, First NameLast Name, First NameLast Name, First NameLast Name, First NameLast Name, First NameLast Name, First Namelast name, namelast name, namelast name, namelast name, namelast name, namelast name, namelast name, namelast, akLast, TestLast, TestLast, TestLast, TestLast, TestLast, TestLast, TestLast, TestLast, TestLast, TestLast, TestLast, TestLast, TestLast, TestLast, TestLast, TestLast, TestLast, TestLast, Testlast111111ghg ghghghlghlglhlglhgll glhglhlghlglhlgl hglhglhlghl lglhglhlghlglhlghlglhlgh lghlghlglhglhlglhgl lghlglhglhlghlglhlghlgllhlluoiouiouoiouoi ujgjlhg;ljhlgkjghjghkljghjghkljhjhjj;lhjh;lj;lh;l, akhil_firstlizana, davidLName, TestingLoehwing, AspasiaLoehwing, AspasiaLoehwing, AspasiaMassa, LucaMcDonald, RenataMcdonald, RenataMcDonald, RenataMcDonald, RenataMdy, ShintoMichaelson, Mikemiriam, jessicaMobile12, MatteoMR, Ajumustaffa, annNcDonald, Renatanuvoli, francescaOggi, VerificoOne, Pandaone, shintoOsborn, AlisonOsborn, AlisonOsborn, AlisonOsborn, AlisonOsborn, AlisonOsborn2, AlisonOzborn, AlisonPaiwonski, LenaPaoletti, FerdinandoPark, AndrewPasina, MassimoPatacca, GiorgioPedini, FedericoPlayer, EdgeCsrContractTestPlayer, PaulPortal, TestPortal, TestProfile, MattProva, TestQA1, ShintoQA1, Testqqq, 13/8/18qqq, qqqqqq, qqqqqqq, qqqR, AjR, AjR, AjanthR, AjanthR, AjanthR, AjanthR, AjanthR, AjanthRabbit, PeterRigamonti, ClaudioRigamonti, NicolaRossi, Francorossi, valeScanferla, CristoforoScarfone, JoeScoduti , Ivanasdfgdfg, sdfgsdgsdg, sdgsdgsdgsdg, sdgsdgsdgsdg, sfgsdfgsdsd, sdssdsd, Test Ajanthsdsdfdf, sddfdfdssdsdfdf, sddfdfdssdsdfdf, sddfdfdssdsdfdf, sddfdfdssdsdfdf, sddfdfdssdsdfdf, sddfdfdssdsdfdf, sddfdfdssdsdfdf, sddfdfdssdsdfdf, sddfdfdssdsdfdf, sddfdfdssdsdfdf, sddfdfdssdsdfdf, sddfdfdssdsdfdf, sddfdfdssdsdfdf, sddfdfdsSeven, PandaSilvesti, DanieleSK, JKSmoke_test, ShintoSmoke2, ShintoSmoke3, shintoSmoke3, shintoSmoke-Test (US), ShintoSmoke-Test (US), ShintoSmoke-Test, ShintoSmoke-Test, ShintoSocio, Secondostick, evasudhan, akhilT, Jessica t, tT, TestAssociateT1000, ShintoT12, ShintoT2, ShintoT40, ShintoATA11, Shintote, TestTest Assosiate, Test AssosiateTest, AjanthTest, AjanthTest, AjanthTest, Ajanth TestTest, Ajath Test123Test, AjTestTest, DennisTest, First nameTest, First nameTest, First nameTest, First nameTest, First nameTest, First nameTest, First nameTest, QA1Test, SeleniumTest, Shintotest, ShintoTest, ShintoTest, ShintoTest, Shinto-QATest, SKtest, testTest, TestTest, TestTest, TestTest, TestTest, TestTest, TestTest, Testtest, TestTest, Vipintest, Vofoxtest1Test1, QATest1, TestTest123, AjanthTest13, matteoTest2, AjanthTest2, Test2Test-2019, ShintoTest-2019, ShintoTest-2019, ShintoTest-2019, ShintoTest-2019, ShintoTest-2019, ShintoTest-2019, ShintoTest-2019, ShintoTest-2019, ShintoTest-2019, ShintoTest-2019, ShintoTest-2019, ShintoTest-2019, ShintoTest-2019, ShintoTest-2019, ShintoTest-2019, ShintoTest-2019, ShintoTest-2019, ShintoTest-2019, ShintoTest-2019, ShintoTest-2019, ShintoTest-2019, ShintoTest-2019, ShintoTest-2020, ShintoTest2040, ShintoTest223, AjanthTest333, AjanthTest4, AjanthTest423, AjanthTest5, Ajanth5Test523, AjanthTest60, ShintoTest623, AjanthtestA, ShintoTestA1, ShintoTestA1, ShintoTest-Associate-V1, Test-Associate-V1Tester, JCTester, JeanTester, JoeTester10, JeanTester11, JeanTester12, JeanTester13, JeanTester14, JeanTester15, JeanTester15, JeanTester16, JeanTester17, JeanTester18, Jean Tester2, Jean Tester21, JeanTester22, JeanTester23, JeanTester24, JeanTester25, JeanTestInvite, TestInvitetestt, testtText Last Name, Text First NameText Last Name, Text First NameText Last Name, Text First NameText Last Name, Text First NameText Last Name, Text First NameText Last Name, Text First NameText Last Name, Text First NameText Last Name, Text First NameText Last Name, Text First NameText Last Name, Text First NameText Last Name, Text First NameText Last Name, Text First NameText Last Name, Text First NameText Last Name, Text First NameText Last Name, Text First NameText Last Name, Text First NameText Last Name, Text First NameText Last Name, Text First NameText Last Name, Text First NameText Last Name, Text First NameText Last Name, Text First NameText Last Name, Text First NameText Last Name, Text First NameText Last Name, Text First NameText Last Name, Text First NameText Last Name, Text First NameText Last Name, Text First NameText Last Name, Text First NameText Last Name, Text First NameText Last Name, Text First Nametg, tjthandassery, akhilThree, PandaTuratti, CristoforoTwo, PandaTwomey, TonyTwomey, Tonyv , dcv Vaixx, IdanVangelica, Dafnevbbbbb, aaaaavbn, bnbvnVersione13, MatteoVertemati, Giovannivhv, rtvnf, vandanavvxvc, pouokiWood, DustyXjx, Dhxdhytytyty, ytyt
          ' or . = '
            Select Sponsor
             17, test Text Last Name,  Text First Name@@4434345@@@@@@@, pers11, Test111111, 111111212, 1211212, 12121212, 2121221, 212112345, Shinto12345, Shinto15, test18, test20, test200, 100200, Acc1002000, 100020000, 100020000, 1000020180725, Greg2020, Shinto2025, Shinto212, shinto212121, 212121222222, 33333323232, 323233, 231, test32323, 33232332, Test4434, 4521444, 444450, test51, testA, TestA1, ShintoAB, ShintoAB, ShintoAbc, testAbino, AntonioAgnese, IvanoAjanth, TestAjTest, TestAjAnalogo, MatteoArzuffi, Fabioasdas, sdasdAsf, 1000asg, asfAssociate, DuplicateAssociate, Test Badaduchi, JoeyBalbusso, GiacomoBalduzzi, GiacomoBandini, Georgebar, idanBar, Idanbar, idanBar, Idanbar, idanbar, idanBelotti, LuigiBeluschi, MarcoBenedetti, MarcelloBertolazza, GiuseppeBianchi, BiancaBing, Bella Blow, Joe Blow, JoeBlow, JoeBobev, Bobiboy, ya Bressani, FlaviaBrightly, AlanCarnevale, DaniloChalupsky, PaulChelin5, Jean5Cherchi, Stefanoclegane, aidaConti, CarloContractSignTest, EdgeCrickets, JiminyDamiani, ViolaDaniels, DanDat, TestData, TestDatabase, TestDDD, DDDDee, AlisonDeMotts, RobDeMotts, Rob2Demotts2, Rob2DeMotts3, Robertdennis test, dennis testDennis Test, Dennis TestDennis test2, Dennis test2dennis, dennisdh, dgfDias, Jose diaz, jddiff, akhilDoakes, JoeDoe, JohnDoe, JohnDoe, JohnDoe, JohnDoe, JohnDoe, JohnDoe, Johndoe, JohnDoe, JohnDoe, JohnDoe, JohnDoe, JohnDoe, JohnDoe, John Doe, John Doe, JohnDoe, JohnDoe, JohnDoe, JohnDoe, JohnDoe, JohnDoe, JohnDoe, JohnDoe, JuliaDoe, LeslieDoe, TestDoekeses, Johndsds, dsdsDunn, JuliaDyas, JerryDyas, JimEight, PandaEisenman, Hansemanuela, emanuelaemanuela, emanuelaEnglish, MatteoF, TonyFeinstein, JackFernandi, Robertofff, fffFive, PandaFour, Pandafrancesco, francescoG, DeniseG, Gregg, JerryG, Matteo 1/1/1980Galbiati, MatteoGalbiati, MatteoGalbiati, MatteoGalbiati, MatteoGalbiati, Matteo(gmail test)Galbiati11-23, Matteo3-30Galbiati2, Matteo2Galbiato, Matteogallinari, IvoGentile, DeniseGentile, Denise Gentile, Denise gjgj, gghdjGreen, JoeGum, BirthdateShouldBe20000101Gum, BTest3Gum, GregGum, GregGum, GregGum, GregGum, GregGum, GregGum, Greg_0608Gum, Greg_2018-09-17Gum, Greg_triggerTestGum, Greg_TriggerTest2gum, Greg0608AGum, Greg0608CGum, Greg0609Gum, Greg2018-09-22Gum, GregoryGum, Test2BirthdayShouldBe20000101Gum11, Greg11Gum19, Greg19Gum22, Greg22Gum22, Greg22Gum234, Greg234Gum44, GregGum44, Greg44Gum46, Greg46Gum5, Greg5Gum5, Greg5Gum51, Greg51Gum55, Greg22Gum55, Greg55Gum55, Greg55Gum55, Greg55Gum55, Greg55Gum6, Greg6Gum66, Greg66Gum66, Greg66Gum77, Greg77Gum77A, Greg77AGum78, Greg78Gum8, Greg8gum87, Greg87Gum88, Greg88Gum99, Greg99Gum99, Greg99Gum999, Greg999hil, akIE, MatteoIl Terzo, matteoJ, DJk, AbcdJK, QA1JK, ShintoJK, ShintoJK, ShintoJK, ShintoJK, ShintoJK, ShintoJK, ShintoJK, ShintoJK, ShintoJK, ShintoJK, ShintoJK, ShintoJK, ShintoJK, ShintoJK, ShintoJK, ShintoJK, ShintoJK, ShintoJK, ShintoJK, ShintoJK, ShintoJK, ShintoJK, ShintoJK, ShintoJK, ShintoJK, ShintoJK, shintoJK, ShintoJK, ShintoJK, ShintoJK, ShintoJK, ShintoJK, ShintoJK, Shinto-test3JK, TesterJK-2018, ShintoJK-2020, ShintoJK-2020, ShintoJones, JoeJose, Ajanth TestJose, DennisKK, JKKK, JK_2018KK, ShintoKK, ShintoKK, ShintoKK, ShintoKringle, KrisLast Name, First NameLast Name, First NameLast Name, First NameLast Name, First NameLast Name, First NameLast Name, First NameLast Name, First NameLast Name, First NameLast Name, First NameLast Name, First NameLast Name, First NameLast Name, First NameLast Name, First NameLast Name, First NameLast Name, First NameLast Name, First NameLast Name, First NameLast Name, First NameLast Name, First Namelast name, namelast name, namelast name, namelast name, namelast name, namelast name, namelast name, namelast, akLast, TestLast, TestLast, TestLast, TestLast, TestLast, TestLast, TestLast, TestLast, TestLast, TestLast, TestLast, TestLast, TestLast, TestLast, TestLast, TestLast, TestLast, TestLast, Testlast111111ghg ghghghlghlglhlglhgll glhglhlghlglhlgl hglhglhlghl lglhglhlghlglhlghlglhlgh lghlghlglhglhlglhgl lghlglhglhlghlglhlghlgllhlluoiouiouoiouoi ujgjlhg;ljhlgkjghjghkljghjghkljhjhjj;lhjh;lj;lh;l, akhil_firstlizana, davidLName, TestingLoehwing, AspasiaLoehwing, AspasiaLoehwing, AspasiaMassa, LucaMcDonald, RenataMcdonald, RenataMcDonald, RenataMcDonald, RenataMdy, ShintoMichaelson, Mikemiriam, jessicaMobile12, MatteoMR, Ajumustaffa, annNcDonald, Renatanuvoli, francescaOggi, VerificoOne, Pandaone, shintoOsborn, AlisonOsborn, AlisonOsborn, AlisonOsborn, AlisonOsborn, AlisonOsborn2, AlisonOzborn, AlisonPaiwonski, LenaPaoletti, FerdinandoPark, AndrewPasina, MassimoPatacca, GiorgioPedini, FedericoPlayer, EdgeCsrContractTestPlayer, PaulPortal, TestPortal, TestProfile, MattProva, TestQA1, ShintoQA1, Testqqq, 13/8/18qqq, qqqqqq, qqqqqqq, qqqR, AjR, AjR, AjanthR, AjanthR, AjanthR, AjanthR, AjanthR, AjanthRabbit, PeterRigamonti, ClaudioRigamonti, NicolaRossi, Francorossi, valeScanferla, CristoforoScarfone, JoeScoduti , Ivanasdfgdfg, sdfgsdgsdg, sdgsdgsdgsdg, sdgsdgsdgsdg, sfgsdfgsdsd, sdssdsd, Test Ajanthsdsdfdf, sddfdfdssdsdfdf, sddfdfdssdsdfdf, sddfdfdssdsdfdf, sddfdfdssdsdfdf, sddfdfdssdsdfdf, sddfdfdssdsdfdf, sddfdfdssdsdfdf, sddfdfdssdsdfdf, sddfdfdssdsdfdf, sddfdfdssdsdfdf, sddfdfdssdsdfdf, sddfdfdssdsdfdf, sddfdfdssdsdfdf, sddfdfdsSeven, PandaSilvesti, DanieleSK, JKSmoke_test, ShintoSmoke2, ShintoSmoke3, shintoSmoke3, shintoSmoke-Test (US), ShintoSmoke-Test (US), ShintoSmoke-Test, ShintoSmoke-Test, ShintoSocio, Secondostick, evasudhan, akhilT, Jessica t, tT, TestAssociateT1000, ShintoT12, ShintoT2, ShintoT40, ShintoATA11, Shintote, TestTest Assosiate, Test AssosiateTest, AjanthTest, AjanthTest, AjanthTest, Ajanth TestTest, Ajath Test123Test, AjTestTest, DennisTest, First nameTest, First nameTest, First nameTest, First nameTest, First nameTest, First nameTest, First nameTest, QA1Test, SeleniumTest, Shintotest, ShintoTest, ShintoTest, ShintoTest, Shinto-QATest, SKtest, testTest, TestTest, TestTest, TestTest, TestTest, TestTest, TestTest, Testtest, TestTest, Vipintest, Vofoxtest1Test1, QATest1, TestTest123, AjanthTest13, matteoTest2, AjanthTest2, Test2Test-2019, ShintoTest-2019, ShintoTest-2019, ShintoTest-2019, ShintoTest-2019, ShintoTest-2019, ShintoTest-2019, ShintoTest-2019, ShintoTest-2019, ShintoTest-2019, ShintoTest-2019, ShintoTest-2019, ShintoTest-2019, ShintoTest-2019, ShintoTest-2019, ShintoTest-2019, ShintoTest-2019, ShintoTest-2019, ShintoTest-2019, ShintoTest-2019, ShintoTest-2019, ShintoTest-2019, ShintoTest-2019, ShintoTest-2020, ShintoTest2040, ShintoTest223, AjanthTest333, AjanthTest4, AjanthTest423, AjanthTest5, Ajanth5Test523, AjanthTest60, ShintoTest623, AjanthtestA, ShintoTestA1, ShintoTestA1, ShintoTest-Associate-V1, Test-Associate-V1Tester, JCTester, JeanTester, JoeTester10, JeanTester11, JeanTester12, JeanTester13, JeanTester14, JeanTester15, JeanTester15, JeanTester16, JeanTester17, JeanTester18, Jean Tester2, Jean Tester21, JeanTester22, JeanTester23, JeanTester24, JeanTester25, JeanTestInvite, TestInvitetestt, testtText Last Name, Text First NameText Last Name, Text First NameText Last Name, Text First NameText Last Name, Text First NameText Last Name, Text First NameText Last Name, Text First NameText Last Name, Text First NameText Last Name, Text First NameText Last Name, Text First NameText Last Name, Text First NameText Last Name, Text First NameText Last Name, Text First NameText Last Name, Text First NameText Last Name, Text First NameText Last Name, Text First NameText Last Name, Text First NameText Last Name, Text First NameText Last Name, Text First NameText Last Name, Text First NameText Last Name, Text First NameText Last Name, Text First NameText Last Name, Text First NameText Last Name, Text First NameText Last Name, Text First NameText Last Name, Text First NameText Last Name, Text First NameText Last Name, Text First NameText Last Name, Text First NameText Last Name, Text First NameText Last Name, Text First Nametg, tjthandassery, akhilThree, PandaTuratti, CristoforoTwo, PandaTwomey, TonyTwomey, Tonyv , dcv Vaixx, IdanVangelica, Dafnevbbbbb, aaaaavbn, bnbvnVersione13, MatteoVertemati, Giovannivhv, rtvnf, vandanavvxvc, pouokiWood, DustyXjx, Dhxdhytytyty, ytyt
          ')]' not found)
	at com.kms.katalon.core.keyword.internal.KeywordMain.stepFailed(KeywordMain.groovy:36)
	at com.kms.katalon.core.webui.keyword.internal.WebUIKeywordMain.stepFailed(WebUIKeywordMain.groovy:65)
	at com.kms.katalon.core.webui.keyword.internal.WebUIKeywordMain.runKeyword(WebUIKeywordMain.groovy:27)
	at com.kms.katalon.core.webui.keyword.builtin.SelectAllOptionKeyword.selectAllOption(SelectAllOptionKeyword.groovy:85)
	at com.kms.katalon.core.webui.keyword.builtin.SelectAllOptionKeyword.execute(SelectAllOptionKeyword.groovy:67)
	at com.kms.katalon.core.keyword.internal.KeywordExecutor.executeKeywordForPlatform(KeywordExecutor.groovy:53)
	at com.kms.katalon.core.webui.keyword.WebUiBuiltInKeywords.selectAllOption(WebUiBuiltInKeywords.groovy:1165)
	at com.kms.katalon.core.webui.keyword.WebUiBuiltInKeywords$selectAllOption$7.call(Unknown Source)
	at org.codehaus.groovy.runtime.callsite.CallSiteArray.defaultCall(CallSiteArray.java:48)
	at org.codehaus.groovy.runtime.callsite.AbstractCallSite.call(AbstractCallSite.java:113)
	at org.codehaus.groovy.runtime.callsite.AbstractCallSite.call(AbstractCallSite.java:125)
	at Script1540362215034.run(Script1540362215034.groovy:58)
	at com.kms.katalon.core.main.ScriptEngine.run(ScriptEngine.java:183)
	at com.kms.katalon.core.main.ScriptEngine.runScriptAsRawText(ScriptEngine.java:108)
	at com.kms.katalon.core.main.TestCaseExecutor.runScript(TestCaseExecutor.java:294)
	at com.kms.katalon.core.main.TestCaseExecutor.doExecute(TestCaseExecutor.java:285)
	at com.kms.katalon.core.main.TestCaseExecutor.processExecutionPhase(TestCaseExecutor.java:264)
	at com.kms.katalon.core.main.TestCaseExecutor.accessMainPhase(TestCaseExecutor.java:256)
	at com.kms.katalon.core.main.TestCaseExecutor.execute(TestCaseExecutor.java:200)
	at com.kms.katalon.core.main.TestSuiteExecutor.accessTestCaseMainPhase(TestSuiteExecutor.java:129)
	at com.kms.katalon.core.main.TestSuiteExecutor.accessTestSuiteMainPhase(TestSuiteExecutor.java:112)
	at com.kms.katalon.core.main.TestSuiteExecutor.execute(TestSuiteExecutor.java:81)
	at com.kms.katalon.core.main.TestCaseMain.startTestSuite(TestCaseMain.java:142)
	at com.kms.katalon.core.main.TestCaseMain$startTestSuite$0.call(Unknown Source)
	at org.codehaus.groovy.runtime.callsite.CallSiteArray.defaultCall(CallSiteArray.java:48)
	at org.codehaus.groovy.runtime.callsite.AbstractCallSite.call(AbstractCallSite.java:113)
	at org.codehaus.groovy.runtime.callsite.AbstractCallSite.call(AbstractCallSite.java:141)
	at TempTestSuite1542031977124.run(TempTestSuite1542031977124.groovy:36)
	at groovy.lang.GroovyShell.runScriptOrMainOrTestOrRunnable(GroovyShell.java:263)
	at groovy.lang.GroovyShell.run(GroovyShell.java:518)
	at groovy.lang.GroovyShell.run(GroovyShell.java:507)
	at groovy.ui.GroovyMain.processOnce(GroovyMain.java:653)
	at groovy.ui.GroovyMain.run(GroovyMain.java:384)
	at groovy.ui.GroovyMain.process(GroovyMain.java:370)
	at groovy.ui.GroovyMain.processArgs(GroovyMain.java:129)
	at groovy.ui.GroovyMain.main(GroovyMain.java:109)
	at sun.reflect.NativeMethodAccessorImpl.invoke0(Native Method)
	at sun.reflect.NativeMethodAccessorImpl.invoke(NativeMethodAccessorImpl.java:62)
	at sun.reflect.DelegatingMethodAccessorImpl.invoke(DelegatingMethodAccessorImpl.java:43)
	at java.lang.reflect.Method.invoke(Method.java:498)
	at org.codehaus.groovy.tools.GroovyStarter.rootLoader(GroovyStarter.java:109)
	at org.codehaus.groovy.tools.GroovyStarter.main(GroovyStarter.java:131)
)"/>
         <system-out><![CDATA[2018-11-12 19:43:24 - [TEST_CASE][FAILED] - Test Cases/Associate Application/My Downline/TCBA01602: Test Cases/Associate Application/My Downline/TCBA01602 FAILED because (of) (Stack trace: com.kms.katalon.core.exception.StepFailedException: Unable to select all options on object 'Object Repository/My Downline/Page_My Downline  5-15/select_Select Sponsor' (Root cause: com.kms.katalon.core.webui.exception.WebElementNotFoundException: Web element with id: 'Object Repository/My Downline/Page_My Downline  5-15/select_Select Sponsor' located by 'By.xpath: //select[(text() = '
            Select Sponsor
             17, test Text Last Name,  Text First Name@@4434345@@@@@@@, pers11, Test111111, 111111212, 1211212, 12121212, 2121221, 212112345, Shinto12345, Shinto15, test18, test20, test200, 100200, Acc1002000, 100020000, 100020000, 1000020180725, Greg2020, Shinto2025, Shinto212, shinto212121, 212121222222, 33333323232, 323233, 231, test32323, 33232332, Test4434, 4521444, 444450, test51, testA, TestA1, ShintoAB, ShintoAB, ShintoAbc, testAbino, AntonioAgnese, IvanoAjanth, TestAjTest, TestAjAnalogo, MatteoArzuffi, Fabioasdas, sdasdAsf, 1000asg, asfAssociate, DuplicateAssociate, Test Badaduchi, JoeyBalbusso, GiacomoBalduzzi, GiacomoBandini, Georgebar, idanBar, Idanbar, idanBar, Idanbar, idanbar, idanBelotti, LuigiBeluschi, MarcoBenedetti, MarcelloBertolazza, GiuseppeBianchi, BiancaBing, Bella Blow, Joe Blow, JoeBlow, JoeBobev, Bobiboy, ya Bressani, FlaviaBrightly, AlanCarnevale, DaniloChalupsky, PaulChelin5, Jean5Cherchi, Stefanoclegane, aidaConti, CarloContractSignTest, EdgeCrickets, JiminyDamiani, ViolaDaniels, DanDat, TestData, TestDatabase, TestDDD, DDDDee, AlisonDeMotts, RobDeMotts, Rob2Demotts2, Rob2DeMotts3, Robertdennis test, dennis testDennis Test, Dennis TestDennis test2, Dennis test2dennis, dennisdh, dgfDias, Jose diaz, jddiff, akhilDoakes, JoeDoe, JohnDoe, JohnDoe, JohnDoe, JohnDoe, JohnDoe, JohnDoe, Johndoe, JohnDoe, JohnDoe, JohnDoe, JohnDoe, JohnDoe, JohnDoe, John Doe, John Doe, JohnDoe, JohnDoe, JohnDoe, JohnDoe, JohnDoe, JohnDoe, JohnDoe, JohnDoe, JuliaDoe, LeslieDoe, TestDoekeses, Johndsds, dsdsDunn, JuliaDyas, JerryDyas, JimEight, PandaEisenman, Hansemanuela, emanuelaemanuela, emanuelaEnglish, MatteoF, TonyFeinstein, JackFernandi, Robertofff, fffFive, PandaFour, Pandafrancesco, francescoG, DeniseG, Gregg, JerryG, Matteo 1/1/1980Galbiati, MatteoGalbiati, MatteoGalbiati, MatteoGalbiati, MatteoGalbiati, Matteo(gmail test)Galbiati11-23, Matteo3-30Galbiati2, Matteo2Galbiato, Matteogallinari, IvoGentile, DeniseGentile, Denise Gentile, Denise gjgj, gghdjGreen, JoeGum, BirthdateShouldBe20000101Gum, BTest3Gum, GregGum, GregGum, GregGum, GregGum, GregGum, GregGum, Greg_0608Gum, Greg_2018-09-17Gum, Greg_triggerTestGum, Greg_TriggerTest2gum, Greg0608AGum, Greg0608CGum, Greg0609Gum, Greg2018-09-22Gum, GregoryGum, Test2BirthdayShouldBe20000101Gum11, Greg11Gum19, Greg19Gum22, Greg22Gum22, Greg22Gum234, Greg234Gum44, GregGum44, Greg44Gum46, Greg46Gum5, Greg5Gum5, Greg5Gum51, Greg51Gum55, Greg22Gum55, Greg55Gum55, Greg55Gum55, Greg55Gum55, Greg55Gum6, Greg6Gum66, Greg66Gum66, Greg66Gum77, Greg77Gum77A, Greg77AGum78, Greg78Gum8, Greg8gum87, Greg87Gum88, Greg88Gum99, Greg99Gum99, Greg99Gum999, Greg999hil, akIE, MatteoIl Terzo, matteoJ, DJk, AbcdJK, QA1JK, ShintoJK, ShintoJK, ShintoJK, ShintoJK, ShintoJK, ShintoJK, ShintoJK, ShintoJK, ShintoJK, ShintoJK, ShintoJK, ShintoJK, ShintoJK, ShintoJK, ShintoJK, ShintoJK, ShintoJK, ShintoJK, ShintoJK, ShintoJK, ShintoJK, ShintoJK, ShintoJK, ShintoJK, ShintoJK, ShintoJK, shintoJK, ShintoJK, ShintoJK, ShintoJK, ShintoJK, ShintoJK, ShintoJK, Shinto-test3JK, TesterJK-2018, ShintoJK-2020, ShintoJK-2020, ShintoJones, JoeJose, Ajanth TestJose, DennisKK, JKKK, JK_2018KK, ShintoKK, ShintoKK, ShintoKK, ShintoKringle, KrisLast Name, First NameLast Name, First NameLast Name, First NameLast Name, First NameLast Name, First NameLast Name, First NameLast Name, First NameLast Name, First NameLast Name, First NameLast Name, First NameLast Name, First NameLast Name, First NameLast Name, First NameLast Name, First NameLast Name, First NameLast Name, First NameLast Name, First NameLast Name, First NameLast Name, First Namelast name, namelast name, namelast name, namelast name, namelast name, namelast name, namelast name, namelast, akLast, TestLast, TestLast, TestLast, TestLast, TestLast, TestLast, TestLast, TestLast, TestLast, TestLast, TestLast, TestLast, TestLast, TestLast, TestLast, TestLast, TestLast, TestLast, Testlast111111ghg ghghghlghlglhlglhgll glhglhlghlglhlgl hglhglhlghl lglhglhlghlglhlghlglhlgh lghlghlglhglhlglhgl lghlglhglhlghlglhlghlgllhlluoiouiouoiouoi ujgjlhg;ljhlgkjghjghkljghjghkljhjhjj;lhjh;lj;lh;l, akhil_firstlizana, davidLName, TestingLoehwing, AspasiaLoehwing, AspasiaLoehwing, AspasiaMassa, LucaMcDonald, RenataMcdonald, RenataMcDonald, RenataMcDonald, RenataMdy, ShintoMichaelson, Mikemiriam, jessicaMobile12, MatteoMR, Ajumustaffa, annNcDonald, Renatanuvoli, francescaOggi, VerificoOne, Pandaone, shintoOsborn, AlisonOsborn, AlisonOsborn, AlisonOsborn, AlisonOsborn, AlisonOsborn2, AlisonOzborn, AlisonPaiwonski, LenaPaoletti, FerdinandoPark, AndrewPasina, MassimoPatacca, GiorgioPedini, FedericoPlayer, EdgeCsrContractTestPlayer, PaulPortal, TestPortal, TestProfile, MattProva, TestQA1, ShintoQA1, Testqqq, 13/8/18qqq, qqqqqq, qqqqqqq, qqqR, AjR, AjR, AjanthR, AjanthR, AjanthR, AjanthR, AjanthR, AjanthRabbit, PeterRigamonti, ClaudioRigamonti, NicolaRossi, Francorossi, valeScanferla, CristoforoScarfone, JoeScoduti , Ivanasdfgdfg, sdfgsdgsdg, sdgsdgsdgsdg, sdgsdgsdgsdg, sfgsdfgsdsd, sdssdsd, Test Ajanthsdsdfdf, sddfdfdssdsdfdf, sddfdfdssdsdfdf, sddfdfdssdsdfdf, sddfdfdssdsdfdf, sddfdfdssdsdfdf, sddfdfdssdsdfdf, sddfdfdssdsdfdf, sddfdfdssdsdfdf, sddfdfdssdsdfdf, sddfdfdssdsdfdf, sddfdfdssdsdfdf, sddfdfdssdsdfdf, sddfdfdssdsdfdf, sddfdfdsSeven, PandaSilvesti, DanieleSK, JKSmoke_test, ShintoSmoke2, ShintoSmoke3, shintoSmoke3, shintoSmoke-Test (US), ShintoSmoke-Test (US), ShintoSmoke-Test, ShintoSmoke-Test, ShintoSocio, Secondostick, evasudhan, akhilT, Jessica t, tT, TestAssociateT1000, ShintoT12, ShintoT2, ShintoT40, ShintoATA11, Shintote, TestTest Assosiate, Test AssosiateTest, AjanthTest, AjanthTest, AjanthTest, Ajanth TestTest, Ajath Test123Test, AjTestTest, DennisTest, First nameTest, First nameTest, First nameTest, First nameTest, First nameTest, First nameTest, First nameTest, QA1Test, SeleniumTest, Shintotest, ShintoTest, ShintoTest, ShintoTest, Shinto-QATest, SKtest, testTest, TestTest, TestTest, TestTest, TestTest, TestTest, TestTest, Testtest, TestTest, Vipintest, Vofoxtest1Test1, QATest1, TestTest123, AjanthTest13, matteoTest2, AjanthTest2, Test2Test-2019, ShintoTest-2019, ShintoTest-2019, ShintoTest-2019, ShintoTest-2019, ShintoTest-2019, ShintoTest-2019, ShintoTest-2019, ShintoTest-2019, ShintoTest-2019, ShintoTest-2019, ShintoTest-2019, ShintoTest-2019, ShintoTest-2019, ShintoTest-2019, ShintoTest-2019, ShintoTest-2019, ShintoTest-2019, ShintoTest-2019, ShintoTest-2019, ShintoTest-2019, ShintoTest-2019, ShintoTest-2019, ShintoTest-2020, ShintoTest2040, ShintoTest223, AjanthTest333, AjanthTest4, AjanthTest423, AjanthTest5, Ajanth5Test523, AjanthTest60, ShintoTest623, AjanthtestA, ShintoTestA1, ShintoTestA1, ShintoTest-Associate-V1, Test-Associate-V1Tester, JCTester, JeanTester, JoeTester10, JeanTester11, JeanTester12, JeanTester13, JeanTester14, JeanTester15, JeanTester15, JeanTester16, JeanTester17, JeanTester18, Jean Tester2, Jean Tester21, JeanTester22, JeanTester23, JeanTester24, JeanTester25, JeanTestInvite, TestInvitetestt, testtText Last Name, Text First NameText Last Name, Text First NameText Last Name, Text First NameText Last Name, Text First NameText Last Name, Text First NameText Last Name, Text First NameText Last Name, Text First NameText Last Name, Text First NameText Last Name, Text First NameText Last Name, Text First NameText Last Name, Text First NameText Last Name, Text First NameText Last Name, Text First NameText Last Name, Text First NameText Last Name, Text First NameText Last Name, Text First NameText Last Name, Text First NameText Last Name, Text First NameText Last Name, Text First NameText Last Name, Text First NameText Last Name, Text First NameText Last Name, Text First NameText Last Name, Text First NameText Last Name, Text First NameText Last Name, Text First NameText Last Name, Text First NameText Last Name, Text First NameText Last Name, Text First NameText Last Name, Text First NameText Last Name, Text First Nametg, tjthandassery, akhilThree, PandaTuratti, CristoforoTwo, PandaTwomey, TonyTwomey, Tonyv , dcv Vaixx, IdanVangelica, Dafnevbbbbb, aaaaavbn, bnbvnVersione13, MatteoVertemati, Giovannivhv, rtvnf, vandanavvxvc, pouokiWood, DustyXjx, Dhxdhytytyty, ytyt
          ' or . = '
            Select Sponsor
             17, test Text Last Name,  Text First Name@@4434345@@@@@@@, pers11, Test111111, 111111212, 1211212, 12121212, 2121221, 212112345, Shinto12345, Shinto15, test18, test20, test200, 100200, Acc1002000, 100020000, 100020000, 1000020180725, Greg2020, Shinto2025, Shinto212, shinto212121, 212121222222, 33333323232, 323233, 231, test32323, 33232332, Test4434, 4521444, 444450, test51, testA, TestA1, ShintoAB, ShintoAB, ShintoAbc, testAbino, AntonioAgnese, IvanoAjanth, TestAjTest, TestAjAnalogo, MatteoArzuffi, Fabioasdas, sdasdAsf, 1000asg, asfAssociate, DuplicateAssociate, Test Badaduchi, JoeyBalbusso, GiacomoBalduzzi, GiacomoBandini, Georgebar, idanBar, Idanbar, idanBar, Idanbar, idanbar, idanBelotti, LuigiBeluschi, MarcoBenedetti, MarcelloBertolazza, GiuseppeBianchi, BiancaBing, Bella Blow, Joe Blow, JoeBlow, JoeBobev, Bobiboy, ya Bressani, FlaviaBrightly, AlanCarnevale, DaniloChalupsky, PaulChelin5, Jean5Cherchi, Stefanoclegane, aidaConti, CarloContractSignTest, EdgeCrickets, JiminyDamiani, ViolaDaniels, DanDat, TestData, TestDatabase, TestDDD, DDDDee, AlisonDeMotts, RobDeMotts, Rob2Demotts2, Rob2DeMotts3, Robertdennis test, dennis testDennis Test, Dennis TestDennis test2, Dennis test2dennis, dennisdh, dgfDias, Jose diaz, jddiff, akhilDoakes, JoeDoe, JohnDoe, JohnDoe, JohnDoe, JohnDoe, JohnDoe, JohnDoe, Johndoe, JohnDoe, JohnDoe, JohnDoe, JohnDoe, JohnDoe, JohnDoe, John Doe, John Doe, JohnDoe, JohnDoe, JohnDoe, JohnDoe, JohnDoe, JohnDoe, JohnDoe, JohnDoe, JuliaDoe, LeslieDoe, TestDoekeses, Johndsds, dsdsDunn, JuliaDyas, JerryDyas, JimEight, PandaEisenman, Hansemanuela, emanuelaemanuela, emanuelaEnglish, MatteoF, TonyFeinstein, JackFernandi, Robertofff, fffFive, PandaFour, Pandafrancesco, francescoG, DeniseG, Gregg, JerryG, Matteo 1/1/1980Galbiati, MatteoGalbiati, MatteoGalbiati, MatteoGalbiati, MatteoGalbiati, Matteo(gmail test)Galbiati11-23, Matteo3-30Galbiati2, Matteo2Galbiato, Matteogallinari, IvoGentile, DeniseGentile, Denise Gentile, Denise gjgj, gghdjGreen, JoeGum, BirthdateShouldBe20000101Gum, BTest3Gum, GregGum, GregGum, GregGum, GregGum, GregGum, GregGum, Greg_0608Gum, Greg_2018-09-17Gum, Greg_triggerTestGum, Greg_TriggerTest2gum, Greg0608AGum, Greg0608CGum, Greg0609Gum, Greg2018-09-22Gum, GregoryGum, Test2BirthdayShouldBe20000101Gum11, Greg11Gum19, Greg19Gum22, Greg22Gum22, Greg22Gum234, Greg234Gum44, GregGum44, Greg44Gum46, Greg46Gum5, Greg5Gum5, Greg5Gum51, Greg51Gum55, Greg22Gum55, Greg55Gum55, Greg55Gum55, Greg55Gum55, Greg55Gum6, Greg6Gum66, Greg66Gum66, Greg66Gum77, Greg77Gum77A, Greg77AGum78, Greg78Gum8, Greg8gum87, Greg87Gum88, Greg88Gum99, Greg99Gum99, Greg99Gum999, Greg999hil, akIE, MatteoIl Terzo, matteoJ, DJk, AbcdJK, QA1JK, ShintoJK, ShintoJK, ShintoJK, ShintoJK, ShintoJK, ShintoJK, ShintoJK, ShintoJK, ShintoJK, ShintoJK, ShintoJK, ShintoJK, ShintoJK, ShintoJK, ShintoJK, ShintoJK, ShintoJK, ShintoJK, ShintoJK, ShintoJK, ShintoJK, ShintoJK, ShintoJK, ShintoJK, ShintoJK, ShintoJK, shintoJK, ShintoJK, ShintoJK, ShintoJK, ShintoJK, ShintoJK, ShintoJK, Shinto-test3JK, TesterJK-2018, ShintoJK-2020, ShintoJK-2020, ShintoJones, JoeJose, Ajanth TestJose, DennisKK, JKKK, JK_2018KK, ShintoKK, ShintoKK, ShintoKK, ShintoKringle, KrisLast Name, First NameLast Name, First NameLast Name, First NameLast Name, First NameLast Name, First NameLast Name, First NameLast Name, First NameLast Name, First NameLast Name, First NameLast Name, First NameLast Name, First NameLast Name, First NameLast Name, First NameLast Name, First NameLast Name, First NameLast Name, First NameLast Name, First NameLast Name, First NameLast Name, First Namelast name, namelast name, namelast name, namelast name, namelast name, namelast name, namelast name, namelast, akLast, TestLast, TestLast, TestLast, TestLast, TestLast, TestLast, TestLast, TestLast, TestLast, TestLast, TestLast, TestLast, TestLast, TestLast, TestLast, TestLast, TestLast, TestLast, Testlast111111ghg ghghghlghlglhlglhgll glhglhlghlglhlgl hglhglhlghl lglhglhlghlglhlghlglhlgh lghlghlglhglhlglhgl lghlglhglhlghlglhlghlgllhlluoiouiouoiouoi ujgjlhg;ljhlgkjghjghkljghjghkljhjhjj;lhjh;lj;lh;l, akhil_firstlizana, davidLName, TestingLoehwing, AspasiaLoehwing, AspasiaLoehwing, AspasiaMassa, LucaMcDonald, RenataMcdonald, RenataMcDonald, RenataMcDonald, RenataMdy, ShintoMichaelson, Mikemiriam, jessicaMobile12, MatteoMR, Ajumustaffa, annNcDonald, Renatanuvoli, francescaOggi, VerificoOne, Pandaone, shintoOsborn, AlisonOsborn, AlisonOsborn, AlisonOsborn, AlisonOsborn, AlisonOsborn2, AlisonOzborn, AlisonPaiwonski, LenaPaoletti, FerdinandoPark, AndrewPasina, MassimoPatacca, GiorgioPedini, FedericoPlayer, EdgeCsrContractTestPlayer, PaulPortal, TestPortal, TestProfile, MattProva, TestQA1, ShintoQA1, Testqqq, 13/8/18qqq, qqqqqq, qqqqqqq, qqqR, AjR, AjR, AjanthR, AjanthR, AjanthR, AjanthR, AjanthR, AjanthRabbit, PeterRigamonti, ClaudioRigamonti, NicolaRossi, Francorossi, valeScanferla, CristoforoScarfone, JoeScoduti , Ivanasdfgdfg, sdfgsdgsdg, sdgsdgsdgsdg, sdgsdgsdgsdg, sfgsdfgsdsd, sdssdsd, Test Ajanthsdsdfdf, sddfdfdssdsdfdf, sddfdfdssdsdfdf, sddfdfdssdsdfdf, sddfdfdssdsdfdf, sddfdfdssdsdfdf, sddfdfdssdsdfdf, sddfdfdssdsdfdf, sddfdfdssdsdfdf, sddfdfdssdsdfdf, sddfdfdssdsdfdf, sddfdfdssdsdfdf, sddfdfdssdsdfdf, sddfdfdssdsdfdf, sddfdfdsSeven, PandaSilvesti, DanieleSK, JKSmoke_test, ShintoSmoke2, ShintoSmoke3, shintoSmoke3, shintoSmoke-Test (US), ShintoSmoke-Test (US), ShintoSmoke-Test, ShintoSmoke-Test, ShintoSocio, Secondostick, evasudhan, akhilT, Jessica t, tT, TestAssociateT1000, ShintoT12, ShintoT2, ShintoT40, ShintoATA11, Shintote, TestTest Assosiate, Test AssosiateTest, AjanthTest, AjanthTest, AjanthTest, Ajanth TestTest, Ajath Test123Test, AjTestTest, DennisTest, First nameTest, First nameTest, First nameTest, First nameTest, First nameTest, First nameTest, First nameTest, QA1Test, SeleniumTest, Shintotest, ShintoTest, ShintoTest, ShintoTest, Shinto-QATest, SKtest, testTest, TestTest, TestTest, TestTest, TestTest, TestTest, TestTest, Testtest, TestTest, Vipintest, Vofoxtest1Test1, QATest1, TestTest123, AjanthTest13, matteoTest2, AjanthTest2, Test2Test-2019, ShintoTest-2019, ShintoTest-2019, ShintoTest-2019, ShintoTest-2019, ShintoTest-2019, ShintoTest-2019, ShintoTest-2019, ShintoTest-2019, ShintoTest-2019, ShintoTest-2019, ShintoTest-2019, ShintoTest-2019, ShintoTest-2019, ShintoTest-2019, ShintoTest-2019, ShintoTest-2019, ShintoTest-2019, ShintoTest-2019, ShintoTest-2019, ShintoTest-2019, ShintoTest-2019, ShintoTest-2019, ShintoTest-2020, ShintoTest2040, ShintoTest223, AjanthTest333, AjanthTest4, AjanthTest423, AjanthTest5, Ajanth5Test523, AjanthTest60, ShintoTest623, AjanthtestA, ShintoTestA1, ShintoTestA1, ShintoTest-Associate-V1, Test-Associate-V1Tester, JCTester, JeanTester, JoeTester10, JeanTester11, JeanTester12, JeanTester13, JeanTester14, JeanTester15, JeanTester15, JeanTester16, JeanTester17, JeanTester18, Jean Tester2, Jean Tester21, JeanTester22, JeanTester23, JeanTester24, JeanTester25, JeanTestInvite, TestInvitetestt, testtText Last Name, Text First NameText Last Name, Text First NameText Last Name, Text First NameText Last Name, Text First NameText Last Name, Text First NameText Last Name, Text First NameText Last Name, Text First NameText Last Name, Text First NameText Last Name, Text First NameText Last Name, Text First NameText Last Name, Text First NameText Last Name, Text First NameText Last Name, Text First NameText Last Name, Text First NameText Last Name, Text First NameText Last Name, Text First NameText Last Name, Text First NameText Last Name, Text First NameText Last Name, Text First NameText Last Name, Text First NameText Last Name, Text First NameText Last Name, Text First NameText Last Name, Text First NameText Last Name, Text First NameText Last Name, Text First NameText Last Name, Text First NameText Last Name, Text First NameText Last Name, Text First NameText Last Name, Text First NameText Last Name, Text First Nametg, tjthandassery, akhilThree, PandaTuratti, CristoforoTwo, PandaTwomey, TonyTwomey, Tonyv , dcv Vaixx, IdanVangelica, Dafnevbbbbb, aaaaavbn, bnbvnVersione13, MatteoVertemati, Giovannivhv, rtvnf, vandanavvxvc, pouokiWood, DustyXjx, Dhxdhytytyty, ytyt
          ')]' not found)
	at com.kms.katalon.core.keyword.internal.KeywordMain.stepFailed(KeywordMain.groovy:36)
	at com.kms.katalon.core.webui.keyword.internal.WebUIKeywordMain.stepFailed(WebUIKeywordMain.groovy:65)
	at com.kms.katalon.core.webui.keyword.internal.WebUIKeywordMain.runKeyword(WebUIKeywordMain.groovy:27)
	at com.kms.katalon.core.webui.keyword.builtin.SelectAllOptionKeyword.selectAllOption(SelectAllOptionKeyword.groovy:85)
	at com.kms.katalon.core.webui.keyword.builtin.SelectAllOptionKeyword.execute(SelectAllOptionKeyword.groovy:67)
	at com.kms.katalon.core.keyword.internal.KeywordExecutor.executeKeywordForPlatform(KeywordExecutor.groovy:53)
	at com.kms.katalon.core.webui.keyword.WebUiBuiltInKeywords.selectAllOption(WebUiBuiltInKeywords.groovy:1165)
	at com.kms.katalon.core.webui.keyword.WebUiBuiltInKeywords$selectAllOption$7.call(Unknown Source)
	at org.codehaus.groovy.runtime.callsite.CallSiteArray.defaultCall(CallSiteArray.java:48)
	at org.codehaus.groovy.runtime.callsite.AbstractCallSite.call(AbstractCallSite.java:113)
	at org.codehaus.groovy.runtime.callsite.AbstractCallSite.call(AbstractCallSite.java:125)
	at Script1540362215034.run(Script1540362215034.groovy:58)
	at com.kms.katalon.core.main.ScriptEngine.run(ScriptEngine.java:183)
	at com.kms.katalon.core.main.ScriptEngine.runScriptAsRawText(ScriptEngine.java:108)
	at com.kms.katalon.core.main.TestCaseExecutor.runScript(TestCaseExecutor.java:294)
	at com.kms.katalon.core.main.TestCaseExecutor.doExecute(TestCaseExecutor.java:285)
	at com.kms.katalon.core.main.TestCaseExecutor.processExecutionPhase(TestCaseExecutor.java:264)
	at com.kms.katalon.core.main.TestCaseExecutor.accessMainPhase(TestCaseExecutor.java:256)
	at com.kms.katalon.core.main.TestCaseExecutor.execute(TestCaseExecutor.java:200)
	at com.kms.katalon.core.main.TestSuiteExecutor.accessTestCaseMainPhase(TestSuiteExecutor.java:129)
	at com.kms.katalon.core.main.TestSuiteExecutor.accessTestSuiteMainPhase(TestSuiteExecutor.java:112)
	at com.kms.katalon.core.main.TestSuiteExecutor.execute(TestSuiteExecutor.java:81)
	at com.kms.katalon.core.main.TestCaseMain.startTestSuite(TestCaseMain.java:142)
	at com.kms.katalon.core.main.TestCaseMain$startTestSuite$0.call(Unknown Source)
	at org.codehaus.groovy.runtime.callsite.CallSiteArray.defaultCall(CallSiteArray.java:48)
	at org.codehaus.groovy.runtime.callsite.AbstractCallSite.call(AbstractCallSite.java:113)
	at org.codehaus.groovy.runtime.callsite.AbstractCallSite.call(AbstractCallSite.java:141)
	at TempTestSuite1542031977124.run(TempTestSuite1542031977124.groovy:36)
	at groovy.lang.GroovyShell.runScriptOrMainOrTestOrRunnable(GroovyShell.java:263)
	at groovy.lang.GroovyShell.run(GroovyShell.java:518)
	at groovy.lang.GroovyShell.run(GroovyShell.java:507)
	at groovy.ui.GroovyMain.processOnce(GroovyMain.java:653)
	at groovy.ui.GroovyMain.run(GroovyMain.java:384)
	at groovy.ui.GroovyMain.process(GroovyMain.java:370)
	at groovy.ui.GroovyMain.processArgs(GroovyMain.java:129)
	at groovy.ui.GroovyMain.main(GroovyMain.java:109)
	at sun.reflect.NativeMethodAccessorImpl.invoke0(Native Method)
	at sun.reflect.NativeMethodAccessorImpl.invoke(NativeMethodAccessorImpl.java:62)
	at sun.reflect.DelegatingMethodAccessorImpl.invoke(DelegatingMethodAccessorImpl.java:43)
	at java.lang.reflect.Method.invoke(Method.java:498)
	at org.codehaus.groovy.tools.GroovyStarter.rootLoader(GroovyStarter.java:109)
	at org.codehaus.groovy.tools.GroovyStarter.main(GroovyStarter.java:131)
)

2018-11-12 19:43:25 - [TEST_STEP][PASSED] - click: Object: 'Object Repository/My Downline/Page_Home  5-15/a_My Downline' is clicked on

2018-11-12 19:43:25 - [MESSAGE][PASSED] - Object: 'Object Repository/My Downline/Page_Home  5-15/a_My Downline' is clicked on

2018-11-12 19:43:25 - [TEST_STEP][PASSED] - verifyElementText: Actual text and expected text of test object 'Object Repository/My Downline/Page_My Downline  5-15/span_My Downline' are matched.

2018-11-12 19:43:25 - [MESSAGE][PASSED] - Actual text and expected text of test object 'Object Repository/My Downline/Page_My Downline  5-15/span_My Downline' are matched.

2018-11-12 19:43:25 - [TEST_STEP][PASSED] - verifyElementText: Actual text and expected text of test object 'Object Repository/My Downline/Page_My Downline  5-15/span_List View' are matched.

2018-11-12 19:43:25 - [MESSAGE][PASSED] - Actual text and expected text of test object 'Object Repository/My Downline/Page_My Downline  5-15/span_List View' are matched.

2018-11-12 19:43:25 - [TEST_STEP][PASSED] - verifyElementText: Actual text and expected text of test object 'Object Repository/My Downline/Page_My Downline  5-15/span_Summary' are matched.

2018-11-12 19:43:25 - [MESSAGE][PASSED] - Actual text and expected text of test object 'Object Repository/My Downline/Page_My Downline  5-15/span_Summary' are matched.

2018-11-12 19:43:25 - [TEST_STEP][PASSED] - verifyElementText: Actual text and expected text of test object 'Object Repository/My Downline/Page_My Downline  5-15/span_List View with Forced Mat' are matched.

2018-11-12 19:43:25 - [MESSAGE][PASSED] - Actual text and expected text of test object 'Object Repository/My Downline/Page_My Downline  5-15/span_List View with Forced Mat' are matched.

2018-11-12 19:43:25 - [TEST_STEP][PASSED] - verifyElementText: Actual text and expected text of test object 'Object Repository/My Downline/Page_My Downline  5-15/span_Tree View with Forced Mat' are matched.

2018-11-12 19:43:25 - [MESSAGE][PASSED] - Actual text and expected text of test object 'Object Repository/My Downline/Page_My Downline  5-15/span_Tree View with Forced Mat' are matched.

2018-11-12 19:43:25 - [TEST_STEP][PASSED] - verifyElementText: Actual text and expected text of test object 'Object Repository/My Downline/Page_My Downline  5-15/button_Update Matrix' are matched.

2018-11-12 19:43:25 - [MESSAGE][PASSED] - Actual text and expected text of test object 'Object Repository/My Downline/Page_My Downline  5-15/button_Update Matrix' are matched.

2018-11-12 19:43:25 - [TEST_STEP][PASSED] - verifyElementText: Actual text and expected text of test object 'Object Repository/My Downline/Page_My Downline  5-15/span_Tree View' are matched.

2018-11-12 19:43:25 - [MESSAGE][PASSED] - Actual text and expected text of test object 'Object Repository/My Downline/Page_My Downline  5-15/span_Tree View' are matched.

2018-11-12 19:43:25 - [TEST_STEP][PASSED] - verifyElementText: Actual text and expected text of test object 'Object Repository/My Downline/Page_My Downline  5-15/h3_Tree View' are matched.

2018-11-12 19:43:25 - [MESSAGE][PASSED] - Actual text and expected text of test object 'Object Repository/My Downline/Page_My Downline  5-15/h3_Tree View' are matched.

2018-11-12 19:43:25 - [TEST_STEP][PASSED] - click: Object: 'Object Repository/My Downline/Page_My Downline  5-15/div_JK_e-hhandle e-box e-pinch' is clicked on

2018-11-12 19:43:26 - [MESSAGE][PASSED] - Object: 'Object Repository/My Downline/Page_My Downline  5-15/div_JK_e-hhandle e-box e-pinch' is clicked on

2018-11-12 19:43:26 - [TEST_STEP][PASSED] - click: Object: 'Object Repository/My Downline/Page_My Downline  5-15/div_JK_e-hdown e-chevron-down_' is clicked on

2018-11-12 19:43:26 - [MESSAGE][PASSED] - Object: 'Object Repository/My Downline/Page_My Downline  5-15/div_JK_e-hdown e-chevron-down_' is clicked on

2018-11-12 19:43:26 - [TEST_STEP][PASSED] - click: Object: 'Object Repository/My Downline/Page_My Downline  5-15/div_JK_e-hup e-chevron-up_01 e' is clicked on

2018-11-12 19:43:26 - [MESSAGE][PASSED] - Object: 'Object Repository/My Downline/Page_My Downline  5-15/div_JK_e-hup e-chevron-up_01 e' is clicked on

2018-11-12 19:43:26 - [TEST_STEP][PASSED] - click: Object: 'Object Repository/My Downline/Page_My Downline  5-15/div_JK_e-hhandle e-box e-pinch' is clicked on

2018-11-12 19:43:40 - [MESSAGE][PASSED] - Object: 'Object Repository/My Downline/Page_My Downline  5-15/div_JK_e-hhandle e-box e-pinch' is clicked on

2018-11-12 19:43:40 - [TEST_STEP][PASSED] - click: Object: 'Object Repository/My Downline/Page_My Downline  5-15/i_Update Matrix_fa fa-search-p' is clicked on

2018-11-12 19:43:40 - [MESSAGE][PASSED] - Object: 'Object Repository/My Downline/Page_My Downline  5-15/i_Update Matrix_fa fa-search-p' is clicked on

2018-11-12 19:43:40 - [TEST_STEP][PASSED] - click: Object: 'Object Repository/My Downline/Page_My Downline  5-15/i_Update Matrix_fa fa-search-m' is clicked on

2018-11-12 19:43:40 - [MESSAGE][PASSED] - Object: 'Object Repository/My Downline/Page_My Downline  5-15/i_Update Matrix_fa fa-search-m' is clicked on

2018-11-12 19:43:40 - [TEST_STEP][PASSED] - scrollToPosition: Browser is scrolled to position x = 5, y = 5

2018-11-12 19:43:40 - [MESSAGE][PASSED] - Browser is scrolled to position x = 5, y = 5

2018-11-12 19:43:40 - [TEST_STEP][PASSED] - verifyElementText: Actual text and expected text of test object 'Object Repository/My Downline/Page_My Downline  5-15/label_End Level' are matched.

2018-11-12 19:43:40 - [MESSAGE][PASSED] - Actual text and expected text of test object 'Object Repository/My Downline/Page_My Downline  5-15/label_End Level' are matched.

2018-11-12 19:43:40 - [TEST_STEP][PASSED] - verifyElementText: Actual text and expected text of test object 'Object Repository/My Downline/Page_My Downline  5-15/label_Sponsor' are matched.

2018-11-12 19:43:41 - [MESSAGE][PASSED] - Actual text and expected text of test object 'Object Repository/My Downline/Page_My Downline  5-15/label_Sponsor' are matched.

2018-11-12 19:43:41 - [TEST_STEP][PASSED] - selectAllOption: All options are selected on object 'Object Repository/My Downline/Page_My Downline  5-15/select_Level 0            Leve'

2018-11-12 19:59:55 - [MESSAGE][PASSED] - All options are selected on object 'Object Repository/My Downline/Page_My Downline  5-15/select_Level 0            Leve'

2018-11-12 19:59:55 - [TEST_STEP][PASSED] - selectOptionByValue: All options with value '4' are selected in object 'Object Repository/My Downline/Page_My Downline  5-15/Tree view End Level'  using regular expression

2018-11-12 19:59:56 - [MESSAGE][PASSED] - All options with value '4' are selected in object 'Object Repository/My Downline/Page_My Downline  5-15/Tree view End Level'  using regular expression

2018-11-12 19:59:56 - [TEST_STEP][FAILED] - selectAllOption: Unable to select all options on object 'Object Repository/My Downline/Page_My Downline  5-15/select_Select Sponsor' (Root cause: com.kms.katalon.core.webui.exception.WebElementNotFoundException: Web element with id: 'Object Repository/My Downline/Page_My Downline  5-15/select_Select Sponsor' located by 'By.xpath: //select[(text() = '
            Select Sponsor
             17, test Text Last Name,  Text First Name@@4434345@@@@@@@, pers11, Test111111, 111111212, 1211212, 12121212, 2121221, 212112345, Shinto12345, Shinto15, test18, test20, test200, 100200, Acc1002000, 100020000, 100020000, 1000020180725, Greg2020, Shinto2025, Shinto212, shinto212121, 212121222222, 33333323232, 323233, 231, test32323, 33232332, Test4434, 4521444, 444450, test51, testA, TestA1, ShintoAB, ShintoAB, ShintoAbc, testAbino, AntonioAgnese, IvanoAjanth, TestAjTest, TestAjAnalogo, MatteoArzuffi, Fabioasdas, sdasdAsf, 1000asg, asfAssociate, DuplicateAssociate, Test Badaduchi, JoeyBalbusso, GiacomoBalduzzi, GiacomoBandini, Georgebar, idanBar, Idanbar, idanBar, Idanbar, idanbar, idanBelotti, LuigiBeluschi, MarcoBenedetti, MarcelloBertolazza, GiuseppeBianchi, BiancaBing, Bella Blow, Joe Blow, JoeBlow, JoeBobev, Bobiboy, ya Bressani, FlaviaBrightly, AlanCarnevale, DaniloChalupsky, PaulChelin5, Jean5Cherchi, Stefanoclegane, aidaConti, CarloContractSignTest, EdgeCrickets, JiminyDamiani, ViolaDaniels, DanDat, TestData, TestDatabase, TestDDD, DDDDee, AlisonDeMotts, RobDeMotts, Rob2Demotts2, Rob2DeMotts3, Robertdennis test, dennis testDennis Test, Dennis TestDennis test2, Dennis test2dennis, dennisdh, dgfDias, Jose diaz, jddiff, akhilDoakes, JoeDoe, JohnDoe, JohnDoe, JohnDoe, JohnDoe, JohnDoe, JohnDoe, Johndoe, JohnDoe, JohnDoe, JohnDoe, JohnDoe, JohnDoe, JohnDoe, John Doe, John Doe, JohnDoe, JohnDoe, JohnDoe, JohnDoe, JohnDoe, JohnDoe, JohnDoe, JohnDoe, JuliaDoe, LeslieDoe, TestDoekeses, Johndsds, dsdsDunn, JuliaDyas, JerryDyas, JimEight, PandaEisenman, Hansemanuela, emanuelaemanuela, emanuelaEnglish, MatteoF, TonyFeinstein, JackFernandi, Robertofff, fffFive, PandaFour, Pandafrancesco, francescoG, DeniseG, Gregg, JerryG, Matteo 1/1/1980Galbiati, MatteoGalbiati, MatteoGalbiati, MatteoGalbiati, MatteoGalbiati, Matteo(gmail test)Galbiati11-23, Matteo3-30Galbiati2, Matteo2Galbiato, Matteogallinari, IvoGentile, DeniseGentile, Denise Gentile, Denise gjgj, gghdjGreen, JoeGum, BirthdateShouldBe20000101Gum, BTest3Gum, GregGum, GregGum, GregGum, GregGum, GregGum, GregGum, Greg_0608Gum, Greg_2018-09-17Gum, Greg_triggerTestGum, Greg_TriggerTest2gum, Greg0608AGum, Greg0608CGum, Greg0609Gum, Greg2018-09-22Gum, GregoryGum, Test2BirthdayShouldBe20000101Gum11, Greg11Gum19, Greg19Gum22, Greg22Gum22, Greg22Gum234, Greg234Gum44, GregGum44, Greg44Gum46, Greg46Gum5, Greg5Gum5, Greg5Gum51, Greg51Gum55, Greg22Gum55, Greg55Gum55, Greg55Gum55, Greg55Gum55, Greg55Gum6, Greg6Gum66, Greg66Gum66, Greg66Gum77, Greg77Gum77A, Greg77AGum78, Greg78Gum8, Greg8gum87, Greg87Gum88, Greg88Gum99, Greg99Gum99, Greg99Gum999, Greg999hil, akIE, MatteoIl Terzo, matteoJ, DJk, AbcdJK, QA1JK, ShintoJK, ShintoJK, ShintoJK, ShintoJK, ShintoJK, ShintoJK, ShintoJK, ShintoJK, ShintoJK, ShintoJK, ShintoJK, ShintoJK, ShintoJK, ShintoJK, ShintoJK, ShintoJK, ShintoJK, ShintoJK, ShintoJK, ShintoJK, ShintoJK, ShintoJK, ShintoJK, ShintoJK, ShintoJK, ShintoJK, shintoJK, ShintoJK, ShintoJK, ShintoJK, ShintoJK, ShintoJK, ShintoJK, Shinto-test3JK, TesterJK-2018, ShintoJK-2020, ShintoJK-2020, ShintoJones, JoeJose, Ajanth TestJose, DennisKK, JKKK, JK_2018KK, ShintoKK, ShintoKK, ShintoKK, ShintoKringle, KrisLast Name, First NameLast Name, First NameLast Name, First NameLast Name, First NameLast Name, First NameLast Name, First NameLast Name, First NameLast Name, First NameLast Name, First NameLast Name, First NameLast Name, First NameLast Name, First NameLast Name, First NameLast Name, First NameLast Name, First NameLast Name, First NameLast Name, First NameLast Name, First NameLast Name, First Namelast name, namelast name, namelast name, namelast name, namelast name, namelast name, namelast name, namelast, akLast, TestLast, TestLast, TestLast, TestLast, TestLast, TestLast, TestLast, TestLast, TestLast, TestLast, TestLast, TestLast, TestLast, TestLast, TestLast, TestLast, TestLast, TestLast, Testlast111111ghg ghghghlghlglhlglhgll glhglhlghlglhlgl hglhglhlghl lglhglhlghlglhlghlglhlgh lghlghlglhglhlglhgl lghlglhglhlghlglhlghlgllhlluoiouiouoiouoi ujgjlhg;ljhlgkjghjghkljghjghkljhjhjj;lhjh;lj;lh;l, akhil_firstlizana, davidLName, TestingLoehwing, AspasiaLoehwing, AspasiaLoehwing, AspasiaMassa, LucaMcDonald, RenataMcdonald, RenataMcDonald, RenataMcDonald, RenataMdy, ShintoMichaelson, Mikemiriam, jessicaMobile12, MatteoMR, Ajumustaffa, annNcDonald, Renatanuvoli, francescaOggi, VerificoOne, Pandaone, shintoOsborn, AlisonOsborn, AlisonOsborn, AlisonOsborn, AlisonOsborn, AlisonOsborn2, AlisonOzborn, AlisonPaiwonski, LenaPaoletti, FerdinandoPark, AndrewPasina, MassimoPatacca, GiorgioPedini, FedericoPlayer, EdgeCsrContractTestPlayer, PaulPortal, TestPortal, TestProfile, MattProva, TestQA1, ShintoQA1, Testqqq, 13/8/18qqq, qqqqqq, qqqqqqq, qqqR, AjR, AjR, AjanthR, AjanthR, AjanthR, AjanthR, AjanthR, AjanthRabbit, PeterRigamonti, ClaudioRigamonti, NicolaRossi, Francorossi, valeScanferla, CristoforoScarfone, JoeScoduti , Ivanasdfgdfg, sdfgsdgsdg, sdgsdgsdgsdg, sdgsdgsdgsdg, sfgsdfgsdsd, sdssdsd, Test Ajanthsdsdfdf, sddfdfdssdsdfdf, sddfdfdssdsdfdf, sddfdfdssdsdfdf, sddfdfdssdsdfdf, sddfdfdssdsdfdf, sddfdfdssdsdfdf, sddfdfdssdsdfdf, sddfdfdssdsdfdf, sddfdfdssdsdfdf, sddfdfdssdsdfdf, sddfdfdssdsdfdf, sddfdfdssdsdfdf, sddfdfdssdsdfdf, sddfdfdsSeven, PandaSilvesti, DanieleSK, JKSmoke_test, ShintoSmoke2, ShintoSmoke3, shintoSmoke3, shintoSmoke-Test (US), ShintoSmoke-Test (US), ShintoSmoke-Test, ShintoSmoke-Test, ShintoSocio, Secondostick, evasudhan, akhilT, Jessica t, tT, TestAssociateT1000, ShintoT12, ShintoT2, ShintoT40, ShintoATA11, Shintote, TestTest Assosiate, Test AssosiateTest, AjanthTest, AjanthTest, AjanthTest, Ajanth TestTest, Ajath Test123Test, AjTestTest, DennisTest, First nameTest, First nameTest, First nameTest, First nameTest, First nameTest, First nameTest, First nameTest, QA1Test, SeleniumTest, Shintotest, ShintoTest, ShintoTest, ShintoTest, Shinto-QATest, SKtest, testTest, TestTest, TestTest, TestTest, TestTest, TestTest, TestTest, Testtest, TestTest, Vipintest, Vofoxtest1Test1, QATest1, TestTest123, AjanthTest13, matteoTest2, AjanthTest2, Test2Test-2019, ShintoTest-2019, ShintoTest-2019, ShintoTest-2019, ShintoTest-2019, ShintoTest-2019, ShintoTest-2019, ShintoTest-2019, ShintoTest-2019, ShintoTest-2019, ShintoTest-2019, ShintoTest-2019, ShintoTest-2019, ShintoTest-2019, ShintoTest-2019, ShintoTest-2019, ShintoTest-2019, ShintoTest-2019, ShintoTest-2019, ShintoTest-2019, ShintoTest-2019, ShintoTest-2019, ShintoTest-2019, ShintoTest-2020, ShintoTest2040, ShintoTest223, AjanthTest333, AjanthTest4, AjanthTest423, AjanthTest5, Ajanth5Test523, AjanthTest60, ShintoTest623, AjanthtestA, ShintoTestA1, ShintoTestA1, ShintoTest-Associate-V1, Test-Associate-V1Tester, JCTester, JeanTester, JoeTester10, JeanTester11, JeanTester12, JeanTester13, JeanTester14, JeanTester15, JeanTester15, JeanTester16, JeanTester17, JeanTester18, Jean Tester2, Jean Tester21, JeanTester22, JeanTester23, JeanTester24, JeanTester25, JeanTestInvite, TestInvitetestt, testtText Last Name, Text First NameText Last Name, Text First NameText Last Name, Text First NameText Last Name, Text First NameText Last Name, Text First NameText Last Name, Text First NameText Last Name, Text First NameText Last Name, Text First NameText Last Name, Text First NameText Last Name, Text First NameText Last Name, Text First NameText Last Name, Text First NameText Last Name, Text First NameText Last Name, Text First NameText Last Name, Text First NameText Last Name, Text First NameText Last Name, Text First NameText Last Name, Text First NameText Last Name, Text First NameText Last Name, Text First NameText Last Name, Text First NameText Last Name, Text First NameText Last Name, Text First NameText Last Name, Text First NameText Last Name, Text First NameText Last Name, Text First NameText Last Name, Text First NameText Last Name, Text First NameText Last Name, Text First NameText Last Name, Text First Nametg, tjthandassery, akhilThree, PandaTuratti, CristoforoTwo, PandaTwomey, TonyTwomey, Tonyv , dcv Vaixx, IdanVangelica, Dafnevbbbbb, aaaaavbn, bnbvnVersione13, MatteoVertemati, Giovannivhv, rtvnf, vandanavvxvc, pouokiWood, DustyXjx, Dhxdhytytyty, ytyt
          ' or . = '
            Select Sponsor
             17, test Text Last Name,  Text First Name@@4434345@@@@@@@, pers11, Test111111, 111111212, 1211212, 12121212, 2121221, 212112345, Shinto12345, Shinto15, test18, test20, test200, 100200, Acc1002000, 100020000, 100020000, 1000020180725, Greg2020, Shinto2025, Shinto212, shinto212121, 212121222222, 33333323232, 323233, 231, test32323, 33232332, Test4434, 4521444, 444450, test51, testA, TestA1, ShintoAB, ShintoAB, ShintoAbc, testAbino, AntonioAgnese, IvanoAjanth, TestAjTest, TestAjAnalogo, MatteoArzuffi, Fabioasdas, sdasdAsf, 1000asg, asfAssociate, DuplicateAssociate, Test Badaduchi, JoeyBalbusso, GiacomoBalduzzi, GiacomoBandini, Georgebar, idanBar, Idanbar, idanBar, Idanbar, idanbar, idanBelotti, LuigiBeluschi, MarcoBenedetti, MarcelloBertolazza, GiuseppeBianchi, BiancaBing, Bella Blow, Joe Blow, JoeBlow, JoeBobev, Bobiboy, ya Bressani, FlaviaBrightly, AlanCarnevale, DaniloChalupsky, PaulChelin5, Jean5Cherchi, Stefanoclegane, aidaConti, CarloContractSignTest, EdgeCrickets, JiminyDamiani, ViolaDaniels, DanDat, TestData, TestDatabase, TestDDD, DDDDee, AlisonDeMotts, RobDeMotts, Rob2Demotts2, Rob2DeMotts3, Robertdennis test, dennis testDennis Test, Dennis TestDennis test2, Dennis test2dennis, dennisdh, dgfDias, Jose diaz, jddiff, akhilDoakes, JoeDoe, JohnDoe, JohnDoe, JohnDoe, JohnDoe, JohnDoe, JohnDoe, Johndoe, JohnDoe, JohnDoe, JohnDoe, JohnDoe, JohnDoe, JohnDoe, John Doe, John Doe, JohnDoe, JohnDoe, JohnDoe, JohnDoe, JohnDoe, JohnDoe, JohnDoe, JohnDoe, JuliaDoe, LeslieDoe, TestDoekeses, Johndsds, dsdsDunn, JuliaDyas, JerryDyas, JimEight, PandaEisenman, Hansemanuela, emanuelaemanuela, emanuelaEnglish, MatteoF, TonyFeinstein, JackFernandi, Robertofff, fffFive, PandaFour, Pandafrancesco, francescoG, DeniseG, Gregg, JerryG, Matteo 1/1/1980Galbiati, MatteoGalbiati, MatteoGalbiati, MatteoGalbiati, MatteoGalbiati, Matteo(gmail test)Galbiati11-23, Matteo3-30Galbiati2, Matteo2Galbiato, Matteogallinari, IvoGentile, DeniseGentile, Denise Gentile, Denise gjgj, gghdjGreen, JoeGum, BirthdateShouldBe20000101Gum, BTest3Gum, GregGum, GregGum, GregGum, GregGum, GregGum, GregGum, Greg_0608Gum, Greg_2018-09-17Gum, Greg_triggerTestGum, Greg_TriggerTest2gum, Greg0608AGum, Greg0608CGum, Greg0609Gum, Greg2018-09-22Gum, GregoryGum, Test2BirthdayShouldBe20000101Gum11, Greg11Gum19, Greg19Gum22, Greg22Gum22, Greg22Gum234, Greg234Gum44, GregGum44, Greg44Gum46, Greg46Gum5, Greg5Gum5, Greg5Gum51, Greg51Gum55, Greg22Gum55, Greg55Gum55, Greg55Gum55, Greg55Gum55, Greg55Gum6, Greg6Gum66, Greg66Gum66, Greg66Gum77, Greg77Gum77A, Greg77AGum78, Greg78Gum8, Greg8gum87, Greg87Gum88, Greg88Gum99, Greg99Gum99, Greg99Gum999, Greg999hil, akIE, MatteoIl Terzo, matteoJ, DJk, AbcdJK, QA1JK, ShintoJK, ShintoJK, ShintoJK, ShintoJK, ShintoJK, ShintoJK, ShintoJK, ShintoJK, ShintoJK, ShintoJK, ShintoJK, ShintoJK, ShintoJK, ShintoJK, ShintoJK, ShintoJK, ShintoJK, ShintoJK, ShintoJK, ShintoJK, ShintoJK, ShintoJK, ShintoJK, ShintoJK, ShintoJK, ShintoJK, shintoJK, ShintoJK, ShintoJK, ShintoJK, ShintoJK, ShintoJK, ShintoJK, Shinto-test3JK, TesterJK-2018, ShintoJK-2020, ShintoJK-2020, ShintoJones, JoeJose, Ajanth TestJose, DennisKK, JKKK, JK_2018KK, ShintoKK, ShintoKK, ShintoKK, ShintoKringle, KrisLast Name, First NameLast Name, First NameLast Name, First NameLast Name, First NameLast Name, First NameLast Name, First NameLast Name, First NameLast Name, First NameLast Name, First NameLast Name, First NameLast Name, First NameLast Name, First NameLast Name, First NameLast Name, First NameLast Name, First NameLast Name, First NameLast Name, First NameLast Name, First NameLast Name, First Namelast name, namelast name, namelast name, namelast name, namelast name, namelast name, namelast name, namelast, akLast, TestLast, TestLast, TestLast, TestLast, TestLast, TestLast, TestLast, TestLast, TestLast, TestLast, TestLast, TestLast, TestLast, TestLast, TestLast, TestLast, TestLast, TestLast, Testlast111111ghg ghghghlghlglhlglhgll glhglhlghlglhlgl hglhglhlghl lglhglhlghlglhlghlglhlgh lghlghlglhglhlglhgl lghlglhglhlghlglhlghlgllhlluoiouiouoiouoi ujgjlhg;ljhlgkjghjghkljghjghkljhjhjj;lhjh;lj;lh;l, akhil_firstlizana, davidLName, TestingLoehwing, AspasiaLoehwing, AspasiaLoehwing, AspasiaMassa, LucaMcDonald, RenataMcdonald, RenataMcDonald, RenataMcDonald, RenataMdy, ShintoMichaelson, Mikemiriam, jessicaMobile12, MatteoMR, Ajumustaffa, annNcDonald, Renatanuvoli, francescaOggi, VerificoOne, Pandaone, shintoOsborn, AlisonOsborn, AlisonOsborn, AlisonOsborn, AlisonOsborn, AlisonOsborn2, AlisonOzborn, AlisonPaiwonski, LenaPaoletti, FerdinandoPark, AndrewPasina, MassimoPatacca, GiorgioPedini, FedericoPlayer, EdgeCsrContractTestPlayer, PaulPortal, TestPortal, TestProfile, MattProva, TestQA1, ShintoQA1, Testqqq, 13/8/18qqq, qqqqqq, qqqqqqq, qqqR, AjR, AjR, AjanthR, AjanthR, AjanthR, AjanthR, AjanthR, AjanthRabbit, PeterRigamonti, ClaudioRigamonti, NicolaRossi, Francorossi, valeScanferla, CristoforoScarfone, JoeScoduti , Ivanasdfgdfg, sdfgsdgsdg, sdgsdgsdgsdg, sdgsdgsdgsdg, sfgsdfgsdsd, sdssdsd, Test Ajanthsdsdfdf, sddfdfdssdsdfdf, sddfdfdssdsdfdf, sddfdfdssdsdfdf, sddfdfdssdsdfdf, sddfdfdssdsdfdf, sddfdfdssdsdfdf, sddfdfdssdsdfdf, sddfdfdssdsdfdf, sddfdfdssdsdfdf, sddfdfdssdsdfdf, sddfdfdssdsdfdf, sddfdfdssdsdfdf, sddfdfdssdsdfdf, sddfdfdsSeven, PandaSilvesti, DanieleSK, JKSmoke_test, ShintoSmoke2, ShintoSmoke3, shintoSmoke3, shintoSmoke-Test (US), ShintoSmoke-Test (US), ShintoSmoke-Test, ShintoSmoke-Test, ShintoSocio, Secondostick, evasudhan, akhilT, Jessica t, tT, TestAssociateT1000, ShintoT12, ShintoT2, ShintoT40, ShintoATA11, Shintote, TestTest Assosiate, Test AssosiateTest, AjanthTest, AjanthTest, AjanthTest, Ajanth TestTest, Ajath Test123Test, AjTestTest, DennisTest, First nameTest, First nameTest, First nameTest, First nameTest, First nameTest, First nameTest, First nameTest, QA1Test, SeleniumTest, Shintotest, ShintoTest, ShintoTest, ShintoTest, Shinto-QATest, SKtest, testTest, TestTest, TestTest, TestTest, TestTest, TestTest, TestTest, Testtest, TestTest, Vipintest, Vofoxtest1Test1, QATest1, TestTest123, AjanthTest13, matteoTest2, AjanthTest2, Test2Test-2019, ShintoTest-2019, ShintoTest-2019, ShintoTest-2019, ShintoTest-2019, ShintoTest-2019, ShintoTest-2019, ShintoTest-2019, ShintoTest-2019, ShintoTest-2019, ShintoTest-2019, ShintoTest-2019, ShintoTest-2019, ShintoTest-2019, ShintoTest-2019, ShintoTest-2019, ShintoTest-2019, ShintoTest-2019, ShintoTest-2019, ShintoTest-2019, ShintoTest-2019, ShintoTest-2019, ShintoTest-2019, ShintoTest-2020, ShintoTest2040, ShintoTest223, AjanthTest333, AjanthTest4, AjanthTest423, AjanthTest5, Ajanth5Test523, AjanthTest60, ShintoTest623, AjanthtestA, ShintoTestA1, ShintoTestA1, ShintoTest-Associate-V1, Test-Associate-V1Tester, JCTester, JeanTester, JoeTester10, JeanTester11, JeanTester12, JeanTester13, JeanTester14, JeanTester15, JeanTester15, JeanTester16, JeanTester17, JeanTester18, Jean Tester2, Jean Tester21, JeanTester22, JeanTester23, JeanTester24, JeanTester25, JeanTestInvite, TestInvitetestt, testtText Last Name, Text First NameText Last Name, Text First NameText Last Name, Text First NameText Last Name, Text First NameText Last Name, Text First NameText Last Name, Text First NameText Last Name, Text First NameText Last Name, Text First NameText Last Name, Text First NameText Last Name, Text First NameText Last Name, Text First NameText Last Name, Text First NameText Last Name, Text First NameText Last Name, Text First NameText Last Name, Text First NameText Last Name, Text First NameText Last Name, Text First NameText Last Name, Text First NameText Last Name, Text First NameText Last Name, Text First NameText Last Name, Text First NameText Last Name, Text First NameText Last Name, Text First NameText Last Name, Text First NameText Last Name, Text First NameText Last Name, Text First NameText Last Name, Text First NameText Last Name, Text First NameText Last Name, Text First NameText Last Name, Text First Nametg, tjthandassery, akhilThree, PandaTuratti, CristoforoTwo, PandaTwomey, TonyTwomey, Tonyv , dcv Vaixx, IdanVangelica, Dafnevbbbbb, aaaaavbn, bnbvnVersione13, MatteoVertemati, Giovannivhv, rtvnf, vandanavvxvc, pouokiWood, DustyXjx, Dhxdhytytyty, ytyt
          ')]' not found)

2018-11-12 20:00:28 - [MESSAGE][FAILED] - Unable to select all options on object 'Object Repository/My Downline/Page_My Downline  5-15/select_Select Sponsor' (Root cause: com.kms.katalon.core.webui.exception.WebElementNotFoundException: Web element with id: 'Object Repository/My Downline/Page_My Downline  5-15/select_Select Sponsor' located by 'By.xpath: //select[(text() = '
            Select Sponsor
             17, test Text Last Name,  Text First Name@@4434345@@@@@@@, pers11, Test111111, 111111212, 1211212, 12121212, 2121221, 212112345, Shinto12345, Shinto15, test18, test20, test200, 100200, Acc1002000, 100020000, 100020000, 1000020180725, Greg2020, Shinto2025, Shinto212, shinto212121, 212121222222, 33333323232, 323233, 231, test32323, 33232332, Test4434, 4521444, 444450, test51, testA, TestA1, ShintoAB, ShintoAB, ShintoAbc, testAbino, AntonioAgnese, IvanoAjanth, TestAjTest, TestAjAnalogo, MatteoArzuffi, Fabioasdas, sdasdAsf, 1000asg, asfAssociate, DuplicateAssociate, Test Badaduchi, JoeyBalbusso, GiacomoBalduzzi, GiacomoBandini, Georgebar, idanBar, Idanbar, idanBar, Idanbar, idanbar, idanBelotti, LuigiBeluschi, MarcoBenedetti, MarcelloBertolazza, GiuseppeBianchi, BiancaBing, Bella Blow, Joe Blow, JoeBlow, JoeBobev, Bobiboy, ya Bressani, FlaviaBrightly, AlanCarnevale, DaniloChalupsky, PaulChelin5, Jean5Cherchi, Stefanoclegane, aidaConti, CarloContractSignTest, EdgeCrickets, JiminyDamiani, ViolaDaniels, DanDat, TestData, TestDatabase, TestDDD, DDDDee, AlisonDeMotts, RobDeMotts, Rob2Demotts2, Rob2DeMotts3, Robertdennis test, dennis testDennis Test, Dennis TestDennis test2, Dennis test2dennis, dennisdh, dgfDias, Jose diaz, jddiff, akhilDoakes, JoeDoe, JohnDoe, JohnDoe, JohnDoe, JohnDoe, JohnDoe, JohnDoe, Johndoe, JohnDoe, JohnDoe, JohnDoe, JohnDoe, JohnDoe, JohnDoe, John Doe, John Doe, JohnDoe, JohnDoe, JohnDoe, JohnDoe, JohnDoe, JohnDoe, JohnDoe, JohnDoe, JuliaDoe, LeslieDoe, TestDoekeses, Johndsds, dsdsDunn, JuliaDyas, JerryDyas, JimEight, PandaEisenman, Hansemanuela, emanuelaemanuela, emanuelaEnglish, MatteoF, TonyFeinstein, JackFernandi, Robertofff, fffFive, PandaFour, Pandafrancesco, francescoG, DeniseG, Gregg, JerryG, Matteo 1/1/1980Galbiati, MatteoGalbiati, MatteoGalbiati, MatteoGalbiati, MatteoGalbiati, Matteo(gmail test)Galbiati11-23, Matteo3-30Galbiati2, Matteo2Galbiato, Matteogallinari, IvoGentile, DeniseGentile, Denise Gentile, Denise gjgj, gghdjGreen, JoeGum, BirthdateShouldBe20000101Gum, BTest3Gum, GregGum, GregGum, GregGum, GregGum, GregGum, GregGum, Greg_0608Gum, Greg_2018-09-17Gum, Greg_triggerTestGum, Greg_TriggerTest2gum, Greg0608AGum, Greg0608CGum, Greg0609Gum, Greg2018-09-22Gum, GregoryGum, Test2BirthdayShouldBe20000101Gum11, Greg11Gum19, Greg19Gum22, Greg22Gum22, Greg22Gum234, Greg234Gum44, GregGum44, Greg44Gum46, Greg46Gum5, Greg5Gum5, Greg5Gum51, Greg51Gum55, Greg22Gum55, Greg55Gum55, Greg55Gum55, Greg55Gum55, Greg55Gum6, Greg6Gum66, Greg66Gum66, Greg66Gum77, Greg77Gum77A, Greg77AGum78, Greg78Gum8, Greg8gum87, Greg87Gum88, Greg88Gum99, Greg99Gum99, Greg99Gum999, Greg999hil, akIE, MatteoIl Terzo, matteoJ, DJk, AbcdJK, QA1JK, ShintoJK, ShintoJK, ShintoJK, ShintoJK, ShintoJK, ShintoJK, ShintoJK, ShintoJK, ShintoJK, ShintoJK, ShintoJK, ShintoJK, ShintoJK, ShintoJK, ShintoJK, ShintoJK, ShintoJK, ShintoJK, ShintoJK, ShintoJK, ShintoJK, ShintoJK, ShintoJK, ShintoJK, ShintoJK, ShintoJK, shintoJK, ShintoJK, ShintoJK, ShintoJK, ShintoJK, ShintoJK, ShintoJK, Shinto-test3JK, TesterJK-2018, ShintoJK-2020, ShintoJK-2020, ShintoJones, JoeJose, Ajanth TestJose, DennisKK, JKKK, JK_2018KK, ShintoKK, ShintoKK, ShintoKK, ShintoKringle, KrisLast Name, First NameLast Name, First NameLast Name, First NameLast Name, First NameLast Name, First NameLast Name, First NameLast Name, First NameLast Name, First NameLast Name, First NameLast Name, First NameLast Name, First NameLast Name, First NameLast Name, First NameLast Name, First NameLast Name, First NameLast Name, First NameLast Name, First NameLast Name, First NameLast Name, First Namelast name, namelast name, namelast name, namelast name, namelast name, namelast name, namelast name, namelast, akLast, TestLast, TestLast, TestLast, TestLast, TestLast, TestLast, TestLast, TestLast, TestLast, TestLast, TestLast, TestLast, TestLast, TestLast, TestLast, TestLast, TestLast, TestLast, Testlast111111ghg ghghghlghlglhlglhgll glhglhlghlglhlgl hglhglhlghl lglhglhlghlglhlghlglhlgh lghlghlglhglhlglhgl lghlglhglhlghlglhlghlgllhlluoiouiouoiouoi ujgjlhg;ljhlgkjghjghkljghjghkljhjhjj;lhjh;lj;lh;l, akhil_firstlizana, davidLName, TestingLoehwing, AspasiaLoehwing, AspasiaLoehwing, AspasiaMassa, LucaMcDonald, RenataMcdonald, RenataMcDonald, RenataMcDonald, RenataMdy, ShintoMichaelson, Mikemiriam, jessicaMobile12, MatteoMR, Ajumustaffa, annNcDonald, Renatanuvoli, francescaOggi, VerificoOne, Pandaone, shintoOsborn, AlisonOsborn, AlisonOsborn, AlisonOsborn, AlisonOsborn, AlisonOsborn2, AlisonOzborn, AlisonPaiwonski, LenaPaoletti, FerdinandoPark, AndrewPasina, MassimoPatacca, GiorgioPedini, FedericoPlayer, EdgeCsrContractTestPlayer, PaulPortal, TestPortal, TestProfile, MattProva, TestQA1, ShintoQA1, Testqqq, 13/8/18qqq, qqqqqq, qqqqqqq, qqqR, AjR, AjR, AjanthR, AjanthR, AjanthR, AjanthR, AjanthR, AjanthRabbit, PeterRigamonti, ClaudioRigamonti, NicolaRossi, Francorossi, valeScanferla, CristoforoScarfone, JoeScoduti , Ivanasdfgdfg, sdfgsdgsdg, sdgsdgsdgsdg, sdgsdgsdgsdg, sfgsdfgsdsd, sdssdsd, Test Ajanthsdsdfdf, sddfdfdssdsdfdf, sddfdfdssdsdfdf, sddfdfdssdsdfdf, sddfdfdssdsdfdf, sddfdfdssdsdfdf, sddfdfdssdsdfdf, sddfdfdssdsdfdf, sddfdfdssdsdfdf, sddfdfdssdsdfdf, sddfdfdssdsdfdf, sddfdfdssdsdfdf, sddfdfdssdsdfdf, sddfdfdssdsdfdf, sddfdfdsSeven, PandaSilvesti, DanieleSK, JKSmoke_test, ShintoSmoke2, ShintoSmoke3, shintoSmoke3, shintoSmoke-Test (US), ShintoSmoke-Test (US), ShintoSmoke-Test, ShintoSmoke-Test, ShintoSocio, Secondostick, evasudhan, akhilT, Jessica t, tT, TestAssociateT1000, ShintoT12, ShintoT2, ShintoT40, ShintoATA11, Shintote, TestTest Assosiate, Test AssosiateTest, AjanthTest, AjanthTest, AjanthTest, Ajanth TestTest, Ajath Test123Test, AjTestTest, DennisTest, First nameTest, First nameTest, First nameTest, First nameTest, First nameTest, First nameTest, First nameTest, QA1Test, SeleniumTest, Shintotest, ShintoTest, ShintoTest, ShintoTest, Shinto-QATest, SKtest, testTest, TestTest, TestTest, TestTest, TestTest, TestTest, TestTest, Testtest, TestTest, Vipintest, Vofoxtest1Test1, QATest1, TestTest123, AjanthTest13, matteoTest2, AjanthTest2, Test2Test-2019, ShintoTest-2019, ShintoTest-2019, ShintoTest-2019, ShintoTest-2019, ShintoTest-2019, ShintoTest-2019, ShintoTest-2019, ShintoTest-2019, ShintoTest-2019, ShintoTest-2019, ShintoTest-2019, ShintoTest-2019, ShintoTest-2019, ShintoTest-2019, ShintoTest-2019, ShintoTest-2019, ShintoTest-2019, ShintoTest-2019, ShintoTest-2019, ShintoTest-2019, ShintoTest-2019, ShintoTest-2019, ShintoTest-2020, ShintoTest2040, ShintoTest223, AjanthTest333, AjanthTest4, AjanthTest423, AjanthTest5, Ajanth5Test523, AjanthTest60, ShintoTest623, AjanthtestA, ShintoTestA1, ShintoTestA1, ShintoTest-Associate-V1, Test-Associate-V1Tester, JCTester, JeanTester, JoeTester10, JeanTester11, JeanTester12, JeanTester13, JeanTester14, JeanTester15, JeanTester15, JeanTester16, JeanTester17, JeanTester18, Jean Tester2, Jean Tester21, JeanTester22, JeanTester23, JeanTester24, JeanTester25, JeanTestInvite, TestInvitetestt, testtText Last Name, Text First NameText Last Name, Text First NameText Last Name, Text First NameText Last Name, Text First NameText Last Name, Text First NameText Last Name, Text First NameText Last Name, Text First NameText Last Name, Text First NameText Last Name, Text First NameText Last Name, Text First NameText Last Name, Text First NameText Last Name, Text First NameText Last Name, Text First NameText Last Name, Text First NameText Last Name, Text First NameText Last Name, Text First NameText Last Name, Text First NameText Last Name, Text First NameText Last Name, Text First NameText Last Name, Text First NameText Last Name, Text First NameText Last Name, Text First NameText Last Name, Text First NameText Last Name, Text First NameText Last Name, Text First NameText Last Name, Text First NameText Last Name, Text First NameText Last Name, Text First NameText Last Name, Text First NameText Last Name, Text First Nametg, tjthandassery, akhilThree, PandaTuratti, CristoforoTwo, PandaTwomey, TonyTwomey, Tonyv , dcv Vaixx, IdanVangelica, Dafnevbbbbb, aaaaavbn, bnbvnVersione13, MatteoVertemati, Giovannivhv, rtvnf, vandanavvxvc, pouokiWood, DustyXjx, Dhxdhytytyty, ytyt
          ' or . = '
            Select Sponsor
             17, test Text Last Name,  Text First Name@@4434345@@@@@@@, pers11, Test111111, 111111212, 1211212, 12121212, 2121221, 212112345, Shinto12345, Shinto15, test18, test20, test200, 100200, Acc1002000, 100020000, 100020000, 1000020180725, Greg2020, Shinto2025, Shinto212, shinto212121, 212121222222, 33333323232, 323233, 231, test32323, 33232332, Test4434, 4521444, 444450, test51, testA, TestA1, ShintoAB, ShintoAB, ShintoAbc, testAbino, AntonioAgnese, IvanoAjanth, TestAjTest, TestAjAnalogo, MatteoArzuffi, Fabioasdas, sdasdAsf, 1000asg, asfAssociate, DuplicateAssociate, Test Badaduchi, JoeyBalbusso, GiacomoBalduzzi, GiacomoBandini, Georgebar, idanBar, Idanbar, idanBar, Idanbar, idanbar, idanBelotti, LuigiBeluschi, MarcoBenedetti, MarcelloBertolazza, GiuseppeBianchi, BiancaBing, Bella Blow, Joe Blow, JoeBlow, JoeBobev, Bobiboy, ya Bressani, FlaviaBrightly, AlanCarnevale, DaniloChalupsky, PaulChelin5, Jean5Cherchi, Stefanoclegane, aidaConti, CarloContractSignTest, EdgeCrickets, JiminyDamiani, ViolaDaniels, DanDat, TestData, TestDatabase, TestDDD, DDDDee, AlisonDeMotts, RobDeMotts, Rob2Demotts2, Rob2DeMotts3, Robertdennis test, dennis testDennis Test, Dennis TestDennis test2, Dennis test2dennis, dennisdh, dgfDias, Jose diaz, jddiff, akhilDoakes, JoeDoe, JohnDoe, JohnDoe, JohnDoe, JohnDoe, JohnDoe, JohnDoe, Johndoe, JohnDoe, JohnDoe, JohnDoe, JohnDoe, JohnDoe, JohnDoe, John Doe, John Doe, JohnDoe, JohnDoe, JohnDoe, JohnDoe, JohnDoe, JohnDoe, JohnDoe, JohnDoe, JuliaDoe, LeslieDoe, TestDoekeses, Johndsds, dsdsDunn, JuliaDyas, JerryDyas, JimEight, PandaEisenman, Hansemanuela, emanuelaemanuela, emanuelaEnglish, MatteoF, TonyFeinstein, JackFernandi, Robertofff, fffFive, PandaFour, Pandafrancesco, francescoG, DeniseG, Gregg, JerryG, Matteo 1/1/1980Galbiati, MatteoGalbiati, MatteoGalbiati, MatteoGalbiati, MatteoGalbiati, Matteo(gmail test)Galbiati11-23, Matteo3-30Galbiati2, Matteo2Galbiato, Matteogallinari, IvoGentile, DeniseGentile, Denise Gentile, Denise gjgj, gghdjGreen, JoeGum, BirthdateShouldBe20000101Gum, BTest3Gum, GregGum, GregGum, GregGum, GregGum, GregGum, GregGum, Greg_0608Gum, Greg_2018-09-17Gum, Greg_triggerTestGum, Greg_TriggerTest2gum, Greg0608AGum, Greg0608CGum, Greg0609Gum, Greg2018-09-22Gum, GregoryGum, Test2BirthdayShouldBe20000101Gum11, Greg11Gum19, Greg19Gum22, Greg22Gum22, Greg22Gum234, Greg234Gum44, GregGum44, Greg44Gum46, Greg46Gum5, Greg5Gum5, Greg5Gum51, Greg51Gum55, Greg22Gum55, Greg55Gum55, Greg55Gum55, Greg55Gum55, Greg55Gum6, Greg6Gum66, Greg66Gum66, Greg66Gum77, Greg77Gum77A, Greg77AGum78, Greg78Gum8, Greg8gum87, Greg87Gum88, Greg88Gum99, Greg99Gum99, Greg99Gum999, Greg999hil, akIE, MatteoIl Terzo, matteoJ, DJk, AbcdJK, QA1JK, ShintoJK, ShintoJK, ShintoJK, ShintoJK, ShintoJK, ShintoJK, ShintoJK, ShintoJK, ShintoJK, ShintoJK, ShintoJK, ShintoJK, ShintoJK, ShintoJK, ShintoJK, ShintoJK, ShintoJK, ShintoJK, ShintoJK, ShintoJK, ShintoJK, ShintoJK, ShintoJK, ShintoJK, ShintoJK, ShintoJK, shintoJK, ShintoJK, ShintoJK, ShintoJK, ShintoJK, ShintoJK, ShintoJK, Shinto-test3JK, TesterJK-2018, ShintoJK-2020, ShintoJK-2020, ShintoJones, JoeJose, Ajanth TestJose, DennisKK, JKKK, JK_2018KK, ShintoKK, ShintoKK, ShintoKK, ShintoKringle, KrisLast Name, First NameLast Name, First NameLast Name, First NameLast Name, First NameLast Name, First NameLast Name, First NameLast Name, First NameLast Name, First NameLast Name, First NameLast Name, First NameLast Name, First NameLast Name, First NameLast Name, First NameLast Name, First NameLast Name, First NameLast Name, First NameLast Name, First NameLast Name, First NameLast Name, First Namelast name, namelast name, namelast name, namelast name, namelast name, namelast name, namelast name, namelast, akLast, TestLast, TestLast, TestLast, TestLast, TestLast, TestLast, TestLast, TestLast, TestLast, TestLast, TestLast, TestLast, TestLast, TestLast, TestLast, TestLast, TestLast, TestLast, Testlast111111ghg ghghghlghlglhlglhgll glhglhlghlglhlgl hglhglhlghl lglhglhlghlglhlghlglhlgh lghlghlglhglhlglhgl lghlglhglhlghlglhlghlgllhlluoiouiouoiouoi ujgjlhg;ljhlgkjghjghkljghjghkljhjhjj;lhjh;lj;lh;l, akhil_firstlizana, davidLName, TestingLoehwing, AspasiaLoehwing, AspasiaLoehwing, AspasiaMassa, LucaMcDonald, RenataMcdonald, RenataMcDonald, RenataMcDonald, RenataMdy, ShintoMichaelson, Mikemiriam, jessicaMobile12, MatteoMR, Ajumustaffa, annNcDonald, Renatanuvoli, francescaOggi, VerificoOne, Pandaone, shintoOsborn, AlisonOsborn, AlisonOsborn, AlisonOsborn, AlisonOsborn, AlisonOsborn2, AlisonOzborn, AlisonPaiwonski, LenaPaoletti, FerdinandoPark, AndrewPasina, MassimoPatacca, GiorgioPedini, FedericoPlayer, EdgeCsrContractTestPlayer, PaulPortal, TestPortal, TestProfile, MattProva, TestQA1, ShintoQA1, Testqqq, 13/8/18qqq, qqqqqq, qqqqqqq, qqqR, AjR, AjR, AjanthR, AjanthR, AjanthR, AjanthR, AjanthR, AjanthRabbit, PeterRigamonti, ClaudioRigamonti, NicolaRossi, Francorossi, valeScanferla, CristoforoScarfone, JoeScoduti , Ivanasdfgdfg, sdfgsdgsdg, sdgsdgsdgsdg, sdgsdgsdgsdg, sfgsdfgsdsd, sdssdsd, Test Ajanthsdsdfdf, sddfdfdssdsdfdf, sddfdfdssdsdfdf, sddfdfdssdsdfdf, sddfdfdssdsdfdf, sddfdfdssdsdfdf, sddfdfdssdsdfdf, sddfdfdssdsdfdf, sddfdfdssdsdfdf, sddfdfdssdsdfdf, sddfdfdssdsdfdf, sddfdfdssdsdfdf, sddfdfdssdsdfdf, sddfdfdssdsdfdf, sddfdfdsSeven, PandaSilvesti, DanieleSK, JKSmoke_test, ShintoSmoke2, ShintoSmoke3, shintoSmoke3, shintoSmoke-Test (US), ShintoSmoke-Test (US), ShintoSmoke-Test, ShintoSmoke-Test, ShintoSocio, Secondostick, evasudhan, akhilT, Jessica t, tT, TestAssociateT1000, ShintoT12, ShintoT2, ShintoT40, ShintoATA11, Shintote, TestTest Assosiate, Test AssosiateTest, AjanthTest, AjanthTest, AjanthTest, Ajanth TestTest, Ajath Test123Test, AjTestTest, DennisTest, First nameTest, First nameTest, First nameTest, First nameTest, First nameTest, First nameTest, First nameTest, QA1Test, SeleniumTest, Shintotest, ShintoTest, ShintoTest, ShintoTest, Shinto-QATest, SKtest, testTest, TestTest, TestTest, TestTest, TestTest, TestTest, TestTest, Testtest, TestTest, Vipintest, Vofoxtest1Test1, QATest1, TestTest123, AjanthTest13, matteoTest2, AjanthTest2, Test2Test-2019, ShintoTest-2019, ShintoTest-2019, ShintoTest-2019, ShintoTest-2019, ShintoTest-2019, ShintoTest-2019, ShintoTest-2019, ShintoTest-2019, ShintoTest-2019, ShintoTest-2019, ShintoTest-2019, ShintoTest-2019, ShintoTest-2019, ShintoTest-2019, ShintoTest-2019, ShintoTest-2019, ShintoTest-2019, ShintoTest-2019, ShintoTest-2019, ShintoTest-2019, ShintoTest-2019, ShintoTest-2019, ShintoTest-2020, ShintoTest2040, ShintoTest223, AjanthTest333, AjanthTest4, AjanthTest423, AjanthTest5, Ajanth5Test523, AjanthTest60, ShintoTest623, AjanthtestA, ShintoTestA1, ShintoTestA1, ShintoTest-Associate-V1, Test-Associate-V1Tester, JCTester, JeanTester, JoeTester10, JeanTester11, JeanTester12, JeanTester13, JeanTester14, JeanTester15, JeanTester15, JeanTester16, JeanTester17, JeanTester18, Jean Tester2, Jean Tester21, JeanTester22, JeanTester23, JeanTester24, JeanTester25, JeanTestInvite, TestInvitetestt, testtText Last Name, Text First NameText Last Name, Text First NameText Last Name, Text First NameText Last Name, Text First NameText Last Name, Text First NameText Last Name, Text First NameText Last Name, Text First NameText Last Name, Text First NameText Last Name, Text First NameText Last Name, Text First NameText Last Name, Text First NameText Last Name, Text First NameText Last Name, Text First NameText Last Name, Text First NameText Last Name, Text First NameText Last Name, Text First NameText Last Name, Text First NameText Last Name, Text First NameText Last Name, Text First NameText Last Name, Text First NameText Last Name, Text First NameText Last Name, Text First NameText Last Name, Text First NameText Last Name, Text First NameText Last Name, Text First NameText Last Name, Text First NameText Last Name, Text First NameText Last Name, Text First NameText Last Name, Text First NameText Last Name, Text First Nametg, tjthandassery, akhilThree, PandaTuratti, CristoforoTwo, PandaTwomey, TonyTwomey, Tonyv , dcv Vaixx, IdanVangelica, Dafnevbbbbb, aaaaavbn, bnbvnVersione13, MatteoVertemati, Giovannivhv, rtvnf, vandanavvxvc, pouokiWood, DustyXjx, Dhxdhytytyty, ytyt
          ')]' not found)
[[ATTACHMENT|E:\\Bonanzha\\katalon Bonanzha\\Reports\\VBZ0016-My Downline\\20181112_194257\\1542033028058.png]]]]></system-out>
         <system-err><![CDATA[2018-11-12 19:43:24 - [TEST_CASE][FAILED] - Test Cases/Associate Application/My Downline/TCBA01602: Test Cases/Associate Application/My Downline/TCBA01602 FAILED because (of) (Stack trace: com.kms.katalon.core.exception.StepFailedException: Unable to select all options on object 'Object Repository/My Downline/Page_My Downline  5-15/select_Select Sponsor' (Root cause: com.kms.katalon.core.webui.exception.WebElementNotFoundException: Web element with id: 'Object Repository/My Downline/Page_My Downline  5-15/select_Select Sponsor' located by 'By.xpath: //select[(text() = '
            Select Sponsor
             17, test Text Last Name,  Text First Name@@4434345@@@@@@@, pers11, Test111111, 111111212, 1211212, 12121212, 2121221, 212112345, Shinto12345, Shinto15, test18, test20, test200, 100200, Acc1002000, 100020000, 100020000, 1000020180725, Greg2020, Shinto2025, Shinto212, shinto212121, 212121222222, 33333323232, 323233, 231, test32323, 33232332, Test4434, 4521444, 444450, test51, testA, TestA1, ShintoAB, ShintoAB, ShintoAbc, testAbino, AntonioAgnese, IvanoAjanth, TestAjTest, TestAjAnalogo, MatteoArzuffi, Fabioasdas, sdasdAsf, 1000asg, asfAssociate, DuplicateAssociate, Test Badaduchi, JoeyBalbusso, GiacomoBalduzzi, GiacomoBandini, Georgebar, idanBar, Idanbar, idanBar, Idanbar, idanbar, idanBelotti, LuigiBeluschi, MarcoBenedetti, MarcelloBertolazza, GiuseppeBianchi, BiancaBing, Bella Blow, Joe Blow, JoeBlow, JoeBobev, Bobiboy, ya Bressani, FlaviaBrightly, AlanCarnevale, DaniloChalupsky, PaulChelin5, Jean5Cherchi, Stefanoclegane, aidaConti, CarloContractSignTest, EdgeCrickets, JiminyDamiani, ViolaDaniels, DanDat, TestData, TestDatabase, TestDDD, DDDDee, AlisonDeMotts, RobDeMotts, Rob2Demotts2, Rob2DeMotts3, Robertdennis test, dennis testDennis Test, Dennis TestDennis test2, Dennis test2dennis, dennisdh, dgfDias, Jose diaz, jddiff, akhilDoakes, JoeDoe, JohnDoe, JohnDoe, JohnDoe, JohnDoe, JohnDoe, JohnDoe, Johndoe, JohnDoe, JohnDoe, JohnDoe, JohnDoe, JohnDoe, JohnDoe, John Doe, John Doe, JohnDoe, JohnDoe, JohnDoe, JohnDoe, JohnDoe, JohnDoe, JohnDoe, JohnDoe, JuliaDoe, LeslieDoe, TestDoekeses, Johndsds, dsdsDunn, JuliaDyas, JerryDyas, JimEight, PandaEisenman, Hansemanuela, emanuelaemanuela, emanuelaEnglish, MatteoF, TonyFeinstein, JackFernandi, Robertofff, fffFive, PandaFour, Pandafrancesco, francescoG, DeniseG, Gregg, JerryG, Matteo 1/1/1980Galbiati, MatteoGalbiati, MatteoGalbiati, MatteoGalbiati, MatteoGalbiati, Matteo(gmail test)Galbiati11-23, Matteo3-30Galbiati2, Matteo2Galbiato, Matteogallinari, IvoGentile, DeniseGentile, Denise Gentile, Denise gjgj, gghdjGreen, JoeGum, BirthdateShouldBe20000101Gum, BTest3Gum, GregGum, GregGum, GregGum, GregGum, GregGum, GregGum, Greg_0608Gum, Greg_2018-09-17Gum, Greg_triggerTestGum, Greg_TriggerTest2gum, Greg0608AGum, Greg0608CGum, Greg0609Gum, Greg2018-09-22Gum, GregoryGum, Test2BirthdayShouldBe20000101Gum11, Greg11Gum19, Greg19Gum22, Greg22Gum22, Greg22Gum234, Greg234Gum44, GregGum44, Greg44Gum46, Greg46Gum5, Greg5Gum5, Greg5Gum51, Greg51Gum55, Greg22Gum55, Greg55Gum55, Greg55Gum55, Greg55Gum55, Greg55Gum6, Greg6Gum66, Greg66Gum66, Greg66Gum77, Greg77Gum77A, Greg77AGum78, Greg78Gum8, Greg8gum87, Greg87Gum88, Greg88Gum99, Greg99Gum99, Greg99Gum999, Greg999hil, akIE, MatteoIl Terzo, matteoJ, DJk, AbcdJK, QA1JK, ShintoJK, ShintoJK, ShintoJK, ShintoJK, ShintoJK, ShintoJK, ShintoJK, ShintoJK, ShintoJK, ShintoJK, ShintoJK, ShintoJK, ShintoJK, ShintoJK, ShintoJK, ShintoJK, ShintoJK, ShintoJK, ShintoJK, ShintoJK, ShintoJK, ShintoJK, ShintoJK, ShintoJK, ShintoJK, ShintoJK, shintoJK, ShintoJK, ShintoJK, ShintoJK, ShintoJK, ShintoJK, ShintoJK, Shinto-test3JK, TesterJK-2018, ShintoJK-2020, ShintoJK-2020, ShintoJones, JoeJose, Ajanth TestJose, DennisKK, JKKK, JK_2018KK, ShintoKK, ShintoKK, ShintoKK, ShintoKringle, KrisLast Name, First NameLast Name, First NameLast Name, First NameLast Name, First NameLast Name, First NameLast Name, First NameLast Name, First NameLast Name, First NameLast Name, First NameLast Name, First NameLast Name, First NameLast Name, First NameLast Name, First NameLast Name, First NameLast Name, First NameLast Name, First NameLast Name, First NameLast Name, First NameLast Name, First Namelast name, namelast name, namelast name, namelast name, namelast name, namelast name, namelast name, namelast, akLast, TestLast, TestLast, TestLast, TestLast, TestLast, TestLast, TestLast, TestLast, TestLast, TestLast, TestLast, TestLast, TestLast, TestLast, TestLast, TestLast, TestLast, TestLast, Testlast111111ghg ghghghlghlglhlglhgll glhglhlghlglhlgl hglhglhlghl lglhglhlghlglhlghlglhlgh lghlghlglhglhlglhgl lghlglhglhlghlglhlghlgllhlluoiouiouoiouoi ujgjlhg;ljhlgkjghjghkljghjghkljhjhjj;lhjh;lj;lh;l, akhil_firstlizana, davidLName, TestingLoehwing, AspasiaLoehwing, AspasiaLoehwing, AspasiaMassa, LucaMcDonald, RenataMcdonald, RenataMcDonald, RenataMcDonald, RenataMdy, ShintoMichaelson, Mikemiriam, jessicaMobile12, MatteoMR, Ajumustaffa, annNcDonald, Renatanuvoli, francescaOggi, VerificoOne, Pandaone, shintoOsborn, AlisonOsborn, AlisonOsborn, AlisonOsborn, AlisonOsborn, AlisonOsborn2, AlisonOzborn, AlisonPaiwonski, LenaPaoletti, FerdinandoPark, AndrewPasina, MassimoPatacca, GiorgioPedini, FedericoPlayer, EdgeCsrContractTestPlayer, PaulPortal, TestPortal, TestProfile, MattProva, TestQA1, ShintoQA1, Testqqq, 13/8/18qqq, qqqqqq, qqqqqqq, qqqR, AjR, AjR, AjanthR, AjanthR, AjanthR, AjanthR, AjanthR, AjanthRabbit, PeterRigamonti, ClaudioRigamonti, NicolaRossi, Francorossi, valeScanferla, CristoforoScarfone, JoeScoduti , Ivanasdfgdfg, sdfgsdgsdg, sdgsdgsdgsdg, sdgsdgsdgsdg, sfgsdfgsdsd, sdssdsd, Test Ajanthsdsdfdf, sddfdfdssdsdfdf, sddfdfdssdsdfdf, sddfdfdssdsdfdf, sddfdfdssdsdfdf, sddfdfdssdsdfdf, sddfdfdssdsdfdf, sddfdfdssdsdfdf, sddfdfdssdsdfdf, sddfdfdssdsdfdf, sddfdfdssdsdfdf, sddfdfdssdsdfdf, sddfdfdssdsdfdf, sddfdfdssdsdfdf, sddfdfdsSeven, PandaSilvesti, DanieleSK, JKSmoke_test, ShintoSmoke2, ShintoSmoke3, shintoSmoke3, shintoSmoke-Test (US), ShintoSmoke-Test (US), ShintoSmoke-Test, ShintoSmoke-Test, ShintoSocio, Secondostick, evasudhan, akhilT, Jessica t, tT, TestAssociateT1000, ShintoT12, ShintoT2, ShintoT40, ShintoATA11, Shintote, TestTest Assosiate, Test AssosiateTest, AjanthTest, AjanthTest, AjanthTest, Ajanth TestTest, Ajath Test123Test, AjTestTest, DennisTest, First nameTest, First nameTest, First nameTest, First nameTest, First nameTest, First nameTest, First nameTest, QA1Test, SeleniumTest, Shintotest, ShintoTest, ShintoTest, ShintoTest, Shinto-QATest, SKtest, testTest, TestTest, TestTest, TestTest, TestTest, TestTest, TestTest, Testtest, TestTest, Vipintest, Vofoxtest1Test1, QATest1, TestTest123, AjanthTest13, matteoTest2, AjanthTest2, Test2Test-2019, ShintoTest-2019, ShintoTest-2019, ShintoTest-2019, ShintoTest-2019, ShintoTest-2019, ShintoTest-2019, ShintoTest-2019, ShintoTest-2019, ShintoTest-2019, ShintoTest-2019, ShintoTest-2019, ShintoTest-2019, ShintoTest-2019, ShintoTest-2019, ShintoTest-2019, ShintoTest-2019, ShintoTest-2019, ShintoTest-2019, ShintoTest-2019, ShintoTest-2019, ShintoTest-2019, ShintoTest-2019, ShintoTest-2020, ShintoTest2040, ShintoTest223, AjanthTest333, AjanthTest4, AjanthTest423, AjanthTest5, Ajanth5Test523, AjanthTest60, ShintoTest623, AjanthtestA, ShintoTestA1, ShintoTestA1, ShintoTest-Associate-V1, Test-Associate-V1Tester, JCTester, JeanTester, JoeTester10, JeanTester11, JeanTester12, JeanTester13, JeanTester14, JeanTester15, JeanTester15, JeanTester16, JeanTester17, JeanTester18, Jean Tester2, Jean Tester21, JeanTester22, JeanTester23, JeanTester24, JeanTester25, JeanTestInvite, TestInvitetestt, testtText Last Name, Text First NameText Last Name, Text First NameText Last Name, Text First NameText Last Name, Text First NameText Last Name, Text First NameText Last Name, Text First NameText Last Name, Text First NameText Last Name, Text First NameText Last Name, Text First NameText Last Name, Text First NameText Last Name, Text First NameText Last Name, Text First NameText Last Name, Text First NameText Last Name, Text First NameText Last Name, Text First NameText Last Name, Text First NameText Last Name, Text First NameText Last Name, Text First NameText Last Name, Text First NameText Last Name, Text First NameText Last Name, Text First NameText Last Name, Text First NameText Last Name, Text First NameText Last Name, Text First NameText Last Name, Text First NameText Last Name, Text First NameText Last Name, Text First NameText Last Name, Text First NameText Last Name, Text First NameText Last Name, Text First Nametg, tjthandassery, akhilThree, PandaTuratti, CristoforoTwo, PandaTwomey, TonyTwomey, Tonyv , dcv Vaixx, IdanVangelica, Dafnevbbbbb, aaaaavbn, bnbvnVersione13, MatteoVertemati, Giovannivhv, rtvnf, vandanavvxvc, pouokiWood, DustyXjx, Dhxdhytytyty, ytyt
          ' or . = '
            Select Sponsor
             17, test Text Last Name,  Text First Name@@4434345@@@@@@@, pers11, Test111111, 111111212, 1211212, 12121212, 2121221, 212112345, Shinto12345, Shinto15, test18, test20, test200, 100200, Acc1002000, 100020000, 100020000, 1000020180725, Greg2020, Shinto2025, Shinto212, shinto212121, 212121222222, 33333323232, 323233, 231, test32323, 33232332, Test4434, 4521444, 444450, test51, testA, TestA1, ShintoAB, ShintoAB, ShintoAbc, testAbino, AntonioAgnese, IvanoAjanth, TestAjTest, TestAjAnalogo, MatteoArzuffi, Fabioasdas, sdasdAsf, 1000asg, asfAssociate, DuplicateAssociate, Test Badaduchi, JoeyBalbusso, GiacomoBalduzzi, GiacomoBandini, Georgebar, idanBar, Idanbar, idanBar, Idanbar, idanbar, idanBelotti, LuigiBeluschi, MarcoBenedetti, MarcelloBertolazza, GiuseppeBianchi, BiancaBing, Bella Blow, Joe Blow, JoeBlow, JoeBobev, Bobiboy, ya Bressani, FlaviaBrightly, AlanCarnevale, DaniloChalupsky, PaulChelin5, Jean5Cherchi, Stefanoclegane, aidaConti, CarloContractSignTest, EdgeCrickets, JiminyDamiani, ViolaDaniels, DanDat, TestData, TestDatabase, TestDDD, DDDDee, AlisonDeMotts, RobDeMotts, Rob2Demotts2, Rob2DeMotts3, Robertdennis test, dennis testDennis Test, Dennis TestDennis test2, Dennis test2dennis, dennisdh, dgfDias, Jose diaz, jddiff, akhilDoakes, JoeDoe, JohnDoe, JohnDoe, JohnDoe, JohnDoe, JohnDoe, JohnDoe, Johndoe, JohnDoe, JohnDoe, JohnDoe, JohnDoe, JohnDoe, JohnDoe, John Doe, John Doe, JohnDoe, JohnDoe, JohnDoe, JohnDoe, JohnDoe, JohnDoe, JohnDoe, JohnDoe, JuliaDoe, LeslieDoe, TestDoekeses, Johndsds, dsdsDunn, JuliaDyas, JerryDyas, JimEight, PandaEisenman, Hansemanuela, emanuelaemanuela, emanuelaEnglish, MatteoF, TonyFeinstein, JackFernandi, Robertofff, fffFive, PandaFour, Pandafrancesco, francescoG, DeniseG, Gregg, JerryG, Matteo 1/1/1980Galbiati, MatteoGalbiati, MatteoGalbiati, MatteoGalbiati, MatteoGalbiati, Matteo(gmail test)Galbiati11-23, Matteo3-30Galbiati2, Matteo2Galbiato, Matteogallinari, IvoGentile, DeniseGentile, Denise Gentile, Denise gjgj, gghdjGreen, JoeGum, BirthdateShouldBe20000101Gum, BTest3Gum, GregGum, GregGum, GregGum, GregGum, GregGum, GregGum, Greg_0608Gum, Greg_2018-09-17Gum, Greg_triggerTestGum, Greg_TriggerTest2gum, Greg0608AGum, Greg0608CGum, Greg0609Gum, Greg2018-09-22Gum, GregoryGum, Test2BirthdayShouldBe20000101Gum11, Greg11Gum19, Greg19Gum22, Greg22Gum22, Greg22Gum234, Greg234Gum44, GregGum44, Greg44Gum46, Greg46Gum5, Greg5Gum5, Greg5Gum51, Greg51Gum55, Greg22Gum55, Greg55Gum55, Greg55Gum55, Greg55Gum55, Greg55Gum6, Greg6Gum66, Greg66Gum66, Greg66Gum77, Greg77Gum77A, Greg77AGum78, Greg78Gum8, Greg8gum87, Greg87Gum88, Greg88Gum99, Greg99Gum99, Greg99Gum999, Greg999hil, akIE, MatteoIl Terzo, matteoJ, DJk, AbcdJK, QA1JK, ShintoJK, ShintoJK, ShintoJK, ShintoJK, ShintoJK, ShintoJK, ShintoJK, ShintoJK, ShintoJK, ShintoJK, ShintoJK, ShintoJK, ShintoJK, ShintoJK, ShintoJK, ShintoJK, ShintoJK, ShintoJK, ShintoJK, ShintoJK, ShintoJK, ShintoJK, ShintoJK, ShintoJK, ShintoJK, ShintoJK, shintoJK, ShintoJK, ShintoJK, ShintoJK, ShintoJK, ShintoJK, ShintoJK, Shinto-test3JK, TesterJK-2018, ShintoJK-2020, ShintoJK-2020, ShintoJones, JoeJose, Ajanth TestJose, DennisKK, JKKK, JK_2018KK, ShintoKK, ShintoKK, ShintoKK, ShintoKringle, KrisLast Name, First NameLast Name, First NameLast Name, First NameLast Name, First NameLast Name, First NameLast Name, First NameLast Name, First NameLast Name, First NameLast Name, First NameLast Name, First NameLast Name, First NameLast Name, First NameLast Name, First NameLast Name, First NameLast Name, First NameLast Name, First NameLast Name, First NameLast Name, First NameLast Name, First Namelast name, namelast name, namelast name, namelast name, namelast name, namelast name, namelast name, namelast, akLast, TestLast, TestLast, TestLast, TestLast, TestLast, TestLast, TestLast, TestLast, TestLast, TestLast, TestLast, TestLast, TestLast, TestLast, TestLast, TestLast, TestLast, TestLast, Testlast111111ghg ghghghlghlglhlglhgll glhglhlghlglhlgl hglhglhlghl lglhglhlghlglhlghlglhlgh lghlghlglhglhlglhgl lghlglhglhlghlglhlghlgllhlluoiouiouoiouoi ujgjlhg;ljhlgkjghjghkljghjghkljhjhjj;lhjh;lj;lh;l, akhil_firstlizana, davidLName, TestingLoehwing, AspasiaLoehwing, AspasiaLoehwing, AspasiaMassa, LucaMcDonald, RenataMcdonald, RenataMcDonald, RenataMcDonald, RenataMdy, ShintoMichaelson, Mikemiriam, jessicaMobile12, MatteoMR, Ajumustaffa, annNcDonald, Renatanuvoli, francescaOggi, VerificoOne, Pandaone, shintoOsborn, AlisonOsborn, AlisonOsborn, AlisonOsborn, AlisonOsborn, AlisonOsborn2, AlisonOzborn, AlisonPaiwonski, LenaPaoletti, FerdinandoPark, AndrewPasina, MassimoPatacca, GiorgioPedini, FedericoPlayer, EdgeCsrContractTestPlayer, PaulPortal, TestPortal, TestProfile, MattProva, TestQA1, ShintoQA1, Testqqq, 13/8/18qqq, qqqqqq, qqqqqqq, qqqR, AjR, AjR, AjanthR, AjanthR, AjanthR, AjanthR, AjanthR, AjanthRabbit, PeterRigamonti, ClaudioRigamonti, NicolaRossi, Francorossi, valeScanferla, CristoforoScarfone, JoeScoduti , Ivanasdfgdfg, sdfgsdgsdg, sdgsdgsdgsdg, sdgsdgsdgsdg, sfgsdfgsdsd, sdssdsd, Test Ajanthsdsdfdf, sddfdfdssdsdfdf, sddfdfdssdsdfdf, sddfdfdssdsdfdf, sddfdfdssdsdfdf, sddfdfdssdsdfdf, sddfdfdssdsdfdf, sddfdfdssdsdfdf, sddfdfdssdsdfdf, sddfdfdssdsdfdf, sddfdfdssdsdfdf, sddfdfdssdsdfdf, sddfdfdssdsdfdf, sddfdfdssdsdfdf, sddfdfdsSeven, PandaSilvesti, DanieleSK, JKSmoke_test, ShintoSmoke2, ShintoSmoke3, shintoSmoke3, shintoSmoke-Test (US), ShintoSmoke-Test (US), ShintoSmoke-Test, ShintoSmoke-Test, ShintoSocio, Secondostick, evasudhan, akhilT, Jessica t, tT, TestAssociateT1000, ShintoT12, ShintoT2, ShintoT40, ShintoATA11, Shintote, TestTest Assosiate, Test AssosiateTest, AjanthTest, AjanthTest, AjanthTest, Ajanth TestTest, Ajath Test123Test, AjTestTest, DennisTest, First nameTest, First nameTest, First nameTest, First nameTest, First nameTest, First nameTest, First nameTest, QA1Test, SeleniumTest, Shintotest, ShintoTest, ShintoTest, ShintoTest, Shinto-QATest, SKtest, testTest, TestTest, TestTest, TestTest, TestTest, TestTest, TestTest, Testtest, TestTest, Vipintest, Vofoxtest1Test1, QATest1, TestTest123, AjanthTest13, matteoTest2, AjanthTest2, Test2Test-2019, ShintoTest-2019, ShintoTest-2019, ShintoTest-2019, ShintoTest-2019, ShintoTest-2019, ShintoTest-2019, ShintoTest-2019, ShintoTest-2019, ShintoTest-2019, ShintoTest-2019, ShintoTest-2019, ShintoTest-2019, ShintoTest-2019, ShintoTest-2019, ShintoTest-2019, ShintoTest-2019, ShintoTest-2019, ShintoTest-2019, ShintoTest-2019, ShintoTest-2019, ShintoTest-2019, ShintoTest-2019, ShintoTest-2020, ShintoTest2040, ShintoTest223, AjanthTest333, AjanthTest4, AjanthTest423, AjanthTest5, Ajanth5Test523, AjanthTest60, ShintoTest623, AjanthtestA, ShintoTestA1, ShintoTestA1, ShintoTest-Associate-V1, Test-Associate-V1Tester, JCTester, JeanTester, JoeTester10, JeanTester11, JeanTester12, JeanTester13, JeanTester14, JeanTester15, JeanTester15, JeanTester16, JeanTester17, JeanTester18, Jean Tester2, Jean Tester21, JeanTester22, JeanTester23, JeanTester24, JeanTester25, JeanTestInvite, TestInvitetestt, testtText Last Name, Text First NameText Last Name, Text First NameText Last Name, Text First NameText Last Name, Text First NameText Last Name, Text First NameText Last Name, Text First NameText Last Name, Text First NameText Last Name, Text First NameText Last Name, Text First NameText Last Name, Text First NameText Last Name, Text First NameText Last Name, Text First NameText Last Name, Text First NameText Last Name, Text First NameText Last Name, Text First NameText Last Name, Text First NameText Last Name, Text First NameText Last Name, Text First NameText Last Name, Text First NameText Last Name, Text First NameText Last Name, Text First NameText Last Name, Text First NameText Last Name, Text First NameText Last Name, Text First NameText Last Name, Text First NameText Last Name, Text First NameText Last Name, Text First NameText Last Name, Text First NameText Last Name, Text First NameText Last Name, Text First Nametg, tjthandassery, akhilThree, PandaTuratti, CristoforoTwo, PandaTwomey, TonyTwomey, Tonyv , dcv Vaixx, IdanVangelica, Dafnevbbbbb, aaaaavbn, bnbvnVersione13, MatteoVertemati, Giovannivhv, rtvnf, vandanavvxvc, pouokiWood, DustyXjx, Dhxdhytytyty, ytyt
          ')]' not found)
	at com.kms.katalon.core.keyword.internal.KeywordMain.stepFailed(KeywordMain.groovy:36)
	at com.kms.katalon.core.webui.keyword.internal.WebUIKeywordMain.stepFailed(WebUIKeywordMain.groovy:65)
	at com.kms.katalon.core.webui.keyword.internal.WebUIKeywordMain.runKeyword(WebUIKeywordMain.groovy:27)
	at com.kms.katalon.core.webui.keyword.builtin.SelectAllOptionKeyword.selectAllOption(SelectAllOptionKeyword.groovy:85)
	at com.kms.katalon.core.webui.keyword.builtin.SelectAllOptionKeyword.execute(SelectAllOptionKeyword.groovy:67)
	at com.kms.katalon.core.keyword.internal.KeywordExecutor.executeKeywordForPlatform(KeywordExecutor.groovy:53)
	at com.kms.katalon.core.webui.keyword.WebUiBuiltInKeywords.selectAllOption(WebUiBuiltInKeywords.groovy:1165)
	at com.kms.katalon.core.webui.keyword.WebUiBuiltInKeywords$selectAllOption$7.call(Unknown Source)
	at org.codehaus.groovy.runtime.callsite.CallSiteArray.defaultCall(CallSiteArray.java:48)
	at org.codehaus.groovy.runtime.callsite.AbstractCallSite.call(AbstractCallSite.java:113)
	at org.codehaus.groovy.runtime.callsite.AbstractCallSite.call(AbstractCallSite.java:125)
	at Script1540362215034.run(Script1540362215034.groovy:58)
	at com.kms.katalon.core.main.ScriptEngine.run(ScriptEngine.java:183)
	at com.kms.katalon.core.main.ScriptEngine.runScriptAsRawText(ScriptEngine.java:108)
	at com.kms.katalon.core.main.TestCaseExecutor.runScript(TestCaseExecutor.java:294)
	at com.kms.katalon.core.main.TestCaseExecutor.doExecute(TestCaseExecutor.java:285)
	at com.kms.katalon.core.main.TestCaseExecutor.processExecutionPhase(TestCaseExecutor.java:264)
	at com.kms.katalon.core.main.TestCaseExecutor.accessMainPhase(TestCaseExecutor.java:256)
	at com.kms.katalon.core.main.TestCaseExecutor.execute(TestCaseExecutor.java:200)
	at com.kms.katalon.core.main.TestSuiteExecutor.accessTestCaseMainPhase(TestSuiteExecutor.java:129)
	at com.kms.katalon.core.main.TestSuiteExecutor.accessTestSuiteMainPhase(TestSuiteExecutor.java:112)
	at com.kms.katalon.core.main.TestSuiteExecutor.execute(TestSuiteExecutor.java:81)
	at com.kms.katalon.core.main.TestCaseMain.startTestSuite(TestCaseMain.java:142)
	at com.kms.katalon.core.main.TestCaseMain$startTestSuite$0.call(Unknown Source)
	at org.codehaus.groovy.runtime.callsite.CallSiteArray.defaultCall(CallSiteArray.java:48)
	at org.codehaus.groovy.runtime.callsite.AbstractCallSite.call(AbstractCallSite.java:113)
	at org.codehaus.groovy.runtime.callsite.AbstractCallSite.call(AbstractCallSite.java:141)
	at TempTestSuite1542031977124.run(TempTestSuite1542031977124.groovy:36)
	at groovy.lang.GroovyShell.runScriptOrMainOrTestOrRunnable(GroovyShell.java:263)
	at groovy.lang.GroovyShell.run(GroovyShell.java:518)
	at groovy.lang.GroovyShell.run(GroovyShell.java:507)
	at groovy.ui.GroovyMain.processOnce(GroovyMain.java:653)
	at groovy.ui.GroovyMain.run(GroovyMain.java:384)
	at groovy.ui.GroovyMain.process(GroovyMain.java:370)
	at groovy.ui.GroovyMain.processArgs(GroovyMain.java:129)
	at groovy.ui.GroovyMain.main(GroovyMain.java:109)
	at sun.reflect.NativeMethodAccessorImpl.invoke0(Native Method)
	at sun.reflect.NativeMethodAccessorImpl.invoke(NativeMethodAccessorImpl.java:62)
	at sun.reflect.DelegatingMethodAccessorImpl.invoke(DelegatingMethodAccessorImpl.java:43)
	at java.lang.reflect.Method.invoke(Method.java:498)
	at org.codehaus.groovy.tools.GroovyStarter.rootLoader(GroovyStarter.java:109)
	at org.codehaus.groovy.tools.GroovyStarter.main(GroovyStarter.java:131)
)]]></system-err>
      </testcase>
      <testcase name="Test Cases/Associate Application/My Downline/TCBA01603" classname="Test Cases/Associate Application/My Downline/TCBA01603" status="PASSED">
         <system-out><![CDATA[2018-11-12 20:00:28 - [TEST_CASE][PASSED] - Test Cases/Associate Application/My Downline/TCBA01603: Test Cases/Associate Application/My Downline/TCBA01603

2018-11-12 20:00:28 - [TEST_STEP][PASSED] - click: Object: 'Object Repository/My Downline/Page_My Downline  5-15/span_List View' is clicked on

2018-11-12 20:00:29 - [MESSAGE][PASSED] - Object: 'Object Repository/My Downline/Page_My Downline  5-15/span_List View' is clicked on

2018-11-12 20:00:29 - [TEST_STEP][PASSED] - verifyElementText: Actual text and expected text of test object 'Object Repository/My Downline/Page_My Downline  5-15/span_My Downline' are matched.

2018-11-12 20:00:29 - [MESSAGE][PASSED] - Actual text and expected text of test object 'Object Repository/My Downline/Page_My Downline  5-15/span_My Downline' are matched.

2018-11-12 20:00:29 - [TEST_STEP][PASSED] - verifyElementText: Actual text and expected text of test object 'Object Repository/My Downline/Page_My Downline  5-15/span_List View' are matched.

2018-11-12 20:00:29 - [MESSAGE][PASSED] - Actual text and expected text of test object 'Object Repository/My Downline/Page_My Downline  5-15/span_List View' are matched.

2018-11-12 20:00:29 - [TEST_STEP][PASSED] - verifyElementText: Actual text and expected text of test object 'Object Repository/My Downline/Page_My Downline  5-15/span_Summary' are matched.

2018-11-12 20:00:29 - [MESSAGE][PASSED] - Actual text and expected text of test object 'Object Repository/My Downline/Page_My Downline  5-15/span_Summary' are matched.

2018-11-12 20:00:29 - [TEST_STEP][PASSED] - verifyElementText: Actual text and expected text of test object 'Object Repository/My Downline/Page_My Downline  5-15/span_List View with Forced Mat' are matched.

2018-11-12 20:00:29 - [MESSAGE][PASSED] - Actual text and expected text of test object 'Object Repository/My Downline/Page_My Downline  5-15/span_List View with Forced Mat' are matched.

2018-11-12 20:00:29 - [TEST_STEP][PASSED] - verifyElementText: Actual text and expected text of test object 'Object Repository/My Downline/Page_My Downline  5-15/span_Tree View with Forced Mat' are matched.

2018-11-12 20:00:29 - [MESSAGE][PASSED] - Actual text and expected text of test object 'Object Repository/My Downline/Page_My Downline  5-15/span_Tree View with Forced Mat' are matched.

2018-11-12 20:00:29 - [TEST_STEP][PASSED] - verifyElementText: Actual text and expected text of test object 'Object Repository/My Downline/Page_My Downline  5-15/span_Tree View' are matched.

2018-11-12 20:00:29 - [MESSAGE][PASSED] - Actual text and expected text of test object 'Object Repository/My Downline/Page_My Downline  5-15/span_Tree View' are matched.

2018-11-12 20:00:29 - [TEST_STEP][PASSED] - verifyElementText: Actual text and expected text of test object 'Object Repository/My Downline/Page_My Downline  5-15/h3_List view' are matched.

2018-11-12 20:00:29 - [MESSAGE][PASSED] - Actual text and expected text of test object 'Object Repository/My Downline/Page_My Downline  5-15/h3_List view' are matched.

2018-11-12 20:00:29 - [TEST_STEP][PASSED] - verifyElementText: Actual text and expected text of test object 'Object Repository/My Downline/Page_My Downline  5-15/button_FILTER' are matched.

2018-11-12 20:00:29 - [MESSAGE][PASSED] - Actual text and expected text of test object 'Object Repository/My Downline/Page_My Downline  5-15/button_FILTER' are matched.

2018-11-12 20:00:29 - [TEST_STEP][PASSED] - verifyElementText: Actual text and expected text of test object 'Object Repository/My Downline/Page_My Downline  5-15/label_Start Level' are matched.

2018-11-12 20:00:29 - [MESSAGE][PASSED] - Actual text and expected text of test object 'Object Repository/My Downline/Page_My Downline  5-15/label_Start Level' are matched.

2018-11-12 20:00:29 - [TEST_STEP][PASSED] - verifyElementText: Actual text and expected text of test object 'Object Repository/My Downline/Page_My Downline  5-15/label_End Level' are matched.

2018-11-12 20:00:29 - [MESSAGE][PASSED] - Actual text and expected text of test object 'Object Repository/My Downline/Page_My Downline  5-15/label_End Level' are matched.

2018-11-12 20:00:29 - [TEST_STEP][PASSED] - verifyElementText: Actual text and expected text of test object 'Object Repository/My Downline/Page_My Downline  5-15/label_Sponsor' are matched.

2018-11-12 20:00:29 - [MESSAGE][PASSED] - Actual text and expected text of test object 'Object Repository/My Downline/Page_My Downline  5-15/label_Sponsor' are matched.

2018-11-12 20:00:29 - [TEST_STEP][PASSED] - verifyElementText: Actual text and expected text of test object 'Object Repository/My Downline/Page_My Downline  5-15/label_Contract Not Signed' are matched.

2018-11-12 20:00:30 - [MESSAGE][PASSED] - Actual text and expected text of test object 'Object Repository/My Downline/Page_My Downline  5-15/label_Contract Not Signed' are matched.]]></system-out>
         <system-err><![CDATA[]]></system-err>
      </testcase>
      <testcase name="Test Cases/Associate Application/My Downline/TCBA01604" classname="Test Cases/Associate Application/My Downline/TCBA01604" status="FAILED">
         <failure type="FAILED" message="(Stack trace: com.kms.katalon.core.exception.StepFailedException: Unable to select all options on object 'Object Repository/My Downline/Page_My Downline  5-15/select_Select Sponsor' (Root cause: com.kms.katalon.core.webui.exception.WebElementNotFoundException: Web element with id: 'Object Repository/My Downline/Page_My Downline  5-15/select_Select Sponsor' located by 'By.xpath: //select[(text() = '
            Select Sponsor
             17, test Text Last Name,  Text First Name@@4434345@@@@@@@, pers11, Test111111, 111111212, 1211212, 12121212, 2121221, 212112345, Shinto12345, Shinto15, test18, test20, test200, 100200, Acc1002000, 100020000, 100020000, 1000020180725, Greg2020, Shinto2025, Shinto212, shinto212121, 212121222222, 33333323232, 323233, 231, test32323, 33232332, Test4434, 4521444, 444450, test51, testA, TestA1, ShintoAB, ShintoAB, ShintoAbc, testAbino, AntonioAgnese, IvanoAjanth, TestAjTest, TestAjAnalogo, MatteoArzuffi, Fabioasdas, sdasdAsf, 1000asg, asfAssociate, DuplicateAssociate, Test Badaduchi, JoeyBalbusso, GiacomoBalduzzi, GiacomoBandini, Georgebar, idanBar, Idanbar, idanBar, Idanbar, idanbar, idanBelotti, LuigiBeluschi, MarcoBenedetti, MarcelloBertolazza, GiuseppeBianchi, BiancaBing, Bella Blow, Joe Blow, JoeBlow, JoeBobev, Bobiboy, ya Bressani, FlaviaBrightly, AlanCarnevale, DaniloChalupsky, PaulChelin5, Jean5Cherchi, Stefanoclegane, aidaConti, CarloContractSignTest, EdgeCrickets, JiminyDamiani, ViolaDaniels, DanDat, TestData, TestDatabase, TestDDD, DDDDee, AlisonDeMotts, RobDeMotts, Rob2Demotts2, Rob2DeMotts3, Robertdennis test, dennis testDennis Test, Dennis TestDennis test2, Dennis test2dennis, dennisdh, dgfDias, Jose diaz, jddiff, akhilDoakes, JoeDoe, JohnDoe, JohnDoe, JohnDoe, JohnDoe, JohnDoe, JohnDoe, Johndoe, JohnDoe, JohnDoe, JohnDoe, JohnDoe, JohnDoe, JohnDoe, John Doe, John Doe, JohnDoe, JohnDoe, JohnDoe, JohnDoe, JohnDoe, JohnDoe, JohnDoe, JohnDoe, JuliaDoe, LeslieDoe, TestDoekeses, Johndsds, dsdsDunn, JuliaDyas, JerryDyas, JimEight, PandaEisenman, Hansemanuela, emanuelaemanuela, emanuelaEnglish, MatteoF, TonyFeinstein, JackFernandi, Robertofff, fffFive, PandaFour, Pandafrancesco, francescoG, DeniseG, Gregg, JerryG, Matteo 1/1/1980Galbiati, MatteoGalbiati, MatteoGalbiati, MatteoGalbiati, MatteoGalbiati, Matteo(gmail test)Galbiati11-23, Matteo3-30Galbiati2, Matteo2Galbiato, Matteogallinari, IvoGentile, DeniseGentile, Denise Gentile, Denise gjgj, gghdjGreen, JoeGum, BirthdateShouldBe20000101Gum, BTest3Gum, GregGum, GregGum, GregGum, GregGum, GregGum, GregGum, Greg_0608Gum, Greg_2018-09-17Gum, Greg_triggerTestGum, Greg_TriggerTest2gum, Greg0608AGum, Greg0608CGum, Greg0609Gum, Greg2018-09-22Gum, GregoryGum, Test2BirthdayShouldBe20000101Gum11, Greg11Gum19, Greg19Gum22, Greg22Gum22, Greg22Gum234, Greg234Gum44, GregGum44, Greg44Gum46, Greg46Gum5, Greg5Gum5, Greg5Gum51, Greg51Gum55, Greg22Gum55, Greg55Gum55, Greg55Gum55, Greg55Gum55, Greg55Gum6, Greg6Gum66, Greg66Gum66, Greg66Gum77, Greg77Gum77A, Greg77AGum78, Greg78Gum8, Greg8gum87, Greg87Gum88, Greg88Gum99, Greg99Gum99, Greg99Gum999, Greg999hil, akIE, MatteoIl Terzo, matteoJ, DJk, AbcdJK, QA1JK, ShintoJK, ShintoJK, ShintoJK, ShintoJK, ShintoJK, ShintoJK, ShintoJK, ShintoJK, ShintoJK, ShintoJK, ShintoJK, ShintoJK, ShintoJK, ShintoJK, ShintoJK, ShintoJK, ShintoJK, ShintoJK, ShintoJK, ShintoJK, ShintoJK, ShintoJK, ShintoJK, ShintoJK, ShintoJK, ShintoJK, shintoJK, ShintoJK, ShintoJK, ShintoJK, ShintoJK, ShintoJK, ShintoJK, Shinto-test3JK, TesterJK-2018, ShintoJK-2020, ShintoJK-2020, ShintoJones, JoeJose, Ajanth TestJose, DennisKK, JKKK, JK_2018KK, ShintoKK, ShintoKK, ShintoKK, ShintoKringle, KrisLast Name, First NameLast Name, First NameLast Name, First NameLast Name, First NameLast Name, First NameLast Name, First NameLast Name, First NameLast Name, First NameLast Name, First NameLast Name, First NameLast Name, First NameLast Name, First NameLast Name, First NameLast Name, First NameLast Name, First NameLast Name, First NameLast Name, First NameLast Name, First NameLast Name, First Namelast name, namelast name, namelast name, namelast name, namelast name, namelast name, namelast name, namelast, akLast, TestLast, TestLast, TestLast, TestLast, TestLast, TestLast, TestLast, TestLast, TestLast, TestLast, TestLast, TestLast, TestLast, TestLast, TestLast, TestLast, TestLast, TestLast, Testlast111111ghg ghghghlghlglhlglhgll glhglhlghlglhlgl hglhglhlghl lglhglhlghlglhlghlglhlgh lghlghlglhglhlglhgl lghlglhglhlghlglhlghlgllhlluoiouiouoiouoi ujgjlhg;ljhlgkjghjghkljghjghkljhjhjj;lhjh;lj;lh;l, akhil_firstlizana, davidLName, TestingLoehwing, AspasiaLoehwing, AspasiaLoehwing, AspasiaMassa, LucaMcDonald, RenataMcdonald, RenataMcDonald, RenataMcDonald, RenataMdy, ShintoMichaelson, Mikemiriam, jessicaMobile12, MatteoMR, Ajumustaffa, annNcDonald, Renatanuvoli, francescaOggi, VerificoOne, Pandaone, shintoOsborn, AlisonOsborn, AlisonOsborn, AlisonOsborn, AlisonOsborn, AlisonOsborn2, AlisonOzborn, AlisonPaiwonski, LenaPaoletti, FerdinandoPark, AndrewPasina, MassimoPatacca, GiorgioPedini, FedericoPlayer, EdgeCsrContractTestPlayer, PaulPortal, TestPortal, TestProfile, MattProva, TestQA1, ShintoQA1, Testqqq, 13/8/18qqq, qqqqqq, qqqqqqq, qqqR, AjR, AjR, AjanthR, AjanthR, AjanthR, AjanthR, AjanthR, AjanthRabbit, PeterRigamonti, ClaudioRigamonti, NicolaRossi, Francorossi, valeScanferla, CristoforoScarfone, JoeScoduti , Ivanasdfgdfg, sdfgsdgsdg, sdgsdgsdgsdg, sdgsdgsdgsdg, sfgsdfgsdsd, sdssdsd, Test Ajanthsdsdfdf, sddfdfdssdsdfdf, sddfdfdssdsdfdf, sddfdfdssdsdfdf, sddfdfdssdsdfdf, sddfdfdssdsdfdf, sddfdfdssdsdfdf, sddfdfdssdsdfdf, sddfdfdssdsdfdf, sddfdfdssdsdfdf, sddfdfdssdsdfdf, sddfdfdssdsdfdf, sddfdfdssdsdfdf, sddfdfdssdsdfdf, sddfdfdsSeven, PandaSilvesti, DanieleSK, JKSmoke_test, ShintoSmoke2, ShintoSmoke3, shintoSmoke3, shintoSmoke-Test (US), ShintoSmoke-Test (US), ShintoSmoke-Test, ShintoSmoke-Test, ShintoSocio, Secondostick, evasudhan, akhilT, Jessica t, tT, TestAssociateT1000, ShintoT12, ShintoT2, ShintoT40, ShintoATA11, Shintote, TestTest Assosiate, Test AssosiateTest, AjanthTest, AjanthTest, AjanthTest, Ajanth TestTest, Ajath Test123Test, AjTestTest, DennisTest, First nameTest, First nameTest, First nameTest, First nameTest, First nameTest, First nameTest, First nameTest, QA1Test, SeleniumTest, Shintotest, ShintoTest, ShintoTest, ShintoTest, Shinto-QATest, SKtest, testTest, TestTest, TestTest, TestTest, TestTest, TestTest, TestTest, Testtest, TestTest, Vipintest, Vofoxtest1Test1, QATest1, TestTest123, AjanthTest13, matteoTest2, AjanthTest2, Test2Test-2019, ShintoTest-2019, ShintoTest-2019, ShintoTest-2019, ShintoTest-2019, ShintoTest-2019, ShintoTest-2019, ShintoTest-2019, ShintoTest-2019, ShintoTest-2019, ShintoTest-2019, ShintoTest-2019, ShintoTest-2019, ShintoTest-2019, ShintoTest-2019, ShintoTest-2019, ShintoTest-2019, ShintoTest-2019, ShintoTest-2019, ShintoTest-2019, ShintoTest-2019, ShintoTest-2019, ShintoTest-2019, ShintoTest-2020, ShintoTest2040, ShintoTest223, AjanthTest333, AjanthTest4, AjanthTest423, AjanthTest5, Ajanth5Test523, AjanthTest60, ShintoTest623, AjanthtestA, ShintoTestA1, ShintoTestA1, ShintoTest-Associate-V1, Test-Associate-V1Tester, JCTester, JeanTester, JoeTester10, JeanTester11, JeanTester12, JeanTester13, JeanTester14, JeanTester15, JeanTester15, JeanTester16, JeanTester17, JeanTester18, Jean Tester2, Jean Tester21, JeanTester22, JeanTester23, JeanTester24, JeanTester25, JeanTestInvite, TestInvitetestt, testtText Last Name, Text First NameText Last Name, Text First NameText Last Name, Text First NameText Last Name, Text First NameText Last Name, Text First NameText Last Name, Text First NameText Last Name, Text First NameText Last Name, Text First NameText Last Name, Text First NameText Last Name, Text First NameText Last Name, Text First NameText Last Name, Text First NameText Last Name, Text First NameText Last Name, Text First NameText Last Name, Text First NameText Last Name, Text First NameText Last Name, Text First NameText Last Name, Text First NameText Last Name, Text First NameText Last Name, Text First NameText Last Name, Text First NameText Last Name, Text First NameText Last Name, Text First NameText Last Name, Text First NameText Last Name, Text First NameText Last Name, Text First NameText Last Name, Text First NameText Last Name, Text First NameText Last Name, Text First NameText Last Name, Text First Nametg, tjthandassery, akhilThree, PandaTuratti, CristoforoTwo, PandaTwomey, TonyTwomey, Tonyv , dcv Vaixx, IdanVangelica, Dafnevbbbbb, aaaaavbn, bnbvnVersione13, MatteoVertemati, Giovannivhv, rtvnf, vandanavvxvc, pouokiWood, DustyXjx, Dhxdhytytyty, ytyt
          ' or . = '
            Select Sponsor
             17, test Text Last Name,  Text First Name@@4434345@@@@@@@, pers11, Test111111, 111111212, 1211212, 12121212, 2121221, 212112345, Shinto12345, Shinto15, test18, test20, test200, 100200, Acc1002000, 100020000, 100020000, 1000020180725, Greg2020, Shinto2025, Shinto212, shinto212121, 212121222222, 33333323232, 323233, 231, test32323, 33232332, Test4434, 4521444, 444450, test51, testA, TestA1, ShintoAB, ShintoAB, ShintoAbc, testAbino, AntonioAgnese, IvanoAjanth, TestAjTest, TestAjAnalogo, MatteoArzuffi, Fabioasdas, sdasdAsf, 1000asg, asfAssociate, DuplicateAssociate, Test Badaduchi, JoeyBalbusso, GiacomoBalduzzi, GiacomoBandini, Georgebar, idanBar, Idanbar, idanBar, Idanbar, idanbar, idanBelotti, LuigiBeluschi, MarcoBenedetti, MarcelloBertolazza, GiuseppeBianchi, BiancaBing, Bella Blow, Joe Blow, JoeBlow, JoeBobev, Bobiboy, ya Bressani, FlaviaBrightly, AlanCarnevale, DaniloChalupsky, PaulChelin5, Jean5Cherchi, Stefanoclegane, aidaConti, CarloContractSignTest, EdgeCrickets, JiminyDamiani, ViolaDaniels, DanDat, TestData, TestDatabase, TestDDD, DDDDee, AlisonDeMotts, RobDeMotts, Rob2Demotts2, Rob2DeMotts3, Robertdennis test, dennis testDennis Test, Dennis TestDennis test2, Dennis test2dennis, dennisdh, dgfDias, Jose diaz, jddiff, akhilDoakes, JoeDoe, JohnDoe, JohnDoe, JohnDoe, JohnDoe, JohnDoe, JohnDoe, Johndoe, JohnDoe, JohnDoe, JohnDoe, JohnDoe, JohnDoe, JohnDoe, John Doe, John Doe, JohnDoe, JohnDoe, JohnDoe, JohnDoe, JohnDoe, JohnDoe, JohnDoe, JohnDoe, JuliaDoe, LeslieDoe, TestDoekeses, Johndsds, dsdsDunn, JuliaDyas, JerryDyas, JimEight, PandaEisenman, Hansemanuela, emanuelaemanuela, emanuelaEnglish, MatteoF, TonyFeinstein, JackFernandi, Robertofff, fffFive, PandaFour, Pandafrancesco, francescoG, DeniseG, Gregg, JerryG, Matteo 1/1/1980Galbiati, MatteoGalbiati, MatteoGalbiati, MatteoGalbiati, MatteoGalbiati, Matteo(gmail test)Galbiati11-23, Matteo3-30Galbiati2, Matteo2Galbiato, Matteogallinari, IvoGentile, DeniseGentile, Denise Gentile, Denise gjgj, gghdjGreen, JoeGum, BirthdateShouldBe20000101Gum, BTest3Gum, GregGum, GregGum, GregGum, GregGum, GregGum, GregGum, Greg_0608Gum, Greg_2018-09-17Gum, Greg_triggerTestGum, Greg_TriggerTest2gum, Greg0608AGum, Greg0608CGum, Greg0609Gum, Greg2018-09-22Gum, GregoryGum, Test2BirthdayShouldBe20000101Gum11, Greg11Gum19, Greg19Gum22, Greg22Gum22, Greg22Gum234, Greg234Gum44, GregGum44, Greg44Gum46, Greg46Gum5, Greg5Gum5, Greg5Gum51, Greg51Gum55, Greg22Gum55, Greg55Gum55, Greg55Gum55, Greg55Gum55, Greg55Gum6, Greg6Gum66, Greg66Gum66, Greg66Gum77, Greg77Gum77A, Greg77AGum78, Greg78Gum8, Greg8gum87, Greg87Gum88, Greg88Gum99, Greg99Gum99, Greg99Gum999, Greg999hil, akIE, MatteoIl Terzo, matteoJ, DJk, AbcdJK, QA1JK, ShintoJK, ShintoJK, ShintoJK, ShintoJK, ShintoJK, ShintoJK, ShintoJK, ShintoJK, ShintoJK, ShintoJK, ShintoJK, ShintoJK, ShintoJK, ShintoJK, ShintoJK, ShintoJK, ShintoJK, ShintoJK, ShintoJK, ShintoJK, ShintoJK, ShintoJK, ShintoJK, ShintoJK, ShintoJK, ShintoJK, shintoJK, ShintoJK, ShintoJK, ShintoJK, ShintoJK, ShintoJK, ShintoJK, Shinto-test3JK, TesterJK-2018, ShintoJK-2020, ShintoJK-2020, ShintoJones, JoeJose, Ajanth TestJose, DennisKK, JKKK, JK_2018KK, ShintoKK, ShintoKK, ShintoKK, ShintoKringle, KrisLast Name, First NameLast Name, First NameLast Name, First NameLast Name, First NameLast Name, First NameLast Name, First NameLast Name, First NameLast Name, First NameLast Name, First NameLast Name, First NameLast Name, First NameLast Name, First NameLast Name, First NameLast Name, First NameLast Name, First NameLast Name, First NameLast Name, First NameLast Name, First NameLast Name, First Namelast name, namelast name, namelast name, namelast name, namelast name, namelast name, namelast name, namelast, akLast, TestLast, TestLast, TestLast, TestLast, TestLast, TestLast, TestLast, TestLast, TestLast, TestLast, TestLast, TestLast, TestLast, TestLast, TestLast, TestLast, TestLast, TestLast, Testlast111111ghg ghghghlghlglhlglhgll glhglhlghlglhlgl hglhglhlghl lglhglhlghlglhlghlglhlgh lghlghlglhglhlglhgl lghlglhglhlghlglhlghlgllhlluoiouiouoiouoi ujgjlhg;ljhlgkjghjghkljghjghkljhjhjj;lhjh;lj;lh;l, akhil_firstlizana, davidLName, TestingLoehwing, AspasiaLoehwing, AspasiaLoehwing, AspasiaMassa, LucaMcDonald, RenataMcdonald, RenataMcDonald, RenataMcDonald, RenataMdy, ShintoMichaelson, Mikemiriam, jessicaMobile12, MatteoMR, Ajumustaffa, annNcDonald, Renatanuvoli, francescaOggi, VerificoOne, Pandaone, shintoOsborn, AlisonOsborn, AlisonOsborn, AlisonOsborn, AlisonOsborn, AlisonOsborn2, AlisonOzborn, AlisonPaiwonski, LenaPaoletti, FerdinandoPark, AndrewPasina, MassimoPatacca, GiorgioPedini, FedericoPlayer, EdgeCsrContractTestPlayer, PaulPortal, TestPortal, TestProfile, MattProva, TestQA1, ShintoQA1, Testqqq, 13/8/18qqq, qqqqqq, qqqqqqq, qqqR, AjR, AjR, AjanthR, AjanthR, AjanthR, AjanthR, AjanthR, AjanthRabbit, PeterRigamonti, ClaudioRigamonti, NicolaRossi, Francorossi, valeScanferla, CristoforoScarfone, JoeScoduti , Ivanasdfgdfg, sdfgsdgsdg, sdgsdgsdgsdg, sdgsdgsdgsdg, sfgsdfgsdsd, sdssdsd, Test Ajanthsdsdfdf, sddfdfdssdsdfdf, sddfdfdssdsdfdf, sddfdfdssdsdfdf, sddfdfdssdsdfdf, sddfdfdssdsdfdf, sddfdfdssdsdfdf, sddfdfdssdsdfdf, sddfdfdssdsdfdf, sddfdfdssdsdfdf, sddfdfdssdsdfdf, sddfdfdssdsdfdf, sddfdfdssdsdfdf, sddfdfdssdsdfdf, sddfdfdsSeven, PandaSilvesti, DanieleSK, JKSmoke_test, ShintoSmoke2, ShintoSmoke3, shintoSmoke3, shintoSmoke-Test (US), ShintoSmoke-Test (US), ShintoSmoke-Test, ShintoSmoke-Test, ShintoSocio, Secondostick, evasudhan, akhilT, Jessica t, tT, TestAssociateT1000, ShintoT12, ShintoT2, ShintoT40, ShintoATA11, Shintote, TestTest Assosiate, Test AssosiateTest, AjanthTest, AjanthTest, AjanthTest, Ajanth TestTest, Ajath Test123Test, AjTestTest, DennisTest, First nameTest, First nameTest, First nameTest, First nameTest, First nameTest, First nameTest, First nameTest, QA1Test, SeleniumTest, Shintotest, ShintoTest, ShintoTest, ShintoTest, Shinto-QATest, SKtest, testTest, TestTest, TestTest, TestTest, TestTest, TestTest, TestTest, Testtest, TestTest, Vipintest, Vofoxtest1Test1, QATest1, TestTest123, AjanthTest13, matteoTest2, AjanthTest2, Test2Test-2019, ShintoTest-2019, ShintoTest-2019, ShintoTest-2019, ShintoTest-2019, ShintoTest-2019, ShintoTest-2019, ShintoTest-2019, ShintoTest-2019, ShintoTest-2019, ShintoTest-2019, ShintoTest-2019, ShintoTest-2019, ShintoTest-2019, ShintoTest-2019, ShintoTest-2019, ShintoTest-2019, ShintoTest-2019, ShintoTest-2019, ShintoTest-2019, ShintoTest-2019, ShintoTest-2019, ShintoTest-2019, ShintoTest-2020, ShintoTest2040, ShintoTest223, AjanthTest333, AjanthTest4, AjanthTest423, AjanthTest5, Ajanth5Test523, AjanthTest60, ShintoTest623, AjanthtestA, ShintoTestA1, ShintoTestA1, ShintoTest-Associate-V1, Test-Associate-V1Tester, JCTester, JeanTester, JoeTester10, JeanTester11, JeanTester12, JeanTester13, JeanTester14, JeanTester15, JeanTester15, JeanTester16, JeanTester17, JeanTester18, Jean Tester2, Jean Tester21, JeanTester22, JeanTester23, JeanTester24, JeanTester25, JeanTestInvite, TestInvitetestt, testtText Last Name, Text First NameText Last Name, Text First NameText Last Name, Text First NameText Last Name, Text First NameText Last Name, Text First NameText Last Name, Text First NameText Last Name, Text First NameText Last Name, Text First NameText Last Name, Text First NameText Last Name, Text First NameText Last Name, Text First NameText Last Name, Text First NameText Last Name, Text First NameText Last Name, Text First NameText Last Name, Text First NameText Last Name, Text First NameText Last Name, Text First NameText Last Name, Text First NameText Last Name, Text First NameText Last Name, Text First NameText Last Name, Text First NameText Last Name, Text First NameText Last Name, Text First NameText Last Name, Text First NameText Last Name, Text First NameText Last Name, Text First NameText Last Name, Text First NameText Last Name, Text First NameText Last Name, Text First NameText Last Name, Text First Nametg, tjthandassery, akhilThree, PandaTuratti, CristoforoTwo, PandaTwomey, TonyTwomey, Tonyv , dcv Vaixx, IdanVangelica, Dafnevbbbbb, aaaaavbn, bnbvnVersione13, MatteoVertemati, Giovannivhv, rtvnf, vandanavvxvc, pouokiWood, DustyXjx, Dhxdhytytyty, ytyt
          ')]' not found)
	at com.kms.katalon.core.keyword.internal.KeywordMain.stepFailed(KeywordMain.groovy:36)
	at com.kms.katalon.core.webui.keyword.internal.WebUIKeywordMain.stepFailed(WebUIKeywordMain.groovy:65)
	at com.kms.katalon.core.webui.keyword.internal.WebUIKeywordMain.runKeyword(WebUIKeywordMain.groovy:27)
	at com.kms.katalon.core.webui.keyword.builtin.SelectAllOptionKeyword.selectAllOption(SelectAllOptionKeyword.groovy:85)
	at com.kms.katalon.core.webui.keyword.builtin.SelectAllOptionKeyword.execute(SelectAllOptionKeyword.groovy:67)
	at com.kms.katalon.core.keyword.internal.KeywordExecutor.executeKeywordForPlatform(KeywordExecutor.groovy:53)
	at com.kms.katalon.core.webui.keyword.WebUiBuiltInKeywords.selectAllOption(WebUiBuiltInKeywords.groovy:1165)
	at com.kms.katalon.core.webui.keyword.WebUiBuiltInKeywords$selectAllOption$7.call(Unknown Source)
	at org.codehaus.groovy.runtime.callsite.CallSiteArray.defaultCall(CallSiteArray.java:48)
	at org.codehaus.groovy.runtime.callsite.AbstractCallSite.call(AbstractCallSite.java:113)
	at org.codehaus.groovy.runtime.callsite.AbstractCallSite.call(AbstractCallSite.java:125)
	at Script1540372863282.run(Script1540372863282.groovy:63)
	at com.kms.katalon.core.main.ScriptEngine.run(ScriptEngine.java:183)
	at com.kms.katalon.core.main.ScriptEngine.runScriptAsRawText(ScriptEngine.java:108)
	at com.kms.katalon.core.main.TestCaseExecutor.runScript(TestCaseExecutor.java:294)
	at com.kms.katalon.core.main.TestCaseExecutor.doExecute(TestCaseExecutor.java:285)
	at com.kms.katalon.core.main.TestCaseExecutor.processExecutionPhase(TestCaseExecutor.java:264)
	at com.kms.katalon.core.main.TestCaseExecutor.accessMainPhase(TestCaseExecutor.java:256)
	at com.kms.katalon.core.main.TestCaseExecutor.execute(TestCaseExecutor.java:200)
	at com.kms.katalon.core.main.TestSuiteExecutor.accessTestCaseMainPhase(TestSuiteExecutor.java:129)
	at com.kms.katalon.core.main.TestSuiteExecutor.accessTestSuiteMainPhase(TestSuiteExecutor.java:112)
	at com.kms.katalon.core.main.TestSuiteExecutor.execute(TestSuiteExecutor.java:81)
	at com.kms.katalon.core.main.TestCaseMain.startTestSuite(TestCaseMain.java:142)
	at com.kms.katalon.core.main.TestCaseMain$startTestSuite$0.call(Unknown Source)
	at org.codehaus.groovy.runtime.callsite.CallSiteArray.defaultCall(CallSiteArray.java:48)
	at org.codehaus.groovy.runtime.callsite.AbstractCallSite.call(AbstractCallSite.java:113)
	at org.codehaus.groovy.runtime.callsite.AbstractCallSite.call(AbstractCallSite.java:141)
	at TempTestSuite1542031977124.run(TempTestSuite1542031977124.groovy:36)
	at groovy.lang.GroovyShell.runScriptOrMainOrTestOrRunnable(GroovyShell.java:263)
	at groovy.lang.GroovyShell.run(GroovyShell.java:518)
	at groovy.lang.GroovyShell.run(GroovyShell.java:507)
	at groovy.ui.GroovyMain.processOnce(GroovyMain.java:653)
	at groovy.ui.GroovyMain.run(GroovyMain.java:384)
	at groovy.ui.GroovyMain.process(GroovyMain.java:370)
	at groovy.ui.GroovyMain.processArgs(GroovyMain.java:129)
	at groovy.ui.GroovyMain.main(GroovyMain.java:109)
	at sun.reflect.NativeMethodAccessorImpl.invoke0(Native Method)
	at sun.reflect.NativeMethodAccessorImpl.invoke(NativeMethodAccessorImpl.java:62)
	at sun.reflect.DelegatingMethodAccessorImpl.invoke(DelegatingMethodAccessorImpl.java:43)
	at java.lang.reflect.Method.invoke(Method.java:498)
	at org.codehaus.groovy.tools.GroovyStarter.rootLoader(GroovyStarter.java:109)
	at org.codehaus.groovy.tools.GroovyStarter.main(GroovyStarter.java:131)
)"/>
         <system-out><![CDATA[2018-11-12 20:00:30 - [TEST_CASE][FAILED] - Test Cases/Associate Application/My Downline/TCBA01604: Test Cases/Associate Application/My Downline/TCBA01604 FAILED because (of) (Stack trace: com.kms.katalon.core.exception.StepFailedException: Unable to select all options on object 'Object Repository/My Downline/Page_My Downline  5-15/select_Select Sponsor' (Root cause: com.kms.katalon.core.webui.exception.WebElementNotFoundException: Web element with id: 'Object Repository/My Downline/Page_My Downline  5-15/select_Select Sponsor' located by 'By.xpath: //select[(text() = '
            Select Sponsor
             17, test Text Last Name,  Text First Name@@4434345@@@@@@@, pers11, Test111111, 111111212, 1211212, 12121212, 2121221, 212112345, Shinto12345, Shinto15, test18, test20, test200, 100200, Acc1002000, 100020000, 100020000, 1000020180725, Greg2020, Shinto2025, Shinto212, shinto212121, 212121222222, 33333323232, 323233, 231, test32323, 33232332, Test4434, 4521444, 444450, test51, testA, TestA1, ShintoAB, ShintoAB, ShintoAbc, testAbino, AntonioAgnese, IvanoAjanth, TestAjTest, TestAjAnalogo, MatteoArzuffi, Fabioasdas, sdasdAsf, 1000asg, asfAssociate, DuplicateAssociate, Test Badaduchi, JoeyBalbusso, GiacomoBalduzzi, GiacomoBandini, Georgebar, idanBar, Idanbar, idanBar, Idanbar, idanbar, idanBelotti, LuigiBeluschi, MarcoBenedetti, MarcelloBertolazza, GiuseppeBianchi, BiancaBing, Bella Blow, Joe Blow, JoeBlow, JoeBobev, Bobiboy, ya Bressani, FlaviaBrightly, AlanCarnevale, DaniloChalupsky, PaulChelin5, Jean5Cherchi, Stefanoclegane, aidaConti, CarloContractSignTest, EdgeCrickets, JiminyDamiani, ViolaDaniels, DanDat, TestData, TestDatabase, TestDDD, DDDDee, AlisonDeMotts, RobDeMotts, Rob2Demotts2, Rob2DeMotts3, Robertdennis test, dennis testDennis Test, Dennis TestDennis test2, Dennis test2dennis, dennisdh, dgfDias, Jose diaz, jddiff, akhilDoakes, JoeDoe, JohnDoe, JohnDoe, JohnDoe, JohnDoe, JohnDoe, JohnDoe, Johndoe, JohnDoe, JohnDoe, JohnDoe, JohnDoe, JohnDoe, JohnDoe, John Doe, John Doe, JohnDoe, JohnDoe, JohnDoe, JohnDoe, JohnDoe, JohnDoe, JohnDoe, JohnDoe, JuliaDoe, LeslieDoe, TestDoekeses, Johndsds, dsdsDunn, JuliaDyas, JerryDyas, JimEight, PandaEisenman, Hansemanuela, emanuelaemanuela, emanuelaEnglish, MatteoF, TonyFeinstein, JackFernandi, Robertofff, fffFive, PandaFour, Pandafrancesco, francescoG, DeniseG, Gregg, JerryG, Matteo 1/1/1980Galbiati, MatteoGalbiati, MatteoGalbiati, MatteoGalbiati, MatteoGalbiati, Matteo(gmail test)Galbiati11-23, Matteo3-30Galbiati2, Matteo2Galbiato, Matteogallinari, IvoGentile, DeniseGentile, Denise Gentile, Denise gjgj, gghdjGreen, JoeGum, BirthdateShouldBe20000101Gum, BTest3Gum, GregGum, GregGum, GregGum, GregGum, GregGum, GregGum, Greg_0608Gum, Greg_2018-09-17Gum, Greg_triggerTestGum, Greg_TriggerTest2gum, Greg0608AGum, Greg0608CGum, Greg0609Gum, Greg2018-09-22Gum, GregoryGum, Test2BirthdayShouldBe20000101Gum11, Greg11Gum19, Greg19Gum22, Greg22Gum22, Greg22Gum234, Greg234Gum44, GregGum44, Greg44Gum46, Greg46Gum5, Greg5Gum5, Greg5Gum51, Greg51Gum55, Greg22Gum55, Greg55Gum55, Greg55Gum55, Greg55Gum55, Greg55Gum6, Greg6Gum66, Greg66Gum66, Greg66Gum77, Greg77Gum77A, Greg77AGum78, Greg78Gum8, Greg8gum87, Greg87Gum88, Greg88Gum99, Greg99Gum99, Greg99Gum999, Greg999hil, akIE, MatteoIl Terzo, matteoJ, DJk, AbcdJK, QA1JK, ShintoJK, ShintoJK, ShintoJK, ShintoJK, ShintoJK, ShintoJK, ShintoJK, ShintoJK, ShintoJK, ShintoJK, ShintoJK, ShintoJK, ShintoJK, ShintoJK, ShintoJK, ShintoJK, ShintoJK, ShintoJK, ShintoJK, ShintoJK, ShintoJK, ShintoJK, ShintoJK, ShintoJK, ShintoJK, ShintoJK, shintoJK, ShintoJK, ShintoJK, ShintoJK, ShintoJK, ShintoJK, ShintoJK, Shinto-test3JK, TesterJK-2018, ShintoJK-2020, ShintoJK-2020, ShintoJones, JoeJose, Ajanth TestJose, DennisKK, JKKK, JK_2018KK, ShintoKK, ShintoKK, ShintoKK, ShintoKringle, KrisLast Name, First NameLast Name, First NameLast Name, First NameLast Name, First NameLast Name, First NameLast Name, First NameLast Name, First NameLast Name, First NameLast Name, First NameLast Name, First NameLast Name, First NameLast Name, First NameLast Name, First NameLast Name, First NameLast Name, First NameLast Name, First NameLast Name, First NameLast Name, First NameLast Name, First Namelast name, namelast name, namelast name, namelast name, namelast name, namelast name, namelast name, namelast, akLast, TestLast, TestLast, TestLast, TestLast, TestLast, TestLast, TestLast, TestLast, TestLast, TestLast, TestLast, TestLast, TestLast, TestLast, TestLast, TestLast, TestLast, TestLast, Testlast111111ghg ghghghlghlglhlglhgll glhglhlghlglhlgl hglhglhlghl lglhglhlghlglhlghlglhlgh lghlghlglhglhlglhgl lghlglhglhlghlglhlghlgllhlluoiouiouoiouoi ujgjlhg;ljhlgkjghjghkljghjghkljhjhjj;lhjh;lj;lh;l, akhil_firstlizana, davidLName, TestingLoehwing, AspasiaLoehwing, AspasiaLoehwing, AspasiaMassa, LucaMcDonald, RenataMcdonald, RenataMcDonald, RenataMcDonald, RenataMdy, ShintoMichaelson, Mikemiriam, jessicaMobile12, MatteoMR, Ajumustaffa, annNcDonald, Renatanuvoli, francescaOggi, VerificoOne, Pandaone, shintoOsborn, AlisonOsborn, AlisonOsborn, AlisonOsborn, AlisonOsborn, AlisonOsborn2, AlisonOzborn, AlisonPaiwonski, LenaPaoletti, FerdinandoPark, AndrewPasina, MassimoPatacca, GiorgioPedini, FedericoPlayer, EdgeCsrContractTestPlayer, PaulPortal, TestPortal, TestProfile, MattProva, TestQA1, ShintoQA1, Testqqq, 13/8/18qqq, qqqqqq, qqqqqqq, qqqR, AjR, AjR, AjanthR, AjanthR, AjanthR, AjanthR, AjanthR, AjanthRabbit, PeterRigamonti, ClaudioRigamonti, NicolaRossi, Francorossi, valeScanferla, CristoforoScarfone, JoeScoduti , Ivanasdfgdfg, sdfgsdgsdg, sdgsdgsdgsdg, sdgsdgsdgsdg, sfgsdfgsdsd, sdssdsd, Test Ajanthsdsdfdf, sddfdfdssdsdfdf, sddfdfdssdsdfdf, sddfdfdssdsdfdf, sddfdfdssdsdfdf, sddfdfdssdsdfdf, sddfdfdssdsdfdf, sddfdfdssdsdfdf, sddfdfdssdsdfdf, sddfdfdssdsdfdf, sddfdfdssdsdfdf, sddfdfdssdsdfdf, sddfdfdssdsdfdf, sddfdfdssdsdfdf, sddfdfdsSeven, PandaSilvesti, DanieleSK, JKSmoke_test, ShintoSmoke2, ShintoSmoke3, shintoSmoke3, shintoSmoke-Test (US), ShintoSmoke-Test (US), ShintoSmoke-Test, ShintoSmoke-Test, ShintoSocio, Secondostick, evasudhan, akhilT, Jessica t, tT, TestAssociateT1000, ShintoT12, ShintoT2, ShintoT40, ShintoATA11, Shintote, TestTest Assosiate, Test AssosiateTest, AjanthTest, AjanthTest, AjanthTest, Ajanth TestTest, Ajath Test123Test, AjTestTest, DennisTest, First nameTest, First nameTest, First nameTest, First nameTest, First nameTest, First nameTest, First nameTest, QA1Test, SeleniumTest, Shintotest, ShintoTest, ShintoTest, ShintoTest, Shinto-QATest, SKtest, testTest, TestTest, TestTest, TestTest, TestTest, TestTest, TestTest, Testtest, TestTest, Vipintest, Vofoxtest1Test1, QATest1, TestTest123, AjanthTest13, matteoTest2, AjanthTest2, Test2Test-2019, ShintoTest-2019, ShintoTest-2019, ShintoTest-2019, ShintoTest-2019, ShintoTest-2019, ShintoTest-2019, ShintoTest-2019, ShintoTest-2019, ShintoTest-2019, ShintoTest-2019, ShintoTest-2019, ShintoTest-2019, ShintoTest-2019, ShintoTest-2019, ShintoTest-2019, ShintoTest-2019, ShintoTest-2019, ShintoTest-2019, ShintoTest-2019, ShintoTest-2019, ShintoTest-2019, ShintoTest-2019, ShintoTest-2020, ShintoTest2040, ShintoTest223, AjanthTest333, AjanthTest4, AjanthTest423, AjanthTest5, Ajanth5Test523, AjanthTest60, ShintoTest623, AjanthtestA, ShintoTestA1, ShintoTestA1, ShintoTest-Associate-V1, Test-Associate-V1Tester, JCTester, JeanTester, JoeTester10, JeanTester11, JeanTester12, JeanTester13, JeanTester14, JeanTester15, JeanTester15, JeanTester16, JeanTester17, JeanTester18, Jean Tester2, Jean Tester21, JeanTester22, JeanTester23, JeanTester24, JeanTester25, JeanTestInvite, TestInvitetestt, testtText Last Name, Text First NameText Last Name, Text First NameText Last Name, Text First NameText Last Name, Text First NameText Last Name, Text First NameText Last Name, Text First NameText Last Name, Text First NameText Last Name, Text First NameText Last Name, Text First NameText Last Name, Text First NameText Last Name, Text First NameText Last Name, Text First NameText Last Name, Text First NameText Last Name, Text First NameText Last Name, Text First NameText Last Name, Text First NameText Last Name, Text First NameText Last Name, Text First NameText Last Name, Text First NameText Last Name, Text First NameText Last Name, Text First NameText Last Name, Text First NameText Last Name, Text First NameText Last Name, Text First NameText Last Name, Text First NameText Last Name, Text First NameText Last Name, Text First NameText Last Name, Text First NameText Last Name, Text First NameText Last Name, Text First Nametg, tjthandassery, akhilThree, PandaTuratti, CristoforoTwo, PandaTwomey, TonyTwomey, Tonyv , dcv Vaixx, IdanVangelica, Dafnevbbbbb, aaaaavbn, bnbvnVersione13, MatteoVertemati, Giovannivhv, rtvnf, vandanavvxvc, pouokiWood, DustyXjx, Dhxdhytytyty, ytyt
          ' or . = '
            Select Sponsor
             17, test Text Last Name,  Text First Name@@4434345@@@@@@@, pers11, Test111111, 111111212, 1211212, 12121212, 2121221, 212112345, Shinto12345, Shinto15, test18, test20, test200, 100200, Acc1002000, 100020000, 100020000, 1000020180725, Greg2020, Shinto2025, Shinto212, shinto212121, 212121222222, 33333323232, 323233, 231, test32323, 33232332, Test4434, 4521444, 444450, test51, testA, TestA1, ShintoAB, ShintoAB, ShintoAbc, testAbino, AntonioAgnese, IvanoAjanth, TestAjTest, TestAjAnalogo, MatteoArzuffi, Fabioasdas, sdasdAsf, 1000asg, asfAssociate, DuplicateAssociate, Test Badaduchi, JoeyBalbusso, GiacomoBalduzzi, GiacomoBandini, Georgebar, idanBar, Idanbar, idanBar, Idanbar, idanbar, idanBelotti, LuigiBeluschi, MarcoBenedetti, MarcelloBertolazza, GiuseppeBianchi, BiancaBing, Bella Blow, Joe Blow, JoeBlow, JoeBobev, Bobiboy, ya Bressani, FlaviaBrightly, AlanCarnevale, DaniloChalupsky, PaulChelin5, Jean5Cherchi, Stefanoclegane, aidaConti, CarloContractSignTest, EdgeCrickets, JiminyDamiani, ViolaDaniels, DanDat, TestData, TestDatabase, TestDDD, DDDDee, AlisonDeMotts, RobDeMotts, Rob2Demotts2, Rob2DeMotts3, Robertdennis test, dennis testDennis Test, Dennis TestDennis test2, Dennis test2dennis, dennisdh, dgfDias, Jose diaz, jddiff, akhilDoakes, JoeDoe, JohnDoe, JohnDoe, JohnDoe, JohnDoe, JohnDoe, JohnDoe, Johndoe, JohnDoe, JohnDoe, JohnDoe, JohnDoe, JohnDoe, JohnDoe, John Doe, John Doe, JohnDoe, JohnDoe, JohnDoe, JohnDoe, JohnDoe, JohnDoe, JohnDoe, JohnDoe, JuliaDoe, LeslieDoe, TestDoekeses, Johndsds, dsdsDunn, JuliaDyas, JerryDyas, JimEight, PandaEisenman, Hansemanuela, emanuelaemanuela, emanuelaEnglish, MatteoF, TonyFeinstein, JackFernandi, Robertofff, fffFive, PandaFour, Pandafrancesco, francescoG, DeniseG, Gregg, JerryG, Matteo 1/1/1980Galbiati, MatteoGalbiati, MatteoGalbiati, MatteoGalbiati, MatteoGalbiati, Matteo(gmail test)Galbiati11-23, Matteo3-30Galbiati2, Matteo2Galbiato, Matteogallinari, IvoGentile, DeniseGentile, Denise Gentile, Denise gjgj, gghdjGreen, JoeGum, BirthdateShouldBe20000101Gum, BTest3Gum, GregGum, GregGum, GregGum, GregGum, GregGum, GregGum, Greg_0608Gum, Greg_2018-09-17Gum, Greg_triggerTestGum, Greg_TriggerTest2gum, Greg0608AGum, Greg0608CGum, Greg0609Gum, Greg2018-09-22Gum, GregoryGum, Test2BirthdayShouldBe20000101Gum11, Greg11Gum19, Greg19Gum22, Greg22Gum22, Greg22Gum234, Greg234Gum44, GregGum44, Greg44Gum46, Greg46Gum5, Greg5Gum5, Greg5Gum51, Greg51Gum55, Greg22Gum55, Greg55Gum55, Greg55Gum55, Greg55Gum55, Greg55Gum6, Greg6Gum66, Greg66Gum66, Greg66Gum77, Greg77Gum77A, Greg77AGum78, Greg78Gum8, Greg8gum87, Greg87Gum88, Greg88Gum99, Greg99Gum99, Greg99Gum999, Greg999hil, akIE, MatteoIl Terzo, matteoJ, DJk, AbcdJK, QA1JK, ShintoJK, ShintoJK, ShintoJK, ShintoJK, ShintoJK, ShintoJK, ShintoJK, ShintoJK, ShintoJK, ShintoJK, ShintoJK, ShintoJK, ShintoJK, ShintoJK, ShintoJK, ShintoJK, ShintoJK, ShintoJK, ShintoJK, ShintoJK, ShintoJK, ShintoJK, ShintoJK, ShintoJK, ShintoJK, ShintoJK, shintoJK, ShintoJK, ShintoJK, ShintoJK, ShintoJK, ShintoJK, ShintoJK, Shinto-test3JK, TesterJK-2018, ShintoJK-2020, ShintoJK-2020, ShintoJones, JoeJose, Ajanth TestJose, DennisKK, JKKK, JK_2018KK, ShintoKK, ShintoKK, ShintoKK, ShintoKringle, KrisLast Name, First NameLast Name, First NameLast Name, First NameLast Name, First NameLast Name, First NameLast Name, First NameLast Name, First NameLast Name, First NameLast Name, First NameLast Name, First NameLast Name, First NameLast Name, First NameLast Name, First NameLast Name, First NameLast Name, First NameLast Name, First NameLast Name, First NameLast Name, First NameLast Name, First Namelast name, namelast name, namelast name, namelast name, namelast name, namelast name, namelast name, namelast, akLast, TestLast, TestLast, TestLast, TestLast, TestLast, TestLast, TestLast, TestLast, TestLast, TestLast, TestLast, TestLast, TestLast, TestLast, TestLast, TestLast, TestLast, TestLast, Testlast111111ghg ghghghlghlglhlglhgll glhglhlghlglhlgl hglhglhlghl lglhglhlghlglhlghlglhlgh lghlghlglhglhlglhgl lghlglhglhlghlglhlghlgllhlluoiouiouoiouoi ujgjlhg;ljhlgkjghjghkljghjghkljhjhjj;lhjh;lj;lh;l, akhil_firstlizana, davidLName, TestingLoehwing, AspasiaLoehwing, AspasiaLoehwing, AspasiaMassa, LucaMcDonald, RenataMcdonald, RenataMcDonald, RenataMcDonald, RenataMdy, ShintoMichaelson, Mikemiriam, jessicaMobile12, MatteoMR, Ajumustaffa, annNcDonald, Renatanuvoli, francescaOggi, VerificoOne, Pandaone, shintoOsborn, AlisonOsborn, AlisonOsborn, AlisonOsborn, AlisonOsborn, AlisonOsborn2, AlisonOzborn, AlisonPaiwonski, LenaPaoletti, FerdinandoPark, AndrewPasina, MassimoPatacca, GiorgioPedini, FedericoPlayer, EdgeCsrContractTestPlayer, PaulPortal, TestPortal, TestProfile, MattProva, TestQA1, ShintoQA1, Testqqq, 13/8/18qqq, qqqqqq, qqqqqqq, qqqR, AjR, AjR, AjanthR, AjanthR, AjanthR, AjanthR, AjanthR, AjanthRabbit, PeterRigamonti, ClaudioRigamonti, NicolaRossi, Francorossi, valeScanferla, CristoforoScarfone, JoeScoduti , Ivanasdfgdfg, sdfgsdgsdg, sdgsdgsdgsdg, sdgsdgsdgsdg, sfgsdfgsdsd, sdssdsd, Test Ajanthsdsdfdf, sddfdfdssdsdfdf, sddfdfdssdsdfdf, sddfdfdssdsdfdf, sddfdfdssdsdfdf, sddfdfdssdsdfdf, sddfdfdssdsdfdf, sddfdfdssdsdfdf, sddfdfdssdsdfdf, sddfdfdssdsdfdf, sddfdfdssdsdfdf, sddfdfdssdsdfdf, sddfdfdssdsdfdf, sddfdfdssdsdfdf, sddfdfdsSeven, PandaSilvesti, DanieleSK, JKSmoke_test, ShintoSmoke2, ShintoSmoke3, shintoSmoke3, shintoSmoke-Test (US), ShintoSmoke-Test (US), ShintoSmoke-Test, ShintoSmoke-Test, ShintoSocio, Secondostick, evasudhan, akhilT, Jessica t, tT, TestAssociateT1000, ShintoT12, ShintoT2, ShintoT40, ShintoATA11, Shintote, TestTest Assosiate, Test AssosiateTest, AjanthTest, AjanthTest, AjanthTest, Ajanth TestTest, Ajath Test123Test, AjTestTest, DennisTest, First nameTest, First nameTest, First nameTest, First nameTest, First nameTest, First nameTest, First nameTest, QA1Test, SeleniumTest, Shintotest, ShintoTest, ShintoTest, ShintoTest, Shinto-QATest, SKtest, testTest, TestTest, TestTest, TestTest, TestTest, TestTest, TestTest, Testtest, TestTest, Vipintest, Vofoxtest1Test1, QATest1, TestTest123, AjanthTest13, matteoTest2, AjanthTest2, Test2Test-2019, ShintoTest-2019, ShintoTest-2019, ShintoTest-2019, ShintoTest-2019, ShintoTest-2019, ShintoTest-2019, ShintoTest-2019, ShintoTest-2019, ShintoTest-2019, ShintoTest-2019, ShintoTest-2019, ShintoTest-2019, ShintoTest-2019, ShintoTest-2019, ShintoTest-2019, ShintoTest-2019, ShintoTest-2019, ShintoTest-2019, ShintoTest-2019, ShintoTest-2019, ShintoTest-2019, ShintoTest-2019, ShintoTest-2020, ShintoTest2040, ShintoTest223, AjanthTest333, AjanthTest4, AjanthTest423, AjanthTest5, Ajanth5Test523, AjanthTest60, ShintoTest623, AjanthtestA, ShintoTestA1, ShintoTestA1, ShintoTest-Associate-V1, Test-Associate-V1Tester, JCTester, JeanTester, JoeTester10, JeanTester11, JeanTester12, JeanTester13, JeanTester14, JeanTester15, JeanTester15, JeanTester16, JeanTester17, JeanTester18, Jean Tester2, Jean Tester21, JeanTester22, JeanTester23, JeanTester24, JeanTester25, JeanTestInvite, TestInvitetestt, testtText Last Name, Text First NameText Last Name, Text First NameText Last Name, Text First NameText Last Name, Text First NameText Last Name, Text First NameText Last Name, Text First NameText Last Name, Text First NameText Last Name, Text First NameText Last Name, Text First NameText Last Name, Text First NameText Last Name, Text First NameText Last Name, Text First NameText Last Name, Text First NameText Last Name, Text First NameText Last Name, Text First NameText Last Name, Text First NameText Last Name, Text First NameText Last Name, Text First NameText Last Name, Text First NameText Last Name, Text First NameText Last Name, Text First NameText Last Name, Text First NameText Last Name, Text First NameText Last Name, Text First NameText Last Name, Text First NameText Last Name, Text First NameText Last Name, Text First NameText Last Name, Text First NameText Last Name, Text First NameText Last Name, Text First Nametg, tjthandassery, akhilThree, PandaTuratti, CristoforoTwo, PandaTwomey, TonyTwomey, Tonyv , dcv Vaixx, IdanVangelica, Dafnevbbbbb, aaaaavbn, bnbvnVersione13, MatteoVertemati, Giovannivhv, rtvnf, vandanavvxvc, pouokiWood, DustyXjx, Dhxdhytytyty, ytyt
          ')]' not found)
	at com.kms.katalon.core.keyword.internal.KeywordMain.stepFailed(KeywordMain.groovy:36)
	at com.kms.katalon.core.webui.keyword.internal.WebUIKeywordMain.stepFailed(WebUIKeywordMain.groovy:65)
	at com.kms.katalon.core.webui.keyword.internal.WebUIKeywordMain.runKeyword(WebUIKeywordMain.groovy:27)
	at com.kms.katalon.core.webui.keyword.builtin.SelectAllOptionKeyword.selectAllOption(SelectAllOptionKeyword.groovy:85)
	at com.kms.katalon.core.webui.keyword.builtin.SelectAllOptionKeyword.execute(SelectAllOptionKeyword.groovy:67)
	at com.kms.katalon.core.keyword.internal.KeywordExecutor.executeKeywordForPlatform(KeywordExecutor.groovy:53)
	at com.kms.katalon.core.webui.keyword.WebUiBuiltInKeywords.selectAllOption(WebUiBuiltInKeywords.groovy:1165)
	at com.kms.katalon.core.webui.keyword.WebUiBuiltInKeywords$selectAllOption$7.call(Unknown Source)
	at org.codehaus.groovy.runtime.callsite.CallSiteArray.defaultCall(CallSiteArray.java:48)
	at org.codehaus.groovy.runtime.callsite.AbstractCallSite.call(AbstractCallSite.java:113)
	at org.codehaus.groovy.runtime.callsite.AbstractCallSite.call(AbstractCallSite.java:125)
	at Script1540372863282.run(Script1540372863282.groovy:63)
	at com.kms.katalon.core.main.ScriptEngine.run(ScriptEngine.java:183)
	at com.kms.katalon.core.main.ScriptEngine.runScriptAsRawText(ScriptEngine.java:108)
	at com.kms.katalon.core.main.TestCaseExecutor.runScript(TestCaseExecutor.java:294)
	at com.kms.katalon.core.main.TestCaseExecutor.doExecute(TestCaseExecutor.java:285)
	at com.kms.katalon.core.main.TestCaseExecutor.processExecutionPhase(TestCaseExecutor.java:264)
	at com.kms.katalon.core.main.TestCaseExecutor.accessMainPhase(TestCaseExecutor.java:256)
	at com.kms.katalon.core.main.TestCaseExecutor.execute(TestCaseExecutor.java:200)
	at com.kms.katalon.core.main.TestSuiteExecutor.accessTestCaseMainPhase(TestSuiteExecutor.java:129)
	at com.kms.katalon.core.main.TestSuiteExecutor.accessTestSuiteMainPhase(TestSuiteExecutor.java:112)
	at com.kms.katalon.core.main.TestSuiteExecutor.execute(TestSuiteExecutor.java:81)
	at com.kms.katalon.core.main.TestCaseMain.startTestSuite(TestCaseMain.java:142)
	at com.kms.katalon.core.main.TestCaseMain$startTestSuite$0.call(Unknown Source)
	at org.codehaus.groovy.runtime.callsite.CallSiteArray.defaultCall(CallSiteArray.java:48)
	at org.codehaus.groovy.runtime.callsite.AbstractCallSite.call(AbstractCallSite.java:113)
	at org.codehaus.groovy.runtime.callsite.AbstractCallSite.call(AbstractCallSite.java:141)
	at TempTestSuite1542031977124.run(TempTestSuite1542031977124.groovy:36)
	at groovy.lang.GroovyShell.runScriptOrMainOrTestOrRunnable(GroovyShell.java:263)
	at groovy.lang.GroovyShell.run(GroovyShell.java:518)
	at groovy.lang.GroovyShell.run(GroovyShell.java:507)
	at groovy.ui.GroovyMain.processOnce(GroovyMain.java:653)
	at groovy.ui.GroovyMain.run(GroovyMain.java:384)
	at groovy.ui.GroovyMain.process(GroovyMain.java:370)
	at groovy.ui.GroovyMain.processArgs(GroovyMain.java:129)
	at groovy.ui.GroovyMain.main(GroovyMain.java:109)
	at sun.reflect.NativeMethodAccessorImpl.invoke0(Native Method)
	at sun.reflect.NativeMethodAccessorImpl.invoke(NativeMethodAccessorImpl.java:62)
	at sun.reflect.DelegatingMethodAccessorImpl.invoke(DelegatingMethodAccessorImpl.java:43)
	at java.lang.reflect.Method.invoke(Method.java:498)
	at org.codehaus.groovy.tools.GroovyStarter.rootLoader(GroovyStarter.java:109)
	at org.codehaus.groovy.tools.GroovyStarter.main(GroovyStarter.java:131)
)

2018-11-12 20:00:30 - [TEST_STEP][PASSED] - verifyElementText: Actual text and expected text of test object 'Object Repository/My Downline/Page_My Downline  5-15/th_Sponsor' are matched.

2018-11-12 20:00:30 - [MESSAGE][PASSED] - Actual text and expected text of test object 'Object Repository/My Downline/Page_My Downline  5-15/th_Sponsor' are matched.

2018-11-12 20:00:30 - [TEST_STEP][PASSED] - verifyElementText: Actual text and expected text of test object 'Object Repository/My Downline/Page_My Downline  5-15/th_Associate' are matched.

2018-11-12 20:00:30 - [MESSAGE][PASSED] - Actual text and expected text of test object 'Object Repository/My Downline/Page_My Downline  5-15/th_Associate' are matched.

2018-11-12 20:00:30 - [TEST_STEP][PASSED] - verifyElementText: Actual text and expected text of test object 'Object Repository/My Downline/Page_My Downline  5-15/th_Customer Energy Accounts' are matched.

2018-11-12 20:00:30 - [MESSAGE][PASSED] - Actual text and expected text of test object 'Object Repository/My Downline/Page_My Downline  5-15/th_Customer Energy Accounts' are matched.

2018-11-12 20:00:30 - [TEST_STEP][PASSED] - verifyElementText: Actual text and expected text of test object 'Object Repository/My Downline/Page_My Downline  5-15/div_Level' are matched.

2018-11-12 20:00:30 - [MESSAGE][PASSED] - Actual text and expected text of test object 'Object Repository/My Downline/Page_My Downline  5-15/div_Level' are matched.

2018-11-12 20:00:30 - [TEST_STEP][PASSED] - verifyElementText: Actual text and expected text of test object 'Object Repository/My Downline/Page_My Downline  5-15/div_Sponsor' are matched.

2018-11-12 20:00:30 - [MESSAGE][PASSED] - Actual text and expected text of test object 'Object Repository/My Downline/Page_My Downline  5-15/div_Sponsor' are matched.

2018-11-12 20:00:30 - [TEST_STEP][PASSED] - verifyElementText: Actual text and expected text of test object 'Object Repository/My Downline/Page_My Downline  5-15/div_Sponsor Email' are matched.

2018-11-12 20:00:30 - [MESSAGE][PASSED] - Actual text and expected text of test object 'Object Repository/My Downline/Page_My Downline  5-15/div_Sponsor Email' are matched.

2018-11-12 20:00:30 - [TEST_STEP][PASSED] - verifyElementText: Actual text and expected text of test object 'Object Repository/My Downline/Page_My Downline  5-15/div_Sponsor Mobile Phone' are matched.

2018-11-12 20:00:30 - [MESSAGE][PASSED] - Actual text and expected text of test object 'Object Repository/My Downline/Page_My Downline  5-15/div_Sponsor Mobile Phone' are matched.

2018-11-12 20:00:30 - [TEST_STEP][PASSED] - verifyElementText: Actual text and expected text of test object 'Object Repository/My Downline/Page_My Downline  5-15/div_Associate' are matched.

2018-11-12 20:00:30 - [MESSAGE][PASSED] - Actual text and expected text of test object 'Object Repository/My Downline/Page_My Downline  5-15/div_Associate' are matched.

2018-11-12 20:00:30 - [TEST_STEP][PASSED] - verifyElementText: Actual text and expected text of test object 'Object Repository/My Downline/Page_My Downline  5-15/div_Email' are matched.

2018-11-12 20:00:30 - [MESSAGE][PASSED] - Actual text and expected text of test object 'Object Repository/My Downline/Page_My Downline  5-15/div_Email' are matched.

2018-11-12 20:00:30 - [TEST_STEP][PASSED] - verifyElementText: Actual text and expected text of test object 'Object Repository/My Downline/Page_My Downline  5-15/div_Mobile Phone' are matched.

2018-11-12 20:00:30 - [MESSAGE][PASSED] - Actual text and expected text of test object 'Object Repository/My Downline/Page_My Downline  5-15/div_Mobile Phone' are matched.

2018-11-12 20:00:30 - [TEST_STEP][PASSED] - verifyElementText: Actual text and expected text of test object 'Object Repository/My Downline/Page_My Downline  5-15/div_Inactive Date' are matched.

2018-11-12 20:00:30 - [MESSAGE][PASSED] - Actual text and expected text of test object 'Object Repository/My Downline/Page_My Downline  5-15/div_Inactive Date' are matched.

2018-11-12 20:00:30 - [TEST_STEP][PASSED] - verifyElementText: Actual text and expected text of test object 'Object Repository/My Downline/Page_My Downline  5-15/div_Csr Status' are matched.

2018-11-12 20:00:30 - [MESSAGE][PASSED] - Actual text and expected text of test object 'Object Repository/My Downline/Page_My Downline  5-15/div_Csr Status' are matched.

2018-11-12 20:00:30 - [TEST_STEP][PASSED] - verifyElementText: Actual text and expected text of test object 'Object Repository/My Downline/Page_My Downline  5-15/div_Contract Signed Date' are matched.

2018-11-12 20:00:30 - [MESSAGE][PASSED] - Actual text and expected text of test object 'Object Repository/My Downline/Page_My Downline  5-15/div_Contract Signed Date' are matched.

2018-11-12 20:00:30 - [TEST_STEP][PASSED] - verifyElementText: Actual text and expected text of test object 'Object Repository/My Downline/Page_My Downline  5-15/div_CSR Title' are matched.

2018-11-12 20:00:31 - [MESSAGE][PASSED] - Actual text and expected text of test object 'Object Repository/My Downline/Page_My Downline  5-15/div_CSR Title' are matched.

2018-11-12 20:00:31 - [TEST_STEP][PASSED] - verifyElementText: Actual text and expected text of test object 'Object Repository/My Downline/Page_My Downline  5-15/div_Associate Count' are matched.

2018-11-12 20:00:31 - [MESSAGE][PASSED] - Actual text and expected text of test object 'Object Repository/My Downline/Page_My Downline  5-15/div_Associate Count' are matched.

2018-11-12 20:00:31 - [TEST_STEP][PASSED] - verifyElementText: Actual text and expected text of test object 'Object Repository/My Downline/Page_My Downline  5-15/div_Contract Count' are matched.

2018-11-12 20:00:31 - [MESSAGE][PASSED] - Actual text and expected text of test object 'Object Repository/My Downline/Page_My Downline  5-15/div_Contract Count' are matched.

2018-11-12 20:00:31 - [TEST_STEP][PASSED] - verifyElementText: Actual text and expected text of test object 'Object Repository/My Downline/Page_My Downline  5-15/div_Validated Contract Count' are matched.

2018-11-12 20:00:31 - [MESSAGE][PASSED] - Actual text and expected text of test object 'Object Repository/My Downline/Page_My Downline  5-15/div_Validated Contract Count' are matched.

2018-11-12 20:00:31 - [TEST_STEP][PASSED] - selectAllOption: All options are selected on object 'Object Repository/My Downline/Page_My Downline  5-15/select_Level 0            Leve'

2018-11-12 20:00:32 - [MESSAGE][PASSED] - All options are selected on object 'Object Repository/My Downline/Page_My Downline  5-15/select_Level 0            Leve'

2018-11-12 20:00:32 - [TEST_STEP][PASSED] - selectOptionByValue: All options with value '3' are selected in object 'Object Repository/My Downline/Page_My Downline  5-15/Start Level'  using regular expression

2018-11-12 20:00:32 - [MESSAGE][PASSED] - All options with value '3' are selected in object 'Object Repository/My Downline/Page_My Downline  5-15/Start Level'  using regular expression

2018-11-12 20:00:32 - [TEST_STEP][PASSED] - selectAllOption: All options are selected on object 'Object Repository/My Downline/Page_My Downline  5-15/select_Level 0            Leve'

2018-11-12 20:00:33 - [MESSAGE][PASSED] - All options are selected on object 'Object Repository/My Downline/Page_My Downline  5-15/select_Level 0            Leve'

2018-11-12 20:00:33 - [TEST_STEP][PASSED] - selectOptionByValue: All options with value '4' are selected in object 'Object Repository/My Downline/Page_My Downline  5-15/select_Level 0            Leve'  using regular expression

2018-11-12 20:00:33 - [MESSAGE][PASSED] - All options with value '4' are selected in object 'Object Repository/My Downline/Page_My Downline  5-15/select_Level 0            Leve'  using regular expression

2018-11-12 20:00:33 - [TEST_STEP][FAILED] - selectAllOption: Unable to select all options on object 'Object Repository/My Downline/Page_My Downline  5-15/select_Select Sponsor' (Root cause: com.kms.katalon.core.webui.exception.WebElementNotFoundException: Web element with id: 'Object Repository/My Downline/Page_My Downline  5-15/select_Select Sponsor' located by 'By.xpath: //select[(text() = '
            Select Sponsor
             17, test Text Last Name,  Text First Name@@4434345@@@@@@@, pers11, Test111111, 111111212, 1211212, 12121212, 2121221, 212112345, Shinto12345, Shinto15, test18, test20, test200, 100200, Acc1002000, 100020000, 100020000, 1000020180725, Greg2020, Shinto2025, Shinto212, shinto212121, 212121222222, 33333323232, 323233, 231, test32323, 33232332, Test4434, 4521444, 444450, test51, testA, TestA1, ShintoAB, ShintoAB, ShintoAbc, testAbino, AntonioAgnese, IvanoAjanth, TestAjTest, TestAjAnalogo, MatteoArzuffi, Fabioasdas, sdasdAsf, 1000asg, asfAssociate, DuplicateAssociate, Test Badaduchi, JoeyBalbusso, GiacomoBalduzzi, GiacomoBandini, Georgebar, idanBar, Idanbar, idanBar, Idanbar, idanbar, idanBelotti, LuigiBeluschi, MarcoBenedetti, MarcelloBertolazza, GiuseppeBianchi, BiancaBing, Bella Blow, Joe Blow, JoeBlow, JoeBobev, Bobiboy, ya Bressani, FlaviaBrightly, AlanCarnevale, DaniloChalupsky, PaulChelin5, Jean5Cherchi, Stefanoclegane, aidaConti, CarloContractSignTest, EdgeCrickets, JiminyDamiani, ViolaDaniels, DanDat, TestData, TestDatabase, TestDDD, DDDDee, AlisonDeMotts, RobDeMotts, Rob2Demotts2, Rob2DeMotts3, Robertdennis test, dennis testDennis Test, Dennis TestDennis test2, Dennis test2dennis, dennisdh, dgfDias, Jose diaz, jddiff, akhilDoakes, JoeDoe, JohnDoe, JohnDoe, JohnDoe, JohnDoe, JohnDoe, JohnDoe, Johndoe, JohnDoe, JohnDoe, JohnDoe, JohnDoe, JohnDoe, JohnDoe, John Doe, John Doe, JohnDoe, JohnDoe, JohnDoe, JohnDoe, JohnDoe, JohnDoe, JohnDoe, JohnDoe, JuliaDoe, LeslieDoe, TestDoekeses, Johndsds, dsdsDunn, JuliaDyas, JerryDyas, JimEight, PandaEisenman, Hansemanuela, emanuelaemanuela, emanuelaEnglish, MatteoF, TonyFeinstein, JackFernandi, Robertofff, fffFive, PandaFour, Pandafrancesco, francescoG, DeniseG, Gregg, JerryG, Matteo 1/1/1980Galbiati, MatteoGalbiati, MatteoGalbiati, MatteoGalbiati, MatteoGalbiati, Matteo(gmail test)Galbiati11-23, Matteo3-30Galbiati2, Matteo2Galbiato, Matteogallinari, IvoGentile, DeniseGentile, Denise Gentile, Denise gjgj, gghdjGreen, JoeGum, BirthdateShouldBe20000101Gum, BTest3Gum, GregGum, GregGum, GregGum, GregGum, GregGum, GregGum, Greg_0608Gum, Greg_2018-09-17Gum, Greg_triggerTestGum, Greg_TriggerTest2gum, Greg0608AGum, Greg0608CGum, Greg0609Gum, Greg2018-09-22Gum, GregoryGum, Test2BirthdayShouldBe20000101Gum11, Greg11Gum19, Greg19Gum22, Greg22Gum22, Greg22Gum234, Greg234Gum44, GregGum44, Greg44Gum46, Greg46Gum5, Greg5Gum5, Greg5Gum51, Greg51Gum55, Greg22Gum55, Greg55Gum55, Greg55Gum55, Greg55Gum55, Greg55Gum6, Greg6Gum66, Greg66Gum66, Greg66Gum77, Greg77Gum77A, Greg77AGum78, Greg78Gum8, Greg8gum87, Greg87Gum88, Greg88Gum99, Greg99Gum99, Greg99Gum999, Greg999hil, akIE, MatteoIl Terzo, matteoJ, DJk, AbcdJK, QA1JK, ShintoJK, ShintoJK, ShintoJK, ShintoJK, ShintoJK, ShintoJK, ShintoJK, ShintoJK, ShintoJK, ShintoJK, ShintoJK, ShintoJK, ShintoJK, ShintoJK, ShintoJK, ShintoJK, ShintoJK, ShintoJK, ShintoJK, ShintoJK, ShintoJK, ShintoJK, ShintoJK, ShintoJK, ShintoJK, ShintoJK, shintoJK, ShintoJK, ShintoJK, ShintoJK, ShintoJK, ShintoJK, ShintoJK, Shinto-test3JK, TesterJK-2018, ShintoJK-2020, ShintoJK-2020, ShintoJones, JoeJose, Ajanth TestJose, DennisKK, JKKK, JK_2018KK, ShintoKK, ShintoKK, ShintoKK, ShintoKringle, KrisLast Name, First NameLast Name, First NameLast Name, First NameLast Name, First NameLast Name, First NameLast Name, First NameLast Name, First NameLast Name, First NameLast Name, First NameLast Name, First NameLast Name, First NameLast Name, First NameLast Name, First NameLast Name, First NameLast Name, First NameLast Name, First NameLast Name, First NameLast Name, First NameLast Name, First Namelast name, namelast name, namelast name, namelast name, namelast name, namelast name, namelast name, namelast, akLast, TestLast, TestLast, TestLast, TestLast, TestLast, TestLast, TestLast, TestLast, TestLast, TestLast, TestLast, TestLast, TestLast, TestLast, TestLast, TestLast, TestLast, TestLast, Testlast111111ghg ghghghlghlglhlglhgll glhglhlghlglhlgl hglhglhlghl lglhglhlghlglhlghlglhlgh lghlghlglhglhlglhgl lghlglhglhlghlglhlghlgllhlluoiouiouoiouoi ujgjlhg;ljhlgkjghjghkljghjghkljhjhjj;lhjh;lj;lh;l, akhil_firstlizana, davidLName, TestingLoehwing, AspasiaLoehwing, AspasiaLoehwing, AspasiaMassa, LucaMcDonald, RenataMcdonald, RenataMcDonald, RenataMcDonald, RenataMdy, ShintoMichaelson, Mikemiriam, jessicaMobile12, MatteoMR, Ajumustaffa, annNcDonald, Renatanuvoli, francescaOggi, VerificoOne, Pandaone, shintoOsborn, AlisonOsborn, AlisonOsborn, AlisonOsborn, AlisonOsborn, AlisonOsborn2, AlisonOzborn, AlisonPaiwonski, LenaPaoletti, FerdinandoPark, AndrewPasina, MassimoPatacca, GiorgioPedini, FedericoPlayer, EdgeCsrContractTestPlayer, PaulPortal, TestPortal, TestProfile, MattProva, TestQA1, ShintoQA1, Testqqq, 13/8/18qqq, qqqqqq, qqqqqqq, qqqR, AjR, AjR, AjanthR, AjanthR, AjanthR, AjanthR, AjanthR, AjanthRabbit, PeterRigamonti, ClaudioRigamonti, NicolaRossi, Francorossi, valeScanferla, CristoforoScarfone, JoeScoduti , Ivanasdfgdfg, sdfgsdgsdg, sdgsdgsdgsdg, sdgsdgsdgsdg, sfgsdfgsdsd, sdssdsd, Test Ajanthsdsdfdf, sddfdfdssdsdfdf, sddfdfdssdsdfdf, sddfdfdssdsdfdf, sddfdfdssdsdfdf, sddfdfdssdsdfdf, sddfdfdssdsdfdf, sddfdfdssdsdfdf, sddfdfdssdsdfdf, sddfdfdssdsdfdf, sddfdfdssdsdfdf, sddfdfdssdsdfdf, sddfdfdssdsdfdf, sddfdfdssdsdfdf, sddfdfdsSeven, PandaSilvesti, DanieleSK, JKSmoke_test, ShintoSmoke2, ShintoSmoke3, shintoSmoke3, shintoSmoke-Test (US), ShintoSmoke-Test (US), ShintoSmoke-Test, ShintoSmoke-Test, ShintoSocio, Secondostick, evasudhan, akhilT, Jessica t, tT, TestAssociateT1000, ShintoT12, ShintoT2, ShintoT40, ShintoATA11, Shintote, TestTest Assosiate, Test AssosiateTest, AjanthTest, AjanthTest, AjanthTest, Ajanth TestTest, Ajath Test123Test, AjTestTest, DennisTest, First nameTest, First nameTest, First nameTest, First nameTest, First nameTest, First nameTest, First nameTest, QA1Test, SeleniumTest, Shintotest, ShintoTest, ShintoTest, ShintoTest, Shinto-QATest, SKtest, testTest, TestTest, TestTest, TestTest, TestTest, TestTest, TestTest, Testtest, TestTest, Vipintest, Vofoxtest1Test1, QATest1, TestTest123, AjanthTest13, matteoTest2, AjanthTest2, Test2Test-2019, ShintoTest-2019, ShintoTest-2019, ShintoTest-2019, ShintoTest-2019, ShintoTest-2019, ShintoTest-2019, ShintoTest-2019, ShintoTest-2019, ShintoTest-2019, ShintoTest-2019, ShintoTest-2019, ShintoTest-2019, ShintoTest-2019, ShintoTest-2019, ShintoTest-2019, ShintoTest-2019, ShintoTest-2019, ShintoTest-2019, ShintoTest-2019, ShintoTest-2019, ShintoTest-2019, ShintoTest-2019, ShintoTest-2020, ShintoTest2040, ShintoTest223, AjanthTest333, AjanthTest4, AjanthTest423, AjanthTest5, Ajanth5Test523, AjanthTest60, ShintoTest623, AjanthtestA, ShintoTestA1, ShintoTestA1, ShintoTest-Associate-V1, Test-Associate-V1Tester, JCTester, JeanTester, JoeTester10, JeanTester11, JeanTester12, JeanTester13, JeanTester14, JeanTester15, JeanTester15, JeanTester16, JeanTester17, JeanTester18, Jean Tester2, Jean Tester21, JeanTester22, JeanTester23, JeanTester24, JeanTester25, JeanTestInvite, TestInvitetestt, testtText Last Name, Text First NameText Last Name, Text First NameText Last Name, Text First NameText Last Name, Text First NameText Last Name, Text First NameText Last Name, Text First NameText Last Name, Text First NameText Last Name, Text First NameText Last Name, Text First NameText Last Name, Text First NameText Last Name, Text First NameText Last Name, Text First NameText Last Name, Text First NameText Last Name, Text First NameText Last Name, Text First NameText Last Name, Text First NameText Last Name, Text First NameText Last Name, Text First NameText Last Name, Text First NameText Last Name, Text First NameText Last Name, Text First NameText Last Name, Text First NameText Last Name, Text First NameText Last Name, Text First NameText Last Name, Text First NameText Last Name, Text First NameText Last Name, Text First NameText Last Name, Text First NameText Last Name, Text First NameText Last Name, Text First Nametg, tjthandassery, akhilThree, PandaTuratti, CristoforoTwo, PandaTwomey, TonyTwomey, Tonyv , dcv Vaixx, IdanVangelica, Dafnevbbbbb, aaaaavbn, bnbvnVersione13, MatteoVertemati, Giovannivhv, rtvnf, vandanavvxvc, pouokiWood, DustyXjx, Dhxdhytytyty, ytyt
          ' or . = '
            Select Sponsor
             17, test Text Last Name,  Text First Name@@4434345@@@@@@@, pers11, Test111111, 111111212, 1211212, 12121212, 2121221, 212112345, Shinto12345, Shinto15, test18, test20, test200, 100200, Acc1002000, 100020000, 100020000, 1000020180725, Greg2020, Shinto2025, Shinto212, shinto212121, 212121222222, 33333323232, 323233, 231, test32323, 33232332, Test4434, 4521444, 444450, test51, testA, TestA1, ShintoAB, ShintoAB, ShintoAbc, testAbino, AntonioAgnese, IvanoAjanth, TestAjTest, TestAjAnalogo, MatteoArzuffi, Fabioasdas, sdasdAsf, 1000asg, asfAssociate, DuplicateAssociate, Test Badaduchi, JoeyBalbusso, GiacomoBalduzzi, GiacomoBandini, Georgebar, idanBar, Idanbar, idanBar, Idanbar, idanbar, idanBelotti, LuigiBeluschi, MarcoBenedetti, MarcelloBertolazza, GiuseppeBianchi, BiancaBing, Bella Blow, Joe Blow, JoeBlow, JoeBobev, Bobiboy, ya Bressani, FlaviaBrightly, AlanCarnevale, DaniloChalupsky, PaulChelin5, Jean5Cherchi, Stefanoclegane, aidaConti, CarloContractSignTest, EdgeCrickets, JiminyDamiani, ViolaDaniels, DanDat, TestData, TestDatabase, TestDDD, DDDDee, AlisonDeMotts, RobDeMotts, Rob2Demotts2, Rob2DeMotts3, Robertdennis test, dennis testDennis Test, Dennis TestDennis test2, Dennis test2dennis, dennisdh, dgfDias, Jose diaz, jddiff, akhilDoakes, JoeDoe, JohnDoe, JohnDoe, JohnDoe, JohnDoe, JohnDoe, JohnDoe, Johndoe, JohnDoe, JohnDoe, JohnDoe, JohnDoe, JohnDoe, JohnDoe, John Doe, John Doe, JohnDoe, JohnDoe, JohnDoe, JohnDoe, JohnDoe, JohnDoe, JohnDoe, JohnDoe, JuliaDoe, LeslieDoe, TestDoekeses, Johndsds, dsdsDunn, JuliaDyas, JerryDyas, JimEight, PandaEisenman, Hansemanuela, emanuelaemanuela, emanuelaEnglish, MatteoF, TonyFeinstein, JackFernandi, Robertofff, fffFive, PandaFour, Pandafrancesco, francescoG, DeniseG, Gregg, JerryG, Matteo 1/1/1980Galbiati, MatteoGalbiati, MatteoGalbiati, MatteoGalbiati, MatteoGalbiati, Matteo(gmail test)Galbiati11-23, Matteo3-30Galbiati2, Matteo2Galbiato, Matteogallinari, IvoGentile, DeniseGentile, Denise Gentile, Denise gjgj, gghdjGreen, JoeGum, BirthdateShouldBe20000101Gum, BTest3Gum, GregGum, GregGum, GregGum, GregGum, GregGum, GregGum, Greg_0608Gum, Greg_2018-09-17Gum, Greg_triggerTestGum, Greg_TriggerTest2gum, Greg0608AGum, Greg0608CGum, Greg0609Gum, Greg2018-09-22Gum, GregoryGum, Test2BirthdayShouldBe20000101Gum11, Greg11Gum19, Greg19Gum22, Greg22Gum22, Greg22Gum234, Greg234Gum44, GregGum44, Greg44Gum46, Greg46Gum5, Greg5Gum5, Greg5Gum51, Greg51Gum55, Greg22Gum55, Greg55Gum55, Greg55Gum55, Greg55Gum55, Greg55Gum6, Greg6Gum66, Greg66Gum66, Greg66Gum77, Greg77Gum77A, Greg77AGum78, Greg78Gum8, Greg8gum87, Greg87Gum88, Greg88Gum99, Greg99Gum99, Greg99Gum999, Greg999hil, akIE, MatteoIl Terzo, matteoJ, DJk, AbcdJK, QA1JK, ShintoJK, ShintoJK, ShintoJK, ShintoJK, ShintoJK, ShintoJK, ShintoJK, ShintoJK, ShintoJK, ShintoJK, ShintoJK, ShintoJK, ShintoJK, ShintoJK, ShintoJK, ShintoJK, ShintoJK, ShintoJK, ShintoJK, ShintoJK, ShintoJK, ShintoJK, ShintoJK, ShintoJK, ShintoJK, ShintoJK, shintoJK, ShintoJK, ShintoJK, ShintoJK, ShintoJK, ShintoJK, ShintoJK, Shinto-test3JK, TesterJK-2018, ShintoJK-2020, ShintoJK-2020, ShintoJones, JoeJose, Ajanth TestJose, DennisKK, JKKK, JK_2018KK, ShintoKK, ShintoKK, ShintoKK, ShintoKringle, KrisLast Name, First NameLast Name, First NameLast Name, First NameLast Name, First NameLast Name, First NameLast Name, First NameLast Name, First NameLast Name, First NameLast Name, First NameLast Name, First NameLast Name, First NameLast Name, First NameLast Name, First NameLast Name, First NameLast Name, First NameLast Name, First NameLast Name, First NameLast Name, First NameLast Name, First Namelast name, namelast name, namelast name, namelast name, namelast name, namelast name, namelast name, namelast, akLast, TestLast, TestLast, TestLast, TestLast, TestLast, TestLast, TestLast, TestLast, TestLast, TestLast, TestLast, TestLast, TestLast, TestLast, TestLast, TestLast, TestLast, TestLast, Testlast111111ghg ghghghlghlglhlglhgll glhglhlghlglhlgl hglhglhlghl lglhglhlghlglhlghlglhlgh lghlghlglhglhlglhgl lghlglhglhlghlglhlghlgllhlluoiouiouoiouoi ujgjlhg;ljhlgkjghjghkljghjghkljhjhjj;lhjh;lj;lh;l, akhil_firstlizana, davidLName, TestingLoehwing, AspasiaLoehwing, AspasiaLoehwing, AspasiaMassa, LucaMcDonald, RenataMcdonald, RenataMcDonald, RenataMcDonald, RenataMdy, ShintoMichaelson, Mikemiriam, jessicaMobile12, MatteoMR, Ajumustaffa, annNcDonald, Renatanuvoli, francescaOggi, VerificoOne, Pandaone, shintoOsborn, AlisonOsborn, AlisonOsborn, AlisonOsborn, AlisonOsborn, AlisonOsborn2, AlisonOzborn, AlisonPaiwonski, LenaPaoletti, FerdinandoPark, AndrewPasina, MassimoPatacca, GiorgioPedini, FedericoPlayer, EdgeCsrContractTestPlayer, PaulPortal, TestPortal, TestProfile, MattProva, TestQA1, ShintoQA1, Testqqq, 13/8/18qqq, qqqqqq, qqqqqqq, qqqR, AjR, AjR, AjanthR, AjanthR, AjanthR, AjanthR, AjanthR, AjanthRabbit, PeterRigamonti, ClaudioRigamonti, NicolaRossi, Francorossi, valeScanferla, CristoforoScarfone, JoeScoduti , Ivanasdfgdfg, sdfgsdgsdg, sdgsdgsdgsdg, sdgsdgsdgsdg, sfgsdfgsdsd, sdssdsd, Test Ajanthsdsdfdf, sddfdfdssdsdfdf, sddfdfdssdsdfdf, sddfdfdssdsdfdf, sddfdfdssdsdfdf, sddfdfdssdsdfdf, sddfdfdssdsdfdf, sddfdfdssdsdfdf, sddfdfdssdsdfdf, sddfdfdssdsdfdf, sddfdfdssdsdfdf, sddfdfdssdsdfdf, sddfdfdssdsdfdf, sddfdfdssdsdfdf, sddfdfdsSeven, PandaSilvesti, DanieleSK, JKSmoke_test, ShintoSmoke2, ShintoSmoke3, shintoSmoke3, shintoSmoke-Test (US), ShintoSmoke-Test (US), ShintoSmoke-Test, ShintoSmoke-Test, ShintoSocio, Secondostick, evasudhan, akhilT, Jessica t, tT, TestAssociateT1000, ShintoT12, ShintoT2, ShintoT40, ShintoATA11, Shintote, TestTest Assosiate, Test AssosiateTest, AjanthTest, AjanthTest, AjanthTest, Ajanth TestTest, Ajath Test123Test, AjTestTest, DennisTest, First nameTest, First nameTest, First nameTest, First nameTest, First nameTest, First nameTest, First nameTest, QA1Test, SeleniumTest, Shintotest, ShintoTest, ShintoTest, ShintoTest, Shinto-QATest, SKtest, testTest, TestTest, TestTest, TestTest, TestTest, TestTest, TestTest, Testtest, TestTest, Vipintest, Vofoxtest1Test1, QATest1, TestTest123, AjanthTest13, matteoTest2, AjanthTest2, Test2Test-2019, ShintoTest-2019, ShintoTest-2019, ShintoTest-2019, ShintoTest-2019, ShintoTest-2019, ShintoTest-2019, ShintoTest-2019, ShintoTest-2019, ShintoTest-2019, ShintoTest-2019, ShintoTest-2019, ShintoTest-2019, ShintoTest-2019, ShintoTest-2019, ShintoTest-2019, ShintoTest-2019, ShintoTest-2019, ShintoTest-2019, ShintoTest-2019, ShintoTest-2019, ShintoTest-2019, ShintoTest-2019, ShintoTest-2020, ShintoTest2040, ShintoTest223, AjanthTest333, AjanthTest4, AjanthTest423, AjanthTest5, Ajanth5Test523, AjanthTest60, ShintoTest623, AjanthtestA, ShintoTestA1, ShintoTestA1, ShintoTest-Associate-V1, Test-Associate-V1Tester, JCTester, JeanTester, JoeTester10, JeanTester11, JeanTester12, JeanTester13, JeanTester14, JeanTester15, JeanTester15, JeanTester16, JeanTester17, JeanTester18, Jean Tester2, Jean Tester21, JeanTester22, JeanTester23, JeanTester24, JeanTester25, JeanTestInvite, TestInvitetestt, testtText Last Name, Text First NameText Last Name, Text First NameText Last Name, Text First NameText Last Name, Text First NameText Last Name, Text First NameText Last Name, Text First NameText Last Name, Text First NameText Last Name, Text First NameText Last Name, Text First NameText Last Name, Text First NameText Last Name, Text First NameText Last Name, Text First NameText Last Name, Text First NameText Last Name, Text First NameText Last Name, Text First NameText Last Name, Text First NameText Last Name, Text First NameText Last Name, Text First NameText Last Name, Text First NameText Last Name, Text First NameText Last Name, Text First NameText Last Name, Text First NameText Last Name, Text First NameText Last Name, Text First NameText Last Name, Text First NameText Last Name, Text First NameText Last Name, Text First NameText Last Name, Text First NameText Last Name, Text First NameText Last Name, Text First Nametg, tjthandassery, akhilThree, PandaTuratti, CristoforoTwo, PandaTwomey, TonyTwomey, Tonyv , dcv Vaixx, IdanVangelica, Dafnevbbbbb, aaaaavbn, bnbvnVersione13, MatteoVertemati, Giovannivhv, rtvnf, vandanavvxvc, pouokiWood, DustyXjx, Dhxdhytytyty, ytyt
          ')]' not found)

2018-11-12 20:01:05 - [MESSAGE][FAILED] - Unable to select all options on object 'Object Repository/My Downline/Page_My Downline  5-15/select_Select Sponsor' (Root cause: com.kms.katalon.core.webui.exception.WebElementNotFoundException: Web element with id: 'Object Repository/My Downline/Page_My Downline  5-15/select_Select Sponsor' located by 'By.xpath: //select[(text() = '
            Select Sponsor
             17, test Text Last Name,  Text First Name@@4434345@@@@@@@, pers11, Test111111, 111111212, 1211212, 12121212, 2121221, 212112345, Shinto12345, Shinto15, test18, test20, test200, 100200, Acc1002000, 100020000, 100020000, 1000020180725, Greg2020, Shinto2025, Shinto212, shinto212121, 212121222222, 33333323232, 323233, 231, test32323, 33232332, Test4434, 4521444, 444450, test51, testA, TestA1, ShintoAB, ShintoAB, ShintoAbc, testAbino, AntonioAgnese, IvanoAjanth, TestAjTest, TestAjAnalogo, MatteoArzuffi, Fabioasdas, sdasdAsf, 1000asg, asfAssociate, DuplicateAssociate, Test Badaduchi, JoeyBalbusso, GiacomoBalduzzi, GiacomoBandini, Georgebar, idanBar, Idanbar, idanBar, Idanbar, idanbar, idanBelotti, LuigiBeluschi, MarcoBenedetti, MarcelloBertolazza, GiuseppeBianchi, BiancaBing, Bella Blow, Joe Blow, JoeBlow, JoeBobev, Bobiboy, ya Bressani, FlaviaBrightly, AlanCarnevale, DaniloChalupsky, PaulChelin5, Jean5Cherchi, Stefanoclegane, aidaConti, CarloContractSignTest, EdgeCrickets, JiminyDamiani, ViolaDaniels, DanDat, TestData, TestDatabase, TestDDD, DDDDee, AlisonDeMotts, RobDeMotts, Rob2Demotts2, Rob2DeMotts3, Robertdennis test, dennis testDennis Test, Dennis TestDennis test2, Dennis test2dennis, dennisdh, dgfDias, Jose diaz, jddiff, akhilDoakes, JoeDoe, JohnDoe, JohnDoe, JohnDoe, JohnDoe, JohnDoe, JohnDoe, Johndoe, JohnDoe, JohnDoe, JohnDoe, JohnDoe, JohnDoe, JohnDoe, John Doe, John Doe, JohnDoe, JohnDoe, JohnDoe, JohnDoe, JohnDoe, JohnDoe, JohnDoe, JohnDoe, JuliaDoe, LeslieDoe, TestDoekeses, Johndsds, dsdsDunn, JuliaDyas, JerryDyas, JimEight, PandaEisenman, Hansemanuela, emanuelaemanuela, emanuelaEnglish, MatteoF, TonyFeinstein, JackFernandi, Robertofff, fffFive, PandaFour, Pandafrancesco, francescoG, DeniseG, Gregg, JerryG, Matteo 1/1/1980Galbiati, MatteoGalbiati, MatteoGalbiati, MatteoGalbiati, MatteoGalbiati, Matteo(gmail test)Galbiati11-23, Matteo3-30Galbiati2, Matteo2Galbiato, Matteogallinari, IvoGentile, DeniseGentile, Denise Gentile, Denise gjgj, gghdjGreen, JoeGum, BirthdateShouldBe20000101Gum, BTest3Gum, GregGum, GregGum, GregGum, GregGum, GregGum, GregGum, Greg_0608Gum, Greg_2018-09-17Gum, Greg_triggerTestGum, Greg_TriggerTest2gum, Greg0608AGum, Greg0608CGum, Greg0609Gum, Greg2018-09-22Gum, GregoryGum, Test2BirthdayShouldBe20000101Gum11, Greg11Gum19, Greg19Gum22, Greg22Gum22, Greg22Gum234, Greg234Gum44, GregGum44, Greg44Gum46, Greg46Gum5, Greg5Gum5, Greg5Gum51, Greg51Gum55, Greg22Gum55, Greg55Gum55, Greg55Gum55, Greg55Gum55, Greg55Gum6, Greg6Gum66, Greg66Gum66, Greg66Gum77, Greg77Gum77A, Greg77AGum78, Greg78Gum8, Greg8gum87, Greg87Gum88, Greg88Gum99, Greg99Gum99, Greg99Gum999, Greg999hil, akIE, MatteoIl Terzo, matteoJ, DJk, AbcdJK, QA1JK, ShintoJK, ShintoJK, ShintoJK, ShintoJK, ShintoJK, ShintoJK, ShintoJK, ShintoJK, ShintoJK, ShintoJK, ShintoJK, ShintoJK, ShintoJK, ShintoJK, ShintoJK, ShintoJK, ShintoJK, ShintoJK, ShintoJK, ShintoJK, ShintoJK, ShintoJK, ShintoJK, ShintoJK, ShintoJK, ShintoJK, shintoJK, ShintoJK, ShintoJK, ShintoJK, ShintoJK, ShintoJK, ShintoJK, Shinto-test3JK, TesterJK-2018, ShintoJK-2020, ShintoJK-2020, ShintoJones, JoeJose, Ajanth TestJose, DennisKK, JKKK, JK_2018KK, ShintoKK, ShintoKK, ShintoKK, ShintoKringle, KrisLast Name, First NameLast Name, First NameLast Name, First NameLast Name, First NameLast Name, First NameLast Name, First NameLast Name, First NameLast Name, First NameLast Name, First NameLast Name, First NameLast Name, First NameLast Name, First NameLast Name, First NameLast Name, First NameLast Name, First NameLast Name, First NameLast Name, First NameLast Name, First NameLast Name, First Namelast name, namelast name, namelast name, namelast name, namelast name, namelast name, namelast name, namelast, akLast, TestLast, TestLast, TestLast, TestLast, TestLast, TestLast, TestLast, TestLast, TestLast, TestLast, TestLast, TestLast, TestLast, TestLast, TestLast, TestLast, TestLast, TestLast, Testlast111111ghg ghghghlghlglhlglhgll glhglhlghlglhlgl hglhglhlghl lglhglhlghlglhlghlglhlgh lghlghlglhglhlglhgl lghlglhglhlghlglhlghlgllhlluoiouiouoiouoi ujgjlhg;ljhlgkjghjghkljghjghkljhjhjj;lhjh;lj;lh;l, akhil_firstlizana, davidLName, TestingLoehwing, AspasiaLoehwing, AspasiaLoehwing, AspasiaMassa, LucaMcDonald, RenataMcdonald, RenataMcDonald, RenataMcDonald, RenataMdy, ShintoMichaelson, Mikemiriam, jessicaMobile12, MatteoMR, Ajumustaffa, annNcDonald, Renatanuvoli, francescaOggi, VerificoOne, Pandaone, shintoOsborn, AlisonOsborn, AlisonOsborn, AlisonOsborn, AlisonOsborn, AlisonOsborn2, AlisonOzborn, AlisonPaiwonski, LenaPaoletti, FerdinandoPark, AndrewPasina, MassimoPatacca, GiorgioPedini, FedericoPlayer, EdgeCsrContractTestPlayer, PaulPortal, TestPortal, TestProfile, MattProva, TestQA1, ShintoQA1, Testqqq, 13/8/18qqq, qqqqqq, qqqqqqq, qqqR, AjR, AjR, AjanthR, AjanthR, AjanthR, AjanthR, AjanthR, AjanthRabbit, PeterRigamonti, ClaudioRigamonti, NicolaRossi, Francorossi, valeScanferla, CristoforoScarfone, JoeScoduti , Ivanasdfgdfg, sdfgsdgsdg, sdgsdgsdgsdg, sdgsdgsdgsdg, sfgsdfgsdsd, sdssdsd, Test Ajanthsdsdfdf, sddfdfdssdsdfdf, sddfdfdssdsdfdf, sddfdfdssdsdfdf, sddfdfdssdsdfdf, sddfdfdssdsdfdf, sddfdfdssdsdfdf, sddfdfdssdsdfdf, sddfdfdssdsdfdf, sddfdfdssdsdfdf, sddfdfdssdsdfdf, sddfdfdssdsdfdf, sddfdfdssdsdfdf, sddfdfdssdsdfdf, sddfdfdsSeven, PandaSilvesti, DanieleSK, JKSmoke_test, ShintoSmoke2, ShintoSmoke3, shintoSmoke3, shintoSmoke-Test (US), ShintoSmoke-Test (US), ShintoSmoke-Test, ShintoSmoke-Test, ShintoSocio, Secondostick, evasudhan, akhilT, Jessica t, tT, TestAssociateT1000, ShintoT12, ShintoT2, ShintoT40, ShintoATA11, Shintote, TestTest Assosiate, Test AssosiateTest, AjanthTest, AjanthTest, AjanthTest, Ajanth TestTest, Ajath Test123Test, AjTestTest, DennisTest, First nameTest, First nameTest, First nameTest, First nameTest, First nameTest, First nameTest, First nameTest, QA1Test, SeleniumTest, Shintotest, ShintoTest, ShintoTest, ShintoTest, Shinto-QATest, SKtest, testTest, TestTest, TestTest, TestTest, TestTest, TestTest, TestTest, Testtest, TestTest, Vipintest, Vofoxtest1Test1, QATest1, TestTest123, AjanthTest13, matteoTest2, AjanthTest2, Test2Test-2019, ShintoTest-2019, ShintoTest-2019, ShintoTest-2019, ShintoTest-2019, ShintoTest-2019, ShintoTest-2019, ShintoTest-2019, ShintoTest-2019, ShintoTest-2019, ShintoTest-2019, ShintoTest-2019, ShintoTest-2019, ShintoTest-2019, ShintoTest-2019, ShintoTest-2019, ShintoTest-2019, ShintoTest-2019, ShintoTest-2019, ShintoTest-2019, ShintoTest-2019, ShintoTest-2019, ShintoTest-2019, ShintoTest-2020, ShintoTest2040, ShintoTest223, AjanthTest333, AjanthTest4, AjanthTest423, AjanthTest5, Ajanth5Test523, AjanthTest60, ShintoTest623, AjanthtestA, ShintoTestA1, ShintoTestA1, ShintoTest-Associate-V1, Test-Associate-V1Tester, JCTester, JeanTester, JoeTester10, JeanTester11, JeanTester12, JeanTester13, JeanTester14, JeanTester15, JeanTester15, JeanTester16, JeanTester17, JeanTester18, Jean Tester2, Jean Tester21, JeanTester22, JeanTester23, JeanTester24, JeanTester25, JeanTestInvite, TestInvitetestt, testtText Last Name, Text First NameText Last Name, Text First NameText Last Name, Text First NameText Last Name, Text First NameText Last Name, Text First NameText Last Name, Text First NameText Last Name, Text First NameText Last Name, Text First NameText Last Name, Text First NameText Last Name, Text First NameText Last Name, Text First NameText Last Name, Text First NameText Last Name, Text First NameText Last Name, Text First NameText Last Name, Text First NameText Last Name, Text First NameText Last Name, Text First NameText Last Name, Text First NameText Last Name, Text First NameText Last Name, Text First NameText Last Name, Text First NameText Last Name, Text First NameText Last Name, Text First NameText Last Name, Text First NameText Last Name, Text First NameText Last Name, Text First NameText Last Name, Text First NameText Last Name, Text First NameText Last Name, Text First NameText Last Name, Text First Nametg, tjthandassery, akhilThree, PandaTuratti, CristoforoTwo, PandaTwomey, TonyTwomey, Tonyv , dcv Vaixx, IdanVangelica, Dafnevbbbbb, aaaaavbn, bnbvnVersione13, MatteoVertemati, Giovannivhv, rtvnf, vandanavvxvc, pouokiWood, DustyXjx, Dhxdhytytyty, ytyt
          ' or . = '
            Select Sponsor
             17, test Text Last Name,  Text First Name@@4434345@@@@@@@, pers11, Test111111, 111111212, 1211212, 12121212, 2121221, 212112345, Shinto12345, Shinto15, test18, test20, test200, 100200, Acc1002000, 100020000, 100020000, 1000020180725, Greg2020, Shinto2025, Shinto212, shinto212121, 212121222222, 33333323232, 323233, 231, test32323, 33232332, Test4434, 4521444, 444450, test51, testA, TestA1, ShintoAB, ShintoAB, ShintoAbc, testAbino, AntonioAgnese, IvanoAjanth, TestAjTest, TestAjAnalogo, MatteoArzuffi, Fabioasdas, sdasdAsf, 1000asg, asfAssociate, DuplicateAssociate, Test Badaduchi, JoeyBalbusso, GiacomoBalduzzi, GiacomoBandini, Georgebar, idanBar, Idanbar, idanBar, Idanbar, idanbar, idanBelotti, LuigiBeluschi, MarcoBenedetti, MarcelloBertolazza, GiuseppeBianchi, BiancaBing, Bella Blow, Joe Blow, JoeBlow, JoeBobev, Bobiboy, ya Bressani, FlaviaBrightly, AlanCarnevale, DaniloChalupsky, PaulChelin5, Jean5Cherchi, Stefanoclegane, aidaConti, CarloContractSignTest, EdgeCrickets, JiminyDamiani, ViolaDaniels, DanDat, TestData, TestDatabase, TestDDD, DDDDee, AlisonDeMotts, RobDeMotts, Rob2Demotts2, Rob2DeMotts3, Robertdennis test, dennis testDennis Test, Dennis TestDennis test2, Dennis test2dennis, dennisdh, dgfDias, Jose diaz, jddiff, akhilDoakes, JoeDoe, JohnDoe, JohnDoe, JohnDoe, JohnDoe, JohnDoe, JohnDoe, Johndoe, JohnDoe, JohnDoe, JohnDoe, JohnDoe, JohnDoe, JohnDoe, John Doe, John Doe, JohnDoe, JohnDoe, JohnDoe, JohnDoe, JohnDoe, JohnDoe, JohnDoe, JohnDoe, JuliaDoe, LeslieDoe, TestDoekeses, Johndsds, dsdsDunn, JuliaDyas, JerryDyas, JimEight, PandaEisenman, Hansemanuela, emanuelaemanuela, emanuelaEnglish, MatteoF, TonyFeinstein, JackFernandi, Robertofff, fffFive, PandaFour, Pandafrancesco, francescoG, DeniseG, Gregg, JerryG, Matteo 1/1/1980Galbiati, MatteoGalbiati, MatteoGalbiati, MatteoGalbiati, MatteoGalbiati, Matteo(gmail test)Galbiati11-23, Matteo3-30Galbiati2, Matteo2Galbiato, Matteogallinari, IvoGentile, DeniseGentile, Denise Gentile, Denise gjgj, gghdjGreen, JoeGum, BirthdateShouldBe20000101Gum, BTest3Gum, GregGum, GregGum, GregGum, GregGum, GregGum, GregGum, Greg_0608Gum, Greg_2018-09-17Gum, Greg_triggerTestGum, Greg_TriggerTest2gum, Greg0608AGum, Greg0608CGum, Greg0609Gum, Greg2018-09-22Gum, GregoryGum, Test2BirthdayShouldBe20000101Gum11, Greg11Gum19, Greg19Gum22, Greg22Gum22, Greg22Gum234, Greg234Gum44, GregGum44, Greg44Gum46, Greg46Gum5, Greg5Gum5, Greg5Gum51, Greg51Gum55, Greg22Gum55, Greg55Gum55, Greg55Gum55, Greg55Gum55, Greg55Gum6, Greg6Gum66, Greg66Gum66, Greg66Gum77, Greg77Gum77A, Greg77AGum78, Greg78Gum8, Greg8gum87, Greg87Gum88, Greg88Gum99, Greg99Gum99, Greg99Gum999, Greg999hil, akIE, MatteoIl Terzo, matteoJ, DJk, AbcdJK, QA1JK, ShintoJK, ShintoJK, ShintoJK, ShintoJK, ShintoJK, ShintoJK, ShintoJK, ShintoJK, ShintoJK, ShintoJK, ShintoJK, ShintoJK, ShintoJK, ShintoJK, ShintoJK, ShintoJK, ShintoJK, ShintoJK, ShintoJK, ShintoJK, ShintoJK, ShintoJK, ShintoJK, ShintoJK, ShintoJK, ShintoJK, shintoJK, ShintoJK, ShintoJK, ShintoJK, ShintoJK, ShintoJK, ShintoJK, Shinto-test3JK, TesterJK-2018, ShintoJK-2020, ShintoJK-2020, ShintoJones, JoeJose, Ajanth TestJose, DennisKK, JKKK, JK_2018KK, ShintoKK, ShintoKK, ShintoKK, ShintoKringle, KrisLast Name, First NameLast Name, First NameLast Name, First NameLast Name, First NameLast Name, First NameLast Name, First NameLast Name, First NameLast Name, First NameLast Name, First NameLast Name, First NameLast Name, First NameLast Name, First NameLast Name, First NameLast Name, First NameLast Name, First NameLast Name, First NameLast Name, First NameLast Name, First NameLast Name, First Namelast name, namelast name, namelast name, namelast name, namelast name, namelast name, namelast name, namelast, akLast, TestLast, TestLast, TestLast, TestLast, TestLast, TestLast, TestLast, TestLast, TestLast, TestLast, TestLast, TestLast, TestLast, TestLast, TestLast, TestLast, TestLast, TestLast, Testlast111111ghg ghghghlghlglhlglhgll glhglhlghlglhlgl hglhglhlghl lglhglhlghlglhlghlglhlgh lghlghlglhglhlglhgl lghlglhglhlghlglhlghlgllhlluoiouiouoiouoi ujgjlhg;ljhlgkjghjghkljghjghkljhjhjj;lhjh;lj;lh;l, akhil_firstlizana, davidLName, TestingLoehwing, AspasiaLoehwing, AspasiaLoehwing, AspasiaMassa, LucaMcDonald, RenataMcdonald, RenataMcDonald, RenataMcDonald, RenataMdy, ShintoMichaelson, Mikemiriam, jessicaMobile12, MatteoMR, Ajumustaffa, annNcDonald, Renatanuvoli, francescaOggi, VerificoOne, Pandaone, shintoOsborn, AlisonOsborn, AlisonOsborn, AlisonOsborn, AlisonOsborn, AlisonOsborn2, AlisonOzborn, AlisonPaiwonski, LenaPaoletti, FerdinandoPark, AndrewPasina, MassimoPatacca, GiorgioPedini, FedericoPlayer, EdgeCsrContractTestPlayer, PaulPortal, TestPortal, TestProfile, MattProva, TestQA1, ShintoQA1, Testqqq, 13/8/18qqq, qqqqqq, qqqqqqq, qqqR, AjR, AjR, AjanthR, AjanthR, AjanthR, AjanthR, AjanthR, AjanthRabbit, PeterRigamonti, ClaudioRigamonti, NicolaRossi, Francorossi, valeScanferla, CristoforoScarfone, JoeScoduti , Ivanasdfgdfg, sdfgsdgsdg, sdgsdgsdgsdg, sdgsdgsdgsdg, sfgsdfgsdsd, sdssdsd, Test Ajanthsdsdfdf, sddfdfdssdsdfdf, sddfdfdssdsdfdf, sddfdfdssdsdfdf, sddfdfdssdsdfdf, sddfdfdssdsdfdf, sddfdfdssdsdfdf, sddfdfdssdsdfdf, sddfdfdssdsdfdf, sddfdfdssdsdfdf, sddfdfdssdsdfdf, sddfdfdssdsdfdf, sddfdfdssdsdfdf, sddfdfdssdsdfdf, sddfdfdsSeven, PandaSilvesti, DanieleSK, JKSmoke_test, ShintoSmoke2, ShintoSmoke3, shintoSmoke3, shintoSmoke-Test (US), ShintoSmoke-Test (US), ShintoSmoke-Test, ShintoSmoke-Test, ShintoSocio, Secondostick, evasudhan, akhilT, Jessica t, tT, TestAssociateT1000, ShintoT12, ShintoT2, ShintoT40, ShintoATA11, Shintote, TestTest Assosiate, Test AssosiateTest, AjanthTest, AjanthTest, AjanthTest, Ajanth TestTest, Ajath Test123Test, AjTestTest, DennisTest, First nameTest, First nameTest, First nameTest, First nameTest, First nameTest, First nameTest, First nameTest, QA1Test, SeleniumTest, Shintotest, ShintoTest, ShintoTest, ShintoTest, Shinto-QATest, SKtest, testTest, TestTest, TestTest, TestTest, TestTest, TestTest, TestTest, Testtest, TestTest, Vipintest, Vofoxtest1Test1, QATest1, TestTest123, AjanthTest13, matteoTest2, AjanthTest2, Test2Test-2019, ShintoTest-2019, ShintoTest-2019, ShintoTest-2019, ShintoTest-2019, ShintoTest-2019, ShintoTest-2019, ShintoTest-2019, ShintoTest-2019, ShintoTest-2019, ShintoTest-2019, ShintoTest-2019, ShintoTest-2019, ShintoTest-2019, ShintoTest-2019, ShintoTest-2019, ShintoTest-2019, ShintoTest-2019, ShintoTest-2019, ShintoTest-2019, ShintoTest-2019, ShintoTest-2019, ShintoTest-2019, ShintoTest-2020, ShintoTest2040, ShintoTest223, AjanthTest333, AjanthTest4, AjanthTest423, AjanthTest5, Ajanth5Test523, AjanthTest60, ShintoTest623, AjanthtestA, ShintoTestA1, ShintoTestA1, ShintoTest-Associate-V1, Test-Associate-V1Tester, JCTester, JeanTester, JoeTester10, JeanTester11, JeanTester12, JeanTester13, JeanTester14, JeanTester15, JeanTester15, JeanTester16, JeanTester17, JeanTester18, Jean Tester2, Jean Tester21, JeanTester22, JeanTester23, JeanTester24, JeanTester25, JeanTestInvite, TestInvitetestt, testtText Last Name, Text First NameText Last Name, Text First NameText Last Name, Text First NameText Last Name, Text First NameText Last Name, Text First NameText Last Name, Text First NameText Last Name, Text First NameText Last Name, Text First NameText Last Name, Text First NameText Last Name, Text First NameText Last Name, Text First NameText Last Name, Text First NameText Last Name, Text First NameText Last Name, Text First NameText Last Name, Text First NameText Last Name, Text First NameText Last Name, Text First NameText Last Name, Text First NameText Last Name, Text First NameText Last Name, Text First NameText Last Name, Text First NameText Last Name, Text First NameText Last Name, Text First NameText Last Name, Text First NameText Last Name, Text First NameText Last Name, Text First NameText Last Name, Text First NameText Last Name, Text First NameText Last Name, Text First NameText Last Name, Text First Nametg, tjthandassery, akhilThree, PandaTuratti, CristoforoTwo, PandaTwomey, TonyTwomey, Tonyv , dcv Vaixx, IdanVangelica, Dafnevbbbbb, aaaaavbn, bnbvnVersione13, MatteoVertemati, Giovannivhv, rtvnf, vandanavvxvc, pouokiWood, DustyXjx, Dhxdhytytyty, ytyt
          ')]' not found)
[[ATTACHMENT|E:\\Bonanzha\\katalon Bonanzha\\Reports\\VBZ0016-My Downline\\20181112_194257\\1542033065110.png]]]]></system-out>
         <system-err><![CDATA[2018-11-12 20:00:30 - [TEST_CASE][FAILED] - Test Cases/Associate Application/My Downline/TCBA01604: Test Cases/Associate Application/My Downline/TCBA01604 FAILED because (of) (Stack trace: com.kms.katalon.core.exception.StepFailedException: Unable to select all options on object 'Object Repository/My Downline/Page_My Downline  5-15/select_Select Sponsor' (Root cause: com.kms.katalon.core.webui.exception.WebElementNotFoundException: Web element with id: 'Object Repository/My Downline/Page_My Downline  5-15/select_Select Sponsor' located by 'By.xpath: //select[(text() = '
            Select Sponsor
             17, test Text Last Name,  Text First Name@@4434345@@@@@@@, pers11, Test111111, 111111212, 1211212, 12121212, 2121221, 212112345, Shinto12345, Shinto15, test18, test20, test200, 100200, Acc1002000, 100020000, 100020000, 1000020180725, Greg2020, Shinto2025, Shinto212, shinto212121, 212121222222, 33333323232, 323233, 231, test32323, 33232332, Test4434, 4521444, 444450, test51, testA, TestA1, ShintoAB, ShintoAB, ShintoAbc, testAbino, AntonioAgnese, IvanoAjanth, TestAjTest, TestAjAnalogo, MatteoArzuffi, Fabioasdas, sdasdAsf, 1000asg, asfAssociate, DuplicateAssociate, Test Badaduchi, JoeyBalbusso, GiacomoBalduzzi, GiacomoBandini, Georgebar, idanBar, Idanbar, idanBar, Idanbar, idanbar, idanBelotti, LuigiBeluschi, MarcoBenedetti, MarcelloBertolazza, GiuseppeBianchi, BiancaBing, Bella Blow, Joe Blow, JoeBlow, JoeBobev, Bobiboy, ya Bressani, FlaviaBrightly, AlanCarnevale, DaniloChalupsky, PaulChelin5, Jean5Cherchi, Stefanoclegane, aidaConti, CarloContractSignTest, EdgeCrickets, JiminyDamiani, ViolaDaniels, DanDat, TestData, TestDatabase, TestDDD, DDDDee, AlisonDeMotts, RobDeMotts, Rob2Demotts2, Rob2DeMotts3, Robertdennis test, dennis testDennis Test, Dennis TestDennis test2, Dennis test2dennis, dennisdh, dgfDias, Jose diaz, jddiff, akhilDoakes, JoeDoe, JohnDoe, JohnDoe, JohnDoe, JohnDoe, JohnDoe, JohnDoe, Johndoe, JohnDoe, JohnDoe, JohnDoe, JohnDoe, JohnDoe, JohnDoe, John Doe, John Doe, JohnDoe, JohnDoe, JohnDoe, JohnDoe, JohnDoe, JohnDoe, JohnDoe, JohnDoe, JuliaDoe, LeslieDoe, TestDoekeses, Johndsds, dsdsDunn, JuliaDyas, JerryDyas, JimEight, PandaEisenman, Hansemanuela, emanuelaemanuela, emanuelaEnglish, MatteoF, TonyFeinstein, JackFernandi, Robertofff, fffFive, PandaFour, Pandafrancesco, francescoG, DeniseG, Gregg, JerryG, Matteo 1/1/1980Galbiati, MatteoGalbiati, MatteoGalbiati, MatteoGalbiati, MatteoGalbiati, Matteo(gmail test)Galbiati11-23, Matteo3-30Galbiati2, Matteo2Galbiato, Matteogallinari, IvoGentile, DeniseGentile, Denise Gentile, Denise gjgj, gghdjGreen, JoeGum, BirthdateShouldBe20000101Gum, BTest3Gum, GregGum, GregGum, GregGum, GregGum, GregGum, GregGum, Greg_0608Gum, Greg_2018-09-17Gum, Greg_triggerTestGum, Greg_TriggerTest2gum, Greg0608AGum, Greg0608CGum, Greg0609Gum, Greg2018-09-22Gum, GregoryGum, Test2BirthdayShouldBe20000101Gum11, Greg11Gum19, Greg19Gum22, Greg22Gum22, Greg22Gum234, Greg234Gum44, GregGum44, Greg44Gum46, Greg46Gum5, Greg5Gum5, Greg5Gum51, Greg51Gum55, Greg22Gum55, Greg55Gum55, Greg55Gum55, Greg55Gum55, Greg55Gum6, Greg6Gum66, Greg66Gum66, Greg66Gum77, Greg77Gum77A, Greg77AGum78, Greg78Gum8, Greg8gum87, Greg87Gum88, Greg88Gum99, Greg99Gum99, Greg99Gum999, Greg999hil, akIE, MatteoIl Terzo, matteoJ, DJk, AbcdJK, QA1JK, ShintoJK, ShintoJK, ShintoJK, ShintoJK, ShintoJK, ShintoJK, ShintoJK, ShintoJK, ShintoJK, ShintoJK, ShintoJK, ShintoJK, ShintoJK, ShintoJK, ShintoJK, ShintoJK, ShintoJK, ShintoJK, ShintoJK, ShintoJK, ShintoJK, ShintoJK, ShintoJK, ShintoJK, ShintoJK, ShintoJK, shintoJK, ShintoJK, ShintoJK, ShintoJK, ShintoJK, ShintoJK, ShintoJK, Shinto-test3JK, TesterJK-2018, ShintoJK-2020, ShintoJK-2020, ShintoJones, JoeJose, Ajanth TestJose, DennisKK, JKKK, JK_2018KK, ShintoKK, ShintoKK, ShintoKK, ShintoKringle, KrisLast Name, First NameLast Name, First NameLast Name, First NameLast Name, First NameLast Name, First NameLast Name, First NameLast Name, First NameLast Name, First NameLast Name, First NameLast Name, First NameLast Name, First NameLast Name, First NameLast Name, First NameLast Name, First NameLast Name, First NameLast Name, First NameLast Name, First NameLast Name, First NameLast Name, First Namelast name, namelast name, namelast name, namelast name, namelast name, namelast name, namelast name, namelast, akLast, TestLast, TestLast, TestLast, TestLast, TestLast, TestLast, TestLast, TestLast, TestLast, TestLast, TestLast, TestLast, TestLast, TestLast, TestLast, TestLast, TestLast, TestLast, Testlast111111ghg ghghghlghlglhlglhgll glhglhlghlglhlgl hglhglhlghl lglhglhlghlglhlghlglhlgh lghlghlglhglhlglhgl lghlglhglhlghlglhlghlgllhlluoiouiouoiouoi ujgjlhg;ljhlgkjghjghkljghjghkljhjhjj;lhjh;lj;lh;l, akhil_firstlizana, davidLName, TestingLoehwing, AspasiaLoehwing, AspasiaLoehwing, AspasiaMassa, LucaMcDonald, RenataMcdonald, RenataMcDonald, RenataMcDonald, RenataMdy, ShintoMichaelson, Mikemiriam, jessicaMobile12, MatteoMR, Ajumustaffa, annNcDonald, Renatanuvoli, francescaOggi, VerificoOne, Pandaone, shintoOsborn, AlisonOsborn, AlisonOsborn, AlisonOsborn, AlisonOsborn, AlisonOsborn2, AlisonOzborn, AlisonPaiwonski, LenaPaoletti, FerdinandoPark, AndrewPasina, MassimoPatacca, GiorgioPedini, FedericoPlayer, EdgeCsrContractTestPlayer, PaulPortal, TestPortal, TestProfile, MattProva, TestQA1, ShintoQA1, Testqqq, 13/8/18qqq, qqqqqq, qqqqqqq, qqqR, AjR, AjR, AjanthR, AjanthR, AjanthR, AjanthR, AjanthR, AjanthRabbit, PeterRigamonti, ClaudioRigamonti, NicolaRossi, Francorossi, valeScanferla, CristoforoScarfone, JoeScoduti , Ivanasdfgdfg, sdfgsdgsdg, sdgsdgsdgsdg, sdgsdgsdgsdg, sfgsdfgsdsd, sdssdsd, Test Ajanthsdsdfdf, sddfdfdssdsdfdf, sddfdfdssdsdfdf, sddfdfdssdsdfdf, sddfdfdssdsdfdf, sddfdfdssdsdfdf, sddfdfdssdsdfdf, sddfdfdssdsdfdf, sddfdfdssdsdfdf, sddfdfdssdsdfdf, sddfdfdssdsdfdf, sddfdfdssdsdfdf, sddfdfdssdsdfdf, sddfdfdssdsdfdf, sddfdfdsSeven, PandaSilvesti, DanieleSK, JKSmoke_test, ShintoSmoke2, ShintoSmoke3, shintoSmoke3, shintoSmoke-Test (US), ShintoSmoke-Test (US), ShintoSmoke-Test, ShintoSmoke-Test, ShintoSocio, Secondostick, evasudhan, akhilT, Jessica t, tT, TestAssociateT1000, ShintoT12, ShintoT2, ShintoT40, ShintoATA11, Shintote, TestTest Assosiate, Test AssosiateTest, AjanthTest, AjanthTest, AjanthTest, Ajanth TestTest, Ajath Test123Test, AjTestTest, DennisTest, First nameTest, First nameTest, First nameTest, First nameTest, First nameTest, First nameTest, First nameTest, QA1Test, SeleniumTest, Shintotest, ShintoTest, ShintoTest, ShintoTest, Shinto-QATest, SKtest, testTest, TestTest, TestTest, TestTest, TestTest, TestTest, TestTest, Testtest, TestTest, Vipintest, Vofoxtest1Test1, QATest1, TestTest123, AjanthTest13, matteoTest2, AjanthTest2, Test2Test-2019, ShintoTest-2019, ShintoTest-2019, ShintoTest-2019, ShintoTest-2019, ShintoTest-2019, ShintoTest-2019, ShintoTest-2019, ShintoTest-2019, ShintoTest-2019, ShintoTest-2019, ShintoTest-2019, ShintoTest-2019, ShintoTest-2019, ShintoTest-2019, ShintoTest-2019, ShintoTest-2019, ShintoTest-2019, ShintoTest-2019, ShintoTest-2019, ShintoTest-2019, ShintoTest-2019, ShintoTest-2019, ShintoTest-2020, ShintoTest2040, ShintoTest223, AjanthTest333, AjanthTest4, AjanthTest423, AjanthTest5, Ajanth5Test523, AjanthTest60, ShintoTest623, AjanthtestA, ShintoTestA1, ShintoTestA1, ShintoTest-Associate-V1, Test-Associate-V1Tester, JCTester, JeanTester, JoeTester10, JeanTester11, JeanTester12, JeanTester13, JeanTester14, JeanTester15, JeanTester15, JeanTester16, JeanTester17, JeanTester18, Jean Tester2, Jean Tester21, JeanTester22, JeanTester23, JeanTester24, JeanTester25, JeanTestInvite, TestInvitetestt, testtText Last Name, Text First NameText Last Name, Text First NameText Last Name, Text First NameText Last Name, Text First NameText Last Name, Text First NameText Last Name, Text First NameText Last Name, Text First NameText Last Name, Text First NameText Last Name, Text First NameText Last Name, Text First NameText Last Name, Text First NameText Last Name, Text First NameText Last Name, Text First NameText Last Name, Text First NameText Last Name, Text First NameText Last Name, Text First NameText Last Name, Text First NameText Last Name, Text First NameText Last Name, Text First NameText Last Name, Text First NameText Last Name, Text First NameText Last Name, Text First NameText Last Name, Text First NameText Last Name, Text First NameText Last Name, Text First NameText Last Name, Text First NameText Last Name, Text First NameText Last Name, Text First NameText Last Name, Text First NameText Last Name, Text First Nametg, tjthandassery, akhilThree, PandaTuratti, CristoforoTwo, PandaTwomey, TonyTwomey, Tonyv , dcv Vaixx, IdanVangelica, Dafnevbbbbb, aaaaavbn, bnbvnVersione13, MatteoVertemati, Giovannivhv, rtvnf, vandanavvxvc, pouokiWood, DustyXjx, Dhxdhytytyty, ytyt
          ' or . = '
            Select Sponsor
             17, test Text Last Name,  Text First Name@@4434345@@@@@@@, pers11, Test111111, 111111212, 1211212, 12121212, 2121221, 212112345, Shinto12345, Shinto15, test18, test20, test200, 100200, Acc1002000, 100020000, 100020000, 1000020180725, Greg2020, Shinto2025, Shinto212, shinto212121, 212121222222, 33333323232, 323233, 231, test32323, 33232332, Test4434, 4521444, 444450, test51, testA, TestA1, ShintoAB, ShintoAB, ShintoAbc, testAbino, AntonioAgnese, IvanoAjanth, TestAjTest, TestAjAnalogo, MatteoArzuffi, Fabioasdas, sdasdAsf, 1000asg, asfAssociate, DuplicateAssociate, Test Badaduchi, JoeyBalbusso, GiacomoBalduzzi, GiacomoBandini, Georgebar, idanBar, Idanbar, idanBar, Idanbar, idanbar, idanBelotti, LuigiBeluschi, MarcoBenedetti, MarcelloBertolazza, GiuseppeBianchi, BiancaBing, Bella Blow, Joe Blow, JoeBlow, JoeBobev, Bobiboy, ya Bressani, FlaviaBrightly, AlanCarnevale, DaniloChalupsky, PaulChelin5, Jean5Cherchi, Stefanoclegane, aidaConti, CarloContractSignTest, EdgeCrickets, JiminyDamiani, ViolaDaniels, DanDat, TestData, TestDatabase, TestDDD, DDDDee, AlisonDeMotts, RobDeMotts, Rob2Demotts2, Rob2DeMotts3, Robertdennis test, dennis testDennis Test, Dennis TestDennis test2, Dennis test2dennis, dennisdh, dgfDias, Jose diaz, jddiff, akhilDoakes, JoeDoe, JohnDoe, JohnDoe, JohnDoe, JohnDoe, JohnDoe, JohnDoe, Johndoe, JohnDoe, JohnDoe, JohnDoe, JohnDoe, JohnDoe, JohnDoe, John Doe, John Doe, JohnDoe, JohnDoe, JohnDoe, JohnDoe, JohnDoe, JohnDoe, JohnDoe, JohnDoe, JuliaDoe, LeslieDoe, TestDoekeses, Johndsds, dsdsDunn, JuliaDyas, JerryDyas, JimEight, PandaEisenman, Hansemanuela, emanuelaemanuela, emanuelaEnglish, MatteoF, TonyFeinstein, JackFernandi, Robertofff, fffFive, PandaFour, Pandafrancesco, francescoG, DeniseG, Gregg, JerryG, Matteo 1/1/1980Galbiati, MatteoGalbiati, MatteoGalbiati, MatteoGalbiati, MatteoGalbiati, Matteo(gmail test)Galbiati11-23, Matteo3-30Galbiati2, Matteo2Galbiato, Matteogallinari, IvoGentile, DeniseGentile, Denise Gentile, Denise gjgj, gghdjGreen, JoeGum, BirthdateShouldBe20000101Gum, BTest3Gum, GregGum, GregGum, GregGum, GregGum, GregGum, GregGum, Greg_0608Gum, Greg_2018-09-17Gum, Greg_triggerTestGum, Greg_TriggerTest2gum, Greg0608AGum, Greg0608CGum, Greg0609Gum, Greg2018-09-22Gum, GregoryGum, Test2BirthdayShouldBe20000101Gum11, Greg11Gum19, Greg19Gum22, Greg22Gum22, Greg22Gum234, Greg234Gum44, GregGum44, Greg44Gum46, Greg46Gum5, Greg5Gum5, Greg5Gum51, Greg51Gum55, Greg22Gum55, Greg55Gum55, Greg55Gum55, Greg55Gum55, Greg55Gum6, Greg6Gum66, Greg66Gum66, Greg66Gum77, Greg77Gum77A, Greg77AGum78, Greg78Gum8, Greg8gum87, Greg87Gum88, Greg88Gum99, Greg99Gum99, Greg99Gum999, Greg999hil, akIE, MatteoIl Terzo, matteoJ, DJk, AbcdJK, QA1JK, ShintoJK, ShintoJK, ShintoJK, ShintoJK, ShintoJK, ShintoJK, ShintoJK, ShintoJK, ShintoJK, ShintoJK, ShintoJK, ShintoJK, ShintoJK, ShintoJK, ShintoJK, ShintoJK, ShintoJK, ShintoJK, ShintoJK, ShintoJK, ShintoJK, ShintoJK, ShintoJK, ShintoJK, ShintoJK, ShintoJK, shintoJK, ShintoJK, ShintoJK, ShintoJK, ShintoJK, ShintoJK, ShintoJK, Shinto-test3JK, TesterJK-2018, ShintoJK-2020, ShintoJK-2020, ShintoJones, JoeJose, Ajanth TestJose, DennisKK, JKKK, JK_2018KK, ShintoKK, ShintoKK, ShintoKK, ShintoKringle, KrisLast Name, First NameLast Name, First NameLast Name, First NameLast Name, First NameLast Name, First NameLast Name, First NameLast Name, First NameLast Name, First NameLast Name, First NameLast Name, First NameLast Name, First NameLast Name, First NameLast Name, First NameLast Name, First NameLast Name, First NameLast Name, First NameLast Name, First NameLast Name, First NameLast Name, First Namelast name, namelast name, namelast name, namelast name, namelast name, namelast name, namelast name, namelast, akLast, TestLast, TestLast, TestLast, TestLast, TestLast, TestLast, TestLast, TestLast, TestLast, TestLast, TestLast, TestLast, TestLast, TestLast, TestLast, TestLast, TestLast, TestLast, Testlast111111ghg ghghghlghlglhlglhgll glhglhlghlglhlgl hglhglhlghl lglhglhlghlglhlghlglhlgh lghlghlglhglhlglhgl lghlglhglhlghlglhlghlgllhlluoiouiouoiouoi ujgjlhg;ljhlgkjghjghkljghjghkljhjhjj;lhjh;lj;lh;l, akhil_firstlizana, davidLName, TestingLoehwing, AspasiaLoehwing, AspasiaLoehwing, AspasiaMassa, LucaMcDonald, RenataMcdonald, RenataMcDonald, RenataMcDonald, RenataMdy, ShintoMichaelson, Mikemiriam, jessicaMobile12, MatteoMR, Ajumustaffa, annNcDonald, Renatanuvoli, francescaOggi, VerificoOne, Pandaone, shintoOsborn, AlisonOsborn, AlisonOsborn, AlisonOsborn, AlisonOsborn, AlisonOsborn2, AlisonOzborn, AlisonPaiwonski, LenaPaoletti, FerdinandoPark, AndrewPasina, MassimoPatacca, GiorgioPedini, FedericoPlayer, EdgeCsrContractTestPlayer, PaulPortal, TestPortal, TestProfile, MattProva, TestQA1, ShintoQA1, Testqqq, 13/8/18qqq, qqqqqq, qqqqqqq, qqqR, AjR, AjR, AjanthR, AjanthR, AjanthR, AjanthR, AjanthR, AjanthRabbit, PeterRigamonti, ClaudioRigamonti, NicolaRossi, Francorossi, valeScanferla, CristoforoScarfone, JoeScoduti , Ivanasdfgdfg, sdfgsdgsdg, sdgsdgsdgsdg, sdgsdgsdgsdg, sfgsdfgsdsd, sdssdsd, Test Ajanthsdsdfdf, sddfdfdssdsdfdf, sddfdfdssdsdfdf, sddfdfdssdsdfdf, sddfdfdssdsdfdf, sddfdfdssdsdfdf, sddfdfdssdsdfdf, sddfdfdssdsdfdf, sddfdfdssdsdfdf, sddfdfdssdsdfdf, sddfdfdssdsdfdf, sddfdfdssdsdfdf, sddfdfdssdsdfdf, sddfdfdssdsdfdf, sddfdfdsSeven, PandaSilvesti, DanieleSK, JKSmoke_test, ShintoSmoke2, ShintoSmoke3, shintoSmoke3, shintoSmoke-Test (US), ShintoSmoke-Test (US), ShintoSmoke-Test, ShintoSmoke-Test, ShintoSocio, Secondostick, evasudhan, akhilT, Jessica t, tT, TestAssociateT1000, ShintoT12, ShintoT2, ShintoT40, ShintoATA11, Shintote, TestTest Assosiate, Test AssosiateTest, AjanthTest, AjanthTest, AjanthTest, Ajanth TestTest, Ajath Test123Test, AjTestTest, DennisTest, First nameTest, First nameTest, First nameTest, First nameTest, First nameTest, First nameTest, First nameTest, QA1Test, SeleniumTest, Shintotest, ShintoTest, ShintoTest, ShintoTest, Shinto-QATest, SKtest, testTest, TestTest, TestTest, TestTest, TestTest, TestTest, TestTest, Testtest, TestTest, Vipintest, Vofoxtest1Test1, QATest1, TestTest123, AjanthTest13, matteoTest2, AjanthTest2, Test2Test-2019, ShintoTest-2019, ShintoTest-2019, ShintoTest-2019, ShintoTest-2019, ShintoTest-2019, ShintoTest-2019, ShintoTest-2019, ShintoTest-2019, ShintoTest-2019, ShintoTest-2019, ShintoTest-2019, ShintoTest-2019, ShintoTest-2019, ShintoTest-2019, ShintoTest-2019, ShintoTest-2019, ShintoTest-2019, ShintoTest-2019, ShintoTest-2019, ShintoTest-2019, ShintoTest-2019, ShintoTest-2019, ShintoTest-2020, ShintoTest2040, ShintoTest223, AjanthTest333, AjanthTest4, AjanthTest423, AjanthTest5, Ajanth5Test523, AjanthTest60, ShintoTest623, AjanthtestA, ShintoTestA1, ShintoTestA1, ShintoTest-Associate-V1, Test-Associate-V1Tester, JCTester, JeanTester, JoeTester10, JeanTester11, JeanTester12, JeanTester13, JeanTester14, JeanTester15, JeanTester15, JeanTester16, JeanTester17, JeanTester18, Jean Tester2, Jean Tester21, JeanTester22, JeanTester23, JeanTester24, JeanTester25, JeanTestInvite, TestInvitetestt, testtText Last Name, Text First NameText Last Name, Text First NameText Last Name, Text First NameText Last Name, Text First NameText Last Name, Text First NameText Last Name, Text First NameText Last Name, Text First NameText Last Name, Text First NameText Last Name, Text First NameText Last Name, Text First NameText Last Name, Text First NameText Last Name, Text First NameText Last Name, Text First NameText Last Name, Text First NameText Last Name, Text First NameText Last Name, Text First NameText Last Name, Text First NameText Last Name, Text First NameText Last Name, Text First NameText Last Name, Text First NameText Last Name, Text First NameText Last Name, Text First NameText Last Name, Text First NameText Last Name, Text First NameText Last Name, Text First NameText Last Name, Text First NameText Last Name, Text First NameText Last Name, Text First NameText Last Name, Text First NameText Last Name, Text First Nametg, tjthandassery, akhilThree, PandaTuratti, CristoforoTwo, PandaTwomey, TonyTwomey, Tonyv , dcv Vaixx, IdanVangelica, Dafnevbbbbb, aaaaavbn, bnbvnVersione13, MatteoVertemati, Giovannivhv, rtvnf, vandanavvxvc, pouokiWood, DustyXjx, Dhxdhytytyty, ytyt
          ')]' not found)
	at com.kms.katalon.core.keyword.internal.KeywordMain.stepFailed(KeywordMain.groovy:36)
	at com.kms.katalon.core.webui.keyword.internal.WebUIKeywordMain.stepFailed(WebUIKeywordMain.groovy:65)
	at com.kms.katalon.core.webui.keyword.internal.WebUIKeywordMain.runKeyword(WebUIKeywordMain.groovy:27)
	at com.kms.katalon.core.webui.keyword.builtin.SelectAllOptionKeyword.selectAllOption(SelectAllOptionKeyword.groovy:85)
	at com.kms.katalon.core.webui.keyword.builtin.SelectAllOptionKeyword.execute(SelectAllOptionKeyword.groovy:67)
	at com.kms.katalon.core.keyword.internal.KeywordExecutor.executeKeywordForPlatform(KeywordExecutor.groovy:53)
	at com.kms.katalon.core.webui.keyword.WebUiBuiltInKeywords.selectAllOption(WebUiBuiltInKeywords.groovy:1165)
	at com.kms.katalon.core.webui.keyword.WebUiBuiltInKeywords$selectAllOption$7.call(Unknown Source)
	at org.codehaus.groovy.runtime.callsite.CallSiteArray.defaultCall(CallSiteArray.java:48)
	at org.codehaus.groovy.runtime.callsite.AbstractCallSite.call(AbstractCallSite.java:113)
	at org.codehaus.groovy.runtime.callsite.AbstractCallSite.call(AbstractCallSite.java:125)
	at Script1540372863282.run(Script1540372863282.groovy:63)
	at com.kms.katalon.core.main.ScriptEngine.run(ScriptEngine.java:183)
	at com.kms.katalon.core.main.ScriptEngine.runScriptAsRawText(ScriptEngine.java:108)
	at com.kms.katalon.core.main.TestCaseExecutor.runScript(TestCaseExecutor.java:294)
	at com.kms.katalon.core.main.TestCaseExecutor.doExecute(TestCaseExecutor.java:285)
	at com.kms.katalon.core.main.TestCaseExecutor.processExecutionPhase(TestCaseExecutor.java:264)
	at com.kms.katalon.core.main.TestCaseExecutor.accessMainPhase(TestCaseExecutor.java:256)
	at com.kms.katalon.core.main.TestCaseExecutor.execute(TestCaseExecutor.java:200)
	at com.kms.katalon.core.main.TestSuiteExecutor.accessTestCaseMainPhase(TestSuiteExecutor.java:129)
	at com.kms.katalon.core.main.TestSuiteExecutor.accessTestSuiteMainPhase(TestSuiteExecutor.java:112)
	at com.kms.katalon.core.main.TestSuiteExecutor.execute(TestSuiteExecutor.java:81)
	at com.kms.katalon.core.main.TestCaseMain.startTestSuite(TestCaseMain.java:142)
	at com.kms.katalon.core.main.TestCaseMain$startTestSuite$0.call(Unknown Source)
	at org.codehaus.groovy.runtime.callsite.CallSiteArray.defaultCall(CallSiteArray.java:48)
	at org.codehaus.groovy.runtime.callsite.AbstractCallSite.call(AbstractCallSite.java:113)
	at org.codehaus.groovy.runtime.callsite.AbstractCallSite.call(AbstractCallSite.java:141)
	at TempTestSuite1542031977124.run(TempTestSuite1542031977124.groovy:36)
	at groovy.lang.GroovyShell.runScriptOrMainOrTestOrRunnable(GroovyShell.java:263)
	at groovy.lang.GroovyShell.run(GroovyShell.java:518)
	at groovy.lang.GroovyShell.run(GroovyShell.java:507)
	at groovy.ui.GroovyMain.processOnce(GroovyMain.java:653)
	at groovy.ui.GroovyMain.run(GroovyMain.java:384)
	at groovy.ui.GroovyMain.process(GroovyMain.java:370)
	at groovy.ui.GroovyMain.processArgs(GroovyMain.java:129)
	at groovy.ui.GroovyMain.main(GroovyMain.java:109)
	at sun.reflect.NativeMethodAccessorImpl.invoke0(Native Method)
	at sun.reflect.NativeMethodAccessorImpl.invoke(NativeMethodAccessorImpl.java:62)
	at sun.reflect.DelegatingMethodAccessorImpl.invoke(DelegatingMethodAccessorImpl.java:43)
	at java.lang.reflect.Method.invoke(Method.java:498)
	at org.codehaus.groovy.tools.GroovyStarter.rootLoader(GroovyStarter.java:109)
	at org.codehaus.groovy.tools.GroovyStarter.main(GroovyStarter.java:131)
)]]></system-err>
      </testcase>
      <testcase name="Test Cases/Associate Application/My Downline/TCBA01605" classname="Test Cases/Associate Application/My Downline/TCBA01605" status="FAILED">
         <failure type="FAILED" message="(Stack trace: com.kms.katalon.core.exception.StepFailedException: Unable to select option by value 'Test, Shinto-QA' of object 'Object Repository/My Downline/Page_My Downline  5-15/select_Select Sponsor'  using regular expression (Root cause: com.kms.katalon.core.webui.exception.WebElementNotFoundException: Web element with id: 'Object Repository/My Downline/Page_My Downline  5-15/select_Select Sponsor' located by 'By.xpath: //select[(text() = '
            Select Sponsor
             17, test Text Last Name,  Text First Name@@4434345@@@@@@@, pers11, Test111111, 111111212, 1211212, 12121212, 2121221, 212112345, Shinto12345, Shinto15, test18, test20, test200, 100200, Acc1002000, 100020000, 100020000, 1000020180725, Greg2020, Shinto2025, Shinto212, shinto212121, 212121222222, 33333323232, 323233, 231, test32323, 33232332, Test4434, 4521444, 444450, test51, testA, TestA1, ShintoAB, ShintoAB, ShintoAbc, testAbino, AntonioAgnese, IvanoAjanth, TestAjTest, TestAjAnalogo, MatteoArzuffi, Fabioasdas, sdasdAsf, 1000asg, asfAssociate, DuplicateAssociate, Test Badaduchi, JoeyBalbusso, GiacomoBalduzzi, GiacomoBandini, Georgebar, idanBar, Idanbar, idanBar, Idanbar, idanbar, idanBelotti, LuigiBeluschi, MarcoBenedetti, MarcelloBertolazza, GiuseppeBianchi, BiancaBing, Bella Blow, Joe Blow, JoeBlow, JoeBobev, Bobiboy, ya Bressani, FlaviaBrightly, AlanCarnevale, DaniloChalupsky, PaulChelin5, Jean5Cherchi, Stefanoclegane, aidaConti, CarloContractSignTest, EdgeCrickets, JiminyDamiani, ViolaDaniels, DanDat, TestData, TestDatabase, TestDDD, DDDDee, AlisonDeMotts, RobDeMotts, Rob2Demotts2, Rob2DeMotts3, Robertdennis test, dennis testDennis Test, Dennis TestDennis test2, Dennis test2dennis, dennisdh, dgfDias, Jose diaz, jddiff, akhilDoakes, JoeDoe, JohnDoe, JohnDoe, JohnDoe, JohnDoe, JohnDoe, JohnDoe, Johndoe, JohnDoe, JohnDoe, JohnDoe, JohnDoe, JohnDoe, JohnDoe, John Doe, John Doe, JohnDoe, JohnDoe, JohnDoe, JohnDoe, JohnDoe, JohnDoe, JohnDoe, JohnDoe, JuliaDoe, LeslieDoe, TestDoekeses, Johndsds, dsdsDunn, JuliaDyas, JerryDyas, JimEight, PandaEisenman, Hansemanuela, emanuelaemanuela, emanuelaEnglish, MatteoF, TonyFeinstein, JackFernandi, Robertofff, fffFive, PandaFour, Pandafrancesco, francescoG, DeniseG, Gregg, JerryG, Matteo 1/1/1980Galbiati, MatteoGalbiati, MatteoGalbiati, MatteoGalbiati, MatteoGalbiati, Matteo(gmail test)Galbiati11-23, Matteo3-30Galbiati2, Matteo2Galbiato, Matteogallinari, IvoGentile, DeniseGentile, Denise Gentile, Denise gjgj, gghdjGreen, JoeGum, BirthdateShouldBe20000101Gum, BTest3Gum, GregGum, GregGum, GregGum, GregGum, GregGum, GregGum, Greg_0608Gum, Greg_2018-09-17Gum, Greg_triggerTestGum, Greg_TriggerTest2gum, Greg0608AGum, Greg0608CGum, Greg0609Gum, Greg2018-09-22Gum, GregoryGum, Test2BirthdayShouldBe20000101Gum11, Greg11Gum19, Greg19Gum22, Greg22Gum22, Greg22Gum234, Greg234Gum44, GregGum44, Greg44Gum46, Greg46Gum5, Greg5Gum5, Greg5Gum51, Greg51Gum55, Greg22Gum55, Greg55Gum55, Greg55Gum55, Greg55Gum55, Greg55Gum6, Greg6Gum66, Greg66Gum66, Greg66Gum77, Greg77Gum77A, Greg77AGum78, Greg78Gum8, Greg8gum87, Greg87Gum88, Greg88Gum99, Greg99Gum99, Greg99Gum999, Greg999hil, akIE, MatteoIl Terzo, matteoJ, DJk, AbcdJK, QA1JK, ShintoJK, ShintoJK, ShintoJK, ShintoJK, ShintoJK, ShintoJK, ShintoJK, ShintoJK, ShintoJK, ShintoJK, ShintoJK, ShintoJK, ShintoJK, ShintoJK, ShintoJK, ShintoJK, ShintoJK, ShintoJK, ShintoJK, ShintoJK, ShintoJK, ShintoJK, ShintoJK, ShintoJK, ShintoJK, ShintoJK, shintoJK, ShintoJK, ShintoJK, ShintoJK, ShintoJK, ShintoJK, ShintoJK, Shinto-test3JK, TesterJK-2018, ShintoJK-2020, ShintoJK-2020, ShintoJones, JoeJose, Ajanth TestJose, DennisKK, JKKK, JK_2018KK, ShintoKK, ShintoKK, ShintoKK, ShintoKringle, KrisLast Name, First NameLast Name, First NameLast Name, First NameLast Name, First NameLast Name, First NameLast Name, First NameLast Name, First NameLast Name, First NameLast Name, First NameLast Name, First NameLast Name, First NameLast Name, First NameLast Name, First NameLast Name, First NameLast Name, First NameLast Name, First NameLast Name, First NameLast Name, First NameLast Name, First Namelast name, namelast name, namelast name, namelast name, namelast name, namelast name, namelast name, namelast, akLast, TestLast, TestLast, TestLast, TestLast, TestLast, TestLast, TestLast, TestLast, TestLast, TestLast, TestLast, TestLast, TestLast, TestLast, TestLast, TestLast, TestLast, TestLast, Testlast111111ghg ghghghlghlglhlglhgll glhglhlghlglhlgl hglhglhlghl lglhglhlghlglhlghlglhlgh lghlghlglhglhlglhgl lghlglhglhlghlglhlghlgllhlluoiouiouoiouoi ujgjlhg;ljhlgkjghjghkljghjghkljhjhjj;lhjh;lj;lh;l, akhil_firstlizana, davidLName, TestingLoehwing, AspasiaLoehwing, AspasiaLoehwing, AspasiaMassa, LucaMcDonald, RenataMcdonald, RenataMcDonald, RenataMcDonald, RenataMdy, ShintoMichaelson, Mikemiriam, jessicaMobile12, MatteoMR, Ajumustaffa, annNcDonald, Renatanuvoli, francescaOggi, VerificoOne, Pandaone, shintoOsborn, AlisonOsborn, AlisonOsborn, AlisonOsborn, AlisonOsborn, AlisonOsborn2, AlisonOzborn, AlisonPaiwonski, LenaPaoletti, FerdinandoPark, AndrewPasina, MassimoPatacca, GiorgioPedini, FedericoPlayer, EdgeCsrContractTestPlayer, PaulPortal, TestPortal, TestProfile, MattProva, TestQA1, ShintoQA1, Testqqq, 13/8/18qqq, qqqqqq, qqqqqqq, qqqR, AjR, AjR, AjanthR, AjanthR, AjanthR, AjanthR, AjanthR, AjanthRabbit, PeterRigamonti, ClaudioRigamonti, NicolaRossi, Francorossi, valeScanferla, CristoforoScarfone, JoeScoduti , Ivanasdfgdfg, sdfgsdgsdg, sdgsdgsdgsdg, sdgsdgsdgsdg, sfgsdfgsdsd, sdssdsd, Test Ajanthsdsdfdf, sddfdfdssdsdfdf, sddfdfdssdsdfdf, sddfdfdssdsdfdf, sddfdfdssdsdfdf, sddfdfdssdsdfdf, sddfdfdssdsdfdf, sddfdfdssdsdfdf, sddfdfdssdsdfdf, sddfdfdssdsdfdf, sddfdfdssdsdfdf, sddfdfdssdsdfdf, sddfdfdssdsdfdf, sddfdfdssdsdfdf, sddfdfdsSeven, PandaSilvesti, DanieleSK, JKSmoke_test, ShintoSmoke2, ShintoSmoke3, shintoSmoke3, shintoSmoke-Test (US), ShintoSmoke-Test (US), ShintoSmoke-Test, ShintoSmoke-Test, ShintoSocio, Secondostick, evasudhan, akhilT, Jessica t, tT, TestAssociateT1000, ShintoT12, ShintoT2, ShintoT40, ShintoATA11, Shintote, TestTest Assosiate, Test AssosiateTest, AjanthTest, AjanthTest, AjanthTest, Ajanth TestTest, Ajath Test123Test, AjTestTest, DennisTest, First nameTest, First nameTest, First nameTest, First nameTest, First nameTest, First nameTest, First nameTest, QA1Test, SeleniumTest, Shintotest, ShintoTest, ShintoTest, ShintoTest, Shinto-QATest, SKtest, testTest, TestTest, TestTest, TestTest, TestTest, TestTest, TestTest, Testtest, TestTest, Vipintest, Vofoxtest1Test1, QATest1, TestTest123, AjanthTest13, matteoTest2, AjanthTest2, Test2Test-2019, ShintoTest-2019, ShintoTest-2019, ShintoTest-2019, ShintoTest-2019, ShintoTest-2019, ShintoTest-2019, ShintoTest-2019, ShintoTest-2019, ShintoTest-2019, ShintoTest-2019, ShintoTest-2019, ShintoTest-2019, ShintoTest-2019, ShintoTest-2019, ShintoTest-2019, ShintoTest-2019, ShintoTest-2019, ShintoTest-2019, ShintoTest-2019, ShintoTest-2019, ShintoTest-2019, ShintoTest-2019, ShintoTest-2020, ShintoTest2040, ShintoTest223, AjanthTest333, AjanthTest4, AjanthTest423, AjanthTest5, Ajanth5Test523, AjanthTest60, ShintoTest623, AjanthtestA, ShintoTestA1, ShintoTestA1, ShintoTest-Associate-V1, Test-Associate-V1Tester, JCTester, JeanTester, JoeTester10, JeanTester11, JeanTester12, JeanTester13, JeanTester14, JeanTester15, JeanTester15, JeanTester16, JeanTester17, JeanTester18, Jean Tester2, Jean Tester21, JeanTester22, JeanTester23, JeanTester24, JeanTester25, JeanTestInvite, TestInvitetestt, testtText Last Name, Text First NameText Last Name, Text First NameText Last Name, Text First NameText Last Name, Text First NameText Last Name, Text First NameText Last Name, Text First NameText Last Name, Text First NameText Last Name, Text First NameText Last Name, Text First NameText Last Name, Text First NameText Last Name, Text First NameText Last Name, Text First NameText Last Name, Text First NameText Last Name, Text First NameText Last Name, Text First NameText Last Name, Text First NameText Last Name, Text First NameText Last Name, Text First NameText Last Name, Text First NameText Last Name, Text First NameText Last Name, Text First NameText Last Name, Text First NameText Last Name, Text First NameText Last Name, Text First NameText Last Name, Text First NameText Last Name, Text First NameText Last Name, Text First NameText Last Name, Text First NameText Last Name, Text First NameText Last Name, Text First Nametg, tjthandassery, akhilThree, PandaTuratti, CristoforoTwo, PandaTwomey, TonyTwomey, Tonyv , dcv Vaixx, IdanVangelica, Dafnevbbbbb, aaaaavbn, bnbvnVersione13, MatteoVertemati, Giovannivhv, rtvnf, vandanavvxvc, pouokiWood, DustyXjx, Dhxdhytytyty, ytyt
          ' or . = '
            Select Sponsor
             17, test Text Last Name,  Text First Name@@4434345@@@@@@@, pers11, Test111111, 111111212, 1211212, 12121212, 2121221, 212112345, Shinto12345, Shinto15, test18, test20, test200, 100200, Acc1002000, 100020000, 100020000, 1000020180725, Greg2020, Shinto2025, Shinto212, shinto212121, 212121222222, 33333323232, 323233, 231, test32323, 33232332, Test4434, 4521444, 444450, test51, testA, TestA1, ShintoAB, ShintoAB, ShintoAbc, testAbino, AntonioAgnese, IvanoAjanth, TestAjTest, TestAjAnalogo, MatteoArzuffi, Fabioasdas, sdasdAsf, 1000asg, asfAssociate, DuplicateAssociate, Test Badaduchi, JoeyBalbusso, GiacomoBalduzzi, GiacomoBandini, Georgebar, idanBar, Idanbar, idanBar, Idanbar, idanbar, idanBelotti, LuigiBeluschi, MarcoBenedetti, MarcelloBertolazza, GiuseppeBianchi, BiancaBing, Bella Blow, Joe Blow, JoeBlow, JoeBobev, Bobiboy, ya Bressani, FlaviaBrightly, AlanCarnevale, DaniloChalupsky, PaulChelin5, Jean5Cherchi, Stefanoclegane, aidaConti, CarloContractSignTest, EdgeCrickets, JiminyDamiani, ViolaDaniels, DanDat, TestData, TestDatabase, TestDDD, DDDDee, AlisonDeMotts, RobDeMotts, Rob2Demotts2, Rob2DeMotts3, Robertdennis test, dennis testDennis Test, Dennis TestDennis test2, Dennis test2dennis, dennisdh, dgfDias, Jose diaz, jddiff, akhilDoakes, JoeDoe, JohnDoe, JohnDoe, JohnDoe, JohnDoe, JohnDoe, JohnDoe, Johndoe, JohnDoe, JohnDoe, JohnDoe, JohnDoe, JohnDoe, JohnDoe, John Doe, John Doe, JohnDoe, JohnDoe, JohnDoe, JohnDoe, JohnDoe, JohnDoe, JohnDoe, JohnDoe, JuliaDoe, LeslieDoe, TestDoekeses, Johndsds, dsdsDunn, JuliaDyas, JerryDyas, JimEight, PandaEisenman, Hansemanuela, emanuelaemanuela, emanuelaEnglish, MatteoF, TonyFeinstein, JackFernandi, Robertofff, fffFive, PandaFour, Pandafrancesco, francescoG, DeniseG, Gregg, JerryG, Matteo 1/1/1980Galbiati, MatteoGalbiati, MatteoGalbiati, MatteoGalbiati, MatteoGalbiati, Matteo(gmail test)Galbiati11-23, Matteo3-30Galbiati2, Matteo2Galbiato, Matteogallinari, IvoGentile, DeniseGentile, Denise Gentile, Denise gjgj, gghdjGreen, JoeGum, BirthdateShouldBe20000101Gum, BTest3Gum, GregGum, GregGum, GregGum, GregGum, GregGum, GregGum, Greg_0608Gum, Greg_2018-09-17Gum, Greg_triggerTestGum, Greg_TriggerTest2gum, Greg0608AGum, Greg0608CGum, Greg0609Gum, Greg2018-09-22Gum, GregoryGum, Test2BirthdayShouldBe20000101Gum11, Greg11Gum19, Greg19Gum22, Greg22Gum22, Greg22Gum234, Greg234Gum44, GregGum44, Greg44Gum46, Greg46Gum5, Greg5Gum5, Greg5Gum51, Greg51Gum55, Greg22Gum55, Greg55Gum55, Greg55Gum55, Greg55Gum55, Greg55Gum6, Greg6Gum66, Greg66Gum66, Greg66Gum77, Greg77Gum77A, Greg77AGum78, Greg78Gum8, Greg8gum87, Greg87Gum88, Greg88Gum99, Greg99Gum99, Greg99Gum999, Greg999hil, akIE, MatteoIl Terzo, matteoJ, DJk, AbcdJK, QA1JK, ShintoJK, ShintoJK, ShintoJK, ShintoJK, ShintoJK, ShintoJK, ShintoJK, ShintoJK, ShintoJK, ShintoJK, ShintoJK, ShintoJK, ShintoJK, ShintoJK, ShintoJK, ShintoJK, ShintoJK, ShintoJK, ShintoJK, ShintoJK, ShintoJK, ShintoJK, ShintoJK, ShintoJK, ShintoJK, ShintoJK, shintoJK, ShintoJK, ShintoJK, ShintoJK, ShintoJK, ShintoJK, ShintoJK, Shinto-test3JK, TesterJK-2018, ShintoJK-2020, ShintoJK-2020, ShintoJones, JoeJose, Ajanth TestJose, DennisKK, JKKK, JK_2018KK, ShintoKK, ShintoKK, ShintoKK, ShintoKringle, KrisLast Name, First NameLast Name, First NameLast Name, First NameLast Name, First NameLast Name, First NameLast Name, First NameLast Name, First NameLast Name, First NameLast Name, First NameLast Name, First NameLast Name, First NameLast Name, First NameLast Name, First NameLast Name, First NameLast Name, First NameLast Name, First NameLast Name, First NameLast Name, First NameLast Name, First Namelast name, namelast name, namelast name, namelast name, namelast name, namelast name, namelast name, namelast, akLast, TestLast, TestLast, TestLast, TestLast, TestLast, TestLast, TestLast, TestLast, TestLast, TestLast, TestLast, TestLast, TestLast, TestLast, TestLast, TestLast, TestLast, TestLast, Testlast111111ghg ghghghlghlglhlglhgll glhglhlghlglhlgl hglhglhlghl lglhglhlghlglhlghlglhlgh lghlghlglhglhlglhgl lghlglhglhlghlglhlghlgllhlluoiouiouoiouoi ujgjlhg;ljhlgkjghjghkljghjghkljhjhjj;lhjh;lj;lh;l, akhil_firstlizana, davidLName, TestingLoehwing, AspasiaLoehwing, AspasiaLoehwing, AspasiaMassa, LucaMcDonald, RenataMcdonald, RenataMcDonald, RenataMcDonald, RenataMdy, ShintoMichaelson, Mikemiriam, jessicaMobile12, MatteoMR, Ajumustaffa, annNcDonald, Renatanuvoli, francescaOggi, VerificoOne, Pandaone, shintoOsborn, AlisonOsborn, AlisonOsborn, AlisonOsborn, AlisonOsborn, AlisonOsborn2, AlisonOzborn, AlisonPaiwonski, LenaPaoletti, FerdinandoPark, AndrewPasina, MassimoPatacca, GiorgioPedini, FedericoPlayer, EdgeCsrContractTestPlayer, PaulPortal, TestPortal, TestProfile, MattProva, TestQA1, ShintoQA1, Testqqq, 13/8/18qqq, qqqqqq, qqqqqqq, qqqR, AjR, AjR, AjanthR, AjanthR, AjanthR, AjanthR, AjanthR, AjanthRabbit, PeterRigamonti, ClaudioRigamonti, NicolaRossi, Francorossi, valeScanferla, CristoforoScarfone, JoeScoduti , Ivanasdfgdfg, sdfgsdgsdg, sdgsdgsdgsdg, sdgsdgsdgsdg, sfgsdfgsdsd, sdssdsd, Test Ajanthsdsdfdf, sddfdfdssdsdfdf, sddfdfdssdsdfdf, sddfdfdssdsdfdf, sddfdfdssdsdfdf, sddfdfdssdsdfdf, sddfdfdssdsdfdf, sddfdfdssdsdfdf, sddfdfdssdsdfdf, sddfdfdssdsdfdf, sddfdfdssdsdfdf, sddfdfdssdsdfdf, sddfdfdssdsdfdf, sddfdfdssdsdfdf, sddfdfdsSeven, PandaSilvesti, DanieleSK, JKSmoke_test, ShintoSmoke2, ShintoSmoke3, shintoSmoke3, shintoSmoke-Test (US), ShintoSmoke-Test (US), ShintoSmoke-Test, ShintoSmoke-Test, ShintoSocio, Secondostick, evasudhan, akhilT, Jessica t, tT, TestAssociateT1000, ShintoT12, ShintoT2, ShintoT40, ShintoATA11, Shintote, TestTest Assosiate, Test AssosiateTest, AjanthTest, AjanthTest, AjanthTest, Ajanth TestTest, Ajath Test123Test, AjTestTest, DennisTest, First nameTest, First nameTest, First nameTest, First nameTest, First nameTest, First nameTest, First nameTest, QA1Test, SeleniumTest, Shintotest, ShintoTest, ShintoTest, ShintoTest, Shinto-QATest, SKtest, testTest, TestTest, TestTest, TestTest, TestTest, TestTest, TestTest, Testtest, TestTest, Vipintest, Vofoxtest1Test1, QATest1, TestTest123, AjanthTest13, matteoTest2, AjanthTest2, Test2Test-2019, ShintoTest-2019, ShintoTest-2019, ShintoTest-2019, ShintoTest-2019, ShintoTest-2019, ShintoTest-2019, ShintoTest-2019, ShintoTest-2019, ShintoTest-2019, ShintoTest-2019, ShintoTest-2019, ShintoTest-2019, ShintoTest-2019, ShintoTest-2019, ShintoTest-2019, ShintoTest-2019, ShintoTest-2019, ShintoTest-2019, ShintoTest-2019, ShintoTest-2019, ShintoTest-2019, ShintoTest-2019, ShintoTest-2020, ShintoTest2040, ShintoTest223, AjanthTest333, AjanthTest4, AjanthTest423, AjanthTest5, Ajanth5Test523, AjanthTest60, ShintoTest623, AjanthtestA, ShintoTestA1, ShintoTestA1, ShintoTest-Associate-V1, Test-Associate-V1Tester, JCTester, JeanTester, JoeTester10, JeanTester11, JeanTester12, JeanTester13, JeanTester14, JeanTester15, JeanTester15, JeanTester16, JeanTester17, JeanTester18, Jean Tester2, Jean Tester21, JeanTester22, JeanTester23, JeanTester24, JeanTester25, JeanTestInvite, TestInvitetestt, testtText Last Name, Text First NameText Last Name, Text First NameText Last Name, Text First NameText Last Name, Text First NameText Last Name, Text First NameText Last Name, Text First NameText Last Name, Text First NameText Last Name, Text First NameText Last Name, Text First NameText Last Name, Text First NameText Last Name, Text First NameText Last Name, Text First NameText Last Name, Text First NameText Last Name, Text First NameText Last Name, Text First NameText Last Name, Text First NameText Last Name, Text First NameText Last Name, Text First NameText Last Name, Text First NameText Last Name, Text First NameText Last Name, Text First NameText Last Name, Text First NameText Last Name, Text First NameText Last Name, Text First NameText Last Name, Text First NameText Last Name, Text First NameText Last Name, Text First NameText Last Name, Text First NameText Last Name, Text First NameText Last Name, Text First Nametg, tjthandassery, akhilThree, PandaTuratti, CristoforoTwo, PandaTwomey, TonyTwomey, Tonyv , dcv Vaixx, IdanVangelica, Dafnevbbbbb, aaaaavbn, bnbvnVersione13, MatteoVertemati, Giovannivhv, rtvnf, vandanavvxvc, pouokiWood, DustyXjx, Dhxdhytytyty, ytyt
          ')]' not found)
	at com.kms.katalon.core.keyword.internal.KeywordMain.stepFailed(KeywordMain.groovy:36)
	at com.kms.katalon.core.webui.keyword.internal.WebUIKeywordMain.stepFailed(WebUIKeywordMain.groovy:65)
	at com.kms.katalon.core.webui.keyword.internal.WebUIKeywordMain.runKeyword(WebUIKeywordMain.groovy:27)
	at com.kms.katalon.core.webui.keyword.builtin.SelectOptionByValueKeyword.selectOptionByValue(SelectOptionByValueKeyword.groovy:99)
	at com.kms.katalon.core.webui.keyword.builtin.SelectOptionByValueKeyword.execute(SelectOptionByValueKeyword.groovy:71)
	at com.kms.katalon.core.keyword.internal.KeywordExecutor.executeKeywordForPlatform(KeywordExecutor.groovy:53)
	at com.kms.katalon.core.webui.keyword.WebUiBuiltInKeywords.selectOptionByValue(WebUiBuiltInKeywords.groovy:1138)
	at com.kms.katalon.core.webui.keyword.WebUiBuiltInKeywords$selectOptionByValue$8.call(Unknown Source)
	at org.codehaus.groovy.runtime.callsite.CallSiteArray.defaultCall(CallSiteArray.java:48)
	at org.codehaus.groovy.runtime.callsite.AbstractCallSite.call(AbstractCallSite.java:113)
	at org.codehaus.groovy.runtime.callsite.AbstractCallSite.call(AbstractCallSite.java:141)
	at Script1540451408397.run(Script1540451408397.groovy:21)
	at com.kms.katalon.core.main.ScriptEngine.run(ScriptEngine.java:183)
	at com.kms.katalon.core.main.ScriptEngine.runScriptAsRawText(ScriptEngine.java:108)
	at com.kms.katalon.core.main.TestCaseExecutor.runScript(TestCaseExecutor.java:294)
	at com.kms.katalon.core.main.TestCaseExecutor.doExecute(TestCaseExecutor.java:285)
	at com.kms.katalon.core.main.TestCaseExecutor.processExecutionPhase(TestCaseExecutor.java:264)
	at com.kms.katalon.core.main.TestCaseExecutor.accessMainPhase(TestCaseExecutor.java:256)
	at com.kms.katalon.core.main.TestCaseExecutor.execute(TestCaseExecutor.java:200)
	at com.kms.katalon.core.main.TestSuiteExecutor.accessTestCaseMainPhase(TestSuiteExecutor.java:129)
	at com.kms.katalon.core.main.TestSuiteExecutor.accessTestSuiteMainPhase(TestSuiteExecutor.java:112)
	at com.kms.katalon.core.main.TestSuiteExecutor.execute(TestSuiteExecutor.java:81)
	at com.kms.katalon.core.main.TestCaseMain.startTestSuite(TestCaseMain.java:142)
	at com.kms.katalon.core.main.TestCaseMain$startTestSuite$0.call(Unknown Source)
	at org.codehaus.groovy.runtime.callsite.CallSiteArray.defaultCall(CallSiteArray.java:48)
	at org.codehaus.groovy.runtime.callsite.AbstractCallSite.call(AbstractCallSite.java:113)
	at org.codehaus.groovy.runtime.callsite.AbstractCallSite.call(AbstractCallSite.java:141)
	at TempTestSuite1542031977124.run(TempTestSuite1542031977124.groovy:36)
	at groovy.lang.GroovyShell.runScriptOrMainOrTestOrRunnable(GroovyShell.java:263)
	at groovy.lang.GroovyShell.run(GroovyShell.java:518)
	at groovy.lang.GroovyShell.run(GroovyShell.java:507)
	at groovy.ui.GroovyMain.processOnce(GroovyMain.java:653)
	at groovy.ui.GroovyMain.run(GroovyMain.java:384)
	at groovy.ui.GroovyMain.process(GroovyMain.java:370)
	at groovy.ui.GroovyMain.processArgs(GroovyMain.java:129)
	at groovy.ui.GroovyMain.main(GroovyMain.java:109)
	at sun.reflect.NativeMethodAccessorImpl.invoke0(Native Method)
	at sun.reflect.NativeMethodAccessorImpl.invoke(NativeMethodAccessorImpl.java:62)
	at sun.reflect.DelegatingMethodAccessorImpl.invoke(DelegatingMethodAccessorImpl.java:43)
	at java.lang.reflect.Method.invoke(Method.java:498)
	at org.codehaus.groovy.tools.GroovyStarter.rootLoader(GroovyStarter.java:109)
	at org.codehaus.groovy.tools.GroovyStarter.main(GroovyStarter.java:131)
)"/>
         <system-out><![CDATA[2018-11-12 20:01:05 - [TEST_CASE][FAILED] - Test Cases/Associate Application/My Downline/TCBA01605: Test Cases/Associate Application/My Downline/TCBA01605 FAILED because (of) (Stack trace: com.kms.katalon.core.exception.StepFailedException: Unable to select option by value 'Test, Shinto-QA' of object 'Object Repository/My Downline/Page_My Downline  5-15/select_Select Sponsor'  using regular expression (Root cause: com.kms.katalon.core.webui.exception.WebElementNotFoundException: Web element with id: 'Object Repository/My Downline/Page_My Downline  5-15/select_Select Sponsor' located by 'By.xpath: //select[(text() = '
            Select Sponsor
             17, test Text Last Name,  Text First Name@@4434345@@@@@@@, pers11, Test111111, 111111212, 1211212, 12121212, 2121221, 212112345, Shinto12345, Shinto15, test18, test20, test200, 100200, Acc1002000, 100020000, 100020000, 1000020180725, Greg2020, Shinto2025, Shinto212, shinto212121, 212121222222, 33333323232, 323233, 231, test32323, 33232332, Test4434, 4521444, 444450, test51, testA, TestA1, ShintoAB, ShintoAB, ShintoAbc, testAbino, AntonioAgnese, IvanoAjanth, TestAjTest, TestAjAnalogo, MatteoArzuffi, Fabioasdas, sdasdAsf, 1000asg, asfAssociate, DuplicateAssociate, Test Badaduchi, JoeyBalbusso, GiacomoBalduzzi, GiacomoBandini, Georgebar, idanBar, Idanbar, idanBar, Idanbar, idanbar, idanBelotti, LuigiBeluschi, MarcoBenedetti, MarcelloBertolazza, GiuseppeBianchi, BiancaBing, Bella Blow, Joe Blow, JoeBlow, JoeBobev, Bobiboy, ya Bressani, FlaviaBrightly, AlanCarnevale, DaniloChalupsky, PaulChelin5, Jean5Cherchi, Stefanoclegane, aidaConti, CarloContractSignTest, EdgeCrickets, JiminyDamiani, ViolaDaniels, DanDat, TestData, TestDatabase, TestDDD, DDDDee, AlisonDeMotts, RobDeMotts, Rob2Demotts2, Rob2DeMotts3, Robertdennis test, dennis testDennis Test, Dennis TestDennis test2, Dennis test2dennis, dennisdh, dgfDias, Jose diaz, jddiff, akhilDoakes, JoeDoe, JohnDoe, JohnDoe, JohnDoe, JohnDoe, JohnDoe, JohnDoe, Johndoe, JohnDoe, JohnDoe, JohnDoe, JohnDoe, JohnDoe, JohnDoe, John Doe, John Doe, JohnDoe, JohnDoe, JohnDoe, JohnDoe, JohnDoe, JohnDoe, JohnDoe, JohnDoe, JuliaDoe, LeslieDoe, TestDoekeses, Johndsds, dsdsDunn, JuliaDyas, JerryDyas, JimEight, PandaEisenman, Hansemanuela, emanuelaemanuela, emanuelaEnglish, MatteoF, TonyFeinstein, JackFernandi, Robertofff, fffFive, PandaFour, Pandafrancesco, francescoG, DeniseG, Gregg, JerryG, Matteo 1/1/1980Galbiati, MatteoGalbiati, MatteoGalbiati, MatteoGalbiati, MatteoGalbiati, Matteo(gmail test)Galbiati11-23, Matteo3-30Galbiati2, Matteo2Galbiato, Matteogallinari, IvoGentile, DeniseGentile, Denise Gentile, Denise gjgj, gghdjGreen, JoeGum, BirthdateShouldBe20000101Gum, BTest3Gum, GregGum, GregGum, GregGum, GregGum, GregGum, GregGum, Greg_0608Gum, Greg_2018-09-17Gum, Greg_triggerTestGum, Greg_TriggerTest2gum, Greg0608AGum, Greg0608CGum, Greg0609Gum, Greg2018-09-22Gum, GregoryGum, Test2BirthdayShouldBe20000101Gum11, Greg11Gum19, Greg19Gum22, Greg22Gum22, Greg22Gum234, Greg234Gum44, GregGum44, Greg44Gum46, Greg46Gum5, Greg5Gum5, Greg5Gum51, Greg51Gum55, Greg22Gum55, Greg55Gum55, Greg55Gum55, Greg55Gum55, Greg55Gum6, Greg6Gum66, Greg66Gum66, Greg66Gum77, Greg77Gum77A, Greg77AGum78, Greg78Gum8, Greg8gum87, Greg87Gum88, Greg88Gum99, Greg99Gum99, Greg99Gum999, Greg999hil, akIE, MatteoIl Terzo, matteoJ, DJk, AbcdJK, QA1JK, ShintoJK, ShintoJK, ShintoJK, ShintoJK, ShintoJK, ShintoJK, ShintoJK, ShintoJK, ShintoJK, ShintoJK, ShintoJK, ShintoJK, ShintoJK, ShintoJK, ShintoJK, ShintoJK, ShintoJK, ShintoJK, ShintoJK, ShintoJK, ShintoJK, ShintoJK, ShintoJK, ShintoJK, ShintoJK, ShintoJK, shintoJK, ShintoJK, ShintoJK, ShintoJK, ShintoJK, ShintoJK, ShintoJK, Shinto-test3JK, TesterJK-2018, ShintoJK-2020, ShintoJK-2020, ShintoJones, JoeJose, Ajanth TestJose, DennisKK, JKKK, JK_2018KK, ShintoKK, ShintoKK, ShintoKK, ShintoKringle, KrisLast Name, First NameLast Name, First NameLast Name, First NameLast Name, First NameLast Name, First NameLast Name, First NameLast Name, First NameLast Name, First NameLast Name, First NameLast Name, First NameLast Name, First NameLast Name, First NameLast Name, First NameLast Name, First NameLast Name, First NameLast Name, First NameLast Name, First NameLast Name, First NameLast Name, First Namelast name, namelast name, namelast name, namelast name, namelast name, namelast name, namelast name, namelast, akLast, TestLast, TestLast, TestLast, TestLast, TestLast, TestLast, TestLast, TestLast, TestLast, TestLast, TestLast, TestLast, TestLast, TestLast, TestLast, TestLast, TestLast, TestLast, Testlast111111ghg ghghghlghlglhlglhgll glhglhlghlglhlgl hglhglhlghl lglhglhlghlglhlghlglhlgh lghlghlglhglhlglhgl lghlglhglhlghlglhlghlgllhlluoiouiouoiouoi ujgjlhg;ljhlgkjghjghkljghjghkljhjhjj;lhjh;lj;lh;l, akhil_firstlizana, davidLName, TestingLoehwing, AspasiaLoehwing, AspasiaLoehwing, AspasiaMassa, LucaMcDonald, RenataMcdonald, RenataMcDonald, RenataMcDonald, RenataMdy, ShintoMichaelson, Mikemiriam, jessicaMobile12, MatteoMR, Ajumustaffa, annNcDonald, Renatanuvoli, francescaOggi, VerificoOne, Pandaone, shintoOsborn, AlisonOsborn, AlisonOsborn, AlisonOsborn, AlisonOsborn, AlisonOsborn2, AlisonOzborn, AlisonPaiwonski, LenaPaoletti, FerdinandoPark, AndrewPasina, MassimoPatacca, GiorgioPedini, FedericoPlayer, EdgeCsrContractTestPlayer, PaulPortal, TestPortal, TestProfile, MattProva, TestQA1, ShintoQA1, Testqqq, 13/8/18qqq, qqqqqq, qqqqqqq, qqqR, AjR, AjR, AjanthR, AjanthR, AjanthR, AjanthR, AjanthR, AjanthRabbit, PeterRigamonti, ClaudioRigamonti, NicolaRossi, Francorossi, valeScanferla, CristoforoScarfone, JoeScoduti , Ivanasdfgdfg, sdfgsdgsdg, sdgsdgsdgsdg, sdgsdgsdgsdg, sfgsdfgsdsd, sdssdsd, Test Ajanthsdsdfdf, sddfdfdssdsdfdf, sddfdfdssdsdfdf, sddfdfdssdsdfdf, sddfdfdssdsdfdf, sddfdfdssdsdfdf, sddfdfdssdsdfdf, sddfdfdssdsdfdf, sddfdfdssdsdfdf, sddfdfdssdsdfdf, sddfdfdssdsdfdf, sddfdfdssdsdfdf, sddfdfdssdsdfdf, sddfdfdssdsdfdf, sddfdfdsSeven, PandaSilvesti, DanieleSK, JKSmoke_test, ShintoSmoke2, ShintoSmoke3, shintoSmoke3, shintoSmoke-Test (US), ShintoSmoke-Test (US), ShintoSmoke-Test, ShintoSmoke-Test, ShintoSocio, Secondostick, evasudhan, akhilT, Jessica t, tT, TestAssociateT1000, ShintoT12, ShintoT2, ShintoT40, ShintoATA11, Shintote, TestTest Assosiate, Test AssosiateTest, AjanthTest, AjanthTest, AjanthTest, Ajanth TestTest, Ajath Test123Test, AjTestTest, DennisTest, First nameTest, First nameTest, First nameTest, First nameTest, First nameTest, First nameTest, First nameTest, QA1Test, SeleniumTest, Shintotest, ShintoTest, ShintoTest, ShintoTest, Shinto-QATest, SKtest, testTest, TestTest, TestTest, TestTest, TestTest, TestTest, TestTest, Testtest, TestTest, Vipintest, Vofoxtest1Test1, QATest1, TestTest123, AjanthTest13, matteoTest2, AjanthTest2, Test2Test-2019, ShintoTest-2019, ShintoTest-2019, ShintoTest-2019, ShintoTest-2019, ShintoTest-2019, ShintoTest-2019, ShintoTest-2019, ShintoTest-2019, ShintoTest-2019, ShintoTest-2019, ShintoTest-2019, ShintoTest-2019, ShintoTest-2019, ShintoTest-2019, ShintoTest-2019, ShintoTest-2019, ShintoTest-2019, ShintoTest-2019, ShintoTest-2019, ShintoTest-2019, ShintoTest-2019, ShintoTest-2019, ShintoTest-2020, ShintoTest2040, ShintoTest223, AjanthTest333, AjanthTest4, AjanthTest423, AjanthTest5, Ajanth5Test523, AjanthTest60, ShintoTest623, AjanthtestA, ShintoTestA1, ShintoTestA1, ShintoTest-Associate-V1, Test-Associate-V1Tester, JCTester, JeanTester, JoeTester10, JeanTester11, JeanTester12, JeanTester13, JeanTester14, JeanTester15, JeanTester15, JeanTester16, JeanTester17, JeanTester18, Jean Tester2, Jean Tester21, JeanTester22, JeanTester23, JeanTester24, JeanTester25, JeanTestInvite, TestInvitetestt, testtText Last Name, Text First NameText Last Name, Text First NameText Last Name, Text First NameText Last Name, Text First NameText Last Name, Text First NameText Last Name, Text First NameText Last Name, Text First NameText Last Name, Text First NameText Last Name, Text First NameText Last Name, Text First NameText Last Name, Text First NameText Last Name, Text First NameText Last Name, Text First NameText Last Name, Text First NameText Last Name, Text First NameText Last Name, Text First NameText Last Name, Text First NameText Last Name, Text First NameText Last Name, Text First NameText Last Name, Text First NameText Last Name, Text First NameText Last Name, Text First NameText Last Name, Text First NameText Last Name, Text First NameText Last Name, Text First NameText Last Name, Text First NameText Last Name, Text First NameText Last Name, Text First NameText Last Name, Text First NameText Last Name, Text First Nametg, tjthandassery, akhilThree, PandaTuratti, CristoforoTwo, PandaTwomey, TonyTwomey, Tonyv , dcv Vaixx, IdanVangelica, Dafnevbbbbb, aaaaavbn, bnbvnVersione13, MatteoVertemati, Giovannivhv, rtvnf, vandanavvxvc, pouokiWood, DustyXjx, Dhxdhytytyty, ytyt
          ' or . = '
            Select Sponsor
             17, test Text Last Name,  Text First Name@@4434345@@@@@@@, pers11, Test111111, 111111212, 1211212, 12121212, 2121221, 212112345, Shinto12345, Shinto15, test18, test20, test200, 100200, Acc1002000, 100020000, 100020000, 1000020180725, Greg2020, Shinto2025, Shinto212, shinto212121, 212121222222, 33333323232, 323233, 231, test32323, 33232332, Test4434, 4521444, 444450, test51, testA, TestA1, ShintoAB, ShintoAB, ShintoAbc, testAbino, AntonioAgnese, IvanoAjanth, TestAjTest, TestAjAnalogo, MatteoArzuffi, Fabioasdas, sdasdAsf, 1000asg, asfAssociate, DuplicateAssociate, Test Badaduchi, JoeyBalbusso, GiacomoBalduzzi, GiacomoBandini, Georgebar, idanBar, Idanbar, idanBar, Idanbar, idanbar, idanBelotti, LuigiBeluschi, MarcoBenedetti, MarcelloBertolazza, GiuseppeBianchi, BiancaBing, Bella Blow, Joe Blow, JoeBlow, JoeBobev, Bobiboy, ya Bressani, FlaviaBrightly, AlanCarnevale, DaniloChalupsky, PaulChelin5, Jean5Cherchi, Stefanoclegane, aidaConti, CarloContractSignTest, EdgeCrickets, JiminyDamiani, ViolaDaniels, DanDat, TestData, TestDatabase, TestDDD, DDDDee, AlisonDeMotts, RobDeMotts, Rob2Demotts2, Rob2DeMotts3, Robertdennis test, dennis testDennis Test, Dennis TestDennis test2, Dennis test2dennis, dennisdh, dgfDias, Jose diaz, jddiff, akhilDoakes, JoeDoe, JohnDoe, JohnDoe, JohnDoe, JohnDoe, JohnDoe, JohnDoe, Johndoe, JohnDoe, JohnDoe, JohnDoe, JohnDoe, JohnDoe, JohnDoe, John Doe, John Doe, JohnDoe, JohnDoe, JohnDoe, JohnDoe, JohnDoe, JohnDoe, JohnDoe, JohnDoe, JuliaDoe, LeslieDoe, TestDoekeses, Johndsds, dsdsDunn, JuliaDyas, JerryDyas, JimEight, PandaEisenman, Hansemanuela, emanuelaemanuela, emanuelaEnglish, MatteoF, TonyFeinstein, JackFernandi, Robertofff, fffFive, PandaFour, Pandafrancesco, francescoG, DeniseG, Gregg, JerryG, Matteo 1/1/1980Galbiati, MatteoGalbiati, MatteoGalbiati, MatteoGalbiati, MatteoGalbiati, Matteo(gmail test)Galbiati11-23, Matteo3-30Galbiati2, Matteo2Galbiato, Matteogallinari, IvoGentile, DeniseGentile, Denise Gentile, Denise gjgj, gghdjGreen, JoeGum, BirthdateShouldBe20000101Gum, BTest3Gum, GregGum, GregGum, GregGum, GregGum, GregGum, GregGum, Greg_0608Gum, Greg_2018-09-17Gum, Greg_triggerTestGum, Greg_TriggerTest2gum, Greg0608AGum, Greg0608CGum, Greg0609Gum, Greg2018-09-22Gum, GregoryGum, Test2BirthdayShouldBe20000101Gum11, Greg11Gum19, Greg19Gum22, Greg22Gum22, Greg22Gum234, Greg234Gum44, GregGum44, Greg44Gum46, Greg46Gum5, Greg5Gum5, Greg5Gum51, Greg51Gum55, Greg22Gum55, Greg55Gum55, Greg55Gum55, Greg55Gum55, Greg55Gum6, Greg6Gum66, Greg66Gum66, Greg66Gum77, Greg77Gum77A, Greg77AGum78, Greg78Gum8, Greg8gum87, Greg87Gum88, Greg88Gum99, Greg99Gum99, Greg99Gum999, Greg999hil, akIE, MatteoIl Terzo, matteoJ, DJk, AbcdJK, QA1JK, ShintoJK, ShintoJK, ShintoJK, ShintoJK, ShintoJK, ShintoJK, ShintoJK, ShintoJK, ShintoJK, ShintoJK, ShintoJK, ShintoJK, ShintoJK, ShintoJK, ShintoJK, ShintoJK, ShintoJK, ShintoJK, ShintoJK, ShintoJK, ShintoJK, ShintoJK, ShintoJK, ShintoJK, ShintoJK, ShintoJK, shintoJK, ShintoJK, ShintoJK, ShintoJK, ShintoJK, ShintoJK, ShintoJK, Shinto-test3JK, TesterJK-2018, ShintoJK-2020, ShintoJK-2020, ShintoJones, JoeJose, Ajanth TestJose, DennisKK, JKKK, JK_2018KK, ShintoKK, ShintoKK, ShintoKK, ShintoKringle, KrisLast Name, First NameLast Name, First NameLast Name, First NameLast Name, First NameLast Name, First NameLast Name, First NameLast Name, First NameLast Name, First NameLast Name, First NameLast Name, First NameLast Name, First NameLast Name, First NameLast Name, First NameLast Name, First NameLast Name, First NameLast Name, First NameLast Name, First NameLast Name, First NameLast Name, First Namelast name, namelast name, namelast name, namelast name, namelast name, namelast name, namelast name, namelast, akLast, TestLast, TestLast, TestLast, TestLast, TestLast, TestLast, TestLast, TestLast, TestLast, TestLast, TestLast, TestLast, TestLast, TestLast, TestLast, TestLast, TestLast, TestLast, Testlast111111ghg ghghghlghlglhlglhgll glhglhlghlglhlgl hglhglhlghl lglhglhlghlglhlghlglhlgh lghlghlglhglhlglhgl lghlglhglhlghlglhlghlgllhlluoiouiouoiouoi ujgjlhg;ljhlgkjghjghkljghjghkljhjhjj;lhjh;lj;lh;l, akhil_firstlizana, davidLName, TestingLoehwing, AspasiaLoehwing, AspasiaLoehwing, AspasiaMassa, LucaMcDonald, RenataMcdonald, RenataMcDonald, RenataMcDonald, RenataMdy, ShintoMichaelson, Mikemiriam, jessicaMobile12, MatteoMR, Ajumustaffa, annNcDonald, Renatanuvoli, francescaOggi, VerificoOne, Pandaone, shintoOsborn, AlisonOsborn, AlisonOsborn, AlisonOsborn, AlisonOsborn, AlisonOsborn2, AlisonOzborn, AlisonPaiwonski, LenaPaoletti, FerdinandoPark, AndrewPasina, MassimoPatacca, GiorgioPedini, FedericoPlayer, EdgeCsrContractTestPlayer, PaulPortal, TestPortal, TestProfile, MattProva, TestQA1, ShintoQA1, Testqqq, 13/8/18qqq, qqqqqq, qqqqqqq, qqqR, AjR, AjR, AjanthR, AjanthR, AjanthR, AjanthR, AjanthR, AjanthRabbit, PeterRigamonti, ClaudioRigamonti, NicolaRossi, Francorossi, valeScanferla, CristoforoScarfone, JoeScoduti , Ivanasdfgdfg, sdfgsdgsdg, sdgsdgsdgsdg, sdgsdgsdgsdg, sfgsdfgsdsd, sdssdsd, Test Ajanthsdsdfdf, sddfdfdssdsdfdf, sddfdfdssdsdfdf, sddfdfdssdsdfdf, sddfdfdssdsdfdf, sddfdfdssdsdfdf, sddfdfdssdsdfdf, sddfdfdssdsdfdf, sddfdfdssdsdfdf, sddfdfdssdsdfdf, sddfdfdssdsdfdf, sddfdfdssdsdfdf, sddfdfdssdsdfdf, sddfdfdssdsdfdf, sddfdfdsSeven, PandaSilvesti, DanieleSK, JKSmoke_test, ShintoSmoke2, ShintoSmoke3, shintoSmoke3, shintoSmoke-Test (US), ShintoSmoke-Test (US), ShintoSmoke-Test, ShintoSmoke-Test, ShintoSocio, Secondostick, evasudhan, akhilT, Jessica t, tT, TestAssociateT1000, ShintoT12, ShintoT2, ShintoT40, ShintoATA11, Shintote, TestTest Assosiate, Test AssosiateTest, AjanthTest, AjanthTest, AjanthTest, Ajanth TestTest, Ajath Test123Test, AjTestTest, DennisTest, First nameTest, First nameTest, First nameTest, First nameTest, First nameTest, First nameTest, First nameTest, QA1Test, SeleniumTest, Shintotest, ShintoTest, ShintoTest, ShintoTest, Shinto-QATest, SKtest, testTest, TestTest, TestTest, TestTest, TestTest, TestTest, TestTest, Testtest, TestTest, Vipintest, Vofoxtest1Test1, QATest1, TestTest123, AjanthTest13, matteoTest2, AjanthTest2, Test2Test-2019, ShintoTest-2019, ShintoTest-2019, ShintoTest-2019, ShintoTest-2019, ShintoTest-2019, ShintoTest-2019, ShintoTest-2019, ShintoTest-2019, ShintoTest-2019, ShintoTest-2019, ShintoTest-2019, ShintoTest-2019, ShintoTest-2019, ShintoTest-2019, ShintoTest-2019, ShintoTest-2019, ShintoTest-2019, ShintoTest-2019, ShintoTest-2019, ShintoTest-2019, ShintoTest-2019, ShintoTest-2019, ShintoTest-2020, ShintoTest2040, ShintoTest223, AjanthTest333, AjanthTest4, AjanthTest423, AjanthTest5, Ajanth5Test523, AjanthTest60, ShintoTest623, AjanthtestA, ShintoTestA1, ShintoTestA1, ShintoTest-Associate-V1, Test-Associate-V1Tester, JCTester, JeanTester, JoeTester10, JeanTester11, JeanTester12, JeanTester13, JeanTester14, JeanTester15, JeanTester15, JeanTester16, JeanTester17, JeanTester18, Jean Tester2, Jean Tester21, JeanTester22, JeanTester23, JeanTester24, JeanTester25, JeanTestInvite, TestInvitetestt, testtText Last Name, Text First NameText Last Name, Text First NameText Last Name, Text First NameText Last Name, Text First NameText Last Name, Text First NameText Last Name, Text First NameText Last Name, Text First NameText Last Name, Text First NameText Last Name, Text First NameText Last Name, Text First NameText Last Name, Text First NameText Last Name, Text First NameText Last Name, Text First NameText Last Name, Text First NameText Last Name, Text First NameText Last Name, Text First NameText Last Name, Text First NameText Last Name, Text First NameText Last Name, Text First NameText Last Name, Text First NameText Last Name, Text First NameText Last Name, Text First NameText Last Name, Text First NameText Last Name, Text First NameText Last Name, Text First NameText Last Name, Text First NameText Last Name, Text First NameText Last Name, Text First NameText Last Name, Text First NameText Last Name, Text First Nametg, tjthandassery, akhilThree, PandaTuratti, CristoforoTwo, PandaTwomey, TonyTwomey, Tonyv , dcv Vaixx, IdanVangelica, Dafnevbbbbb, aaaaavbn, bnbvnVersione13, MatteoVertemati, Giovannivhv, rtvnf, vandanavvxvc, pouokiWood, DustyXjx, Dhxdhytytyty, ytyt
          ')]' not found)
	at com.kms.katalon.core.keyword.internal.KeywordMain.stepFailed(KeywordMain.groovy:36)
	at com.kms.katalon.core.webui.keyword.internal.WebUIKeywordMain.stepFailed(WebUIKeywordMain.groovy:65)
	at com.kms.katalon.core.webui.keyword.internal.WebUIKeywordMain.runKeyword(WebUIKeywordMain.groovy:27)
	at com.kms.katalon.core.webui.keyword.builtin.SelectOptionByValueKeyword.selectOptionByValue(SelectOptionByValueKeyword.groovy:99)
	at com.kms.katalon.core.webui.keyword.builtin.SelectOptionByValueKeyword.execute(SelectOptionByValueKeyword.groovy:71)
	at com.kms.katalon.core.keyword.internal.KeywordExecutor.executeKeywordForPlatform(KeywordExecutor.groovy:53)
	at com.kms.katalon.core.webui.keyword.WebUiBuiltInKeywords.selectOptionByValue(WebUiBuiltInKeywords.groovy:1138)
	at com.kms.katalon.core.webui.keyword.WebUiBuiltInKeywords$selectOptionByValue$8.call(Unknown Source)
	at org.codehaus.groovy.runtime.callsite.CallSiteArray.defaultCall(CallSiteArray.java:48)
	at org.codehaus.groovy.runtime.callsite.AbstractCallSite.call(AbstractCallSite.java:113)
	at org.codehaus.groovy.runtime.callsite.AbstractCallSite.call(AbstractCallSite.java:141)
	at Script1540451408397.run(Script1540451408397.groovy:21)
	at com.kms.katalon.core.main.ScriptEngine.run(ScriptEngine.java:183)
	at com.kms.katalon.core.main.ScriptEngine.runScriptAsRawText(ScriptEngine.java:108)
	at com.kms.katalon.core.main.TestCaseExecutor.runScript(TestCaseExecutor.java:294)
	at com.kms.katalon.core.main.TestCaseExecutor.doExecute(TestCaseExecutor.java:285)
	at com.kms.katalon.core.main.TestCaseExecutor.processExecutionPhase(TestCaseExecutor.java:264)
	at com.kms.katalon.core.main.TestCaseExecutor.accessMainPhase(TestCaseExecutor.java:256)
	at com.kms.katalon.core.main.TestCaseExecutor.execute(TestCaseExecutor.java:200)
	at com.kms.katalon.core.main.TestSuiteExecutor.accessTestCaseMainPhase(TestSuiteExecutor.java:129)
	at com.kms.katalon.core.main.TestSuiteExecutor.accessTestSuiteMainPhase(TestSuiteExecutor.java:112)
	at com.kms.katalon.core.main.TestSuiteExecutor.execute(TestSuiteExecutor.java:81)
	at com.kms.katalon.core.main.TestCaseMain.startTestSuite(TestCaseMain.java:142)
	at com.kms.katalon.core.main.TestCaseMain$startTestSuite$0.call(Unknown Source)
	at org.codehaus.groovy.runtime.callsite.CallSiteArray.defaultCall(CallSiteArray.java:48)
	at org.codehaus.groovy.runtime.callsite.AbstractCallSite.call(AbstractCallSite.java:113)
	at org.codehaus.groovy.runtime.callsite.AbstractCallSite.call(AbstractCallSite.java:141)
	at TempTestSuite1542031977124.run(TempTestSuite1542031977124.groovy:36)
	at groovy.lang.GroovyShell.runScriptOrMainOrTestOrRunnable(GroovyShell.java:263)
	at groovy.lang.GroovyShell.run(GroovyShell.java:518)
	at groovy.lang.GroovyShell.run(GroovyShell.java:507)
	at groovy.ui.GroovyMain.processOnce(GroovyMain.java:653)
	at groovy.ui.GroovyMain.run(GroovyMain.java:384)
	at groovy.ui.GroovyMain.process(GroovyMain.java:370)
	at groovy.ui.GroovyMain.processArgs(GroovyMain.java:129)
	at groovy.ui.GroovyMain.main(GroovyMain.java:109)
	at sun.reflect.NativeMethodAccessorImpl.invoke0(Native Method)
	at sun.reflect.NativeMethodAccessorImpl.invoke(NativeMethodAccessorImpl.java:62)
	at sun.reflect.DelegatingMethodAccessorImpl.invoke(DelegatingMethodAccessorImpl.java:43)
	at java.lang.reflect.Method.invoke(Method.java:498)
	at org.codehaus.groovy.tools.GroovyStarter.rootLoader(GroovyStarter.java:109)
	at org.codehaus.groovy.tools.GroovyStarter.main(GroovyStarter.java:131)
)

2018-11-12 20:01:05 - [TEST_STEP][PASSED] - selectOptionByValue: All options with value '3' are selected in object 'Object Repository/My Downline/Page_My Downline  5-15/Start Level'  using regular expression

2018-11-12 20:01:05 - [MESSAGE][PASSED] - All options with value '3' are selected in object 'Object Repository/My Downline/Page_My Downline  5-15/Start Level'  using regular expression

2018-11-12 20:01:05 - [TEST_STEP][PASSED] - selectOptionByValue: All options with value '6' are selected in object 'Object Repository/My Downline/Page_My Downline  5-15/select_Level 0            Leve'  using regular expression

2018-11-12 20:01:06 - [MESSAGE][PASSED] - All options with value '6' are selected in object 'Object Repository/My Downline/Page_My Downline  5-15/select_Level 0            Leve'  using regular expression

2018-11-12 20:01:06 - [TEST_STEP][FAILED] - selectOptionByValue: Unable to select option by value 'Test, Shinto-QA' of object 'Object Repository/My Downline/Page_My Downline  5-15/select_Select Sponsor'  using regular expression (Root cause: com.kms.katalon.core.webui.exception.WebElementNotFoundException: Web element with id: 'Object Repository/My Downline/Page_My Downline  5-15/select_Select Sponsor' located by 'By.xpath: //select[(text() = '
            Select Sponsor
             17, test Text Last Name,  Text First Name@@4434345@@@@@@@, pers11, Test111111, 111111212, 1211212, 12121212, 2121221, 212112345, Shinto12345, Shinto15, test18, test20, test200, 100200, Acc1002000, 100020000, 100020000, 1000020180725, Greg2020, Shinto2025, Shinto212, shinto212121, 212121222222, 33333323232, 323233, 231, test32323, 33232332, Test4434, 4521444, 444450, test51, testA, TestA1, ShintoAB, ShintoAB, ShintoAbc, testAbino, AntonioAgnese, IvanoAjanth, TestAjTest, TestAjAnalogo, MatteoArzuffi, Fabioasdas, sdasdAsf, 1000asg, asfAssociate, DuplicateAssociate, Test Badaduchi, JoeyBalbusso, GiacomoBalduzzi, GiacomoBandini, Georgebar, idanBar, Idanbar, idanBar, Idanbar, idanbar, idanBelotti, LuigiBeluschi, MarcoBenedetti, MarcelloBertolazza, GiuseppeBianchi, BiancaBing, Bella Blow, Joe Blow, JoeBlow, JoeBobev, Bobiboy, ya Bressani, FlaviaBrightly, AlanCarnevale, DaniloChalupsky, PaulChelin5, Jean5Cherchi, Stefanoclegane, aidaConti, CarloContractSignTest, EdgeCrickets, JiminyDamiani, ViolaDaniels, DanDat, TestData, TestDatabase, TestDDD, DDDDee, AlisonDeMotts, RobDeMotts, Rob2Demotts2, Rob2DeMotts3, Robertdennis test, dennis testDennis Test, Dennis TestDennis test2, Dennis test2dennis, dennisdh, dgfDias, Jose diaz, jddiff, akhilDoakes, JoeDoe, JohnDoe, JohnDoe, JohnDoe, JohnDoe, JohnDoe, JohnDoe, Johndoe, JohnDoe, JohnDoe, JohnDoe, JohnDoe, JohnDoe, JohnDoe, John Doe, John Doe, JohnDoe, JohnDoe, JohnDoe, JohnDoe, JohnDoe, JohnDoe, JohnDoe, JohnDoe, JuliaDoe, LeslieDoe, TestDoekeses, Johndsds, dsdsDunn, JuliaDyas, JerryDyas, JimEight, PandaEisenman, Hansemanuela, emanuelaemanuela, emanuelaEnglish, MatteoF, TonyFeinstein, JackFernandi, Robertofff, fffFive, PandaFour, Pandafrancesco, francescoG, DeniseG, Gregg, JerryG, Matteo 1/1/1980Galbiati, MatteoGalbiati, MatteoGalbiati, MatteoGalbiati, MatteoGalbiati, Matteo(gmail test)Galbiati11-23, Matteo3-30Galbiati2, Matteo2Galbiato, Matteogallinari, IvoGentile, DeniseGentile, Denise Gentile, Denise gjgj, gghdjGreen, JoeGum, BirthdateShouldBe20000101Gum, BTest3Gum, GregGum, GregGum, GregGum, GregGum, GregGum, GregGum, Greg_0608Gum, Greg_2018-09-17Gum, Greg_triggerTestGum, Greg_TriggerTest2gum, Greg0608AGum, Greg0608CGum, Greg0609Gum, Greg2018-09-22Gum, GregoryGum, Test2BirthdayShouldBe20000101Gum11, Greg11Gum19, Greg19Gum22, Greg22Gum22, Greg22Gum234, Greg234Gum44, GregGum44, Greg44Gum46, Greg46Gum5, Greg5Gum5, Greg5Gum51, Greg51Gum55, Greg22Gum55, Greg55Gum55, Greg55Gum55, Greg55Gum55, Greg55Gum6, Greg6Gum66, Greg66Gum66, Greg66Gum77, Greg77Gum77A, Greg77AGum78, Greg78Gum8, Greg8gum87, Greg87Gum88, Greg88Gum99, Greg99Gum99, Greg99Gum999, Greg999hil, akIE, MatteoIl Terzo, matteoJ, DJk, AbcdJK, QA1JK, ShintoJK, ShintoJK, ShintoJK, ShintoJK, ShintoJK, ShintoJK, ShintoJK, ShintoJK, ShintoJK, ShintoJK, ShintoJK, ShintoJK, ShintoJK, ShintoJK, ShintoJK, ShintoJK, ShintoJK, ShintoJK, ShintoJK, ShintoJK, ShintoJK, ShintoJK, ShintoJK, ShintoJK, ShintoJK, ShintoJK, shintoJK, ShintoJK, ShintoJK, ShintoJK, ShintoJK, ShintoJK, ShintoJK, Shinto-test3JK, TesterJK-2018, ShintoJK-2020, ShintoJK-2020, ShintoJones, JoeJose, Ajanth TestJose, DennisKK, JKKK, JK_2018KK, ShintoKK, ShintoKK, ShintoKK, ShintoKringle, KrisLast Name, First NameLast Name, First NameLast Name, First NameLast Name, First NameLast Name, First NameLast Name, First NameLast Name, First NameLast Name, First NameLast Name, First NameLast Name, First NameLast Name, First NameLast Name, First NameLast Name, First NameLast Name, First NameLast Name, First NameLast Name, First NameLast Name, First NameLast Name, First NameLast Name, First Namelast name, namelast name, namelast name, namelast name, namelast name, namelast name, namelast name, namelast, akLast, TestLast, TestLast, TestLast, TestLast, TestLast, TestLast, TestLast, TestLast, TestLast, TestLast, TestLast, TestLast, TestLast, TestLast, TestLast, TestLast, TestLast, TestLast, Testlast111111ghg ghghghlghlglhlglhgll glhglhlghlglhlgl hglhglhlghl lglhglhlghlglhlghlglhlgh lghlghlglhglhlglhgl lghlglhglhlghlglhlghlgllhlluoiouiouoiouoi ujgjlhg;ljhlgkjghjghkljghjghkljhjhjj;lhjh;lj;lh;l, akhil_firstlizana, davidLName, TestingLoehwing, AspasiaLoehwing, AspasiaLoehwing, AspasiaMassa, LucaMcDonald, RenataMcdonald, RenataMcDonald, RenataMcDonald, RenataMdy, ShintoMichaelson, Mikemiriam, jessicaMobile12, MatteoMR, Ajumustaffa, annNcDonald, Renatanuvoli, francescaOggi, VerificoOne, Pandaone, shintoOsborn, AlisonOsborn, AlisonOsborn, AlisonOsborn, AlisonOsborn, AlisonOsborn2, AlisonOzborn, AlisonPaiwonski, LenaPaoletti, FerdinandoPark, AndrewPasina, MassimoPatacca, GiorgioPedini, FedericoPlayer, EdgeCsrContractTestPlayer, PaulPortal, TestPortal, TestProfile, MattProva, TestQA1, ShintoQA1, Testqqq, 13/8/18qqq, qqqqqq, qqqqqqq, qqqR, AjR, AjR, AjanthR, AjanthR, AjanthR, AjanthR, AjanthR, AjanthRabbit, PeterRigamonti, ClaudioRigamonti, NicolaRossi, Francorossi, valeScanferla, CristoforoScarfone, JoeScoduti , Ivanasdfgdfg, sdfgsdgsdg, sdgsdgsdgsdg, sdgsdgsdgsdg, sfgsdfgsdsd, sdssdsd, Test Ajanthsdsdfdf, sddfdfdssdsdfdf, sddfdfdssdsdfdf, sddfdfdssdsdfdf, sddfdfdssdsdfdf, sddfdfdssdsdfdf, sddfdfdssdsdfdf, sddfdfdssdsdfdf, sddfdfdssdsdfdf, sddfdfdssdsdfdf, sddfdfdssdsdfdf, sddfdfdssdsdfdf, sddfdfdssdsdfdf, sddfdfdssdsdfdf, sddfdfdsSeven, PandaSilvesti, DanieleSK, JKSmoke_test, ShintoSmoke2, ShintoSmoke3, shintoSmoke3, shintoSmoke-Test (US), ShintoSmoke-Test (US), ShintoSmoke-Test, ShintoSmoke-Test, ShintoSocio, Secondostick, evasudhan, akhilT, Jessica t, tT, TestAssociateT1000, ShintoT12, ShintoT2, ShintoT40, ShintoATA11, Shintote, TestTest Assosiate, Test AssosiateTest, AjanthTest, AjanthTest, AjanthTest, Ajanth TestTest, Ajath Test123Test, AjTestTest, DennisTest, First nameTest, First nameTest, First nameTest, First nameTest, First nameTest, First nameTest, First nameTest, QA1Test, SeleniumTest, Shintotest, ShintoTest, ShintoTest, ShintoTest, Shinto-QATest, SKtest, testTest, TestTest, TestTest, TestTest, TestTest, TestTest, TestTest, Testtest, TestTest, Vipintest, Vofoxtest1Test1, QATest1, TestTest123, AjanthTest13, matteoTest2, AjanthTest2, Test2Test-2019, ShintoTest-2019, ShintoTest-2019, ShintoTest-2019, ShintoTest-2019, ShintoTest-2019, ShintoTest-2019, ShintoTest-2019, ShintoTest-2019, ShintoTest-2019, ShintoTest-2019, ShintoTest-2019, ShintoTest-2019, ShintoTest-2019, ShintoTest-2019, ShintoTest-2019, ShintoTest-2019, ShintoTest-2019, ShintoTest-2019, ShintoTest-2019, ShintoTest-2019, ShintoTest-2019, ShintoTest-2019, ShintoTest-2020, ShintoTest2040, ShintoTest223, AjanthTest333, AjanthTest4, AjanthTest423, AjanthTest5, Ajanth5Test523, AjanthTest60, ShintoTest623, AjanthtestA, ShintoTestA1, ShintoTestA1, ShintoTest-Associate-V1, Test-Associate-V1Tester, JCTester, JeanTester, JoeTester10, JeanTester11, JeanTester12, JeanTester13, JeanTester14, JeanTester15, JeanTester15, JeanTester16, JeanTester17, JeanTester18, Jean Tester2, Jean Tester21, JeanTester22, JeanTester23, JeanTester24, JeanTester25, JeanTestInvite, TestInvitetestt, testtText Last Name, Text First NameText Last Name, Text First NameText Last Name, Text First NameText Last Name, Text First NameText Last Name, Text First NameText Last Name, Text First NameText Last Name, Text First NameText Last Name, Text First NameText Last Name, Text First NameText Last Name, Text First NameText Last Name, Text First NameText Last Name, Text First NameText Last Name, Text First NameText Last Name, Text First NameText Last Name, Text First NameText Last Name, Text First NameText Last Name, Text First NameText Last Name, Text First NameText Last Name, Text First NameText Last Name, Text First NameText Last Name, Text First NameText Last Name, Text First NameText Last Name, Text First NameText Last Name, Text First NameText Last Name, Text First NameText Last Name, Text First NameText Last Name, Text First NameText Last Name, Text First NameText Last Name, Text First NameText Last Name, Text First Nametg, tjthandassery, akhilThree, PandaTuratti, CristoforoTwo, PandaTwomey, TonyTwomey, Tonyv , dcv Vaixx, IdanVangelica, Dafnevbbbbb, aaaaavbn, bnbvnVersione13, MatteoVertemati, Giovannivhv, rtvnf, vandanavvxvc, pouokiWood, DustyXjx, Dhxdhytytyty, ytyt
          ' or . = '
            Select Sponsor
             17, test Text Last Name,  Text First Name@@4434345@@@@@@@, pers11, Test111111, 111111212, 1211212, 12121212, 2121221, 212112345, Shinto12345, Shinto15, test18, test20, test200, 100200, Acc1002000, 100020000, 100020000, 1000020180725, Greg2020, Shinto2025, Shinto212, shinto212121, 212121222222, 33333323232, 323233, 231, test32323, 33232332, Test4434, 4521444, 444450, test51, testA, TestA1, ShintoAB, ShintoAB, ShintoAbc, testAbino, AntonioAgnese, IvanoAjanth, TestAjTest, TestAjAnalogo, MatteoArzuffi, Fabioasdas, sdasdAsf, 1000asg, asfAssociate, DuplicateAssociate, Test Badaduchi, JoeyBalbusso, GiacomoBalduzzi, GiacomoBandini, Georgebar, idanBar, Idanbar, idanBar, Idanbar, idanbar, idanBelotti, LuigiBeluschi, MarcoBenedetti, MarcelloBertolazza, GiuseppeBianchi, BiancaBing, Bella Blow, Joe Blow, JoeBlow, JoeBobev, Bobiboy, ya Bressani, FlaviaBrightly, AlanCarnevale, DaniloChalupsky, PaulChelin5, Jean5Cherchi, Stefanoclegane, aidaConti, CarloContractSignTest, EdgeCrickets, JiminyDamiani, ViolaDaniels, DanDat, TestData, TestDatabase, TestDDD, DDDDee, AlisonDeMotts, RobDeMotts, Rob2Demotts2, Rob2DeMotts3, Robertdennis test, dennis testDennis Test, Dennis TestDennis test2, Dennis test2dennis, dennisdh, dgfDias, Jose diaz, jddiff, akhilDoakes, JoeDoe, JohnDoe, JohnDoe, JohnDoe, JohnDoe, JohnDoe, JohnDoe, Johndoe, JohnDoe, JohnDoe, JohnDoe, JohnDoe, JohnDoe, JohnDoe, John Doe, John Doe, JohnDoe, JohnDoe, JohnDoe, JohnDoe, JohnDoe, JohnDoe, JohnDoe, JohnDoe, JuliaDoe, LeslieDoe, TestDoekeses, Johndsds, dsdsDunn, JuliaDyas, JerryDyas, JimEight, PandaEisenman, Hansemanuela, emanuelaemanuela, emanuelaEnglish, MatteoF, TonyFeinstein, JackFernandi, Robertofff, fffFive, PandaFour, Pandafrancesco, francescoG, DeniseG, Gregg, JerryG, Matteo 1/1/1980Galbiati, MatteoGalbiati, MatteoGalbiati, MatteoGalbiati, MatteoGalbiati, Matteo(gmail test)Galbiati11-23, Matteo3-30Galbiati2, Matteo2Galbiato, Matteogallinari, IvoGentile, DeniseGentile, Denise Gentile, Denise gjgj, gghdjGreen, JoeGum, BirthdateShouldBe20000101Gum, BTest3Gum, GregGum, GregGum, GregGum, GregGum, GregGum, GregGum, Greg_0608Gum, Greg_2018-09-17Gum, Greg_triggerTestGum, Greg_TriggerTest2gum, Greg0608AGum, Greg0608CGum, Greg0609Gum, Greg2018-09-22Gum, GregoryGum, Test2BirthdayShouldBe20000101Gum11, Greg11Gum19, Greg19Gum22, Greg22Gum22, Greg22Gum234, Greg234Gum44, GregGum44, Greg44Gum46, Greg46Gum5, Greg5Gum5, Greg5Gum51, Greg51Gum55, Greg22Gum55, Greg55Gum55, Greg55Gum55, Greg55Gum55, Greg55Gum6, Greg6Gum66, Greg66Gum66, Greg66Gum77, Greg77Gum77A, Greg77AGum78, Greg78Gum8, Greg8gum87, Greg87Gum88, Greg88Gum99, Greg99Gum99, Greg99Gum999, Greg999hil, akIE, MatteoIl Terzo, matteoJ, DJk, AbcdJK, QA1JK, ShintoJK, ShintoJK, ShintoJK, ShintoJK, ShintoJK, ShintoJK, ShintoJK, ShintoJK, ShintoJK, ShintoJK, ShintoJK, ShintoJK, ShintoJK, ShintoJK, ShintoJK, ShintoJK, ShintoJK, ShintoJK, ShintoJK, ShintoJK, ShintoJK, ShintoJK, ShintoJK, ShintoJK, ShintoJK, ShintoJK, shintoJK, ShintoJK, ShintoJK, ShintoJK, ShintoJK, ShintoJK, ShintoJK, Shinto-test3JK, TesterJK-2018, ShintoJK-2020, ShintoJK-2020, ShintoJones, JoeJose, Ajanth TestJose, DennisKK, JKKK, JK_2018KK, ShintoKK, ShintoKK, ShintoKK, ShintoKringle, KrisLast Name, First NameLast Name, First NameLast Name, First NameLast Name, First NameLast Name, First NameLast Name, First NameLast Name, First NameLast Name, First NameLast Name, First NameLast Name, First NameLast Name, First NameLast Name, First NameLast Name, First NameLast Name, First NameLast Name, First NameLast Name, First NameLast Name, First NameLast Name, First NameLast Name, First Namelast name, namelast name, namelast name, namelast name, namelast name, namelast name, namelast name, namelast, akLast, TestLast, TestLast, TestLast, TestLast, TestLast, TestLast, TestLast, TestLast, TestLast, TestLast, TestLast, TestLast, TestLast, TestLast, TestLast, TestLast, TestLast, TestLast, Testlast111111ghg ghghghlghlglhlglhgll glhglhlghlglhlgl hglhglhlghl lglhglhlghlglhlghlglhlgh lghlghlglhglhlglhgl lghlglhglhlghlglhlghlgllhlluoiouiouoiouoi ujgjlhg;ljhlgkjghjghkljghjghkljhjhjj;lhjh;lj;lh;l, akhil_firstlizana, davidLName, TestingLoehwing, AspasiaLoehwing, AspasiaLoehwing, AspasiaMassa, LucaMcDonald, RenataMcdonald, RenataMcDonald, RenataMcDonald, RenataMdy, ShintoMichaelson, Mikemiriam, jessicaMobile12, MatteoMR, Ajumustaffa, annNcDonald, Renatanuvoli, francescaOggi, VerificoOne, Pandaone, shintoOsborn, AlisonOsborn, AlisonOsborn, AlisonOsborn, AlisonOsborn, AlisonOsborn2, AlisonOzborn, AlisonPaiwonski, LenaPaoletti, FerdinandoPark, AndrewPasina, MassimoPatacca, GiorgioPedini, FedericoPlayer, EdgeCsrContractTestPlayer, PaulPortal, TestPortal, TestProfile, MattProva, TestQA1, ShintoQA1, Testqqq, 13/8/18qqq, qqqqqq, qqqqqqq, qqqR, AjR, AjR, AjanthR, AjanthR, AjanthR, AjanthR, AjanthR, AjanthRabbit, PeterRigamonti, ClaudioRigamonti, NicolaRossi, Francorossi, valeScanferla, CristoforoScarfone, JoeScoduti , Ivanasdfgdfg, sdfgsdgsdg, sdgsdgsdgsdg, sdgsdgsdgsdg, sfgsdfgsdsd, sdssdsd, Test Ajanthsdsdfdf, sddfdfdssdsdfdf, sddfdfdssdsdfdf, sddfdfdssdsdfdf, sddfdfdssdsdfdf, sddfdfdssdsdfdf, sddfdfdssdsdfdf, sddfdfdssdsdfdf, sddfdfdssdsdfdf, sddfdfdssdsdfdf, sddfdfdssdsdfdf, sddfdfdssdsdfdf, sddfdfdssdsdfdf, sddfdfdssdsdfdf, sddfdfdsSeven, PandaSilvesti, DanieleSK, JKSmoke_test, ShintoSmoke2, ShintoSmoke3, shintoSmoke3, shintoSmoke-Test (US), ShintoSmoke-Test (US), ShintoSmoke-Test, ShintoSmoke-Test, ShintoSocio, Secondostick, evasudhan, akhilT, Jessica t, tT, TestAssociateT1000, ShintoT12, ShintoT2, ShintoT40, ShintoATA11, Shintote, TestTest Assosiate, Test AssosiateTest, AjanthTest, AjanthTest, AjanthTest, Ajanth TestTest, Ajath Test123Test, AjTestTest, DennisTest, First nameTest, First nameTest, First nameTest, First nameTest, First nameTest, First nameTest, First nameTest, QA1Test, SeleniumTest, Shintotest, ShintoTest, ShintoTest, ShintoTest, Shinto-QATest, SKtest, testTest, TestTest, TestTest, TestTest, TestTest, TestTest, TestTest, Testtest, TestTest, Vipintest, Vofoxtest1Test1, QATest1, TestTest123, AjanthTest13, matteoTest2, AjanthTest2, Test2Test-2019, ShintoTest-2019, ShintoTest-2019, ShintoTest-2019, ShintoTest-2019, ShintoTest-2019, ShintoTest-2019, ShintoTest-2019, ShintoTest-2019, ShintoTest-2019, ShintoTest-2019, ShintoTest-2019, ShintoTest-2019, ShintoTest-2019, ShintoTest-2019, ShintoTest-2019, ShintoTest-2019, ShintoTest-2019, ShintoTest-2019, ShintoTest-2019, ShintoTest-2019, ShintoTest-2019, ShintoTest-2019, ShintoTest-2020, ShintoTest2040, ShintoTest223, AjanthTest333, AjanthTest4, AjanthTest423, AjanthTest5, Ajanth5Test523, AjanthTest60, ShintoTest623, AjanthtestA, ShintoTestA1, ShintoTestA1, ShintoTest-Associate-V1, Test-Associate-V1Tester, JCTester, JeanTester, JoeTester10, JeanTester11, JeanTester12, JeanTester13, JeanTester14, JeanTester15, JeanTester15, JeanTester16, JeanTester17, JeanTester18, Jean Tester2, Jean Tester21, JeanTester22, JeanTester23, JeanTester24, JeanTester25, JeanTestInvite, TestInvitetestt, testtText Last Name, Text First NameText Last Name, Text First NameText Last Name, Text First NameText Last Name, Text First NameText Last Name, Text First NameText Last Name, Text First NameText Last Name, Text First NameText Last Name, Text First NameText Last Name, Text First NameText Last Name, Text First NameText Last Name, Text First NameText Last Name, Text First NameText Last Name, Text First NameText Last Name, Text First NameText Last Name, Text First NameText Last Name, Text First NameText Last Name, Text First NameText Last Name, Text First NameText Last Name, Text First NameText Last Name, Text First NameText Last Name, Text First NameText Last Name, Text First NameText Last Name, Text First NameText Last Name, Text First NameText Last Name, Text First NameText Last Name, Text First NameText Last Name, Text First NameText Last Name, Text First NameText Last Name, Text First NameText Last Name, Text First Nametg, tjthandassery, akhilThree, PandaTuratti, CristoforoTwo, PandaTwomey, TonyTwomey, Tonyv , dcv Vaixx, IdanVangelica, Dafnevbbbbb, aaaaavbn, bnbvnVersione13, MatteoVertemati, Giovannivhv, rtvnf, vandanavvxvc, pouokiWood, DustyXjx, Dhxdhytytyty, ytyt
          ')]' not found)

2018-11-12 20:01:38 - [MESSAGE][FAILED] - Unable to select option by value 'Test, Shinto-QA' of object 'Object Repository/My Downline/Page_My Downline  5-15/select_Select Sponsor'  using regular expression (Root cause: com.kms.katalon.core.webui.exception.WebElementNotFoundException: Web element with id: 'Object Repository/My Downline/Page_My Downline  5-15/select_Select Sponsor' located by 'By.xpath: //select[(text() = '
            Select Sponsor
             17, test Text Last Name,  Text First Name@@4434345@@@@@@@, pers11, Test111111, 111111212, 1211212, 12121212, 2121221, 212112345, Shinto12345, Shinto15, test18, test20, test200, 100200, Acc1002000, 100020000, 100020000, 1000020180725, Greg2020, Shinto2025, Shinto212, shinto212121, 212121222222, 33333323232, 323233, 231, test32323, 33232332, Test4434, 4521444, 444450, test51, testA, TestA1, ShintoAB, ShintoAB, ShintoAbc, testAbino, AntonioAgnese, IvanoAjanth, TestAjTest, TestAjAnalogo, MatteoArzuffi, Fabioasdas, sdasdAsf, 1000asg, asfAssociate, DuplicateAssociate, Test Badaduchi, JoeyBalbusso, GiacomoBalduzzi, GiacomoBandini, Georgebar, idanBar, Idanbar, idanBar, Idanbar, idanbar, idanBelotti, LuigiBeluschi, MarcoBenedetti, MarcelloBertolazza, GiuseppeBianchi, BiancaBing, Bella Blow, Joe Blow, JoeBlow, JoeBobev, Bobiboy, ya Bressani, FlaviaBrightly, AlanCarnevale, DaniloChalupsky, PaulChelin5, Jean5Cherchi, Stefanoclegane, aidaConti, CarloContractSignTest, EdgeCrickets, JiminyDamiani, ViolaDaniels, DanDat, TestData, TestDatabase, TestDDD, DDDDee, AlisonDeMotts, RobDeMotts, Rob2Demotts2, Rob2DeMotts3, Robertdennis test, dennis testDennis Test, Dennis TestDennis test2, Dennis test2dennis, dennisdh, dgfDias, Jose diaz, jddiff, akhilDoakes, JoeDoe, JohnDoe, JohnDoe, JohnDoe, JohnDoe, JohnDoe, JohnDoe, Johndoe, JohnDoe, JohnDoe, JohnDoe, JohnDoe, JohnDoe, JohnDoe, John Doe, John Doe, JohnDoe, JohnDoe, JohnDoe, JohnDoe, JohnDoe, JohnDoe, JohnDoe, JohnDoe, JuliaDoe, LeslieDoe, TestDoekeses, Johndsds, dsdsDunn, JuliaDyas, JerryDyas, JimEight, PandaEisenman, Hansemanuela, emanuelaemanuela, emanuelaEnglish, MatteoF, TonyFeinstein, JackFernandi, Robertofff, fffFive, PandaFour, Pandafrancesco, francescoG, DeniseG, Gregg, JerryG, Matteo 1/1/1980Galbiati, MatteoGalbiati, MatteoGalbiati, MatteoGalbiati, MatteoGalbiati, Matteo(gmail test)Galbiati11-23, Matteo3-30Galbiati2, Matteo2Galbiato, Matteogallinari, IvoGentile, DeniseGentile, Denise Gentile, Denise gjgj, gghdjGreen, JoeGum, BirthdateShouldBe20000101Gum, BTest3Gum, GregGum, GregGum, GregGum, GregGum, GregGum, GregGum, Greg_0608Gum, Greg_2018-09-17Gum, Greg_triggerTestGum, Greg_TriggerTest2gum, Greg0608AGum, Greg0608CGum, Greg0609Gum, Greg2018-09-22Gum, GregoryGum, Test2BirthdayShouldBe20000101Gum11, Greg11Gum19, Greg19Gum22, Greg22Gum22, Greg22Gum234, Greg234Gum44, GregGum44, Greg44Gum46, Greg46Gum5, Greg5Gum5, Greg5Gum51, Greg51Gum55, Greg22Gum55, Greg55Gum55, Greg55Gum55, Greg55Gum55, Greg55Gum6, Greg6Gum66, Greg66Gum66, Greg66Gum77, Greg77Gum77A, Greg77AGum78, Greg78Gum8, Greg8gum87, Greg87Gum88, Greg88Gum99, Greg99Gum99, Greg99Gum999, Greg999hil, akIE, MatteoIl Terzo, matteoJ, DJk, AbcdJK, QA1JK, ShintoJK, ShintoJK, ShintoJK, ShintoJK, ShintoJK, ShintoJK, ShintoJK, ShintoJK, ShintoJK, ShintoJK, ShintoJK, ShintoJK, ShintoJK, ShintoJK, ShintoJK, ShintoJK, ShintoJK, ShintoJK, ShintoJK, ShintoJK, ShintoJK, ShintoJK, ShintoJK, ShintoJK, ShintoJK, ShintoJK, shintoJK, ShintoJK, ShintoJK, ShintoJK, ShintoJK, ShintoJK, ShintoJK, Shinto-test3JK, TesterJK-2018, ShintoJK-2020, ShintoJK-2020, ShintoJones, JoeJose, Ajanth TestJose, DennisKK, JKKK, JK_2018KK, ShintoKK, ShintoKK, ShintoKK, ShintoKringle, KrisLast Name, First NameLast Name, First NameLast Name, First NameLast Name, First NameLast Name, First NameLast Name, First NameLast Name, First NameLast Name, First NameLast Name, First NameLast Name, First NameLast Name, First NameLast Name, First NameLast Name, First NameLast Name, First NameLast Name, First NameLast Name, First NameLast Name, First NameLast Name, First NameLast Name, First Namelast name, namelast name, namelast name, namelast name, namelast name, namelast name, namelast name, namelast, akLast, TestLast, TestLast, TestLast, TestLast, TestLast, TestLast, TestLast, TestLast, TestLast, TestLast, TestLast, TestLast, TestLast, TestLast, TestLast, TestLast, TestLast, TestLast, Testlast111111ghg ghghghlghlglhlglhgll glhglhlghlglhlgl hglhglhlghl lglhglhlghlglhlghlglhlgh lghlghlglhglhlglhgl lghlglhglhlghlglhlghlgllhlluoiouiouoiouoi ujgjlhg;ljhlgkjghjghkljghjghkljhjhjj;lhjh;lj;lh;l, akhil_firstlizana, davidLName, TestingLoehwing, AspasiaLoehwing, AspasiaLoehwing, AspasiaMassa, LucaMcDonald, RenataMcdonald, RenataMcDonald, RenataMcDonald, RenataMdy, ShintoMichaelson, Mikemiriam, jessicaMobile12, MatteoMR, Ajumustaffa, annNcDonald, Renatanuvoli, francescaOggi, VerificoOne, Pandaone, shintoOsborn, AlisonOsborn, AlisonOsborn, AlisonOsborn, AlisonOsborn, AlisonOsborn2, AlisonOzborn, AlisonPaiwonski, LenaPaoletti, FerdinandoPark, AndrewPasina, MassimoPatacca, GiorgioPedini, FedericoPlayer, EdgeCsrContractTestPlayer, PaulPortal, TestPortal, TestProfile, MattProva, TestQA1, ShintoQA1, Testqqq, 13/8/18qqq, qqqqqq, qqqqqqq, qqqR, AjR, AjR, AjanthR, AjanthR, AjanthR, AjanthR, AjanthR, AjanthRabbit, PeterRigamonti, ClaudioRigamonti, NicolaRossi, Francorossi, valeScanferla, CristoforoScarfone, JoeScoduti , Ivanasdfgdfg, sdfgsdgsdg, sdgsdgsdgsdg, sdgsdgsdgsdg, sfgsdfgsdsd, sdssdsd, Test Ajanthsdsdfdf, sddfdfdssdsdfdf, sddfdfdssdsdfdf, sddfdfdssdsdfdf, sddfdfdssdsdfdf, sddfdfdssdsdfdf, sddfdfdssdsdfdf, sddfdfdssdsdfdf, sddfdfdssdsdfdf, sddfdfdssdsdfdf, sddfdfdssdsdfdf, sddfdfdssdsdfdf, sddfdfdssdsdfdf, sddfdfdssdsdfdf, sddfdfdsSeven, PandaSilvesti, DanieleSK, JKSmoke_test, ShintoSmoke2, ShintoSmoke3, shintoSmoke3, shintoSmoke-Test (US), ShintoSmoke-Test (US), ShintoSmoke-Test, ShintoSmoke-Test, ShintoSocio, Secondostick, evasudhan, akhilT, Jessica t, tT, TestAssociateT1000, ShintoT12, ShintoT2, ShintoT40, ShintoATA11, Shintote, TestTest Assosiate, Test AssosiateTest, AjanthTest, AjanthTest, AjanthTest, Ajanth TestTest, Ajath Test123Test, AjTestTest, DennisTest, First nameTest, First nameTest, First nameTest, First nameTest, First nameTest, First nameTest, First nameTest, QA1Test, SeleniumTest, Shintotest, ShintoTest, ShintoTest, ShintoTest, Shinto-QATest, SKtest, testTest, TestTest, TestTest, TestTest, TestTest, TestTest, TestTest, Testtest, TestTest, Vipintest, Vofoxtest1Test1, QATest1, TestTest123, AjanthTest13, matteoTest2, AjanthTest2, Test2Test-2019, ShintoTest-2019, ShintoTest-2019, ShintoTest-2019, ShintoTest-2019, ShintoTest-2019, ShintoTest-2019, ShintoTest-2019, ShintoTest-2019, ShintoTest-2019, ShintoTest-2019, ShintoTest-2019, ShintoTest-2019, ShintoTest-2019, ShintoTest-2019, ShintoTest-2019, ShintoTest-2019, ShintoTest-2019, ShintoTest-2019, ShintoTest-2019, ShintoTest-2019, ShintoTest-2019, ShintoTest-2019, ShintoTest-2020, ShintoTest2040, ShintoTest223, AjanthTest333, AjanthTest4, AjanthTest423, AjanthTest5, Ajanth5Test523, AjanthTest60, ShintoTest623, AjanthtestA, ShintoTestA1, ShintoTestA1, ShintoTest-Associate-V1, Test-Associate-V1Tester, JCTester, JeanTester, JoeTester10, JeanTester11, JeanTester12, JeanTester13, JeanTester14, JeanTester15, JeanTester15, JeanTester16, JeanTester17, JeanTester18, Jean Tester2, Jean Tester21, JeanTester22, JeanTester23, JeanTester24, JeanTester25, JeanTestInvite, TestInvitetestt, testtText Last Name, Text First NameText Last Name, Text First NameText Last Name, Text First NameText Last Name, Text First NameText Last Name, Text First NameText Last Name, Text First NameText Last Name, Text First NameText Last Name, Text First NameText Last Name, Text First NameText Last Name, Text First NameText Last Name, Text First NameText Last Name, Text First NameText Last Name, Text First NameText Last Name, Text First NameText Last Name, Text First NameText Last Name, Text First NameText Last Name, Text First NameText Last Name, Text First NameText Last Name, Text First NameText Last Name, Text First NameText Last Name, Text First NameText Last Name, Text First NameText Last Name, Text First NameText Last Name, Text First NameText Last Name, Text First NameText Last Name, Text First NameText Last Name, Text First NameText Last Name, Text First NameText Last Name, Text First NameText Last Name, Text First Nametg, tjthandassery, akhilThree, PandaTuratti, CristoforoTwo, PandaTwomey, TonyTwomey, Tonyv , dcv Vaixx, IdanVangelica, Dafnevbbbbb, aaaaavbn, bnbvnVersione13, MatteoVertemati, Giovannivhv, rtvnf, vandanavvxvc, pouokiWood, DustyXjx, Dhxdhytytyty, ytyt
          ' or . = '
            Select Sponsor
             17, test Text Last Name,  Text First Name@@4434345@@@@@@@, pers11, Test111111, 111111212, 1211212, 12121212, 2121221, 212112345, Shinto12345, Shinto15, test18, test20, test200, 100200, Acc1002000, 100020000, 100020000, 1000020180725, Greg2020, Shinto2025, Shinto212, shinto212121, 212121222222, 33333323232, 323233, 231, test32323, 33232332, Test4434, 4521444, 444450, test51, testA, TestA1, ShintoAB, ShintoAB, ShintoAbc, testAbino, AntonioAgnese, IvanoAjanth, TestAjTest, TestAjAnalogo, MatteoArzuffi, Fabioasdas, sdasdAsf, 1000asg, asfAssociate, DuplicateAssociate, Test Badaduchi, JoeyBalbusso, GiacomoBalduzzi, GiacomoBandini, Georgebar, idanBar, Idanbar, idanBar, Idanbar, idanbar, idanBelotti, LuigiBeluschi, MarcoBenedetti, MarcelloBertolazza, GiuseppeBianchi, BiancaBing, Bella Blow, Joe Blow, JoeBlow, JoeBobev, Bobiboy, ya Bressani, FlaviaBrightly, AlanCarnevale, DaniloChalupsky, PaulChelin5, Jean5Cherchi, Stefanoclegane, aidaConti, CarloContractSignTest, EdgeCrickets, JiminyDamiani, ViolaDaniels, DanDat, TestData, TestDatabase, TestDDD, DDDDee, AlisonDeMotts, RobDeMotts, Rob2Demotts2, Rob2DeMotts3, Robertdennis test, dennis testDennis Test, Dennis TestDennis test2, Dennis test2dennis, dennisdh, dgfDias, Jose diaz, jddiff, akhilDoakes, JoeDoe, JohnDoe, JohnDoe, JohnDoe, JohnDoe, JohnDoe, JohnDoe, Johndoe, JohnDoe, JohnDoe, JohnDoe, JohnDoe, JohnDoe, JohnDoe, John Doe, John Doe, JohnDoe, JohnDoe, JohnDoe, JohnDoe, JohnDoe, JohnDoe, JohnDoe, JohnDoe, JuliaDoe, LeslieDoe, TestDoekeses, Johndsds, dsdsDunn, JuliaDyas, JerryDyas, JimEight, PandaEisenman, Hansemanuela, emanuelaemanuela, emanuelaEnglish, MatteoF, TonyFeinstein, JackFernandi, Robertofff, fffFive, PandaFour, Pandafrancesco, francescoG, DeniseG, Gregg, JerryG, Matteo 1/1/1980Galbiati, MatteoGalbiati, MatteoGalbiati, MatteoGalbiati, MatteoGalbiati, Matteo(gmail test)Galbiati11-23, Matteo3-30Galbiati2, Matteo2Galbiato, Matteogallinari, IvoGentile, DeniseGentile, Denise Gentile, Denise gjgj, gghdjGreen, JoeGum, BirthdateShouldBe20000101Gum, BTest3Gum, GregGum, GregGum, GregGum, GregGum, GregGum, GregGum, Greg_0608Gum, Greg_2018-09-17Gum, Greg_triggerTestGum, Greg_TriggerTest2gum, Greg0608AGum, Greg0608CGum, Greg0609Gum, Greg2018-09-22Gum, GregoryGum, Test2BirthdayShouldBe20000101Gum11, Greg11Gum19, Greg19Gum22, Greg22Gum22, Greg22Gum234, Greg234Gum44, GregGum44, Greg44Gum46, Greg46Gum5, Greg5Gum5, Greg5Gum51, Greg51Gum55, Greg22Gum55, Greg55Gum55, Greg55Gum55, Greg55Gum55, Greg55Gum6, Greg6Gum66, Greg66Gum66, Greg66Gum77, Greg77Gum77A, Greg77AGum78, Greg78Gum8, Greg8gum87, Greg87Gum88, Greg88Gum99, Greg99Gum99, Greg99Gum999, Greg999hil, akIE, MatteoIl Terzo, matteoJ, DJk, AbcdJK, QA1JK, ShintoJK, ShintoJK, ShintoJK, ShintoJK, ShintoJK, ShintoJK, ShintoJK, ShintoJK, ShintoJK, ShintoJK, ShintoJK, ShintoJK, ShintoJK, ShintoJK, ShintoJK, ShintoJK, ShintoJK, ShintoJK, ShintoJK, ShintoJK, ShintoJK, ShintoJK, ShintoJK, ShintoJK, ShintoJK, ShintoJK, shintoJK, ShintoJK, ShintoJK, ShintoJK, ShintoJK, ShintoJK, ShintoJK, Shinto-test3JK, TesterJK-2018, ShintoJK-2020, ShintoJK-2020, ShintoJones, JoeJose, Ajanth TestJose, DennisKK, JKKK, JK_2018KK, ShintoKK, ShintoKK, ShintoKK, ShintoKringle, KrisLast Name, First NameLast Name, First NameLast Name, First NameLast Name, First NameLast Name, First NameLast Name, First NameLast Name, First NameLast Name, First NameLast Name, First NameLast Name, First NameLast Name, First NameLast Name, First NameLast Name, First NameLast Name, First NameLast Name, First NameLast Name, First NameLast Name, First NameLast Name, First NameLast Name, First Namelast name, namelast name, namelast name, namelast name, namelast name, namelast name, namelast name, namelast, akLast, TestLast, TestLast, TestLast, TestLast, TestLast, TestLast, TestLast, TestLast, TestLast, TestLast, TestLast, TestLast, TestLast, TestLast, TestLast, TestLast, TestLast, TestLast, Testlast111111ghg ghghghlghlglhlglhgll glhglhlghlglhlgl hglhglhlghl lglhglhlghlglhlghlglhlgh lghlghlglhglhlglhgl lghlglhglhlghlglhlghlgllhlluoiouiouoiouoi ujgjlhg;ljhlgkjghjghkljghjghkljhjhjj;lhjh;lj;lh;l, akhil_firstlizana, davidLName, TestingLoehwing, AspasiaLoehwing, AspasiaLoehwing, AspasiaMassa, LucaMcDonald, RenataMcdonald, RenataMcDonald, RenataMcDonald, RenataMdy, ShintoMichaelson, Mikemiriam, jessicaMobile12, MatteoMR, Ajumustaffa, annNcDonald, Renatanuvoli, francescaOggi, VerificoOne, Pandaone, shintoOsborn, AlisonOsborn, AlisonOsborn, AlisonOsborn, AlisonOsborn, AlisonOsborn2, AlisonOzborn, AlisonPaiwonski, LenaPaoletti, FerdinandoPark, AndrewPasina, MassimoPatacca, GiorgioPedini, FedericoPlayer, EdgeCsrContractTestPlayer, PaulPortal, TestPortal, TestProfile, MattProva, TestQA1, ShintoQA1, Testqqq, 13/8/18qqq, qqqqqq, qqqqqqq, qqqR, AjR, AjR, AjanthR, AjanthR, AjanthR, AjanthR, AjanthR, AjanthRabbit, PeterRigamonti, ClaudioRigamonti, NicolaRossi, Francorossi, valeScanferla, CristoforoScarfone, JoeScoduti , Ivanasdfgdfg, sdfgsdgsdg, sdgsdgsdgsdg, sdgsdgsdgsdg, sfgsdfgsdsd, sdssdsd, Test Ajanthsdsdfdf, sddfdfdssdsdfdf, sddfdfdssdsdfdf, sddfdfdssdsdfdf, sddfdfdssdsdfdf, sddfdfdssdsdfdf, sddfdfdssdsdfdf, sddfdfdssdsdfdf, sddfdfdssdsdfdf, sddfdfdssdsdfdf, sddfdfdssdsdfdf, sddfdfdssdsdfdf, sddfdfdssdsdfdf, sddfdfdssdsdfdf, sddfdfdsSeven, PandaSilvesti, DanieleSK, JKSmoke_test, ShintoSmoke2, ShintoSmoke3, shintoSmoke3, shintoSmoke-Test (US), ShintoSmoke-Test (US), ShintoSmoke-Test, ShintoSmoke-Test, ShintoSocio, Secondostick, evasudhan, akhilT, Jessica t, tT, TestAssociateT1000, ShintoT12, ShintoT2, ShintoT40, ShintoATA11, Shintote, TestTest Assosiate, Test AssosiateTest, AjanthTest, AjanthTest, AjanthTest, Ajanth TestTest, Ajath Test123Test, AjTestTest, DennisTest, First nameTest, First nameTest, First nameTest, First nameTest, First nameTest, First nameTest, First nameTest, QA1Test, SeleniumTest, Shintotest, ShintoTest, ShintoTest, ShintoTest, Shinto-QATest, SKtest, testTest, TestTest, TestTest, TestTest, TestTest, TestTest, TestTest, Testtest, TestTest, Vipintest, Vofoxtest1Test1, QATest1, TestTest123, AjanthTest13, matteoTest2, AjanthTest2, Test2Test-2019, ShintoTest-2019, ShintoTest-2019, ShintoTest-2019, ShintoTest-2019, ShintoTest-2019, ShintoTest-2019, ShintoTest-2019, ShintoTest-2019, ShintoTest-2019, ShintoTest-2019, ShintoTest-2019, ShintoTest-2019, ShintoTest-2019, ShintoTest-2019, ShintoTest-2019, ShintoTest-2019, ShintoTest-2019, ShintoTest-2019, ShintoTest-2019, ShintoTest-2019, ShintoTest-2019, ShintoTest-2019, ShintoTest-2020, ShintoTest2040, ShintoTest223, AjanthTest333, AjanthTest4, AjanthTest423, AjanthTest5, Ajanth5Test523, AjanthTest60, ShintoTest623, AjanthtestA, ShintoTestA1, ShintoTestA1, ShintoTest-Associate-V1, Test-Associate-V1Tester, JCTester, JeanTester, JoeTester10, JeanTester11, JeanTester12, JeanTester13, JeanTester14, JeanTester15, JeanTester15, JeanTester16, JeanTester17, JeanTester18, Jean Tester2, Jean Tester21, JeanTester22, JeanTester23, JeanTester24, JeanTester25, JeanTestInvite, TestInvitetestt, testtText Last Name, Text First NameText Last Name, Text First NameText Last Name, Text First NameText Last Name, Text First NameText Last Name, Text First NameText Last Name, Text First NameText Last Name, Text First NameText Last Name, Text First NameText Last Name, Text First NameText Last Name, Text First NameText Last Name, Text First NameText Last Name, Text First NameText Last Name, Text First NameText Last Name, Text First NameText Last Name, Text First NameText Last Name, Text First NameText Last Name, Text First NameText Last Name, Text First NameText Last Name, Text First NameText Last Name, Text First NameText Last Name, Text First NameText Last Name, Text First NameText Last Name, Text First NameText Last Name, Text First NameText Last Name, Text First NameText Last Name, Text First NameText Last Name, Text First NameText Last Name, Text First NameText Last Name, Text First NameText Last Name, Text First Nametg, tjthandassery, akhilThree, PandaTuratti, CristoforoTwo, PandaTwomey, TonyTwomey, Tonyv , dcv Vaixx, IdanVangelica, Dafnevbbbbb, aaaaavbn, bnbvnVersione13, MatteoVertemati, Giovannivhv, rtvnf, vandanavvxvc, pouokiWood, DustyXjx, Dhxdhytytyty, ytyt
          ')]' not found)
[[ATTACHMENT|E:\\Bonanzha\\katalon Bonanzha\\Reports\\VBZ0016-My Downline\\20181112_194257\\1542033097753.png]]]]></system-out>
         <system-err><![CDATA[2018-11-12 20:01:05 - [TEST_CASE][FAILED] - Test Cases/Associate Application/My Downline/TCBA01605: Test Cases/Associate Application/My Downline/TCBA01605 FAILED because (of) (Stack trace: com.kms.katalon.core.exception.StepFailedException: Unable to select option by value 'Test, Shinto-QA' of object 'Object Repository/My Downline/Page_My Downline  5-15/select_Select Sponsor'  using regular expression (Root cause: com.kms.katalon.core.webui.exception.WebElementNotFoundException: Web element with id: 'Object Repository/My Downline/Page_My Downline  5-15/select_Select Sponsor' located by 'By.xpath: //select[(text() = '
            Select Sponsor
             17, test Text Last Name,  Text First Name@@4434345@@@@@@@, pers11, Test111111, 111111212, 1211212, 12121212, 2121221, 212112345, Shinto12345, Shinto15, test18, test20, test200, 100200, Acc1002000, 100020000, 100020000, 1000020180725, Greg2020, Shinto2025, Shinto212, shinto212121, 212121222222, 33333323232, 323233, 231, test32323, 33232332, Test4434, 4521444, 444450, test51, testA, TestA1, ShintoAB, ShintoAB, ShintoAbc, testAbino, AntonioAgnese, IvanoAjanth, TestAjTest, TestAjAnalogo, MatteoArzuffi, Fabioasdas, sdasdAsf, 1000asg, asfAssociate, DuplicateAssociate, Test Badaduchi, JoeyBalbusso, GiacomoBalduzzi, GiacomoBandini, Georgebar, idanBar, Idanbar, idanBar, Idanbar, idanbar, idanBelotti, LuigiBeluschi, MarcoBenedetti, MarcelloBertolazza, GiuseppeBianchi, BiancaBing, Bella Blow, Joe Blow, JoeBlow, JoeBobev, Bobiboy, ya Bressani, FlaviaBrightly, AlanCarnevale, DaniloChalupsky, PaulChelin5, Jean5Cherchi, Stefanoclegane, aidaConti, CarloContractSignTest, EdgeCrickets, JiminyDamiani, ViolaDaniels, DanDat, TestData, TestDatabase, TestDDD, DDDDee, AlisonDeMotts, RobDeMotts, Rob2Demotts2, Rob2DeMotts3, Robertdennis test, dennis testDennis Test, Dennis TestDennis test2, Dennis test2dennis, dennisdh, dgfDias, Jose diaz, jddiff, akhilDoakes, JoeDoe, JohnDoe, JohnDoe, JohnDoe, JohnDoe, JohnDoe, JohnDoe, Johndoe, JohnDoe, JohnDoe, JohnDoe, JohnDoe, JohnDoe, JohnDoe, John Doe, John Doe, JohnDoe, JohnDoe, JohnDoe, JohnDoe, JohnDoe, JohnDoe, JohnDoe, JohnDoe, JuliaDoe, LeslieDoe, TestDoekeses, Johndsds, dsdsDunn, JuliaDyas, JerryDyas, JimEight, PandaEisenman, Hansemanuela, emanuelaemanuela, emanuelaEnglish, MatteoF, TonyFeinstein, JackFernandi, Robertofff, fffFive, PandaFour, Pandafrancesco, francescoG, DeniseG, Gregg, JerryG, Matteo 1/1/1980Galbiati, MatteoGalbiati, MatteoGalbiati, MatteoGalbiati, MatteoGalbiati, Matteo(gmail test)Galbiati11-23, Matteo3-30Galbiati2, Matteo2Galbiato, Matteogallinari, IvoGentile, DeniseGentile, Denise Gentile, Denise gjgj, gghdjGreen, JoeGum, BirthdateShouldBe20000101Gum, BTest3Gum, GregGum, GregGum, GregGum, GregGum, GregGum, GregGum, Greg_0608Gum, Greg_2018-09-17Gum, Greg_triggerTestGum, Greg_TriggerTest2gum, Greg0608AGum, Greg0608CGum, Greg0609Gum, Greg2018-09-22Gum, GregoryGum, Test2BirthdayShouldBe20000101Gum11, Greg11Gum19, Greg19Gum22, Greg22Gum22, Greg22Gum234, Greg234Gum44, GregGum44, Greg44Gum46, Greg46Gum5, Greg5Gum5, Greg5Gum51, Greg51Gum55, Greg22Gum55, Greg55Gum55, Greg55Gum55, Greg55Gum55, Greg55Gum6, Greg6Gum66, Greg66Gum66, Greg66Gum77, Greg77Gum77A, Greg77AGum78, Greg78Gum8, Greg8gum87, Greg87Gum88, Greg88Gum99, Greg99Gum99, Greg99Gum999, Greg999hil, akIE, MatteoIl Terzo, matteoJ, DJk, AbcdJK, QA1JK, ShintoJK, ShintoJK, ShintoJK, ShintoJK, ShintoJK, ShintoJK, ShintoJK, ShintoJK, ShintoJK, ShintoJK, ShintoJK, ShintoJK, ShintoJK, ShintoJK, ShintoJK, ShintoJK, ShintoJK, ShintoJK, ShintoJK, ShintoJK, ShintoJK, ShintoJK, ShintoJK, ShintoJK, ShintoJK, ShintoJK, shintoJK, ShintoJK, ShintoJK, ShintoJK, ShintoJK, ShintoJK, ShintoJK, Shinto-test3JK, TesterJK-2018, ShintoJK-2020, ShintoJK-2020, ShintoJones, JoeJose, Ajanth TestJose, DennisKK, JKKK, JK_2018KK, ShintoKK, ShintoKK, ShintoKK, ShintoKringle, KrisLast Name, First NameLast Name, First NameLast Name, First NameLast Name, First NameLast Name, First NameLast Name, First NameLast Name, First NameLast Name, First NameLast Name, First NameLast Name, First NameLast Name, First NameLast Name, First NameLast Name, First NameLast Name, First NameLast Name, First NameLast Name, First NameLast Name, First NameLast Name, First NameLast Name, First Namelast name, namelast name, namelast name, namelast name, namelast name, namelast name, namelast name, namelast, akLast, TestLast, TestLast, TestLast, TestLast, TestLast, TestLast, TestLast, TestLast, TestLast, TestLast, TestLast, TestLast, TestLast, TestLast, TestLast, TestLast, TestLast, TestLast, Testlast111111ghg ghghghlghlglhlglhgll glhglhlghlglhlgl hglhglhlghl lglhglhlghlglhlghlglhlgh lghlghlglhglhlglhgl lghlglhglhlghlglhlghlgllhlluoiouiouoiouoi ujgjlhg;ljhlgkjghjghkljghjghkljhjhjj;lhjh;lj;lh;l, akhil_firstlizana, davidLName, TestingLoehwing, AspasiaLoehwing, AspasiaLoehwing, AspasiaMassa, LucaMcDonald, RenataMcdonald, RenataMcDonald, RenataMcDonald, RenataMdy, ShintoMichaelson, Mikemiriam, jessicaMobile12, MatteoMR, Ajumustaffa, annNcDonald, Renatanuvoli, francescaOggi, VerificoOne, Pandaone, shintoOsborn, AlisonOsborn, AlisonOsborn, AlisonOsborn, AlisonOsborn, AlisonOsborn2, AlisonOzborn, AlisonPaiwonski, LenaPaoletti, FerdinandoPark, AndrewPasina, MassimoPatacca, GiorgioPedini, FedericoPlayer, EdgeCsrContractTestPlayer, PaulPortal, TestPortal, TestProfile, MattProva, TestQA1, ShintoQA1, Testqqq, 13/8/18qqq, qqqqqq, qqqqqqq, qqqR, AjR, AjR, AjanthR, AjanthR, AjanthR, AjanthR, AjanthR, AjanthRabbit, PeterRigamonti, ClaudioRigamonti, NicolaRossi, Francorossi, valeScanferla, CristoforoScarfone, JoeScoduti , Ivanasdfgdfg, sdfgsdgsdg, sdgsdgsdgsdg, sdgsdgsdgsdg, sfgsdfgsdsd, sdssdsd, Test Ajanthsdsdfdf, sddfdfdssdsdfdf, sddfdfdssdsdfdf, sddfdfdssdsdfdf, sddfdfdssdsdfdf, sddfdfdssdsdfdf, sddfdfdssdsdfdf, sddfdfdssdsdfdf, sddfdfdssdsdfdf, sddfdfdssdsdfdf, sddfdfdssdsdfdf, sddfdfdssdsdfdf, sddfdfdssdsdfdf, sddfdfdssdsdfdf, sddfdfdsSeven, PandaSilvesti, DanieleSK, JKSmoke_test, ShintoSmoke2, ShintoSmoke3, shintoSmoke3, shintoSmoke-Test (US), ShintoSmoke-Test (US), ShintoSmoke-Test, ShintoSmoke-Test, ShintoSocio, Secondostick, evasudhan, akhilT, Jessica t, tT, TestAssociateT1000, ShintoT12, ShintoT2, ShintoT40, ShintoATA11, Shintote, TestTest Assosiate, Test AssosiateTest, AjanthTest, AjanthTest, AjanthTest, Ajanth TestTest, Ajath Test123Test, AjTestTest, DennisTest, First nameTest, First nameTest, First nameTest, First nameTest, First nameTest, First nameTest, First nameTest, QA1Test, SeleniumTest, Shintotest, ShintoTest, ShintoTest, ShintoTest, Shinto-QATest, SKtest, testTest, TestTest, TestTest, TestTest, TestTest, TestTest, TestTest, Testtest, TestTest, Vipintest, Vofoxtest1Test1, QATest1, TestTest123, AjanthTest13, matteoTest2, AjanthTest2, Test2Test-2019, ShintoTest-2019, ShintoTest-2019, ShintoTest-2019, ShintoTest-2019, ShintoTest-2019, ShintoTest-2019, ShintoTest-2019, ShintoTest-2019, ShintoTest-2019, ShintoTest-2019, ShintoTest-2019, ShintoTest-2019, ShintoTest-2019, ShintoTest-2019, ShintoTest-2019, ShintoTest-2019, ShintoTest-2019, ShintoTest-2019, ShintoTest-2019, ShintoTest-2019, ShintoTest-2019, ShintoTest-2019, ShintoTest-2020, ShintoTest2040, ShintoTest223, AjanthTest333, AjanthTest4, AjanthTest423, AjanthTest5, Ajanth5Test523, AjanthTest60, ShintoTest623, AjanthtestA, ShintoTestA1, ShintoTestA1, ShintoTest-Associate-V1, Test-Associate-V1Tester, JCTester, JeanTester, JoeTester10, JeanTester11, JeanTester12, JeanTester13, JeanTester14, JeanTester15, JeanTester15, JeanTester16, JeanTester17, JeanTester18, Jean Tester2, Jean Tester21, JeanTester22, JeanTester23, JeanTester24, JeanTester25, JeanTestInvite, TestInvitetestt, testtText Last Name, Text First NameText Last Name, Text First NameText Last Name, Text First NameText Last Name, Text First NameText Last Name, Text First NameText Last Name, Text First NameText Last Name, Text First NameText Last Name, Text First NameText Last Name, Text First NameText Last Name, Text First NameText Last Name, Text First NameText Last Name, Text First NameText Last Name, Text First NameText Last Name, Text First NameText Last Name, Text First NameText Last Name, Text First NameText Last Name, Text First NameText Last Name, Text First NameText Last Name, Text First NameText Last Name, Text First NameText Last Name, Text First NameText Last Name, Text First NameText Last Name, Text First NameText Last Name, Text First NameText Last Name, Text First NameText Last Name, Text First NameText Last Name, Text First NameText Last Name, Text First NameText Last Name, Text First NameText Last Name, Text First Nametg, tjthandassery, akhilThree, PandaTuratti, CristoforoTwo, PandaTwomey, TonyTwomey, Tonyv , dcv Vaixx, IdanVangelica, Dafnevbbbbb, aaaaavbn, bnbvnVersione13, MatteoVertemati, Giovannivhv, rtvnf, vandanavvxvc, pouokiWood, DustyXjx, Dhxdhytytyty, ytyt
          ' or . = '
            Select Sponsor
             17, test Text Last Name,  Text First Name@@4434345@@@@@@@, pers11, Test111111, 111111212, 1211212, 12121212, 2121221, 212112345, Shinto12345, Shinto15, test18, test20, test200, 100200, Acc1002000, 100020000, 100020000, 1000020180725, Greg2020, Shinto2025, Shinto212, shinto212121, 212121222222, 33333323232, 323233, 231, test32323, 33232332, Test4434, 4521444, 444450, test51, testA, TestA1, ShintoAB, ShintoAB, ShintoAbc, testAbino, AntonioAgnese, IvanoAjanth, TestAjTest, TestAjAnalogo, MatteoArzuffi, Fabioasdas, sdasdAsf, 1000asg, asfAssociate, DuplicateAssociate, Test Badaduchi, JoeyBalbusso, GiacomoBalduzzi, GiacomoBandini, Georgebar, idanBar, Idanbar, idanBar, Idanbar, idanbar, idanBelotti, LuigiBeluschi, MarcoBenedetti, MarcelloBertolazza, GiuseppeBianchi, BiancaBing, Bella Blow, Joe Blow, JoeBlow, JoeBobev, Bobiboy, ya Bressani, FlaviaBrightly, AlanCarnevale, DaniloChalupsky, PaulChelin5, Jean5Cherchi, Stefanoclegane, aidaConti, CarloContractSignTest, EdgeCrickets, JiminyDamiani, ViolaDaniels, DanDat, TestData, TestDatabase, TestDDD, DDDDee, AlisonDeMotts, RobDeMotts, Rob2Demotts2, Rob2DeMotts3, Robertdennis test, dennis testDennis Test, Dennis TestDennis test2, Dennis test2dennis, dennisdh, dgfDias, Jose diaz, jddiff, akhilDoakes, JoeDoe, JohnDoe, JohnDoe, JohnDoe, JohnDoe, JohnDoe, JohnDoe, Johndoe, JohnDoe, JohnDoe, JohnDoe, JohnDoe, JohnDoe, JohnDoe, John Doe, John Doe, JohnDoe, JohnDoe, JohnDoe, JohnDoe, JohnDoe, JohnDoe, JohnDoe, JohnDoe, JuliaDoe, LeslieDoe, TestDoekeses, Johndsds, dsdsDunn, JuliaDyas, JerryDyas, JimEight, PandaEisenman, Hansemanuela, emanuelaemanuela, emanuelaEnglish, MatteoF, TonyFeinstein, JackFernandi, Robertofff, fffFive, PandaFour, Pandafrancesco, francescoG, DeniseG, Gregg, JerryG, Matteo 1/1/1980Galbiati, MatteoGalbiati, MatteoGalbiati, MatteoGalbiati, MatteoGalbiati, Matteo(gmail test)Galbiati11-23, Matteo3-30Galbiati2, Matteo2Galbiato, Matteogallinari, IvoGentile, DeniseGentile, Denise Gentile, Denise gjgj, gghdjGreen, JoeGum, BirthdateShouldBe20000101Gum, BTest3Gum, GregGum, GregGum, GregGum, GregGum, GregGum, GregGum, Greg_0608Gum, Greg_2018-09-17Gum, Greg_triggerTestGum, Greg_TriggerTest2gum, Greg0608AGum, Greg0608CGum, Greg0609Gum, Greg2018-09-22Gum, GregoryGum, Test2BirthdayShouldBe20000101Gum11, Greg11Gum19, Greg19Gum22, Greg22Gum22, Greg22Gum234, Greg234Gum44, GregGum44, Greg44Gum46, Greg46Gum5, Greg5Gum5, Greg5Gum51, Greg51Gum55, Greg22Gum55, Greg55Gum55, Greg55Gum55, Greg55Gum55, Greg55Gum6, Greg6Gum66, Greg66Gum66, Greg66Gum77, Greg77Gum77A, Greg77AGum78, Greg78Gum8, Greg8gum87, Greg87Gum88, Greg88Gum99, Greg99Gum99, Greg99Gum999, Greg999hil, akIE, MatteoIl Terzo, matteoJ, DJk, AbcdJK, QA1JK, ShintoJK, ShintoJK, ShintoJK, ShintoJK, ShintoJK, ShintoJK, ShintoJK, ShintoJK, ShintoJK, ShintoJK, ShintoJK, ShintoJK, ShintoJK, ShintoJK, ShintoJK, ShintoJK, ShintoJK, ShintoJK, ShintoJK, ShintoJK, ShintoJK, ShintoJK, ShintoJK, ShintoJK, ShintoJK, ShintoJK, shintoJK, ShintoJK, ShintoJK, ShintoJK, ShintoJK, ShintoJK, ShintoJK, Shinto-test3JK, TesterJK-2018, ShintoJK-2020, ShintoJK-2020, ShintoJones, JoeJose, Ajanth TestJose, DennisKK, JKKK, JK_2018KK, ShintoKK, ShintoKK, ShintoKK, ShintoKringle, KrisLast Name, First NameLast Name, First NameLast Name, First NameLast Name, First NameLast Name, First NameLast Name, First NameLast Name, First NameLast Name, First NameLast Name, First NameLast Name, First NameLast Name, First NameLast Name, First NameLast Name, First NameLast Name, First NameLast Name, First NameLast Name, First NameLast Name, First NameLast Name, First NameLast Name, First Namelast name, namelast name, namelast name, namelast name, namelast name, namelast name, namelast name, namelast, akLast, TestLast, TestLast, TestLast, TestLast, TestLast, TestLast, TestLast, TestLast, TestLast, TestLast, TestLast, TestLast, TestLast, TestLast, TestLast, TestLast, TestLast, TestLast, Testlast111111ghg ghghghlghlglhlglhgll glhglhlghlglhlgl hglhglhlghl lglhglhlghlglhlghlglhlgh lghlghlglhglhlglhgl lghlglhglhlghlglhlghlgllhlluoiouiouoiouoi ujgjlhg;ljhlgkjghjghkljghjghkljhjhjj;lhjh;lj;lh;l, akhil_firstlizana, davidLName, TestingLoehwing, AspasiaLoehwing, AspasiaLoehwing, AspasiaMassa, LucaMcDonald, RenataMcdonald, RenataMcDonald, RenataMcDonald, RenataMdy, ShintoMichaelson, Mikemiriam, jessicaMobile12, MatteoMR, Ajumustaffa, annNcDonald, Renatanuvoli, francescaOggi, VerificoOne, Pandaone, shintoOsborn, AlisonOsborn, AlisonOsborn, AlisonOsborn, AlisonOsborn, AlisonOsborn2, AlisonOzborn, AlisonPaiwonski, LenaPaoletti, FerdinandoPark, AndrewPasina, MassimoPatacca, GiorgioPedini, FedericoPlayer, EdgeCsrContractTestPlayer, PaulPortal, TestPortal, TestProfile, MattProva, TestQA1, ShintoQA1, Testqqq, 13/8/18qqq, qqqqqq, qqqqqqq, qqqR, AjR, AjR, AjanthR, AjanthR, AjanthR, AjanthR, AjanthR, AjanthRabbit, PeterRigamonti, ClaudioRigamonti, NicolaRossi, Francorossi, valeScanferla, CristoforoScarfone, JoeScoduti , Ivanasdfgdfg, sdfgsdgsdg, sdgsdgsdgsdg, sdgsdgsdgsdg, sfgsdfgsdsd, sdssdsd, Test Ajanthsdsdfdf, sddfdfdssdsdfdf, sddfdfdssdsdfdf, sddfdfdssdsdfdf, sddfdfdssdsdfdf, sddfdfdssdsdfdf, sddfdfdssdsdfdf, sddfdfdssdsdfdf, sddfdfdssdsdfdf, sddfdfdssdsdfdf, sddfdfdssdsdfdf, sddfdfdssdsdfdf, sddfdfdssdsdfdf, sddfdfdssdsdfdf, sddfdfdsSeven, PandaSilvesti, DanieleSK, JKSmoke_test, ShintoSmoke2, ShintoSmoke3, shintoSmoke3, shintoSmoke-Test (US), ShintoSmoke-Test (US), ShintoSmoke-Test, ShintoSmoke-Test, ShintoSocio, Secondostick, evasudhan, akhilT, Jessica t, tT, TestAssociateT1000, ShintoT12, ShintoT2, ShintoT40, ShintoATA11, Shintote, TestTest Assosiate, Test AssosiateTest, AjanthTest, AjanthTest, AjanthTest, Ajanth TestTest, Ajath Test123Test, AjTestTest, DennisTest, First nameTest, First nameTest, First nameTest, First nameTest, First nameTest, First nameTest, First nameTest, QA1Test, SeleniumTest, Shintotest, ShintoTest, ShintoTest, ShintoTest, Shinto-QATest, SKtest, testTest, TestTest, TestTest, TestTest, TestTest, TestTest, TestTest, Testtest, TestTest, Vipintest, Vofoxtest1Test1, QATest1, TestTest123, AjanthTest13, matteoTest2, AjanthTest2, Test2Test-2019, ShintoTest-2019, ShintoTest-2019, ShintoTest-2019, ShintoTest-2019, ShintoTest-2019, ShintoTest-2019, ShintoTest-2019, ShintoTest-2019, ShintoTest-2019, ShintoTest-2019, ShintoTest-2019, ShintoTest-2019, ShintoTest-2019, ShintoTest-2019, ShintoTest-2019, ShintoTest-2019, ShintoTest-2019, ShintoTest-2019, ShintoTest-2019, ShintoTest-2019, ShintoTest-2019, ShintoTest-2019, ShintoTest-2020, ShintoTest2040, ShintoTest223, AjanthTest333, AjanthTest4, AjanthTest423, AjanthTest5, Ajanth5Test523, AjanthTest60, ShintoTest623, AjanthtestA, ShintoTestA1, ShintoTestA1, ShintoTest-Associate-V1, Test-Associate-V1Tester, JCTester, JeanTester, JoeTester10, JeanTester11, JeanTester12, JeanTester13, JeanTester14, JeanTester15, JeanTester15, JeanTester16, JeanTester17, JeanTester18, Jean Tester2, Jean Tester21, JeanTester22, JeanTester23, JeanTester24, JeanTester25, JeanTestInvite, TestInvitetestt, testtText Last Name, Text First NameText Last Name, Text First NameText Last Name, Text First NameText Last Name, Text First NameText Last Name, Text First NameText Last Name, Text First NameText Last Name, Text First NameText Last Name, Text First NameText Last Name, Text First NameText Last Name, Text First NameText Last Name, Text First NameText Last Name, Text First NameText Last Name, Text First NameText Last Name, Text First NameText Last Name, Text First NameText Last Name, Text First NameText Last Name, Text First NameText Last Name, Text First NameText Last Name, Text First NameText Last Name, Text First NameText Last Name, Text First NameText Last Name, Text First NameText Last Name, Text First NameText Last Name, Text First NameText Last Name, Text First NameText Last Name, Text First NameText Last Name, Text First NameText Last Name, Text First NameText Last Name, Text First NameText Last Name, Text First Nametg, tjthandassery, akhilThree, PandaTuratti, CristoforoTwo, PandaTwomey, TonyTwomey, Tonyv , dcv Vaixx, IdanVangelica, Dafnevbbbbb, aaaaavbn, bnbvnVersione13, MatteoVertemati, Giovannivhv, rtvnf, vandanavvxvc, pouokiWood, DustyXjx, Dhxdhytytyty, ytyt
          ')]' not found)
	at com.kms.katalon.core.keyword.internal.KeywordMain.stepFailed(KeywordMain.groovy:36)
	at com.kms.katalon.core.webui.keyword.internal.WebUIKeywordMain.stepFailed(WebUIKeywordMain.groovy:65)
	at com.kms.katalon.core.webui.keyword.internal.WebUIKeywordMain.runKeyword(WebUIKeywordMain.groovy:27)
	at com.kms.katalon.core.webui.keyword.builtin.SelectOptionByValueKeyword.selectOptionByValue(SelectOptionByValueKeyword.groovy:99)
	at com.kms.katalon.core.webui.keyword.builtin.SelectOptionByValueKeyword.execute(SelectOptionByValueKeyword.groovy:71)
	at com.kms.katalon.core.keyword.internal.KeywordExecutor.executeKeywordForPlatform(KeywordExecutor.groovy:53)
	at com.kms.katalon.core.webui.keyword.WebUiBuiltInKeywords.selectOptionByValue(WebUiBuiltInKeywords.groovy:1138)
	at com.kms.katalon.core.webui.keyword.WebUiBuiltInKeywords$selectOptionByValue$8.call(Unknown Source)
	at org.codehaus.groovy.runtime.callsite.CallSiteArray.defaultCall(CallSiteArray.java:48)
	at org.codehaus.groovy.runtime.callsite.AbstractCallSite.call(AbstractCallSite.java:113)
	at org.codehaus.groovy.runtime.callsite.AbstractCallSite.call(AbstractCallSite.java:141)
	at Script1540451408397.run(Script1540451408397.groovy:21)
	at com.kms.katalon.core.main.ScriptEngine.run(ScriptEngine.java:183)
	at com.kms.katalon.core.main.ScriptEngine.runScriptAsRawText(ScriptEngine.java:108)
	at com.kms.katalon.core.main.TestCaseExecutor.runScript(TestCaseExecutor.java:294)
	at com.kms.katalon.core.main.TestCaseExecutor.doExecute(TestCaseExecutor.java:285)
	at com.kms.katalon.core.main.TestCaseExecutor.processExecutionPhase(TestCaseExecutor.java:264)
	at com.kms.katalon.core.main.TestCaseExecutor.accessMainPhase(TestCaseExecutor.java:256)
	at com.kms.katalon.core.main.TestCaseExecutor.execute(TestCaseExecutor.java:200)
	at com.kms.katalon.core.main.TestSuiteExecutor.accessTestCaseMainPhase(TestSuiteExecutor.java:129)
	at com.kms.katalon.core.main.TestSuiteExecutor.accessTestSuiteMainPhase(TestSuiteExecutor.java:112)
	at com.kms.katalon.core.main.TestSuiteExecutor.execute(TestSuiteExecutor.java:81)
	at com.kms.katalon.core.main.TestCaseMain.startTestSuite(TestCaseMain.java:142)
	at com.kms.katalon.core.main.TestCaseMain$startTestSuite$0.call(Unknown Source)
	at org.codehaus.groovy.runtime.callsite.CallSiteArray.defaultCall(CallSiteArray.java:48)
	at org.codehaus.groovy.runtime.callsite.AbstractCallSite.call(AbstractCallSite.java:113)
	at org.codehaus.groovy.runtime.callsite.AbstractCallSite.call(AbstractCallSite.java:141)
	at TempTestSuite1542031977124.run(TempTestSuite1542031977124.groovy:36)
	at groovy.lang.GroovyShell.runScriptOrMainOrTestOrRunnable(GroovyShell.java:263)
	at groovy.lang.GroovyShell.run(GroovyShell.java:518)
	at groovy.lang.GroovyShell.run(GroovyShell.java:507)
	at groovy.ui.GroovyMain.processOnce(GroovyMain.java:653)
	at groovy.ui.GroovyMain.run(GroovyMain.java:384)
	at groovy.ui.GroovyMain.process(GroovyMain.java:370)
	at groovy.ui.GroovyMain.processArgs(GroovyMain.java:129)
	at groovy.ui.GroovyMain.main(GroovyMain.java:109)
	at sun.reflect.NativeMethodAccessorImpl.invoke0(Native Method)
	at sun.reflect.NativeMethodAccessorImpl.invoke(NativeMethodAccessorImpl.java:62)
	at sun.reflect.DelegatingMethodAccessorImpl.invoke(DelegatingMethodAccessorImpl.java:43)
	at java.lang.reflect.Method.invoke(Method.java:498)
	at org.codehaus.groovy.tools.GroovyStarter.rootLoader(GroovyStarter.java:109)
	at org.codehaus.groovy.tools.GroovyStarter.main(GroovyStarter.java:131)
)]]></system-err>
      </testcase>
      <testcase name="Test Cases/Associate Application/My Downline/TCBA01606" classname="Test Cases/Associate Application/My Downline/TCBA01606" status="FAILED">
         <failure type="FAILED" message="(Stack trace: com.kms.katalon.core.exception.StepFailedException: Unable to select option by value 'Test, Shinto-QA' of object 'Object Repository/My Downline/Page_My Downline  5-15/select_Select Sponsor'  using regular expression (Root cause: com.kms.katalon.core.webui.exception.WebElementNotFoundException: Web element with id: 'Object Repository/My Downline/Page_My Downline  5-15/select_Select Sponsor' located by 'By.xpath: //select[(text() = '
            Select Sponsor
             17, test Text Last Name,  Text First Name@@4434345@@@@@@@, pers11, Test111111, 111111212, 1211212, 12121212, 2121221, 212112345, Shinto12345, Shinto15, test18, test20, test200, 100200, Acc1002000, 100020000, 100020000, 1000020180725, Greg2020, Shinto2025, Shinto212, shinto212121, 212121222222, 33333323232, 323233, 231, test32323, 33232332, Test4434, 4521444, 444450, test51, testA, TestA1, ShintoAB, ShintoAB, ShintoAbc, testAbino, AntonioAgnese, IvanoAjanth, TestAjTest, TestAjAnalogo, MatteoArzuffi, Fabioasdas, sdasdAsf, 1000asg, asfAssociate, DuplicateAssociate, Test Badaduchi, JoeyBalbusso, GiacomoBalduzzi, GiacomoBandini, Georgebar, idanBar, Idanbar, idanBar, Idanbar, idanbar, idanBelotti, LuigiBeluschi, MarcoBenedetti, MarcelloBertolazza, GiuseppeBianchi, BiancaBing, Bella Blow, Joe Blow, JoeBlow, JoeBobev, Bobiboy, ya Bressani, FlaviaBrightly, AlanCarnevale, DaniloChalupsky, PaulChelin5, Jean5Cherchi, Stefanoclegane, aidaConti, CarloContractSignTest, EdgeCrickets, JiminyDamiani, ViolaDaniels, DanDat, TestData, TestDatabase, TestDDD, DDDDee, AlisonDeMotts, RobDeMotts, Rob2Demotts2, Rob2DeMotts3, Robertdennis test, dennis testDennis Test, Dennis TestDennis test2, Dennis test2dennis, dennisdh, dgfDias, Jose diaz, jddiff, akhilDoakes, JoeDoe, JohnDoe, JohnDoe, JohnDoe, JohnDoe, JohnDoe, JohnDoe, Johndoe, JohnDoe, JohnDoe, JohnDoe, JohnDoe, JohnDoe, JohnDoe, John Doe, John Doe, JohnDoe, JohnDoe, JohnDoe, JohnDoe, JohnDoe, JohnDoe, JohnDoe, JohnDoe, JuliaDoe, LeslieDoe, TestDoekeses, Johndsds, dsdsDunn, JuliaDyas, JerryDyas, JimEight, PandaEisenman, Hansemanuela, emanuelaemanuela, emanuelaEnglish, MatteoF, TonyFeinstein, JackFernandi, Robertofff, fffFive, PandaFour, Pandafrancesco, francescoG, DeniseG, Gregg, JerryG, Matteo 1/1/1980Galbiati, MatteoGalbiati, MatteoGalbiati, MatteoGalbiati, MatteoGalbiati, Matteo(gmail test)Galbiati11-23, Matteo3-30Galbiati2, Matteo2Galbiato, Matteogallinari, IvoGentile, DeniseGentile, Denise Gentile, Denise gjgj, gghdjGreen, JoeGum, BirthdateShouldBe20000101Gum, BTest3Gum, GregGum, GregGum, GregGum, GregGum, GregGum, GregGum, Greg_0608Gum, Greg_2018-09-17Gum, Greg_triggerTestGum, Greg_TriggerTest2gum, Greg0608AGum, Greg0608CGum, Greg0609Gum, Greg2018-09-22Gum, GregoryGum, Test2BirthdayShouldBe20000101Gum11, Greg11Gum19, Greg19Gum22, Greg22Gum22, Greg22Gum234, Greg234Gum44, GregGum44, Greg44Gum46, Greg46Gum5, Greg5Gum5, Greg5Gum51, Greg51Gum55, Greg22Gum55, Greg55Gum55, Greg55Gum55, Greg55Gum55, Greg55Gum6, Greg6Gum66, Greg66Gum66, Greg66Gum77, Greg77Gum77A, Greg77AGum78, Greg78Gum8, Greg8gum87, Greg87Gum88, Greg88Gum99, Greg99Gum99, Greg99Gum999, Greg999hil, akIE, MatteoIl Terzo, matteoJ, DJk, AbcdJK, QA1JK, ShintoJK, ShintoJK, ShintoJK, ShintoJK, ShintoJK, ShintoJK, ShintoJK, ShintoJK, ShintoJK, ShintoJK, ShintoJK, ShintoJK, ShintoJK, ShintoJK, ShintoJK, ShintoJK, ShintoJK, ShintoJK, ShintoJK, ShintoJK, ShintoJK, ShintoJK, ShintoJK, ShintoJK, ShintoJK, ShintoJK, shintoJK, ShintoJK, ShintoJK, ShintoJK, ShintoJK, ShintoJK, ShintoJK, Shinto-test3JK, TesterJK-2018, ShintoJK-2020, ShintoJK-2020, ShintoJones, JoeJose, Ajanth TestJose, DennisKK, JKKK, JK_2018KK, ShintoKK, ShintoKK, ShintoKK, ShintoKringle, KrisLast Name, First NameLast Name, First NameLast Name, First NameLast Name, First NameLast Name, First NameLast Name, First NameLast Name, First NameLast Name, First NameLast Name, First NameLast Name, First NameLast Name, First NameLast Name, First NameLast Name, First NameLast Name, First NameLast Name, First NameLast Name, First NameLast Name, First NameLast Name, First NameLast Name, First Namelast name, namelast name, namelast name, namelast name, namelast name, namelast name, namelast name, namelast, akLast, TestLast, TestLast, TestLast, TestLast, TestLast, TestLast, TestLast, TestLast, TestLast, TestLast, TestLast, TestLast, TestLast, TestLast, TestLast, TestLast, TestLast, TestLast, Testlast111111ghg ghghghlghlglhlglhgll glhglhlghlglhlgl hglhglhlghl lglhglhlghlglhlghlglhlgh lghlghlglhglhlglhgl lghlglhglhlghlglhlghlgllhlluoiouiouoiouoi ujgjlhg;ljhlgkjghjghkljghjghkljhjhjj;lhjh;lj;lh;l, akhil_firstlizana, davidLName, TestingLoehwing, AspasiaLoehwing, AspasiaLoehwing, AspasiaMassa, LucaMcDonald, RenataMcdonald, RenataMcDonald, RenataMcDonald, RenataMdy, ShintoMichaelson, Mikemiriam, jessicaMobile12, MatteoMR, Ajumustaffa, annNcDonald, Renatanuvoli, francescaOggi, VerificoOne, Pandaone, shintoOsborn, AlisonOsborn, AlisonOsborn, AlisonOsborn, AlisonOsborn, AlisonOsborn2, AlisonOzborn, AlisonPaiwonski, LenaPaoletti, FerdinandoPark, AndrewPasina, MassimoPatacca, GiorgioPedini, FedericoPlayer, EdgeCsrContractTestPlayer, PaulPortal, TestPortal, TestProfile, MattProva, TestQA1, ShintoQA1, Testqqq, 13/8/18qqq, qqqqqq, qqqqqqq, qqqR, AjR, AjR, AjanthR, AjanthR, AjanthR, AjanthR, AjanthR, AjanthRabbit, PeterRigamonti, ClaudioRigamonti, NicolaRossi, Francorossi, valeScanferla, CristoforoScarfone, JoeScoduti , Ivanasdfgdfg, sdfgsdgsdg, sdgsdgsdgsdg, sdgsdgsdgsdg, sfgsdfgsdsd, sdssdsd, Test Ajanthsdsdfdf, sddfdfdssdsdfdf, sddfdfdssdsdfdf, sddfdfdssdsdfdf, sddfdfdssdsdfdf, sddfdfdssdsdfdf, sddfdfdssdsdfdf, sddfdfdssdsdfdf, sddfdfdssdsdfdf, sddfdfdssdsdfdf, sddfdfdssdsdfdf, sddfdfdssdsdfdf, sddfdfdssdsdfdf, sddfdfdssdsdfdf, sddfdfdsSeven, PandaSilvesti, DanieleSK, JKSmoke_test, ShintoSmoke2, ShintoSmoke3, shintoSmoke3, shintoSmoke-Test (US), ShintoSmoke-Test (US), ShintoSmoke-Test, ShintoSmoke-Test, ShintoSocio, Secondostick, evasudhan, akhilT, Jessica t, tT, TestAssociateT1000, ShintoT12, ShintoT2, ShintoT40, ShintoATA11, Shintote, TestTest Assosiate, Test AssosiateTest, AjanthTest, AjanthTest, AjanthTest, Ajanth TestTest, Ajath Test123Test, AjTestTest, DennisTest, First nameTest, First nameTest, First nameTest, First nameTest, First nameTest, First nameTest, First nameTest, QA1Test, SeleniumTest, Shintotest, ShintoTest, ShintoTest, ShintoTest, Shinto-QATest, SKtest, testTest, TestTest, TestTest, TestTest, TestTest, TestTest, TestTest, Testtest, TestTest, Vipintest, Vofoxtest1Test1, QATest1, TestTest123, AjanthTest13, matteoTest2, AjanthTest2, Test2Test-2019, ShintoTest-2019, ShintoTest-2019, ShintoTest-2019, ShintoTest-2019, ShintoTest-2019, ShintoTest-2019, ShintoTest-2019, ShintoTest-2019, ShintoTest-2019, ShintoTest-2019, ShintoTest-2019, ShintoTest-2019, ShintoTest-2019, ShintoTest-2019, ShintoTest-2019, ShintoTest-2019, ShintoTest-2019, ShintoTest-2019, ShintoTest-2019, ShintoTest-2019, ShintoTest-2019, ShintoTest-2019, ShintoTest-2020, ShintoTest2040, ShintoTest223, AjanthTest333, AjanthTest4, AjanthTest423, AjanthTest5, Ajanth5Test523, AjanthTest60, ShintoTest623, AjanthtestA, ShintoTestA1, ShintoTestA1, ShintoTest-Associate-V1, Test-Associate-V1Tester, JCTester, JeanTester, JoeTester10, JeanTester11, JeanTester12, JeanTester13, JeanTester14, JeanTester15, JeanTester15, JeanTester16, JeanTester17, JeanTester18, Jean Tester2, Jean Tester21, JeanTester22, JeanTester23, JeanTester24, JeanTester25, JeanTestInvite, TestInvitetestt, testtText Last Name, Text First NameText Last Name, Text First NameText Last Name, Text First NameText Last Name, Text First NameText Last Name, Text First NameText Last Name, Text First NameText Last Name, Text First NameText Last Name, Text First NameText Last Name, Text First NameText Last Name, Text First NameText Last Name, Text First NameText Last Name, Text First NameText Last Name, Text First NameText Last Name, Text First NameText Last Name, Text First NameText Last Name, Text First NameText Last Name, Text First NameText Last Name, Text First NameText Last Name, Text First NameText Last Name, Text First NameText Last Name, Text First NameText Last Name, Text First NameText Last Name, Text First NameText Last Name, Text First NameText Last Name, Text First NameText Last Name, Text First NameText Last Name, Text First NameText Last Name, Text First NameText Last Name, Text First NameText Last Name, Text First Nametg, tjthandassery, akhilThree, PandaTuratti, CristoforoTwo, PandaTwomey, TonyTwomey, Tonyv , dcv Vaixx, IdanVangelica, Dafnevbbbbb, aaaaavbn, bnbvnVersione13, MatteoVertemati, Giovannivhv, rtvnf, vandanavvxvc, pouokiWood, DustyXjx, Dhxdhytytyty, ytyt
          ' or . = '
            Select Sponsor
             17, test Text Last Name,  Text First Name@@4434345@@@@@@@, pers11, Test111111, 111111212, 1211212, 12121212, 2121221, 212112345, Shinto12345, Shinto15, test18, test20, test200, 100200, Acc1002000, 100020000, 100020000, 1000020180725, Greg2020, Shinto2025, Shinto212, shinto212121, 212121222222, 33333323232, 323233, 231, test32323, 33232332, Test4434, 4521444, 444450, test51, testA, TestA1, ShintoAB, ShintoAB, ShintoAbc, testAbino, AntonioAgnese, IvanoAjanth, TestAjTest, TestAjAnalogo, MatteoArzuffi, Fabioasdas, sdasdAsf, 1000asg, asfAssociate, DuplicateAssociate, Test Badaduchi, JoeyBalbusso, GiacomoBalduzzi, GiacomoBandini, Georgebar, idanBar, Idanbar, idanBar, Idanbar, idanbar, idanBelotti, LuigiBeluschi, MarcoBenedetti, MarcelloBertolazza, GiuseppeBianchi, BiancaBing, Bella Blow, Joe Blow, JoeBlow, JoeBobev, Bobiboy, ya Bressani, FlaviaBrightly, AlanCarnevale, DaniloChalupsky, PaulChelin5, Jean5Cherchi, Stefanoclegane, aidaConti, CarloContractSignTest, EdgeCrickets, JiminyDamiani, ViolaDaniels, DanDat, TestData, TestDatabase, TestDDD, DDDDee, AlisonDeMotts, RobDeMotts, Rob2Demotts2, Rob2DeMotts3, Robertdennis test, dennis testDennis Test, Dennis TestDennis test2, Dennis test2dennis, dennisdh, dgfDias, Jose diaz, jddiff, akhilDoakes, JoeDoe, JohnDoe, JohnDoe, JohnDoe, JohnDoe, JohnDoe, JohnDoe, Johndoe, JohnDoe, JohnDoe, JohnDoe, JohnDoe, JohnDoe, JohnDoe, John Doe, John Doe, JohnDoe, JohnDoe, JohnDoe, JohnDoe, JohnDoe, JohnDoe, JohnDoe, JohnDoe, JuliaDoe, LeslieDoe, TestDoekeses, Johndsds, dsdsDunn, JuliaDyas, JerryDyas, JimEight, PandaEisenman, Hansemanuela, emanuelaemanuela, emanuelaEnglish, MatteoF, TonyFeinstein, JackFernandi, Robertofff, fffFive, PandaFour, Pandafrancesco, francescoG, DeniseG, Gregg, JerryG, Matteo 1/1/1980Galbiati, MatteoGalbiati, MatteoGalbiati, MatteoGalbiati, MatteoGalbiati, Matteo(gmail test)Galbiati11-23, Matteo3-30Galbiati2, Matteo2Galbiato, Matteogallinari, IvoGentile, DeniseGentile, Denise Gentile, Denise gjgj, gghdjGreen, JoeGum, BirthdateShouldBe20000101Gum, BTest3Gum, GregGum, GregGum, GregGum, GregGum, GregGum, GregGum, Greg_0608Gum, Greg_2018-09-17Gum, Greg_triggerTestGum, Greg_TriggerTest2gum, Greg0608AGum, Greg0608CGum, Greg0609Gum, Greg2018-09-22Gum, GregoryGum, Test2BirthdayShouldBe20000101Gum11, Greg11Gum19, Greg19Gum22, Greg22Gum22, Greg22Gum234, Greg234Gum44, GregGum44, Greg44Gum46, Greg46Gum5, Greg5Gum5, Greg5Gum51, Greg51Gum55, Greg22Gum55, Greg55Gum55, Greg55Gum55, Greg55Gum55, Greg55Gum6, Greg6Gum66, Greg66Gum66, Greg66Gum77, Greg77Gum77A, Greg77AGum78, Greg78Gum8, Greg8gum87, Greg87Gum88, Greg88Gum99, Greg99Gum99, Greg99Gum999, Greg999hil, akIE, MatteoIl Terzo, matteoJ, DJk, AbcdJK, QA1JK, ShintoJK, ShintoJK, ShintoJK, ShintoJK, ShintoJK, ShintoJK, ShintoJK, ShintoJK, ShintoJK, ShintoJK, ShintoJK, ShintoJK, ShintoJK, ShintoJK, ShintoJK, ShintoJK, ShintoJK, ShintoJK, ShintoJK, ShintoJK, ShintoJK, ShintoJK, ShintoJK, ShintoJK, ShintoJK, ShintoJK, shintoJK, ShintoJK, ShintoJK, ShintoJK, ShintoJK, ShintoJK, ShintoJK, Shinto-test3JK, TesterJK-2018, ShintoJK-2020, ShintoJK-2020, ShintoJones, JoeJose, Ajanth TestJose, DennisKK, JKKK, JK_2018KK, ShintoKK, ShintoKK, ShintoKK, ShintoKringle, KrisLast Name, First NameLast Name, First NameLast Name, First NameLast Name, First NameLast Name, First NameLast Name, First NameLast Name, First NameLast Name, First NameLast Name, First NameLast Name, First NameLast Name, First NameLast Name, First NameLast Name, First NameLast Name, First NameLast Name, First NameLast Name, First NameLast Name, First NameLast Name, First NameLast Name, First Namelast name, namelast name, namelast name, namelast name, namelast name, namelast name, namelast name, namelast, akLast, TestLast, TestLast, TestLast, TestLast, TestLast, TestLast, TestLast, TestLast, TestLast, TestLast, TestLast, TestLast, TestLast, TestLast, TestLast, TestLast, TestLast, TestLast, Testlast111111ghg ghghghlghlglhlglhgll glhglhlghlglhlgl hglhglhlghl lglhglhlghlglhlghlglhlgh lghlghlglhglhlglhgl lghlglhglhlghlglhlghlgllhlluoiouiouoiouoi ujgjlhg;ljhlgkjghjghkljghjghkljhjhjj;lhjh;lj;lh;l, akhil_firstlizana, davidLName, TestingLoehwing, AspasiaLoehwing, AspasiaLoehwing, AspasiaMassa, LucaMcDonald, RenataMcdonald, RenataMcDonald, RenataMcDonald, RenataMdy, ShintoMichaelson, Mikemiriam, jessicaMobile12, MatteoMR, Ajumustaffa, annNcDonald, Renatanuvoli, francescaOggi, VerificoOne, Pandaone, shintoOsborn, AlisonOsborn, AlisonOsborn, AlisonOsborn, AlisonOsborn, AlisonOsborn2, AlisonOzborn, AlisonPaiwonski, LenaPaoletti, FerdinandoPark, AndrewPasina, MassimoPatacca, GiorgioPedini, FedericoPlayer, EdgeCsrContractTestPlayer, PaulPortal, TestPortal, TestProfile, MattProva, TestQA1, ShintoQA1, Testqqq, 13/8/18qqq, qqqqqq, qqqqqqq, qqqR, AjR, AjR, AjanthR, AjanthR, AjanthR, AjanthR, AjanthR, AjanthRabbit, PeterRigamonti, ClaudioRigamonti, NicolaRossi, Francorossi, valeScanferla, CristoforoScarfone, JoeScoduti , Ivanasdfgdfg, sdfgsdgsdg, sdgsdgsdgsdg, sdgsdgsdgsdg, sfgsdfgsdsd, sdssdsd, Test Ajanthsdsdfdf, sddfdfdssdsdfdf, sddfdfdssdsdfdf, sddfdfdssdsdfdf, sddfdfdssdsdfdf, sddfdfdssdsdfdf, sddfdfdssdsdfdf, sddfdfdssdsdfdf, sddfdfdssdsdfdf, sddfdfdssdsdfdf, sddfdfdssdsdfdf, sddfdfdssdsdfdf, sddfdfdssdsdfdf, sddfdfdssdsdfdf, sddfdfdsSeven, PandaSilvesti, DanieleSK, JKSmoke_test, ShintoSmoke2, ShintoSmoke3, shintoSmoke3, shintoSmoke-Test (US), ShintoSmoke-Test (US), ShintoSmoke-Test, ShintoSmoke-Test, ShintoSocio, Secondostick, evasudhan, akhilT, Jessica t, tT, TestAssociateT1000, ShintoT12, ShintoT2, ShintoT40, ShintoATA11, Shintote, TestTest Assosiate, Test AssosiateTest, AjanthTest, AjanthTest, AjanthTest, Ajanth TestTest, Ajath Test123Test, AjTestTest, DennisTest, First nameTest, First nameTest, First nameTest, First nameTest, First nameTest, First nameTest, First nameTest, QA1Test, SeleniumTest, Shintotest, ShintoTest, ShintoTest, ShintoTest, Shinto-QATest, SKtest, testTest, TestTest, TestTest, TestTest, TestTest, TestTest, TestTest, Testtest, TestTest, Vipintest, Vofoxtest1Test1, QATest1, TestTest123, AjanthTest13, matteoTest2, AjanthTest2, Test2Test-2019, ShintoTest-2019, ShintoTest-2019, ShintoTest-2019, ShintoTest-2019, ShintoTest-2019, ShintoTest-2019, ShintoTest-2019, ShintoTest-2019, ShintoTest-2019, ShintoTest-2019, ShintoTest-2019, ShintoTest-2019, ShintoTest-2019, ShintoTest-2019, ShintoTest-2019, ShintoTest-2019, ShintoTest-2019, ShintoTest-2019, ShintoTest-2019, ShintoTest-2019, ShintoTest-2019, ShintoTest-2019, ShintoTest-2020, ShintoTest2040, ShintoTest223, AjanthTest333, AjanthTest4, AjanthTest423, AjanthTest5, Ajanth5Test523, AjanthTest60, ShintoTest623, AjanthtestA, ShintoTestA1, ShintoTestA1, ShintoTest-Associate-V1, Test-Associate-V1Tester, JCTester, JeanTester, JoeTester10, JeanTester11, JeanTester12, JeanTester13, JeanTester14, JeanTester15, JeanTester15, JeanTester16, JeanTester17, JeanTester18, Jean Tester2, Jean Tester21, JeanTester22, JeanTester23, JeanTester24, JeanTester25, JeanTestInvite, TestInvitetestt, testtText Last Name, Text First NameText Last Name, Text First NameText Last Name, Text First NameText Last Name, Text First NameText Last Name, Text First NameText Last Name, Text First NameText Last Name, Text First NameText Last Name, Text First NameText Last Name, Text First NameText Last Name, Text First NameText Last Name, Text First NameText Last Name, Text First NameText Last Name, Text First NameText Last Name, Text First NameText Last Name, Text First NameText Last Name, Text First NameText Last Name, Text First NameText Last Name, Text First NameText Last Name, Text First NameText Last Name, Text First NameText Last Name, Text First NameText Last Name, Text First NameText Last Name, Text First NameText Last Name, Text First NameText Last Name, Text First NameText Last Name, Text First NameText Last Name, Text First NameText Last Name, Text First NameText Last Name, Text First NameText Last Name, Text First Nametg, tjthandassery, akhilThree, PandaTuratti, CristoforoTwo, PandaTwomey, TonyTwomey, Tonyv , dcv Vaixx, IdanVangelica, Dafnevbbbbb, aaaaavbn, bnbvnVersione13, MatteoVertemati, Giovannivhv, rtvnf, vandanavvxvc, pouokiWood, DustyXjx, Dhxdhytytyty, ytyt
          ')]' not found)
	at com.kms.katalon.core.keyword.internal.KeywordMain.stepFailed(KeywordMain.groovy:36)
	at com.kms.katalon.core.webui.keyword.internal.WebUIKeywordMain.stepFailed(WebUIKeywordMain.groovy:65)
	at com.kms.katalon.core.webui.keyword.internal.WebUIKeywordMain.runKeyword(WebUIKeywordMain.groovy:27)
	at com.kms.katalon.core.webui.keyword.builtin.SelectOptionByValueKeyword.selectOptionByValue(SelectOptionByValueKeyword.groovy:99)
	at com.kms.katalon.core.webui.keyword.builtin.SelectOptionByValueKeyword.execute(SelectOptionByValueKeyword.groovy:71)
	at com.kms.katalon.core.keyword.internal.KeywordExecutor.executeKeywordForPlatform(KeywordExecutor.groovy:53)
	at com.kms.katalon.core.webui.keyword.WebUiBuiltInKeywords.selectOptionByValue(WebUiBuiltInKeywords.groovy:1138)
	at com.kms.katalon.core.webui.keyword.WebUiBuiltInKeywords$selectOptionByValue$8.call(Unknown Source)
	at org.codehaus.groovy.runtime.callsite.CallSiteArray.defaultCall(CallSiteArray.java:48)
	at org.codehaus.groovy.runtime.callsite.AbstractCallSite.call(AbstractCallSite.java:113)
	at org.codehaus.groovy.runtime.callsite.AbstractCallSite.call(AbstractCallSite.java:141)
	at Script1540451419881.run(Script1540451419881.groovy:30)
	at com.kms.katalon.core.main.ScriptEngine.run(ScriptEngine.java:183)
	at com.kms.katalon.core.main.ScriptEngine.runScriptAsRawText(ScriptEngine.java:108)
	at com.kms.katalon.core.main.TestCaseExecutor.runScript(TestCaseExecutor.java:294)
	at com.kms.katalon.core.main.TestCaseExecutor.doExecute(TestCaseExecutor.java:285)
	at com.kms.katalon.core.main.TestCaseExecutor.processExecutionPhase(TestCaseExecutor.java:264)
	at com.kms.katalon.core.main.TestCaseExecutor.accessMainPhase(TestCaseExecutor.java:256)
	at com.kms.katalon.core.main.TestCaseExecutor.execute(TestCaseExecutor.java:200)
	at com.kms.katalon.core.main.TestSuiteExecutor.accessTestCaseMainPhase(TestSuiteExecutor.java:129)
	at com.kms.katalon.core.main.TestSuiteExecutor.accessTestSuiteMainPhase(TestSuiteExecutor.java:112)
	at com.kms.katalon.core.main.TestSuiteExecutor.execute(TestSuiteExecutor.java:81)
	at com.kms.katalon.core.main.TestCaseMain.startTestSuite(TestCaseMain.java:142)
	at com.kms.katalon.core.main.TestCaseMain$startTestSuite$0.call(Unknown Source)
	at org.codehaus.groovy.runtime.callsite.CallSiteArray.defaultCall(CallSiteArray.java:48)
	at org.codehaus.groovy.runtime.callsite.AbstractCallSite.call(AbstractCallSite.java:113)
	at org.codehaus.groovy.runtime.callsite.AbstractCallSite.call(AbstractCallSite.java:141)
	at TempTestSuite1542031977124.run(TempTestSuite1542031977124.groovy:36)
	at groovy.lang.GroovyShell.runScriptOrMainOrTestOrRunnable(GroovyShell.java:263)
	at groovy.lang.GroovyShell.run(GroovyShell.java:518)
	at groovy.lang.GroovyShell.run(GroovyShell.java:507)
	at groovy.ui.GroovyMain.processOnce(GroovyMain.java:653)
	at groovy.ui.GroovyMain.run(GroovyMain.java:384)
	at groovy.ui.GroovyMain.process(GroovyMain.java:370)
	at groovy.ui.GroovyMain.processArgs(GroovyMain.java:129)
	at groovy.ui.GroovyMain.main(GroovyMain.java:109)
	at sun.reflect.NativeMethodAccessorImpl.invoke0(Native Method)
	at sun.reflect.NativeMethodAccessorImpl.invoke(NativeMethodAccessorImpl.java:62)
	at sun.reflect.DelegatingMethodAccessorImpl.invoke(DelegatingMethodAccessorImpl.java:43)
	at java.lang.reflect.Method.invoke(Method.java:498)
	at org.codehaus.groovy.tools.GroovyStarter.rootLoader(GroovyStarter.java:109)
	at org.codehaus.groovy.tools.GroovyStarter.main(GroovyStarter.java:131)
)"/>
         <system-out><![CDATA[2018-11-12 20:01:38 - [TEST_CASE][FAILED] - Test Cases/Associate Application/My Downline/TCBA01606: Test Cases/Associate Application/My Downline/TCBA01606 FAILED because (of) (Stack trace: com.kms.katalon.core.exception.StepFailedException: Unable to select option by value 'Test, Shinto-QA' of object 'Object Repository/My Downline/Page_My Downline  5-15/select_Select Sponsor'  using regular expression (Root cause: com.kms.katalon.core.webui.exception.WebElementNotFoundException: Web element with id: 'Object Repository/My Downline/Page_My Downline  5-15/select_Select Sponsor' located by 'By.xpath: //select[(text() = '
            Select Sponsor
             17, test Text Last Name,  Text First Name@@4434345@@@@@@@, pers11, Test111111, 111111212, 1211212, 12121212, 2121221, 212112345, Shinto12345, Shinto15, test18, test20, test200, 100200, Acc1002000, 100020000, 100020000, 1000020180725, Greg2020, Shinto2025, Shinto212, shinto212121, 212121222222, 33333323232, 323233, 231, test32323, 33232332, Test4434, 4521444, 444450, test51, testA, TestA1, ShintoAB, ShintoAB, ShintoAbc, testAbino, AntonioAgnese, IvanoAjanth, TestAjTest, TestAjAnalogo, MatteoArzuffi, Fabioasdas, sdasdAsf, 1000asg, asfAssociate, DuplicateAssociate, Test Badaduchi, JoeyBalbusso, GiacomoBalduzzi, GiacomoBandini, Georgebar, idanBar, Idanbar, idanBar, Idanbar, idanbar, idanBelotti, LuigiBeluschi, MarcoBenedetti, MarcelloBertolazza, GiuseppeBianchi, BiancaBing, Bella Blow, Joe Blow, JoeBlow, JoeBobev, Bobiboy, ya Bressani, FlaviaBrightly, AlanCarnevale, DaniloChalupsky, PaulChelin5, Jean5Cherchi, Stefanoclegane, aidaConti, CarloContractSignTest, EdgeCrickets, JiminyDamiani, ViolaDaniels, DanDat, TestData, TestDatabase, TestDDD, DDDDee, AlisonDeMotts, RobDeMotts, Rob2Demotts2, Rob2DeMotts3, Robertdennis test, dennis testDennis Test, Dennis TestDennis test2, Dennis test2dennis, dennisdh, dgfDias, Jose diaz, jddiff, akhilDoakes, JoeDoe, JohnDoe, JohnDoe, JohnDoe, JohnDoe, JohnDoe, JohnDoe, Johndoe, JohnDoe, JohnDoe, JohnDoe, JohnDoe, JohnDoe, JohnDoe, John Doe, John Doe, JohnDoe, JohnDoe, JohnDoe, JohnDoe, JohnDoe, JohnDoe, JohnDoe, JohnDoe, JuliaDoe, LeslieDoe, TestDoekeses, Johndsds, dsdsDunn, JuliaDyas, JerryDyas, JimEight, PandaEisenman, Hansemanuela, emanuelaemanuela, emanuelaEnglish, MatteoF, TonyFeinstein, JackFernandi, Robertofff, fffFive, PandaFour, Pandafrancesco, francescoG, DeniseG, Gregg, JerryG, Matteo 1/1/1980Galbiati, MatteoGalbiati, MatteoGalbiati, MatteoGalbiati, MatteoGalbiati, Matteo(gmail test)Galbiati11-23, Matteo3-30Galbiati2, Matteo2Galbiato, Matteogallinari, IvoGentile, DeniseGentile, Denise Gentile, Denise gjgj, gghdjGreen, JoeGum, BirthdateShouldBe20000101Gum, BTest3Gum, GregGum, GregGum, GregGum, GregGum, GregGum, GregGum, Greg_0608Gum, Greg_2018-09-17Gum, Greg_triggerTestGum, Greg_TriggerTest2gum, Greg0608AGum, Greg0608CGum, Greg0609Gum, Greg2018-09-22Gum, GregoryGum, Test2BirthdayShouldBe20000101Gum11, Greg11Gum19, Greg19Gum22, Greg22Gum22, Greg22Gum234, Greg234Gum44, GregGum44, Greg44Gum46, Greg46Gum5, Greg5Gum5, Greg5Gum51, Greg51Gum55, Greg22Gum55, Greg55Gum55, Greg55Gum55, Greg55Gum55, Greg55Gum6, Greg6Gum66, Greg66Gum66, Greg66Gum77, Greg77Gum77A, Greg77AGum78, Greg78Gum8, Greg8gum87, Greg87Gum88, Greg88Gum99, Greg99Gum99, Greg99Gum999, Greg999hil, akIE, MatteoIl Terzo, matteoJ, DJk, AbcdJK, QA1JK, ShintoJK, ShintoJK, ShintoJK, ShintoJK, ShintoJK, ShintoJK, ShintoJK, ShintoJK, ShintoJK, ShintoJK, ShintoJK, ShintoJK, ShintoJK, ShintoJK, ShintoJK, ShintoJK, ShintoJK, ShintoJK, ShintoJK, ShintoJK, ShintoJK, ShintoJK, ShintoJK, ShintoJK, ShintoJK, ShintoJK, shintoJK, ShintoJK, ShintoJK, ShintoJK, ShintoJK, ShintoJK, ShintoJK, Shinto-test3JK, TesterJK-2018, ShintoJK-2020, ShintoJK-2020, ShintoJones, JoeJose, Ajanth TestJose, DennisKK, JKKK, JK_2018KK, ShintoKK, ShintoKK, ShintoKK, ShintoKringle, KrisLast Name, First NameLast Name, First NameLast Name, First NameLast Name, First NameLast Name, First NameLast Name, First NameLast Name, First NameLast Name, First NameLast Name, First NameLast Name, First NameLast Name, First NameLast Name, First NameLast Name, First NameLast Name, First NameLast Name, First NameLast Name, First NameLast Name, First NameLast Name, First NameLast Name, First Namelast name, namelast name, namelast name, namelast name, namelast name, namelast name, namelast name, namelast, akLast, TestLast, TestLast, TestLast, TestLast, TestLast, TestLast, TestLast, TestLast, TestLast, TestLast, TestLast, TestLast, TestLast, TestLast, TestLast, TestLast, TestLast, TestLast, Testlast111111ghg ghghghlghlglhlglhgll glhglhlghlglhlgl hglhglhlghl lglhglhlghlglhlghlglhlgh lghlghlglhglhlglhgl lghlglhglhlghlglhlghlgllhlluoiouiouoiouoi ujgjlhg;ljhlgkjghjghkljghjghkljhjhjj;lhjh;lj;lh;l, akhil_firstlizana, davidLName, TestingLoehwing, AspasiaLoehwing, AspasiaLoehwing, AspasiaMassa, LucaMcDonald, RenataMcdonald, RenataMcDonald, RenataMcDonald, RenataMdy, ShintoMichaelson, Mikemiriam, jessicaMobile12, MatteoMR, Ajumustaffa, annNcDonald, Renatanuvoli, francescaOggi, VerificoOne, Pandaone, shintoOsborn, AlisonOsborn, AlisonOsborn, AlisonOsborn, AlisonOsborn, AlisonOsborn2, AlisonOzborn, AlisonPaiwonski, LenaPaoletti, FerdinandoPark, AndrewPasina, MassimoPatacca, GiorgioPedini, FedericoPlayer, EdgeCsrContractTestPlayer, PaulPortal, TestPortal, TestProfile, MattProva, TestQA1, ShintoQA1, Testqqq, 13/8/18qqq, qqqqqq, qqqqqqq, qqqR, AjR, AjR, AjanthR, AjanthR, AjanthR, AjanthR, AjanthR, AjanthRabbit, PeterRigamonti, ClaudioRigamonti, NicolaRossi, Francorossi, valeScanferla, CristoforoScarfone, JoeScoduti , Ivanasdfgdfg, sdfgsdgsdg, sdgsdgsdgsdg, sdgsdgsdgsdg, sfgsdfgsdsd, sdssdsd, Test Ajanthsdsdfdf, sddfdfdssdsdfdf, sddfdfdssdsdfdf, sddfdfdssdsdfdf, sddfdfdssdsdfdf, sddfdfdssdsdfdf, sddfdfdssdsdfdf, sddfdfdssdsdfdf, sddfdfdssdsdfdf, sddfdfdssdsdfdf, sddfdfdssdsdfdf, sddfdfdssdsdfdf, sddfdfdssdsdfdf, sddfdfdssdsdfdf, sddfdfdsSeven, PandaSilvesti, DanieleSK, JKSmoke_test, ShintoSmoke2, ShintoSmoke3, shintoSmoke3, shintoSmoke-Test (US), ShintoSmoke-Test (US), ShintoSmoke-Test, ShintoSmoke-Test, ShintoSocio, Secondostick, evasudhan, akhilT, Jessica t, tT, TestAssociateT1000, ShintoT12, ShintoT2, ShintoT40, ShintoATA11, Shintote, TestTest Assosiate, Test AssosiateTest, AjanthTest, AjanthTest, AjanthTest, Ajanth TestTest, Ajath Test123Test, AjTestTest, DennisTest, First nameTest, First nameTest, First nameTest, First nameTest, First nameTest, First nameTest, First nameTest, QA1Test, SeleniumTest, Shintotest, ShintoTest, ShintoTest, ShintoTest, Shinto-QATest, SKtest, testTest, TestTest, TestTest, TestTest, TestTest, TestTest, TestTest, Testtest, TestTest, Vipintest, Vofoxtest1Test1, QATest1, TestTest123, AjanthTest13, matteoTest2, AjanthTest2, Test2Test-2019, ShintoTest-2019, ShintoTest-2019, ShintoTest-2019, ShintoTest-2019, ShintoTest-2019, ShintoTest-2019, ShintoTest-2019, ShintoTest-2019, ShintoTest-2019, ShintoTest-2019, ShintoTest-2019, ShintoTest-2019, ShintoTest-2019, ShintoTest-2019, ShintoTest-2019, ShintoTest-2019, ShintoTest-2019, ShintoTest-2019, ShintoTest-2019, ShintoTest-2019, ShintoTest-2019, ShintoTest-2019, ShintoTest-2020, ShintoTest2040, ShintoTest223, AjanthTest333, AjanthTest4, AjanthTest423, AjanthTest5, Ajanth5Test523, AjanthTest60, ShintoTest623, AjanthtestA, ShintoTestA1, ShintoTestA1, ShintoTest-Associate-V1, Test-Associate-V1Tester, JCTester, JeanTester, JoeTester10, JeanTester11, JeanTester12, JeanTester13, JeanTester14, JeanTester15, JeanTester15, JeanTester16, JeanTester17, JeanTester18, Jean Tester2, Jean Tester21, JeanTester22, JeanTester23, JeanTester24, JeanTester25, JeanTestInvite, TestInvitetestt, testtText Last Name, Text First NameText Last Name, Text First NameText Last Name, Text First NameText Last Name, Text First NameText Last Name, Text First NameText Last Name, Text First NameText Last Name, Text First NameText Last Name, Text First NameText Last Name, Text First NameText Last Name, Text First NameText Last Name, Text First NameText Last Name, Text First NameText Last Name, Text First NameText Last Name, Text First NameText Last Name, Text First NameText Last Name, Text First NameText Last Name, Text First NameText Last Name, Text First NameText Last Name, Text First NameText Last Name, Text First NameText Last Name, Text First NameText Last Name, Text First NameText Last Name, Text First NameText Last Name, Text First NameText Last Name, Text First NameText Last Name, Text First NameText Last Name, Text First NameText Last Name, Text First NameText Last Name, Text First NameText Last Name, Text First Nametg, tjthandassery, akhilThree, PandaTuratti, CristoforoTwo, PandaTwomey, TonyTwomey, Tonyv , dcv Vaixx, IdanVangelica, Dafnevbbbbb, aaaaavbn, bnbvnVersione13, MatteoVertemati, Giovannivhv, rtvnf, vandanavvxvc, pouokiWood, DustyXjx, Dhxdhytytyty, ytyt
          ' or . = '
            Select Sponsor
             17, test Text Last Name,  Text First Name@@4434345@@@@@@@, pers11, Test111111, 111111212, 1211212, 12121212, 2121221, 212112345, Shinto12345, Shinto15, test18, test20, test200, 100200, Acc1002000, 100020000, 100020000, 1000020180725, Greg2020, Shinto2025, Shinto212, shinto212121, 212121222222, 33333323232, 323233, 231, test32323, 33232332, Test4434, 4521444, 444450, test51, testA, TestA1, ShintoAB, ShintoAB, ShintoAbc, testAbino, AntonioAgnese, IvanoAjanth, TestAjTest, TestAjAnalogo, MatteoArzuffi, Fabioasdas, sdasdAsf, 1000asg, asfAssociate, DuplicateAssociate, Test Badaduchi, JoeyBalbusso, GiacomoBalduzzi, GiacomoBandini, Georgebar, idanBar, Idanbar, idanBar, Idanbar, idanbar, idanBelotti, LuigiBeluschi, MarcoBenedetti, MarcelloBertolazza, GiuseppeBianchi, BiancaBing, Bella Blow, Joe Blow, JoeBlow, JoeBobev, Bobiboy, ya Bressani, FlaviaBrightly, AlanCarnevale, DaniloChalupsky, PaulChelin5, Jean5Cherchi, Stefanoclegane, aidaConti, CarloContractSignTest, EdgeCrickets, JiminyDamiani, ViolaDaniels, DanDat, TestData, TestDatabase, TestDDD, DDDDee, AlisonDeMotts, RobDeMotts, Rob2Demotts2, Rob2DeMotts3, Robertdennis test, dennis testDennis Test, Dennis TestDennis test2, Dennis test2dennis, dennisdh, dgfDias, Jose diaz, jddiff, akhilDoakes, JoeDoe, JohnDoe, JohnDoe, JohnDoe, JohnDoe, JohnDoe, JohnDoe, Johndoe, JohnDoe, JohnDoe, JohnDoe, JohnDoe, JohnDoe, JohnDoe, John Doe, John Doe, JohnDoe, JohnDoe, JohnDoe, JohnDoe, JohnDoe, JohnDoe, JohnDoe, JohnDoe, JuliaDoe, LeslieDoe, TestDoekeses, Johndsds, dsdsDunn, JuliaDyas, JerryDyas, JimEight, PandaEisenman, Hansemanuela, emanuelaemanuela, emanuelaEnglish, MatteoF, TonyFeinstein, JackFernandi, Robertofff, fffFive, PandaFour, Pandafrancesco, francescoG, DeniseG, Gregg, JerryG, Matteo 1/1/1980Galbiati, MatteoGalbiati, MatteoGalbiati, MatteoGalbiati, MatteoGalbiati, Matteo(gmail test)Galbiati11-23, Matteo3-30Galbiati2, Matteo2Galbiato, Matteogallinari, IvoGentile, DeniseGentile, Denise Gentile, Denise gjgj, gghdjGreen, JoeGum, BirthdateShouldBe20000101Gum, BTest3Gum, GregGum, GregGum, GregGum, GregGum, GregGum, GregGum, Greg_0608Gum, Greg_2018-09-17Gum, Greg_triggerTestGum, Greg_TriggerTest2gum, Greg0608AGum, Greg0608CGum, Greg0609Gum, Greg2018-09-22Gum, GregoryGum, Test2BirthdayShouldBe20000101Gum11, Greg11Gum19, Greg19Gum22, Greg22Gum22, Greg22Gum234, Greg234Gum44, GregGum44, Greg44Gum46, Greg46Gum5, Greg5Gum5, Greg5Gum51, Greg51Gum55, Greg22Gum55, Greg55Gum55, Greg55Gum55, Greg55Gum55, Greg55Gum6, Greg6Gum66, Greg66Gum66, Greg66Gum77, Greg77Gum77A, Greg77AGum78, Greg78Gum8, Greg8gum87, Greg87Gum88, Greg88Gum99, Greg99Gum99, Greg99Gum999, Greg999hil, akIE, MatteoIl Terzo, matteoJ, DJk, AbcdJK, QA1JK, ShintoJK, ShintoJK, ShintoJK, ShintoJK, ShintoJK, ShintoJK, ShintoJK, ShintoJK, ShintoJK, ShintoJK, ShintoJK, ShintoJK, ShintoJK, ShintoJK, ShintoJK, ShintoJK, ShintoJK, ShintoJK, ShintoJK, ShintoJK, ShintoJK, ShintoJK, ShintoJK, ShintoJK, ShintoJK, ShintoJK, shintoJK, ShintoJK, ShintoJK, ShintoJK, ShintoJK, ShintoJK, ShintoJK, Shinto-test3JK, TesterJK-2018, ShintoJK-2020, ShintoJK-2020, ShintoJones, JoeJose, Ajanth TestJose, DennisKK, JKKK, JK_2018KK, ShintoKK, ShintoKK, ShintoKK, ShintoKringle, KrisLast Name, First NameLast Name, First NameLast Name, First NameLast Name, First NameLast Name, First NameLast Name, First NameLast Name, First NameLast Name, First NameLast Name, First NameLast Name, First NameLast Name, First NameLast Name, First NameLast Name, First NameLast Name, First NameLast Name, First NameLast Name, First NameLast Name, First NameLast Name, First NameLast Name, First Namelast name, namelast name, namelast name, namelast name, namelast name, namelast name, namelast name, namelast, akLast, TestLast, TestLast, TestLast, TestLast, TestLast, TestLast, TestLast, TestLast, TestLast, TestLast, TestLast, TestLast, TestLast, TestLast, TestLast, TestLast, TestLast, TestLast, Testlast111111ghg ghghghlghlglhlglhgll glhglhlghlglhlgl hglhglhlghl lglhglhlghlglhlghlglhlgh lghlghlglhglhlglhgl lghlglhglhlghlglhlghlgllhlluoiouiouoiouoi ujgjlhg;ljhlgkjghjghkljghjghkljhjhjj;lhjh;lj;lh;l, akhil_firstlizana, davidLName, TestingLoehwing, AspasiaLoehwing, AspasiaLoehwing, AspasiaMassa, LucaMcDonald, RenataMcdonald, RenataMcDonald, RenataMcDonald, RenataMdy, ShintoMichaelson, Mikemiriam, jessicaMobile12, MatteoMR, Ajumustaffa, annNcDonald, Renatanuvoli, francescaOggi, VerificoOne, Pandaone, shintoOsborn, AlisonOsborn, AlisonOsborn, AlisonOsborn, AlisonOsborn, AlisonOsborn2, AlisonOzborn, AlisonPaiwonski, LenaPaoletti, FerdinandoPark, AndrewPasina, MassimoPatacca, GiorgioPedini, FedericoPlayer, EdgeCsrContractTestPlayer, PaulPortal, TestPortal, TestProfile, MattProva, TestQA1, ShintoQA1, Testqqq, 13/8/18qqq, qqqqqq, qqqqqqq, qqqR, AjR, AjR, AjanthR, AjanthR, AjanthR, AjanthR, AjanthR, AjanthRabbit, PeterRigamonti, ClaudioRigamonti, NicolaRossi, Francorossi, valeScanferla, CristoforoScarfone, JoeScoduti , Ivanasdfgdfg, sdfgsdgsdg, sdgsdgsdgsdg, sdgsdgsdgsdg, sfgsdfgsdsd, sdssdsd, Test Ajanthsdsdfdf, sddfdfdssdsdfdf, sddfdfdssdsdfdf, sddfdfdssdsdfdf, sddfdfdssdsdfdf, sddfdfdssdsdfdf, sddfdfdssdsdfdf, sddfdfdssdsdfdf, sddfdfdssdsdfdf, sddfdfdssdsdfdf, sddfdfdssdsdfdf, sddfdfdssdsdfdf, sddfdfdssdsdfdf, sddfdfdssdsdfdf, sddfdfdsSeven, PandaSilvesti, DanieleSK, JKSmoke_test, ShintoSmoke2, ShintoSmoke3, shintoSmoke3, shintoSmoke-Test (US), ShintoSmoke-Test (US), ShintoSmoke-Test, ShintoSmoke-Test, ShintoSocio, Secondostick, evasudhan, akhilT, Jessica t, tT, TestAssociateT1000, ShintoT12, ShintoT2, ShintoT40, ShintoATA11, Shintote, TestTest Assosiate, Test AssosiateTest, AjanthTest, AjanthTest, AjanthTest, Ajanth TestTest, Ajath Test123Test, AjTestTest, DennisTest, First nameTest, First nameTest, First nameTest, First nameTest, First nameTest, First nameTest, First nameTest, QA1Test, SeleniumTest, Shintotest, ShintoTest, ShintoTest, ShintoTest, Shinto-QATest, SKtest, testTest, TestTest, TestTest, TestTest, TestTest, TestTest, TestTest, Testtest, TestTest, Vipintest, Vofoxtest1Test1, QATest1, TestTest123, AjanthTest13, matteoTest2, AjanthTest2, Test2Test-2019, ShintoTest-2019, ShintoTest-2019, ShintoTest-2019, ShintoTest-2019, ShintoTest-2019, ShintoTest-2019, ShintoTest-2019, ShintoTest-2019, ShintoTest-2019, ShintoTest-2019, ShintoTest-2019, ShintoTest-2019, ShintoTest-2019, ShintoTest-2019, ShintoTest-2019, ShintoTest-2019, ShintoTest-2019, ShintoTest-2019, ShintoTest-2019, ShintoTest-2019, ShintoTest-2019, ShintoTest-2019, ShintoTest-2020, ShintoTest2040, ShintoTest223, AjanthTest333, AjanthTest4, AjanthTest423, AjanthTest5, Ajanth5Test523, AjanthTest60, ShintoTest623, AjanthtestA, ShintoTestA1, ShintoTestA1, ShintoTest-Associate-V1, Test-Associate-V1Tester, JCTester, JeanTester, JoeTester10, JeanTester11, JeanTester12, JeanTester13, JeanTester14, JeanTester15, JeanTester15, JeanTester16, JeanTester17, JeanTester18, Jean Tester2, Jean Tester21, JeanTester22, JeanTester23, JeanTester24, JeanTester25, JeanTestInvite, TestInvitetestt, testtText Last Name, Text First NameText Last Name, Text First NameText Last Name, Text First NameText Last Name, Text First NameText Last Name, Text First NameText Last Name, Text First NameText Last Name, Text First NameText Last Name, Text First NameText Last Name, Text First NameText Last Name, Text First NameText Last Name, Text First NameText Last Name, Text First NameText Last Name, Text First NameText Last Name, Text First NameText Last Name, Text First NameText Last Name, Text First NameText Last Name, Text First NameText Last Name, Text First NameText Last Name, Text First NameText Last Name, Text First NameText Last Name, Text First NameText Last Name, Text First NameText Last Name, Text First NameText Last Name, Text First NameText Last Name, Text First NameText Last Name, Text First NameText Last Name, Text First NameText Last Name, Text First NameText Last Name, Text First NameText Last Name, Text First Nametg, tjthandassery, akhilThree, PandaTuratti, CristoforoTwo, PandaTwomey, TonyTwomey, Tonyv , dcv Vaixx, IdanVangelica, Dafnevbbbbb, aaaaavbn, bnbvnVersione13, MatteoVertemati, Giovannivhv, rtvnf, vandanavvxvc, pouokiWood, DustyXjx, Dhxdhytytyty, ytyt
          ')]' not found)
	at com.kms.katalon.core.keyword.internal.KeywordMain.stepFailed(KeywordMain.groovy:36)
	at com.kms.katalon.core.webui.keyword.internal.WebUIKeywordMain.stepFailed(WebUIKeywordMain.groovy:65)
	at com.kms.katalon.core.webui.keyword.internal.WebUIKeywordMain.runKeyword(WebUIKeywordMain.groovy:27)
	at com.kms.katalon.core.webui.keyword.builtin.SelectOptionByValueKeyword.selectOptionByValue(SelectOptionByValueKeyword.groovy:99)
	at com.kms.katalon.core.webui.keyword.builtin.SelectOptionByValueKeyword.execute(SelectOptionByValueKeyword.groovy:71)
	at com.kms.katalon.core.keyword.internal.KeywordExecutor.executeKeywordForPlatform(KeywordExecutor.groovy:53)
	at com.kms.katalon.core.webui.keyword.WebUiBuiltInKeywords.selectOptionByValue(WebUiBuiltInKeywords.groovy:1138)
	at com.kms.katalon.core.webui.keyword.WebUiBuiltInKeywords$selectOptionByValue$8.call(Unknown Source)
	at org.codehaus.groovy.runtime.callsite.CallSiteArray.defaultCall(CallSiteArray.java:48)
	at org.codehaus.groovy.runtime.callsite.AbstractCallSite.call(AbstractCallSite.java:113)
	at org.codehaus.groovy.runtime.callsite.AbstractCallSite.call(AbstractCallSite.java:141)
	at Script1540451419881.run(Script1540451419881.groovy:30)
	at com.kms.katalon.core.main.ScriptEngine.run(ScriptEngine.java:183)
	at com.kms.katalon.core.main.ScriptEngine.runScriptAsRawText(ScriptEngine.java:108)
	at com.kms.katalon.core.main.TestCaseExecutor.runScript(TestCaseExecutor.java:294)
	at com.kms.katalon.core.main.TestCaseExecutor.doExecute(TestCaseExecutor.java:285)
	at com.kms.katalon.core.main.TestCaseExecutor.processExecutionPhase(TestCaseExecutor.java:264)
	at com.kms.katalon.core.main.TestCaseExecutor.accessMainPhase(TestCaseExecutor.java:256)
	at com.kms.katalon.core.main.TestCaseExecutor.execute(TestCaseExecutor.java:200)
	at com.kms.katalon.core.main.TestSuiteExecutor.accessTestCaseMainPhase(TestSuiteExecutor.java:129)
	at com.kms.katalon.core.main.TestSuiteExecutor.accessTestSuiteMainPhase(TestSuiteExecutor.java:112)
	at com.kms.katalon.core.main.TestSuiteExecutor.execute(TestSuiteExecutor.java:81)
	at com.kms.katalon.core.main.TestCaseMain.startTestSuite(TestCaseMain.java:142)
	at com.kms.katalon.core.main.TestCaseMain$startTestSuite$0.call(Unknown Source)
	at org.codehaus.groovy.runtime.callsite.CallSiteArray.defaultCall(CallSiteArray.java:48)
	at org.codehaus.groovy.runtime.callsite.AbstractCallSite.call(AbstractCallSite.java:113)
	at org.codehaus.groovy.runtime.callsite.AbstractCallSite.call(AbstractCallSite.java:141)
	at TempTestSuite1542031977124.run(TempTestSuite1542031977124.groovy:36)
	at groovy.lang.GroovyShell.runScriptOrMainOrTestOrRunnable(GroovyShell.java:263)
	at groovy.lang.GroovyShell.run(GroovyShell.java:518)
	at groovy.lang.GroovyShell.run(GroovyShell.java:507)
	at groovy.ui.GroovyMain.processOnce(GroovyMain.java:653)
	at groovy.ui.GroovyMain.run(GroovyMain.java:384)
	at groovy.ui.GroovyMain.process(GroovyMain.java:370)
	at groovy.ui.GroovyMain.processArgs(GroovyMain.java:129)
	at groovy.ui.GroovyMain.main(GroovyMain.java:109)
	at sun.reflect.NativeMethodAccessorImpl.invoke0(Native Method)
	at sun.reflect.NativeMethodAccessorImpl.invoke(NativeMethodAccessorImpl.java:62)
	at sun.reflect.DelegatingMethodAccessorImpl.invoke(DelegatingMethodAccessorImpl.java:43)
	at java.lang.reflect.Method.invoke(Method.java:498)
	at org.codehaus.groovy.tools.GroovyStarter.rootLoader(GroovyStarter.java:109)
	at org.codehaus.groovy.tools.GroovyStarter.main(GroovyStarter.java:131)
)

2018-11-12 20:01:38 - [TEST_STEP][PASSED] - click: Object: 'Object Repository/My Downline/Page_My Downline  5-15/span_Summary' is clicked on

2018-11-12 20:01:38 - [MESSAGE][PASSED] - Object: 'Object Repository/My Downline/Page_My Downline  5-15/span_Summary' is clicked on

2018-11-12 20:01:38 - [TEST_STEP][PASSED] - verifyElementText: Actual text and expected text of test object 'Object Repository/My Downline/Page_My Downline  5-15/h3_Summary' are matched.

2018-11-12 20:01:38 - [MESSAGE][PASSED] - Actual text and expected text of test object 'Object Repository/My Downline/Page_My Downline  5-15/h3_Summary' are matched.

2018-11-12 20:01:38 - [TEST_STEP][PASSED] - verifyElementText: Actual text and expected text of test object 'Object Repository/My Downline/Page_My Downline  5-15/label_Sponsor' are matched.

2018-11-12 20:01:38 - [MESSAGE][PASSED] - Actual text and expected text of test object 'Object Repository/My Downline/Page_My Downline  5-15/label_Sponsor' are matched.

2018-11-12 20:01:38 - [TEST_STEP][PASSED] - verifyElementText: Actual text and expected text of test object 'Object Repository/My Downline/Page_My Downline  5-15/Summary Filter button' are matched.

2018-11-12 20:01:38 - [MESSAGE][PASSED] - Actual text and expected text of test object 'Object Repository/My Downline/Page_My Downline  5-15/Summary Filter button' are matched.

2018-11-12 20:01:38 - [TEST_STEP][PASSED] - verifyElementText: Actual text and expected text of test object 'Object Repository/My Downline/Page_My Downline  5-15/h3_Energy Accounts' are matched.

2018-11-12 20:01:38 - [MESSAGE][PASSED] - Actual text and expected text of test object 'Object Repository/My Downline/Page_My Downline  5-15/h3_Energy Accounts' are matched.

2018-11-12 20:01:38 - [TEST_STEP][PASSED] - verifyElementText: Actual text and expected text of test object 'Object Repository/My Downline/Page_My Downline  5-15/h3_Associates' are matched.

2018-11-12 20:01:38 - [MESSAGE][PASSED] - Actual text and expected text of test object 'Object Repository/My Downline/Page_My Downline  5-15/h3_Associates' are matched.

2018-11-12 20:01:38 - [TEST_STEP][PASSED] - verifyElementText: Actual text and expected text of test object 'Object Repository/My Downline/Page_My Downline  5-15/div_Level' are matched.

2018-11-12 20:01:38 - [MESSAGE][PASSED] - Actual text and expected text of test object 'Object Repository/My Downline/Page_My Downline  5-15/div_Level' are matched.

2018-11-12 20:01:38 - [TEST_STEP][FAILED] - selectOptionByValue: Unable to select option by value 'Test, Shinto-QA' of object 'Object Repository/My Downline/Page_My Downline  5-15/select_Select Sponsor'  using regular expression (Root cause: com.kms.katalon.core.webui.exception.WebElementNotFoundException: Web element with id: 'Object Repository/My Downline/Page_My Downline  5-15/select_Select Sponsor' located by 'By.xpath: //select[(text() = '
            Select Sponsor
             17, test Text Last Name,  Text First Name@@4434345@@@@@@@, pers11, Test111111, 111111212, 1211212, 12121212, 2121221, 212112345, Shinto12345, Shinto15, test18, test20, test200, 100200, Acc1002000, 100020000, 100020000, 1000020180725, Greg2020, Shinto2025, Shinto212, shinto212121, 212121222222, 33333323232, 323233, 231, test32323, 33232332, Test4434, 4521444, 444450, test51, testA, TestA1, ShintoAB, ShintoAB, ShintoAbc, testAbino, AntonioAgnese, IvanoAjanth, TestAjTest, TestAjAnalogo, MatteoArzuffi, Fabioasdas, sdasdAsf, 1000asg, asfAssociate, DuplicateAssociate, Test Badaduchi, JoeyBalbusso, GiacomoBalduzzi, GiacomoBandini, Georgebar, idanBar, Idanbar, idanBar, Idanbar, idanbar, idanBelotti, LuigiBeluschi, MarcoBenedetti, MarcelloBertolazza, GiuseppeBianchi, BiancaBing, Bella Blow, Joe Blow, JoeBlow, JoeBobev, Bobiboy, ya Bressani, FlaviaBrightly, AlanCarnevale, DaniloChalupsky, PaulChelin5, Jean5Cherchi, Stefanoclegane, aidaConti, CarloContractSignTest, EdgeCrickets, JiminyDamiani, ViolaDaniels, DanDat, TestData, TestDatabase, TestDDD, DDDDee, AlisonDeMotts, RobDeMotts, Rob2Demotts2, Rob2DeMotts3, Robertdennis test, dennis testDennis Test, Dennis TestDennis test2, Dennis test2dennis, dennisdh, dgfDias, Jose diaz, jddiff, akhilDoakes, JoeDoe, JohnDoe, JohnDoe, JohnDoe, JohnDoe, JohnDoe, JohnDoe, Johndoe, JohnDoe, JohnDoe, JohnDoe, JohnDoe, JohnDoe, JohnDoe, John Doe, John Doe, JohnDoe, JohnDoe, JohnDoe, JohnDoe, JohnDoe, JohnDoe, JohnDoe, JohnDoe, JuliaDoe, LeslieDoe, TestDoekeses, Johndsds, dsdsDunn, JuliaDyas, JerryDyas, JimEight, PandaEisenman, Hansemanuela, emanuelaemanuela, emanuelaEnglish, MatteoF, TonyFeinstein, JackFernandi, Robertofff, fffFive, PandaFour, Pandafrancesco, francescoG, DeniseG, Gregg, JerryG, Matteo 1/1/1980Galbiati, MatteoGalbiati, MatteoGalbiati, MatteoGalbiati, MatteoGalbiati, Matteo(gmail test)Galbiati11-23, Matteo3-30Galbiati2, Matteo2Galbiato, Matteogallinari, IvoGentile, DeniseGentile, Denise Gentile, Denise gjgj, gghdjGreen, JoeGum, BirthdateShouldBe20000101Gum, BTest3Gum, GregGum, GregGum, GregGum, GregGum, GregGum, GregGum, Greg_0608Gum, Greg_2018-09-17Gum, Greg_triggerTestGum, Greg_TriggerTest2gum, Greg0608AGum, Greg0608CGum, Greg0609Gum, Greg2018-09-22Gum, GregoryGum, Test2BirthdayShouldBe20000101Gum11, Greg11Gum19, Greg19Gum22, Greg22Gum22, Greg22Gum234, Greg234Gum44, GregGum44, Greg44Gum46, Greg46Gum5, Greg5Gum5, Greg5Gum51, Greg51Gum55, Greg22Gum55, Greg55Gum55, Greg55Gum55, Greg55Gum55, Greg55Gum6, Greg6Gum66, Greg66Gum66, Greg66Gum77, Greg77Gum77A, Greg77AGum78, Greg78Gum8, Greg8gum87, Greg87Gum88, Greg88Gum99, Greg99Gum99, Greg99Gum999, Greg999hil, akIE, MatteoIl Terzo, matteoJ, DJk, AbcdJK, QA1JK, ShintoJK, ShintoJK, ShintoJK, ShintoJK, ShintoJK, ShintoJK, ShintoJK, ShintoJK, ShintoJK, ShintoJK, ShintoJK, ShintoJK, ShintoJK, ShintoJK, ShintoJK, ShintoJK, ShintoJK, ShintoJK, ShintoJK, ShintoJK, ShintoJK, ShintoJK, ShintoJK, ShintoJK, ShintoJK, ShintoJK, shintoJK, ShintoJK, ShintoJK, ShintoJK, ShintoJK, ShintoJK, ShintoJK, Shinto-test3JK, TesterJK-2018, ShintoJK-2020, ShintoJK-2020, ShintoJones, JoeJose, Ajanth TestJose, DennisKK, JKKK, JK_2018KK, ShintoKK, ShintoKK, ShintoKK, ShintoKringle, KrisLast Name, First NameLast Name, First NameLast Name, First NameLast Name, First NameLast Name, First NameLast Name, First NameLast Name, First NameLast Name, First NameLast Name, First NameLast Name, First NameLast Name, First NameLast Name, First NameLast Name, First NameLast Name, First NameLast Name, First NameLast Name, First NameLast Name, First NameLast Name, First NameLast Name, First Namelast name, namelast name, namelast name, namelast name, namelast name, namelast name, namelast name, namelast, akLast, TestLast, TestLast, TestLast, TestLast, TestLast, TestLast, TestLast, TestLast, TestLast, TestLast, TestLast, TestLast, TestLast, TestLast, TestLast, TestLast, TestLast, TestLast, Testlast111111ghg ghghghlghlglhlglhgll glhglhlghlglhlgl hglhglhlghl lglhglhlghlglhlghlglhlgh lghlghlglhglhlglhgl lghlglhglhlghlglhlghlgllhlluoiouiouoiouoi ujgjlhg;ljhlgkjghjghkljghjghkljhjhjj;lhjh;lj;lh;l, akhil_firstlizana, davidLName, TestingLoehwing, AspasiaLoehwing, AspasiaLoehwing, AspasiaMassa, LucaMcDonald, RenataMcdonald, RenataMcDonald, RenataMcDonald, RenataMdy, ShintoMichaelson, Mikemiriam, jessicaMobile12, MatteoMR, Ajumustaffa, annNcDonald, Renatanuvoli, francescaOggi, VerificoOne, Pandaone, shintoOsborn, AlisonOsborn, AlisonOsborn, AlisonOsborn, AlisonOsborn, AlisonOsborn2, AlisonOzborn, AlisonPaiwonski, LenaPaoletti, FerdinandoPark, AndrewPasina, MassimoPatacca, GiorgioPedini, FedericoPlayer, EdgeCsrContractTestPlayer, PaulPortal, TestPortal, TestProfile, MattProva, TestQA1, ShintoQA1, Testqqq, 13/8/18qqq, qqqqqq, qqqqqqq, qqqR, AjR, AjR, AjanthR, AjanthR, AjanthR, AjanthR, AjanthR, AjanthRabbit, PeterRigamonti, ClaudioRigamonti, NicolaRossi, Francorossi, valeScanferla, CristoforoScarfone, JoeScoduti , Ivanasdfgdfg, sdfgsdgsdg, sdgsdgsdgsdg, sdgsdgsdgsdg, sfgsdfgsdsd, sdssdsd, Test Ajanthsdsdfdf, sddfdfdssdsdfdf, sddfdfdssdsdfdf, sddfdfdssdsdfdf, sddfdfdssdsdfdf, sddfdfdssdsdfdf, sddfdfdssdsdfdf, sddfdfdssdsdfdf, sddfdfdssdsdfdf, sddfdfdssdsdfdf, sddfdfdssdsdfdf, sddfdfdssdsdfdf, sddfdfdssdsdfdf, sddfdfdssdsdfdf, sddfdfdsSeven, PandaSilvesti, DanieleSK, JKSmoke_test, ShintoSmoke2, ShintoSmoke3, shintoSmoke3, shintoSmoke-Test (US), ShintoSmoke-Test (US), ShintoSmoke-Test, ShintoSmoke-Test, ShintoSocio, Secondostick, evasudhan, akhilT, Jessica t, tT, TestAssociateT1000, ShintoT12, ShintoT2, ShintoT40, ShintoATA11, Shintote, TestTest Assosiate, Test AssosiateTest, AjanthTest, AjanthTest, AjanthTest, Ajanth TestTest, Ajath Test123Test, AjTestTest, DennisTest, First nameTest, First nameTest, First nameTest, First nameTest, First nameTest, First nameTest, First nameTest, QA1Test, SeleniumTest, Shintotest, ShintoTest, ShintoTest, ShintoTest, Shinto-QATest, SKtest, testTest, TestTest, TestTest, TestTest, TestTest, TestTest, TestTest, Testtest, TestTest, Vipintest, Vofoxtest1Test1, QATest1, TestTest123, AjanthTest13, matteoTest2, AjanthTest2, Test2Test-2019, ShintoTest-2019, ShintoTest-2019, ShintoTest-2019, ShintoTest-2019, ShintoTest-2019, ShintoTest-2019, ShintoTest-2019, ShintoTest-2019, ShintoTest-2019, ShintoTest-2019, ShintoTest-2019, ShintoTest-2019, ShintoTest-2019, ShintoTest-2019, ShintoTest-2019, ShintoTest-2019, ShintoTest-2019, ShintoTest-2019, ShintoTest-2019, ShintoTest-2019, ShintoTest-2019, ShintoTest-2019, ShintoTest-2020, ShintoTest2040, ShintoTest223, AjanthTest333, AjanthTest4, AjanthTest423, AjanthTest5, Ajanth5Test523, AjanthTest60, ShintoTest623, AjanthtestA, ShintoTestA1, ShintoTestA1, ShintoTest-Associate-V1, Test-Associate-V1Tester, JCTester, JeanTester, JoeTester10, JeanTester11, JeanTester12, JeanTester13, JeanTester14, JeanTester15, JeanTester15, JeanTester16, JeanTester17, JeanTester18, Jean Tester2, Jean Tester21, JeanTester22, JeanTester23, JeanTester24, JeanTester25, JeanTestInvite, TestInvitetestt, testtText Last Name, Text First NameText Last Name, Text First NameText Last Name, Text First NameText Last Name, Text First NameText Last Name, Text First NameText Last Name, Text First NameText Last Name, Text First NameText Last Name, Text First NameText Last Name, Text First NameText Last Name, Text First NameText Last Name, Text First NameText Last Name, Text First NameText Last Name, Text First NameText Last Name, Text First NameText Last Name, Text First NameText Last Name, Text First NameText Last Name, Text First NameText Last Name, Text First NameText Last Name, Text First NameText Last Name, Text First NameText Last Name, Text First NameText Last Name, Text First NameText Last Name, Text First NameText Last Name, Text First NameText Last Name, Text First NameText Last Name, Text First NameText Last Name, Text First NameText Last Name, Text First NameText Last Name, Text First NameText Last Name, Text First Nametg, tjthandassery, akhilThree, PandaTuratti, CristoforoTwo, PandaTwomey, TonyTwomey, Tonyv , dcv Vaixx, IdanVangelica, Dafnevbbbbb, aaaaavbn, bnbvnVersione13, MatteoVertemati, Giovannivhv, rtvnf, vandanavvxvc, pouokiWood, DustyXjx, Dhxdhytytyty, ytyt
          ' or . = '
            Select Sponsor
             17, test Text Last Name,  Text First Name@@4434345@@@@@@@, pers11, Test111111, 111111212, 1211212, 12121212, 2121221, 212112345, Shinto12345, Shinto15, test18, test20, test200, 100200, Acc1002000, 100020000, 100020000, 1000020180725, Greg2020, Shinto2025, Shinto212, shinto212121, 212121222222, 33333323232, 323233, 231, test32323, 33232332, Test4434, 4521444, 444450, test51, testA, TestA1, ShintoAB, ShintoAB, ShintoAbc, testAbino, AntonioAgnese, IvanoAjanth, TestAjTest, TestAjAnalogo, MatteoArzuffi, Fabioasdas, sdasdAsf, 1000asg, asfAssociate, DuplicateAssociate, Test Badaduchi, JoeyBalbusso, GiacomoBalduzzi, GiacomoBandini, Georgebar, idanBar, Idanbar, idanBar, Idanbar, idanbar, idanBelotti, LuigiBeluschi, MarcoBenedetti, MarcelloBertolazza, GiuseppeBianchi, BiancaBing, Bella Blow, Joe Blow, JoeBlow, JoeBobev, Bobiboy, ya Bressani, FlaviaBrightly, AlanCarnevale, DaniloChalupsky, PaulChelin5, Jean5Cherchi, Stefanoclegane, aidaConti, CarloContractSignTest, EdgeCrickets, JiminyDamiani, ViolaDaniels, DanDat, TestData, TestDatabase, TestDDD, DDDDee, AlisonDeMotts, RobDeMotts, Rob2Demotts2, Rob2DeMotts3, Robertdennis test, dennis testDennis Test, Dennis TestDennis test2, Dennis test2dennis, dennisdh, dgfDias, Jose diaz, jddiff, akhilDoakes, JoeDoe, JohnDoe, JohnDoe, JohnDoe, JohnDoe, JohnDoe, JohnDoe, Johndoe, JohnDoe, JohnDoe, JohnDoe, JohnDoe, JohnDoe, JohnDoe, John Doe, John Doe, JohnDoe, JohnDoe, JohnDoe, JohnDoe, JohnDoe, JohnDoe, JohnDoe, JohnDoe, JuliaDoe, LeslieDoe, TestDoekeses, Johndsds, dsdsDunn, JuliaDyas, JerryDyas, JimEight, PandaEisenman, Hansemanuela, emanuelaemanuela, emanuelaEnglish, MatteoF, TonyFeinstein, JackFernandi, Robertofff, fffFive, PandaFour, Pandafrancesco, francescoG, DeniseG, Gregg, JerryG, Matteo 1/1/1980Galbiati, MatteoGalbiati, MatteoGalbiati, MatteoGalbiati, MatteoGalbiati, Matteo(gmail test)Galbiati11-23, Matteo3-30Galbiati2, Matteo2Galbiato, Matteogallinari, IvoGentile, DeniseGentile, Denise Gentile, Denise gjgj, gghdjGreen, JoeGum, BirthdateShouldBe20000101Gum, BTest3Gum, GregGum, GregGum, GregGum, GregGum, GregGum, GregGum, Greg_0608Gum, Greg_2018-09-17Gum, Greg_triggerTestGum, Greg_TriggerTest2gum, Greg0608AGum, Greg0608CGum, Greg0609Gum, Greg2018-09-22Gum, GregoryGum, Test2BirthdayShouldBe20000101Gum11, Greg11Gum19, Greg19Gum22, Greg22Gum22, Greg22Gum234, Greg234Gum44, GregGum44, Greg44Gum46, Greg46Gum5, Greg5Gum5, Greg5Gum51, Greg51Gum55, Greg22Gum55, Greg55Gum55, Greg55Gum55, Greg55Gum55, Greg55Gum6, Greg6Gum66, Greg66Gum66, Greg66Gum77, Greg77Gum77A, Greg77AGum78, Greg78Gum8, Greg8gum87, Greg87Gum88, Greg88Gum99, Greg99Gum99, Greg99Gum999, Greg999hil, akIE, MatteoIl Terzo, matteoJ, DJk, AbcdJK, QA1JK, ShintoJK, ShintoJK, ShintoJK, ShintoJK, ShintoJK, ShintoJK, ShintoJK, ShintoJK, ShintoJK, ShintoJK, ShintoJK, ShintoJK, ShintoJK, ShintoJK, ShintoJK, ShintoJK, ShintoJK, ShintoJK, ShintoJK, ShintoJK, ShintoJK, ShintoJK, ShintoJK, ShintoJK, ShintoJK, ShintoJK, shintoJK, ShintoJK, ShintoJK, ShintoJK, ShintoJK, ShintoJK, ShintoJK, Shinto-test3JK, TesterJK-2018, ShintoJK-2020, ShintoJK-2020, ShintoJones, JoeJose, Ajanth TestJose, DennisKK, JKKK, JK_2018KK, ShintoKK, ShintoKK, ShintoKK, ShintoKringle, KrisLast Name, First NameLast Name, First NameLast Name, First NameLast Name, First NameLast Name, First NameLast Name, First NameLast Name, First NameLast Name, First NameLast Name, First NameLast Name, First NameLast Name, First NameLast Name, First NameLast Name, First NameLast Name, First NameLast Name, First NameLast Name, First NameLast Name, First NameLast Name, First NameLast Name, First Namelast name, namelast name, namelast name, namelast name, namelast name, namelast name, namelast name, namelast, akLast, TestLast, TestLast, TestLast, TestLast, TestLast, TestLast, TestLast, TestLast, TestLast, TestLast, TestLast, TestLast, TestLast, TestLast, TestLast, TestLast, TestLast, TestLast, Testlast111111ghg ghghghlghlglhlglhgll glhglhlghlglhlgl hglhglhlghl lglhglhlghlglhlghlglhlgh lghlghlglhglhlglhgl lghlglhglhlghlglhlghlgllhlluoiouiouoiouoi ujgjlhg;ljhlgkjghjghkljghjghkljhjhjj;lhjh;lj;lh;l, akhil_firstlizana, davidLName, TestingLoehwing, AspasiaLoehwing, AspasiaLoehwing, AspasiaMassa, LucaMcDonald, RenataMcdonald, RenataMcDonald, RenataMcDonald, RenataMdy, ShintoMichaelson, Mikemiriam, jessicaMobile12, MatteoMR, Ajumustaffa, annNcDonald, Renatanuvoli, francescaOggi, VerificoOne, Pandaone, shintoOsborn, AlisonOsborn, AlisonOsborn, AlisonOsborn, AlisonOsborn, AlisonOsborn2, AlisonOzborn, AlisonPaiwonski, LenaPaoletti, FerdinandoPark, AndrewPasina, MassimoPatacca, GiorgioPedini, FedericoPlayer, EdgeCsrContractTestPlayer, PaulPortal, TestPortal, TestProfile, MattProva, TestQA1, ShintoQA1, Testqqq, 13/8/18qqq, qqqqqq, qqqqqqq, qqqR, AjR, AjR, AjanthR, AjanthR, AjanthR, AjanthR, AjanthR, AjanthRabbit, PeterRigamonti, ClaudioRigamonti, NicolaRossi, Francorossi, valeScanferla, CristoforoScarfone, JoeScoduti , Ivanasdfgdfg, sdfgsdgsdg, sdgsdgsdgsdg, sdgsdgsdgsdg, sfgsdfgsdsd, sdssdsd, Test Ajanthsdsdfdf, sddfdfdssdsdfdf, sddfdfdssdsdfdf, sddfdfdssdsdfdf, sddfdfdssdsdfdf, sddfdfdssdsdfdf, sddfdfdssdsdfdf, sddfdfdssdsdfdf, sddfdfdssdsdfdf, sddfdfdssdsdfdf, sddfdfdssdsdfdf, sddfdfdssdsdfdf, sddfdfdssdsdfdf, sddfdfdssdsdfdf, sddfdfdsSeven, PandaSilvesti, DanieleSK, JKSmoke_test, ShintoSmoke2, ShintoSmoke3, shintoSmoke3, shintoSmoke-Test (US), ShintoSmoke-Test (US), ShintoSmoke-Test, ShintoSmoke-Test, ShintoSocio, Secondostick, evasudhan, akhilT, Jessica t, tT, TestAssociateT1000, ShintoT12, ShintoT2, ShintoT40, ShintoATA11, Shintote, TestTest Assosiate, Test AssosiateTest, AjanthTest, AjanthTest, AjanthTest, Ajanth TestTest, Ajath Test123Test, AjTestTest, DennisTest, First nameTest, First nameTest, First nameTest, First nameTest, First nameTest, First nameTest, First nameTest, QA1Test, SeleniumTest, Shintotest, ShintoTest, ShintoTest, ShintoTest, Shinto-QATest, SKtest, testTest, TestTest, TestTest, TestTest, TestTest, TestTest, TestTest, Testtest, TestTest, Vipintest, Vofoxtest1Test1, QATest1, TestTest123, AjanthTest13, matteoTest2, AjanthTest2, Test2Test-2019, ShintoTest-2019, ShintoTest-2019, ShintoTest-2019, ShintoTest-2019, ShintoTest-2019, ShintoTest-2019, ShintoTest-2019, ShintoTest-2019, ShintoTest-2019, ShintoTest-2019, ShintoTest-2019, ShintoTest-2019, ShintoTest-2019, ShintoTest-2019, ShintoTest-2019, ShintoTest-2019, ShintoTest-2019, ShintoTest-2019, ShintoTest-2019, ShintoTest-2019, ShintoTest-2019, ShintoTest-2019, ShintoTest-2020, ShintoTest2040, ShintoTest223, AjanthTest333, AjanthTest4, AjanthTest423, AjanthTest5, Ajanth5Test523, AjanthTest60, ShintoTest623, AjanthtestA, ShintoTestA1, ShintoTestA1, ShintoTest-Associate-V1, Test-Associate-V1Tester, JCTester, JeanTester, JoeTester10, JeanTester11, JeanTester12, JeanTester13, JeanTester14, JeanTester15, JeanTester15, JeanTester16, JeanTester17, JeanTester18, Jean Tester2, Jean Tester21, JeanTester22, JeanTester23, JeanTester24, JeanTester25, JeanTestInvite, TestInvitetestt, testtText Last Name, Text First NameText Last Name, Text First NameText Last Name, Text First NameText Last Name, Text First NameText Last Name, Text First NameText Last Name, Text First NameText Last Name, Text First NameText Last Name, Text First NameText Last Name, Text First NameText Last Name, Text First NameText Last Name, Text First NameText Last Name, Text First NameText Last Name, Text First NameText Last Name, Text First NameText Last Name, Text First NameText Last Name, Text First NameText Last Name, Text First NameText Last Name, Text First NameText Last Name, Text First NameText Last Name, Text First NameText Last Name, Text First NameText Last Name, Text First NameText Last Name, Text First NameText Last Name, Text First NameText Last Name, Text First NameText Last Name, Text First NameText Last Name, Text First NameText Last Name, Text First NameText Last Name, Text First NameText Last Name, Text First Nametg, tjthandassery, akhilThree, PandaTuratti, CristoforoTwo, PandaTwomey, TonyTwomey, Tonyv , dcv Vaixx, IdanVangelica, Dafnevbbbbb, aaaaavbn, bnbvnVersione13, MatteoVertemati, Giovannivhv, rtvnf, vandanavvxvc, pouokiWood, DustyXjx, Dhxdhytytyty, ytyt
          ')]' not found)

2018-11-12 20:02:10 - [MESSAGE][FAILED] - Unable to select option by value 'Test, Shinto-QA' of object 'Object Repository/My Downline/Page_My Downline  5-15/select_Select Sponsor'  using regular expression (Root cause: com.kms.katalon.core.webui.exception.WebElementNotFoundException: Web element with id: 'Object Repository/My Downline/Page_My Downline  5-15/select_Select Sponsor' located by 'By.xpath: //select[(text() = '
            Select Sponsor
             17, test Text Last Name,  Text First Name@@4434345@@@@@@@, pers11, Test111111, 111111212, 1211212, 12121212, 2121221, 212112345, Shinto12345, Shinto15, test18, test20, test200, 100200, Acc1002000, 100020000, 100020000, 1000020180725, Greg2020, Shinto2025, Shinto212, shinto212121, 212121222222, 33333323232, 323233, 231, test32323, 33232332, Test4434, 4521444, 444450, test51, testA, TestA1, ShintoAB, ShintoAB, ShintoAbc, testAbino, AntonioAgnese, IvanoAjanth, TestAjTest, TestAjAnalogo, MatteoArzuffi, Fabioasdas, sdasdAsf, 1000asg, asfAssociate, DuplicateAssociate, Test Badaduchi, JoeyBalbusso, GiacomoBalduzzi, GiacomoBandini, Georgebar, idanBar, Idanbar, idanBar, Idanbar, idanbar, idanBelotti, LuigiBeluschi, MarcoBenedetti, MarcelloBertolazza, GiuseppeBianchi, BiancaBing, Bella Blow, Joe Blow, JoeBlow, JoeBobev, Bobiboy, ya Bressani, FlaviaBrightly, AlanCarnevale, DaniloChalupsky, PaulChelin5, Jean5Cherchi, Stefanoclegane, aidaConti, CarloContractSignTest, EdgeCrickets, JiminyDamiani, ViolaDaniels, DanDat, TestData, TestDatabase, TestDDD, DDDDee, AlisonDeMotts, RobDeMotts, Rob2Demotts2, Rob2DeMotts3, Robertdennis test, dennis testDennis Test, Dennis TestDennis test2, Dennis test2dennis, dennisdh, dgfDias, Jose diaz, jddiff, akhilDoakes, JoeDoe, JohnDoe, JohnDoe, JohnDoe, JohnDoe, JohnDoe, JohnDoe, Johndoe, JohnDoe, JohnDoe, JohnDoe, JohnDoe, JohnDoe, JohnDoe, John Doe, John Doe, JohnDoe, JohnDoe, JohnDoe, JohnDoe, JohnDoe, JohnDoe, JohnDoe, JohnDoe, JuliaDoe, LeslieDoe, TestDoekeses, Johndsds, dsdsDunn, JuliaDyas, JerryDyas, JimEight, PandaEisenman, Hansemanuela, emanuelaemanuela, emanuelaEnglish, MatteoF, TonyFeinstein, JackFernandi, Robertofff, fffFive, PandaFour, Pandafrancesco, francescoG, DeniseG, Gregg, JerryG, Matteo 1/1/1980Galbiati, MatteoGalbiati, MatteoGalbiati, MatteoGalbiati, MatteoGalbiati, Matteo(gmail test)Galbiati11-23, Matteo3-30Galbiati2, Matteo2Galbiato, Matteogallinari, IvoGentile, DeniseGentile, Denise Gentile, Denise gjgj, gghdjGreen, JoeGum, BirthdateShouldBe20000101Gum, BTest3Gum, GregGum, GregGum, GregGum, GregGum, GregGum, GregGum, Greg_0608Gum, Greg_2018-09-17Gum, Greg_triggerTestGum, Greg_TriggerTest2gum, Greg0608AGum, Greg0608CGum, Greg0609Gum, Greg2018-09-22Gum, GregoryGum, Test2BirthdayShouldBe20000101Gum11, Greg11Gum19, Greg19Gum22, Greg22Gum22, Greg22Gum234, Greg234Gum44, GregGum44, Greg44Gum46, Greg46Gum5, Greg5Gum5, Greg5Gum51, Greg51Gum55, Greg22Gum55, Greg55Gum55, Greg55Gum55, Greg55Gum55, Greg55Gum6, Greg6Gum66, Greg66Gum66, Greg66Gum77, Greg77Gum77A, Greg77AGum78, Greg78Gum8, Greg8gum87, Greg87Gum88, Greg88Gum99, Greg99Gum99, Greg99Gum999, Greg999hil, akIE, MatteoIl Terzo, matteoJ, DJk, AbcdJK, QA1JK, ShintoJK, ShintoJK, ShintoJK, ShintoJK, ShintoJK, ShintoJK, ShintoJK, ShintoJK, ShintoJK, ShintoJK, ShintoJK, ShintoJK, ShintoJK, ShintoJK, ShintoJK, ShintoJK, ShintoJK, ShintoJK, ShintoJK, ShintoJK, ShintoJK, ShintoJK, ShintoJK, ShintoJK, ShintoJK, ShintoJK, shintoJK, ShintoJK, ShintoJK, ShintoJK, ShintoJK, ShintoJK, ShintoJK, Shinto-test3JK, TesterJK-2018, ShintoJK-2020, ShintoJK-2020, ShintoJones, JoeJose, Ajanth TestJose, DennisKK, JKKK, JK_2018KK, ShintoKK, ShintoKK, ShintoKK, ShintoKringle, KrisLast Name, First NameLast Name, First NameLast Name, First NameLast Name, First NameLast Name, First NameLast Name, First NameLast Name, First NameLast Name, First NameLast Name, First NameLast Name, First NameLast Name, First NameLast Name, First NameLast Name, First NameLast Name, First NameLast Name, First NameLast Name, First NameLast Name, First NameLast Name, First NameLast Name, First Namelast name, namelast name, namelast name, namelast name, namelast name, namelast name, namelast name, namelast, akLast, TestLast, TestLast, TestLast, TestLast, TestLast, TestLast, TestLast, TestLast, TestLast, TestLast, TestLast, TestLast, TestLast, TestLast, TestLast, TestLast, TestLast, TestLast, Testlast111111ghg ghghghlghlglhlglhgll glhglhlghlglhlgl hglhglhlghl lglhglhlghlglhlghlglhlgh lghlghlglhglhlglhgl lghlglhglhlghlglhlghlgllhlluoiouiouoiouoi ujgjlhg;ljhlgkjghjghkljghjghkljhjhjj;lhjh;lj;lh;l, akhil_firstlizana, davidLName, TestingLoehwing, AspasiaLoehwing, AspasiaLoehwing, AspasiaMassa, LucaMcDonald, RenataMcdonald, RenataMcDonald, RenataMcDonald, RenataMdy, ShintoMichaelson, Mikemiriam, jessicaMobile12, MatteoMR, Ajumustaffa, annNcDonald, Renatanuvoli, francescaOggi, VerificoOne, Pandaone, shintoOsborn, AlisonOsborn, AlisonOsborn, AlisonOsborn, AlisonOsborn, AlisonOsborn2, AlisonOzborn, AlisonPaiwonski, LenaPaoletti, FerdinandoPark, AndrewPasina, MassimoPatacca, GiorgioPedini, FedericoPlayer, EdgeCsrContractTestPlayer, PaulPortal, TestPortal, TestProfile, MattProva, TestQA1, ShintoQA1, Testqqq, 13/8/18qqq, qqqqqq, qqqqqqq, qqqR, AjR, AjR, AjanthR, AjanthR, AjanthR, AjanthR, AjanthR, AjanthRabbit, PeterRigamonti, ClaudioRigamonti, NicolaRossi, Francorossi, valeScanferla, CristoforoScarfone, JoeScoduti , Ivanasdfgdfg, sdfgsdgsdg, sdgsdgsdgsdg, sdgsdgsdgsdg, sfgsdfgsdsd, sdssdsd, Test Ajanthsdsdfdf, sddfdfdssdsdfdf, sddfdfdssdsdfdf, sddfdfdssdsdfdf, sddfdfdssdsdfdf, sddfdfdssdsdfdf, sddfdfdssdsdfdf, sddfdfdssdsdfdf, sddfdfdssdsdfdf, sddfdfdssdsdfdf, sddfdfdssdsdfdf, sddfdfdssdsdfdf, sddfdfdssdsdfdf, sddfdfdssdsdfdf, sddfdfdsSeven, PandaSilvesti, DanieleSK, JKSmoke_test, ShintoSmoke2, ShintoSmoke3, shintoSmoke3, shintoSmoke-Test (US), ShintoSmoke-Test (US), ShintoSmoke-Test, ShintoSmoke-Test, ShintoSocio, Secondostick, evasudhan, akhilT, Jessica t, tT, TestAssociateT1000, ShintoT12, ShintoT2, ShintoT40, ShintoATA11, Shintote, TestTest Assosiate, Test AssosiateTest, AjanthTest, AjanthTest, AjanthTest, Ajanth TestTest, Ajath Test123Test, AjTestTest, DennisTest, First nameTest, First nameTest, First nameTest, First nameTest, First nameTest, First nameTest, First nameTest, QA1Test, SeleniumTest, Shintotest, ShintoTest, ShintoTest, ShintoTest, Shinto-QATest, SKtest, testTest, TestTest, TestTest, TestTest, TestTest, TestTest, TestTest, Testtest, TestTest, Vipintest, Vofoxtest1Test1, QATest1, TestTest123, AjanthTest13, matteoTest2, AjanthTest2, Test2Test-2019, ShintoTest-2019, ShintoTest-2019, ShintoTest-2019, ShintoTest-2019, ShintoTest-2019, ShintoTest-2019, ShintoTest-2019, ShintoTest-2019, ShintoTest-2019, ShintoTest-2019, ShintoTest-2019, ShintoTest-2019, ShintoTest-2019, ShintoTest-2019, ShintoTest-2019, ShintoTest-2019, ShintoTest-2019, ShintoTest-2019, ShintoTest-2019, ShintoTest-2019, ShintoTest-2019, ShintoTest-2019, ShintoTest-2020, ShintoTest2040, ShintoTest223, AjanthTest333, AjanthTest4, AjanthTest423, AjanthTest5, Ajanth5Test523, AjanthTest60, ShintoTest623, AjanthtestA, ShintoTestA1, ShintoTestA1, ShintoTest-Associate-V1, Test-Associate-V1Tester, JCTester, JeanTester, JoeTester10, JeanTester11, JeanTester12, JeanTester13, JeanTester14, JeanTester15, JeanTester15, JeanTester16, JeanTester17, JeanTester18, Jean Tester2, Jean Tester21, JeanTester22, JeanTester23, JeanTester24, JeanTester25, JeanTestInvite, TestInvitetestt, testtText Last Name, Text First NameText Last Name, Text First NameText Last Name, Text First NameText Last Name, Text First NameText Last Name, Text First NameText Last Name, Text First NameText Last Name, Text First NameText Last Name, Text First NameText Last Name, Text First NameText Last Name, Text First NameText Last Name, Text First NameText Last Name, Text First NameText Last Name, Text First NameText Last Name, Text First NameText Last Name, Text First NameText Last Name, Text First NameText Last Name, Text First NameText Last Name, Text First NameText Last Name, Text First NameText Last Name, Text First NameText Last Name, Text First NameText Last Name, Text First NameText Last Name, Text First NameText Last Name, Text First NameText Last Name, Text First NameText Last Name, Text First NameText Last Name, Text First NameText Last Name, Text First NameText Last Name, Text First NameText Last Name, Text First Nametg, tjthandassery, akhilThree, PandaTuratti, CristoforoTwo, PandaTwomey, TonyTwomey, Tonyv , dcv Vaixx, IdanVangelica, Dafnevbbbbb, aaaaavbn, bnbvnVersione13, MatteoVertemati, Giovannivhv, rtvnf, vandanavvxvc, pouokiWood, DustyXjx, Dhxdhytytyty, ytyt
          ' or . = '
            Select Sponsor
             17, test Text Last Name,  Text First Name@@4434345@@@@@@@, pers11, Test111111, 111111212, 1211212, 12121212, 2121221, 212112345, Shinto12345, Shinto15, test18, test20, test200, 100200, Acc1002000, 100020000, 100020000, 1000020180725, Greg2020, Shinto2025, Shinto212, shinto212121, 212121222222, 33333323232, 323233, 231, test32323, 33232332, Test4434, 4521444, 444450, test51, testA, TestA1, ShintoAB, ShintoAB, ShintoAbc, testAbino, AntonioAgnese, IvanoAjanth, TestAjTest, TestAjAnalogo, MatteoArzuffi, Fabioasdas, sdasdAsf, 1000asg, asfAssociate, DuplicateAssociate, Test Badaduchi, JoeyBalbusso, GiacomoBalduzzi, GiacomoBandini, Georgebar, idanBar, Idanbar, idanBar, Idanbar, idanbar, idanBelotti, LuigiBeluschi, MarcoBenedetti, MarcelloBertolazza, GiuseppeBianchi, BiancaBing, Bella Blow, Joe Blow, JoeBlow, JoeBobev, Bobiboy, ya Bressani, FlaviaBrightly, AlanCarnevale, DaniloChalupsky, PaulChelin5, Jean5Cherchi, Stefanoclegane, aidaConti, CarloContractSignTest, EdgeCrickets, JiminyDamiani, ViolaDaniels, DanDat, TestData, TestDatabase, TestDDD, DDDDee, AlisonDeMotts, RobDeMotts, Rob2Demotts2, Rob2DeMotts3, Robertdennis test, dennis testDennis Test, Dennis TestDennis test2, Dennis test2dennis, dennisdh, dgfDias, Jose diaz, jddiff, akhilDoakes, JoeDoe, JohnDoe, JohnDoe, JohnDoe, JohnDoe, JohnDoe, JohnDoe, Johndoe, JohnDoe, JohnDoe, JohnDoe, JohnDoe, JohnDoe, JohnDoe, John Doe, John Doe, JohnDoe, JohnDoe, JohnDoe, JohnDoe, JohnDoe, JohnDoe, JohnDoe, JohnDoe, JuliaDoe, LeslieDoe, TestDoekeses, Johndsds, dsdsDunn, JuliaDyas, JerryDyas, JimEight, PandaEisenman, Hansemanuela, emanuelaemanuela, emanuelaEnglish, MatteoF, TonyFeinstein, JackFernandi, Robertofff, fffFive, PandaFour, Pandafrancesco, francescoG, DeniseG, Gregg, JerryG, Matteo 1/1/1980Galbiati, MatteoGalbiati, MatteoGalbiati, MatteoGalbiati, MatteoGalbiati, Matteo(gmail test)Galbiati11-23, Matteo3-30Galbiati2, Matteo2Galbiato, Matteogallinari, IvoGentile, DeniseGentile, Denise Gentile, Denise gjgj, gghdjGreen, JoeGum, BirthdateShouldBe20000101Gum, BTest3Gum, GregGum, GregGum, GregGum, GregGum, GregGum, GregGum, Greg_0608Gum, Greg_2018-09-17Gum, Greg_triggerTestGum, Greg_TriggerTest2gum, Greg0608AGum, Greg0608CGum, Greg0609Gum, Greg2018-09-22Gum, GregoryGum, Test2BirthdayShouldBe20000101Gum11, Greg11Gum19, Greg19Gum22, Greg22Gum22, Greg22Gum234, Greg234Gum44, GregGum44, Greg44Gum46, Greg46Gum5, Greg5Gum5, Greg5Gum51, Greg51Gum55, Greg22Gum55, Greg55Gum55, Greg55Gum55, Greg55Gum55, Greg55Gum6, Greg6Gum66, Greg66Gum66, Greg66Gum77, Greg77Gum77A, Greg77AGum78, Greg78Gum8, Greg8gum87, Greg87Gum88, Greg88Gum99, Greg99Gum99, Greg99Gum999, Greg999hil, akIE, MatteoIl Terzo, matteoJ, DJk, AbcdJK, QA1JK, ShintoJK, ShintoJK, ShintoJK, ShintoJK, ShintoJK, ShintoJK, ShintoJK, ShintoJK, ShintoJK, ShintoJK, ShintoJK, ShintoJK, ShintoJK, ShintoJK, ShintoJK, ShintoJK, ShintoJK, ShintoJK, ShintoJK, ShintoJK, ShintoJK, ShintoJK, ShintoJK, ShintoJK, ShintoJK, ShintoJK, shintoJK, ShintoJK, ShintoJK, ShintoJK, ShintoJK, ShintoJK, ShintoJK, Shinto-test3JK, TesterJK-2018, ShintoJK-2020, ShintoJK-2020, ShintoJones, JoeJose, Ajanth TestJose, DennisKK, JKKK, JK_2018KK, ShintoKK, ShintoKK, ShintoKK, ShintoKringle, KrisLast Name, First NameLast Name, First NameLast Name, First NameLast Name, First NameLast Name, First NameLast Name, First NameLast Name, First NameLast Name, First NameLast Name, First NameLast Name, First NameLast Name, First NameLast Name, First NameLast Name, First NameLast Name, First NameLast Name, First NameLast Name, First NameLast Name, First NameLast Name, First NameLast Name, First Namelast name, namelast name, namelast name, namelast name, namelast name, namelast name, namelast name, namelast, akLast, TestLast, TestLast, TestLast, TestLast, TestLast, TestLast, TestLast, TestLast, TestLast, TestLast, TestLast, TestLast, TestLast, TestLast, TestLast, TestLast, TestLast, TestLast, Testlast111111ghg ghghghlghlglhlglhgll glhglhlghlglhlgl hglhglhlghl lglhglhlghlglhlghlglhlgh lghlghlglhglhlglhgl lghlglhglhlghlglhlghlgllhlluoiouiouoiouoi ujgjlhg;ljhlgkjghjghkljghjghkljhjhjj;lhjh;lj;lh;l, akhil_firstlizana, davidLName, TestingLoehwing, AspasiaLoehwing, AspasiaLoehwing, AspasiaMassa, LucaMcDonald, RenataMcdonald, RenataMcDonald, RenataMcDonald, RenataMdy, ShintoMichaelson, Mikemiriam, jessicaMobile12, MatteoMR, Ajumustaffa, annNcDonald, Renatanuvoli, francescaOggi, VerificoOne, Pandaone, shintoOsborn, AlisonOsborn, AlisonOsborn, AlisonOsborn, AlisonOsborn, AlisonOsborn2, AlisonOzborn, AlisonPaiwonski, LenaPaoletti, FerdinandoPark, AndrewPasina, MassimoPatacca, GiorgioPedini, FedericoPlayer, EdgeCsrContractTestPlayer, PaulPortal, TestPortal, TestProfile, MattProva, TestQA1, ShintoQA1, Testqqq, 13/8/18qqq, qqqqqq, qqqqqqq, qqqR, AjR, AjR, AjanthR, AjanthR, AjanthR, AjanthR, AjanthR, AjanthRabbit, PeterRigamonti, ClaudioRigamonti, NicolaRossi, Francorossi, valeScanferla, CristoforoScarfone, JoeScoduti , Ivanasdfgdfg, sdfgsdgsdg, sdgsdgsdgsdg, sdgsdgsdgsdg, sfgsdfgsdsd, sdssdsd, Test Ajanthsdsdfdf, sddfdfdssdsdfdf, sddfdfdssdsdfdf, sddfdfdssdsdfdf, sddfdfdssdsdfdf, sddfdfdssdsdfdf, sddfdfdssdsdfdf, sddfdfdssdsdfdf, sddfdfdssdsdfdf, sddfdfdssdsdfdf, sddfdfdssdsdfdf, sddfdfdssdsdfdf, sddfdfdssdsdfdf, sddfdfdssdsdfdf, sddfdfdsSeven, PandaSilvesti, DanieleSK, JKSmoke_test, ShintoSmoke2, ShintoSmoke3, shintoSmoke3, shintoSmoke-Test (US), ShintoSmoke-Test (US), ShintoSmoke-Test, ShintoSmoke-Test, ShintoSocio, Secondostick, evasudhan, akhilT, Jessica t, tT, TestAssociateT1000, ShintoT12, ShintoT2, ShintoT40, ShintoATA11, Shintote, TestTest Assosiate, Test AssosiateTest, AjanthTest, AjanthTest, AjanthTest, Ajanth TestTest, Ajath Test123Test, AjTestTest, DennisTest, First nameTest, First nameTest, First nameTest, First nameTest, First nameTest, First nameTest, First nameTest, QA1Test, SeleniumTest, Shintotest, ShintoTest, ShintoTest, ShintoTest, Shinto-QATest, SKtest, testTest, TestTest, TestTest, TestTest, TestTest, TestTest, TestTest, Testtest, TestTest, Vipintest, Vofoxtest1Test1, QATest1, TestTest123, AjanthTest13, matteoTest2, AjanthTest2, Test2Test-2019, ShintoTest-2019, ShintoTest-2019, ShintoTest-2019, ShintoTest-2019, ShintoTest-2019, ShintoTest-2019, ShintoTest-2019, ShintoTest-2019, ShintoTest-2019, ShintoTest-2019, ShintoTest-2019, ShintoTest-2019, ShintoTest-2019, ShintoTest-2019, ShintoTest-2019, ShintoTest-2019, ShintoTest-2019, ShintoTest-2019, ShintoTest-2019, ShintoTest-2019, ShintoTest-2019, ShintoTest-2019, ShintoTest-2020, ShintoTest2040, ShintoTest223, AjanthTest333, AjanthTest4, AjanthTest423, AjanthTest5, Ajanth5Test523, AjanthTest60, ShintoTest623, AjanthtestA, ShintoTestA1, ShintoTestA1, ShintoTest-Associate-V1, Test-Associate-V1Tester, JCTester, JeanTester, JoeTester10, JeanTester11, JeanTester12, JeanTester13, JeanTester14, JeanTester15, JeanTester15, JeanTester16, JeanTester17, JeanTester18, Jean Tester2, Jean Tester21, JeanTester22, JeanTester23, JeanTester24, JeanTester25, JeanTestInvite, TestInvitetestt, testtText Last Name, Text First NameText Last Name, Text First NameText Last Name, Text First NameText Last Name, Text First NameText Last Name, Text First NameText Last Name, Text First NameText Last Name, Text First NameText Last Name, Text First NameText Last Name, Text First NameText Last Name, Text First NameText Last Name, Text First NameText Last Name, Text First NameText Last Name, Text First NameText Last Name, Text First NameText Last Name, Text First NameText Last Name, Text First NameText Last Name, Text First NameText Last Name, Text First NameText Last Name, Text First NameText Last Name, Text First NameText Last Name, Text First NameText Last Name, Text First NameText Last Name, Text First NameText Last Name, Text First NameText Last Name, Text First NameText Last Name, Text First NameText Last Name, Text First NameText Last Name, Text First NameText Last Name, Text First NameText Last Name, Text First Nametg, tjthandassery, akhilThree, PandaTuratti, CristoforoTwo, PandaTwomey, TonyTwomey, Tonyv , dcv Vaixx, IdanVangelica, Dafnevbbbbb, aaaaavbn, bnbvnVersione13, MatteoVertemati, Giovannivhv, rtvnf, vandanavvxvc, pouokiWood, DustyXjx, Dhxdhytytyty, ytyt
          ')]' not found)
[[ATTACHMENT|E:\\Bonanzha\\katalon Bonanzha\\Reports\\VBZ0016-My Downline\\20181112_194257\\1542033130069.png]]]]></system-out>
         <system-err><![CDATA[2018-11-12 20:01:38 - [TEST_CASE][FAILED] - Test Cases/Associate Application/My Downline/TCBA01606: Test Cases/Associate Application/My Downline/TCBA01606 FAILED because (of) (Stack trace: com.kms.katalon.core.exception.StepFailedException: Unable to select option by value 'Test, Shinto-QA' of object 'Object Repository/My Downline/Page_My Downline  5-15/select_Select Sponsor'  using regular expression (Root cause: com.kms.katalon.core.webui.exception.WebElementNotFoundException: Web element with id: 'Object Repository/My Downline/Page_My Downline  5-15/select_Select Sponsor' located by 'By.xpath: //select[(text() = '
            Select Sponsor
             17, test Text Last Name,  Text First Name@@4434345@@@@@@@, pers11, Test111111, 111111212, 1211212, 12121212, 2121221, 212112345, Shinto12345, Shinto15, test18, test20, test200, 100200, Acc1002000, 100020000, 100020000, 1000020180725, Greg2020, Shinto2025, Shinto212, shinto212121, 212121222222, 33333323232, 323233, 231, test32323, 33232332, Test4434, 4521444, 444450, test51, testA, TestA1, ShintoAB, ShintoAB, ShintoAbc, testAbino, AntonioAgnese, IvanoAjanth, TestAjTest, TestAjAnalogo, MatteoArzuffi, Fabioasdas, sdasdAsf, 1000asg, asfAssociate, DuplicateAssociate, Test Badaduchi, JoeyBalbusso, GiacomoBalduzzi, GiacomoBandini, Georgebar, idanBar, Idanbar, idanBar, Idanbar, idanbar, idanBelotti, LuigiBeluschi, MarcoBenedetti, MarcelloBertolazza, GiuseppeBianchi, BiancaBing, Bella Blow, Joe Blow, JoeBlow, JoeBobev, Bobiboy, ya Bressani, FlaviaBrightly, AlanCarnevale, DaniloChalupsky, PaulChelin5, Jean5Cherchi, Stefanoclegane, aidaConti, CarloContractSignTest, EdgeCrickets, JiminyDamiani, ViolaDaniels, DanDat, TestData, TestDatabase, TestDDD, DDDDee, AlisonDeMotts, RobDeMotts, Rob2Demotts2, Rob2DeMotts3, Robertdennis test, dennis testDennis Test, Dennis TestDennis test2, Dennis test2dennis, dennisdh, dgfDias, Jose diaz, jddiff, akhilDoakes, JoeDoe, JohnDoe, JohnDoe, JohnDoe, JohnDoe, JohnDoe, JohnDoe, Johndoe, JohnDoe, JohnDoe, JohnDoe, JohnDoe, JohnDoe, JohnDoe, John Doe, John Doe, JohnDoe, JohnDoe, JohnDoe, JohnDoe, JohnDoe, JohnDoe, JohnDoe, JohnDoe, JuliaDoe, LeslieDoe, TestDoekeses, Johndsds, dsdsDunn, JuliaDyas, JerryDyas, JimEight, PandaEisenman, Hansemanuela, emanuelaemanuela, emanuelaEnglish, MatteoF, TonyFeinstein, JackFernandi, Robertofff, fffFive, PandaFour, Pandafrancesco, francescoG, DeniseG, Gregg, JerryG, Matteo 1/1/1980Galbiati, MatteoGalbiati, MatteoGalbiati, MatteoGalbiati, MatteoGalbiati, Matteo(gmail test)Galbiati11-23, Matteo3-30Galbiati2, Matteo2Galbiato, Matteogallinari, IvoGentile, DeniseGentile, Denise Gentile, Denise gjgj, gghdjGreen, JoeGum, BirthdateShouldBe20000101Gum, BTest3Gum, GregGum, GregGum, GregGum, GregGum, GregGum, GregGum, Greg_0608Gum, Greg_2018-09-17Gum, Greg_triggerTestGum, Greg_TriggerTest2gum, Greg0608AGum, Greg0608CGum, Greg0609Gum, Greg2018-09-22Gum, GregoryGum, Test2BirthdayShouldBe20000101Gum11, Greg11Gum19, Greg19Gum22, Greg22Gum22, Greg22Gum234, Greg234Gum44, GregGum44, Greg44Gum46, Greg46Gum5, Greg5Gum5, Greg5Gum51, Greg51Gum55, Greg22Gum55, Greg55Gum55, Greg55Gum55, Greg55Gum55, Greg55Gum6, Greg6Gum66, Greg66Gum66, Greg66Gum77, Greg77Gum77A, Greg77AGum78, Greg78Gum8, Greg8gum87, Greg87Gum88, Greg88Gum99, Greg99Gum99, Greg99Gum999, Greg999hil, akIE, MatteoIl Terzo, matteoJ, DJk, AbcdJK, QA1JK, ShintoJK, ShintoJK, ShintoJK, ShintoJK, ShintoJK, ShintoJK, ShintoJK, ShintoJK, ShintoJK, ShintoJK, ShintoJK, ShintoJK, ShintoJK, ShintoJK, ShintoJK, ShintoJK, ShintoJK, ShintoJK, ShintoJK, ShintoJK, ShintoJK, ShintoJK, ShintoJK, ShintoJK, ShintoJK, ShintoJK, shintoJK, ShintoJK, ShintoJK, ShintoJK, ShintoJK, ShintoJK, ShintoJK, Shinto-test3JK, TesterJK-2018, ShintoJK-2020, ShintoJK-2020, ShintoJones, JoeJose, Ajanth TestJose, DennisKK, JKKK, JK_2018KK, ShintoKK, ShintoKK, ShintoKK, ShintoKringle, KrisLast Name, First NameLast Name, First NameLast Name, First NameLast Name, First NameLast Name, First NameLast Name, First NameLast Name, First NameLast Name, First NameLast Name, First NameLast Name, First NameLast Name, First NameLast Name, First NameLast Name, First NameLast Name, First NameLast Name, First NameLast Name, First NameLast Name, First NameLast Name, First NameLast Name, First Namelast name, namelast name, namelast name, namelast name, namelast name, namelast name, namelast name, namelast, akLast, TestLast, TestLast, TestLast, TestLast, TestLast, TestLast, TestLast, TestLast, TestLast, TestLast, TestLast, TestLast, TestLast, TestLast, TestLast, TestLast, TestLast, TestLast, Testlast111111ghg ghghghlghlglhlglhgll glhglhlghlglhlgl hglhglhlghl lglhglhlghlglhlghlglhlgh lghlghlglhglhlglhgl lghlglhglhlghlglhlghlgllhlluoiouiouoiouoi ujgjlhg;ljhlgkjghjghkljghjghkljhjhjj;lhjh;lj;lh;l, akhil_firstlizana, davidLName, TestingLoehwing, AspasiaLoehwing, AspasiaLoehwing, AspasiaMassa, LucaMcDonald, RenataMcdonald, RenataMcDonald, RenataMcDonald, RenataMdy, ShintoMichaelson, Mikemiriam, jessicaMobile12, MatteoMR, Ajumustaffa, annNcDonald, Renatanuvoli, francescaOggi, VerificoOne, Pandaone, shintoOsborn, AlisonOsborn, AlisonOsborn, AlisonOsborn, AlisonOsborn, AlisonOsborn2, AlisonOzborn, AlisonPaiwonski, LenaPaoletti, FerdinandoPark, AndrewPasina, MassimoPatacca, GiorgioPedini, FedericoPlayer, EdgeCsrContractTestPlayer, PaulPortal, TestPortal, TestProfile, MattProva, TestQA1, ShintoQA1, Testqqq, 13/8/18qqq, qqqqqq, qqqqqqq, qqqR, AjR, AjR, AjanthR, AjanthR, AjanthR, AjanthR, AjanthR, AjanthRabbit, PeterRigamonti, ClaudioRigamonti, NicolaRossi, Francorossi, valeScanferla, CristoforoScarfone, JoeScoduti , Ivanasdfgdfg, sdfgsdgsdg, sdgsdgsdgsdg, sdgsdgsdgsdg, sfgsdfgsdsd, sdssdsd, Test Ajanthsdsdfdf, sddfdfdssdsdfdf, sddfdfdssdsdfdf, sddfdfdssdsdfdf, sddfdfdssdsdfdf, sddfdfdssdsdfdf, sddfdfdssdsdfdf, sddfdfdssdsdfdf, sddfdfdssdsdfdf, sddfdfdssdsdfdf, sddfdfdssdsdfdf, sddfdfdssdsdfdf, sddfdfdssdsdfdf, sddfdfdssdsdfdf, sddfdfdsSeven, PandaSilvesti, DanieleSK, JKSmoke_test, ShintoSmoke2, ShintoSmoke3, shintoSmoke3, shintoSmoke-Test (US), ShintoSmoke-Test (US), ShintoSmoke-Test, ShintoSmoke-Test, ShintoSocio, Secondostick, evasudhan, akhilT, Jessica t, tT, TestAssociateT1000, ShintoT12, ShintoT2, ShintoT40, ShintoATA11, Shintote, TestTest Assosiate, Test AssosiateTest, AjanthTest, AjanthTest, AjanthTest, Ajanth TestTest, Ajath Test123Test, AjTestTest, DennisTest, First nameTest, First nameTest, First nameTest, First nameTest, First nameTest, First nameTest, First nameTest, QA1Test, SeleniumTest, Shintotest, ShintoTest, ShintoTest, ShintoTest, Shinto-QATest, SKtest, testTest, TestTest, TestTest, TestTest, TestTest, TestTest, TestTest, Testtest, TestTest, Vipintest, Vofoxtest1Test1, QATest1, TestTest123, AjanthTest13, matteoTest2, AjanthTest2, Test2Test-2019, ShintoTest-2019, ShintoTest-2019, ShintoTest-2019, ShintoTest-2019, ShintoTest-2019, ShintoTest-2019, ShintoTest-2019, ShintoTest-2019, ShintoTest-2019, ShintoTest-2019, ShintoTest-2019, ShintoTest-2019, ShintoTest-2019, ShintoTest-2019, ShintoTest-2019, ShintoTest-2019, ShintoTest-2019, ShintoTest-2019, ShintoTest-2019, ShintoTest-2019, ShintoTest-2019, ShintoTest-2019, ShintoTest-2020, ShintoTest2040, ShintoTest223, AjanthTest333, AjanthTest4, AjanthTest423, AjanthTest5, Ajanth5Test523, AjanthTest60, ShintoTest623, AjanthtestA, ShintoTestA1, ShintoTestA1, ShintoTest-Associate-V1, Test-Associate-V1Tester, JCTester, JeanTester, JoeTester10, JeanTester11, JeanTester12, JeanTester13, JeanTester14, JeanTester15, JeanTester15, JeanTester16, JeanTester17, JeanTester18, Jean Tester2, Jean Tester21, JeanTester22, JeanTester23, JeanTester24, JeanTester25, JeanTestInvite, TestInvitetestt, testtText Last Name, Text First NameText Last Name, Text First NameText Last Name, Text First NameText Last Name, Text First NameText Last Name, Text First NameText Last Name, Text First NameText Last Name, Text First NameText Last Name, Text First NameText Last Name, Text First NameText Last Name, Text First NameText Last Name, Text First NameText Last Name, Text First NameText Last Name, Text First NameText Last Name, Text First NameText Last Name, Text First NameText Last Name, Text First NameText Last Name, Text First NameText Last Name, Text First NameText Last Name, Text First NameText Last Name, Text First NameText Last Name, Text First NameText Last Name, Text First NameText Last Name, Text First NameText Last Name, Text First NameText Last Name, Text First NameText Last Name, Text First NameText Last Name, Text First NameText Last Name, Text First NameText Last Name, Text First NameText Last Name, Text First Nametg, tjthandassery, akhilThree, PandaTuratti, CristoforoTwo, PandaTwomey, TonyTwomey, Tonyv , dcv Vaixx, IdanVangelica, Dafnevbbbbb, aaaaavbn, bnbvnVersione13, MatteoVertemati, Giovannivhv, rtvnf, vandanavvxvc, pouokiWood, DustyXjx, Dhxdhytytyty, ytyt
          ' or . = '
            Select Sponsor
             17, test Text Last Name,  Text First Name@@4434345@@@@@@@, pers11, Test111111, 111111212, 1211212, 12121212, 2121221, 212112345, Shinto12345, Shinto15, test18, test20, test200, 100200, Acc1002000, 100020000, 100020000, 1000020180725, Greg2020, Shinto2025, Shinto212, shinto212121, 212121222222, 33333323232, 323233, 231, test32323, 33232332, Test4434, 4521444, 444450, test51, testA, TestA1, ShintoAB, ShintoAB, ShintoAbc, testAbino, AntonioAgnese, IvanoAjanth, TestAjTest, TestAjAnalogo, MatteoArzuffi, Fabioasdas, sdasdAsf, 1000asg, asfAssociate, DuplicateAssociate, Test Badaduchi, JoeyBalbusso, GiacomoBalduzzi, GiacomoBandini, Georgebar, idanBar, Idanbar, idanBar, Idanbar, idanbar, idanBelotti, LuigiBeluschi, MarcoBenedetti, MarcelloBertolazza, GiuseppeBianchi, BiancaBing, Bella Blow, Joe Blow, JoeBlow, JoeBobev, Bobiboy, ya Bressani, FlaviaBrightly, AlanCarnevale, DaniloChalupsky, PaulChelin5, Jean5Cherchi, Stefanoclegane, aidaConti, CarloContractSignTest, EdgeCrickets, JiminyDamiani, ViolaDaniels, DanDat, TestData, TestDatabase, TestDDD, DDDDee, AlisonDeMotts, RobDeMotts, Rob2Demotts2, Rob2DeMotts3, Robertdennis test, dennis testDennis Test, Dennis TestDennis test2, Dennis test2dennis, dennisdh, dgfDias, Jose diaz, jddiff, akhilDoakes, JoeDoe, JohnDoe, JohnDoe, JohnDoe, JohnDoe, JohnDoe, JohnDoe, Johndoe, JohnDoe, JohnDoe, JohnDoe, JohnDoe, JohnDoe, JohnDoe, John Doe, John Doe, JohnDoe, JohnDoe, JohnDoe, JohnDoe, JohnDoe, JohnDoe, JohnDoe, JohnDoe, JuliaDoe, LeslieDoe, TestDoekeses, Johndsds, dsdsDunn, JuliaDyas, JerryDyas, JimEight, PandaEisenman, Hansemanuela, emanuelaemanuela, emanuelaEnglish, MatteoF, TonyFeinstein, JackFernandi, Robertofff, fffFive, PandaFour, Pandafrancesco, francescoG, DeniseG, Gregg, JerryG, Matteo 1/1/1980Galbiati, MatteoGalbiati, MatteoGalbiati, MatteoGalbiati, MatteoGalbiati, Matteo(gmail test)Galbiati11-23, Matteo3-30Galbiati2, Matteo2Galbiato, Matteogallinari, IvoGentile, DeniseGentile, Denise Gentile, Denise gjgj, gghdjGreen, JoeGum, BirthdateShouldBe20000101Gum, BTest3Gum, GregGum, GregGum, GregGum, GregGum, GregGum, GregGum, Greg_0608Gum, Greg_2018-09-17Gum, Greg_triggerTestGum, Greg_TriggerTest2gum, Greg0608AGum, Greg0608CGum, Greg0609Gum, Greg2018-09-22Gum, GregoryGum, Test2BirthdayShouldBe20000101Gum11, Greg11Gum19, Greg19Gum22, Greg22Gum22, Greg22Gum234, Greg234Gum44, GregGum44, Greg44Gum46, Greg46Gum5, Greg5Gum5, Greg5Gum51, Greg51Gum55, Greg22Gum55, Greg55Gum55, Greg55Gum55, Greg55Gum55, Greg55Gum6, Greg6Gum66, Greg66Gum66, Greg66Gum77, Greg77Gum77A, Greg77AGum78, Greg78Gum8, Greg8gum87, Greg87Gum88, Greg88Gum99, Greg99Gum99, Greg99Gum999, Greg999hil, akIE, MatteoIl Terzo, matteoJ, DJk, AbcdJK, QA1JK, ShintoJK, ShintoJK, ShintoJK, ShintoJK, ShintoJK, ShintoJK, ShintoJK, ShintoJK, ShintoJK, ShintoJK, ShintoJK, ShintoJK, ShintoJK, ShintoJK, ShintoJK, ShintoJK, ShintoJK, ShintoJK, ShintoJK, ShintoJK, ShintoJK, ShintoJK, ShintoJK, ShintoJK, ShintoJK, ShintoJK, shintoJK, ShintoJK, ShintoJK, ShintoJK, ShintoJK, ShintoJK, ShintoJK, Shinto-test3JK, TesterJK-2018, ShintoJK-2020, ShintoJK-2020, ShintoJones, JoeJose, Ajanth TestJose, DennisKK, JKKK, JK_2018KK, ShintoKK, ShintoKK, ShintoKK, ShintoKringle, KrisLast Name, First NameLast Name, First NameLast Name, First NameLast Name, First NameLast Name, First NameLast Name, First NameLast Name, First NameLast Name, First NameLast Name, First NameLast Name, First NameLast Name, First NameLast Name, First NameLast Name, First NameLast Name, First NameLast Name, First NameLast Name, First NameLast Name, First NameLast Name, First NameLast Name, First Namelast name, namelast name, namelast name, namelast name, namelast name, namelast name, namelast name, namelast, akLast, TestLast, TestLast, TestLast, TestLast, TestLast, TestLast, TestLast, TestLast, TestLast, TestLast, TestLast, TestLast, TestLast, TestLast, TestLast, TestLast, TestLast, TestLast, Testlast111111ghg ghghghlghlglhlglhgll glhglhlghlglhlgl hglhglhlghl lglhglhlghlglhlghlglhlgh lghlghlglhglhlglhgl lghlglhglhlghlglhlghlgllhlluoiouiouoiouoi ujgjlhg;ljhlgkjghjghkljghjghkljhjhjj;lhjh;lj;lh;l, akhil_firstlizana, davidLName, TestingLoehwing, AspasiaLoehwing, AspasiaLoehwing, AspasiaMassa, LucaMcDonald, RenataMcdonald, RenataMcDonald, RenataMcDonald, RenataMdy, ShintoMichaelson, Mikemiriam, jessicaMobile12, MatteoMR, Ajumustaffa, annNcDonald, Renatanuvoli, francescaOggi, VerificoOne, Pandaone, shintoOsborn, AlisonOsborn, AlisonOsborn, AlisonOsborn, AlisonOsborn, AlisonOsborn2, AlisonOzborn, AlisonPaiwonski, LenaPaoletti, FerdinandoPark, AndrewPasina, MassimoPatacca, GiorgioPedini, FedericoPlayer, EdgeCsrContractTestPlayer, PaulPortal, TestPortal, TestProfile, MattProva, TestQA1, ShintoQA1, Testqqq, 13/8/18qqq, qqqqqq, qqqqqqq, qqqR, AjR, AjR, AjanthR, AjanthR, AjanthR, AjanthR, AjanthR, AjanthRabbit, PeterRigamonti, ClaudioRigamonti, NicolaRossi, Francorossi, valeScanferla, CristoforoScarfone, JoeScoduti , Ivanasdfgdfg, sdfgsdgsdg, sdgsdgsdgsdg, sdgsdgsdgsdg, sfgsdfgsdsd, sdssdsd, Test Ajanthsdsdfdf, sddfdfdssdsdfdf, sddfdfdssdsdfdf, sddfdfdssdsdfdf, sddfdfdssdsdfdf, sddfdfdssdsdfdf, sddfdfdssdsdfdf, sddfdfdssdsdfdf, sddfdfdssdsdfdf, sddfdfdssdsdfdf, sddfdfdssdsdfdf, sddfdfdssdsdfdf, sddfdfdssdsdfdf, sddfdfdssdsdfdf, sddfdfdsSeven, PandaSilvesti, DanieleSK, JKSmoke_test, ShintoSmoke2, ShintoSmoke3, shintoSmoke3, shintoSmoke-Test (US), ShintoSmoke-Test (US), ShintoSmoke-Test, ShintoSmoke-Test, ShintoSocio, Secondostick, evasudhan, akhilT, Jessica t, tT, TestAssociateT1000, ShintoT12, ShintoT2, ShintoT40, ShintoATA11, Shintote, TestTest Assosiate, Test AssosiateTest, AjanthTest, AjanthTest, AjanthTest, Ajanth TestTest, Ajath Test123Test, AjTestTest, DennisTest, First nameTest, First nameTest, First nameTest, First nameTest, First nameTest, First nameTest, First nameTest, QA1Test, SeleniumTest, Shintotest, ShintoTest, ShintoTest, ShintoTest, Shinto-QATest, SKtest, testTest, TestTest, TestTest, TestTest, TestTest, TestTest, TestTest, Testtest, TestTest, Vipintest, Vofoxtest1Test1, QATest1, TestTest123, AjanthTest13, matteoTest2, AjanthTest2, Test2Test-2019, ShintoTest-2019, ShintoTest-2019, ShintoTest-2019, ShintoTest-2019, ShintoTest-2019, ShintoTest-2019, ShintoTest-2019, ShintoTest-2019, ShintoTest-2019, ShintoTest-2019, ShintoTest-2019, ShintoTest-2019, ShintoTest-2019, ShintoTest-2019, ShintoTest-2019, ShintoTest-2019, ShintoTest-2019, ShintoTest-2019, ShintoTest-2019, ShintoTest-2019, ShintoTest-2019, ShintoTest-2019, ShintoTest-2020, ShintoTest2040, ShintoTest223, AjanthTest333, AjanthTest4, AjanthTest423, AjanthTest5, Ajanth5Test523, AjanthTest60, ShintoTest623, AjanthtestA, ShintoTestA1, ShintoTestA1, ShintoTest-Associate-V1, Test-Associate-V1Tester, JCTester, JeanTester, JoeTester10, JeanTester11, JeanTester12, JeanTester13, JeanTester14, JeanTester15, JeanTester15, JeanTester16, JeanTester17, JeanTester18, Jean Tester2, Jean Tester21, JeanTester22, JeanTester23, JeanTester24, JeanTester25, JeanTestInvite, TestInvitetestt, testtText Last Name, Text First NameText Last Name, Text First NameText Last Name, Text First NameText Last Name, Text First NameText Last Name, Text First NameText Last Name, Text First NameText Last Name, Text First NameText Last Name, Text First NameText Last Name, Text First NameText Last Name, Text First NameText Last Name, Text First NameText Last Name, Text First NameText Last Name, Text First NameText Last Name, Text First NameText Last Name, Text First NameText Last Name, Text First NameText Last Name, Text First NameText Last Name, Text First NameText Last Name, Text First NameText Last Name, Text First NameText Last Name, Text First NameText Last Name, Text First NameText Last Name, Text First NameText Last Name, Text First NameText Last Name, Text First NameText Last Name, Text First NameText Last Name, Text First NameText Last Name, Text First NameText Last Name, Text First NameText Last Name, Text First Nametg, tjthandassery, akhilThree, PandaTuratti, CristoforoTwo, PandaTwomey, TonyTwomey, Tonyv , dcv Vaixx, IdanVangelica, Dafnevbbbbb, aaaaavbn, bnbvnVersione13, MatteoVertemati, Giovannivhv, rtvnf, vandanavvxvc, pouokiWood, DustyXjx, Dhxdhytytyty, ytyt
          ')]' not found)
	at com.kms.katalon.core.keyword.internal.KeywordMain.stepFailed(KeywordMain.groovy:36)
	at com.kms.katalon.core.webui.keyword.internal.WebUIKeywordMain.stepFailed(WebUIKeywordMain.groovy:65)
	at com.kms.katalon.core.webui.keyword.internal.WebUIKeywordMain.runKeyword(WebUIKeywordMain.groovy:27)
	at com.kms.katalon.core.webui.keyword.builtin.SelectOptionByValueKeyword.selectOptionByValue(SelectOptionByValueKeyword.groovy:99)
	at com.kms.katalon.core.webui.keyword.builtin.SelectOptionByValueKeyword.execute(SelectOptionByValueKeyword.groovy:71)
	at com.kms.katalon.core.keyword.internal.KeywordExecutor.executeKeywordForPlatform(KeywordExecutor.groovy:53)
	at com.kms.katalon.core.webui.keyword.WebUiBuiltInKeywords.selectOptionByValue(WebUiBuiltInKeywords.groovy:1138)
	at com.kms.katalon.core.webui.keyword.WebUiBuiltInKeywords$selectOptionByValue$8.call(Unknown Source)
	at org.codehaus.groovy.runtime.callsite.CallSiteArray.defaultCall(CallSiteArray.java:48)
	at org.codehaus.groovy.runtime.callsite.AbstractCallSite.call(AbstractCallSite.java:113)
	at org.codehaus.groovy.runtime.callsite.AbstractCallSite.call(AbstractCallSite.java:141)
	at Script1540451419881.run(Script1540451419881.groovy:30)
	at com.kms.katalon.core.main.ScriptEngine.run(ScriptEngine.java:183)
	at com.kms.katalon.core.main.ScriptEngine.runScriptAsRawText(ScriptEngine.java:108)
	at com.kms.katalon.core.main.TestCaseExecutor.runScript(TestCaseExecutor.java:294)
	at com.kms.katalon.core.main.TestCaseExecutor.doExecute(TestCaseExecutor.java:285)
	at com.kms.katalon.core.main.TestCaseExecutor.processExecutionPhase(TestCaseExecutor.java:264)
	at com.kms.katalon.core.main.TestCaseExecutor.accessMainPhase(TestCaseExecutor.java:256)
	at com.kms.katalon.core.main.TestCaseExecutor.execute(TestCaseExecutor.java:200)
	at com.kms.katalon.core.main.TestSuiteExecutor.accessTestCaseMainPhase(TestSuiteExecutor.java:129)
	at com.kms.katalon.core.main.TestSuiteExecutor.accessTestSuiteMainPhase(TestSuiteExecutor.java:112)
	at com.kms.katalon.core.main.TestSuiteExecutor.execute(TestSuiteExecutor.java:81)
	at com.kms.katalon.core.main.TestCaseMain.startTestSuite(TestCaseMain.java:142)
	at com.kms.katalon.core.main.TestCaseMain$startTestSuite$0.call(Unknown Source)
	at org.codehaus.groovy.runtime.callsite.CallSiteArray.defaultCall(CallSiteArray.java:48)
	at org.codehaus.groovy.runtime.callsite.AbstractCallSite.call(AbstractCallSite.java:113)
	at org.codehaus.groovy.runtime.callsite.AbstractCallSite.call(AbstractCallSite.java:141)
	at TempTestSuite1542031977124.run(TempTestSuite1542031977124.groovy:36)
	at groovy.lang.GroovyShell.runScriptOrMainOrTestOrRunnable(GroovyShell.java:263)
	at groovy.lang.GroovyShell.run(GroovyShell.java:518)
	at groovy.lang.GroovyShell.run(GroovyShell.java:507)
	at groovy.ui.GroovyMain.processOnce(GroovyMain.java:653)
	at groovy.ui.GroovyMain.run(GroovyMain.java:384)
	at groovy.ui.GroovyMain.process(GroovyMain.java:370)
	at groovy.ui.GroovyMain.processArgs(GroovyMain.java:129)
	at groovy.ui.GroovyMain.main(GroovyMain.java:109)
	at sun.reflect.NativeMethodAccessorImpl.invoke0(Native Method)
	at sun.reflect.NativeMethodAccessorImpl.invoke(NativeMethodAccessorImpl.java:62)
	at sun.reflect.DelegatingMethodAccessorImpl.invoke(DelegatingMethodAccessorImpl.java:43)
	at java.lang.reflect.Method.invoke(Method.java:498)
	at org.codehaus.groovy.tools.GroovyStarter.rootLoader(GroovyStarter.java:109)
	at org.codehaus.groovy.tools.GroovyStarter.main(GroovyStarter.java:131)
)]]></system-err>
      </testcase>
      <testcase name="Test Cases/Associate Application/My Downline/TCBA01607" classname="Test Cases/Associate Application/My Downline/TCBA01607" status="FAILED">
         <failure type="FAILED" message="(Stack trace: com.kms.katalon.core.exception.StepFailedException: Unable to verify object 'Object Repository/My Downline/Page_My Downline  5-15/div_...12345678...' is present (Root cause: com.kms.katalon.core.webui.exception.WebElementNotFoundException: Web element with id: 'Object Repository/My Downline/Page_My Downline  5-15/div_...12345678...' located by 'By.xpath: //div[(text() = '...12345678...' or . = '...12345678...')]' not found)
	at com.kms.katalon.core.keyword.internal.KeywordMain.stepFailed(KeywordMain.groovy:36)
	at com.kms.katalon.core.webui.keyword.internal.WebUIKeywordMain.stepFailed(WebUIKeywordMain.groovy:65)
	at com.kms.katalon.core.webui.keyword.internal.WebUIKeywordMain.runKeyword(WebUIKeywordMain.groovy:27)
	at com.kms.katalon.core.webui.keyword.builtin.VerifyElementPresentKeyword.verifyElementPresent(VerifyElementPresentKeyword.groovy:92)
	at com.kms.katalon.core.webui.keyword.builtin.VerifyElementPresentKeyword.execute(VerifyElementPresentKeyword.groovy:68)
	at com.kms.katalon.core.keyword.internal.KeywordExecutor.executeKeywordForPlatform(KeywordExecutor.groovy:53)
	at com.kms.katalon.core.webui.keyword.WebUiBuiltInKeywords.verifyElementPresent(WebUiBuiltInKeywords.groovy:1434)
	at com.kms.katalon.core.webui.keyword.WebUiBuiltInKeywords$verifyElementPresent$9.call(Unknown Source)
	at org.codehaus.groovy.runtime.callsite.CallSiteArray.defaultCall(CallSiteArray.java:48)
	at org.codehaus.groovy.runtime.callsite.AbstractCallSite.call(AbstractCallSite.java:113)
	at org.codehaus.groovy.runtime.callsite.AbstractCallSite.call(AbstractCallSite.java:133)
	at Script1540451574823.run(Script1540451574823.groovy:16)
	at com.kms.katalon.core.main.ScriptEngine.run(ScriptEngine.java:183)
	at com.kms.katalon.core.main.ScriptEngine.runScriptAsRawText(ScriptEngine.java:108)
	at com.kms.katalon.core.main.TestCaseExecutor.runScript(TestCaseExecutor.java:294)
	at com.kms.katalon.core.main.TestCaseExecutor.doExecute(TestCaseExecutor.java:285)
	at com.kms.katalon.core.main.TestCaseExecutor.processExecutionPhase(TestCaseExecutor.java:264)
	at com.kms.katalon.core.main.TestCaseExecutor.accessMainPhase(TestCaseExecutor.java:256)
	at com.kms.katalon.core.main.TestCaseExecutor.execute(TestCaseExecutor.java:200)
	at com.kms.katalon.core.main.TestSuiteExecutor.accessTestCaseMainPhase(TestSuiteExecutor.java:129)
	at com.kms.katalon.core.main.TestSuiteExecutor.accessTestSuiteMainPhase(TestSuiteExecutor.java:112)
	at com.kms.katalon.core.main.TestSuiteExecutor.execute(TestSuiteExecutor.java:81)
	at com.kms.katalon.core.main.TestCaseMain.startTestSuite(TestCaseMain.java:142)
	at com.kms.katalon.core.main.TestCaseMain$startTestSuite$0.call(Unknown Source)
	at org.codehaus.groovy.runtime.callsite.CallSiteArray.defaultCall(CallSiteArray.java:48)
	at org.codehaus.groovy.runtime.callsite.AbstractCallSite.call(AbstractCallSite.java:113)
	at org.codehaus.groovy.runtime.callsite.AbstractCallSite.call(AbstractCallSite.java:141)
	at TempTestSuite1542031977124.run(TempTestSuite1542031977124.groovy:36)
	at groovy.lang.GroovyShell.runScriptOrMainOrTestOrRunnable(GroovyShell.java:263)
	at groovy.lang.GroovyShell.run(GroovyShell.java:518)
	at groovy.lang.GroovyShell.run(GroovyShell.java:507)
	at groovy.ui.GroovyMain.processOnce(GroovyMain.java:653)
	at groovy.ui.GroovyMain.run(GroovyMain.java:384)
	at groovy.ui.GroovyMain.process(GroovyMain.java:370)
	at groovy.ui.GroovyMain.processArgs(GroovyMain.java:129)
	at groovy.ui.GroovyMain.main(GroovyMain.java:109)
	at sun.reflect.NativeMethodAccessorImpl.invoke0(Native Method)
	at sun.reflect.NativeMethodAccessorImpl.invoke(NativeMethodAccessorImpl.java:62)
	at sun.reflect.DelegatingMethodAccessorImpl.invoke(DelegatingMethodAccessorImpl.java:43)
	at java.lang.reflect.Method.invoke(Method.java:498)
	at org.codehaus.groovy.tools.GroovyStarter.rootLoader(GroovyStarter.java:109)
	at org.codehaus.groovy.tools.GroovyStarter.main(GroovyStarter.java:131)
)"/>
         <system-out><![CDATA[2018-11-12 20:02:10 - [TEST_CASE][FAILED] - Test Cases/Associate Application/My Downline/TCBA01607: Test Cases/Associate Application/My Downline/TCBA01607 FAILED because (of) (Stack trace: com.kms.katalon.core.exception.StepFailedException: Unable to verify object 'Object Repository/My Downline/Page_My Downline  5-15/div_...12345678...' is present (Root cause: com.kms.katalon.core.webui.exception.WebElementNotFoundException: Web element with id: 'Object Repository/My Downline/Page_My Downline  5-15/div_...12345678...' located by 'By.xpath: //div[(text() = '...12345678...' or . = '...12345678...')]' not found)
	at com.kms.katalon.core.keyword.internal.KeywordMain.stepFailed(KeywordMain.groovy:36)
	at com.kms.katalon.core.webui.keyword.internal.WebUIKeywordMain.stepFailed(WebUIKeywordMain.groovy:65)
	at com.kms.katalon.core.webui.keyword.internal.WebUIKeywordMain.runKeyword(WebUIKeywordMain.groovy:27)
	at com.kms.katalon.core.webui.keyword.builtin.VerifyElementPresentKeyword.verifyElementPresent(VerifyElementPresentKeyword.groovy:92)
	at com.kms.katalon.core.webui.keyword.builtin.VerifyElementPresentKeyword.execute(VerifyElementPresentKeyword.groovy:68)
	at com.kms.katalon.core.keyword.internal.KeywordExecutor.executeKeywordForPlatform(KeywordExecutor.groovy:53)
	at com.kms.katalon.core.webui.keyword.WebUiBuiltInKeywords.verifyElementPresent(WebUiBuiltInKeywords.groovy:1434)
	at com.kms.katalon.core.webui.keyword.WebUiBuiltInKeywords$verifyElementPresent$9.call(Unknown Source)
	at org.codehaus.groovy.runtime.callsite.CallSiteArray.defaultCall(CallSiteArray.java:48)
	at org.codehaus.groovy.runtime.callsite.AbstractCallSite.call(AbstractCallSite.java:113)
	at org.codehaus.groovy.runtime.callsite.AbstractCallSite.call(AbstractCallSite.java:133)
	at Script1540451574823.run(Script1540451574823.groovy:16)
	at com.kms.katalon.core.main.ScriptEngine.run(ScriptEngine.java:183)
	at com.kms.katalon.core.main.ScriptEngine.runScriptAsRawText(ScriptEngine.java:108)
	at com.kms.katalon.core.main.TestCaseExecutor.runScript(TestCaseExecutor.java:294)
	at com.kms.katalon.core.main.TestCaseExecutor.doExecute(TestCaseExecutor.java:285)
	at com.kms.katalon.core.main.TestCaseExecutor.processExecutionPhase(TestCaseExecutor.java:264)
	at com.kms.katalon.core.main.TestCaseExecutor.accessMainPhase(TestCaseExecutor.java:256)
	at com.kms.katalon.core.main.TestCaseExecutor.execute(TestCaseExecutor.java:200)
	at com.kms.katalon.core.main.TestSuiteExecutor.accessTestCaseMainPhase(TestSuiteExecutor.java:129)
	at com.kms.katalon.core.main.TestSuiteExecutor.accessTestSuiteMainPhase(TestSuiteExecutor.java:112)
	at com.kms.katalon.core.main.TestSuiteExecutor.execute(TestSuiteExecutor.java:81)
	at com.kms.katalon.core.main.TestCaseMain.startTestSuite(TestCaseMain.java:142)
	at com.kms.katalon.core.main.TestCaseMain$startTestSuite$0.call(Unknown Source)
	at org.codehaus.groovy.runtime.callsite.CallSiteArray.defaultCall(CallSiteArray.java:48)
	at org.codehaus.groovy.runtime.callsite.AbstractCallSite.call(AbstractCallSite.java:113)
	at org.codehaus.groovy.runtime.callsite.AbstractCallSite.call(AbstractCallSite.java:141)
	at TempTestSuite1542031977124.run(TempTestSuite1542031977124.groovy:36)
	at groovy.lang.GroovyShell.runScriptOrMainOrTestOrRunnable(GroovyShell.java:263)
	at groovy.lang.GroovyShell.run(GroovyShell.java:518)
	at groovy.lang.GroovyShell.run(GroovyShell.java:507)
	at groovy.ui.GroovyMain.processOnce(GroovyMain.java:653)
	at groovy.ui.GroovyMain.run(GroovyMain.java:384)
	at groovy.ui.GroovyMain.process(GroovyMain.java:370)
	at groovy.ui.GroovyMain.processArgs(GroovyMain.java:129)
	at groovy.ui.GroovyMain.main(GroovyMain.java:109)
	at sun.reflect.NativeMethodAccessorImpl.invoke0(Native Method)
	at sun.reflect.NativeMethodAccessorImpl.invoke(NativeMethodAccessorImpl.java:62)
	at sun.reflect.DelegatingMethodAccessorImpl.invoke(DelegatingMethodAccessorImpl.java:43)
	at java.lang.reflect.Method.invoke(Method.java:498)
	at org.codehaus.groovy.tools.GroovyStarter.rootLoader(GroovyStarter.java:109)
	at org.codehaus.groovy.tools.GroovyStarter.main(GroovyStarter.java:131)
)

2018-11-12 20:02:10 - [TEST_STEP][FAILED] - verifyElementPresent: Unable to verify object 'Object Repository/My Downline/Page_My Downline  5-15/div_...12345678...' is present (Root cause: com.kms.katalon.core.webui.exception.WebElementNotFoundException: Web element with id: 'Object Repository/My Downline/Page_My Downline  5-15/div_...12345678...' located by 'By.xpath: //div[(text() = '...12345678...' or . = '...12345678...')]' not found)

2018-11-12 20:02:10 - [MESSAGE][WARNING] - Timeout '0' is invalid. Using default page load timeout: '30'

2018-11-12 20:02:43 - [MESSAGE][FAILED] - com.kms.katalon.core.webui.exception.WebElementNotFoundException: Web element with id: 'Object Repository/My Downline/Page_My Downline  5-15/div_...12345678...' located by 'By.xpath: //div[(text() = '...12345678...' or . = '...12345678...')]' not found
[[ATTACHMENT|E:\\Bonanzha\\katalon Bonanzha\\Reports\\VBZ0016-My Downline\\20181112_194257\\1542033163053.png]]

2018-11-12 20:02:43 - [MESSAGE][FAILED] - Unable to verify object 'Object Repository/My Downline/Page_My Downline  5-15/div_...12345678...' is present (Root cause: com.kms.katalon.core.webui.exception.WebElementNotFoundException: Web element with id: 'Object Repository/My Downline/Page_My Downline  5-15/div_...12345678...' located by 'By.xpath: //div[(text() = '...12345678...' or . = '...12345678...')]' not found)
[[ATTACHMENT|E:\\Bonanzha\\katalon Bonanzha\\Reports\\VBZ0016-My Downline\\20181112_194257\\1542033163390.png]]]]></system-out>
         <system-err><![CDATA[2018-11-12 20:02:10 - [TEST_CASE][FAILED] - Test Cases/Associate Application/My Downline/TCBA01607: Test Cases/Associate Application/My Downline/TCBA01607 FAILED because (of) (Stack trace: com.kms.katalon.core.exception.StepFailedException: Unable to verify object 'Object Repository/My Downline/Page_My Downline  5-15/div_...12345678...' is present (Root cause: com.kms.katalon.core.webui.exception.WebElementNotFoundException: Web element with id: 'Object Repository/My Downline/Page_My Downline  5-15/div_...12345678...' located by 'By.xpath: //div[(text() = '...12345678...' or . = '...12345678...')]' not found)
	at com.kms.katalon.core.keyword.internal.KeywordMain.stepFailed(KeywordMain.groovy:36)
	at com.kms.katalon.core.webui.keyword.internal.WebUIKeywordMain.stepFailed(WebUIKeywordMain.groovy:65)
	at com.kms.katalon.core.webui.keyword.internal.WebUIKeywordMain.runKeyword(WebUIKeywordMain.groovy:27)
	at com.kms.katalon.core.webui.keyword.builtin.VerifyElementPresentKeyword.verifyElementPresent(VerifyElementPresentKeyword.groovy:92)
	at com.kms.katalon.core.webui.keyword.builtin.VerifyElementPresentKeyword.execute(VerifyElementPresentKeyword.groovy:68)
	at com.kms.katalon.core.keyword.internal.KeywordExecutor.executeKeywordForPlatform(KeywordExecutor.groovy:53)
	at com.kms.katalon.core.webui.keyword.WebUiBuiltInKeywords.verifyElementPresent(WebUiBuiltInKeywords.groovy:1434)
	at com.kms.katalon.core.webui.keyword.WebUiBuiltInKeywords$verifyElementPresent$9.call(Unknown Source)
	at org.codehaus.groovy.runtime.callsite.CallSiteArray.defaultCall(CallSiteArray.java:48)
	at org.codehaus.groovy.runtime.callsite.AbstractCallSite.call(AbstractCallSite.java:113)
	at org.codehaus.groovy.runtime.callsite.AbstractCallSite.call(AbstractCallSite.java:133)
	at Script1540451574823.run(Script1540451574823.groovy:16)
	at com.kms.katalon.core.main.ScriptEngine.run(ScriptEngine.java:183)
	at com.kms.katalon.core.main.ScriptEngine.runScriptAsRawText(ScriptEngine.java:108)
	at com.kms.katalon.core.main.TestCaseExecutor.runScript(TestCaseExecutor.java:294)
	at com.kms.katalon.core.main.TestCaseExecutor.doExecute(TestCaseExecutor.java:285)
	at com.kms.katalon.core.main.TestCaseExecutor.processExecutionPhase(TestCaseExecutor.java:264)
	at com.kms.katalon.core.main.TestCaseExecutor.accessMainPhase(TestCaseExecutor.java:256)
	at com.kms.katalon.core.main.TestCaseExecutor.execute(TestCaseExecutor.java:200)
	at com.kms.katalon.core.main.TestSuiteExecutor.accessTestCaseMainPhase(TestSuiteExecutor.java:129)
	at com.kms.katalon.core.main.TestSuiteExecutor.accessTestSuiteMainPhase(TestSuiteExecutor.java:112)
	at com.kms.katalon.core.main.TestSuiteExecutor.execute(TestSuiteExecutor.java:81)
	at com.kms.katalon.core.main.TestCaseMain.startTestSuite(TestCaseMain.java:142)
	at com.kms.katalon.core.main.TestCaseMain$startTestSuite$0.call(Unknown Source)
	at org.codehaus.groovy.runtime.callsite.CallSiteArray.defaultCall(CallSiteArray.java:48)
	at org.codehaus.groovy.runtime.callsite.AbstractCallSite.call(AbstractCallSite.java:113)
	at org.codehaus.groovy.runtime.callsite.AbstractCallSite.call(AbstractCallSite.java:141)
	at TempTestSuite1542031977124.run(TempTestSuite1542031977124.groovy:36)
	at groovy.lang.GroovyShell.runScriptOrMainOrTestOrRunnable(GroovyShell.java:263)
	at groovy.lang.GroovyShell.run(GroovyShell.java:518)
	at groovy.lang.GroovyShell.run(GroovyShell.java:507)
	at groovy.ui.GroovyMain.processOnce(GroovyMain.java:653)
	at groovy.ui.GroovyMain.run(GroovyMain.java:384)
	at groovy.ui.GroovyMain.process(GroovyMain.java:370)
	at groovy.ui.GroovyMain.processArgs(GroovyMain.java:129)
	at groovy.ui.GroovyMain.main(GroovyMain.java:109)
	at sun.reflect.NativeMethodAccessorImpl.invoke0(Native Method)
	at sun.reflect.NativeMethodAccessorImpl.invoke(NativeMethodAccessorImpl.java:62)
	at sun.reflect.DelegatingMethodAccessorImpl.invoke(DelegatingMethodAccessorImpl.java:43)
	at java.lang.reflect.Method.invoke(Method.java:498)
	at org.codehaus.groovy.tools.GroovyStarter.rootLoader(GroovyStarter.java:109)
	at org.codehaus.groovy.tools.GroovyStarter.main(GroovyStarter.java:131)
)]]></system-err>
      </testcase>
      <testcase name="Test Cases/Associate Application/My Downline/TCBA01608" classname="Test Cases/Associate Application/My Downline/TCBA01608" status="FAILED">
         <failure type="FAILED" message="(Stack trace: com.kms.katalon.core.exception.StepFailedException: Unable to select option by value '4854' of object 'Object Repository/My Downline/Page_My Downline  5-15/select_Select Sponsor'  using regular expression (Root cause: com.kms.katalon.core.webui.exception.WebElementNotFoundException: Web element with id: 'Object Repository/My Downline/Page_My Downline  5-15/select_Select Sponsor' located by 'By.xpath: //select[(text() = '
            Select Sponsor
             17, test Text Last Name,  Text First Name@@4434345@@@@@@@, pers11, Test111111, 111111212, 1211212, 12121212, 2121221, 212112345, Shinto12345, Shinto15, test18, test20, test200, 100200, Acc1002000, 100020000, 100020000, 1000020180725, Greg2020, Shinto2025, Shinto212, shinto212121, 212121222222, 33333323232, 323233, 231, test32323, 33232332, Test4434, 4521444, 444450, test51, testA, TestA1, ShintoAB, ShintoAB, ShintoAbc, testAbino, AntonioAgnese, IvanoAjanth, TestAjTest, TestAjAnalogo, MatteoArzuffi, Fabioasdas, sdasdAsf, 1000asg, asfAssociate, DuplicateAssociate, Test Badaduchi, JoeyBalbusso, GiacomoBalduzzi, GiacomoBandini, Georgebar, idanBar, Idanbar, idanBar, Idanbar, idanbar, idanBelotti, LuigiBeluschi, MarcoBenedetti, MarcelloBertolazza, GiuseppeBianchi, BiancaBing, Bella Blow, Joe Blow, JoeBlow, JoeBobev, Bobiboy, ya Bressani, FlaviaBrightly, AlanCarnevale, DaniloChalupsky, PaulChelin5, Jean5Cherchi, Stefanoclegane, aidaConti, CarloContractSignTest, EdgeCrickets, JiminyDamiani, ViolaDaniels, DanDat, TestData, TestDatabase, TestDDD, DDDDee, AlisonDeMotts, RobDeMotts, Rob2Demotts2, Rob2DeMotts3, Robertdennis test, dennis testDennis Test, Dennis TestDennis test2, Dennis test2dennis, dennisdh, dgfDias, Jose diaz, jddiff, akhilDoakes, JoeDoe, JohnDoe, JohnDoe, JohnDoe, JohnDoe, JohnDoe, JohnDoe, Johndoe, JohnDoe, JohnDoe, JohnDoe, JohnDoe, JohnDoe, JohnDoe, John Doe, John Doe, JohnDoe, JohnDoe, JohnDoe, JohnDoe, JohnDoe, JohnDoe, JohnDoe, JohnDoe, JuliaDoe, LeslieDoe, TestDoekeses, Johndsds, dsdsDunn, JuliaDyas, JerryDyas, JimEight, PandaEisenman, Hansemanuela, emanuelaemanuela, emanuelaEnglish, MatteoF, TonyFeinstein, JackFernandi, Robertofff, fffFive, PandaFour, Pandafrancesco, francescoG, DeniseG, Gregg, JerryG, Matteo 1/1/1980Galbiati, MatteoGalbiati, MatteoGalbiati, MatteoGalbiati, MatteoGalbiati, Matteo(gmail test)Galbiati11-23, Matteo3-30Galbiati2, Matteo2Galbiato, Matteogallinari, IvoGentile, DeniseGentile, Denise Gentile, Denise gjgj, gghdjGreen, JoeGum, BirthdateShouldBe20000101Gum, BTest3Gum, GregGum, GregGum, GregGum, GregGum, GregGum, GregGum, Greg_0608Gum, Greg_2018-09-17Gum, Greg_triggerTestGum, Greg_TriggerTest2gum, Greg0608AGum, Greg0608CGum, Greg0609Gum, Greg2018-09-22Gum, GregoryGum, Test2BirthdayShouldBe20000101Gum11, Greg11Gum19, Greg19Gum22, Greg22Gum22, Greg22Gum234, Greg234Gum44, GregGum44, Greg44Gum46, Greg46Gum5, Greg5Gum5, Greg5Gum51, Greg51Gum55, Greg22Gum55, Greg55Gum55, Greg55Gum55, Greg55Gum55, Greg55Gum6, Greg6Gum66, Greg66Gum66, Greg66Gum77, Greg77Gum77A, Greg77AGum78, Greg78Gum8, Greg8gum87, Greg87Gum88, Greg88Gum99, Greg99Gum99, Greg99Gum999, Greg999hil, akIE, MatteoIl Terzo, matteoJ, DJk, AbcdJK, QA1JK, ShintoJK, ShintoJK, ShintoJK, ShintoJK, ShintoJK, ShintoJK, ShintoJK, ShintoJK, ShintoJK, ShintoJK, ShintoJK, ShintoJK, ShintoJK, ShintoJK, ShintoJK, ShintoJK, ShintoJK, ShintoJK, ShintoJK, ShintoJK, ShintoJK, ShintoJK, ShintoJK, ShintoJK, ShintoJK, ShintoJK, shintoJK, ShintoJK, ShintoJK, ShintoJK, ShintoJK, ShintoJK, ShintoJK, Shinto-test3JK, TesterJK-2018, ShintoJK-2020, ShintoJK-2020, ShintoJones, JoeJose, Ajanth TestJose, DennisKK, JKKK, JK_2018KK, ShintoKK, ShintoKK, ShintoKK, ShintoKringle, KrisLast Name, First NameLast Name, First NameLast Name, First NameLast Name, First NameLast Name, First NameLast Name, First NameLast Name, First NameLast Name, First NameLast Name, First NameLast Name, First NameLast Name, First NameLast Name, First NameLast Name, First NameLast Name, First NameLast Name, First NameLast Name, First NameLast Name, First NameLast Name, First NameLast Name, First Namelast name, namelast name, namelast name, namelast name, namelast name, namelast name, namelast name, namelast, akLast, TestLast, TestLast, TestLast, TestLast, TestLast, TestLast, TestLast, TestLast, TestLast, TestLast, TestLast, TestLast, TestLast, TestLast, TestLast, TestLast, TestLast, TestLast, Testlast111111ghg ghghghlghlglhlglhgll glhglhlghlglhlgl hglhglhlghl lglhglhlghlglhlghlglhlgh lghlghlglhglhlglhgl lghlglhglhlghlglhlghlgllhlluoiouiouoiouoi ujgjlhg;ljhlgkjghjghkljghjghkljhjhjj;lhjh;lj;lh;l, akhil_firstlizana, davidLName, TestingLoehwing, AspasiaLoehwing, AspasiaLoehwing, AspasiaMassa, LucaMcDonald, RenataMcdonald, RenataMcDonald, RenataMcDonald, RenataMdy, ShintoMichaelson, Mikemiriam, jessicaMobile12, MatteoMR, Ajumustaffa, annNcDonald, Renatanuvoli, francescaOggi, VerificoOne, Pandaone, shintoOsborn, AlisonOsborn, AlisonOsborn, AlisonOsborn, AlisonOsborn, AlisonOsborn2, AlisonOzborn, AlisonPaiwonski, LenaPaoletti, FerdinandoPark, AndrewPasina, MassimoPatacca, GiorgioPedini, FedericoPlayer, EdgeCsrContractTestPlayer, PaulPortal, TestPortal, TestProfile, MattProva, TestQA1, ShintoQA1, Testqqq, 13/8/18qqq, qqqqqq, qqqqqqq, qqqR, AjR, AjR, AjanthR, AjanthR, AjanthR, AjanthR, AjanthR, AjanthRabbit, PeterRigamonti, ClaudioRigamonti, NicolaRossi, Francorossi, valeScanferla, CristoforoScarfone, JoeScoduti , Ivanasdfgdfg, sdfgsdgsdg, sdgsdgsdgsdg, sdgsdgsdgsdg, sfgsdfgsdsd, sdssdsd, Test Ajanthsdsdfdf, sddfdfdssdsdfdf, sddfdfdssdsdfdf, sddfdfdssdsdfdf, sddfdfdssdsdfdf, sddfdfdssdsdfdf, sddfdfdssdsdfdf, sddfdfdssdsdfdf, sddfdfdssdsdfdf, sddfdfdssdsdfdf, sddfdfdssdsdfdf, sddfdfdssdsdfdf, sddfdfdssdsdfdf, sddfdfdssdsdfdf, sddfdfdsSeven, PandaSilvesti, DanieleSK, JKSmoke_test, ShintoSmoke2, ShintoSmoke3, shintoSmoke3, shintoSmoke-Test (US), ShintoSmoke-Test (US), ShintoSmoke-Test, ShintoSmoke-Test, ShintoSocio, Secondostick, evasudhan, akhilT, Jessica t, tT, TestAssociateT1000, ShintoT12, ShintoT2, ShintoT40, ShintoATA11, Shintote, TestTest Assosiate, Test AssosiateTest, AjanthTest, AjanthTest, AjanthTest, Ajanth TestTest, Ajath Test123Test, AjTestTest, DennisTest, First nameTest, First nameTest, First nameTest, First nameTest, First nameTest, First nameTest, First nameTest, QA1Test, SeleniumTest, Shintotest, ShintoTest, ShintoTest, ShintoTest, Shinto-QATest, SKtest, testTest, TestTest, TestTest, TestTest, TestTest, TestTest, TestTest, Testtest, TestTest, Vipintest, Vofoxtest1Test1, QATest1, TestTest123, AjanthTest13, matteoTest2, AjanthTest2, Test2Test-2019, ShintoTest-2019, ShintoTest-2019, ShintoTest-2019, ShintoTest-2019, ShintoTest-2019, ShintoTest-2019, ShintoTest-2019, ShintoTest-2019, ShintoTest-2019, ShintoTest-2019, ShintoTest-2019, ShintoTest-2019, ShintoTest-2019, ShintoTest-2019, ShintoTest-2019, ShintoTest-2019, ShintoTest-2019, ShintoTest-2019, ShintoTest-2019, ShintoTest-2019, ShintoTest-2019, ShintoTest-2019, ShintoTest-2020, ShintoTest2040, ShintoTest223, AjanthTest333, AjanthTest4, AjanthTest423, AjanthTest5, Ajanth5Test523, AjanthTest60, ShintoTest623, AjanthtestA, ShintoTestA1, ShintoTestA1, ShintoTest-Associate-V1, Test-Associate-V1Tester, JCTester, JeanTester, JoeTester10, JeanTester11, JeanTester12, JeanTester13, JeanTester14, JeanTester15, JeanTester15, JeanTester16, JeanTester17, JeanTester18, Jean Tester2, Jean Tester21, JeanTester22, JeanTester23, JeanTester24, JeanTester25, JeanTestInvite, TestInvitetestt, testtText Last Name, Text First NameText Last Name, Text First NameText Last Name, Text First NameText Last Name, Text First NameText Last Name, Text First NameText Last Name, Text First NameText Last Name, Text First NameText Last Name, Text First NameText Last Name, Text First NameText Last Name, Text First NameText Last Name, Text First NameText Last Name, Text First NameText Last Name, Text First NameText Last Name, Text First NameText Last Name, Text First NameText Last Name, Text First NameText Last Name, Text First NameText Last Name, Text First NameText Last Name, Text First NameText Last Name, Text First NameText Last Name, Text First NameText Last Name, Text First NameText Last Name, Text First NameText Last Name, Text First NameText Last Name, Text First NameText Last Name, Text First NameText Last Name, Text First NameText Last Name, Text First NameText Last Name, Text First NameText Last Name, Text First Nametg, tjthandassery, akhilThree, PandaTuratti, CristoforoTwo, PandaTwomey, TonyTwomey, Tonyv , dcv Vaixx, IdanVangelica, Dafnevbbbbb, aaaaavbn, bnbvnVersione13, MatteoVertemati, Giovannivhv, rtvnf, vandanavvxvc, pouokiWood, DustyXjx, Dhxdhytytyty, ytyt
          ' or . = '
            Select Sponsor
             17, test Text Last Name,  Text First Name@@4434345@@@@@@@, pers11, Test111111, 111111212, 1211212, 12121212, 2121221, 212112345, Shinto12345, Shinto15, test18, test20, test200, 100200, Acc1002000, 100020000, 100020000, 1000020180725, Greg2020, Shinto2025, Shinto212, shinto212121, 212121222222, 33333323232, 323233, 231, test32323, 33232332, Test4434, 4521444, 444450, test51, testA, TestA1, ShintoAB, ShintoAB, ShintoAbc, testAbino, AntonioAgnese, IvanoAjanth, TestAjTest, TestAjAnalogo, MatteoArzuffi, Fabioasdas, sdasdAsf, 1000asg, asfAssociate, DuplicateAssociate, Test Badaduchi, JoeyBalbusso, GiacomoBalduzzi, GiacomoBandini, Georgebar, idanBar, Idanbar, idanBar, Idanbar, idanbar, idanBelotti, LuigiBeluschi, MarcoBenedetti, MarcelloBertolazza, GiuseppeBianchi, BiancaBing, Bella Blow, Joe Blow, JoeBlow, JoeBobev, Bobiboy, ya Bressani, FlaviaBrightly, AlanCarnevale, DaniloChalupsky, PaulChelin5, Jean5Cherchi, Stefanoclegane, aidaConti, CarloContractSignTest, EdgeCrickets, JiminyDamiani, ViolaDaniels, DanDat, TestData, TestDatabase, TestDDD, DDDDee, AlisonDeMotts, RobDeMotts, Rob2Demotts2, Rob2DeMotts3, Robertdennis test, dennis testDennis Test, Dennis TestDennis test2, Dennis test2dennis, dennisdh, dgfDias, Jose diaz, jddiff, akhilDoakes, JoeDoe, JohnDoe, JohnDoe, JohnDoe, JohnDoe, JohnDoe, JohnDoe, Johndoe, JohnDoe, JohnDoe, JohnDoe, JohnDoe, JohnDoe, JohnDoe, John Doe, John Doe, JohnDoe, JohnDoe, JohnDoe, JohnDoe, JohnDoe, JohnDoe, JohnDoe, JohnDoe, JuliaDoe, LeslieDoe, TestDoekeses, Johndsds, dsdsDunn, JuliaDyas, JerryDyas, JimEight, PandaEisenman, Hansemanuela, emanuelaemanuela, emanuelaEnglish, MatteoF, TonyFeinstein, JackFernandi, Robertofff, fffFive, PandaFour, Pandafrancesco, francescoG, DeniseG, Gregg, JerryG, Matteo 1/1/1980Galbiati, MatteoGalbiati, MatteoGalbiati, MatteoGalbiati, MatteoGalbiati, Matteo(gmail test)Galbiati11-23, Matteo3-30Galbiati2, Matteo2Galbiato, Matteogallinari, IvoGentile, DeniseGentile, Denise Gentile, Denise gjgj, gghdjGreen, JoeGum, BirthdateShouldBe20000101Gum, BTest3Gum, GregGum, GregGum, GregGum, GregGum, GregGum, GregGum, Greg_0608Gum, Greg_2018-09-17Gum, Greg_triggerTestGum, Greg_TriggerTest2gum, Greg0608AGum, Greg0608CGum, Greg0609Gum, Greg2018-09-22Gum, GregoryGum, Test2BirthdayShouldBe20000101Gum11, Greg11Gum19, Greg19Gum22, Greg22Gum22, Greg22Gum234, Greg234Gum44, GregGum44, Greg44Gum46, Greg46Gum5, Greg5Gum5, Greg5Gum51, Greg51Gum55, Greg22Gum55, Greg55Gum55, Greg55Gum55, Greg55Gum55, Greg55Gum6, Greg6Gum66, Greg66Gum66, Greg66Gum77, Greg77Gum77A, Greg77AGum78, Greg78Gum8, Greg8gum87, Greg87Gum88, Greg88Gum99, Greg99Gum99, Greg99Gum999, Greg999hil, akIE, MatteoIl Terzo, matteoJ, DJk, AbcdJK, QA1JK, ShintoJK, ShintoJK, ShintoJK, ShintoJK, ShintoJK, ShintoJK, ShintoJK, ShintoJK, ShintoJK, ShintoJK, ShintoJK, ShintoJK, ShintoJK, ShintoJK, ShintoJK, ShintoJK, ShintoJK, ShintoJK, ShintoJK, ShintoJK, ShintoJK, ShintoJK, ShintoJK, ShintoJK, ShintoJK, ShintoJK, shintoJK, ShintoJK, ShintoJK, ShintoJK, ShintoJK, ShintoJK, ShintoJK, Shinto-test3JK, TesterJK-2018, ShintoJK-2020, ShintoJK-2020, ShintoJones, JoeJose, Ajanth TestJose, DennisKK, JKKK, JK_2018KK, ShintoKK, ShintoKK, ShintoKK, ShintoKringle, KrisLast Name, First NameLast Name, First NameLast Name, First NameLast Name, First NameLast Name, First NameLast Name, First NameLast Name, First NameLast Name, First NameLast Name, First NameLast Name, First NameLast Name, First NameLast Name, First NameLast Name, First NameLast Name, First NameLast Name, First NameLast Name, First NameLast Name, First NameLast Name, First NameLast Name, First Namelast name, namelast name, namelast name, namelast name, namelast name, namelast name, namelast name, namelast, akLast, TestLast, TestLast, TestLast, TestLast, TestLast, TestLast, TestLast, TestLast, TestLast, TestLast, TestLast, TestLast, TestLast, TestLast, TestLast, TestLast, TestLast, TestLast, Testlast111111ghg ghghghlghlglhlglhgll glhglhlghlglhlgl hglhglhlghl lglhglhlghlglhlghlglhlgh lghlghlglhglhlglhgl lghlglhglhlghlglhlghlgllhlluoiouiouoiouoi ujgjlhg;ljhlgkjghjghkljghjghkljhjhjj;lhjh;lj;lh;l, akhil_firstlizana, davidLName, TestingLoehwing, AspasiaLoehwing, AspasiaLoehwing, AspasiaMassa, LucaMcDonald, RenataMcdonald, RenataMcDonald, RenataMcDonald, RenataMdy, ShintoMichaelson, Mikemiriam, jessicaMobile12, MatteoMR, Ajumustaffa, annNcDonald, Renatanuvoli, francescaOggi, VerificoOne, Pandaone, shintoOsborn, AlisonOsborn, AlisonOsborn, AlisonOsborn, AlisonOsborn, AlisonOsborn2, AlisonOzborn, AlisonPaiwonski, LenaPaoletti, FerdinandoPark, AndrewPasina, MassimoPatacca, GiorgioPedini, FedericoPlayer, EdgeCsrContractTestPlayer, PaulPortal, TestPortal, TestProfile, MattProva, TestQA1, ShintoQA1, Testqqq, 13/8/18qqq, qqqqqq, qqqqqqq, qqqR, AjR, AjR, AjanthR, AjanthR, AjanthR, AjanthR, AjanthR, AjanthRabbit, PeterRigamonti, ClaudioRigamonti, NicolaRossi, Francorossi, valeScanferla, CristoforoScarfone, JoeScoduti , Ivanasdfgdfg, sdfgsdgsdg, sdgsdgsdgsdg, sdgsdgsdgsdg, sfgsdfgsdsd, sdssdsd, Test Ajanthsdsdfdf, sddfdfdssdsdfdf, sddfdfdssdsdfdf, sddfdfdssdsdfdf, sddfdfdssdsdfdf, sddfdfdssdsdfdf, sddfdfdssdsdfdf, sddfdfdssdsdfdf, sddfdfdssdsdfdf, sddfdfdssdsdfdf, sddfdfdssdsdfdf, sddfdfdssdsdfdf, sddfdfdssdsdfdf, sddfdfdssdsdfdf, sddfdfdsSeven, PandaSilvesti, DanieleSK, JKSmoke_test, ShintoSmoke2, ShintoSmoke3, shintoSmoke3, shintoSmoke-Test (US), ShintoSmoke-Test (US), ShintoSmoke-Test, ShintoSmoke-Test, ShintoSocio, Secondostick, evasudhan, akhilT, Jessica t, tT, TestAssociateT1000, ShintoT12, ShintoT2, ShintoT40, ShintoATA11, Shintote, TestTest Assosiate, Test AssosiateTest, AjanthTest, AjanthTest, AjanthTest, Ajanth TestTest, Ajath Test123Test, AjTestTest, DennisTest, First nameTest, First nameTest, First nameTest, First nameTest, First nameTest, First nameTest, First nameTest, QA1Test, SeleniumTest, Shintotest, ShintoTest, ShintoTest, ShintoTest, Shinto-QATest, SKtest, testTest, TestTest, TestTest, TestTest, TestTest, TestTest, TestTest, Testtest, TestTest, Vipintest, Vofoxtest1Test1, QATest1, TestTest123, AjanthTest13, matteoTest2, AjanthTest2, Test2Test-2019, ShintoTest-2019, ShintoTest-2019, ShintoTest-2019, ShintoTest-2019, ShintoTest-2019, ShintoTest-2019, ShintoTest-2019, ShintoTest-2019, ShintoTest-2019, ShintoTest-2019, ShintoTest-2019, ShintoTest-2019, ShintoTest-2019, ShintoTest-2019, ShintoTest-2019, ShintoTest-2019, ShintoTest-2019, ShintoTest-2019, ShintoTest-2019, ShintoTest-2019, ShintoTest-2019, ShintoTest-2019, ShintoTest-2020, ShintoTest2040, ShintoTest223, AjanthTest333, AjanthTest4, AjanthTest423, AjanthTest5, Ajanth5Test523, AjanthTest60, ShintoTest623, AjanthtestA, ShintoTestA1, ShintoTestA1, ShintoTest-Associate-V1, Test-Associate-V1Tester, JCTester, JeanTester, JoeTester10, JeanTester11, JeanTester12, JeanTester13, JeanTester14, JeanTester15, JeanTester15, JeanTester16, JeanTester17, JeanTester18, Jean Tester2, Jean Tester21, JeanTester22, JeanTester23, JeanTester24, JeanTester25, JeanTestInvite, TestInvitetestt, testtText Last Name, Text First NameText Last Name, Text First NameText Last Name, Text First NameText Last Name, Text First NameText Last Name, Text First NameText Last Name, Text First NameText Last Name, Text First NameText Last Name, Text First NameText Last Name, Text First NameText Last Name, Text First NameText Last Name, Text First NameText Last Name, Text First NameText Last Name, Text First NameText Last Name, Text First NameText Last Name, Text First NameText Last Name, Text First NameText Last Name, Text First NameText Last Name, Text First NameText Last Name, Text First NameText Last Name, Text First NameText Last Name, Text First NameText Last Name, Text First NameText Last Name, Text First NameText Last Name, Text First NameText Last Name, Text First NameText Last Name, Text First NameText Last Name, Text First NameText Last Name, Text First NameText Last Name, Text First NameText Last Name, Text First Nametg, tjthandassery, akhilThree, PandaTuratti, CristoforoTwo, PandaTwomey, TonyTwomey, Tonyv , dcv Vaixx, IdanVangelica, Dafnevbbbbb, aaaaavbn, bnbvnVersione13, MatteoVertemati, Giovannivhv, rtvnf, vandanavvxvc, pouokiWood, DustyXjx, Dhxdhytytyty, ytyt
          ')]' not found)
	at com.kms.katalon.core.keyword.internal.KeywordMain.stepFailed(KeywordMain.groovy:36)
	at com.kms.katalon.core.webui.keyword.internal.WebUIKeywordMain.stepFailed(WebUIKeywordMain.groovy:65)
	at com.kms.katalon.core.webui.keyword.internal.WebUIKeywordMain.runKeyword(WebUIKeywordMain.groovy:27)
	at com.kms.katalon.core.webui.keyword.builtin.SelectOptionByValueKeyword.selectOptionByValue(SelectOptionByValueKeyword.groovy:99)
	at com.kms.katalon.core.webui.keyword.builtin.SelectOptionByValueKeyword.execute(SelectOptionByValueKeyword.groovy:71)
	at com.kms.katalon.core.keyword.internal.KeywordExecutor.executeKeywordForPlatform(KeywordExecutor.groovy:53)
	at com.kms.katalon.core.webui.keyword.WebUiBuiltInKeywords.selectOptionByValue(WebUiBuiltInKeywords.groovy:1138)
	at com.kms.katalon.core.webui.keyword.WebUiBuiltInKeywords$selectOptionByValue$8.call(Unknown Source)
	at org.codehaus.groovy.runtime.callsite.CallSiteArray.defaultCall(CallSiteArray.java:48)
	at org.codehaus.groovy.runtime.callsite.AbstractCallSite.call(AbstractCallSite.java:113)
	at org.codehaus.groovy.runtime.callsite.AbstractCallSite.call(AbstractCallSite.java:141)
	at Script1540451582658.run(Script1540451582658.groovy:56)
	at com.kms.katalon.core.main.ScriptEngine.run(ScriptEngine.java:183)
	at com.kms.katalon.core.main.ScriptEngine.runScriptAsRawText(ScriptEngine.java:108)
	at com.kms.katalon.core.main.TestCaseExecutor.runScript(TestCaseExecutor.java:294)
	at com.kms.katalon.core.main.TestCaseExecutor.doExecute(TestCaseExecutor.java:285)
	at com.kms.katalon.core.main.TestCaseExecutor.processExecutionPhase(TestCaseExecutor.java:264)
	at com.kms.katalon.core.main.TestCaseExecutor.accessMainPhase(TestCaseExecutor.java:256)
	at com.kms.katalon.core.main.TestCaseExecutor.execute(TestCaseExecutor.java:200)
	at com.kms.katalon.core.main.TestSuiteExecutor.accessTestCaseMainPhase(TestSuiteExecutor.java:129)
	at com.kms.katalon.core.main.TestSuiteExecutor.accessTestSuiteMainPhase(TestSuiteExecutor.java:112)
	at com.kms.katalon.core.main.TestSuiteExecutor.execute(TestSuiteExecutor.java:81)
	at com.kms.katalon.core.main.TestCaseMain.startTestSuite(TestCaseMain.java:142)
	at com.kms.katalon.core.main.TestCaseMain$startTestSuite$0.call(Unknown Source)
	at org.codehaus.groovy.runtime.callsite.CallSiteArray.defaultCall(CallSiteArray.java:48)
	at org.codehaus.groovy.runtime.callsite.AbstractCallSite.call(AbstractCallSite.java:113)
	at org.codehaus.groovy.runtime.callsite.AbstractCallSite.call(AbstractCallSite.java:141)
	at TempTestSuite1542031977124.run(TempTestSuite1542031977124.groovy:36)
	at groovy.lang.GroovyShell.runScriptOrMainOrTestOrRunnable(GroovyShell.java:263)
	at groovy.lang.GroovyShell.run(GroovyShell.java:518)
	at groovy.lang.GroovyShell.run(GroovyShell.java:507)
	at groovy.ui.GroovyMain.processOnce(GroovyMain.java:653)
	at groovy.ui.GroovyMain.run(GroovyMain.java:384)
	at groovy.ui.GroovyMain.process(GroovyMain.java:370)
	at groovy.ui.GroovyMain.processArgs(GroovyMain.java:129)
	at groovy.ui.GroovyMain.main(GroovyMain.java:109)
	at sun.reflect.NativeMethodAccessorImpl.invoke0(Native Method)
	at sun.reflect.NativeMethodAccessorImpl.invoke(NativeMethodAccessorImpl.java:62)
	at sun.reflect.DelegatingMethodAccessorImpl.invoke(DelegatingMethodAccessorImpl.java:43)
	at java.lang.reflect.Method.invoke(Method.java:498)
	at org.codehaus.groovy.tools.GroovyStarter.rootLoader(GroovyStarter.java:109)
	at org.codehaus.groovy.tools.GroovyStarter.main(GroovyStarter.java:131)
)"/>
         <system-out><![CDATA[2018-11-12 20:02:43 - [TEST_CASE][FAILED] - Test Cases/Associate Application/My Downline/TCBA01608: Test Cases/Associate Application/My Downline/TCBA01608 FAILED because (of) (Stack trace: com.kms.katalon.core.exception.StepFailedException: Unable to select option by value '4854' of object 'Object Repository/My Downline/Page_My Downline  5-15/select_Select Sponsor'  using regular expression (Root cause: com.kms.katalon.core.webui.exception.WebElementNotFoundException: Web element with id: 'Object Repository/My Downline/Page_My Downline  5-15/select_Select Sponsor' located by 'By.xpath: //select[(text() = '
            Select Sponsor
             17, test Text Last Name,  Text First Name@@4434345@@@@@@@, pers11, Test111111, 111111212, 1211212, 12121212, 2121221, 212112345, Shinto12345, Shinto15, test18, test20, test200, 100200, Acc1002000, 100020000, 100020000, 1000020180725, Greg2020, Shinto2025, Shinto212, shinto212121, 212121222222, 33333323232, 323233, 231, test32323, 33232332, Test4434, 4521444, 444450, test51, testA, TestA1, ShintoAB, ShintoAB, ShintoAbc, testAbino, AntonioAgnese, IvanoAjanth, TestAjTest, TestAjAnalogo, MatteoArzuffi, Fabioasdas, sdasdAsf, 1000asg, asfAssociate, DuplicateAssociate, Test Badaduchi, JoeyBalbusso, GiacomoBalduzzi, GiacomoBandini, Georgebar, idanBar, Idanbar, idanBar, Idanbar, idanbar, idanBelotti, LuigiBeluschi, MarcoBenedetti, MarcelloBertolazza, GiuseppeBianchi, BiancaBing, Bella Blow, Joe Blow, JoeBlow, JoeBobev, Bobiboy, ya Bressani, FlaviaBrightly, AlanCarnevale, DaniloChalupsky, PaulChelin5, Jean5Cherchi, Stefanoclegane, aidaConti, CarloContractSignTest, EdgeCrickets, JiminyDamiani, ViolaDaniels, DanDat, TestData, TestDatabase, TestDDD, DDDDee, AlisonDeMotts, RobDeMotts, Rob2Demotts2, Rob2DeMotts3, Robertdennis test, dennis testDennis Test, Dennis TestDennis test2, Dennis test2dennis, dennisdh, dgfDias, Jose diaz, jddiff, akhilDoakes, JoeDoe, JohnDoe, JohnDoe, JohnDoe, JohnDoe, JohnDoe, JohnDoe, Johndoe, JohnDoe, JohnDoe, JohnDoe, JohnDoe, JohnDoe, JohnDoe, John Doe, John Doe, JohnDoe, JohnDoe, JohnDoe, JohnDoe, JohnDoe, JohnDoe, JohnDoe, JohnDoe, JuliaDoe, LeslieDoe, TestDoekeses, Johndsds, dsdsDunn, JuliaDyas, JerryDyas, JimEight, PandaEisenman, Hansemanuela, emanuelaemanuela, emanuelaEnglish, MatteoF, TonyFeinstein, JackFernandi, Robertofff, fffFive, PandaFour, Pandafrancesco, francescoG, DeniseG, Gregg, JerryG, Matteo 1/1/1980Galbiati, MatteoGalbiati, MatteoGalbiati, MatteoGalbiati, MatteoGalbiati, Matteo(gmail test)Galbiati11-23, Matteo3-30Galbiati2, Matteo2Galbiato, Matteogallinari, IvoGentile, DeniseGentile, Denise Gentile, Denise gjgj, gghdjGreen, JoeGum, BirthdateShouldBe20000101Gum, BTest3Gum, GregGum, GregGum, GregGum, GregGum, GregGum, GregGum, Greg_0608Gum, Greg_2018-09-17Gum, Greg_triggerTestGum, Greg_TriggerTest2gum, Greg0608AGum, Greg0608CGum, Greg0609Gum, Greg2018-09-22Gum, GregoryGum, Test2BirthdayShouldBe20000101Gum11, Greg11Gum19, Greg19Gum22, Greg22Gum22, Greg22Gum234, Greg234Gum44, GregGum44, Greg44Gum46, Greg46Gum5, Greg5Gum5, Greg5Gum51, Greg51Gum55, Greg22Gum55, Greg55Gum55, Greg55Gum55, Greg55Gum55, Greg55Gum6, Greg6Gum66, Greg66Gum66, Greg66Gum77, Greg77Gum77A, Greg77AGum78, Greg78Gum8, Greg8gum87, Greg87Gum88, Greg88Gum99, Greg99Gum99, Greg99Gum999, Greg999hil, akIE, MatteoIl Terzo, matteoJ, DJk, AbcdJK, QA1JK, ShintoJK, ShintoJK, ShintoJK, ShintoJK, ShintoJK, ShintoJK, ShintoJK, ShintoJK, ShintoJK, ShintoJK, ShintoJK, ShintoJK, ShintoJK, ShintoJK, ShintoJK, ShintoJK, ShintoJK, ShintoJK, ShintoJK, ShintoJK, ShintoJK, ShintoJK, ShintoJK, ShintoJK, ShintoJK, ShintoJK, shintoJK, ShintoJK, ShintoJK, ShintoJK, ShintoJK, ShintoJK, ShintoJK, Shinto-test3JK, TesterJK-2018, ShintoJK-2020, ShintoJK-2020, ShintoJones, JoeJose, Ajanth TestJose, DennisKK, JKKK, JK_2018KK, ShintoKK, ShintoKK, ShintoKK, ShintoKringle, KrisLast Name, First NameLast Name, First NameLast Name, First NameLast Name, First NameLast Name, First NameLast Name, First NameLast Name, First NameLast Name, First NameLast Name, First NameLast Name, First NameLast Name, First NameLast Name, First NameLast Name, First NameLast Name, First NameLast Name, First NameLast Name, First NameLast Name, First NameLast Name, First NameLast Name, First Namelast name, namelast name, namelast name, namelast name, namelast name, namelast name, namelast name, namelast, akLast, TestLast, TestLast, TestLast, TestLast, TestLast, TestLast, TestLast, TestLast, TestLast, TestLast, TestLast, TestLast, TestLast, TestLast, TestLast, TestLast, TestLast, TestLast, Testlast111111ghg ghghghlghlglhlglhgll glhglhlghlglhlgl hglhglhlghl lglhglhlghlglhlghlglhlgh lghlghlglhglhlglhgl lghlglhglhlghlglhlghlgllhlluoiouiouoiouoi ujgjlhg;ljhlgkjghjghkljghjghkljhjhjj;lhjh;lj;lh;l, akhil_firstlizana, davidLName, TestingLoehwing, AspasiaLoehwing, AspasiaLoehwing, AspasiaMassa, LucaMcDonald, RenataMcdonald, RenataMcDonald, RenataMcDonald, RenataMdy, ShintoMichaelson, Mikemiriam, jessicaMobile12, MatteoMR, Ajumustaffa, annNcDonald, Renatanuvoli, francescaOggi, VerificoOne, Pandaone, shintoOsborn, AlisonOsborn, AlisonOsborn, AlisonOsborn, AlisonOsborn, AlisonOsborn2, AlisonOzborn, AlisonPaiwonski, LenaPaoletti, FerdinandoPark, AndrewPasina, MassimoPatacca, GiorgioPedini, FedericoPlayer, EdgeCsrContractTestPlayer, PaulPortal, TestPortal, TestProfile, MattProva, TestQA1, ShintoQA1, Testqqq, 13/8/18qqq, qqqqqq, qqqqqqq, qqqR, AjR, AjR, AjanthR, AjanthR, AjanthR, AjanthR, AjanthR, AjanthRabbit, PeterRigamonti, ClaudioRigamonti, NicolaRossi, Francorossi, valeScanferla, CristoforoScarfone, JoeScoduti , Ivanasdfgdfg, sdfgsdgsdg, sdgsdgsdgsdg, sdgsdgsdgsdg, sfgsdfgsdsd, sdssdsd, Test Ajanthsdsdfdf, sddfdfdssdsdfdf, sddfdfdssdsdfdf, sddfdfdssdsdfdf, sddfdfdssdsdfdf, sddfdfdssdsdfdf, sddfdfdssdsdfdf, sddfdfdssdsdfdf, sddfdfdssdsdfdf, sddfdfdssdsdfdf, sddfdfdssdsdfdf, sddfdfdssdsdfdf, sddfdfdssdsdfdf, sddfdfdssdsdfdf, sddfdfdsSeven, PandaSilvesti, DanieleSK, JKSmoke_test, ShintoSmoke2, ShintoSmoke3, shintoSmoke3, shintoSmoke-Test (US), ShintoSmoke-Test (US), ShintoSmoke-Test, ShintoSmoke-Test, ShintoSocio, Secondostick, evasudhan, akhilT, Jessica t, tT, TestAssociateT1000, ShintoT12, ShintoT2, ShintoT40, ShintoATA11, Shintote, TestTest Assosiate, Test AssosiateTest, AjanthTest, AjanthTest, AjanthTest, Ajanth TestTest, Ajath Test123Test, AjTestTest, DennisTest, First nameTest, First nameTest, First nameTest, First nameTest, First nameTest, First nameTest, First nameTest, QA1Test, SeleniumTest, Shintotest, ShintoTest, ShintoTest, ShintoTest, Shinto-QATest, SKtest, testTest, TestTest, TestTest, TestTest, TestTest, TestTest, TestTest, Testtest, TestTest, Vipintest, Vofoxtest1Test1, QATest1, TestTest123, AjanthTest13, matteoTest2, AjanthTest2, Test2Test-2019, ShintoTest-2019, ShintoTest-2019, ShintoTest-2019, ShintoTest-2019, ShintoTest-2019, ShintoTest-2019, ShintoTest-2019, ShintoTest-2019, ShintoTest-2019, ShintoTest-2019, ShintoTest-2019, ShintoTest-2019, ShintoTest-2019, ShintoTest-2019, ShintoTest-2019, ShintoTest-2019, ShintoTest-2019, ShintoTest-2019, ShintoTest-2019, ShintoTest-2019, ShintoTest-2019, ShintoTest-2019, ShintoTest-2020, ShintoTest2040, ShintoTest223, AjanthTest333, AjanthTest4, AjanthTest423, AjanthTest5, Ajanth5Test523, AjanthTest60, ShintoTest623, AjanthtestA, ShintoTestA1, ShintoTestA1, ShintoTest-Associate-V1, Test-Associate-V1Tester, JCTester, JeanTester, JoeTester10, JeanTester11, JeanTester12, JeanTester13, JeanTester14, JeanTester15, JeanTester15, JeanTester16, JeanTester17, JeanTester18, Jean Tester2, Jean Tester21, JeanTester22, JeanTester23, JeanTester24, JeanTester25, JeanTestInvite, TestInvitetestt, testtText Last Name, Text First NameText Last Name, Text First NameText Last Name, Text First NameText Last Name, Text First NameText Last Name, Text First NameText Last Name, Text First NameText Last Name, Text First NameText Last Name, Text First NameText Last Name, Text First NameText Last Name, Text First NameText Last Name, Text First NameText Last Name, Text First NameText Last Name, Text First NameText Last Name, Text First NameText Last Name, Text First NameText Last Name, Text First NameText Last Name, Text First NameText Last Name, Text First NameText Last Name, Text First NameText Last Name, Text First NameText Last Name, Text First NameText Last Name, Text First NameText Last Name, Text First NameText Last Name, Text First NameText Last Name, Text First NameText Last Name, Text First NameText Last Name, Text First NameText Last Name, Text First NameText Last Name, Text First NameText Last Name, Text First Nametg, tjthandassery, akhilThree, PandaTuratti, CristoforoTwo, PandaTwomey, TonyTwomey, Tonyv , dcv Vaixx, IdanVangelica, Dafnevbbbbb, aaaaavbn, bnbvnVersione13, MatteoVertemati, Giovannivhv, rtvnf, vandanavvxvc, pouokiWood, DustyXjx, Dhxdhytytyty, ytyt
          ' or . = '
            Select Sponsor
             17, test Text Last Name,  Text First Name@@4434345@@@@@@@, pers11, Test111111, 111111212, 1211212, 12121212, 2121221, 212112345, Shinto12345, Shinto15, test18, test20, test200, 100200, Acc1002000, 100020000, 100020000, 1000020180725, Greg2020, Shinto2025, Shinto212, shinto212121, 212121222222, 33333323232, 323233, 231, test32323, 33232332, Test4434, 4521444, 444450, test51, testA, TestA1, ShintoAB, ShintoAB, ShintoAbc, testAbino, AntonioAgnese, IvanoAjanth, TestAjTest, TestAjAnalogo, MatteoArzuffi, Fabioasdas, sdasdAsf, 1000asg, asfAssociate, DuplicateAssociate, Test Badaduchi, JoeyBalbusso, GiacomoBalduzzi, GiacomoBandini, Georgebar, idanBar, Idanbar, idanBar, Idanbar, idanbar, idanBelotti, LuigiBeluschi, MarcoBenedetti, MarcelloBertolazza, GiuseppeBianchi, BiancaBing, Bella Blow, Joe Blow, JoeBlow, JoeBobev, Bobiboy, ya Bressani, FlaviaBrightly, AlanCarnevale, DaniloChalupsky, PaulChelin5, Jean5Cherchi, Stefanoclegane, aidaConti, CarloContractSignTest, EdgeCrickets, JiminyDamiani, ViolaDaniels, DanDat, TestData, TestDatabase, TestDDD, DDDDee, AlisonDeMotts, RobDeMotts, Rob2Demotts2, Rob2DeMotts3, Robertdennis test, dennis testDennis Test, Dennis TestDennis test2, Dennis test2dennis, dennisdh, dgfDias, Jose diaz, jddiff, akhilDoakes, JoeDoe, JohnDoe, JohnDoe, JohnDoe, JohnDoe, JohnDoe, JohnDoe, Johndoe, JohnDoe, JohnDoe, JohnDoe, JohnDoe, JohnDoe, JohnDoe, John Doe, John Doe, JohnDoe, JohnDoe, JohnDoe, JohnDoe, JohnDoe, JohnDoe, JohnDoe, JohnDoe, JuliaDoe, LeslieDoe, TestDoekeses, Johndsds, dsdsDunn, JuliaDyas, JerryDyas, JimEight, PandaEisenman, Hansemanuela, emanuelaemanuela, emanuelaEnglish, MatteoF, TonyFeinstein, JackFernandi, Robertofff, fffFive, PandaFour, Pandafrancesco, francescoG, DeniseG, Gregg, JerryG, Matteo 1/1/1980Galbiati, MatteoGalbiati, MatteoGalbiati, MatteoGalbiati, MatteoGalbiati, Matteo(gmail test)Galbiati11-23, Matteo3-30Galbiati2, Matteo2Galbiato, Matteogallinari, IvoGentile, DeniseGentile, Denise Gentile, Denise gjgj, gghdjGreen, JoeGum, BirthdateShouldBe20000101Gum, BTest3Gum, GregGum, GregGum, GregGum, GregGum, GregGum, GregGum, Greg_0608Gum, Greg_2018-09-17Gum, Greg_triggerTestGum, Greg_TriggerTest2gum, Greg0608AGum, Greg0608CGum, Greg0609Gum, Greg2018-09-22Gum, GregoryGum, Test2BirthdayShouldBe20000101Gum11, Greg11Gum19, Greg19Gum22, Greg22Gum22, Greg22Gum234, Greg234Gum44, GregGum44, Greg44Gum46, Greg46Gum5, Greg5Gum5, Greg5Gum51, Greg51Gum55, Greg22Gum55, Greg55Gum55, Greg55Gum55, Greg55Gum55, Greg55Gum6, Greg6Gum66, Greg66Gum66, Greg66Gum77, Greg77Gum77A, Greg77AGum78, Greg78Gum8, Greg8gum87, Greg87Gum88, Greg88Gum99, Greg99Gum99, Greg99Gum999, Greg999hil, akIE, MatteoIl Terzo, matteoJ, DJk, AbcdJK, QA1JK, ShintoJK, ShintoJK, ShintoJK, ShintoJK, ShintoJK, ShintoJK, ShintoJK, ShintoJK, ShintoJK, ShintoJK, ShintoJK, ShintoJK, ShintoJK, ShintoJK, ShintoJK, ShintoJK, ShintoJK, ShintoJK, ShintoJK, ShintoJK, ShintoJK, ShintoJK, ShintoJK, ShintoJK, ShintoJK, ShintoJK, shintoJK, ShintoJK, ShintoJK, ShintoJK, ShintoJK, ShintoJK, ShintoJK, Shinto-test3JK, TesterJK-2018, ShintoJK-2020, ShintoJK-2020, ShintoJones, JoeJose, Ajanth TestJose, DennisKK, JKKK, JK_2018KK, ShintoKK, ShintoKK, ShintoKK, ShintoKringle, KrisLast Name, First NameLast Name, First NameLast Name, First NameLast Name, First NameLast Name, First NameLast Name, First NameLast Name, First NameLast Name, First NameLast Name, First NameLast Name, First NameLast Name, First NameLast Name, First NameLast Name, First NameLast Name, First NameLast Name, First NameLast Name, First NameLast Name, First NameLast Name, First NameLast Name, First Namelast name, namelast name, namelast name, namelast name, namelast name, namelast name, namelast name, namelast, akLast, TestLast, TestLast, TestLast, TestLast, TestLast, TestLast, TestLast, TestLast, TestLast, TestLast, TestLast, TestLast, TestLast, TestLast, TestLast, TestLast, TestLast, TestLast, Testlast111111ghg ghghghlghlglhlglhgll glhglhlghlglhlgl hglhglhlghl lglhglhlghlglhlghlglhlgh lghlghlglhglhlglhgl lghlglhglhlghlglhlghlgllhlluoiouiouoiouoi ujgjlhg;ljhlgkjghjghkljghjghkljhjhjj;lhjh;lj;lh;l, akhil_firstlizana, davidLName, TestingLoehwing, AspasiaLoehwing, AspasiaLoehwing, AspasiaMassa, LucaMcDonald, RenataMcdonald, RenataMcDonald, RenataMcDonald, RenataMdy, ShintoMichaelson, Mikemiriam, jessicaMobile12, MatteoMR, Ajumustaffa, annNcDonald, Renatanuvoli, francescaOggi, VerificoOne, Pandaone, shintoOsborn, AlisonOsborn, AlisonOsborn, AlisonOsborn, AlisonOsborn, AlisonOsborn2, AlisonOzborn, AlisonPaiwonski, LenaPaoletti, FerdinandoPark, AndrewPasina, MassimoPatacca, GiorgioPedini, FedericoPlayer, EdgeCsrContractTestPlayer, PaulPortal, TestPortal, TestProfile, MattProva, TestQA1, ShintoQA1, Testqqq, 13/8/18qqq, qqqqqq, qqqqqqq, qqqR, AjR, AjR, AjanthR, AjanthR, AjanthR, AjanthR, AjanthR, AjanthRabbit, PeterRigamonti, ClaudioRigamonti, NicolaRossi, Francorossi, valeScanferla, CristoforoScarfone, JoeScoduti , Ivanasdfgdfg, sdfgsdgsdg, sdgsdgsdgsdg, sdgsdgsdgsdg, sfgsdfgsdsd, sdssdsd, Test Ajanthsdsdfdf, sddfdfdssdsdfdf, sddfdfdssdsdfdf, sddfdfdssdsdfdf, sddfdfdssdsdfdf, sddfdfdssdsdfdf, sddfdfdssdsdfdf, sddfdfdssdsdfdf, sddfdfdssdsdfdf, sddfdfdssdsdfdf, sddfdfdssdsdfdf, sddfdfdssdsdfdf, sddfdfdssdsdfdf, sddfdfdssdsdfdf, sddfdfdsSeven, PandaSilvesti, DanieleSK, JKSmoke_test, ShintoSmoke2, ShintoSmoke3, shintoSmoke3, shintoSmoke-Test (US), ShintoSmoke-Test (US), ShintoSmoke-Test, ShintoSmoke-Test, ShintoSocio, Secondostick, evasudhan, akhilT, Jessica t, tT, TestAssociateT1000, ShintoT12, ShintoT2, ShintoT40, ShintoATA11, Shintote, TestTest Assosiate, Test AssosiateTest, AjanthTest, AjanthTest, AjanthTest, Ajanth TestTest, Ajath Test123Test, AjTestTest, DennisTest, First nameTest, First nameTest, First nameTest, First nameTest, First nameTest, First nameTest, First nameTest, QA1Test, SeleniumTest, Shintotest, ShintoTest, ShintoTest, ShintoTest, Shinto-QATest, SKtest, testTest, TestTest, TestTest, TestTest, TestTest, TestTest, TestTest, Testtest, TestTest, Vipintest, Vofoxtest1Test1, QATest1, TestTest123, AjanthTest13, matteoTest2, AjanthTest2, Test2Test-2019, ShintoTest-2019, ShintoTest-2019, ShintoTest-2019, ShintoTest-2019, ShintoTest-2019, ShintoTest-2019, ShintoTest-2019, ShintoTest-2019, ShintoTest-2019, ShintoTest-2019, ShintoTest-2019, ShintoTest-2019, ShintoTest-2019, ShintoTest-2019, ShintoTest-2019, ShintoTest-2019, ShintoTest-2019, ShintoTest-2019, ShintoTest-2019, ShintoTest-2019, ShintoTest-2019, ShintoTest-2019, ShintoTest-2020, ShintoTest2040, ShintoTest223, AjanthTest333, AjanthTest4, AjanthTest423, AjanthTest5, Ajanth5Test523, AjanthTest60, ShintoTest623, AjanthtestA, ShintoTestA1, ShintoTestA1, ShintoTest-Associate-V1, Test-Associate-V1Tester, JCTester, JeanTester, JoeTester10, JeanTester11, JeanTester12, JeanTester13, JeanTester14, JeanTester15, JeanTester15, JeanTester16, JeanTester17, JeanTester18, Jean Tester2, Jean Tester21, JeanTester22, JeanTester23, JeanTester24, JeanTester25, JeanTestInvite, TestInvitetestt, testtText Last Name, Text First NameText Last Name, Text First NameText Last Name, Text First NameText Last Name, Text First NameText Last Name, Text First NameText Last Name, Text First NameText Last Name, Text First NameText Last Name, Text First NameText Last Name, Text First NameText Last Name, Text First NameText Last Name, Text First NameText Last Name, Text First NameText Last Name, Text First NameText Last Name, Text First NameText Last Name, Text First NameText Last Name, Text First NameText Last Name, Text First NameText Last Name, Text First NameText Last Name, Text First NameText Last Name, Text First NameText Last Name, Text First NameText Last Name, Text First NameText Last Name, Text First NameText Last Name, Text First NameText Last Name, Text First NameText Last Name, Text First NameText Last Name, Text First NameText Last Name, Text First NameText Last Name, Text First NameText Last Name, Text First Nametg, tjthandassery, akhilThree, PandaTuratti, CristoforoTwo, PandaTwomey, TonyTwomey, Tonyv , dcv Vaixx, IdanVangelica, Dafnevbbbbb, aaaaavbn, bnbvnVersione13, MatteoVertemati, Giovannivhv, rtvnf, vandanavvxvc, pouokiWood, DustyXjx, Dhxdhytytyty, ytyt
          ')]' not found)
	at com.kms.katalon.core.keyword.internal.KeywordMain.stepFailed(KeywordMain.groovy:36)
	at com.kms.katalon.core.webui.keyword.internal.WebUIKeywordMain.stepFailed(WebUIKeywordMain.groovy:65)
	at com.kms.katalon.core.webui.keyword.internal.WebUIKeywordMain.runKeyword(WebUIKeywordMain.groovy:27)
	at com.kms.katalon.core.webui.keyword.builtin.SelectOptionByValueKeyword.selectOptionByValue(SelectOptionByValueKeyword.groovy:99)
	at com.kms.katalon.core.webui.keyword.builtin.SelectOptionByValueKeyword.execute(SelectOptionByValueKeyword.groovy:71)
	at com.kms.katalon.core.keyword.internal.KeywordExecutor.executeKeywordForPlatform(KeywordExecutor.groovy:53)
	at com.kms.katalon.core.webui.keyword.WebUiBuiltInKeywords.selectOptionByValue(WebUiBuiltInKeywords.groovy:1138)
	at com.kms.katalon.core.webui.keyword.WebUiBuiltInKeywords$selectOptionByValue$8.call(Unknown Source)
	at org.codehaus.groovy.runtime.callsite.CallSiteArray.defaultCall(CallSiteArray.java:48)
	at org.codehaus.groovy.runtime.callsite.AbstractCallSite.call(AbstractCallSite.java:113)
	at org.codehaus.groovy.runtime.callsite.AbstractCallSite.call(AbstractCallSite.java:141)
	at Script1540451582658.run(Script1540451582658.groovy:56)
	at com.kms.katalon.core.main.ScriptEngine.run(ScriptEngine.java:183)
	at com.kms.katalon.core.main.ScriptEngine.runScriptAsRawText(ScriptEngine.java:108)
	at com.kms.katalon.core.main.TestCaseExecutor.runScript(TestCaseExecutor.java:294)
	at com.kms.katalon.core.main.TestCaseExecutor.doExecute(TestCaseExecutor.java:285)
	at com.kms.katalon.core.main.TestCaseExecutor.processExecutionPhase(TestCaseExecutor.java:264)
	at com.kms.katalon.core.main.TestCaseExecutor.accessMainPhase(TestCaseExecutor.java:256)
	at com.kms.katalon.core.main.TestCaseExecutor.execute(TestCaseExecutor.java:200)
	at com.kms.katalon.core.main.TestSuiteExecutor.accessTestCaseMainPhase(TestSuiteExecutor.java:129)
	at com.kms.katalon.core.main.TestSuiteExecutor.accessTestSuiteMainPhase(TestSuiteExecutor.java:112)
	at com.kms.katalon.core.main.TestSuiteExecutor.execute(TestSuiteExecutor.java:81)
	at com.kms.katalon.core.main.TestCaseMain.startTestSuite(TestCaseMain.java:142)
	at com.kms.katalon.core.main.TestCaseMain$startTestSuite$0.call(Unknown Source)
	at org.codehaus.groovy.runtime.callsite.CallSiteArray.defaultCall(CallSiteArray.java:48)
	at org.codehaus.groovy.runtime.callsite.AbstractCallSite.call(AbstractCallSite.java:113)
	at org.codehaus.groovy.runtime.callsite.AbstractCallSite.call(AbstractCallSite.java:141)
	at TempTestSuite1542031977124.run(TempTestSuite1542031977124.groovy:36)
	at groovy.lang.GroovyShell.runScriptOrMainOrTestOrRunnable(GroovyShell.java:263)
	at groovy.lang.GroovyShell.run(GroovyShell.java:518)
	at groovy.lang.GroovyShell.run(GroovyShell.java:507)
	at groovy.ui.GroovyMain.processOnce(GroovyMain.java:653)
	at groovy.ui.GroovyMain.run(GroovyMain.java:384)
	at groovy.ui.GroovyMain.process(GroovyMain.java:370)
	at groovy.ui.GroovyMain.processArgs(GroovyMain.java:129)
	at groovy.ui.GroovyMain.main(GroovyMain.java:109)
	at sun.reflect.NativeMethodAccessorImpl.invoke0(Native Method)
	at sun.reflect.NativeMethodAccessorImpl.invoke(NativeMethodAccessorImpl.java:62)
	at sun.reflect.DelegatingMethodAccessorImpl.invoke(DelegatingMethodAccessorImpl.java:43)
	at java.lang.reflect.Method.invoke(Method.java:498)
	at org.codehaus.groovy.tools.GroovyStarter.rootLoader(GroovyStarter.java:109)
	at org.codehaus.groovy.tools.GroovyStarter.main(GroovyStarter.java:131)
)

2018-11-12 20:02:43 - [TEST_STEP][PASSED] - click: Object: 'Object Repository/My Downline/Page_My Downline  5-15/span_Tree View with Forced Mat' is clicked on

2018-11-12 20:02:44 - [MESSAGE][PASSED] - Object: 'Object Repository/My Downline/Page_My Downline  5-15/span_Tree View with Forced Mat' is clicked on

2018-11-12 20:02:44 - [TEST_STEP][PASSED] - verifyElementText: Actual text and expected text of test object 'Object Repository/My Downline/Page_My Downline  5-15/span_My Downline' are matched.

2018-11-12 20:02:44 - [MESSAGE][PASSED] - Actual text and expected text of test object 'Object Repository/My Downline/Page_My Downline  5-15/span_My Downline' are matched.

2018-11-12 20:02:44 - [TEST_STEP][PASSED] - verifyElementText: Actual text and expected text of test object 'Object Repository/My Downline/Page_My Downline  5-15/h3_Tree View with Forced Matri' are matched.

2018-11-12 20:02:44 - [MESSAGE][PASSED] - Actual text and expected text of test object 'Object Repository/My Downline/Page_My Downline  5-15/h3_Tree View with Forced Matri' are matched.

2018-11-12 20:02:44 - [TEST_STEP][PASSED] - verifyElementText: Actual text and expected text of test object 'Object Repository/My Downline/Page_My Downline  5-15/span_Summary' are matched.

2018-11-12 20:02:44 - [MESSAGE][PASSED] - Actual text and expected text of test object 'Object Repository/My Downline/Page_My Downline  5-15/span_Summary' are matched.

2018-11-12 20:02:44 - [TEST_STEP][PASSED] - verifyElementText: Actual text and expected text of test object 'Object Repository/My Downline/Page_My Downline  5-15/span_List View' are matched.

2018-11-12 20:02:44 - [MESSAGE][PASSED] - Actual text and expected text of test object 'Object Repository/My Downline/Page_My Downline  5-15/span_List View' are matched.

2018-11-12 20:02:44 - [TEST_STEP][PASSED] - verifyElementText: Actual text and expected text of test object 'Object Repository/My Downline/Page_My Downline  5-15/span_Tree View' are matched.

2018-11-12 20:02:44 - [MESSAGE][PASSED] - Actual text and expected text of test object 'Object Repository/My Downline/Page_My Downline  5-15/span_Tree View' are matched.

2018-11-12 20:02:44 - [TEST_STEP][PASSED] - verifyElementText: Actual text and expected text of test object 'Object Repository/My Downline/Page_My Downline  5-15/a_List View with Forced Matrix' are matched.

2018-11-12 20:02:44 - [MESSAGE][PASSED] - Actual text and expected text of test object 'Object Repository/My Downline/Page_My Downline  5-15/a_List View with Forced Matrix' are matched.

2018-11-12 20:02:44 - [TEST_STEP][PASSED] - verifyElementText: Actual text and expected text of test object 'Object Repository/My Downline/Page_My Downline  5-15/span_Tree View with Forced Mat' are matched.

2018-11-12 20:02:44 - [MESSAGE][PASSED] - Actual text and expected text of test object 'Object Repository/My Downline/Page_My Downline  5-15/span_Tree View with Forced Mat' are matched.

2018-11-12 20:02:44 - [TEST_STEP][PASSED] - click: Object: 'Object Repository/My Downline/Page_My Downline  5-15/button_Update Matrix' is clicked on

2018-11-12 20:02:44 - [MESSAGE][PASSED] - Object: 'Object Repository/My Downline/Page_My Downline  5-15/button_Update Matrix' is clicked on

2018-11-12 20:02:44 - [TEST_STEP][PASSED] - click: Object: 'Object Repository/My Downline/Page_My Downline  5-15/button_Update Matrix_btn btn-z' is clicked on

2018-11-12 20:02:44 - [MESSAGE][PASSED] - Object: 'Object Repository/My Downline/Page_My Downline  5-15/button_Update Matrix_btn btn-z' is clicked on

2018-11-12 20:02:44 - [TEST_STEP][PASSED] - click: Object: 'Object Repository/My Downline/Page_My Downline  5-15/i_Update Matrix_fa fa-search-p' is clicked on

2018-11-12 20:02:44 - [MESSAGE][PASSED] - Object: 'Object Repository/My Downline/Page_My Downline  5-15/i_Update Matrix_fa fa-search-p' is clicked on

2018-11-12 20:02:44 - [TEST_STEP][PASSED] - click: Object: 'Object Repository/My Downline/Page_My Downline  5-15/i_Update Matrix_fa fa-search-m' is clicked on

2018-11-12 20:02:44 - [MESSAGE][PASSED] - Object: 'Object Repository/My Downline/Page_My Downline  5-15/i_Update Matrix_fa fa-search-m' is clicked on

2018-11-12 20:02:44 - [TEST_STEP][PASSED] - click: Object: 'Object Repository/My Downline/Page_My Downline  5-15/i_Update Matrix_fa fa-search-m' is clicked on

2018-11-12 20:02:45 - [MESSAGE][PASSED] - Object: 'Object Repository/My Downline/Page_My Downline  5-15/i_Update Matrix_fa fa-search-m' is clicked on

2018-11-12 20:02:45 - [TEST_STEP][PASSED] - click: Object: 'Object Repository/My Downline/Page_My Downline  5-15/i_Update Matrix_fa fa-search-p' is clicked on

2018-11-12 20:02:45 - [MESSAGE][PASSED] - Object: 'Object Repository/My Downline/Page_My Downline  5-15/i_Update Matrix_fa fa-search-p' is clicked on

2018-11-12 20:02:45 - [TEST_STEP][PASSED] - verifyElementText: Actual text and expected text of test object 'Object Repository/My Downline/Page_My Downline  5-15/h3_Tree View with Forced Matri' are matched.

2018-11-12 20:02:45 - [MESSAGE][PASSED] - Actual text and expected text of test object 'Object Repository/My Downline/Page_My Downline  5-15/h3_Tree View with Forced Matri' are matched.

2018-11-12 20:02:45 - [TEST_STEP][PASSED] - verifyElementText: Actual text and expected text of test object 'Object Repository/My Downline/Page_My Downline  5-15/label_End Level' are matched.

2018-11-12 20:02:45 - [MESSAGE][PASSED] - Actual text and expected text of test object 'Object Repository/My Downline/Page_My Downline  5-15/label_End Level' are matched.

2018-11-12 20:02:45 - [TEST_STEP][PASSED] - verifyElementText: Actual text and expected text of test object 'Object Repository/My Downline/Page_My Downline  5-15/label_Sponsor' are matched.

2018-11-12 20:02:45 - [MESSAGE][PASSED] - Actual text and expected text of test object 'Object Repository/My Downline/Page_My Downline  5-15/label_Sponsor' are matched.

2018-11-12 20:02:45 - [TEST_STEP][PASSED] - selectOptionByValue: All options with value '5' are selected in object 'Object Repository/My Downline/Page_My Downline  5-15/Tree View Forced Matrix'  using regular expression

2018-11-12 20:02:45 - [MESSAGE][PASSED] - All options with value '5' are selected in object 'Object Repository/My Downline/Page_My Downline  5-15/Tree View Forced Matrix'  using regular expression

2018-11-12 20:02:45 - [TEST_STEP][FAILED] - selectOptionByValue: Unable to select option by value '4854' of object 'Object Repository/My Downline/Page_My Downline  5-15/select_Select Sponsor'  using regular expression (Root cause: com.kms.katalon.core.webui.exception.WebElementNotFoundException: Web element with id: 'Object Repository/My Downline/Page_My Downline  5-15/select_Select Sponsor' located by 'By.xpath: //select[(text() = '
            Select Sponsor
             17, test Text Last Name,  Text First Name@@4434345@@@@@@@, pers11, Test111111, 111111212, 1211212, 12121212, 2121221, 212112345, Shinto12345, Shinto15, test18, test20, test200, 100200, Acc1002000, 100020000, 100020000, 1000020180725, Greg2020, Shinto2025, Shinto212, shinto212121, 212121222222, 33333323232, 323233, 231, test32323, 33232332, Test4434, 4521444, 444450, test51, testA, TestA1, ShintoAB, ShintoAB, ShintoAbc, testAbino, AntonioAgnese, IvanoAjanth, TestAjTest, TestAjAnalogo, MatteoArzuffi, Fabioasdas, sdasdAsf, 1000asg, asfAssociate, DuplicateAssociate, Test Badaduchi, JoeyBalbusso, GiacomoBalduzzi, GiacomoBandini, Georgebar, idanBar, Idanbar, idanBar, Idanbar, idanbar, idanBelotti, LuigiBeluschi, MarcoBenedetti, MarcelloBertolazza, GiuseppeBianchi, BiancaBing, Bella Blow, Joe Blow, JoeBlow, JoeBobev, Bobiboy, ya Bressani, FlaviaBrightly, AlanCarnevale, DaniloChalupsky, PaulChelin5, Jean5Cherchi, Stefanoclegane, aidaConti, CarloContractSignTest, EdgeCrickets, JiminyDamiani, ViolaDaniels, DanDat, TestData, TestDatabase, TestDDD, DDDDee, AlisonDeMotts, RobDeMotts, Rob2Demotts2, Rob2DeMotts3, Robertdennis test, dennis testDennis Test, Dennis TestDennis test2, Dennis test2dennis, dennisdh, dgfDias, Jose diaz, jddiff, akhilDoakes, JoeDoe, JohnDoe, JohnDoe, JohnDoe, JohnDoe, JohnDoe, JohnDoe, Johndoe, JohnDoe, JohnDoe, JohnDoe, JohnDoe, JohnDoe, JohnDoe, John Doe, John Doe, JohnDoe, JohnDoe, JohnDoe, JohnDoe, JohnDoe, JohnDoe, JohnDoe, JohnDoe, JuliaDoe, LeslieDoe, TestDoekeses, Johndsds, dsdsDunn, JuliaDyas, JerryDyas, JimEight, PandaEisenman, Hansemanuela, emanuelaemanuela, emanuelaEnglish, MatteoF, TonyFeinstein, JackFernandi, Robertofff, fffFive, PandaFour, Pandafrancesco, francescoG, DeniseG, Gregg, JerryG, Matteo 1/1/1980Galbiati, MatteoGalbiati, MatteoGalbiati, MatteoGalbiati, MatteoGalbiati, Matteo(gmail test)Galbiati11-23, Matteo3-30Galbiati2, Matteo2Galbiato, Matteogallinari, IvoGentile, DeniseGentile, Denise Gentile, Denise gjgj, gghdjGreen, JoeGum, BirthdateShouldBe20000101Gum, BTest3Gum, GregGum, GregGum, GregGum, GregGum, GregGum, GregGum, Greg_0608Gum, Greg_2018-09-17Gum, Greg_triggerTestGum, Greg_TriggerTest2gum, Greg0608AGum, Greg0608CGum, Greg0609Gum, Greg2018-09-22Gum, GregoryGum, Test2BirthdayShouldBe20000101Gum11, Greg11Gum19, Greg19Gum22, Greg22Gum22, Greg22Gum234, Greg234Gum44, GregGum44, Greg44Gum46, Greg46Gum5, Greg5Gum5, Greg5Gum51, Greg51Gum55, Greg22Gum55, Greg55Gum55, Greg55Gum55, Greg55Gum55, Greg55Gum6, Greg6Gum66, Greg66Gum66, Greg66Gum77, Greg77Gum77A, Greg77AGum78, Greg78Gum8, Greg8gum87, Greg87Gum88, Greg88Gum99, Greg99Gum99, Greg99Gum999, Greg999hil, akIE, MatteoIl Terzo, matteoJ, DJk, AbcdJK, QA1JK, ShintoJK, ShintoJK, ShintoJK, ShintoJK, ShintoJK, ShintoJK, ShintoJK, ShintoJK, ShintoJK, ShintoJK, ShintoJK, ShintoJK, ShintoJK, ShintoJK, ShintoJK, ShintoJK, ShintoJK, ShintoJK, ShintoJK, ShintoJK, ShintoJK, ShintoJK, ShintoJK, ShintoJK, ShintoJK, ShintoJK, shintoJK, ShintoJK, ShintoJK, ShintoJK, ShintoJK, ShintoJK, ShintoJK, Shinto-test3JK, TesterJK-2018, ShintoJK-2020, ShintoJK-2020, ShintoJones, JoeJose, Ajanth TestJose, DennisKK, JKKK, JK_2018KK, ShintoKK, ShintoKK, ShintoKK, ShintoKringle, KrisLast Name, First NameLast Name, First NameLast Name, First NameLast Name, First NameLast Name, First NameLast Name, First NameLast Name, First NameLast Name, First NameLast Name, First NameLast Name, First NameLast Name, First NameLast Name, First NameLast Name, First NameLast Name, First NameLast Name, First NameLast Name, First NameLast Name, First NameLast Name, First NameLast Name, First Namelast name, namelast name, namelast name, namelast name, namelast name, namelast name, namelast name, namelast, akLast, TestLast, TestLast, TestLast, TestLast, TestLast, TestLast, TestLast, TestLast, TestLast, TestLast, TestLast, TestLast, TestLast, TestLast, TestLast, TestLast, TestLast, TestLast, Testlast111111ghg ghghghlghlglhlglhgll glhglhlghlglhlgl hglhglhlghl lglhglhlghlglhlghlglhlgh lghlghlglhglhlglhgl lghlglhglhlghlglhlghlgllhlluoiouiouoiouoi ujgjlhg;ljhlgkjghjghkljghjghkljhjhjj;lhjh;lj;lh;l, akhil_firstlizana, davidLName, TestingLoehwing, AspasiaLoehwing, AspasiaLoehwing, AspasiaMassa, LucaMcDonald, RenataMcdonald, RenataMcDonald, RenataMcDonald, RenataMdy, ShintoMichaelson, Mikemiriam, jessicaMobile12, MatteoMR, Ajumustaffa, annNcDonald, Renatanuvoli, francescaOggi, VerificoOne, Pandaone, shintoOsborn, AlisonOsborn, AlisonOsborn, AlisonOsborn, AlisonOsborn, AlisonOsborn2, AlisonOzborn, AlisonPaiwonski, LenaPaoletti, FerdinandoPark, AndrewPasina, MassimoPatacca, GiorgioPedini, FedericoPlayer, EdgeCsrContractTestPlayer, PaulPortal, TestPortal, TestProfile, MattProva, TestQA1, ShintoQA1, Testqqq, 13/8/18qqq, qqqqqq, qqqqqqq, qqqR, AjR, AjR, AjanthR, AjanthR, AjanthR, AjanthR, AjanthR, AjanthRabbit, PeterRigamonti, ClaudioRigamonti, NicolaRossi, Francorossi, valeScanferla, CristoforoScarfone, JoeScoduti , Ivanasdfgdfg, sdfgsdgsdg, sdgsdgsdgsdg, sdgsdgsdgsdg, sfgsdfgsdsd, sdssdsd, Test Ajanthsdsdfdf, sddfdfdssdsdfdf, sddfdfdssdsdfdf, sddfdfdssdsdfdf, sddfdfdssdsdfdf, sddfdfdssdsdfdf, sddfdfdssdsdfdf, sddfdfdssdsdfdf, sddfdfdssdsdfdf, sddfdfdssdsdfdf, sddfdfdssdsdfdf, sddfdfdssdsdfdf, sddfdfdssdsdfdf, sddfdfdssdsdfdf, sddfdfdsSeven, PandaSilvesti, DanieleSK, JKSmoke_test, ShintoSmoke2, ShintoSmoke3, shintoSmoke3, shintoSmoke-Test (US), ShintoSmoke-Test (US), ShintoSmoke-Test, ShintoSmoke-Test, ShintoSocio, Secondostick, evasudhan, akhilT, Jessica t, tT, TestAssociateT1000, ShintoT12, ShintoT2, ShintoT40, ShintoATA11, Shintote, TestTest Assosiate, Test AssosiateTest, AjanthTest, AjanthTest, AjanthTest, Ajanth TestTest, Ajath Test123Test, AjTestTest, DennisTest, First nameTest, First nameTest, First nameTest, First nameTest, First nameTest, First nameTest, First nameTest, QA1Test, SeleniumTest, Shintotest, ShintoTest, ShintoTest, ShintoTest, Shinto-QATest, SKtest, testTest, TestTest, TestTest, TestTest, TestTest, TestTest, TestTest, Testtest, TestTest, Vipintest, Vofoxtest1Test1, QATest1, TestTest123, AjanthTest13, matteoTest2, AjanthTest2, Test2Test-2019, ShintoTest-2019, ShintoTest-2019, ShintoTest-2019, ShintoTest-2019, ShintoTest-2019, ShintoTest-2019, ShintoTest-2019, ShintoTest-2019, ShintoTest-2019, ShintoTest-2019, ShintoTest-2019, ShintoTest-2019, ShintoTest-2019, ShintoTest-2019, ShintoTest-2019, ShintoTest-2019, ShintoTest-2019, ShintoTest-2019, ShintoTest-2019, ShintoTest-2019, ShintoTest-2019, ShintoTest-2019, ShintoTest-2020, ShintoTest2040, ShintoTest223, AjanthTest333, AjanthTest4, AjanthTest423, AjanthTest5, Ajanth5Test523, AjanthTest60, ShintoTest623, AjanthtestA, ShintoTestA1, ShintoTestA1, ShintoTest-Associate-V1, Test-Associate-V1Tester, JCTester, JeanTester, JoeTester10, JeanTester11, JeanTester12, JeanTester13, JeanTester14, JeanTester15, JeanTester15, JeanTester16, JeanTester17, JeanTester18, Jean Tester2, Jean Tester21, JeanTester22, JeanTester23, JeanTester24, JeanTester25, JeanTestInvite, TestInvitetestt, testtText Last Name, Text First NameText Last Name, Text First NameText Last Name, Text First NameText Last Name, Text First NameText Last Name, Text First NameText Last Name, Text First NameText Last Name, Text First NameText Last Name, Text First NameText Last Name, Text First NameText Last Name, Text First NameText Last Name, Text First NameText Last Name, Text First NameText Last Name, Text First NameText Last Name, Text First NameText Last Name, Text First NameText Last Name, Text First NameText Last Name, Text First NameText Last Name, Text First NameText Last Name, Text First NameText Last Name, Text First NameText Last Name, Text First NameText Last Name, Text First NameText Last Name, Text First NameText Last Name, Text First NameText Last Name, Text First NameText Last Name, Text First NameText Last Name, Text First NameText Last Name, Text First NameText Last Name, Text First NameText Last Name, Text First Nametg, tjthandassery, akhilThree, PandaTuratti, CristoforoTwo, PandaTwomey, TonyTwomey, Tonyv , dcv Vaixx, IdanVangelica, Dafnevbbbbb, aaaaavbn, bnbvnVersione13, MatteoVertemati, Giovannivhv, rtvnf, vandanavvxvc, pouokiWood, DustyXjx, Dhxdhytytyty, ytyt
          ' or . = '
            Select Sponsor
             17, test Text Last Name,  Text First Name@@4434345@@@@@@@, pers11, Test111111, 111111212, 1211212, 12121212, 2121221, 212112345, Shinto12345, Shinto15, test18, test20, test200, 100200, Acc1002000, 100020000, 100020000, 1000020180725, Greg2020, Shinto2025, Shinto212, shinto212121, 212121222222, 33333323232, 323233, 231, test32323, 33232332, Test4434, 4521444, 444450, test51, testA, TestA1, ShintoAB, ShintoAB, ShintoAbc, testAbino, AntonioAgnese, IvanoAjanth, TestAjTest, TestAjAnalogo, MatteoArzuffi, Fabioasdas, sdasdAsf, 1000asg, asfAssociate, DuplicateAssociate, Test Badaduchi, JoeyBalbusso, GiacomoBalduzzi, GiacomoBandini, Georgebar, idanBar, Idanbar, idanBar, Idanbar, idanbar, idanBelotti, LuigiBeluschi, MarcoBenedetti, MarcelloBertolazza, GiuseppeBianchi, BiancaBing, Bella Blow, Joe Blow, JoeBlow, JoeBobev, Bobiboy, ya Bressani, FlaviaBrightly, AlanCarnevale, DaniloChalupsky, PaulChelin5, Jean5Cherchi, Stefanoclegane, aidaConti, CarloContractSignTest, EdgeCrickets, JiminyDamiani, ViolaDaniels, DanDat, TestData, TestDatabase, TestDDD, DDDDee, AlisonDeMotts, RobDeMotts, Rob2Demotts2, Rob2DeMotts3, Robertdennis test, dennis testDennis Test, Dennis TestDennis test2, Dennis test2dennis, dennisdh, dgfDias, Jose diaz, jddiff, akhilDoakes, JoeDoe, JohnDoe, JohnDoe, JohnDoe, JohnDoe, JohnDoe, JohnDoe, Johndoe, JohnDoe, JohnDoe, JohnDoe, JohnDoe, JohnDoe, JohnDoe, John Doe, John Doe, JohnDoe, JohnDoe, JohnDoe, JohnDoe, JohnDoe, JohnDoe, JohnDoe, JohnDoe, JuliaDoe, LeslieDoe, TestDoekeses, Johndsds, dsdsDunn, JuliaDyas, JerryDyas, JimEight, PandaEisenman, Hansemanuela, emanuelaemanuela, emanuelaEnglish, MatteoF, TonyFeinstein, JackFernandi, Robertofff, fffFive, PandaFour, Pandafrancesco, francescoG, DeniseG, Gregg, JerryG, Matteo 1/1/1980Galbiati, MatteoGalbiati, MatteoGalbiati, MatteoGalbiati, MatteoGalbiati, Matteo(gmail test)Galbiati11-23, Matteo3-30Galbiati2, Matteo2Galbiato, Matteogallinari, IvoGentile, DeniseGentile, Denise Gentile, Denise gjgj, gghdjGreen, JoeGum, BirthdateShouldBe20000101Gum, BTest3Gum, GregGum, GregGum, GregGum, GregGum, GregGum, GregGum, Greg_0608Gum, Greg_2018-09-17Gum, Greg_triggerTestGum, Greg_TriggerTest2gum, Greg0608AGum, Greg0608CGum, Greg0609Gum, Greg2018-09-22Gum, GregoryGum, Test2BirthdayShouldBe20000101Gum11, Greg11Gum19, Greg19Gum22, Greg22Gum22, Greg22Gum234, Greg234Gum44, GregGum44, Greg44Gum46, Greg46Gum5, Greg5Gum5, Greg5Gum51, Greg51Gum55, Greg22Gum55, Greg55Gum55, Greg55Gum55, Greg55Gum55, Greg55Gum6, Greg6Gum66, Greg66Gum66, Greg66Gum77, Greg77Gum77A, Greg77AGum78, Greg78Gum8, Greg8gum87, Greg87Gum88, Greg88Gum99, Greg99Gum99, Greg99Gum999, Greg999hil, akIE, MatteoIl Terzo, matteoJ, DJk, AbcdJK, QA1JK, ShintoJK, ShintoJK, ShintoJK, ShintoJK, ShintoJK, ShintoJK, ShintoJK, ShintoJK, ShintoJK, ShintoJK, ShintoJK, ShintoJK, ShintoJK, ShintoJK, ShintoJK, ShintoJK, ShintoJK, ShintoJK, ShintoJK, ShintoJK, ShintoJK, ShintoJK, ShintoJK, ShintoJK, ShintoJK, ShintoJK, shintoJK, ShintoJK, ShintoJK, ShintoJK, ShintoJK, ShintoJK, ShintoJK, Shinto-test3JK, TesterJK-2018, ShintoJK-2020, ShintoJK-2020, ShintoJones, JoeJose, Ajanth TestJose, DennisKK, JKKK, JK_2018KK, ShintoKK, ShintoKK, ShintoKK, ShintoKringle, KrisLast Name, First NameLast Name, First NameLast Name, First NameLast Name, First NameLast Name, First NameLast Name, First NameLast Name, First NameLast Name, First NameLast Name, First NameLast Name, First NameLast Name, First NameLast Name, First NameLast Name, First NameLast Name, First NameLast Name, First NameLast Name, First NameLast Name, First NameLast Name, First NameLast Name, First Namelast name, namelast name, namelast name, namelast name, namelast name, namelast name, namelast name, namelast, akLast, TestLast, TestLast, TestLast, TestLast, TestLast, TestLast, TestLast, TestLast, TestLast, TestLast, TestLast, TestLast, TestLast, TestLast, TestLast, TestLast, TestLast, TestLast, Testlast111111ghg ghghghlghlglhlglhgll glhglhlghlglhlgl hglhglhlghl lglhglhlghlglhlghlglhlgh lghlghlglhglhlglhgl lghlglhglhlghlglhlghlgllhlluoiouiouoiouoi ujgjlhg;ljhlgkjghjghkljghjghkljhjhjj;lhjh;lj;lh;l, akhil_firstlizana, davidLName, TestingLoehwing, AspasiaLoehwing, AspasiaLoehwing, AspasiaMassa, LucaMcDonald, RenataMcdonald, RenataMcDonald, RenataMcDonald, RenataMdy, ShintoMichaelson, Mikemiriam, jessicaMobile12, MatteoMR, Ajumustaffa, annNcDonald, Renatanuvoli, francescaOggi, VerificoOne, Pandaone, shintoOsborn, AlisonOsborn, AlisonOsborn, AlisonOsborn, AlisonOsborn, AlisonOsborn2, AlisonOzborn, AlisonPaiwonski, LenaPaoletti, FerdinandoPark, AndrewPasina, MassimoPatacca, GiorgioPedini, FedericoPlayer, EdgeCsrContractTestPlayer, PaulPortal, TestPortal, TestProfile, MattProva, TestQA1, ShintoQA1, Testqqq, 13/8/18qqq, qqqqqq, qqqqqqq, qqqR, AjR, AjR, AjanthR, AjanthR, AjanthR, AjanthR, AjanthR, AjanthRabbit, PeterRigamonti, ClaudioRigamonti, NicolaRossi, Francorossi, valeScanferla, CristoforoScarfone, JoeScoduti , Ivanasdfgdfg, sdfgsdgsdg, sdgsdgsdgsdg, sdgsdgsdgsdg, sfgsdfgsdsd, sdssdsd, Test Ajanthsdsdfdf, sddfdfdssdsdfdf, sddfdfdssdsdfdf, sddfdfdssdsdfdf, sddfdfdssdsdfdf, sddfdfdssdsdfdf, sddfdfdssdsdfdf, sddfdfdssdsdfdf, sddfdfdssdsdfdf, sddfdfdssdsdfdf, sddfdfdssdsdfdf, sddfdfdssdsdfdf, sddfdfdssdsdfdf, sddfdfdssdsdfdf, sddfdfdsSeven, PandaSilvesti, DanieleSK, JKSmoke_test, ShintoSmoke2, ShintoSmoke3, shintoSmoke3, shintoSmoke-Test (US), ShintoSmoke-Test (US), ShintoSmoke-Test, ShintoSmoke-Test, ShintoSocio, Secondostick, evasudhan, akhilT, Jessica t, tT, TestAssociateT1000, ShintoT12, ShintoT2, ShintoT40, ShintoATA11, Shintote, TestTest Assosiate, Test AssosiateTest, AjanthTest, AjanthTest, AjanthTest, Ajanth TestTest, Ajath Test123Test, AjTestTest, DennisTest, First nameTest, First nameTest, First nameTest, First nameTest, First nameTest, First nameTest, First nameTest, QA1Test, SeleniumTest, Shintotest, ShintoTest, ShintoTest, ShintoTest, Shinto-QATest, SKtest, testTest, TestTest, TestTest, TestTest, TestTest, TestTest, TestTest, Testtest, TestTest, Vipintest, Vofoxtest1Test1, QATest1, TestTest123, AjanthTest13, matteoTest2, AjanthTest2, Test2Test-2019, ShintoTest-2019, ShintoTest-2019, ShintoTest-2019, ShintoTest-2019, ShintoTest-2019, ShintoTest-2019, ShintoTest-2019, ShintoTest-2019, ShintoTest-2019, ShintoTest-2019, ShintoTest-2019, ShintoTest-2019, ShintoTest-2019, ShintoTest-2019, ShintoTest-2019, ShintoTest-2019, ShintoTest-2019, ShintoTest-2019, ShintoTest-2019, ShintoTest-2019, ShintoTest-2019, ShintoTest-2019, ShintoTest-2020, ShintoTest2040, ShintoTest223, AjanthTest333, AjanthTest4, AjanthTest423, AjanthTest5, Ajanth5Test523, AjanthTest60, ShintoTest623, AjanthtestA, ShintoTestA1, ShintoTestA1, ShintoTest-Associate-V1, Test-Associate-V1Tester, JCTester, JeanTester, JoeTester10, JeanTester11, JeanTester12, JeanTester13, JeanTester14, JeanTester15, JeanTester15, JeanTester16, JeanTester17, JeanTester18, Jean Tester2, Jean Tester21, JeanTester22, JeanTester23, JeanTester24, JeanTester25, JeanTestInvite, TestInvitetestt, testtText Last Name, Text First NameText Last Name, Text First NameText Last Name, Text First NameText Last Name, Text First NameText Last Name, Text First NameText Last Name, Text First NameText Last Name, Text First NameText Last Name, Text First NameText Last Name, Text First NameText Last Name, Text First NameText Last Name, Text First NameText Last Name, Text First NameText Last Name, Text First NameText Last Name, Text First NameText Last Name, Text First NameText Last Name, Text First NameText Last Name, Text First NameText Last Name, Text First NameText Last Name, Text First NameText Last Name, Text First NameText Last Name, Text First NameText Last Name, Text First NameText Last Name, Text First NameText Last Name, Text First NameText Last Name, Text First NameText Last Name, Text First NameText Last Name, Text First NameText Last Name, Text First NameText Last Name, Text First NameText Last Name, Text First Nametg, tjthandassery, akhilThree, PandaTuratti, CristoforoTwo, PandaTwomey, TonyTwomey, Tonyv , dcv Vaixx, IdanVangelica, Dafnevbbbbb, aaaaavbn, bnbvnVersione13, MatteoVertemati, Giovannivhv, rtvnf, vandanavvxvc, pouokiWood, DustyXjx, Dhxdhytytyty, ytyt
          ')]' not found)

2018-11-12 20:03:17 - [MESSAGE][FAILED] - Unable to select option by value '4854' of object 'Object Repository/My Downline/Page_My Downline  5-15/select_Select Sponsor'  using regular expression (Root cause: com.kms.katalon.core.webui.exception.WebElementNotFoundException: Web element with id: 'Object Repository/My Downline/Page_My Downline  5-15/select_Select Sponsor' located by 'By.xpath: //select[(text() = '
            Select Sponsor
             17, test Text Last Name,  Text First Name@@4434345@@@@@@@, pers11, Test111111, 111111212, 1211212, 12121212, 2121221, 212112345, Shinto12345, Shinto15, test18, test20, test200, 100200, Acc1002000, 100020000, 100020000, 1000020180725, Greg2020, Shinto2025, Shinto212, shinto212121, 212121222222, 33333323232, 323233, 231, test32323, 33232332, Test4434, 4521444, 444450, test51, testA, TestA1, ShintoAB, ShintoAB, ShintoAbc, testAbino, AntonioAgnese, IvanoAjanth, TestAjTest, TestAjAnalogo, MatteoArzuffi, Fabioasdas, sdasdAsf, 1000asg, asfAssociate, DuplicateAssociate, Test Badaduchi, JoeyBalbusso, GiacomoBalduzzi, GiacomoBandini, Georgebar, idanBar, Idanbar, idanBar, Idanbar, idanbar, idanBelotti, LuigiBeluschi, MarcoBenedetti, MarcelloBertolazza, GiuseppeBianchi, BiancaBing, Bella Blow, Joe Blow, JoeBlow, JoeBobev, Bobiboy, ya Bressani, FlaviaBrightly, AlanCarnevale, DaniloChalupsky, PaulChelin5, Jean5Cherchi, Stefanoclegane, aidaConti, CarloContractSignTest, EdgeCrickets, JiminyDamiani, ViolaDaniels, DanDat, TestData, TestDatabase, TestDDD, DDDDee, AlisonDeMotts, RobDeMotts, Rob2Demotts2, Rob2DeMotts3, Robertdennis test, dennis testDennis Test, Dennis TestDennis test2, Dennis test2dennis, dennisdh, dgfDias, Jose diaz, jddiff, akhilDoakes, JoeDoe, JohnDoe, JohnDoe, JohnDoe, JohnDoe, JohnDoe, JohnDoe, Johndoe, JohnDoe, JohnDoe, JohnDoe, JohnDoe, JohnDoe, JohnDoe, John Doe, John Doe, JohnDoe, JohnDoe, JohnDoe, JohnDoe, JohnDoe, JohnDoe, JohnDoe, JohnDoe, JuliaDoe, LeslieDoe, TestDoekeses, Johndsds, dsdsDunn, JuliaDyas, JerryDyas, JimEight, PandaEisenman, Hansemanuela, emanuelaemanuela, emanuelaEnglish, MatteoF, TonyFeinstein, JackFernandi, Robertofff, fffFive, PandaFour, Pandafrancesco, francescoG, DeniseG, Gregg, JerryG, Matteo 1/1/1980Galbiati, MatteoGalbiati, MatteoGalbiati, MatteoGalbiati, MatteoGalbiati, Matteo(gmail test)Galbiati11-23, Matteo3-30Galbiati2, Matteo2Galbiato, Matteogallinari, IvoGentile, DeniseGentile, Denise Gentile, Denise gjgj, gghdjGreen, JoeGum, BirthdateShouldBe20000101Gum, BTest3Gum, GregGum, GregGum, GregGum, GregGum, GregGum, GregGum, Greg_0608Gum, Greg_2018-09-17Gum, Greg_triggerTestGum, Greg_TriggerTest2gum, Greg0608AGum, Greg0608CGum, Greg0609Gum, Greg2018-09-22Gum, GregoryGum, Test2BirthdayShouldBe20000101Gum11, Greg11Gum19, Greg19Gum22, Greg22Gum22, Greg22Gum234, Greg234Gum44, GregGum44, Greg44Gum46, Greg46Gum5, Greg5Gum5, Greg5Gum51, Greg51Gum55, Greg22Gum55, Greg55Gum55, Greg55Gum55, Greg55Gum55, Greg55Gum6, Greg6Gum66, Greg66Gum66, Greg66Gum77, Greg77Gum77A, Greg77AGum78, Greg78Gum8, Greg8gum87, Greg87Gum88, Greg88Gum99, Greg99Gum99, Greg99Gum999, Greg999hil, akIE, MatteoIl Terzo, matteoJ, DJk, AbcdJK, QA1JK, ShintoJK, ShintoJK, ShintoJK, ShintoJK, ShintoJK, ShintoJK, ShintoJK, ShintoJK, ShintoJK, ShintoJK, ShintoJK, ShintoJK, ShintoJK, ShintoJK, ShintoJK, ShintoJK, ShintoJK, ShintoJK, ShintoJK, ShintoJK, ShintoJK, ShintoJK, ShintoJK, ShintoJK, ShintoJK, ShintoJK, shintoJK, ShintoJK, ShintoJK, ShintoJK, ShintoJK, ShintoJK, ShintoJK, Shinto-test3JK, TesterJK-2018, ShintoJK-2020, ShintoJK-2020, ShintoJones, JoeJose, Ajanth TestJose, DennisKK, JKKK, JK_2018KK, ShintoKK, ShintoKK, ShintoKK, ShintoKringle, KrisLast Name, First NameLast Name, First NameLast Name, First NameLast Name, First NameLast Name, First NameLast Name, First NameLast Name, First NameLast Name, First NameLast Name, First NameLast Name, First NameLast Name, First NameLast Name, First NameLast Name, First NameLast Name, First NameLast Name, First NameLast Name, First NameLast Name, First NameLast Name, First NameLast Name, First Namelast name, namelast name, namelast name, namelast name, namelast name, namelast name, namelast name, namelast, akLast, TestLast, TestLast, TestLast, TestLast, TestLast, TestLast, TestLast, TestLast, TestLast, TestLast, TestLast, TestLast, TestLast, TestLast, TestLast, TestLast, TestLast, TestLast, Testlast111111ghg ghghghlghlglhlglhgll glhglhlghlglhlgl hglhglhlghl lglhglhlghlglhlghlglhlgh lghlghlglhglhlglhgl lghlglhglhlghlglhlghlgllhlluoiouiouoiouoi ujgjlhg;ljhlgkjghjghkljghjghkljhjhjj;lhjh;lj;lh;l, akhil_firstlizana, davidLName, TestingLoehwing, AspasiaLoehwing, AspasiaLoehwing, AspasiaMassa, LucaMcDonald, RenataMcdonald, RenataMcDonald, RenataMcDonald, RenataMdy, ShintoMichaelson, Mikemiriam, jessicaMobile12, MatteoMR, Ajumustaffa, annNcDonald, Renatanuvoli, francescaOggi, VerificoOne, Pandaone, shintoOsborn, AlisonOsborn, AlisonOsborn, AlisonOsborn, AlisonOsborn, AlisonOsborn2, AlisonOzborn, AlisonPaiwonski, LenaPaoletti, FerdinandoPark, AndrewPasina, MassimoPatacca, GiorgioPedini, FedericoPlayer, EdgeCsrContractTestPlayer, PaulPortal, TestPortal, TestProfile, MattProva, TestQA1, ShintoQA1, Testqqq, 13/8/18qqq, qqqqqq, qqqqqqq, qqqR, AjR, AjR, AjanthR, AjanthR, AjanthR, AjanthR, AjanthR, AjanthRabbit, PeterRigamonti, ClaudioRigamonti, NicolaRossi, Francorossi, valeScanferla, CristoforoScarfone, JoeScoduti , Ivanasdfgdfg, sdfgsdgsdg, sdgsdgsdgsdg, sdgsdgsdgsdg, sfgsdfgsdsd, sdssdsd, Test Ajanthsdsdfdf, sddfdfdssdsdfdf, sddfdfdssdsdfdf, sddfdfdssdsdfdf, sddfdfdssdsdfdf, sddfdfdssdsdfdf, sddfdfdssdsdfdf, sddfdfdssdsdfdf, sddfdfdssdsdfdf, sddfdfdssdsdfdf, sddfdfdssdsdfdf, sddfdfdssdsdfdf, sddfdfdssdsdfdf, sddfdfdssdsdfdf, sddfdfdsSeven, PandaSilvesti, DanieleSK, JKSmoke_test, ShintoSmoke2, ShintoSmoke3, shintoSmoke3, shintoSmoke-Test (US), ShintoSmoke-Test (US), ShintoSmoke-Test, ShintoSmoke-Test, ShintoSocio, Secondostick, evasudhan, akhilT, Jessica t, tT, TestAssociateT1000, ShintoT12, ShintoT2, ShintoT40, ShintoATA11, Shintote, TestTest Assosiate, Test AssosiateTest, AjanthTest, AjanthTest, AjanthTest, Ajanth TestTest, Ajath Test123Test, AjTestTest, DennisTest, First nameTest, First nameTest, First nameTest, First nameTest, First nameTest, First nameTest, First nameTest, QA1Test, SeleniumTest, Shintotest, ShintoTest, ShintoTest, ShintoTest, Shinto-QATest, SKtest, testTest, TestTest, TestTest, TestTest, TestTest, TestTest, TestTest, Testtest, TestTest, Vipintest, Vofoxtest1Test1, QATest1, TestTest123, AjanthTest13, matteoTest2, AjanthTest2, Test2Test-2019, ShintoTest-2019, ShintoTest-2019, ShintoTest-2019, ShintoTest-2019, ShintoTest-2019, ShintoTest-2019, ShintoTest-2019, ShintoTest-2019, ShintoTest-2019, ShintoTest-2019, ShintoTest-2019, ShintoTest-2019, ShintoTest-2019, ShintoTest-2019, ShintoTest-2019, ShintoTest-2019, ShintoTest-2019, ShintoTest-2019, ShintoTest-2019, ShintoTest-2019, ShintoTest-2019, ShintoTest-2019, ShintoTest-2020, ShintoTest2040, ShintoTest223, AjanthTest333, AjanthTest4, AjanthTest423, AjanthTest5, Ajanth5Test523, AjanthTest60, ShintoTest623, AjanthtestA, ShintoTestA1, ShintoTestA1, ShintoTest-Associate-V1, Test-Associate-V1Tester, JCTester, JeanTester, JoeTester10, JeanTester11, JeanTester12, JeanTester13, JeanTester14, JeanTester15, JeanTester15, JeanTester16, JeanTester17, JeanTester18, Jean Tester2, Jean Tester21, JeanTester22, JeanTester23, JeanTester24, JeanTester25, JeanTestInvite, TestInvitetestt, testtText Last Name, Text First NameText Last Name, Text First NameText Last Name, Text First NameText Last Name, Text First NameText Last Name, Text First NameText Last Name, Text First NameText Last Name, Text First NameText Last Name, Text First NameText Last Name, Text First NameText Last Name, Text First NameText Last Name, Text First NameText Last Name, Text First NameText Last Name, Text First NameText Last Name, Text First NameText Last Name, Text First NameText Last Name, Text First NameText Last Name, Text First NameText Last Name, Text First NameText Last Name, Text First NameText Last Name, Text First NameText Last Name, Text First NameText Last Name, Text First NameText Last Name, Text First NameText Last Name, Text First NameText Last Name, Text First NameText Last Name, Text First NameText Last Name, Text First NameText Last Name, Text First NameText Last Name, Text First NameText Last Name, Text First Nametg, tjthandassery, akhilThree, PandaTuratti, CristoforoTwo, PandaTwomey, TonyTwomey, Tonyv , dcv Vaixx, IdanVangelica, Dafnevbbbbb, aaaaavbn, bnbvnVersione13, MatteoVertemati, Giovannivhv, rtvnf, vandanavvxvc, pouokiWood, DustyXjx, Dhxdhytytyty, ytyt
          ' or . = '
            Select Sponsor
             17, test Text Last Name,  Text First Name@@4434345@@@@@@@, pers11, Test111111, 111111212, 1211212, 12121212, 2121221, 212112345, Shinto12345, Shinto15, test18, test20, test200, 100200, Acc1002000, 100020000, 100020000, 1000020180725, Greg2020, Shinto2025, Shinto212, shinto212121, 212121222222, 33333323232, 323233, 231, test32323, 33232332, Test4434, 4521444, 444450, test51, testA, TestA1, ShintoAB, ShintoAB, ShintoAbc, testAbino, AntonioAgnese, IvanoAjanth, TestAjTest, TestAjAnalogo, MatteoArzuffi, Fabioasdas, sdasdAsf, 1000asg, asfAssociate, DuplicateAssociate, Test Badaduchi, JoeyBalbusso, GiacomoBalduzzi, GiacomoBandini, Georgebar, idanBar, Idanbar, idanBar, Idanbar, idanbar, idanBelotti, LuigiBeluschi, MarcoBenedetti, MarcelloBertolazza, GiuseppeBianchi, BiancaBing, Bella Blow, Joe Blow, JoeBlow, JoeBobev, Bobiboy, ya Bressani, FlaviaBrightly, AlanCarnevale, DaniloChalupsky, PaulChelin5, Jean5Cherchi, Stefanoclegane, aidaConti, CarloContractSignTest, EdgeCrickets, JiminyDamiani, ViolaDaniels, DanDat, TestData, TestDatabase, TestDDD, DDDDee, AlisonDeMotts, RobDeMotts, Rob2Demotts2, Rob2DeMotts3, Robertdennis test, dennis testDennis Test, Dennis TestDennis test2, Dennis test2dennis, dennisdh, dgfDias, Jose diaz, jddiff, akhilDoakes, JoeDoe, JohnDoe, JohnDoe, JohnDoe, JohnDoe, JohnDoe, JohnDoe, Johndoe, JohnDoe, JohnDoe, JohnDoe, JohnDoe, JohnDoe, JohnDoe, John Doe, John Doe, JohnDoe, JohnDoe, JohnDoe, JohnDoe, JohnDoe, JohnDoe, JohnDoe, JohnDoe, JuliaDoe, LeslieDoe, TestDoekeses, Johndsds, dsdsDunn, JuliaDyas, JerryDyas, JimEight, PandaEisenman, Hansemanuela, emanuelaemanuela, emanuelaEnglish, MatteoF, TonyFeinstein, JackFernandi, Robertofff, fffFive, PandaFour, Pandafrancesco, francescoG, DeniseG, Gregg, JerryG, Matteo 1/1/1980Galbiati, MatteoGalbiati, MatteoGalbiati, MatteoGalbiati, MatteoGalbiati, Matteo(gmail test)Galbiati11-23, Matteo3-30Galbiati2, Matteo2Galbiato, Matteogallinari, IvoGentile, DeniseGentile, Denise Gentile, Denise gjgj, gghdjGreen, JoeGum, BirthdateShouldBe20000101Gum, BTest3Gum, GregGum, GregGum, GregGum, GregGum, GregGum, GregGum, Greg_0608Gum, Greg_2018-09-17Gum, Greg_triggerTestGum, Greg_TriggerTest2gum, Greg0608AGum, Greg0608CGum, Greg0609Gum, Greg2018-09-22Gum, GregoryGum, Test2BirthdayShouldBe20000101Gum11, Greg11Gum19, Greg19Gum22, Greg22Gum22, Greg22Gum234, Greg234Gum44, GregGum44, Greg44Gum46, Greg46Gum5, Greg5Gum5, Greg5Gum51, Greg51Gum55, Greg22Gum55, Greg55Gum55, Greg55Gum55, Greg55Gum55, Greg55Gum6, Greg6Gum66, Greg66Gum66, Greg66Gum77, Greg77Gum77A, Greg77AGum78, Greg78Gum8, Greg8gum87, Greg87Gum88, Greg88Gum99, Greg99Gum99, Greg99Gum999, Greg999hil, akIE, MatteoIl Terzo, matteoJ, DJk, AbcdJK, QA1JK, ShintoJK, ShintoJK, ShintoJK, ShintoJK, ShintoJK, ShintoJK, ShintoJK, ShintoJK, ShintoJK, ShintoJK, ShintoJK, ShintoJK, ShintoJK, ShintoJK, ShintoJK, ShintoJK, ShintoJK, ShintoJK, ShintoJK, ShintoJK, ShintoJK, ShintoJK, ShintoJK, ShintoJK, ShintoJK, ShintoJK, shintoJK, ShintoJK, ShintoJK, ShintoJK, ShintoJK, ShintoJK, ShintoJK, Shinto-test3JK, TesterJK-2018, ShintoJK-2020, ShintoJK-2020, ShintoJones, JoeJose, Ajanth TestJose, DennisKK, JKKK, JK_2018KK, ShintoKK, ShintoKK, ShintoKK, ShintoKringle, KrisLast Name, First NameLast Name, First NameLast Name, First NameLast Name, First NameLast Name, First NameLast Name, First NameLast Name, First NameLast Name, First NameLast Name, First NameLast Name, First NameLast Name, First NameLast Name, First NameLast Name, First NameLast Name, First NameLast Name, First NameLast Name, First NameLast Name, First NameLast Name, First NameLast Name, First Namelast name, namelast name, namelast name, namelast name, namelast name, namelast name, namelast name, namelast, akLast, TestLast, TestLast, TestLast, TestLast, TestLast, TestLast, TestLast, TestLast, TestLast, TestLast, TestLast, TestLast, TestLast, TestLast, TestLast, TestLast, TestLast, TestLast, Testlast111111ghg ghghghlghlglhlglhgll glhglhlghlglhlgl hglhglhlghl lglhglhlghlglhlghlglhlgh lghlghlglhglhlglhgl lghlglhglhlghlglhlghlgllhlluoiouiouoiouoi ujgjlhg;ljhlgkjghjghkljghjghkljhjhjj;lhjh;lj;lh;l, akhil_firstlizana, davidLName, TestingLoehwing, AspasiaLoehwing, AspasiaLoehwing, AspasiaMassa, LucaMcDonald, RenataMcdonald, RenataMcDonald, RenataMcDonald, RenataMdy, ShintoMichaelson, Mikemiriam, jessicaMobile12, MatteoMR, Ajumustaffa, annNcDonald, Renatanuvoli, francescaOggi, VerificoOne, Pandaone, shintoOsborn, AlisonOsborn, AlisonOsborn, AlisonOsborn, AlisonOsborn, AlisonOsborn2, AlisonOzborn, AlisonPaiwonski, LenaPaoletti, FerdinandoPark, AndrewPasina, MassimoPatacca, GiorgioPedini, FedericoPlayer, EdgeCsrContractTestPlayer, PaulPortal, TestPortal, TestProfile, MattProva, TestQA1, ShintoQA1, Testqqq, 13/8/18qqq, qqqqqq, qqqqqqq, qqqR, AjR, AjR, AjanthR, AjanthR, AjanthR, AjanthR, AjanthR, AjanthRabbit, PeterRigamonti, ClaudioRigamonti, NicolaRossi, Francorossi, valeScanferla, CristoforoScarfone, JoeScoduti , Ivanasdfgdfg, sdfgsdgsdg, sdgsdgsdgsdg, sdgsdgsdgsdg, sfgsdfgsdsd, sdssdsd, Test Ajanthsdsdfdf, sddfdfdssdsdfdf, sddfdfdssdsdfdf, sddfdfdssdsdfdf, sddfdfdssdsdfdf, sddfdfdssdsdfdf, sddfdfdssdsdfdf, sddfdfdssdsdfdf, sddfdfdssdsdfdf, sddfdfdssdsdfdf, sddfdfdssdsdfdf, sddfdfdssdsdfdf, sddfdfdssdsdfdf, sddfdfdssdsdfdf, sddfdfdsSeven, PandaSilvesti, DanieleSK, JKSmoke_test, ShintoSmoke2, ShintoSmoke3, shintoSmoke3, shintoSmoke-Test (US), ShintoSmoke-Test (US), ShintoSmoke-Test, ShintoSmoke-Test, ShintoSocio, Secondostick, evasudhan, akhilT, Jessica t, tT, TestAssociateT1000, ShintoT12, ShintoT2, ShintoT40, ShintoATA11, Shintote, TestTest Assosiate, Test AssosiateTest, AjanthTest, AjanthTest, AjanthTest, Ajanth TestTest, Ajath Test123Test, AjTestTest, DennisTest, First nameTest, First nameTest, First nameTest, First nameTest, First nameTest, First nameTest, First nameTest, QA1Test, SeleniumTest, Shintotest, ShintoTest, ShintoTest, ShintoTest, Shinto-QATest, SKtest, testTest, TestTest, TestTest, TestTest, TestTest, TestTest, TestTest, Testtest, TestTest, Vipintest, Vofoxtest1Test1, QATest1, TestTest123, AjanthTest13, matteoTest2, AjanthTest2, Test2Test-2019, ShintoTest-2019, ShintoTest-2019, ShintoTest-2019, ShintoTest-2019, ShintoTest-2019, ShintoTest-2019, ShintoTest-2019, ShintoTest-2019, ShintoTest-2019, ShintoTest-2019, ShintoTest-2019, ShintoTest-2019, ShintoTest-2019, ShintoTest-2019, ShintoTest-2019, ShintoTest-2019, ShintoTest-2019, ShintoTest-2019, ShintoTest-2019, ShintoTest-2019, ShintoTest-2019, ShintoTest-2019, ShintoTest-2020, ShintoTest2040, ShintoTest223, AjanthTest333, AjanthTest4, AjanthTest423, AjanthTest5, Ajanth5Test523, AjanthTest60, ShintoTest623, AjanthtestA, ShintoTestA1, ShintoTestA1, ShintoTest-Associate-V1, Test-Associate-V1Tester, JCTester, JeanTester, JoeTester10, JeanTester11, JeanTester12, JeanTester13, JeanTester14, JeanTester15, JeanTester15, JeanTester16, JeanTester17, JeanTester18, Jean Tester2, Jean Tester21, JeanTester22, JeanTester23, JeanTester24, JeanTester25, JeanTestInvite, TestInvitetestt, testtText Last Name, Text First NameText Last Name, Text First NameText Last Name, Text First NameText Last Name, Text First NameText Last Name, Text First NameText Last Name, Text First NameText Last Name, Text First NameText Last Name, Text First NameText Last Name, Text First NameText Last Name, Text First NameText Last Name, Text First NameText Last Name, Text First NameText Last Name, Text First NameText Last Name, Text First NameText Last Name, Text First NameText Last Name, Text First NameText Last Name, Text First NameText Last Name, Text First NameText Last Name, Text First NameText Last Name, Text First NameText Last Name, Text First NameText Last Name, Text First NameText Last Name, Text First NameText Last Name, Text First NameText Last Name, Text First NameText Last Name, Text First NameText Last Name, Text First NameText Last Name, Text First NameText Last Name, Text First NameText Last Name, Text First Nametg, tjthandassery, akhilThree, PandaTuratti, CristoforoTwo, PandaTwomey, TonyTwomey, Tonyv , dcv Vaixx, IdanVangelica, Dafnevbbbbb, aaaaavbn, bnbvnVersione13, MatteoVertemati, Giovannivhv, rtvnf, vandanavvxvc, pouokiWood, DustyXjx, Dhxdhytytyty, ytyt
          ')]' not found)
[[ATTACHMENT|E:\\Bonanzha\\katalon Bonanzha\\Reports\\VBZ0016-My Downline\\20181112_194257\\1542033196784.png]]]]></system-out>
         <system-err><![CDATA[2018-11-12 20:02:43 - [TEST_CASE][FAILED] - Test Cases/Associate Application/My Downline/TCBA01608: Test Cases/Associate Application/My Downline/TCBA01608 FAILED because (of) (Stack trace: com.kms.katalon.core.exception.StepFailedException: Unable to select option by value '4854' of object 'Object Repository/My Downline/Page_My Downline  5-15/select_Select Sponsor'  using regular expression (Root cause: com.kms.katalon.core.webui.exception.WebElementNotFoundException: Web element with id: 'Object Repository/My Downline/Page_My Downline  5-15/select_Select Sponsor' located by 'By.xpath: //select[(text() = '
            Select Sponsor
             17, test Text Last Name,  Text First Name@@4434345@@@@@@@, pers11, Test111111, 111111212, 1211212, 12121212, 2121221, 212112345, Shinto12345, Shinto15, test18, test20, test200, 100200, Acc1002000, 100020000, 100020000, 1000020180725, Greg2020, Shinto2025, Shinto212, shinto212121, 212121222222, 33333323232, 323233, 231, test32323, 33232332, Test4434, 4521444, 444450, test51, testA, TestA1, ShintoAB, ShintoAB, ShintoAbc, testAbino, AntonioAgnese, IvanoAjanth, TestAjTest, TestAjAnalogo, MatteoArzuffi, Fabioasdas, sdasdAsf, 1000asg, asfAssociate, DuplicateAssociate, Test Badaduchi, JoeyBalbusso, GiacomoBalduzzi, GiacomoBandini, Georgebar, idanBar, Idanbar, idanBar, Idanbar, idanbar, idanBelotti, LuigiBeluschi, MarcoBenedetti, MarcelloBertolazza, GiuseppeBianchi, BiancaBing, Bella Blow, Joe Blow, JoeBlow, JoeBobev, Bobiboy, ya Bressani, FlaviaBrightly, AlanCarnevale, DaniloChalupsky, PaulChelin5, Jean5Cherchi, Stefanoclegane, aidaConti, CarloContractSignTest, EdgeCrickets, JiminyDamiani, ViolaDaniels, DanDat, TestData, TestDatabase, TestDDD, DDDDee, AlisonDeMotts, RobDeMotts, Rob2Demotts2, Rob2DeMotts3, Robertdennis test, dennis testDennis Test, Dennis TestDennis test2, Dennis test2dennis, dennisdh, dgfDias, Jose diaz, jddiff, akhilDoakes, JoeDoe, JohnDoe, JohnDoe, JohnDoe, JohnDoe, JohnDoe, JohnDoe, Johndoe, JohnDoe, JohnDoe, JohnDoe, JohnDoe, JohnDoe, JohnDoe, John Doe, John Doe, JohnDoe, JohnDoe, JohnDoe, JohnDoe, JohnDoe, JohnDoe, JohnDoe, JohnDoe, JuliaDoe, LeslieDoe, TestDoekeses, Johndsds, dsdsDunn, JuliaDyas, JerryDyas, JimEight, PandaEisenman, Hansemanuela, emanuelaemanuela, emanuelaEnglish, MatteoF, TonyFeinstein, JackFernandi, Robertofff, fffFive, PandaFour, Pandafrancesco, francescoG, DeniseG, Gregg, JerryG, Matteo 1/1/1980Galbiati, MatteoGalbiati, MatteoGalbiati, MatteoGalbiati, MatteoGalbiati, Matteo(gmail test)Galbiati11-23, Matteo3-30Galbiati2, Matteo2Galbiato, Matteogallinari, IvoGentile, DeniseGentile, Denise Gentile, Denise gjgj, gghdjGreen, JoeGum, BirthdateShouldBe20000101Gum, BTest3Gum, GregGum, GregGum, GregGum, GregGum, GregGum, GregGum, Greg_0608Gum, Greg_2018-09-17Gum, Greg_triggerTestGum, Greg_TriggerTest2gum, Greg0608AGum, Greg0608CGum, Greg0609Gum, Greg2018-09-22Gum, GregoryGum, Test2BirthdayShouldBe20000101Gum11, Greg11Gum19, Greg19Gum22, Greg22Gum22, Greg22Gum234, Greg234Gum44, GregGum44, Greg44Gum46, Greg46Gum5, Greg5Gum5, Greg5Gum51, Greg51Gum55, Greg22Gum55, Greg55Gum55, Greg55Gum55, Greg55Gum55, Greg55Gum6, Greg6Gum66, Greg66Gum66, Greg66Gum77, Greg77Gum77A, Greg77AGum78, Greg78Gum8, Greg8gum87, Greg87Gum88, Greg88Gum99, Greg99Gum99, Greg99Gum999, Greg999hil, akIE, MatteoIl Terzo, matteoJ, DJk, AbcdJK, QA1JK, ShintoJK, ShintoJK, ShintoJK, ShintoJK, ShintoJK, ShintoJK, ShintoJK, ShintoJK, ShintoJK, ShintoJK, ShintoJK, ShintoJK, ShintoJK, ShintoJK, ShintoJK, ShintoJK, ShintoJK, ShintoJK, ShintoJK, ShintoJK, ShintoJK, ShintoJK, ShintoJK, ShintoJK, ShintoJK, ShintoJK, shintoJK, ShintoJK, ShintoJK, ShintoJK, ShintoJK, ShintoJK, ShintoJK, Shinto-test3JK, TesterJK-2018, ShintoJK-2020, ShintoJK-2020, ShintoJones, JoeJose, Ajanth TestJose, DennisKK, JKKK, JK_2018KK, ShintoKK, ShintoKK, ShintoKK, ShintoKringle, KrisLast Name, First NameLast Name, First NameLast Name, First NameLast Name, First NameLast Name, First NameLast Name, First NameLast Name, First NameLast Name, First NameLast Name, First NameLast Name, First NameLast Name, First NameLast Name, First NameLast Name, First NameLast Name, First NameLast Name, First NameLast Name, First NameLast Name, First NameLast Name, First NameLast Name, First Namelast name, namelast name, namelast name, namelast name, namelast name, namelast name, namelast name, namelast, akLast, TestLast, TestLast, TestLast, TestLast, TestLast, TestLast, TestLast, TestLast, TestLast, TestLast, TestLast, TestLast, TestLast, TestLast, TestLast, TestLast, TestLast, TestLast, Testlast111111ghg ghghghlghlglhlglhgll glhglhlghlglhlgl hglhglhlghl lglhglhlghlglhlghlglhlgh lghlghlglhglhlglhgl lghlglhglhlghlglhlghlgllhlluoiouiouoiouoi ujgjlhg;ljhlgkjghjghkljghjghkljhjhjj;lhjh;lj;lh;l, akhil_firstlizana, davidLName, TestingLoehwing, AspasiaLoehwing, AspasiaLoehwing, AspasiaMassa, LucaMcDonald, RenataMcdonald, RenataMcDonald, RenataMcDonald, RenataMdy, ShintoMichaelson, Mikemiriam, jessicaMobile12, MatteoMR, Ajumustaffa, annNcDonald, Renatanuvoli, francescaOggi, VerificoOne, Pandaone, shintoOsborn, AlisonOsborn, AlisonOsborn, AlisonOsborn, AlisonOsborn, AlisonOsborn2, AlisonOzborn, AlisonPaiwonski, LenaPaoletti, FerdinandoPark, AndrewPasina, MassimoPatacca, GiorgioPedini, FedericoPlayer, EdgeCsrContractTestPlayer, PaulPortal, TestPortal, TestProfile, MattProva, TestQA1, ShintoQA1, Testqqq, 13/8/18qqq, qqqqqq, qqqqqqq, qqqR, AjR, AjR, AjanthR, AjanthR, AjanthR, AjanthR, AjanthR, AjanthRabbit, PeterRigamonti, ClaudioRigamonti, NicolaRossi, Francorossi, valeScanferla, CristoforoScarfone, JoeScoduti , Ivanasdfgdfg, sdfgsdgsdg, sdgsdgsdgsdg, sdgsdgsdgsdg, sfgsdfgsdsd, sdssdsd, Test Ajanthsdsdfdf, sddfdfdssdsdfdf, sddfdfdssdsdfdf, sddfdfdssdsdfdf, sddfdfdssdsdfdf, sddfdfdssdsdfdf, sddfdfdssdsdfdf, sddfdfdssdsdfdf, sddfdfdssdsdfdf, sddfdfdssdsdfdf, sddfdfdssdsdfdf, sddfdfdssdsdfdf, sddfdfdssdsdfdf, sddfdfdssdsdfdf, sddfdfdsSeven, PandaSilvesti, DanieleSK, JKSmoke_test, ShintoSmoke2, ShintoSmoke3, shintoSmoke3, shintoSmoke-Test (US), ShintoSmoke-Test (US), ShintoSmoke-Test, ShintoSmoke-Test, ShintoSocio, Secondostick, evasudhan, akhilT, Jessica t, tT, TestAssociateT1000, ShintoT12, ShintoT2, ShintoT40, ShintoATA11, Shintote, TestTest Assosiate, Test AssosiateTest, AjanthTest, AjanthTest, AjanthTest, Ajanth TestTest, Ajath Test123Test, AjTestTest, DennisTest, First nameTest, First nameTest, First nameTest, First nameTest, First nameTest, First nameTest, First nameTest, QA1Test, SeleniumTest, Shintotest, ShintoTest, ShintoTest, ShintoTest, Shinto-QATest, SKtest, testTest, TestTest, TestTest, TestTest, TestTest, TestTest, TestTest, Testtest, TestTest, Vipintest, Vofoxtest1Test1, QATest1, TestTest123, AjanthTest13, matteoTest2, AjanthTest2, Test2Test-2019, ShintoTest-2019, ShintoTest-2019, ShintoTest-2019, ShintoTest-2019, ShintoTest-2019, ShintoTest-2019, ShintoTest-2019, ShintoTest-2019, ShintoTest-2019, ShintoTest-2019, ShintoTest-2019, ShintoTest-2019, ShintoTest-2019, ShintoTest-2019, ShintoTest-2019, ShintoTest-2019, ShintoTest-2019, ShintoTest-2019, ShintoTest-2019, ShintoTest-2019, ShintoTest-2019, ShintoTest-2019, ShintoTest-2020, ShintoTest2040, ShintoTest223, AjanthTest333, AjanthTest4, AjanthTest423, AjanthTest5, Ajanth5Test523, AjanthTest60, ShintoTest623, AjanthtestA, ShintoTestA1, ShintoTestA1, ShintoTest-Associate-V1, Test-Associate-V1Tester, JCTester, JeanTester, JoeTester10, JeanTester11, JeanTester12, JeanTester13, JeanTester14, JeanTester15, JeanTester15, JeanTester16, JeanTester17, JeanTester18, Jean Tester2, Jean Tester21, JeanTester22, JeanTester23, JeanTester24, JeanTester25, JeanTestInvite, TestInvitetestt, testtText Last Name, Text First NameText Last Name, Text First NameText Last Name, Text First NameText Last Name, Text First NameText Last Name, Text First NameText Last Name, Text First NameText Last Name, Text First NameText Last Name, Text First NameText Last Name, Text First NameText Last Name, Text First NameText Last Name, Text First NameText Last Name, Text First NameText Last Name, Text First NameText Last Name, Text First NameText Last Name, Text First NameText Last Name, Text First NameText Last Name, Text First NameText Last Name, Text First NameText Last Name, Text First NameText Last Name, Text First NameText Last Name, Text First NameText Last Name, Text First NameText Last Name, Text First NameText Last Name, Text First NameText Last Name, Text First NameText Last Name, Text First NameText Last Name, Text First NameText Last Name, Text First NameText Last Name, Text First NameText Last Name, Text First Nametg, tjthandassery, akhilThree, PandaTuratti, CristoforoTwo, PandaTwomey, TonyTwomey, Tonyv , dcv Vaixx, IdanVangelica, Dafnevbbbbb, aaaaavbn, bnbvnVersione13, MatteoVertemati, Giovannivhv, rtvnf, vandanavvxvc, pouokiWood, DustyXjx, Dhxdhytytyty, ytyt
          ' or . = '
            Select Sponsor
             17, test Text Last Name,  Text First Name@@4434345@@@@@@@, pers11, Test111111, 111111212, 1211212, 12121212, 2121221, 212112345, Shinto12345, Shinto15, test18, test20, test200, 100200, Acc1002000, 100020000, 100020000, 1000020180725, Greg2020, Shinto2025, Shinto212, shinto212121, 212121222222, 33333323232, 323233, 231, test32323, 33232332, Test4434, 4521444, 444450, test51, testA, TestA1, ShintoAB, ShintoAB, ShintoAbc, testAbino, AntonioAgnese, IvanoAjanth, TestAjTest, TestAjAnalogo, MatteoArzuffi, Fabioasdas, sdasdAsf, 1000asg, asfAssociate, DuplicateAssociate, Test Badaduchi, JoeyBalbusso, GiacomoBalduzzi, GiacomoBandini, Georgebar, idanBar, Idanbar, idanBar, Idanbar, idanbar, idanBelotti, LuigiBeluschi, MarcoBenedetti, MarcelloBertolazza, GiuseppeBianchi, BiancaBing, Bella Blow, Joe Blow, JoeBlow, JoeBobev, Bobiboy, ya Bressani, FlaviaBrightly, AlanCarnevale, DaniloChalupsky, PaulChelin5, Jean5Cherchi, Stefanoclegane, aidaConti, CarloContractSignTest, EdgeCrickets, JiminyDamiani, ViolaDaniels, DanDat, TestData, TestDatabase, TestDDD, DDDDee, AlisonDeMotts, RobDeMotts, Rob2Demotts2, Rob2DeMotts3, Robertdennis test, dennis testDennis Test, Dennis TestDennis test2, Dennis test2dennis, dennisdh, dgfDias, Jose diaz, jddiff, akhilDoakes, JoeDoe, JohnDoe, JohnDoe, JohnDoe, JohnDoe, JohnDoe, JohnDoe, Johndoe, JohnDoe, JohnDoe, JohnDoe, JohnDoe, JohnDoe, JohnDoe, John Doe, John Doe, JohnDoe, JohnDoe, JohnDoe, JohnDoe, JohnDoe, JohnDoe, JohnDoe, JohnDoe, JuliaDoe, LeslieDoe, TestDoekeses, Johndsds, dsdsDunn, JuliaDyas, JerryDyas, JimEight, PandaEisenman, Hansemanuela, emanuelaemanuela, emanuelaEnglish, MatteoF, TonyFeinstein, JackFernandi, Robertofff, fffFive, PandaFour, Pandafrancesco, francescoG, DeniseG, Gregg, JerryG, Matteo 1/1/1980Galbiati, MatteoGalbiati, MatteoGalbiati, MatteoGalbiati, MatteoGalbiati, Matteo(gmail test)Galbiati11-23, Matteo3-30Galbiati2, Matteo2Galbiato, Matteogallinari, IvoGentile, DeniseGentile, Denise Gentile, Denise gjgj, gghdjGreen, JoeGum, BirthdateShouldBe20000101Gum, BTest3Gum, GregGum, GregGum, GregGum, GregGum, GregGum, GregGum, Greg_0608Gum, Greg_2018-09-17Gum, Greg_triggerTestGum, Greg_TriggerTest2gum, Greg0608AGum, Greg0608CGum, Greg0609Gum, Greg2018-09-22Gum, GregoryGum, Test2BirthdayShouldBe20000101Gum11, Greg11Gum19, Greg19Gum22, Greg22Gum22, Greg22Gum234, Greg234Gum44, GregGum44, Greg44Gum46, Greg46Gum5, Greg5Gum5, Greg5Gum51, Greg51Gum55, Greg22Gum55, Greg55Gum55, Greg55Gum55, Greg55Gum55, Greg55Gum6, Greg6Gum66, Greg66Gum66, Greg66Gum77, Greg77Gum77A, Greg77AGum78, Greg78Gum8, Greg8gum87, Greg87Gum88, Greg88Gum99, Greg99Gum99, Greg99Gum999, Greg999hil, akIE, MatteoIl Terzo, matteoJ, DJk, AbcdJK, QA1JK, ShintoJK, ShintoJK, ShintoJK, ShintoJK, ShintoJK, ShintoJK, ShintoJK, ShintoJK, ShintoJK, ShintoJK, ShintoJK, ShintoJK, ShintoJK, ShintoJK, ShintoJK, ShintoJK, ShintoJK, ShintoJK, ShintoJK, ShintoJK, ShintoJK, ShintoJK, ShintoJK, ShintoJK, ShintoJK, ShintoJK, shintoJK, ShintoJK, ShintoJK, ShintoJK, ShintoJK, ShintoJK, ShintoJK, Shinto-test3JK, TesterJK-2018, ShintoJK-2020, ShintoJK-2020, ShintoJones, JoeJose, Ajanth TestJose, DennisKK, JKKK, JK_2018KK, ShintoKK, ShintoKK, ShintoKK, ShintoKringle, KrisLast Name, First NameLast Name, First NameLast Name, First NameLast Name, First NameLast Name, First NameLast Name, First NameLast Name, First NameLast Name, First NameLast Name, First NameLast Name, First NameLast Name, First NameLast Name, First NameLast Name, First NameLast Name, First NameLast Name, First NameLast Name, First NameLast Name, First NameLast Name, First NameLast Name, First Namelast name, namelast name, namelast name, namelast name, namelast name, namelast name, namelast name, namelast, akLast, TestLast, TestLast, TestLast, TestLast, TestLast, TestLast, TestLast, TestLast, TestLast, TestLast, TestLast, TestLast, TestLast, TestLast, TestLast, TestLast, TestLast, TestLast, Testlast111111ghg ghghghlghlglhlglhgll glhglhlghlglhlgl hglhglhlghl lglhglhlghlglhlghlglhlgh lghlghlglhglhlglhgl lghlglhglhlghlglhlghlgllhlluoiouiouoiouoi ujgjlhg;ljhlgkjghjghkljghjghkljhjhjj;lhjh;lj;lh;l, akhil_firstlizana, davidLName, TestingLoehwing, AspasiaLoehwing, AspasiaLoehwing, AspasiaMassa, LucaMcDonald, RenataMcdonald, RenataMcDonald, RenataMcDonald, RenataMdy, ShintoMichaelson, Mikemiriam, jessicaMobile12, MatteoMR, Ajumustaffa, annNcDonald, Renatanuvoli, francescaOggi, VerificoOne, Pandaone, shintoOsborn, AlisonOsborn, AlisonOsborn, AlisonOsborn, AlisonOsborn, AlisonOsborn2, AlisonOzborn, AlisonPaiwonski, LenaPaoletti, FerdinandoPark, AndrewPasina, MassimoPatacca, GiorgioPedini, FedericoPlayer, EdgeCsrContractTestPlayer, PaulPortal, TestPortal, TestProfile, MattProva, TestQA1, ShintoQA1, Testqqq, 13/8/18qqq, qqqqqq, qqqqqqq, qqqR, AjR, AjR, AjanthR, AjanthR, AjanthR, AjanthR, AjanthR, AjanthRabbit, PeterRigamonti, ClaudioRigamonti, NicolaRossi, Francorossi, valeScanferla, CristoforoScarfone, JoeScoduti , Ivanasdfgdfg, sdfgsdgsdg, sdgsdgsdgsdg, sdgsdgsdgsdg, sfgsdfgsdsd, sdssdsd, Test Ajanthsdsdfdf, sddfdfdssdsdfdf, sddfdfdssdsdfdf, sddfdfdssdsdfdf, sddfdfdssdsdfdf, sddfdfdssdsdfdf, sddfdfdssdsdfdf, sddfdfdssdsdfdf, sddfdfdssdsdfdf, sddfdfdssdsdfdf, sddfdfdssdsdfdf, sddfdfdssdsdfdf, sddfdfdssdsdfdf, sddfdfdssdsdfdf, sddfdfdsSeven, PandaSilvesti, DanieleSK, JKSmoke_test, ShintoSmoke2, ShintoSmoke3, shintoSmoke3, shintoSmoke-Test (US), ShintoSmoke-Test (US), ShintoSmoke-Test, ShintoSmoke-Test, ShintoSocio, Secondostick, evasudhan, akhilT, Jessica t, tT, TestAssociateT1000, ShintoT12, ShintoT2, ShintoT40, ShintoATA11, Shintote, TestTest Assosiate, Test AssosiateTest, AjanthTest, AjanthTest, AjanthTest, Ajanth TestTest, Ajath Test123Test, AjTestTest, DennisTest, First nameTest, First nameTest, First nameTest, First nameTest, First nameTest, First nameTest, First nameTest, QA1Test, SeleniumTest, Shintotest, ShintoTest, ShintoTest, ShintoTest, Shinto-QATest, SKtest, testTest, TestTest, TestTest, TestTest, TestTest, TestTest, TestTest, Testtest, TestTest, Vipintest, Vofoxtest1Test1, QATest1, TestTest123, AjanthTest13, matteoTest2, AjanthTest2, Test2Test-2019, ShintoTest-2019, ShintoTest-2019, ShintoTest-2019, ShintoTest-2019, ShintoTest-2019, ShintoTest-2019, ShintoTest-2019, ShintoTest-2019, ShintoTest-2019, ShintoTest-2019, ShintoTest-2019, ShintoTest-2019, ShintoTest-2019, ShintoTest-2019, ShintoTest-2019, ShintoTest-2019, ShintoTest-2019, ShintoTest-2019, ShintoTest-2019, ShintoTest-2019, ShintoTest-2019, ShintoTest-2019, ShintoTest-2020, ShintoTest2040, ShintoTest223, AjanthTest333, AjanthTest4, AjanthTest423, AjanthTest5, Ajanth5Test523, AjanthTest60, ShintoTest623, AjanthtestA, ShintoTestA1, ShintoTestA1, ShintoTest-Associate-V1, Test-Associate-V1Tester, JCTester, JeanTester, JoeTester10, JeanTester11, JeanTester12, JeanTester13, JeanTester14, JeanTester15, JeanTester15, JeanTester16, JeanTester17, JeanTester18, Jean Tester2, Jean Tester21, JeanTester22, JeanTester23, JeanTester24, JeanTester25, JeanTestInvite, TestInvitetestt, testtText Last Name, Text First NameText Last Name, Text First NameText Last Name, Text First NameText Last Name, Text First NameText Last Name, Text First NameText Last Name, Text First NameText Last Name, Text First NameText Last Name, Text First NameText Last Name, Text First NameText Last Name, Text First NameText Last Name, Text First NameText Last Name, Text First NameText Last Name, Text First NameText Last Name, Text First NameText Last Name, Text First NameText Last Name, Text First NameText Last Name, Text First NameText Last Name, Text First NameText Last Name, Text First NameText Last Name, Text First NameText Last Name, Text First NameText Last Name, Text First NameText Last Name, Text First NameText Last Name, Text First NameText Last Name, Text First NameText Last Name, Text First NameText Last Name, Text First NameText Last Name, Text First NameText Last Name, Text First NameText Last Name, Text First Nametg, tjthandassery, akhilThree, PandaTuratti, CristoforoTwo, PandaTwomey, TonyTwomey, Tonyv , dcv Vaixx, IdanVangelica, Dafnevbbbbb, aaaaavbn, bnbvnVersione13, MatteoVertemati, Giovannivhv, rtvnf, vandanavvxvc, pouokiWood, DustyXjx, Dhxdhytytyty, ytyt
          ')]' not found)
	at com.kms.katalon.core.keyword.internal.KeywordMain.stepFailed(KeywordMain.groovy:36)
	at com.kms.katalon.core.webui.keyword.internal.WebUIKeywordMain.stepFailed(WebUIKeywordMain.groovy:65)
	at com.kms.katalon.core.webui.keyword.internal.WebUIKeywordMain.runKeyword(WebUIKeywordMain.groovy:27)
	at com.kms.katalon.core.webui.keyword.builtin.SelectOptionByValueKeyword.selectOptionByValue(SelectOptionByValueKeyword.groovy:99)
	at com.kms.katalon.core.webui.keyword.builtin.SelectOptionByValueKeyword.execute(SelectOptionByValueKeyword.groovy:71)
	at com.kms.katalon.core.keyword.internal.KeywordExecutor.executeKeywordForPlatform(KeywordExecutor.groovy:53)
	at com.kms.katalon.core.webui.keyword.WebUiBuiltInKeywords.selectOptionByValue(WebUiBuiltInKeywords.groovy:1138)
	at com.kms.katalon.core.webui.keyword.WebUiBuiltInKeywords$selectOptionByValue$8.call(Unknown Source)
	at org.codehaus.groovy.runtime.callsite.CallSiteArray.defaultCall(CallSiteArray.java:48)
	at org.codehaus.groovy.runtime.callsite.AbstractCallSite.call(AbstractCallSite.java:113)
	at org.codehaus.groovy.runtime.callsite.AbstractCallSite.call(AbstractCallSite.java:141)
	at Script1540451582658.run(Script1540451582658.groovy:56)
	at com.kms.katalon.core.main.ScriptEngine.run(ScriptEngine.java:183)
	at com.kms.katalon.core.main.ScriptEngine.runScriptAsRawText(ScriptEngine.java:108)
	at com.kms.katalon.core.main.TestCaseExecutor.runScript(TestCaseExecutor.java:294)
	at com.kms.katalon.core.main.TestCaseExecutor.doExecute(TestCaseExecutor.java:285)
	at com.kms.katalon.core.main.TestCaseExecutor.processExecutionPhase(TestCaseExecutor.java:264)
	at com.kms.katalon.core.main.TestCaseExecutor.accessMainPhase(TestCaseExecutor.java:256)
	at com.kms.katalon.core.main.TestCaseExecutor.execute(TestCaseExecutor.java:200)
	at com.kms.katalon.core.main.TestSuiteExecutor.accessTestCaseMainPhase(TestSuiteExecutor.java:129)
	at com.kms.katalon.core.main.TestSuiteExecutor.accessTestSuiteMainPhase(TestSuiteExecutor.java:112)
	at com.kms.katalon.core.main.TestSuiteExecutor.execute(TestSuiteExecutor.java:81)
	at com.kms.katalon.core.main.TestCaseMain.startTestSuite(TestCaseMain.java:142)
	at com.kms.katalon.core.main.TestCaseMain$startTestSuite$0.call(Unknown Source)
	at org.codehaus.groovy.runtime.callsite.CallSiteArray.defaultCall(CallSiteArray.java:48)
	at org.codehaus.groovy.runtime.callsite.AbstractCallSite.call(AbstractCallSite.java:113)
	at org.codehaus.groovy.runtime.callsite.AbstractCallSite.call(AbstractCallSite.java:141)
	at TempTestSuite1542031977124.run(TempTestSuite1542031977124.groovy:36)
	at groovy.lang.GroovyShell.runScriptOrMainOrTestOrRunnable(GroovyShell.java:263)
	at groovy.lang.GroovyShell.run(GroovyShell.java:518)
	at groovy.lang.GroovyShell.run(GroovyShell.java:507)
	at groovy.ui.GroovyMain.processOnce(GroovyMain.java:653)
	at groovy.ui.GroovyMain.run(GroovyMain.java:384)
	at groovy.ui.GroovyMain.process(GroovyMain.java:370)
	at groovy.ui.GroovyMain.processArgs(GroovyMain.java:129)
	at groovy.ui.GroovyMain.main(GroovyMain.java:109)
	at sun.reflect.NativeMethodAccessorImpl.invoke0(Native Method)
	at sun.reflect.NativeMethodAccessorImpl.invoke(NativeMethodAccessorImpl.java:62)
	at sun.reflect.DelegatingMethodAccessorImpl.invoke(DelegatingMethodAccessorImpl.java:43)
	at java.lang.reflect.Method.invoke(Method.java:498)
	at org.codehaus.groovy.tools.GroovyStarter.rootLoader(GroovyStarter.java:109)
	at org.codehaus.groovy.tools.GroovyStarter.main(GroovyStarter.java:131)
)]]></system-err>
      </testcase>
      <testcase name="Test Cases/Associate Application/My Downline/TCBA01609" classname="Test Cases/Associate Application/My Downline/TCBA01609" status="PASSED">
         <system-out><![CDATA[2018-11-12 20:03:17 - [TEST_CASE][PASSED] - Test Cases/Associate Application/My Downline/TCBA01609: Test Cases/Associate Application/My Downline/TCBA01609

2018-11-12 20:03:17 - [TEST_STEP][PASSED] - click: Object: 'Object Repository/My Downline/Page_My Downline  5-15/span_List View with Forced Mat' is clicked on

2018-11-12 20:03:17 - [MESSAGE][PASSED] - Object: 'Object Repository/My Downline/Page_My Downline  5-15/span_List View with Forced Mat' is clicked on

2018-11-12 20:03:17 - [TEST_STEP][PASSED] - verifyElementText: Actual text and expected text of test object 'Object Repository/My Downline/Page_My Downline  5-15/span_My Downline' are matched.

2018-11-12 20:03:17 - [MESSAGE][PASSED] - Actual text and expected text of test object 'Object Repository/My Downline/Page_My Downline  5-15/span_My Downline' are matched.

2018-11-12 20:03:17 - [TEST_STEP][PASSED] - verifyElementText: Actual text and expected text of test object 'Object Repository/My Downline/Page_My Downline  5-15/h3_List View with Forced Matri' are matched.

2018-11-12 20:03:17 - [MESSAGE][PASSED] - Actual text and expected text of test object 'Object Repository/My Downline/Page_My Downline  5-15/h3_List View with Forced Matri' are matched.

2018-11-12 20:03:17 - [TEST_STEP][PASSED] - verifyElementText: Actual text and expected text of test object 'Object Repository/My Downline/Page_My Downline  5-15/span_Summary' are matched.

2018-11-12 20:03:17 - [MESSAGE][PASSED] - Actual text and expected text of test object 'Object Repository/My Downline/Page_My Downline  5-15/span_Summary' are matched.

2018-11-12 20:03:17 - [TEST_STEP][PASSED] - verifyElementText: Actual text and expected text of test object 'Object Repository/My Downline/Page_My Downline  5-15/span_List View' are matched.

2018-11-12 20:03:17 - [MESSAGE][PASSED] - Actual text and expected text of test object 'Object Repository/My Downline/Page_My Downline  5-15/span_List View' are matched.

2018-11-12 20:03:17 - [TEST_STEP][PASSED] - verifyElementText: Actual text and expected text of test object 'Object Repository/My Downline/Page_My Downline  5-15/span_Tree View' are matched.

2018-11-12 20:03:17 - [MESSAGE][PASSED] - Actual text and expected text of test object 'Object Repository/My Downline/Page_My Downline  5-15/span_Tree View' are matched.

2018-11-12 20:03:17 - [TEST_STEP][PASSED] - verifyElementText: Actual text and expected text of test object 'Object Repository/My Downline/Page_My Downline  5-15/span_Tree View with Forced Mat' are matched.

2018-11-12 20:03:17 - [MESSAGE][PASSED] - Actual text and expected text of test object 'Object Repository/My Downline/Page_My Downline  5-15/span_Tree View with Forced Mat' are matched.

2018-11-12 20:03:17 - [TEST_STEP][PASSED] - verifyElementText: Actual text and expected text of test object 'Object Repository/My Downline/Page_My Downline  5-15/a_List View with Forced Matrix' are matched.

2018-11-12 20:03:17 - [MESSAGE][PASSED] - Actual text and expected text of test object 'Object Repository/My Downline/Page_My Downline  5-15/a_List View with Forced Matrix' are matched.

2018-11-12 20:03:17 - [TEST_STEP][PASSED] - verifyElementText: Actual text and expected text of test object 'Object Repository/My Downline/Page_My Downline  5-15/label_Start Level' are matched.

2018-11-12 20:03:18 - [MESSAGE][PASSED] - Actual text and expected text of test object 'Object Repository/My Downline/Page_My Downline  5-15/label_Start Level' are matched.

2018-11-12 20:03:18 - [TEST_STEP][PASSED] - verifyElementText: Actual text and expected text of test object 'Object Repository/My Downline/Page_My Downline  5-15/label_End Level' are matched.

2018-11-12 20:03:18 - [MESSAGE][PASSED] - Actual text and expected text of test object 'Object Repository/My Downline/Page_My Downline  5-15/label_End Level' are matched.

2018-11-12 20:03:18 - [TEST_STEP][PASSED] - verifyElementText: Actual text and expected text of test object 'Object Repository/My Downline/Page_My Downline  5-15/label_Sponsor' are matched.

2018-11-12 20:03:18 - [MESSAGE][PASSED] - Actual text and expected text of test object 'Object Repository/My Downline/Page_My Downline  5-15/label_Sponsor' are matched.

2018-11-12 20:03:18 - [TEST_STEP][PASSED] - verifyElementText: Actual text and expected text of test object 'Object Repository/My Downline/Page_My Downline  5-15/label_Contract Not Signed' are matched.

2018-11-12 20:03:18 - [MESSAGE][PASSED] - Actual text and expected text of test object 'Object Repository/My Downline/Page_My Downline  5-15/label_Contract Not Signed' are matched.]]></system-out>
         <system-err><![CDATA[]]></system-err>
      </testcase>
      <testcase name="Test Cases/Associate Application/My Downline/TCBA01610" classname="Test Cases/Associate Application/My Downline/TCBA01610" status="FAILED">
         <failure type="FAILED" message="(Stack trace: com.kms.katalon.core.exception.StepFailedException: Unable to select option by value 'Test, Shinto-QA' of object 'Object Repository/My Downline/Page_My Downline  5-15/select_Select Sponsor'  using regular expression (Root cause: com.kms.katalon.core.webui.exception.WebElementNotFoundException: Web element with id: 'Object Repository/My Downline/Page_My Downline  5-15/select_Select Sponsor' located by 'By.xpath: //select[(text() = '
            Select Sponsor
             17, test Text Last Name,  Text First Name@@4434345@@@@@@@, pers11, Test111111, 111111212, 1211212, 12121212, 2121221, 212112345, Shinto12345, Shinto15, test18, test20, test200, 100200, Acc1002000, 100020000, 100020000, 1000020180725, Greg2020, Shinto2025, Shinto212, shinto212121, 212121222222, 33333323232, 323233, 231, test32323, 33232332, Test4434, 4521444, 444450, test51, testA, TestA1, ShintoAB, ShintoAB, ShintoAbc, testAbino, AntonioAgnese, IvanoAjanth, TestAjTest, TestAjAnalogo, MatteoArzuffi, Fabioasdas, sdasdAsf, 1000asg, asfAssociate, DuplicateAssociate, Test Badaduchi, JoeyBalbusso, GiacomoBalduzzi, GiacomoBandini, Georgebar, idanBar, Idanbar, idanBar, Idanbar, idanbar, idanBelotti, LuigiBeluschi, MarcoBenedetti, MarcelloBertolazza, GiuseppeBianchi, BiancaBing, Bella Blow, Joe Blow, JoeBlow, JoeBobev, Bobiboy, ya Bressani, FlaviaBrightly, AlanCarnevale, DaniloChalupsky, PaulChelin5, Jean5Cherchi, Stefanoclegane, aidaConti, CarloContractSignTest, EdgeCrickets, JiminyDamiani, ViolaDaniels, DanDat, TestData, TestDatabase, TestDDD, DDDDee, AlisonDeMotts, RobDeMotts, Rob2Demotts2, Rob2DeMotts3, Robertdennis test, dennis testDennis Test, Dennis TestDennis test2, Dennis test2dennis, dennisdh, dgfDias, Jose diaz, jddiff, akhilDoakes, JoeDoe, JohnDoe, JohnDoe, JohnDoe, JohnDoe, JohnDoe, JohnDoe, Johndoe, JohnDoe, JohnDoe, JohnDoe, JohnDoe, JohnDoe, JohnDoe, John Doe, John Doe, JohnDoe, JohnDoe, JohnDoe, JohnDoe, JohnDoe, JohnDoe, JohnDoe, JohnDoe, JuliaDoe, LeslieDoe, TestDoekeses, Johndsds, dsdsDunn, JuliaDyas, JerryDyas, JimEight, PandaEisenman, Hansemanuela, emanuelaemanuela, emanuelaEnglish, MatteoF, TonyFeinstein, JackFernandi, Robertofff, fffFive, PandaFour, Pandafrancesco, francescoG, DeniseG, Gregg, JerryG, Matteo 1/1/1980Galbiati, MatteoGalbiati, MatteoGalbiati, MatteoGalbiati, MatteoGalbiati, Matteo(gmail test)Galbiati11-23, Matteo3-30Galbiati2, Matteo2Galbiato, Matteogallinari, IvoGentile, DeniseGentile, Denise Gentile, Denise gjgj, gghdjGreen, JoeGum, BirthdateShouldBe20000101Gum, BTest3Gum, GregGum, GregGum, GregGum, GregGum, GregGum, GregGum, Greg_0608Gum, Greg_2018-09-17Gum, Greg_triggerTestGum, Greg_TriggerTest2gum, Greg0608AGum, Greg0608CGum, Greg0609Gum, Greg2018-09-22Gum, GregoryGum, Test2BirthdayShouldBe20000101Gum11, Greg11Gum19, Greg19Gum22, Greg22Gum22, Greg22Gum234, Greg234Gum44, GregGum44, Greg44Gum46, Greg46Gum5, Greg5Gum5, Greg5Gum51, Greg51Gum55, Greg22Gum55, Greg55Gum55, Greg55Gum55, Greg55Gum55, Greg55Gum6, Greg6Gum66, Greg66Gum66, Greg66Gum77, Greg77Gum77A, Greg77AGum78, Greg78Gum8, Greg8gum87, Greg87Gum88, Greg88Gum99, Greg99Gum99, Greg99Gum999, Greg999hil, akIE, MatteoIl Terzo, matteoJ, DJk, AbcdJK, QA1JK, ShintoJK, ShintoJK, ShintoJK, ShintoJK, ShintoJK, ShintoJK, ShintoJK, ShintoJK, ShintoJK, ShintoJK, ShintoJK, ShintoJK, ShintoJK, ShintoJK, ShintoJK, ShintoJK, ShintoJK, ShintoJK, ShintoJK, ShintoJK, ShintoJK, ShintoJK, ShintoJK, ShintoJK, ShintoJK, ShintoJK, shintoJK, ShintoJK, ShintoJK, ShintoJK, ShintoJK, ShintoJK, ShintoJK, Shinto-test3JK, TesterJK-2018, ShintoJK-2020, ShintoJK-2020, ShintoJones, JoeJose, Ajanth TestJose, DennisKK, JKKK, JK_2018KK, ShintoKK, ShintoKK, ShintoKK, ShintoKringle, KrisLast Name, First NameLast Name, First NameLast Name, First NameLast Name, First NameLast Name, First NameLast Name, First NameLast Name, First NameLast Name, First NameLast Name, First NameLast Name, First NameLast Name, First NameLast Name, First NameLast Name, First NameLast Name, First NameLast Name, First NameLast Name, First NameLast Name, First NameLast Name, First NameLast Name, First Namelast name, namelast name, namelast name, namelast name, namelast name, namelast name, namelast name, namelast, akLast, TestLast, TestLast, TestLast, TestLast, TestLast, TestLast, TestLast, TestLast, TestLast, TestLast, TestLast, TestLast, TestLast, TestLast, TestLast, TestLast, TestLast, TestLast, Testlast111111ghg ghghghlghlglhlglhgll glhglhlghlglhlgl hglhglhlghl lglhglhlghlglhlghlglhlgh lghlghlglhglhlglhgl lghlglhglhlghlglhlghlgllhlluoiouiouoiouoi ujgjlhg;ljhlgkjghjghkljghjghkljhjhjj;lhjh;lj;lh;l, akhil_firstlizana, davidLName, TestingLoehwing, AspasiaLoehwing, AspasiaLoehwing, AspasiaMassa, LucaMcDonald, RenataMcdonald, RenataMcDonald, RenataMcDonald, RenataMdy, ShintoMichaelson, Mikemiriam, jessicaMobile12, MatteoMR, Ajumustaffa, annNcDonald, Renatanuvoli, francescaOggi, VerificoOne, Pandaone, shintoOsborn, AlisonOsborn, AlisonOsborn, AlisonOsborn, AlisonOsborn, AlisonOsborn2, AlisonOzborn, AlisonPaiwonski, LenaPaoletti, FerdinandoPark, AndrewPasina, MassimoPatacca, GiorgioPedini, FedericoPlayer, EdgeCsrContractTestPlayer, PaulPortal, TestPortal, TestProfile, MattProva, TestQA1, ShintoQA1, Testqqq, 13/8/18qqq, qqqqqq, qqqqqqq, qqqR, AjR, AjR, AjanthR, AjanthR, AjanthR, AjanthR, AjanthR, AjanthRabbit, PeterRigamonti, ClaudioRigamonti, NicolaRossi, Francorossi, valeScanferla, CristoforoScarfone, JoeScoduti , Ivanasdfgdfg, sdfgsdgsdg, sdgsdgsdgsdg, sdgsdgsdgsdg, sfgsdfgsdsd, sdssdsd, Test Ajanthsdsdfdf, sddfdfdssdsdfdf, sddfdfdssdsdfdf, sddfdfdssdsdfdf, sddfdfdssdsdfdf, sddfdfdssdsdfdf, sddfdfdssdsdfdf, sddfdfdssdsdfdf, sddfdfdssdsdfdf, sddfdfdssdsdfdf, sddfdfdssdsdfdf, sddfdfdssdsdfdf, sddfdfdssdsdfdf, sddfdfdssdsdfdf, sddfdfdsSeven, PandaSilvesti, DanieleSK, JKSmoke_test, ShintoSmoke2, ShintoSmoke3, shintoSmoke3, shintoSmoke-Test (US), ShintoSmoke-Test (US), ShintoSmoke-Test, ShintoSmoke-Test, ShintoSocio, Secondostick, evasudhan, akhilT, Jessica t, tT, TestAssociateT1000, ShintoT12, ShintoT2, ShintoT40, ShintoATA11, Shintote, TestTest Assosiate, Test AssosiateTest, AjanthTest, AjanthTest, AjanthTest, Ajanth TestTest, Ajath Test123Test, AjTestTest, DennisTest, First nameTest, First nameTest, First nameTest, First nameTest, First nameTest, First nameTest, First nameTest, QA1Test, SeleniumTest, Shintotest, ShintoTest, ShintoTest, ShintoTest, Shinto-QATest, SKtest, testTest, TestTest, TestTest, TestTest, TestTest, TestTest, TestTest, Testtest, TestTest, Vipintest, Vofoxtest1Test1, QATest1, TestTest123, AjanthTest13, matteoTest2, AjanthTest2, Test2Test-2019, ShintoTest-2019, ShintoTest-2019, ShintoTest-2019, ShintoTest-2019, ShintoTest-2019, ShintoTest-2019, ShintoTest-2019, ShintoTest-2019, ShintoTest-2019, ShintoTest-2019, ShintoTest-2019, ShintoTest-2019, ShintoTest-2019, ShintoTest-2019, ShintoTest-2019, ShintoTest-2019, ShintoTest-2019, ShintoTest-2019, ShintoTest-2019, ShintoTest-2019, ShintoTest-2019, ShintoTest-2019, ShintoTest-2020, ShintoTest2040, ShintoTest223, AjanthTest333, AjanthTest4, AjanthTest423, AjanthTest5, Ajanth5Test523, AjanthTest60, ShintoTest623, AjanthtestA, ShintoTestA1, ShintoTestA1, ShintoTest-Associate-V1, Test-Associate-V1Tester, JCTester, JeanTester, JoeTester10, JeanTester11, JeanTester12, JeanTester13, JeanTester14, JeanTester15, JeanTester15, JeanTester16, JeanTester17, JeanTester18, Jean Tester2, Jean Tester21, JeanTester22, JeanTester23, JeanTester24, JeanTester25, JeanTestInvite, TestInvitetestt, testtText Last Name, Text First NameText Last Name, Text First NameText Last Name, Text First NameText Last Name, Text First NameText Last Name, Text First NameText Last Name, Text First NameText Last Name, Text First NameText Last Name, Text First NameText Last Name, Text First NameText Last Name, Text First NameText Last Name, Text First NameText Last Name, Text First NameText Last Name, Text First NameText Last Name, Text First NameText Last Name, Text First NameText Last Name, Text First NameText Last Name, Text First NameText Last Name, Text First NameText Last Name, Text First NameText Last Name, Text First NameText Last Name, Text First NameText Last Name, Text First NameText Last Name, Text First NameText Last Name, Text First NameText Last Name, Text First NameText Last Name, Text First NameText Last Name, Text First NameText Last Name, Text First NameText Last Name, Text First NameText Last Name, Text First Nametg, tjthandassery, akhilThree, PandaTuratti, CristoforoTwo, PandaTwomey, TonyTwomey, Tonyv , dcv Vaixx, IdanVangelica, Dafnevbbbbb, aaaaavbn, bnbvnVersione13, MatteoVertemati, Giovannivhv, rtvnf, vandanavvxvc, pouokiWood, DustyXjx, Dhxdhytytyty, ytyt
          ' or . = '
            Select Sponsor
             17, test Text Last Name,  Text First Name@@4434345@@@@@@@, pers11, Test111111, 111111212, 1211212, 12121212, 2121221, 212112345, Shinto12345, Shinto15, test18, test20, test200, 100200, Acc1002000, 100020000, 100020000, 1000020180725, Greg2020, Shinto2025, Shinto212, shinto212121, 212121222222, 33333323232, 323233, 231, test32323, 33232332, Test4434, 4521444, 444450, test51, testA, TestA1, ShintoAB, ShintoAB, ShintoAbc, testAbino, AntonioAgnese, IvanoAjanth, TestAjTest, TestAjAnalogo, MatteoArzuffi, Fabioasdas, sdasdAsf, 1000asg, asfAssociate, DuplicateAssociate, Test Badaduchi, JoeyBalbusso, GiacomoBalduzzi, GiacomoBandini, Georgebar, idanBar, Idanbar, idanBar, Idanbar, idanbar, idanBelotti, LuigiBeluschi, MarcoBenedetti, MarcelloBertolazza, GiuseppeBianchi, BiancaBing, Bella Blow, Joe Blow, JoeBlow, JoeBobev, Bobiboy, ya Bressani, FlaviaBrightly, AlanCarnevale, DaniloChalupsky, PaulChelin5, Jean5Cherchi, Stefanoclegane, aidaConti, CarloContractSignTest, EdgeCrickets, JiminyDamiani, ViolaDaniels, DanDat, TestData, TestDatabase, TestDDD, DDDDee, AlisonDeMotts, RobDeMotts, Rob2Demotts2, Rob2DeMotts3, Robertdennis test, dennis testDennis Test, Dennis TestDennis test2, Dennis test2dennis, dennisdh, dgfDias, Jose diaz, jddiff, akhilDoakes, JoeDoe, JohnDoe, JohnDoe, JohnDoe, JohnDoe, JohnDoe, JohnDoe, Johndoe, JohnDoe, JohnDoe, JohnDoe, JohnDoe, JohnDoe, JohnDoe, John Doe, John Doe, JohnDoe, JohnDoe, JohnDoe, JohnDoe, JohnDoe, JohnDoe, JohnDoe, JohnDoe, JuliaDoe, LeslieDoe, TestDoekeses, Johndsds, dsdsDunn, JuliaDyas, JerryDyas, JimEight, PandaEisenman, Hansemanuela, emanuelaemanuela, emanuelaEnglish, MatteoF, TonyFeinstein, JackFernandi, Robertofff, fffFive, PandaFour, Pandafrancesco, francescoG, DeniseG, Gregg, JerryG, Matteo 1/1/1980Galbiati, MatteoGalbiati, MatteoGalbiati, MatteoGalbiati, MatteoGalbiati, Matteo(gmail test)Galbiati11-23, Matteo3-30Galbiati2, Matteo2Galbiato, Matteogallinari, IvoGentile, DeniseGentile, Denise Gentile, Denise gjgj, gghdjGreen, JoeGum, BirthdateShouldBe20000101Gum, BTest3Gum, GregGum, GregGum, GregGum, GregGum, GregGum, GregGum, Greg_0608Gum, Greg_2018-09-17Gum, Greg_triggerTestGum, Greg_TriggerTest2gum, Greg0608AGum, Greg0608CGum, Greg0609Gum, Greg2018-09-22Gum, GregoryGum, Test2BirthdayShouldBe20000101Gum11, Greg11Gum19, Greg19Gum22, Greg22Gum22, Greg22Gum234, Greg234Gum44, GregGum44, Greg44Gum46, Greg46Gum5, Greg5Gum5, Greg5Gum51, Greg51Gum55, Greg22Gum55, Greg55Gum55, Greg55Gum55, Greg55Gum55, Greg55Gum6, Greg6Gum66, Greg66Gum66, Greg66Gum77, Greg77Gum77A, Greg77AGum78, Greg78Gum8, Greg8gum87, Greg87Gum88, Greg88Gum99, Greg99Gum99, Greg99Gum999, Greg999hil, akIE, MatteoIl Terzo, matteoJ, DJk, AbcdJK, QA1JK, ShintoJK, ShintoJK, ShintoJK, ShintoJK, ShintoJK, ShintoJK, ShintoJK, ShintoJK, ShintoJK, ShintoJK, ShintoJK, ShintoJK, ShintoJK, ShintoJK, ShintoJK, ShintoJK, ShintoJK, ShintoJK, ShintoJK, ShintoJK, ShintoJK, ShintoJK, ShintoJK, ShintoJK, ShintoJK, ShintoJK, shintoJK, ShintoJK, ShintoJK, ShintoJK, ShintoJK, ShintoJK, ShintoJK, Shinto-test3JK, TesterJK-2018, ShintoJK-2020, ShintoJK-2020, ShintoJones, JoeJose, Ajanth TestJose, DennisKK, JKKK, JK_2018KK, ShintoKK, ShintoKK, ShintoKK, ShintoKringle, KrisLast Name, First NameLast Name, First NameLast Name, First NameLast Name, First NameLast Name, First NameLast Name, First NameLast Name, First NameLast Name, First NameLast Name, First NameLast Name, First NameLast Name, First NameLast Name, First NameLast Name, First NameLast Name, First NameLast Name, First NameLast Name, First NameLast Name, First NameLast Name, First NameLast Name, First Namelast name, namelast name, namelast name, namelast name, namelast name, namelast name, namelast name, namelast, akLast, TestLast, TestLast, TestLast, TestLast, TestLast, TestLast, TestLast, TestLast, TestLast, TestLast, TestLast, TestLast, TestLast, TestLast, TestLast, TestLast, TestLast, TestLast, Testlast111111ghg ghghghlghlglhlglhgll glhglhlghlglhlgl hglhglhlghl lglhglhlghlglhlghlglhlgh lghlghlglhglhlglhgl lghlglhglhlghlglhlghlgllhlluoiouiouoiouoi ujgjlhg;ljhlgkjghjghkljghjghkljhjhjj;lhjh;lj;lh;l, akhil_firstlizana, davidLName, TestingLoehwing, AspasiaLoehwing, AspasiaLoehwing, AspasiaMassa, LucaMcDonald, RenataMcdonald, RenataMcDonald, RenataMcDonald, RenataMdy, ShintoMichaelson, Mikemiriam, jessicaMobile12, MatteoMR, Ajumustaffa, annNcDonald, Renatanuvoli, francescaOggi, VerificoOne, Pandaone, shintoOsborn, AlisonOsborn, AlisonOsborn, AlisonOsborn, AlisonOsborn, AlisonOsborn2, AlisonOzborn, AlisonPaiwonski, LenaPaoletti, FerdinandoPark, AndrewPasina, MassimoPatacca, GiorgioPedini, FedericoPlayer, EdgeCsrContractTestPlayer, PaulPortal, TestPortal, TestProfile, MattProva, TestQA1, ShintoQA1, Testqqq, 13/8/18qqq, qqqqqq, qqqqqqq, qqqR, AjR, AjR, AjanthR, AjanthR, AjanthR, AjanthR, AjanthR, AjanthRabbit, PeterRigamonti, ClaudioRigamonti, NicolaRossi, Francorossi, valeScanferla, CristoforoScarfone, JoeScoduti , Ivanasdfgdfg, sdfgsdgsdg, sdgsdgsdgsdg, sdgsdgsdgsdg, sfgsdfgsdsd, sdssdsd, Test Ajanthsdsdfdf, sddfdfdssdsdfdf, sddfdfdssdsdfdf, sddfdfdssdsdfdf, sddfdfdssdsdfdf, sddfdfdssdsdfdf, sddfdfdssdsdfdf, sddfdfdssdsdfdf, sddfdfdssdsdfdf, sddfdfdssdsdfdf, sddfdfdssdsdfdf, sddfdfdssdsdfdf, sddfdfdssdsdfdf, sddfdfdssdsdfdf, sddfdfdsSeven, PandaSilvesti, DanieleSK, JKSmoke_test, ShintoSmoke2, ShintoSmoke3, shintoSmoke3, shintoSmoke-Test (US), ShintoSmoke-Test (US), ShintoSmoke-Test, ShintoSmoke-Test, ShintoSocio, Secondostick, evasudhan, akhilT, Jessica t, tT, TestAssociateT1000, ShintoT12, ShintoT2, ShintoT40, ShintoATA11, Shintote, TestTest Assosiate, Test AssosiateTest, AjanthTest, AjanthTest, AjanthTest, Ajanth TestTest, Ajath Test123Test, AjTestTest, DennisTest, First nameTest, First nameTest, First nameTest, First nameTest, First nameTest, First nameTest, First nameTest, QA1Test, SeleniumTest, Shintotest, ShintoTest, ShintoTest, ShintoTest, Shinto-QATest, SKtest, testTest, TestTest, TestTest, TestTest, TestTest, TestTest, TestTest, Testtest, TestTest, Vipintest, Vofoxtest1Test1, QATest1, TestTest123, AjanthTest13, matteoTest2, AjanthTest2, Test2Test-2019, ShintoTest-2019, ShintoTest-2019, ShintoTest-2019, ShintoTest-2019, ShintoTest-2019, ShintoTest-2019, ShintoTest-2019, ShintoTest-2019, ShintoTest-2019, ShintoTest-2019, ShintoTest-2019, ShintoTest-2019, ShintoTest-2019, ShintoTest-2019, ShintoTest-2019, ShintoTest-2019, ShintoTest-2019, ShintoTest-2019, ShintoTest-2019, ShintoTest-2019, ShintoTest-2019, ShintoTest-2019, ShintoTest-2020, ShintoTest2040, ShintoTest223, AjanthTest333, AjanthTest4, AjanthTest423, AjanthTest5, Ajanth5Test523, AjanthTest60, ShintoTest623, AjanthtestA, ShintoTestA1, ShintoTestA1, ShintoTest-Associate-V1, Test-Associate-V1Tester, JCTester, JeanTester, JoeTester10, JeanTester11, JeanTester12, JeanTester13, JeanTester14, JeanTester15, JeanTester15, JeanTester16, JeanTester17, JeanTester18, Jean Tester2, Jean Tester21, JeanTester22, JeanTester23, JeanTester24, JeanTester25, JeanTestInvite, TestInvitetestt, testtText Last Name, Text First NameText Last Name, Text First NameText Last Name, Text First NameText Last Name, Text First NameText Last Name, Text First NameText Last Name, Text First NameText Last Name, Text First NameText Last Name, Text First NameText Last Name, Text First NameText Last Name, Text First NameText Last Name, Text First NameText Last Name, Text First NameText Last Name, Text First NameText Last Name, Text First NameText Last Name, Text First NameText Last Name, Text First NameText Last Name, Text First NameText Last Name, Text First NameText Last Name, Text First NameText Last Name, Text First NameText Last Name, Text First NameText Last Name, Text First NameText Last Name, Text First NameText Last Name, Text First NameText Last Name, Text First NameText Last Name, Text First NameText Last Name, Text First NameText Last Name, Text First NameText Last Name, Text First NameText Last Name, Text First Nametg, tjthandassery, akhilThree, PandaTuratti, CristoforoTwo, PandaTwomey, TonyTwomey, Tonyv , dcv Vaixx, IdanVangelica, Dafnevbbbbb, aaaaavbn, bnbvnVersione13, MatteoVertemati, Giovannivhv, rtvnf, vandanavvxvc, pouokiWood, DustyXjx, Dhxdhytytyty, ytyt
          ')]' not found)
	at com.kms.katalon.core.keyword.internal.KeywordMain.stepFailed(KeywordMain.groovy:36)
	at com.kms.katalon.core.webui.keyword.internal.WebUIKeywordMain.stepFailed(WebUIKeywordMain.groovy:65)
	at com.kms.katalon.core.webui.keyword.internal.WebUIKeywordMain.runKeyword(WebUIKeywordMain.groovy:27)
	at com.kms.katalon.core.webui.keyword.builtin.SelectOptionByValueKeyword.selectOptionByValue(SelectOptionByValueKeyword.groovy:99)
	at com.kms.katalon.core.webui.keyword.builtin.SelectOptionByValueKeyword.execute(SelectOptionByValueKeyword.groovy:71)
	at com.kms.katalon.core.keyword.internal.KeywordExecutor.executeKeywordForPlatform(KeywordExecutor.groovy:53)
	at com.kms.katalon.core.webui.keyword.WebUiBuiltInKeywords.selectOptionByValue(WebUiBuiltInKeywords.groovy:1138)
	at com.kms.katalon.core.webui.keyword.WebUiBuiltInKeywords$selectOptionByValue$8.call(Unknown Source)
	at org.codehaus.groovy.runtime.callsite.CallSiteArray.defaultCall(CallSiteArray.java:48)
	at org.codehaus.groovy.runtime.callsite.AbstractCallSite.call(AbstractCallSite.java:113)
	at org.codehaus.groovy.runtime.callsite.AbstractCallSite.call(AbstractCallSite.java:141)
	at Script1540451613780.run(Script1540451613780.groovy:59)
	at com.kms.katalon.core.main.ScriptEngine.run(ScriptEngine.java:183)
	at com.kms.katalon.core.main.ScriptEngine.runScriptAsRawText(ScriptEngine.java:108)
	at com.kms.katalon.core.main.TestCaseExecutor.runScript(TestCaseExecutor.java:294)
	at com.kms.katalon.core.main.TestCaseExecutor.doExecute(TestCaseExecutor.java:285)
	at com.kms.katalon.core.main.TestCaseExecutor.processExecutionPhase(TestCaseExecutor.java:264)
	at com.kms.katalon.core.main.TestCaseExecutor.accessMainPhase(TestCaseExecutor.java:256)
	at com.kms.katalon.core.main.TestCaseExecutor.execute(TestCaseExecutor.java:200)
	at com.kms.katalon.core.main.TestSuiteExecutor.accessTestCaseMainPhase(TestSuiteExecutor.java:129)
	at com.kms.katalon.core.main.TestSuiteExecutor.accessTestSuiteMainPhase(TestSuiteExecutor.java:112)
	at com.kms.katalon.core.main.TestSuiteExecutor.execute(TestSuiteExecutor.java:81)
	at com.kms.katalon.core.main.TestCaseMain.startTestSuite(TestCaseMain.java:142)
	at com.kms.katalon.core.main.TestCaseMain$startTestSuite$0.call(Unknown Source)
	at org.codehaus.groovy.runtime.callsite.CallSiteArray.defaultCall(CallSiteArray.java:48)
	at org.codehaus.groovy.runtime.callsite.AbstractCallSite.call(AbstractCallSite.java:113)
	at org.codehaus.groovy.runtime.callsite.AbstractCallSite.call(AbstractCallSite.java:141)
	at TempTestSuite1542031977124.run(TempTestSuite1542031977124.groovy:36)
	at groovy.lang.GroovyShell.runScriptOrMainOrTestOrRunnable(GroovyShell.java:263)
	at groovy.lang.GroovyShell.run(GroovyShell.java:518)
	at groovy.lang.GroovyShell.run(GroovyShell.java:507)
	at groovy.ui.GroovyMain.processOnce(GroovyMain.java:653)
	at groovy.ui.GroovyMain.run(GroovyMain.java:384)
	at groovy.ui.GroovyMain.process(GroovyMain.java:370)
	at groovy.ui.GroovyMain.processArgs(GroovyMain.java:129)
	at groovy.ui.GroovyMain.main(GroovyMain.java:109)
	at sun.reflect.NativeMethodAccessorImpl.invoke0(Native Method)
	at sun.reflect.NativeMethodAccessorImpl.invoke(NativeMethodAccessorImpl.java:62)
	at sun.reflect.DelegatingMethodAccessorImpl.invoke(DelegatingMethodAccessorImpl.java:43)
	at java.lang.reflect.Method.invoke(Method.java:498)
	at org.codehaus.groovy.tools.GroovyStarter.rootLoader(GroovyStarter.java:109)
	at org.codehaus.groovy.tools.GroovyStarter.main(GroovyStarter.java:131)
)"/>
         <system-out><![CDATA[2018-11-12 20:03:18 - [TEST_CASE][FAILED] - Test Cases/Associate Application/My Downline/TCBA01610: Test Cases/Associate Application/My Downline/TCBA01610 FAILED because (of) (Stack trace: com.kms.katalon.core.exception.StepFailedException: Unable to select option by value 'Test, Shinto-QA' of object 'Object Repository/My Downline/Page_My Downline  5-15/select_Select Sponsor'  using regular expression (Root cause: com.kms.katalon.core.webui.exception.WebElementNotFoundException: Web element with id: 'Object Repository/My Downline/Page_My Downline  5-15/select_Select Sponsor' located by 'By.xpath: //select[(text() = '
            Select Sponsor
             17, test Text Last Name,  Text First Name@@4434345@@@@@@@, pers11, Test111111, 111111212, 1211212, 12121212, 2121221, 212112345, Shinto12345, Shinto15, test18, test20, test200, 100200, Acc1002000, 100020000, 100020000, 1000020180725, Greg2020, Shinto2025, Shinto212, shinto212121, 212121222222, 33333323232, 323233, 231, test32323, 33232332, Test4434, 4521444, 444450, test51, testA, TestA1, ShintoAB, ShintoAB, ShintoAbc, testAbino, AntonioAgnese, IvanoAjanth, TestAjTest, TestAjAnalogo, MatteoArzuffi, Fabioasdas, sdasdAsf, 1000asg, asfAssociate, DuplicateAssociate, Test Badaduchi, JoeyBalbusso, GiacomoBalduzzi, GiacomoBandini, Georgebar, idanBar, Idanbar, idanBar, Idanbar, idanbar, idanBelotti, LuigiBeluschi, MarcoBenedetti, MarcelloBertolazza, GiuseppeBianchi, BiancaBing, Bella Blow, Joe Blow, JoeBlow, JoeBobev, Bobiboy, ya Bressani, FlaviaBrightly, AlanCarnevale, DaniloChalupsky, PaulChelin5, Jean5Cherchi, Stefanoclegane, aidaConti, CarloContractSignTest, EdgeCrickets, JiminyDamiani, ViolaDaniels, DanDat, TestData, TestDatabase, TestDDD, DDDDee, AlisonDeMotts, RobDeMotts, Rob2Demotts2, Rob2DeMotts3, Robertdennis test, dennis testDennis Test, Dennis TestDennis test2, Dennis test2dennis, dennisdh, dgfDias, Jose diaz, jddiff, akhilDoakes, JoeDoe, JohnDoe, JohnDoe, JohnDoe, JohnDoe, JohnDoe, JohnDoe, Johndoe, JohnDoe, JohnDoe, JohnDoe, JohnDoe, JohnDoe, JohnDoe, John Doe, John Doe, JohnDoe, JohnDoe, JohnDoe, JohnDoe, JohnDoe, JohnDoe, JohnDoe, JohnDoe, JuliaDoe, LeslieDoe, TestDoekeses, Johndsds, dsdsDunn, JuliaDyas, JerryDyas, JimEight, PandaEisenman, Hansemanuela, emanuelaemanuela, emanuelaEnglish, MatteoF, TonyFeinstein, JackFernandi, Robertofff, fffFive, PandaFour, Pandafrancesco, francescoG, DeniseG, Gregg, JerryG, Matteo 1/1/1980Galbiati, MatteoGalbiati, MatteoGalbiati, MatteoGalbiati, MatteoGalbiati, Matteo(gmail test)Galbiati11-23, Matteo3-30Galbiati2, Matteo2Galbiato, Matteogallinari, IvoGentile, DeniseGentile, Denise Gentile, Denise gjgj, gghdjGreen, JoeGum, BirthdateShouldBe20000101Gum, BTest3Gum, GregGum, GregGum, GregGum, GregGum, GregGum, GregGum, Greg_0608Gum, Greg_2018-09-17Gum, Greg_triggerTestGum, Greg_TriggerTest2gum, Greg0608AGum, Greg0608CGum, Greg0609Gum, Greg2018-09-22Gum, GregoryGum, Test2BirthdayShouldBe20000101Gum11, Greg11Gum19, Greg19Gum22, Greg22Gum22, Greg22Gum234, Greg234Gum44, GregGum44, Greg44Gum46, Greg46Gum5, Greg5Gum5, Greg5Gum51, Greg51Gum55, Greg22Gum55, Greg55Gum55, Greg55Gum55, Greg55Gum55, Greg55Gum6, Greg6Gum66, Greg66Gum66, Greg66Gum77, Greg77Gum77A, Greg77AGum78, Greg78Gum8, Greg8gum87, Greg87Gum88, Greg88Gum99, Greg99Gum99, Greg99Gum999, Greg999hil, akIE, MatteoIl Terzo, matteoJ, DJk, AbcdJK, QA1JK, ShintoJK, ShintoJK, ShintoJK, ShintoJK, ShintoJK, ShintoJK, ShintoJK, ShintoJK, ShintoJK, ShintoJK, ShintoJK, ShintoJK, ShintoJK, ShintoJK, ShintoJK, ShintoJK, ShintoJK, ShintoJK, ShintoJK, ShintoJK, ShintoJK, ShintoJK, ShintoJK, ShintoJK, ShintoJK, ShintoJK, shintoJK, ShintoJK, ShintoJK, ShintoJK, ShintoJK, ShintoJK, ShintoJK, Shinto-test3JK, TesterJK-2018, ShintoJK-2020, ShintoJK-2020, ShintoJones, JoeJose, Ajanth TestJose, DennisKK, JKKK, JK_2018KK, ShintoKK, ShintoKK, ShintoKK, ShintoKringle, KrisLast Name, First NameLast Name, First NameLast Name, First NameLast Name, First NameLast Name, First NameLast Name, First NameLast Name, First NameLast Name, First NameLast Name, First NameLast Name, First NameLast Name, First NameLast Name, First NameLast Name, First NameLast Name, First NameLast Name, First NameLast Name, First NameLast Name, First NameLast Name, First NameLast Name, First Namelast name, namelast name, namelast name, namelast name, namelast name, namelast name, namelast name, namelast, akLast, TestLast, TestLast, TestLast, TestLast, TestLast, TestLast, TestLast, TestLast, TestLast, TestLast, TestLast, TestLast, TestLast, TestLast, TestLast, TestLast, TestLast, TestLast, Testlast111111ghg ghghghlghlglhlglhgll glhglhlghlglhlgl hglhglhlghl lglhglhlghlglhlghlglhlgh lghlghlglhglhlglhgl lghlglhglhlghlglhlghlgllhlluoiouiouoiouoi ujgjlhg;ljhlgkjghjghkljghjghkljhjhjj;lhjh;lj;lh;l, akhil_firstlizana, davidLName, TestingLoehwing, AspasiaLoehwing, AspasiaLoehwing, AspasiaMassa, LucaMcDonald, RenataMcdonald, RenataMcDonald, RenataMcDonald, RenataMdy, ShintoMichaelson, Mikemiriam, jessicaMobile12, MatteoMR, Ajumustaffa, annNcDonald, Renatanuvoli, francescaOggi, VerificoOne, Pandaone, shintoOsborn, AlisonOsborn, AlisonOsborn, AlisonOsborn, AlisonOsborn, AlisonOsborn2, AlisonOzborn, AlisonPaiwonski, LenaPaoletti, FerdinandoPark, AndrewPasina, MassimoPatacca, GiorgioPedini, FedericoPlayer, EdgeCsrContractTestPlayer, PaulPortal, TestPortal, TestProfile, MattProva, TestQA1, ShintoQA1, Testqqq, 13/8/18qqq, qqqqqq, qqqqqqq, qqqR, AjR, AjR, AjanthR, AjanthR, AjanthR, AjanthR, AjanthR, AjanthRabbit, PeterRigamonti, ClaudioRigamonti, NicolaRossi, Francorossi, valeScanferla, CristoforoScarfone, JoeScoduti , Ivanasdfgdfg, sdfgsdgsdg, sdgsdgsdgsdg, sdgsdgsdgsdg, sfgsdfgsdsd, sdssdsd, Test Ajanthsdsdfdf, sddfdfdssdsdfdf, sddfdfdssdsdfdf, sddfdfdssdsdfdf, sddfdfdssdsdfdf, sddfdfdssdsdfdf, sddfdfdssdsdfdf, sddfdfdssdsdfdf, sddfdfdssdsdfdf, sddfdfdssdsdfdf, sddfdfdssdsdfdf, sddfdfdssdsdfdf, sddfdfdssdsdfdf, sddfdfdssdsdfdf, sddfdfdsSeven, PandaSilvesti, DanieleSK, JKSmoke_test, ShintoSmoke2, ShintoSmoke3, shintoSmoke3, shintoSmoke-Test (US), ShintoSmoke-Test (US), ShintoSmoke-Test, ShintoSmoke-Test, ShintoSocio, Secondostick, evasudhan, akhilT, Jessica t, tT, TestAssociateT1000, ShintoT12, ShintoT2, ShintoT40, ShintoATA11, Shintote, TestTest Assosiate, Test AssosiateTest, AjanthTest, AjanthTest, AjanthTest, Ajanth TestTest, Ajath Test123Test, AjTestTest, DennisTest, First nameTest, First nameTest, First nameTest, First nameTest, First nameTest, First nameTest, First nameTest, QA1Test, SeleniumTest, Shintotest, ShintoTest, ShintoTest, ShintoTest, Shinto-QATest, SKtest, testTest, TestTest, TestTest, TestTest, TestTest, TestTest, TestTest, Testtest, TestTest, Vipintest, Vofoxtest1Test1, QATest1, TestTest123, AjanthTest13, matteoTest2, AjanthTest2, Test2Test-2019, ShintoTest-2019, ShintoTest-2019, ShintoTest-2019, ShintoTest-2019, ShintoTest-2019, ShintoTest-2019, ShintoTest-2019, ShintoTest-2019, ShintoTest-2019, ShintoTest-2019, ShintoTest-2019, ShintoTest-2019, ShintoTest-2019, ShintoTest-2019, ShintoTest-2019, ShintoTest-2019, ShintoTest-2019, ShintoTest-2019, ShintoTest-2019, ShintoTest-2019, ShintoTest-2019, ShintoTest-2019, ShintoTest-2020, ShintoTest2040, ShintoTest223, AjanthTest333, AjanthTest4, AjanthTest423, AjanthTest5, Ajanth5Test523, AjanthTest60, ShintoTest623, AjanthtestA, ShintoTestA1, ShintoTestA1, ShintoTest-Associate-V1, Test-Associate-V1Tester, JCTester, JeanTester, JoeTester10, JeanTester11, JeanTester12, JeanTester13, JeanTester14, JeanTester15, JeanTester15, JeanTester16, JeanTester17, JeanTester18, Jean Tester2, Jean Tester21, JeanTester22, JeanTester23, JeanTester24, JeanTester25, JeanTestInvite, TestInvitetestt, testtText Last Name, Text First NameText Last Name, Text First NameText Last Name, Text First NameText Last Name, Text First NameText Last Name, Text First NameText Last Name, Text First NameText Last Name, Text First NameText Last Name, Text First NameText Last Name, Text First NameText Last Name, Text First NameText Last Name, Text First NameText Last Name, Text First NameText Last Name, Text First NameText Last Name, Text First NameText Last Name, Text First NameText Last Name, Text First NameText Last Name, Text First NameText Last Name, Text First NameText Last Name, Text First NameText Last Name, Text First NameText Last Name, Text First NameText Last Name, Text First NameText Last Name, Text First NameText Last Name, Text First NameText Last Name, Text First NameText Last Name, Text First NameText Last Name, Text First NameText Last Name, Text First NameText Last Name, Text First NameText Last Name, Text First Nametg, tjthandassery, akhilThree, PandaTuratti, CristoforoTwo, PandaTwomey, TonyTwomey, Tonyv , dcv Vaixx, IdanVangelica, Dafnevbbbbb, aaaaavbn, bnbvnVersione13, MatteoVertemati, Giovannivhv, rtvnf, vandanavvxvc, pouokiWood, DustyXjx, Dhxdhytytyty, ytyt
          ' or . = '
            Select Sponsor
             17, test Text Last Name,  Text First Name@@4434345@@@@@@@, pers11, Test111111, 111111212, 1211212, 12121212, 2121221, 212112345, Shinto12345, Shinto15, test18, test20, test200, 100200, Acc1002000, 100020000, 100020000, 1000020180725, Greg2020, Shinto2025, Shinto212, shinto212121, 212121222222, 33333323232, 323233, 231, test32323, 33232332, Test4434, 4521444, 444450, test51, testA, TestA1, ShintoAB, ShintoAB, ShintoAbc, testAbino, AntonioAgnese, IvanoAjanth, TestAjTest, TestAjAnalogo, MatteoArzuffi, Fabioasdas, sdasdAsf, 1000asg, asfAssociate, DuplicateAssociate, Test Badaduchi, JoeyBalbusso, GiacomoBalduzzi, GiacomoBandini, Georgebar, idanBar, Idanbar, idanBar, Idanbar, idanbar, idanBelotti, LuigiBeluschi, MarcoBenedetti, MarcelloBertolazza, GiuseppeBianchi, BiancaBing, Bella Blow, Joe Blow, JoeBlow, JoeBobev, Bobiboy, ya Bressani, FlaviaBrightly, AlanCarnevale, DaniloChalupsky, PaulChelin5, Jean5Cherchi, Stefanoclegane, aidaConti, CarloContractSignTest, EdgeCrickets, JiminyDamiani, ViolaDaniels, DanDat, TestData, TestDatabase, TestDDD, DDDDee, AlisonDeMotts, RobDeMotts, Rob2Demotts2, Rob2DeMotts3, Robertdennis test, dennis testDennis Test, Dennis TestDennis test2, Dennis test2dennis, dennisdh, dgfDias, Jose diaz, jddiff, akhilDoakes, JoeDoe, JohnDoe, JohnDoe, JohnDoe, JohnDoe, JohnDoe, JohnDoe, Johndoe, JohnDoe, JohnDoe, JohnDoe, JohnDoe, JohnDoe, JohnDoe, John Doe, John Doe, JohnDoe, JohnDoe, JohnDoe, JohnDoe, JohnDoe, JohnDoe, JohnDoe, JohnDoe, JuliaDoe, LeslieDoe, TestDoekeses, Johndsds, dsdsDunn, JuliaDyas, JerryDyas, JimEight, PandaEisenman, Hansemanuela, emanuelaemanuela, emanuelaEnglish, MatteoF, TonyFeinstein, JackFernandi, Robertofff, fffFive, PandaFour, Pandafrancesco, francescoG, DeniseG, Gregg, JerryG, Matteo 1/1/1980Galbiati, MatteoGalbiati, MatteoGalbiati, MatteoGalbiati, MatteoGalbiati, Matteo(gmail test)Galbiati11-23, Matteo3-30Galbiati2, Matteo2Galbiato, Matteogallinari, IvoGentile, DeniseGentile, Denise Gentile, Denise gjgj, gghdjGreen, JoeGum, BirthdateShouldBe20000101Gum, BTest3Gum, GregGum, GregGum, GregGum, GregGum, GregGum, GregGum, Greg_0608Gum, Greg_2018-09-17Gum, Greg_triggerTestGum, Greg_TriggerTest2gum, Greg0608AGum, Greg0608CGum, Greg0609Gum, Greg2018-09-22Gum, GregoryGum, Test2BirthdayShouldBe20000101Gum11, Greg11Gum19, Greg19Gum22, Greg22Gum22, Greg22Gum234, Greg234Gum44, GregGum44, Greg44Gum46, Greg46Gum5, Greg5Gum5, Greg5Gum51, Greg51Gum55, Greg22Gum55, Greg55Gum55, Greg55Gum55, Greg55Gum55, Greg55Gum6, Greg6Gum66, Greg66Gum66, Greg66Gum77, Greg77Gum77A, Greg77AGum78, Greg78Gum8, Greg8gum87, Greg87Gum88, Greg88Gum99, Greg99Gum99, Greg99Gum999, Greg999hil, akIE, MatteoIl Terzo, matteoJ, DJk, AbcdJK, QA1JK, ShintoJK, ShintoJK, ShintoJK, ShintoJK, ShintoJK, ShintoJK, ShintoJK, ShintoJK, ShintoJK, ShintoJK, ShintoJK, ShintoJK, ShintoJK, ShintoJK, ShintoJK, ShintoJK, ShintoJK, ShintoJK, ShintoJK, ShintoJK, ShintoJK, ShintoJK, ShintoJK, ShintoJK, ShintoJK, ShintoJK, shintoJK, ShintoJK, ShintoJK, ShintoJK, ShintoJK, ShintoJK, ShintoJK, Shinto-test3JK, TesterJK-2018, ShintoJK-2020, ShintoJK-2020, ShintoJones, JoeJose, Ajanth TestJose, DennisKK, JKKK, JK_2018KK, ShintoKK, ShintoKK, ShintoKK, ShintoKringle, KrisLast Name, First NameLast Name, First NameLast Name, First NameLast Name, First NameLast Name, First NameLast Name, First NameLast Name, First NameLast Name, First NameLast Name, First NameLast Name, First NameLast Name, First NameLast Name, First NameLast Name, First NameLast Name, First NameLast Name, First NameLast Name, First NameLast Name, First NameLast Name, First NameLast Name, First Namelast name, namelast name, namelast name, namelast name, namelast name, namelast name, namelast name, namelast, akLast, TestLast, TestLast, TestLast, TestLast, TestLast, TestLast, TestLast, TestLast, TestLast, TestLast, TestLast, TestLast, TestLast, TestLast, TestLast, TestLast, TestLast, TestLast, Testlast111111ghg ghghghlghlglhlglhgll glhglhlghlglhlgl hglhglhlghl lglhglhlghlglhlghlglhlgh lghlghlglhglhlglhgl lghlglhglhlghlglhlghlgllhlluoiouiouoiouoi ujgjlhg;ljhlgkjghjghkljghjghkljhjhjj;lhjh;lj;lh;l, akhil_firstlizana, davidLName, TestingLoehwing, AspasiaLoehwing, AspasiaLoehwing, AspasiaMassa, LucaMcDonald, RenataMcdonald, RenataMcDonald, RenataMcDonald, RenataMdy, ShintoMichaelson, Mikemiriam, jessicaMobile12, MatteoMR, Ajumustaffa, annNcDonald, Renatanuvoli, francescaOggi, VerificoOne, Pandaone, shintoOsborn, AlisonOsborn, AlisonOsborn, AlisonOsborn, AlisonOsborn, AlisonOsborn2, AlisonOzborn, AlisonPaiwonski, LenaPaoletti, FerdinandoPark, AndrewPasina, MassimoPatacca, GiorgioPedini, FedericoPlayer, EdgeCsrContractTestPlayer, PaulPortal, TestPortal, TestProfile, MattProva, TestQA1, ShintoQA1, Testqqq, 13/8/18qqq, qqqqqq, qqqqqqq, qqqR, AjR, AjR, AjanthR, AjanthR, AjanthR, AjanthR, AjanthR, AjanthRabbit, PeterRigamonti, ClaudioRigamonti, NicolaRossi, Francorossi, valeScanferla, CristoforoScarfone, JoeScoduti , Ivanasdfgdfg, sdfgsdgsdg, sdgsdgsdgsdg, sdgsdgsdgsdg, sfgsdfgsdsd, sdssdsd, Test Ajanthsdsdfdf, sddfdfdssdsdfdf, sddfdfdssdsdfdf, sddfdfdssdsdfdf, sddfdfdssdsdfdf, sddfdfdssdsdfdf, sddfdfdssdsdfdf, sddfdfdssdsdfdf, sddfdfdssdsdfdf, sddfdfdssdsdfdf, sddfdfdssdsdfdf, sddfdfdssdsdfdf, sddfdfdssdsdfdf, sddfdfdssdsdfdf, sddfdfdsSeven, PandaSilvesti, DanieleSK, JKSmoke_test, ShintoSmoke2, ShintoSmoke3, shintoSmoke3, shintoSmoke-Test (US), ShintoSmoke-Test (US), ShintoSmoke-Test, ShintoSmoke-Test, ShintoSocio, Secondostick, evasudhan, akhilT, Jessica t, tT, TestAssociateT1000, ShintoT12, ShintoT2, ShintoT40, ShintoATA11, Shintote, TestTest Assosiate, Test AssosiateTest, AjanthTest, AjanthTest, AjanthTest, Ajanth TestTest, Ajath Test123Test, AjTestTest, DennisTest, First nameTest, First nameTest, First nameTest, First nameTest, First nameTest, First nameTest, First nameTest, QA1Test, SeleniumTest, Shintotest, ShintoTest, ShintoTest, ShintoTest, Shinto-QATest, SKtest, testTest, TestTest, TestTest, TestTest, TestTest, TestTest, TestTest, Testtest, TestTest, Vipintest, Vofoxtest1Test1, QATest1, TestTest123, AjanthTest13, matteoTest2, AjanthTest2, Test2Test-2019, ShintoTest-2019, ShintoTest-2019, ShintoTest-2019, ShintoTest-2019, ShintoTest-2019, ShintoTest-2019, ShintoTest-2019, ShintoTest-2019, ShintoTest-2019, ShintoTest-2019, ShintoTest-2019, ShintoTest-2019, ShintoTest-2019, ShintoTest-2019, ShintoTest-2019, ShintoTest-2019, ShintoTest-2019, ShintoTest-2019, ShintoTest-2019, ShintoTest-2019, ShintoTest-2019, ShintoTest-2019, ShintoTest-2020, ShintoTest2040, ShintoTest223, AjanthTest333, AjanthTest4, AjanthTest423, AjanthTest5, Ajanth5Test523, AjanthTest60, ShintoTest623, AjanthtestA, ShintoTestA1, ShintoTestA1, ShintoTest-Associate-V1, Test-Associate-V1Tester, JCTester, JeanTester, JoeTester10, JeanTester11, JeanTester12, JeanTester13, JeanTester14, JeanTester15, JeanTester15, JeanTester16, JeanTester17, JeanTester18, Jean Tester2, Jean Tester21, JeanTester22, JeanTester23, JeanTester24, JeanTester25, JeanTestInvite, TestInvitetestt, testtText Last Name, Text First NameText Last Name, Text First NameText Last Name, Text First NameText Last Name, Text First NameText Last Name, Text First NameText Last Name, Text First NameText Last Name, Text First NameText Last Name, Text First NameText Last Name, Text First NameText Last Name, Text First NameText Last Name, Text First NameText Last Name, Text First NameText Last Name, Text First NameText Last Name, Text First NameText Last Name, Text First NameText Last Name, Text First NameText Last Name, Text First NameText Last Name, Text First NameText Last Name, Text First NameText Last Name, Text First NameText Last Name, Text First NameText Last Name, Text First NameText Last Name, Text First NameText Last Name, Text First NameText Last Name, Text First NameText Last Name, Text First NameText Last Name, Text First NameText Last Name, Text First NameText Last Name, Text First NameText Last Name, Text First Nametg, tjthandassery, akhilThree, PandaTuratti, CristoforoTwo, PandaTwomey, TonyTwomey, Tonyv , dcv Vaixx, IdanVangelica, Dafnevbbbbb, aaaaavbn, bnbvnVersione13, MatteoVertemati, Giovannivhv, rtvnf, vandanavvxvc, pouokiWood, DustyXjx, Dhxdhytytyty, ytyt
          ')]' not found)
	at com.kms.katalon.core.keyword.internal.KeywordMain.stepFailed(KeywordMain.groovy:36)
	at com.kms.katalon.core.webui.keyword.internal.WebUIKeywordMain.stepFailed(WebUIKeywordMain.groovy:65)
	at com.kms.katalon.core.webui.keyword.internal.WebUIKeywordMain.runKeyword(WebUIKeywordMain.groovy:27)
	at com.kms.katalon.core.webui.keyword.builtin.SelectOptionByValueKeyword.selectOptionByValue(SelectOptionByValueKeyword.groovy:99)
	at com.kms.katalon.core.webui.keyword.builtin.SelectOptionByValueKeyword.execute(SelectOptionByValueKeyword.groovy:71)
	at com.kms.katalon.core.keyword.internal.KeywordExecutor.executeKeywordForPlatform(KeywordExecutor.groovy:53)
	at com.kms.katalon.core.webui.keyword.WebUiBuiltInKeywords.selectOptionByValue(WebUiBuiltInKeywords.groovy:1138)
	at com.kms.katalon.core.webui.keyword.WebUiBuiltInKeywords$selectOptionByValue$8.call(Unknown Source)
	at org.codehaus.groovy.runtime.callsite.CallSiteArray.defaultCall(CallSiteArray.java:48)
	at org.codehaus.groovy.runtime.callsite.AbstractCallSite.call(AbstractCallSite.java:113)
	at org.codehaus.groovy.runtime.callsite.AbstractCallSite.call(AbstractCallSite.java:141)
	at Script1540451613780.run(Script1540451613780.groovy:59)
	at com.kms.katalon.core.main.ScriptEngine.run(ScriptEngine.java:183)
	at com.kms.katalon.core.main.ScriptEngine.runScriptAsRawText(ScriptEngine.java:108)
	at com.kms.katalon.core.main.TestCaseExecutor.runScript(TestCaseExecutor.java:294)
	at com.kms.katalon.core.main.TestCaseExecutor.doExecute(TestCaseExecutor.java:285)
	at com.kms.katalon.core.main.TestCaseExecutor.processExecutionPhase(TestCaseExecutor.java:264)
	at com.kms.katalon.core.main.TestCaseExecutor.accessMainPhase(TestCaseExecutor.java:256)
	at com.kms.katalon.core.main.TestCaseExecutor.execute(TestCaseExecutor.java:200)
	at com.kms.katalon.core.main.TestSuiteExecutor.accessTestCaseMainPhase(TestSuiteExecutor.java:129)
	at com.kms.katalon.core.main.TestSuiteExecutor.accessTestSuiteMainPhase(TestSuiteExecutor.java:112)
	at com.kms.katalon.core.main.TestSuiteExecutor.execute(TestSuiteExecutor.java:81)
	at com.kms.katalon.core.main.TestCaseMain.startTestSuite(TestCaseMain.java:142)
	at com.kms.katalon.core.main.TestCaseMain$startTestSuite$0.call(Unknown Source)
	at org.codehaus.groovy.runtime.callsite.CallSiteArray.defaultCall(CallSiteArray.java:48)
	at org.codehaus.groovy.runtime.callsite.AbstractCallSite.call(AbstractCallSite.java:113)
	at org.codehaus.groovy.runtime.callsite.AbstractCallSite.call(AbstractCallSite.java:141)
	at TempTestSuite1542031977124.run(TempTestSuite1542031977124.groovy:36)
	at groovy.lang.GroovyShell.runScriptOrMainOrTestOrRunnable(GroovyShell.java:263)
	at groovy.lang.GroovyShell.run(GroovyShell.java:518)
	at groovy.lang.GroovyShell.run(GroovyShell.java:507)
	at groovy.ui.GroovyMain.processOnce(GroovyMain.java:653)
	at groovy.ui.GroovyMain.run(GroovyMain.java:384)
	at groovy.ui.GroovyMain.process(GroovyMain.java:370)
	at groovy.ui.GroovyMain.processArgs(GroovyMain.java:129)
	at groovy.ui.GroovyMain.main(GroovyMain.java:109)
	at sun.reflect.NativeMethodAccessorImpl.invoke0(Native Method)
	at sun.reflect.NativeMethodAccessorImpl.invoke(NativeMethodAccessorImpl.java:62)
	at sun.reflect.DelegatingMethodAccessorImpl.invoke(DelegatingMethodAccessorImpl.java:43)
	at java.lang.reflect.Method.invoke(Method.java:498)
	at org.codehaus.groovy.tools.GroovyStarter.rootLoader(GroovyStarter.java:109)
	at org.codehaus.groovy.tools.GroovyStarter.main(GroovyStarter.java:131)
)

2018-11-12 20:03:18 - [TEST_STEP][PASSED] - verifyElementText: Actual text and expected text of test object 'Object Repository/My Downline/Page_My Downline  5-15/th_Sponsor' are matched.

2018-11-12 20:03:18 - [MESSAGE][PASSED] - Actual text and expected text of test object 'Object Repository/My Downline/Page_My Downline  5-15/th_Sponsor' are matched.

2018-11-12 20:03:18 - [TEST_STEP][PASSED] - verifyElementText: Actual text and expected text of test object 'Object Repository/My Downline/Page_My Downline  5-15/th_Associate' are matched.

2018-11-12 20:03:18 - [MESSAGE][PASSED] - Actual text and expected text of test object 'Object Repository/My Downline/Page_My Downline  5-15/th_Associate' are matched.

2018-11-12 20:03:18 - [TEST_STEP][PASSED] - verifyElementText: Actual text and expected text of test object 'Object Repository/My Downline/Page_My Downline  5-15/th_Customer Energy Accounts' are matched.

2018-11-12 20:03:18 - [MESSAGE][PASSED] - Actual text and expected text of test object 'Object Repository/My Downline/Page_My Downline  5-15/th_Customer Energy Accounts' are matched.

2018-11-12 20:03:18 - [TEST_STEP][PASSED] - verifyElementText: Actual text and expected text of test object 'Object Repository/My Downline/Page_My Downline  5-15/div_Level' are matched.

2018-11-12 20:03:18 - [MESSAGE][PASSED] - Actual text and expected text of test object 'Object Repository/My Downline/Page_My Downline  5-15/div_Level' are matched.

2018-11-12 20:03:18 - [TEST_STEP][PASSED] - verifyElementText: Actual text and expected text of test object 'Object Repository/My Downline/Page_My Downline  5-15/div_Sponsor' are matched.

2018-11-12 20:03:18 - [MESSAGE][PASSED] - Actual text and expected text of test object 'Object Repository/My Downline/Page_My Downline  5-15/div_Sponsor' are matched.

2018-11-12 20:03:18 - [TEST_STEP][PASSED] - verifyElementText: Actual text and expected text of test object 'Object Repository/My Downline/Page_My Downline  5-15/div_Sponsor Email' are matched.

2018-11-12 20:03:18 - [MESSAGE][PASSED] - Actual text and expected text of test object 'Object Repository/My Downline/Page_My Downline  5-15/div_Sponsor Email' are matched.

2018-11-12 20:03:18 - [TEST_STEP][PASSED] - verifyElementText: Actual text and expected text of test object 'Object Repository/My Downline/Page_My Downline  5-15/div_Sponsor Mobile Phone' are matched.

2018-11-12 20:03:18 - [MESSAGE][PASSED] - Actual text and expected text of test object 'Object Repository/My Downline/Page_My Downline  5-15/div_Sponsor Mobile Phone' are matched.

2018-11-12 20:03:18 - [TEST_STEP][PASSED] - verifyElementText: Actual text and expected text of test object 'Object Repository/My Downline/Page_My Downline  5-15/div_Associate' are matched.

2018-11-12 20:03:18 - [MESSAGE][PASSED] - Actual text and expected text of test object 'Object Repository/My Downline/Page_My Downline  5-15/div_Associate' are matched.

2018-11-12 20:03:18 - [TEST_STEP][PASSED] - verifyElementText: Actual text and expected text of test object 'Object Repository/My Downline/Page_My Downline  5-15/div_Email' are matched.

2018-11-12 20:03:18 - [MESSAGE][PASSED] - Actual text and expected text of test object 'Object Repository/My Downline/Page_My Downline  5-15/div_Email' are matched.

2018-11-12 20:03:18 - [TEST_STEP][PASSED] - verifyElementText: Actual text and expected text of test object 'Object Repository/My Downline/Page_My Downline  5-15/div_Mobile Phone' are matched.

2018-11-12 20:03:18 - [MESSAGE][PASSED] - Actual text and expected text of test object 'Object Repository/My Downline/Page_My Downline  5-15/div_Mobile Phone' are matched.

2018-11-12 20:03:18 - [TEST_STEP][PASSED] - verifyElementText: Actual text and expected text of test object 'Object Repository/My Downline/Page_My Downline  5-15/div_Inactive Date' are matched.

2018-11-12 20:03:19 - [MESSAGE][PASSED] - Actual text and expected text of test object 'Object Repository/My Downline/Page_My Downline  5-15/div_Inactive Date' are matched.

2018-11-12 20:03:19 - [TEST_STEP][PASSED] - verifyElementText: Actual text and expected text of test object 'Object Repository/My Downline/Page_My Downline  5-15/div_Csr Status' are matched.

2018-11-12 20:03:19 - [MESSAGE][PASSED] - Actual text and expected text of test object 'Object Repository/My Downline/Page_My Downline  5-15/div_Csr Status' are matched.

2018-11-12 20:03:19 - [TEST_STEP][PASSED] - verifyElementText: Actual text and expected text of test object 'Object Repository/My Downline/Page_My Downline  5-15/div_Contract Signed Date' are matched.

2018-11-12 20:03:19 - [MESSAGE][PASSED] - Actual text and expected text of test object 'Object Repository/My Downline/Page_My Downline  5-15/div_Contract Signed Date' are matched.

2018-11-12 20:03:19 - [TEST_STEP][PASSED] - verifyElementText: Actual text and expected text of test object 'Object Repository/My Downline/Page_My Downline  5-15/div_CSR Title' are matched.

2018-11-12 20:03:19 - [MESSAGE][PASSED] - Actual text and expected text of test object 'Object Repository/My Downline/Page_My Downline  5-15/div_CSR Title' are matched.

2018-11-12 20:03:19 - [TEST_STEP][PASSED] - verifyElementText: Actual text and expected text of test object 'Object Repository/My Downline/Page_My Downline  5-15/div_Associate Count' are matched.

2018-11-12 20:03:19 - [MESSAGE][PASSED] - Actual text and expected text of test object 'Object Repository/My Downline/Page_My Downline  5-15/div_Associate Count' are matched.

2018-11-12 20:03:19 - [TEST_STEP][PASSED] - verifyElementText: Actual text and expected text of test object 'Object Repository/My Downline/Page_My Downline  5-15/div_Contract Count' are matched.

2018-11-12 20:03:19 - [MESSAGE][PASSED] - Actual text and expected text of test object 'Object Repository/My Downline/Page_My Downline  5-15/div_Contract Count' are matched.

2018-11-12 20:03:19 - [TEST_STEP][PASSED] - verifyElementText: Actual text and expected text of test object 'Object Repository/My Downline/Page_My Downline  5-15/div_Validated Contract Count' are matched.

2018-11-12 20:03:19 - [MESSAGE][PASSED] - Actual text and expected text of test object 'Object Repository/My Downline/Page_My Downline  5-15/div_Validated Contract Count' are matched.

2018-11-12 20:03:19 - [TEST_STEP][PASSED] - selectOptionByValue: All options with value '3' are selected in object 'Object Repository/My Downline/Page_My Downline  5-15/Start Level'  using regular expression

2018-11-12 20:03:20 - [MESSAGE][PASSED] - All options with value '3' are selected in object 'Object Repository/My Downline/Page_My Downline  5-15/Start Level'  using regular expression

2018-11-12 20:03:20 - [TEST_STEP][PASSED] - selectOptionByValue: All options with value '5' are selected in object 'Object Repository/My Downline/Page_My Downline  5-15/select_Level 0            Leve'  using regular expression

2018-11-12 20:03:20 - [MESSAGE][PASSED] - All options with value '5' are selected in object 'Object Repository/My Downline/Page_My Downline  5-15/select_Level 0            Leve'  using regular expression

2018-11-12 20:03:20 - [TEST_STEP][FAILED] - selectOptionByValue: Unable to select option by value 'Test, Shinto-QA' of object 'Object Repository/My Downline/Page_My Downline  5-15/select_Select Sponsor'  using regular expression (Root cause: com.kms.katalon.core.webui.exception.WebElementNotFoundException: Web element with id: 'Object Repository/My Downline/Page_My Downline  5-15/select_Select Sponsor' located by 'By.xpath: //select[(text() = '
            Select Sponsor
             17, test Text Last Name,  Text First Name@@4434345@@@@@@@, pers11, Test111111, 111111212, 1211212, 12121212, 2121221, 212112345, Shinto12345, Shinto15, test18, test20, test200, 100200, Acc1002000, 100020000, 100020000, 1000020180725, Greg2020, Shinto2025, Shinto212, shinto212121, 212121222222, 33333323232, 323233, 231, test32323, 33232332, Test4434, 4521444, 444450, test51, testA, TestA1, ShintoAB, ShintoAB, ShintoAbc, testAbino, AntonioAgnese, IvanoAjanth, TestAjTest, TestAjAnalogo, MatteoArzuffi, Fabioasdas, sdasdAsf, 1000asg, asfAssociate, DuplicateAssociate, Test Badaduchi, JoeyBalbusso, GiacomoBalduzzi, GiacomoBandini, Georgebar, idanBar, Idanbar, idanBar, Idanbar, idanbar, idanBelotti, LuigiBeluschi, MarcoBenedetti, MarcelloBertolazza, GiuseppeBianchi, BiancaBing, Bella Blow, Joe Blow, JoeBlow, JoeBobev, Bobiboy, ya Bressani, FlaviaBrightly, AlanCarnevale, DaniloChalupsky, PaulChelin5, Jean5Cherchi, Stefanoclegane, aidaConti, CarloContractSignTest, EdgeCrickets, JiminyDamiani, ViolaDaniels, DanDat, TestData, TestDatabase, TestDDD, DDDDee, AlisonDeMotts, RobDeMotts, Rob2Demotts2, Rob2DeMotts3, Robertdennis test, dennis testDennis Test, Dennis TestDennis test2, Dennis test2dennis, dennisdh, dgfDias, Jose diaz, jddiff, akhilDoakes, JoeDoe, JohnDoe, JohnDoe, JohnDoe, JohnDoe, JohnDoe, JohnDoe, Johndoe, JohnDoe, JohnDoe, JohnDoe, JohnDoe, JohnDoe, JohnDoe, John Doe, John Doe, JohnDoe, JohnDoe, JohnDoe, JohnDoe, JohnDoe, JohnDoe, JohnDoe, JohnDoe, JuliaDoe, LeslieDoe, TestDoekeses, Johndsds, dsdsDunn, JuliaDyas, JerryDyas, JimEight, PandaEisenman, Hansemanuela, emanuelaemanuela, emanuelaEnglish, MatteoF, TonyFeinstein, JackFernandi, Robertofff, fffFive, PandaFour, Pandafrancesco, francescoG, DeniseG, Gregg, JerryG, Matteo 1/1/1980Galbiati, MatteoGalbiati, MatteoGalbiati, MatteoGalbiati, MatteoGalbiati, Matteo(gmail test)Galbiati11-23, Matteo3-30Galbiati2, Matteo2Galbiato, Matteogallinari, IvoGentile, DeniseGentile, Denise Gentile, Denise gjgj, gghdjGreen, JoeGum, BirthdateShouldBe20000101Gum, BTest3Gum, GregGum, GregGum, GregGum, GregGum, GregGum, GregGum, Greg_0608Gum, Greg_2018-09-17Gum, Greg_triggerTestGum, Greg_TriggerTest2gum, Greg0608AGum, Greg0608CGum, Greg0609Gum, Greg2018-09-22Gum, GregoryGum, Test2BirthdayShouldBe20000101Gum11, Greg11Gum19, Greg19Gum22, Greg22Gum22, Greg22Gum234, Greg234Gum44, GregGum44, Greg44Gum46, Greg46Gum5, Greg5Gum5, Greg5Gum51, Greg51Gum55, Greg22Gum55, Greg55Gum55, Greg55Gum55, Greg55Gum55, Greg55Gum6, Greg6Gum66, Greg66Gum66, Greg66Gum77, Greg77Gum77A, Greg77AGum78, Greg78Gum8, Greg8gum87, Greg87Gum88, Greg88Gum99, Greg99Gum99, Greg99Gum999, Greg999hil, akIE, MatteoIl Terzo, matteoJ, DJk, AbcdJK, QA1JK, ShintoJK, ShintoJK, ShintoJK, ShintoJK, ShintoJK, ShintoJK, ShintoJK, ShintoJK, ShintoJK, ShintoJK, ShintoJK, ShintoJK, ShintoJK, ShintoJK, ShintoJK, ShintoJK, ShintoJK, ShintoJK, ShintoJK, ShintoJK, ShintoJK, ShintoJK, ShintoJK, ShintoJK, ShintoJK, ShintoJK, shintoJK, ShintoJK, ShintoJK, ShintoJK, ShintoJK, ShintoJK, ShintoJK, Shinto-test3JK, TesterJK-2018, ShintoJK-2020, ShintoJK-2020, ShintoJones, JoeJose, Ajanth TestJose, DennisKK, JKKK, JK_2018KK, ShintoKK, ShintoKK, ShintoKK, ShintoKringle, KrisLast Name, First NameLast Name, First NameLast Name, First NameLast Name, First NameLast Name, First NameLast Name, First NameLast Name, First NameLast Name, First NameLast Name, First NameLast Name, First NameLast Name, First NameLast Name, First NameLast Name, First NameLast Name, First NameLast Name, First NameLast Name, First NameLast Name, First NameLast Name, First NameLast Name, First Namelast name, namelast name, namelast name, namelast name, namelast name, namelast name, namelast name, namelast, akLast, TestLast, TestLast, TestLast, TestLast, TestLast, TestLast, TestLast, TestLast, TestLast, TestLast, TestLast, TestLast, TestLast, TestLast, TestLast, TestLast, TestLast, TestLast, Testlast111111ghg ghghghlghlglhlglhgll glhglhlghlglhlgl hglhglhlghl lglhglhlghlglhlghlglhlgh lghlghlglhglhlglhgl lghlglhglhlghlglhlghlgllhlluoiouiouoiouoi ujgjlhg;ljhlgkjghjghkljghjghkljhjhjj;lhjh;lj;lh;l, akhil_firstlizana, davidLName, TestingLoehwing, AspasiaLoehwing, AspasiaLoehwing, AspasiaMassa, LucaMcDonald, RenataMcdonald, RenataMcDonald, RenataMcDonald, RenataMdy, ShintoMichaelson, Mikemiriam, jessicaMobile12, MatteoMR, Ajumustaffa, annNcDonald, Renatanuvoli, francescaOggi, VerificoOne, Pandaone, shintoOsborn, AlisonOsborn, AlisonOsborn, AlisonOsborn, AlisonOsborn, AlisonOsborn2, AlisonOzborn, AlisonPaiwonski, LenaPaoletti, FerdinandoPark, AndrewPasina, MassimoPatacca, GiorgioPedini, FedericoPlayer, EdgeCsrContractTestPlayer, PaulPortal, TestPortal, TestProfile, MattProva, TestQA1, ShintoQA1, Testqqq, 13/8/18qqq, qqqqqq, qqqqqqq, qqqR, AjR, AjR, AjanthR, AjanthR, AjanthR, AjanthR, AjanthR, AjanthRabbit, PeterRigamonti, ClaudioRigamonti, NicolaRossi, Francorossi, valeScanferla, CristoforoScarfone, JoeScoduti , Ivanasdfgdfg, sdfgsdgsdg, sdgsdgsdgsdg, sdgsdgsdgsdg, sfgsdfgsdsd, sdssdsd, Test Ajanthsdsdfdf, sddfdfdssdsdfdf, sddfdfdssdsdfdf, sddfdfdssdsdfdf, sddfdfdssdsdfdf, sddfdfdssdsdfdf, sddfdfdssdsdfdf, sddfdfdssdsdfdf, sddfdfdssdsdfdf, sddfdfdssdsdfdf, sddfdfdssdsdfdf, sddfdfdssdsdfdf, sddfdfdssdsdfdf, sddfdfdssdsdfdf, sddfdfdsSeven, PandaSilvesti, DanieleSK, JKSmoke_test, ShintoSmoke2, ShintoSmoke3, shintoSmoke3, shintoSmoke-Test (US), ShintoSmoke-Test (US), ShintoSmoke-Test, ShintoSmoke-Test, ShintoSocio, Secondostick, evasudhan, akhilT, Jessica t, tT, TestAssociateT1000, ShintoT12, ShintoT2, ShintoT40, ShintoATA11, Shintote, TestTest Assosiate, Test AssosiateTest, AjanthTest, AjanthTest, AjanthTest, Ajanth TestTest, Ajath Test123Test, AjTestTest, DennisTest, First nameTest, First nameTest, First nameTest, First nameTest, First nameTest, First nameTest, First nameTest, QA1Test, SeleniumTest, Shintotest, ShintoTest, ShintoTest, ShintoTest, Shinto-QATest, SKtest, testTest, TestTest, TestTest, TestTest, TestTest, TestTest, TestTest, Testtest, TestTest, Vipintest, Vofoxtest1Test1, QATest1, TestTest123, AjanthTest13, matteoTest2, AjanthTest2, Test2Test-2019, ShintoTest-2019, ShintoTest-2019, ShintoTest-2019, ShintoTest-2019, ShintoTest-2019, ShintoTest-2019, ShintoTest-2019, ShintoTest-2019, ShintoTest-2019, ShintoTest-2019, ShintoTest-2019, ShintoTest-2019, ShintoTest-2019, ShintoTest-2019, ShintoTest-2019, ShintoTest-2019, ShintoTest-2019, ShintoTest-2019, ShintoTest-2019, ShintoTest-2019, ShintoTest-2019, ShintoTest-2019, ShintoTest-2020, ShintoTest2040, ShintoTest223, AjanthTest333, AjanthTest4, AjanthTest423, AjanthTest5, Ajanth5Test523, AjanthTest60, ShintoTest623, AjanthtestA, ShintoTestA1, ShintoTestA1, ShintoTest-Associate-V1, Test-Associate-V1Tester, JCTester, JeanTester, JoeTester10, JeanTester11, JeanTester12, JeanTester13, JeanTester14, JeanTester15, JeanTester15, JeanTester16, JeanTester17, JeanTester18, Jean Tester2, Jean Tester21, JeanTester22, JeanTester23, JeanTester24, JeanTester25, JeanTestInvite, TestInvitetestt, testtText Last Name, Text First NameText Last Name, Text First NameText Last Name, Text First NameText Last Name, Text First NameText Last Name, Text First NameText Last Name, Text First NameText Last Name, Text First NameText Last Name, Text First NameText Last Name, Text First NameText Last Name, Text First NameText Last Name, Text First NameText Last Name, Text First NameText Last Name, Text First NameText Last Name, Text First NameText Last Name, Text First NameText Last Name, Text First NameText Last Name, Text First NameText Last Name, Text First NameText Last Name, Text First NameText Last Name, Text First NameText Last Name, Text First NameText Last Name, Text First NameText Last Name, Text First NameText Last Name, Text First NameText Last Name, Text First NameText Last Name, Text First NameText Last Name, Text First NameText Last Name, Text First NameText Last Name, Text First NameText Last Name, Text First Nametg, tjthandassery, akhilThree, PandaTuratti, CristoforoTwo, PandaTwomey, TonyTwomey, Tonyv , dcv Vaixx, IdanVangelica, Dafnevbbbbb, aaaaavbn, bnbvnVersione13, MatteoVertemati, Giovannivhv, rtvnf, vandanavvxvc, pouokiWood, DustyXjx, Dhxdhytytyty, ytyt
          ' or . = '
            Select Sponsor
             17, test Text Last Name,  Text First Name@@4434345@@@@@@@, pers11, Test111111, 111111212, 1211212, 12121212, 2121221, 212112345, Shinto12345, Shinto15, test18, test20, test200, 100200, Acc1002000, 100020000, 100020000, 1000020180725, Greg2020, Shinto2025, Shinto212, shinto212121, 212121222222, 33333323232, 323233, 231, test32323, 33232332, Test4434, 4521444, 444450, test51, testA, TestA1, ShintoAB, ShintoAB, ShintoAbc, testAbino, AntonioAgnese, IvanoAjanth, TestAjTest, TestAjAnalogo, MatteoArzuffi, Fabioasdas, sdasdAsf, 1000asg, asfAssociate, DuplicateAssociate, Test Badaduchi, JoeyBalbusso, GiacomoBalduzzi, GiacomoBandini, Georgebar, idanBar, Idanbar, idanBar, Idanbar, idanbar, idanBelotti, LuigiBeluschi, MarcoBenedetti, MarcelloBertolazza, GiuseppeBianchi, BiancaBing, Bella Blow, Joe Blow, JoeBlow, JoeBobev, Bobiboy, ya Bressani, FlaviaBrightly, AlanCarnevale, DaniloChalupsky, PaulChelin5, Jean5Cherchi, Stefanoclegane, aidaConti, CarloContractSignTest, EdgeCrickets, JiminyDamiani, ViolaDaniels, DanDat, TestData, TestDatabase, TestDDD, DDDDee, AlisonDeMotts, RobDeMotts, Rob2Demotts2, Rob2DeMotts3, Robertdennis test, dennis testDennis Test, Dennis TestDennis test2, Dennis test2dennis, dennisdh, dgfDias, Jose diaz, jddiff, akhilDoakes, JoeDoe, JohnDoe, JohnDoe, JohnDoe, JohnDoe, JohnDoe, JohnDoe, Johndoe, JohnDoe, JohnDoe, JohnDoe, JohnDoe, JohnDoe, JohnDoe, John Doe, John Doe, JohnDoe, JohnDoe, JohnDoe, JohnDoe, JohnDoe, JohnDoe, JohnDoe, JohnDoe, JuliaDoe, LeslieDoe, TestDoekeses, Johndsds, dsdsDunn, JuliaDyas, JerryDyas, JimEight, PandaEisenman, Hansemanuela, emanuelaemanuela, emanuelaEnglish, MatteoF, TonyFeinstein, JackFernandi, Robertofff, fffFive, PandaFour, Pandafrancesco, francescoG, DeniseG, Gregg, JerryG, Matteo 1/1/1980Galbiati, MatteoGalbiati, MatteoGalbiati, MatteoGalbiati, MatteoGalbiati, Matteo(gmail test)Galbiati11-23, Matteo3-30Galbiati2, Matteo2Galbiato, Matteogallinari, IvoGentile, DeniseGentile, Denise Gentile, Denise gjgj, gghdjGreen, JoeGum, BirthdateShouldBe20000101Gum, BTest3Gum, GregGum, GregGum, GregGum, GregGum, GregGum, GregGum, Greg_0608Gum, Greg_2018-09-17Gum, Greg_triggerTestGum, Greg_TriggerTest2gum, Greg0608AGum, Greg0608CGum, Greg0609Gum, Greg2018-09-22Gum, GregoryGum, Test2BirthdayShouldBe20000101Gum11, Greg11Gum19, Greg19Gum22, Greg22Gum22, Greg22Gum234, Greg234Gum44, GregGum44, Greg44Gum46, Greg46Gum5, Greg5Gum5, Greg5Gum51, Greg51Gum55, Greg22Gum55, Greg55Gum55, Greg55Gum55, Greg55Gum55, Greg55Gum6, Greg6Gum66, Greg66Gum66, Greg66Gum77, Greg77Gum77A, Greg77AGum78, Greg78Gum8, Greg8gum87, Greg87Gum88, Greg88Gum99, Greg99Gum99, Greg99Gum999, Greg999hil, akIE, MatteoIl Terzo, matteoJ, DJk, AbcdJK, QA1JK, ShintoJK, ShintoJK, ShintoJK, ShintoJK, ShintoJK, ShintoJK, ShintoJK, ShintoJK, ShintoJK, ShintoJK, ShintoJK, ShintoJK, ShintoJK, ShintoJK, ShintoJK, ShintoJK, ShintoJK, ShintoJK, ShintoJK, ShintoJK, ShintoJK, ShintoJK, ShintoJK, ShintoJK, ShintoJK, ShintoJK, shintoJK, ShintoJK, ShintoJK, ShintoJK, ShintoJK, ShintoJK, ShintoJK, Shinto-test3JK, TesterJK-2018, ShintoJK-2020, ShintoJK-2020, ShintoJones, JoeJose, Ajanth TestJose, DennisKK, JKKK, JK_2018KK, ShintoKK, ShintoKK, ShintoKK, ShintoKringle, KrisLast Name, First NameLast Name, First NameLast Name, First NameLast Name, First NameLast Name, First NameLast Name, First NameLast Name, First NameLast Name, First NameLast Name, First NameLast Name, First NameLast Name, First NameLast Name, First NameLast Name, First NameLast Name, First NameLast Name, First NameLast Name, First NameLast Name, First NameLast Name, First NameLast Name, First Namelast name, namelast name, namelast name, namelast name, namelast name, namelast name, namelast name, namelast, akLast, TestLast, TestLast, TestLast, TestLast, TestLast, TestLast, TestLast, TestLast, TestLast, TestLast, TestLast, TestLast, TestLast, TestLast, TestLast, TestLast, TestLast, TestLast, Testlast111111ghg ghghghlghlglhlglhgll glhglhlghlglhlgl hglhglhlghl lglhglhlghlglhlghlglhlgh lghlghlglhglhlglhgl lghlglhglhlghlglhlghlgllhlluoiouiouoiouoi ujgjlhg;ljhlgkjghjghkljghjghkljhjhjj;lhjh;lj;lh;l, akhil_firstlizana, davidLName, TestingLoehwing, AspasiaLoehwing, AspasiaLoehwing, AspasiaMassa, LucaMcDonald, RenataMcdonald, RenataMcDonald, RenataMcDonald, RenataMdy, ShintoMichaelson, Mikemiriam, jessicaMobile12, MatteoMR, Ajumustaffa, annNcDonald, Renatanuvoli, francescaOggi, VerificoOne, Pandaone, shintoOsborn, AlisonOsborn, AlisonOsborn, AlisonOsborn, AlisonOsborn, AlisonOsborn2, AlisonOzborn, AlisonPaiwonski, LenaPaoletti, FerdinandoPark, AndrewPasina, MassimoPatacca, GiorgioPedini, FedericoPlayer, EdgeCsrContractTestPlayer, PaulPortal, TestPortal, TestProfile, MattProva, TestQA1, ShintoQA1, Testqqq, 13/8/18qqq, qqqqqq, qqqqqqq, qqqR, AjR, AjR, AjanthR, AjanthR, AjanthR, AjanthR, AjanthR, AjanthRabbit, PeterRigamonti, ClaudioRigamonti, NicolaRossi, Francorossi, valeScanferla, CristoforoScarfone, JoeScoduti , Ivanasdfgdfg, sdfgsdgsdg, sdgsdgsdgsdg, sdgsdgsdgsdg, sfgsdfgsdsd, sdssdsd, Test Ajanthsdsdfdf, sddfdfdssdsdfdf, sddfdfdssdsdfdf, sddfdfdssdsdfdf, sddfdfdssdsdfdf, sddfdfdssdsdfdf, sddfdfdssdsdfdf, sddfdfdssdsdfdf, sddfdfdssdsdfdf, sddfdfdssdsdfdf, sddfdfdssdsdfdf, sddfdfdssdsdfdf, sddfdfdssdsdfdf, sddfdfdssdsdfdf, sddfdfdsSeven, PandaSilvesti, DanieleSK, JKSmoke_test, ShintoSmoke2, ShintoSmoke3, shintoSmoke3, shintoSmoke-Test (US), ShintoSmoke-Test (US), ShintoSmoke-Test, ShintoSmoke-Test, ShintoSocio, Secondostick, evasudhan, akhilT, Jessica t, tT, TestAssociateT1000, ShintoT12, ShintoT2, ShintoT40, ShintoATA11, Shintote, TestTest Assosiate, Test AssosiateTest, AjanthTest, AjanthTest, AjanthTest, Ajanth TestTest, Ajath Test123Test, AjTestTest, DennisTest, First nameTest, First nameTest, First nameTest, First nameTest, First nameTest, First nameTest, First nameTest, QA1Test, SeleniumTest, Shintotest, ShintoTest, ShintoTest, ShintoTest, Shinto-QATest, SKtest, testTest, TestTest, TestTest, TestTest, TestTest, TestTest, TestTest, Testtest, TestTest, Vipintest, Vofoxtest1Test1, QATest1, TestTest123, AjanthTest13, matteoTest2, AjanthTest2, Test2Test-2019, ShintoTest-2019, ShintoTest-2019, ShintoTest-2019, ShintoTest-2019, ShintoTest-2019, ShintoTest-2019, ShintoTest-2019, ShintoTest-2019, ShintoTest-2019, ShintoTest-2019, ShintoTest-2019, ShintoTest-2019, ShintoTest-2019, ShintoTest-2019, ShintoTest-2019, ShintoTest-2019, ShintoTest-2019, ShintoTest-2019, ShintoTest-2019, ShintoTest-2019, ShintoTest-2019, ShintoTest-2019, ShintoTest-2020, ShintoTest2040, ShintoTest223, AjanthTest333, AjanthTest4, AjanthTest423, AjanthTest5, Ajanth5Test523, AjanthTest60, ShintoTest623, AjanthtestA, ShintoTestA1, ShintoTestA1, ShintoTest-Associate-V1, Test-Associate-V1Tester, JCTester, JeanTester, JoeTester10, JeanTester11, JeanTester12, JeanTester13, JeanTester14, JeanTester15, JeanTester15, JeanTester16, JeanTester17, JeanTester18, Jean Tester2, Jean Tester21, JeanTester22, JeanTester23, JeanTester24, JeanTester25, JeanTestInvite, TestInvitetestt, testtText Last Name, Text First NameText Last Name, Text First NameText Last Name, Text First NameText Last Name, Text First NameText Last Name, Text First NameText Last Name, Text First NameText Last Name, Text First NameText Last Name, Text First NameText Last Name, Text First NameText Last Name, Text First NameText Last Name, Text First NameText Last Name, Text First NameText Last Name, Text First NameText Last Name, Text First NameText Last Name, Text First NameText Last Name, Text First NameText Last Name, Text First NameText Last Name, Text First NameText Last Name, Text First NameText Last Name, Text First NameText Last Name, Text First NameText Last Name, Text First NameText Last Name, Text First NameText Last Name, Text First NameText Last Name, Text First NameText Last Name, Text First NameText Last Name, Text First NameText Last Name, Text First NameText Last Name, Text First NameText Last Name, Text First Nametg, tjthandassery, akhilThree, PandaTuratti, CristoforoTwo, PandaTwomey, TonyTwomey, Tonyv , dcv Vaixx, IdanVangelica, Dafnevbbbbb, aaaaavbn, bnbvnVersione13, MatteoVertemati, Giovannivhv, rtvnf, vandanavvxvc, pouokiWood, DustyXjx, Dhxdhytytyty, ytyt
          ')]' not found)

2018-11-12 20:03:52 - [MESSAGE][FAILED] - Unable to select option by value 'Test, Shinto-QA' of object 'Object Repository/My Downline/Page_My Downline  5-15/select_Select Sponsor'  using regular expression (Root cause: com.kms.katalon.core.webui.exception.WebElementNotFoundException: Web element with id: 'Object Repository/My Downline/Page_My Downline  5-15/select_Select Sponsor' located by 'By.xpath: //select[(text() = '
            Select Sponsor
             17, test Text Last Name,  Text First Name@@4434345@@@@@@@, pers11, Test111111, 111111212, 1211212, 12121212, 2121221, 212112345, Shinto12345, Shinto15, test18, test20, test200, 100200, Acc1002000, 100020000, 100020000, 1000020180725, Greg2020, Shinto2025, Shinto212, shinto212121, 212121222222, 33333323232, 323233, 231, test32323, 33232332, Test4434, 4521444, 444450, test51, testA, TestA1, ShintoAB, ShintoAB, ShintoAbc, testAbino, AntonioAgnese, IvanoAjanth, TestAjTest, TestAjAnalogo, MatteoArzuffi, Fabioasdas, sdasdAsf, 1000asg, asfAssociate, DuplicateAssociate, Test Badaduchi, JoeyBalbusso, GiacomoBalduzzi, GiacomoBandini, Georgebar, idanBar, Idanbar, idanBar, Idanbar, idanbar, idanBelotti, LuigiBeluschi, MarcoBenedetti, MarcelloBertolazza, GiuseppeBianchi, BiancaBing, Bella Blow, Joe Blow, JoeBlow, JoeBobev, Bobiboy, ya Bressani, FlaviaBrightly, AlanCarnevale, DaniloChalupsky, PaulChelin5, Jean5Cherchi, Stefanoclegane, aidaConti, CarloContractSignTest, EdgeCrickets, JiminyDamiani, ViolaDaniels, DanDat, TestData, TestDatabase, TestDDD, DDDDee, AlisonDeMotts, RobDeMotts, Rob2Demotts2, Rob2DeMotts3, Robertdennis test, dennis testDennis Test, Dennis TestDennis test2, Dennis test2dennis, dennisdh, dgfDias, Jose diaz, jddiff, akhilDoakes, JoeDoe, JohnDoe, JohnDoe, JohnDoe, JohnDoe, JohnDoe, JohnDoe, Johndoe, JohnDoe, JohnDoe, JohnDoe, JohnDoe, JohnDoe, JohnDoe, John Doe, John Doe, JohnDoe, JohnDoe, JohnDoe, JohnDoe, JohnDoe, JohnDoe, JohnDoe, JohnDoe, JuliaDoe, LeslieDoe, TestDoekeses, Johndsds, dsdsDunn, JuliaDyas, JerryDyas, JimEight, PandaEisenman, Hansemanuela, emanuelaemanuela, emanuelaEnglish, MatteoF, TonyFeinstein, JackFernandi, Robertofff, fffFive, PandaFour, Pandafrancesco, francescoG, DeniseG, Gregg, JerryG, Matteo 1/1/1980Galbiati, MatteoGalbiati, MatteoGalbiati, MatteoGalbiati, MatteoGalbiati, Matteo(gmail test)Galbiati11-23, Matteo3-30Galbiati2, Matteo2Galbiato, Matteogallinari, IvoGentile, DeniseGentile, Denise Gentile, Denise gjgj, gghdjGreen, JoeGum, BirthdateShouldBe20000101Gum, BTest3Gum, GregGum, GregGum, GregGum, GregGum, GregGum, GregGum, Greg_0608Gum, Greg_2018-09-17Gum, Greg_triggerTestGum, Greg_TriggerTest2gum, Greg0608AGum, Greg0608CGum, Greg0609Gum, Greg2018-09-22Gum, GregoryGum, Test2BirthdayShouldBe20000101Gum11, Greg11Gum19, Greg19Gum22, Greg22Gum22, Greg22Gum234, Greg234Gum44, GregGum44, Greg44Gum46, Greg46Gum5, Greg5Gum5, Greg5Gum51, Greg51Gum55, Greg22Gum55, Greg55Gum55, Greg55Gum55, Greg55Gum55, Greg55Gum6, Greg6Gum66, Greg66Gum66, Greg66Gum77, Greg77Gum77A, Greg77AGum78, Greg78Gum8, Greg8gum87, Greg87Gum88, Greg88Gum99, Greg99Gum99, Greg99Gum999, Greg999hil, akIE, MatteoIl Terzo, matteoJ, DJk, AbcdJK, QA1JK, ShintoJK, ShintoJK, ShintoJK, ShintoJK, ShintoJK, ShintoJK, ShintoJK, ShintoJK, ShintoJK, ShintoJK, ShintoJK, ShintoJK, ShintoJK, ShintoJK, ShintoJK, ShintoJK, ShintoJK, ShintoJK, ShintoJK, ShintoJK, ShintoJK, ShintoJK, ShintoJK, ShintoJK, ShintoJK, ShintoJK, shintoJK, ShintoJK, ShintoJK, ShintoJK, ShintoJK, ShintoJK, ShintoJK, Shinto-test3JK, TesterJK-2018, ShintoJK-2020, ShintoJK-2020, ShintoJones, JoeJose, Ajanth TestJose, DennisKK, JKKK, JK_2018KK, ShintoKK, ShintoKK, ShintoKK, ShintoKringle, KrisLast Name, First NameLast Name, First NameLast Name, First NameLast Name, First NameLast Name, First NameLast Name, First NameLast Name, First NameLast Name, First NameLast Name, First NameLast Name, First NameLast Name, First NameLast Name, First NameLast Name, First NameLast Name, First NameLast Name, First NameLast Name, First NameLast Name, First NameLast Name, First NameLast Name, First Namelast name, namelast name, namelast name, namelast name, namelast name, namelast name, namelast name, namelast, akLast, TestLast, TestLast, TestLast, TestLast, TestLast, TestLast, TestLast, TestLast, TestLast, TestLast, TestLast, TestLast, TestLast, TestLast, TestLast, TestLast, TestLast, TestLast, Testlast111111ghg ghghghlghlglhlglhgll glhglhlghlglhlgl hglhglhlghl lglhglhlghlglhlghlglhlgh lghlghlglhglhlglhgl lghlglhglhlghlglhlghlgllhlluoiouiouoiouoi ujgjlhg;ljhlgkjghjghkljghjghkljhjhjj;lhjh;lj;lh;l, akhil_firstlizana, davidLName, TestingLoehwing, AspasiaLoehwing, AspasiaLoehwing, AspasiaMassa, LucaMcDonald, RenataMcdonald, RenataMcDonald, RenataMcDonald, RenataMdy, ShintoMichaelson, Mikemiriam, jessicaMobile12, MatteoMR, Ajumustaffa, annNcDonald, Renatanuvoli, francescaOggi, VerificoOne, Pandaone, shintoOsborn, AlisonOsborn, AlisonOsborn, AlisonOsborn, AlisonOsborn, AlisonOsborn2, AlisonOzborn, AlisonPaiwonski, LenaPaoletti, FerdinandoPark, AndrewPasina, MassimoPatacca, GiorgioPedini, FedericoPlayer, EdgeCsrContractTestPlayer, PaulPortal, TestPortal, TestProfile, MattProva, TestQA1, ShintoQA1, Testqqq, 13/8/18qqq, qqqqqq, qqqqqqq, qqqR, AjR, AjR, AjanthR, AjanthR, AjanthR, AjanthR, AjanthR, AjanthRabbit, PeterRigamonti, ClaudioRigamonti, NicolaRossi, Francorossi, valeScanferla, CristoforoScarfone, JoeScoduti , Ivanasdfgdfg, sdfgsdgsdg, sdgsdgsdgsdg, sdgsdgsdgsdg, sfgsdfgsdsd, sdssdsd, Test Ajanthsdsdfdf, sddfdfdssdsdfdf, sddfdfdssdsdfdf, sddfdfdssdsdfdf, sddfdfdssdsdfdf, sddfdfdssdsdfdf, sddfdfdssdsdfdf, sddfdfdssdsdfdf, sddfdfdssdsdfdf, sddfdfdssdsdfdf, sddfdfdssdsdfdf, sddfdfdssdsdfdf, sddfdfdssdsdfdf, sddfdfdssdsdfdf, sddfdfdsSeven, PandaSilvesti, DanieleSK, JKSmoke_test, ShintoSmoke2, ShintoSmoke3, shintoSmoke3, shintoSmoke-Test (US), ShintoSmoke-Test (US), ShintoSmoke-Test, ShintoSmoke-Test, ShintoSocio, Secondostick, evasudhan, akhilT, Jessica t, tT, TestAssociateT1000, ShintoT12, ShintoT2, ShintoT40, ShintoATA11, Shintote, TestTest Assosiate, Test AssosiateTest, AjanthTest, AjanthTest, AjanthTest, Ajanth TestTest, Ajath Test123Test, AjTestTest, DennisTest, First nameTest, First nameTest, First nameTest, First nameTest, First nameTest, First nameTest, First nameTest, QA1Test, SeleniumTest, Shintotest, ShintoTest, ShintoTest, ShintoTest, Shinto-QATest, SKtest, testTest, TestTest, TestTest, TestTest, TestTest, TestTest, TestTest, Testtest, TestTest, Vipintest, Vofoxtest1Test1, QATest1, TestTest123, AjanthTest13, matteoTest2, AjanthTest2, Test2Test-2019, ShintoTest-2019, ShintoTest-2019, ShintoTest-2019, ShintoTest-2019, ShintoTest-2019, ShintoTest-2019, ShintoTest-2019, ShintoTest-2019, ShintoTest-2019, ShintoTest-2019, ShintoTest-2019, ShintoTest-2019, ShintoTest-2019, ShintoTest-2019, ShintoTest-2019, ShintoTest-2019, ShintoTest-2019, ShintoTest-2019, ShintoTest-2019, ShintoTest-2019, ShintoTest-2019, ShintoTest-2019, ShintoTest-2020, ShintoTest2040, ShintoTest223, AjanthTest333, AjanthTest4, AjanthTest423, AjanthTest5, Ajanth5Test523, AjanthTest60, ShintoTest623, AjanthtestA, ShintoTestA1, ShintoTestA1, ShintoTest-Associate-V1, Test-Associate-V1Tester, JCTester, JeanTester, JoeTester10, JeanTester11, JeanTester12, JeanTester13, JeanTester14, JeanTester15, JeanTester15, JeanTester16, JeanTester17, JeanTester18, Jean Tester2, Jean Tester21, JeanTester22, JeanTester23, JeanTester24, JeanTester25, JeanTestInvite, TestInvitetestt, testtText Last Name, Text First NameText Last Name, Text First NameText Last Name, Text First NameText Last Name, Text First NameText Last Name, Text First NameText Last Name, Text First NameText Last Name, Text First NameText Last Name, Text First NameText Last Name, Text First NameText Last Name, Text First NameText Last Name, Text First NameText Last Name, Text First NameText Last Name, Text First NameText Last Name, Text First NameText Last Name, Text First NameText Last Name, Text First NameText Last Name, Text First NameText Last Name, Text First NameText Last Name, Text First NameText Last Name, Text First NameText Last Name, Text First NameText Last Name, Text First NameText Last Name, Text First NameText Last Name, Text First NameText Last Name, Text First NameText Last Name, Text First NameText Last Name, Text First NameText Last Name, Text First NameText Last Name, Text First NameText Last Name, Text First Nametg, tjthandassery, akhilThree, PandaTuratti, CristoforoTwo, PandaTwomey, TonyTwomey, Tonyv , dcv Vaixx, IdanVangelica, Dafnevbbbbb, aaaaavbn, bnbvnVersione13, MatteoVertemati, Giovannivhv, rtvnf, vandanavvxvc, pouokiWood, DustyXjx, Dhxdhytytyty, ytyt
          ' or . = '
            Select Sponsor
             17, test Text Last Name,  Text First Name@@4434345@@@@@@@, pers11, Test111111, 111111212, 1211212, 12121212, 2121221, 212112345, Shinto12345, Shinto15, test18, test20, test200, 100200, Acc1002000, 100020000, 100020000, 1000020180725, Greg2020, Shinto2025, Shinto212, shinto212121, 212121222222, 33333323232, 323233, 231, test32323, 33232332, Test4434, 4521444, 444450, test51, testA, TestA1, ShintoAB, ShintoAB, ShintoAbc, testAbino, AntonioAgnese, IvanoAjanth, TestAjTest, TestAjAnalogo, MatteoArzuffi, Fabioasdas, sdasdAsf, 1000asg, asfAssociate, DuplicateAssociate, Test Badaduchi, JoeyBalbusso, GiacomoBalduzzi, GiacomoBandini, Georgebar, idanBar, Idanbar, idanBar, Idanbar, idanbar, idanBelotti, LuigiBeluschi, MarcoBenedetti, MarcelloBertolazza, GiuseppeBianchi, BiancaBing, Bella Blow, Joe Blow, JoeBlow, JoeBobev, Bobiboy, ya Bressani, FlaviaBrightly, AlanCarnevale, DaniloChalupsky, PaulChelin5, Jean5Cherchi, Stefanoclegane, aidaConti, CarloContractSignTest, EdgeCrickets, JiminyDamiani, ViolaDaniels, DanDat, TestData, TestDatabase, TestDDD, DDDDee, AlisonDeMotts, RobDeMotts, Rob2Demotts2, Rob2DeMotts3, Robertdennis test, dennis testDennis Test, Dennis TestDennis test2, Dennis test2dennis, dennisdh, dgfDias, Jose diaz, jddiff, akhilDoakes, JoeDoe, JohnDoe, JohnDoe, JohnDoe, JohnDoe, JohnDoe, JohnDoe, Johndoe, JohnDoe, JohnDoe, JohnDoe, JohnDoe, JohnDoe, JohnDoe, John Doe, John Doe, JohnDoe, JohnDoe, JohnDoe, JohnDoe, JohnDoe, JohnDoe, JohnDoe, JohnDoe, JuliaDoe, LeslieDoe, TestDoekeses, Johndsds, dsdsDunn, JuliaDyas, JerryDyas, JimEight, PandaEisenman, Hansemanuela, emanuelaemanuela, emanuelaEnglish, MatteoF, TonyFeinstein, JackFernandi, Robertofff, fffFive, PandaFour, Pandafrancesco, francescoG, DeniseG, Gregg, JerryG, Matteo 1/1/1980Galbiati, MatteoGalbiati, MatteoGalbiati, MatteoGalbiati, MatteoGalbiati, Matteo(gmail test)Galbiati11-23, Matteo3-30Galbiati2, Matteo2Galbiato, Matteogallinari, IvoGentile, DeniseGentile, Denise Gentile, Denise gjgj, gghdjGreen, JoeGum, BirthdateShouldBe20000101Gum, BTest3Gum, GregGum, GregGum, GregGum, GregGum, GregGum, GregGum, Greg_0608Gum, Greg_2018-09-17Gum, Greg_triggerTestGum, Greg_TriggerTest2gum, Greg0608AGum, Greg0608CGum, Greg0609Gum, Greg2018-09-22Gum, GregoryGum, Test2BirthdayShouldBe20000101Gum11, Greg11Gum19, Greg19Gum22, Greg22Gum22, Greg22Gum234, Greg234Gum44, GregGum44, Greg44Gum46, Greg46Gum5, Greg5Gum5, Greg5Gum51, Greg51Gum55, Greg22Gum55, Greg55Gum55, Greg55Gum55, Greg55Gum55, Greg55Gum6, Greg6Gum66, Greg66Gum66, Greg66Gum77, Greg77Gum77A, Greg77AGum78, Greg78Gum8, Greg8gum87, Greg87Gum88, Greg88Gum99, Greg99Gum99, Greg99Gum999, Greg999hil, akIE, MatteoIl Terzo, matteoJ, DJk, AbcdJK, QA1JK, ShintoJK, ShintoJK, ShintoJK, ShintoJK, ShintoJK, ShintoJK, ShintoJK, ShintoJK, ShintoJK, ShintoJK, ShintoJK, ShintoJK, ShintoJK, ShintoJK, ShintoJK, ShintoJK, ShintoJK, ShintoJK, ShintoJK, ShintoJK, ShintoJK, ShintoJK, ShintoJK, ShintoJK, ShintoJK, ShintoJK, shintoJK, ShintoJK, ShintoJK, ShintoJK, ShintoJK, ShintoJK, ShintoJK, Shinto-test3JK, TesterJK-2018, ShintoJK-2020, ShintoJK-2020, ShintoJones, JoeJose, Ajanth TestJose, DennisKK, JKKK, JK_2018KK, ShintoKK, ShintoKK, ShintoKK, ShintoKringle, KrisLast Name, First NameLast Name, First NameLast Name, First NameLast Name, First NameLast Name, First NameLast Name, First NameLast Name, First NameLast Name, First NameLast Name, First NameLast Name, First NameLast Name, First NameLast Name, First NameLast Name, First NameLast Name, First NameLast Name, First NameLast Name, First NameLast Name, First NameLast Name, First NameLast Name, First Namelast name, namelast name, namelast name, namelast name, namelast name, namelast name, namelast name, namelast, akLast, TestLast, TestLast, TestLast, TestLast, TestLast, TestLast, TestLast, TestLast, TestLast, TestLast, TestLast, TestLast, TestLast, TestLast, TestLast, TestLast, TestLast, TestLast, Testlast111111ghg ghghghlghlglhlglhgll glhglhlghlglhlgl hglhglhlghl lglhglhlghlglhlghlglhlgh lghlghlglhglhlglhgl lghlglhglhlghlglhlghlgllhlluoiouiouoiouoi ujgjlhg;ljhlgkjghjghkljghjghkljhjhjj;lhjh;lj;lh;l, akhil_firstlizana, davidLName, TestingLoehwing, AspasiaLoehwing, AspasiaLoehwing, AspasiaMassa, LucaMcDonald, RenataMcdonald, RenataMcDonald, RenataMcDonald, RenataMdy, ShintoMichaelson, Mikemiriam, jessicaMobile12, MatteoMR, Ajumustaffa, annNcDonald, Renatanuvoli, francescaOggi, VerificoOne, Pandaone, shintoOsborn, AlisonOsborn, AlisonOsborn, AlisonOsborn, AlisonOsborn, AlisonOsborn2, AlisonOzborn, AlisonPaiwonski, LenaPaoletti, FerdinandoPark, AndrewPasina, MassimoPatacca, GiorgioPedini, FedericoPlayer, EdgeCsrContractTestPlayer, PaulPortal, TestPortal, TestProfile, MattProva, TestQA1, ShintoQA1, Testqqq, 13/8/18qqq, qqqqqq, qqqqqqq, qqqR, AjR, AjR, AjanthR, AjanthR, AjanthR, AjanthR, AjanthR, AjanthRabbit, PeterRigamonti, ClaudioRigamonti, NicolaRossi, Francorossi, valeScanferla, CristoforoScarfone, JoeScoduti , Ivanasdfgdfg, sdfgsdgsdg, sdgsdgsdgsdg, sdgsdgsdgsdg, sfgsdfgsdsd, sdssdsd, Test Ajanthsdsdfdf, sddfdfdssdsdfdf, sddfdfdssdsdfdf, sddfdfdssdsdfdf, sddfdfdssdsdfdf, sddfdfdssdsdfdf, sddfdfdssdsdfdf, sddfdfdssdsdfdf, sddfdfdssdsdfdf, sddfdfdssdsdfdf, sddfdfdssdsdfdf, sddfdfdssdsdfdf, sddfdfdssdsdfdf, sddfdfdssdsdfdf, sddfdfdsSeven, PandaSilvesti, DanieleSK, JKSmoke_test, ShintoSmoke2, ShintoSmoke3, shintoSmoke3, shintoSmoke-Test (US), ShintoSmoke-Test (US), ShintoSmoke-Test, ShintoSmoke-Test, ShintoSocio, Secondostick, evasudhan, akhilT, Jessica t, tT, TestAssociateT1000, ShintoT12, ShintoT2, ShintoT40, ShintoATA11, Shintote, TestTest Assosiate, Test AssosiateTest, AjanthTest, AjanthTest, AjanthTest, Ajanth TestTest, Ajath Test123Test, AjTestTest, DennisTest, First nameTest, First nameTest, First nameTest, First nameTest, First nameTest, First nameTest, First nameTest, QA1Test, SeleniumTest, Shintotest, ShintoTest, ShintoTest, ShintoTest, Shinto-QATest, SKtest, testTest, TestTest, TestTest, TestTest, TestTest, TestTest, TestTest, Testtest, TestTest, Vipintest, Vofoxtest1Test1, QATest1, TestTest123, AjanthTest13, matteoTest2, AjanthTest2, Test2Test-2019, ShintoTest-2019, ShintoTest-2019, ShintoTest-2019, ShintoTest-2019, ShintoTest-2019, ShintoTest-2019, ShintoTest-2019, ShintoTest-2019, ShintoTest-2019, ShintoTest-2019, ShintoTest-2019, ShintoTest-2019, ShintoTest-2019, ShintoTest-2019, ShintoTest-2019, ShintoTest-2019, ShintoTest-2019, ShintoTest-2019, ShintoTest-2019, ShintoTest-2019, ShintoTest-2019, ShintoTest-2019, ShintoTest-2020, ShintoTest2040, ShintoTest223, AjanthTest333, AjanthTest4, AjanthTest423, AjanthTest5, Ajanth5Test523, AjanthTest60, ShintoTest623, AjanthtestA, ShintoTestA1, ShintoTestA1, ShintoTest-Associate-V1, Test-Associate-V1Tester, JCTester, JeanTester, JoeTester10, JeanTester11, JeanTester12, JeanTester13, JeanTester14, JeanTester15, JeanTester15, JeanTester16, JeanTester17, JeanTester18, Jean Tester2, Jean Tester21, JeanTester22, JeanTester23, JeanTester24, JeanTester25, JeanTestInvite, TestInvitetestt, testtText Last Name, Text First NameText Last Name, Text First NameText Last Name, Text First NameText Last Name, Text First NameText Last Name, Text First NameText Last Name, Text First NameText Last Name, Text First NameText Last Name, Text First NameText Last Name, Text First NameText Last Name, Text First NameText Last Name, Text First NameText Last Name, Text First NameText Last Name, Text First NameText Last Name, Text First NameText Last Name, Text First NameText Last Name, Text First NameText Last Name, Text First NameText Last Name, Text First NameText Last Name, Text First NameText Last Name, Text First NameText Last Name, Text First NameText Last Name, Text First NameText Last Name, Text First NameText Last Name, Text First NameText Last Name, Text First NameText Last Name, Text First NameText Last Name, Text First NameText Last Name, Text First NameText Last Name, Text First NameText Last Name, Text First Nametg, tjthandassery, akhilThree, PandaTuratti, CristoforoTwo, PandaTwomey, TonyTwomey, Tonyv , dcv Vaixx, IdanVangelica, Dafnevbbbbb, aaaaavbn, bnbvnVersione13, MatteoVertemati, Giovannivhv, rtvnf, vandanavvxvc, pouokiWood, DustyXjx, Dhxdhytytyty, ytyt
          ')]' not found)
[[ATTACHMENT|E:\\Bonanzha\\katalon Bonanzha\\Reports\\VBZ0016-My Downline\\20181112_194257\\1542033232008.png]]]]></system-out>
         <system-err><![CDATA[2018-11-12 20:03:18 - [TEST_CASE][FAILED] - Test Cases/Associate Application/My Downline/TCBA01610: Test Cases/Associate Application/My Downline/TCBA01610 FAILED because (of) (Stack trace: com.kms.katalon.core.exception.StepFailedException: Unable to select option by value 'Test, Shinto-QA' of object 'Object Repository/My Downline/Page_My Downline  5-15/select_Select Sponsor'  using regular expression (Root cause: com.kms.katalon.core.webui.exception.WebElementNotFoundException: Web element with id: 'Object Repository/My Downline/Page_My Downline  5-15/select_Select Sponsor' located by 'By.xpath: //select[(text() = '
            Select Sponsor
             17, test Text Last Name,  Text First Name@@4434345@@@@@@@, pers11, Test111111, 111111212, 1211212, 12121212, 2121221, 212112345, Shinto12345, Shinto15, test18, test20, test200, 100200, Acc1002000, 100020000, 100020000, 1000020180725, Greg2020, Shinto2025, Shinto212, shinto212121, 212121222222, 33333323232, 323233, 231, test32323, 33232332, Test4434, 4521444, 444450, test51, testA, TestA1, ShintoAB, ShintoAB, ShintoAbc, testAbino, AntonioAgnese, IvanoAjanth, TestAjTest, TestAjAnalogo, MatteoArzuffi, Fabioasdas, sdasdAsf, 1000asg, asfAssociate, DuplicateAssociate, Test Badaduchi, JoeyBalbusso, GiacomoBalduzzi, GiacomoBandini, Georgebar, idanBar, Idanbar, idanBar, Idanbar, idanbar, idanBelotti, LuigiBeluschi, MarcoBenedetti, MarcelloBertolazza, GiuseppeBianchi, BiancaBing, Bella Blow, Joe Blow, JoeBlow, JoeBobev, Bobiboy, ya Bressani, FlaviaBrightly, AlanCarnevale, DaniloChalupsky, PaulChelin5, Jean5Cherchi, Stefanoclegane, aidaConti, CarloContractSignTest, EdgeCrickets, JiminyDamiani, ViolaDaniels, DanDat, TestData, TestDatabase, TestDDD, DDDDee, AlisonDeMotts, RobDeMotts, Rob2Demotts2, Rob2DeMotts3, Robertdennis test, dennis testDennis Test, Dennis TestDennis test2, Dennis test2dennis, dennisdh, dgfDias, Jose diaz, jddiff, akhilDoakes, JoeDoe, JohnDoe, JohnDoe, JohnDoe, JohnDoe, JohnDoe, JohnDoe, Johndoe, JohnDoe, JohnDoe, JohnDoe, JohnDoe, JohnDoe, JohnDoe, John Doe, John Doe, JohnDoe, JohnDoe, JohnDoe, JohnDoe, JohnDoe, JohnDoe, JohnDoe, JohnDoe, JuliaDoe, LeslieDoe, TestDoekeses, Johndsds, dsdsDunn, JuliaDyas, JerryDyas, JimEight, PandaEisenman, Hansemanuela, emanuelaemanuela, emanuelaEnglish, MatteoF, TonyFeinstein, JackFernandi, Robertofff, fffFive, PandaFour, Pandafrancesco, francescoG, DeniseG, Gregg, JerryG, Matteo 1/1/1980Galbiati, MatteoGalbiati, MatteoGalbiati, MatteoGalbiati, MatteoGalbiati, Matteo(gmail test)Galbiati11-23, Matteo3-30Galbiati2, Matteo2Galbiato, Matteogallinari, IvoGentile, DeniseGentile, Denise Gentile, Denise gjgj, gghdjGreen, JoeGum, BirthdateShouldBe20000101Gum, BTest3Gum, GregGum, GregGum, GregGum, GregGum, GregGum, GregGum, Greg_0608Gum, Greg_2018-09-17Gum, Greg_triggerTestGum, Greg_TriggerTest2gum, Greg0608AGum, Greg0608CGum, Greg0609Gum, Greg2018-09-22Gum, GregoryGum, Test2BirthdayShouldBe20000101Gum11, Greg11Gum19, Greg19Gum22, Greg22Gum22, Greg22Gum234, Greg234Gum44, GregGum44, Greg44Gum46, Greg46Gum5, Greg5Gum5, Greg5Gum51, Greg51Gum55, Greg22Gum55, Greg55Gum55, Greg55Gum55, Greg55Gum55, Greg55Gum6, Greg6Gum66, Greg66Gum66, Greg66Gum77, Greg77Gum77A, Greg77AGum78, Greg78Gum8, Greg8gum87, Greg87Gum88, Greg88Gum99, Greg99Gum99, Greg99Gum999, Greg999hil, akIE, MatteoIl Terzo, matteoJ, DJk, AbcdJK, QA1JK, ShintoJK, ShintoJK, ShintoJK, ShintoJK, ShintoJK, ShintoJK, ShintoJK, ShintoJK, ShintoJK, ShintoJK, ShintoJK, ShintoJK, ShintoJK, ShintoJK, ShintoJK, ShintoJK, ShintoJK, ShintoJK, ShintoJK, ShintoJK, ShintoJK, ShintoJK, ShintoJK, ShintoJK, ShintoJK, ShintoJK, shintoJK, ShintoJK, ShintoJK, ShintoJK, ShintoJK, ShintoJK, ShintoJK, Shinto-test3JK, TesterJK-2018, ShintoJK-2020, ShintoJK-2020, ShintoJones, JoeJose, Ajanth TestJose, DennisKK, JKKK, JK_2018KK, ShintoKK, ShintoKK, ShintoKK, ShintoKringle, KrisLast Name, First NameLast Name, First NameLast Name, First NameLast Name, First NameLast Name, First NameLast Name, First NameLast Name, First NameLast Name, First NameLast Name, First NameLast Name, First NameLast Name, First NameLast Name, First NameLast Name, First NameLast Name, First NameLast Name, First NameLast Name, First NameLast Name, First NameLast Name, First NameLast Name, First Namelast name, namelast name, namelast name, namelast name, namelast name, namelast name, namelast name, namelast, akLast, TestLast, TestLast, TestLast, TestLast, TestLast, TestLast, TestLast, TestLast, TestLast, TestLast, TestLast, TestLast, TestLast, TestLast, TestLast, TestLast, TestLast, TestLast, Testlast111111ghg ghghghlghlglhlglhgll glhglhlghlglhlgl hglhglhlghl lglhglhlghlglhlghlglhlgh lghlghlglhglhlglhgl lghlglhglhlghlglhlghlgllhlluoiouiouoiouoi ujgjlhg;ljhlgkjghjghkljghjghkljhjhjj;lhjh;lj;lh;l, akhil_firstlizana, davidLName, TestingLoehwing, AspasiaLoehwing, AspasiaLoehwing, AspasiaMassa, LucaMcDonald, RenataMcdonald, RenataMcDonald, RenataMcDonald, RenataMdy, ShintoMichaelson, Mikemiriam, jessicaMobile12, MatteoMR, Ajumustaffa, annNcDonald, Renatanuvoli, francescaOggi, VerificoOne, Pandaone, shintoOsborn, AlisonOsborn, AlisonOsborn, AlisonOsborn, AlisonOsborn, AlisonOsborn2, AlisonOzborn, AlisonPaiwonski, LenaPaoletti, FerdinandoPark, AndrewPasina, MassimoPatacca, GiorgioPedini, FedericoPlayer, EdgeCsrContractTestPlayer, PaulPortal, TestPortal, TestProfile, MattProva, TestQA1, ShintoQA1, Testqqq, 13/8/18qqq, qqqqqq, qqqqqqq, qqqR, AjR, AjR, AjanthR, AjanthR, AjanthR, AjanthR, AjanthR, AjanthRabbit, PeterRigamonti, ClaudioRigamonti, NicolaRossi, Francorossi, valeScanferla, CristoforoScarfone, JoeScoduti , Ivanasdfgdfg, sdfgsdgsdg, sdgsdgsdgsdg, sdgsdgsdgsdg, sfgsdfgsdsd, sdssdsd, Test Ajanthsdsdfdf, sddfdfdssdsdfdf, sddfdfdssdsdfdf, sddfdfdssdsdfdf, sddfdfdssdsdfdf, sddfdfdssdsdfdf, sddfdfdssdsdfdf, sddfdfdssdsdfdf, sddfdfdssdsdfdf, sddfdfdssdsdfdf, sddfdfdssdsdfdf, sddfdfdssdsdfdf, sddfdfdssdsdfdf, sddfdfdssdsdfdf, sddfdfdsSeven, PandaSilvesti, DanieleSK, JKSmoke_test, ShintoSmoke2, ShintoSmoke3, shintoSmoke3, shintoSmoke-Test (US), ShintoSmoke-Test (US), ShintoSmoke-Test, ShintoSmoke-Test, ShintoSocio, Secondostick, evasudhan, akhilT, Jessica t, tT, TestAssociateT1000, ShintoT12, ShintoT2, ShintoT40, ShintoATA11, Shintote, TestTest Assosiate, Test AssosiateTest, AjanthTest, AjanthTest, AjanthTest, Ajanth TestTest, Ajath Test123Test, AjTestTest, DennisTest, First nameTest, First nameTest, First nameTest, First nameTest, First nameTest, First nameTest, First nameTest, QA1Test, SeleniumTest, Shintotest, ShintoTest, ShintoTest, ShintoTest, Shinto-QATest, SKtest, testTest, TestTest, TestTest, TestTest, TestTest, TestTest, TestTest, Testtest, TestTest, Vipintest, Vofoxtest1Test1, QATest1, TestTest123, AjanthTest13, matteoTest2, AjanthTest2, Test2Test-2019, ShintoTest-2019, ShintoTest-2019, ShintoTest-2019, ShintoTest-2019, ShintoTest-2019, ShintoTest-2019, ShintoTest-2019, ShintoTest-2019, ShintoTest-2019, ShintoTest-2019, ShintoTest-2019, ShintoTest-2019, ShintoTest-2019, ShintoTest-2019, ShintoTest-2019, ShintoTest-2019, ShintoTest-2019, ShintoTest-2019, ShintoTest-2019, ShintoTest-2019, ShintoTest-2019, ShintoTest-2019, ShintoTest-2020, ShintoTest2040, ShintoTest223, AjanthTest333, AjanthTest4, AjanthTest423, AjanthTest5, Ajanth5Test523, AjanthTest60, ShintoTest623, AjanthtestA, ShintoTestA1, ShintoTestA1, ShintoTest-Associate-V1, Test-Associate-V1Tester, JCTester, JeanTester, JoeTester10, JeanTester11, JeanTester12, JeanTester13, JeanTester14, JeanTester15, JeanTester15, JeanTester16, JeanTester17, JeanTester18, Jean Tester2, Jean Tester21, JeanTester22, JeanTester23, JeanTester24, JeanTester25, JeanTestInvite, TestInvitetestt, testtText Last Name, Text First NameText Last Name, Text First NameText Last Name, Text First NameText Last Name, Text First NameText Last Name, Text First NameText Last Name, Text First NameText Last Name, Text First NameText Last Name, Text First NameText Last Name, Text First NameText Last Name, Text First NameText Last Name, Text First NameText Last Name, Text First NameText Last Name, Text First NameText Last Name, Text First NameText Last Name, Text First NameText Last Name, Text First NameText Last Name, Text First NameText Last Name, Text First NameText Last Name, Text First NameText Last Name, Text First NameText Last Name, Text First NameText Last Name, Text First NameText Last Name, Text First NameText Last Name, Text First NameText Last Name, Text First NameText Last Name, Text First NameText Last Name, Text First NameText Last Name, Text First NameText Last Name, Text First NameText Last Name, Text First Nametg, tjthandassery, akhilThree, PandaTuratti, CristoforoTwo, PandaTwomey, TonyTwomey, Tonyv , dcv Vaixx, IdanVangelica, Dafnevbbbbb, aaaaavbn, bnbvnVersione13, MatteoVertemati, Giovannivhv, rtvnf, vandanavvxvc, pouokiWood, DustyXjx, Dhxdhytytyty, ytyt
          ' or . = '
            Select Sponsor
             17, test Text Last Name,  Text First Name@@4434345@@@@@@@, pers11, Test111111, 111111212, 1211212, 12121212, 2121221, 212112345, Shinto12345, Shinto15, test18, test20, test200, 100200, Acc1002000, 100020000, 100020000, 1000020180725, Greg2020, Shinto2025, Shinto212, shinto212121, 212121222222, 33333323232, 323233, 231, test32323, 33232332, Test4434, 4521444, 444450, test51, testA, TestA1, ShintoAB, ShintoAB, ShintoAbc, testAbino, AntonioAgnese, IvanoAjanth, TestAjTest, TestAjAnalogo, MatteoArzuffi, Fabioasdas, sdasdAsf, 1000asg, asfAssociate, DuplicateAssociate, Test Badaduchi, JoeyBalbusso, GiacomoBalduzzi, GiacomoBandini, Georgebar, idanBar, Idanbar, idanBar, Idanbar, idanbar, idanBelotti, LuigiBeluschi, MarcoBenedetti, MarcelloBertolazza, GiuseppeBianchi, BiancaBing, Bella Blow, Joe Blow, JoeBlow, JoeBobev, Bobiboy, ya Bressani, FlaviaBrightly, AlanCarnevale, DaniloChalupsky, PaulChelin5, Jean5Cherchi, Stefanoclegane, aidaConti, CarloContractSignTest, EdgeCrickets, JiminyDamiani, ViolaDaniels, DanDat, TestData, TestDatabase, TestDDD, DDDDee, AlisonDeMotts, RobDeMotts, Rob2Demotts2, Rob2DeMotts3, Robertdennis test, dennis testDennis Test, Dennis TestDennis test2, Dennis test2dennis, dennisdh, dgfDias, Jose diaz, jddiff, akhilDoakes, JoeDoe, JohnDoe, JohnDoe, JohnDoe, JohnDoe, JohnDoe, JohnDoe, Johndoe, JohnDoe, JohnDoe, JohnDoe, JohnDoe, JohnDoe, JohnDoe, John Doe, John Doe, JohnDoe, JohnDoe, JohnDoe, JohnDoe, JohnDoe, JohnDoe, JohnDoe, JohnDoe, JuliaDoe, LeslieDoe, TestDoekeses, Johndsds, dsdsDunn, JuliaDyas, JerryDyas, JimEight, PandaEisenman, Hansemanuela, emanuelaemanuela, emanuelaEnglish, MatteoF, TonyFeinstein, JackFernandi, Robertofff, fffFive, PandaFour, Pandafrancesco, francescoG, DeniseG, Gregg, JerryG, Matteo 1/1/1980Galbiati, MatteoGalbiati, MatteoGalbiati, MatteoGalbiati, MatteoGalbiati, Matteo(gmail test)Galbiati11-23, Matteo3-30Galbiati2, Matteo2Galbiato, Matteogallinari, IvoGentile, DeniseGentile, Denise Gentile, Denise gjgj, gghdjGreen, JoeGum, BirthdateShouldBe20000101Gum, BTest3Gum, GregGum, GregGum, GregGum, GregGum, GregGum, GregGum, Greg_0608Gum, Greg_2018-09-17Gum, Greg_triggerTestGum, Greg_TriggerTest2gum, Greg0608AGum, Greg0608CGum, Greg0609Gum, Greg2018-09-22Gum, GregoryGum, Test2BirthdayShouldBe20000101Gum11, Greg11Gum19, Greg19Gum22, Greg22Gum22, Greg22Gum234, Greg234Gum44, GregGum44, Greg44Gum46, Greg46Gum5, Greg5Gum5, Greg5Gum51, Greg51Gum55, Greg22Gum55, Greg55Gum55, Greg55Gum55, Greg55Gum55, Greg55Gum6, Greg6Gum66, Greg66Gum66, Greg66Gum77, Greg77Gum77A, Greg77AGum78, Greg78Gum8, Greg8gum87, Greg87Gum88, Greg88Gum99, Greg99Gum99, Greg99Gum999, Greg999hil, akIE, MatteoIl Terzo, matteoJ, DJk, AbcdJK, QA1JK, ShintoJK, ShintoJK, ShintoJK, ShintoJK, ShintoJK, ShintoJK, ShintoJK, ShintoJK, ShintoJK, ShintoJK, ShintoJK, ShintoJK, ShintoJK, ShintoJK, ShintoJK, ShintoJK, ShintoJK, ShintoJK, ShintoJK, ShintoJK, ShintoJK, ShintoJK, ShintoJK, ShintoJK, ShintoJK, ShintoJK, shintoJK, ShintoJK, ShintoJK, ShintoJK, ShintoJK, ShintoJK, ShintoJK, Shinto-test3JK, TesterJK-2018, ShintoJK-2020, ShintoJK-2020, ShintoJones, JoeJose, Ajanth TestJose, DennisKK, JKKK, JK_2018KK, ShintoKK, ShintoKK, ShintoKK, ShintoKringle, KrisLast Name, First NameLast Name, First NameLast Name, First NameLast Name, First NameLast Name, First NameLast Name, First NameLast Name, First NameLast Name, First NameLast Name, First NameLast Name, First NameLast Name, First NameLast Name, First NameLast Name, First NameLast Name, First NameLast Name, First NameLast Name, First NameLast Name, First NameLast Name, First NameLast Name, First Namelast name, namelast name, namelast name, namelast name, namelast name, namelast name, namelast name, namelast, akLast, TestLast, TestLast, TestLast, TestLast, TestLast, TestLast, TestLast, TestLast, TestLast, TestLast, TestLast, TestLast, TestLast, TestLast, TestLast, TestLast, TestLast, TestLast, Testlast111111ghg ghghghlghlglhlglhgll glhglhlghlglhlgl hglhglhlghl lglhglhlghlglhlghlglhlgh lghlghlglhglhlglhgl lghlglhglhlghlglhlghlgllhlluoiouiouoiouoi ujgjlhg;ljhlgkjghjghkljghjghkljhjhjj;lhjh;lj;lh;l, akhil_firstlizana, davidLName, TestingLoehwing, AspasiaLoehwing, AspasiaLoehwing, AspasiaMassa, LucaMcDonald, RenataMcdonald, RenataMcDonald, RenataMcDonald, RenataMdy, ShintoMichaelson, Mikemiriam, jessicaMobile12, MatteoMR, Ajumustaffa, annNcDonald, Renatanuvoli, francescaOggi, VerificoOne, Pandaone, shintoOsborn, AlisonOsborn, AlisonOsborn, AlisonOsborn, AlisonOsborn, AlisonOsborn2, AlisonOzborn, AlisonPaiwonski, LenaPaoletti, FerdinandoPark, AndrewPasina, MassimoPatacca, GiorgioPedini, FedericoPlayer, EdgeCsrContractTestPlayer, PaulPortal, TestPortal, TestProfile, MattProva, TestQA1, ShintoQA1, Testqqq, 13/8/18qqq, qqqqqq, qqqqqqq, qqqR, AjR, AjR, AjanthR, AjanthR, AjanthR, AjanthR, AjanthR, AjanthRabbit, PeterRigamonti, ClaudioRigamonti, NicolaRossi, Francorossi, valeScanferla, CristoforoScarfone, JoeScoduti , Ivanasdfgdfg, sdfgsdgsdg, sdgsdgsdgsdg, sdgsdgsdgsdg, sfgsdfgsdsd, sdssdsd, Test Ajanthsdsdfdf, sddfdfdssdsdfdf, sddfdfdssdsdfdf, sddfdfdssdsdfdf, sddfdfdssdsdfdf, sddfdfdssdsdfdf, sddfdfdssdsdfdf, sddfdfdssdsdfdf, sddfdfdssdsdfdf, sddfdfdssdsdfdf, sddfdfdssdsdfdf, sddfdfdssdsdfdf, sddfdfdssdsdfdf, sddfdfdssdsdfdf, sddfdfdsSeven, PandaSilvesti, DanieleSK, JKSmoke_test, ShintoSmoke2, ShintoSmoke3, shintoSmoke3, shintoSmoke-Test (US), ShintoSmoke-Test (US), ShintoSmoke-Test, ShintoSmoke-Test, ShintoSocio, Secondostick, evasudhan, akhilT, Jessica t, tT, TestAssociateT1000, ShintoT12, ShintoT2, ShintoT40, ShintoATA11, Shintote, TestTest Assosiate, Test AssosiateTest, AjanthTest, AjanthTest, AjanthTest, Ajanth TestTest, Ajath Test123Test, AjTestTest, DennisTest, First nameTest, First nameTest, First nameTest, First nameTest, First nameTest, First nameTest, First nameTest, QA1Test, SeleniumTest, Shintotest, ShintoTest, ShintoTest, ShintoTest, Shinto-QATest, SKtest, testTest, TestTest, TestTest, TestTest, TestTest, TestTest, TestTest, Testtest, TestTest, Vipintest, Vofoxtest1Test1, QATest1, TestTest123, AjanthTest13, matteoTest2, AjanthTest2, Test2Test-2019, ShintoTest-2019, ShintoTest-2019, ShintoTest-2019, ShintoTest-2019, ShintoTest-2019, ShintoTest-2019, ShintoTest-2019, ShintoTest-2019, ShintoTest-2019, ShintoTest-2019, ShintoTest-2019, ShintoTest-2019, ShintoTest-2019, ShintoTest-2019, ShintoTest-2019, ShintoTest-2019, ShintoTest-2019, ShintoTest-2019, ShintoTest-2019, ShintoTest-2019, ShintoTest-2019, ShintoTest-2019, ShintoTest-2020, ShintoTest2040, ShintoTest223, AjanthTest333, AjanthTest4, AjanthTest423, AjanthTest5, Ajanth5Test523, AjanthTest60, ShintoTest623, AjanthtestA, ShintoTestA1, ShintoTestA1, ShintoTest-Associate-V1, Test-Associate-V1Tester, JCTester, JeanTester, JoeTester10, JeanTester11, JeanTester12, JeanTester13, JeanTester14, JeanTester15, JeanTester15, JeanTester16, JeanTester17, JeanTester18, Jean Tester2, Jean Tester21, JeanTester22, JeanTester23, JeanTester24, JeanTester25, JeanTestInvite, TestInvitetestt, testtText Last Name, Text First NameText Last Name, Text First NameText Last Name, Text First NameText Last Name, Text First NameText Last Name, Text First NameText Last Name, Text First NameText Last Name, Text First NameText Last Name, Text First NameText Last Name, Text First NameText Last Name, Text First NameText Last Name, Text First NameText Last Name, Text First NameText Last Name, Text First NameText Last Name, Text First NameText Last Name, Text First NameText Last Name, Text First NameText Last Name, Text First NameText Last Name, Text First NameText Last Name, Text First NameText Last Name, Text First NameText Last Name, Text First NameText Last Name, Text First NameText Last Name, Text First NameText Last Name, Text First NameText Last Name, Text First NameText Last Name, Text First NameText Last Name, Text First NameText Last Name, Text First NameText Last Name, Text First NameText Last Name, Text First Nametg, tjthandassery, akhilThree, PandaTuratti, CristoforoTwo, PandaTwomey, TonyTwomey, Tonyv , dcv Vaixx, IdanVangelica, Dafnevbbbbb, aaaaavbn, bnbvnVersione13, MatteoVertemati, Giovannivhv, rtvnf, vandanavvxvc, pouokiWood, DustyXjx, Dhxdhytytyty, ytyt
          ')]' not found)
	at com.kms.katalon.core.keyword.internal.KeywordMain.stepFailed(KeywordMain.groovy:36)
	at com.kms.katalon.core.webui.keyword.internal.WebUIKeywordMain.stepFailed(WebUIKeywordMain.groovy:65)
	at com.kms.katalon.core.webui.keyword.internal.WebUIKeywordMain.runKeyword(WebUIKeywordMain.groovy:27)
	at com.kms.katalon.core.webui.keyword.builtin.SelectOptionByValueKeyword.selectOptionByValue(SelectOptionByValueKeyword.groovy:99)
	at com.kms.katalon.core.webui.keyword.builtin.SelectOptionByValueKeyword.execute(SelectOptionByValueKeyword.groovy:71)
	at com.kms.katalon.core.keyword.internal.KeywordExecutor.executeKeywordForPlatform(KeywordExecutor.groovy:53)
	at com.kms.katalon.core.webui.keyword.WebUiBuiltInKeywords.selectOptionByValue(WebUiBuiltInKeywords.groovy:1138)
	at com.kms.katalon.core.webui.keyword.WebUiBuiltInKeywords$selectOptionByValue$8.call(Unknown Source)
	at org.codehaus.groovy.runtime.callsite.CallSiteArray.defaultCall(CallSiteArray.java:48)
	at org.codehaus.groovy.runtime.callsite.AbstractCallSite.call(AbstractCallSite.java:113)
	at org.codehaus.groovy.runtime.callsite.AbstractCallSite.call(AbstractCallSite.java:141)
	at Script1540451613780.run(Script1540451613780.groovy:59)
	at com.kms.katalon.core.main.ScriptEngine.run(ScriptEngine.java:183)
	at com.kms.katalon.core.main.ScriptEngine.runScriptAsRawText(ScriptEngine.java:108)
	at com.kms.katalon.core.main.TestCaseExecutor.runScript(TestCaseExecutor.java:294)
	at com.kms.katalon.core.main.TestCaseExecutor.doExecute(TestCaseExecutor.java:285)
	at com.kms.katalon.core.main.TestCaseExecutor.processExecutionPhase(TestCaseExecutor.java:264)
	at com.kms.katalon.core.main.TestCaseExecutor.accessMainPhase(TestCaseExecutor.java:256)
	at com.kms.katalon.core.main.TestCaseExecutor.execute(TestCaseExecutor.java:200)
	at com.kms.katalon.core.main.TestSuiteExecutor.accessTestCaseMainPhase(TestSuiteExecutor.java:129)
	at com.kms.katalon.core.main.TestSuiteExecutor.accessTestSuiteMainPhase(TestSuiteExecutor.java:112)
	at com.kms.katalon.core.main.TestSuiteExecutor.execute(TestSuiteExecutor.java:81)
	at com.kms.katalon.core.main.TestCaseMain.startTestSuite(TestCaseMain.java:142)
	at com.kms.katalon.core.main.TestCaseMain$startTestSuite$0.call(Unknown Source)
	at org.codehaus.groovy.runtime.callsite.CallSiteArray.defaultCall(CallSiteArray.java:48)
	at org.codehaus.groovy.runtime.callsite.AbstractCallSite.call(AbstractCallSite.java:113)
	at org.codehaus.groovy.runtime.callsite.AbstractCallSite.call(AbstractCallSite.java:141)
	at TempTestSuite1542031977124.run(TempTestSuite1542031977124.groovy:36)
	at groovy.lang.GroovyShell.runScriptOrMainOrTestOrRunnable(GroovyShell.java:263)
	at groovy.lang.GroovyShell.run(GroovyShell.java:518)
	at groovy.lang.GroovyShell.run(GroovyShell.java:507)
	at groovy.ui.GroovyMain.processOnce(GroovyMain.java:653)
	at groovy.ui.GroovyMain.run(GroovyMain.java:384)
	at groovy.ui.GroovyMain.process(GroovyMain.java:370)
	at groovy.ui.GroovyMain.processArgs(GroovyMain.java:129)
	at groovy.ui.GroovyMain.main(GroovyMain.java:109)
	at sun.reflect.NativeMethodAccessorImpl.invoke0(Native Method)
	at sun.reflect.NativeMethodAccessorImpl.invoke(NativeMethodAccessorImpl.java:62)
	at sun.reflect.DelegatingMethodAccessorImpl.invoke(DelegatingMethodAccessorImpl.java:43)
	at java.lang.reflect.Method.invoke(Method.java:498)
	at org.codehaus.groovy.tools.GroovyStarter.rootLoader(GroovyStarter.java:109)
	at org.codehaus.groovy.tools.GroovyStarter.main(GroovyStarter.java:131)
)]]></system-err>
      </testcase>
      <testcase name="Test Cases/Associate Application/My Downline/TCBA01611" classname="Test Cases/Associate Application/My Downline/TCBA01611" status="PASSED">
         <system-out><![CDATA[2018-11-12 20:03:52 - [TEST_CASE][PASSED] - Test Cases/Associate Application/My Downline/TCBA01611: Test Cases/Associate Application/My Downline/TCBA01611

2018-11-12 20:03:52 - [TEST_STEP][PASSED] - click: Object: 'Object Repository/Edit Profile/Page_Home  5-15/span_Shinto-Test' is clicked on

2018-11-12 20:03:52 - [MESSAGE][PASSED] - Object: 'Object Repository/Edit Profile/Page_Home  5-15/span_Shinto-Test' is clicked on

2018-11-12 20:03:52 - [TEST_STEP][PASSED] - click: Object: 'Object Repository/Edit Profile/Page_Home  5-15/span_Log Off' is clicked on

2018-11-12 20:03:52 - [MESSAGE][PASSED] - Object: 'Object Repository/Edit Profile/Page_Home  5-15/span_Log Off' is clicked on

2018-11-12 20:03:52 - [TEST_STEP][PASSED] - verifyElementText: Actual text and expected text of test object 'Object Repository/Edit Profile/Page_Log In  5-15/h1_Log In' are matched.

2018-11-12 20:03:53 - [MESSAGE][PASSED] - Actual text and expected text of test object 'Object Repository/Edit Profile/Page_Log In  5-15/h1_Log In' are matched.]]></system-out>
         <system-err><![CDATA[]]></system-err>
      </testcase>
      <system-out><![CDATA[2018-11-12 19:42:59 - [TEST_SUITE][FAILED] - VBZ0016-My Downline: Test Cases/Associate Application/My Downline/TCBA01602 FAILED because (of) (Stack trace: com.kms.katalon.core.exception.StepFailedException: Unable to select all options on object 'Object Repository/My Downline/Page_My Downline  5-15/select_Select Sponsor' (Root cause: com.kms.katalon.core.webui.exception.WebElementNotFoundException: Web element with id: 'Object Repository/My Downline/Page_My Downline  5-15/select_Select Sponsor' located by 'By.xpath: //select[(text() = '
            Select Sponsor
             17, test Text Last Name,  Text First Name@@4434345@@@@@@@, pers11, Test111111, 111111212, 1211212, 12121212, 2121221, 212112345, Shinto12345, Shinto15, test18, test20, test200, 100200, Acc1002000, 100020000, 100020000, 1000020180725, Greg2020, Shinto2025, Shinto212, shinto212121, 212121222222, 33333323232, 323233, 231, test32323, 33232332, Test4434, 4521444, 444450, test51, testA, TestA1, ShintoAB, ShintoAB, ShintoAbc, testAbino, AntonioAgnese, IvanoAjanth, TestAjTest, TestAjAnalogo, MatteoArzuffi, Fabioasdas, sdasdAsf, 1000asg, asfAssociate, DuplicateAssociate, Test Badaduchi, JoeyBalbusso, GiacomoBalduzzi, GiacomoBandini, Georgebar, idanBar, Idanbar, idanBar, Idanbar, idanbar, idanBelotti, LuigiBeluschi, MarcoBenedetti, MarcelloBertolazza, GiuseppeBianchi, BiancaBing, Bella Blow, Joe Blow, JoeBlow, JoeBobev, Bobiboy, ya Bressani, FlaviaBrightly, AlanCarnevale, DaniloChalupsky, PaulChelin5, Jean5Cherchi, Stefanoclegane, aidaConti, CarloContractSignTest, EdgeCrickets, JiminyDamiani, ViolaDaniels, DanDat, TestData, TestDatabase, TestDDD, DDDDee, AlisonDeMotts, RobDeMotts, Rob2Demotts2, Rob2DeMotts3, Robertdennis test, dennis testDennis Test, Dennis TestDennis test2, Dennis test2dennis, dennisdh, dgfDias, Jose diaz, jddiff, akhilDoakes, JoeDoe, JohnDoe, JohnDoe, JohnDoe, JohnDoe, JohnDoe, JohnDoe, Johndoe, JohnDoe, JohnDoe, JohnDoe, JohnDoe, JohnDoe, JohnDoe, John Doe, John Doe, JohnDoe, JohnDoe, JohnDoe, JohnDoe, JohnDoe, JohnDoe, JohnDoe, JohnDoe, JuliaDoe, LeslieDoe, TestDoekeses, Johndsds, dsdsDunn, JuliaDyas, JerryDyas, JimEight, PandaEisenman, Hansemanuela, emanuelaemanuela, emanuelaEnglish, MatteoF, TonyFeinstein, JackFernandi, Robertofff, fffFive, PandaFour, Pandafrancesco, francescoG, DeniseG, Gregg, JerryG, Matteo 1/1/1980Galbiati, MatteoGalbiati, MatteoGalbiati, MatteoGalbiati, MatteoGalbiati, Matteo(gmail test)Galbiati11-23, Matteo3-30Galbiati2, Matteo2Galbiato, Matteogallinari, IvoGentile, DeniseGentile, Denise Gentile, Denise gjgj, gghdjGreen, JoeGum, BirthdateShouldBe20000101Gum, BTest3Gum, GregGum, GregGum, GregGum, GregGum, GregGum, GregGum, Greg_0608Gum, Greg_2018-09-17Gum, Greg_triggerTestGum, Greg_TriggerTest2gum, Greg0608AGum, Greg0608CGum, Greg0609Gum, Greg2018-09-22Gum, GregoryGum, Test2BirthdayShouldBe20000101Gum11, Greg11Gum19, Greg19Gum22, Greg22Gum22, Greg22Gum234, Greg234Gum44, GregGum44, Greg44Gum46, Greg46Gum5, Greg5Gum5, Greg5Gum51, Greg51Gum55, Greg22Gum55, Greg55Gum55, Greg55Gum55, Greg55Gum55, Greg55Gum6, Greg6Gum66, Greg66Gum66, Greg66Gum77, Greg77Gum77A, Greg77AGum78, Greg78Gum8, Greg8gum87, Greg87Gum88, Greg88Gum99, Greg99Gum99, Greg99Gum999, Greg999hil, akIE, MatteoIl Terzo, matteoJ, DJk, AbcdJK, QA1JK, ShintoJK, ShintoJK, ShintoJK, ShintoJK, ShintoJK, ShintoJK, ShintoJK, ShintoJK, ShintoJK, ShintoJK, ShintoJK, ShintoJK, ShintoJK, ShintoJK, ShintoJK, ShintoJK, ShintoJK, ShintoJK, ShintoJK, ShintoJK, ShintoJK, ShintoJK, ShintoJK, ShintoJK, ShintoJK, ShintoJK, shintoJK, ShintoJK, ShintoJK, ShintoJK, ShintoJK, ShintoJK, ShintoJK, Shinto-test3JK, TesterJK-2018, ShintoJK-2020, ShintoJK-2020, ShintoJones, JoeJose, Ajanth TestJose, DennisKK, JKKK, JK_2018KK, ShintoKK, ShintoKK, ShintoKK, ShintoKringle, KrisLast Name, First NameLast Name, First NameLast Name, First NameLast Name, First NameLast Name, First NameLast Name, First NameLast Name, First NameLast Name, First NameLast Name, First NameLast Name, First NameLast Name, First NameLast Name, First NameLast Name, First NameLast Name, First NameLast Name, First NameLast Name, First NameLast Name, First NameLast Name, First NameLast Name, First Namelast name, namelast name, namelast name, namelast name, namelast name, namelast name, namelast name, namelast, akLast, TestLast, TestLast, TestLast, TestLast, TestLast, TestLast, TestLast, TestLast, TestLast, TestLast, TestLast, TestLast, TestLast, TestLast, TestLast, TestLast, TestLast, TestLast, Testlast111111ghg ghghghlghlglhlglhgll glhglhlghlglhlgl hglhglhlghl lglhglhlghlglhlghlglhlgh lghlghlglhglhlglhgl lghlglhglhlghlglhlghlgllhlluoiouiouoiouoi ujgjlhg;ljhlgkjghjghkljghjghkljhjhjj;lhjh;lj;lh;l, akhil_firstlizana, davidLName, TestingLoehwing, AspasiaLoehwing, AspasiaLoehwing, AspasiaMassa, LucaMcDonald, RenataMcdonald, RenataMcDonald, RenataMcDonald, RenataMdy, ShintoMichaelson, Mikemiriam, jessicaMobile12, MatteoMR, Ajumustaffa, annNcDonald, Renatanuvoli, francescaOggi, VerificoOne, Pandaone, shintoOsborn, AlisonOsborn, AlisonOsborn, AlisonOsborn, AlisonOsborn, AlisonOsborn2, AlisonOzborn, AlisonPaiwonski, LenaPaoletti, FerdinandoPark, AndrewPasina, MassimoPatacca, GiorgioPedini, FedericoPlayer, EdgeCsrContractTestPlayer, PaulPortal, TestPortal, TestProfile, MattProva, TestQA1, ShintoQA1, Testqqq, 13/8/18qqq, qqqqqq, qqqqqqq, qqqR, AjR, AjR, AjanthR, AjanthR, AjanthR, AjanthR, AjanthR, AjanthRabbit, PeterRigamonti, ClaudioRigamonti, NicolaRossi, Francorossi, valeScanferla, CristoforoScarfone, JoeScoduti , Ivanasdfgdfg, sdfgsdgsdg, sdgsdgsdgsdg, sdgsdgsdgsdg, sfgsdfgsdsd, sdssdsd, Test Ajanthsdsdfdf, sddfdfdssdsdfdf, sddfdfdssdsdfdf, sddfdfdssdsdfdf, sddfdfdssdsdfdf, sddfdfdssdsdfdf, sddfdfdssdsdfdf, sddfdfdssdsdfdf, sddfdfdssdsdfdf, sddfdfdssdsdfdf, sddfdfdssdsdfdf, sddfdfdssdsdfdf, sddfdfdssdsdfdf, sddfdfdssdsdfdf, sddfdfdsSeven, PandaSilvesti, DanieleSK, JKSmoke_test, ShintoSmoke2, ShintoSmoke3, shintoSmoke3, shintoSmoke-Test (US), ShintoSmoke-Test (US), ShintoSmoke-Test, ShintoSmoke-Test, ShintoSocio, Secondostick, evasudhan, akhilT, Jessica t, tT, TestAssociateT1000, ShintoT12, ShintoT2, ShintoT40, ShintoATA11, Shintote, TestTest Assosiate, Test AssosiateTest, AjanthTest, AjanthTest, AjanthTest, Ajanth TestTest, Ajath Test123Test, AjTestTest, DennisTest, First nameTest, First nameTest, First nameTest, First nameTest, First nameTest, First nameTest, First nameTest, QA1Test, SeleniumTest, Shintotest, ShintoTest, ShintoTest, ShintoTest, Shinto-QATest, SKtest, testTest, TestTest, TestTest, TestTest, TestTest, TestTest, TestTest, Testtest, TestTest, Vipintest, Vofoxtest1Test1, QATest1, TestTest123, AjanthTest13, matteoTest2, AjanthTest2, Test2Test-2019, ShintoTest-2019, ShintoTest-2019, ShintoTest-2019, ShintoTest-2019, ShintoTest-2019, ShintoTest-2019, ShintoTest-2019, ShintoTest-2019, ShintoTest-2019, ShintoTest-2019, ShintoTest-2019, ShintoTest-2019, ShintoTest-2019, ShintoTest-2019, ShintoTest-2019, ShintoTest-2019, ShintoTest-2019, ShintoTest-2019, ShintoTest-2019, ShintoTest-2019, ShintoTest-2019, ShintoTest-2019, ShintoTest-2020, ShintoTest2040, ShintoTest223, AjanthTest333, AjanthTest4, AjanthTest423, AjanthTest5, Ajanth5Test523, AjanthTest60, ShintoTest623, AjanthtestA, ShintoTestA1, ShintoTestA1, ShintoTest-Associate-V1, Test-Associate-V1Tester, JCTester, JeanTester, JoeTester10, JeanTester11, JeanTester12, JeanTester13, JeanTester14, JeanTester15, JeanTester15, JeanTester16, JeanTester17, JeanTester18, Jean Tester2, Jean Tester21, JeanTester22, JeanTester23, JeanTester24, JeanTester25, JeanTestInvite, TestInvitetestt, testtText Last Name, Text First NameText Last Name, Text First NameText Last Name, Text First NameText Last Name, Text First NameText Last Name, Text First NameText Last Name, Text First NameText Last Name, Text First NameText Last Name, Text First NameText Last Name, Text First NameText Last Name, Text First NameText Last Name, Text First NameText Last Name, Text First NameText Last Name, Text First NameText Last Name, Text First NameText Last Name, Text First NameText Last Name, Text First NameText Last Name, Text First NameText Last Name, Text First NameText Last Name, Text First NameText Last Name, Text First NameText Last Name, Text First NameText Last Name, Text First NameText Last Name, Text First NameText Last Name, Text First NameText Last Name, Text First NameText Last Name, Text First NameText Last Name, Text First NameText Last Name, Text First NameText Last Name, Text First NameText Last Name, Text First Nametg, tjthandassery, akhilThree, PandaTuratti, CristoforoTwo, PandaTwomey, TonyTwomey, Tonyv , dcv Vaixx, IdanVangelica, Dafnevbbbbb, aaaaavbn, bnbvnVersione13, MatteoVertemati, Giovannivhv, rtvnf, vandanavvxvc, pouokiWood, DustyXjx, Dhxdhytytyty, ytyt
          ' or . = '
            Select Sponsor
             17, test Text Last Name,  Text First Name@@4434345@@@@@@@, pers11, Test111111, 111111212, 1211212, 12121212, 2121221, 212112345, Shinto12345, Shinto15, test18, test20, test200, 100200, Acc1002000, 100020000, 100020000, 1000020180725, Greg2020, Shinto2025, Shinto212, shinto212121, 212121222222, 33333323232, 323233, 231, test32323, 33232332, Test4434, 4521444, 444450, test51, testA, TestA1, ShintoAB, ShintoAB, ShintoAbc, testAbino, AntonioAgnese, IvanoAjanth, TestAjTest, TestAjAnalogo, MatteoArzuffi, Fabioasdas, sdasdAsf, 1000asg, asfAssociate, DuplicateAssociate, Test Badaduchi, JoeyBalbusso, GiacomoBalduzzi, GiacomoBandini, Georgebar, idanBar, Idanbar, idanBar, Idanbar, idanbar, idanBelotti, LuigiBeluschi, MarcoBenedetti, MarcelloBertolazza, GiuseppeBianchi, BiancaBing, Bella Blow, Joe Blow, JoeBlow, JoeBobev, Bobiboy, ya Bressani, FlaviaBrightly, AlanCarnevale, DaniloChalupsky, PaulChelin5, Jean5Cherchi, Stefanoclegane, aidaConti, CarloContractSignTest, EdgeCrickets, JiminyDamiani, ViolaDaniels, DanDat, TestData, TestDatabase, TestDDD, DDDDee, AlisonDeMotts, RobDeMotts, Rob2Demotts2, Rob2DeMotts3, Robertdennis test, dennis testDennis Test, Dennis TestDennis test2, Dennis test2dennis, dennisdh, dgfDias, Jose diaz, jddiff, akhilDoakes, JoeDoe, JohnDoe, JohnDoe, JohnDoe, JohnDoe, JohnDoe, JohnDoe, Johndoe, JohnDoe, JohnDoe, JohnDoe, JohnDoe, JohnDoe, JohnDoe, John Doe, John Doe, JohnDoe, JohnDoe, JohnDoe, JohnDoe, JohnDoe, JohnDoe, JohnDoe, JohnDoe, JuliaDoe, LeslieDoe, TestDoekeses, Johndsds, dsdsDunn, JuliaDyas, JerryDyas, JimEight, PandaEisenman, Hansemanuela, emanuelaemanuela, emanuelaEnglish, MatteoF, TonyFeinstein, JackFernandi, Robertofff, fffFive, PandaFour, Pandafrancesco, francescoG, DeniseG, Gregg, JerryG, Matteo 1/1/1980Galbiati, MatteoGalbiati, MatteoGalbiati, MatteoGalbiati, MatteoGalbiati, Matteo(gmail test)Galbiati11-23, Matteo3-30Galbiati2, Matteo2Galbiato, Matteogallinari, IvoGentile, DeniseGentile, Denise Gentile, Denise gjgj, gghdjGreen, JoeGum, BirthdateShouldBe20000101Gum, BTest3Gum, GregGum, GregGum, GregGum, GregGum, GregGum, GregGum, Greg_0608Gum, Greg_2018-09-17Gum, Greg_triggerTestGum, Greg_TriggerTest2gum, Greg0608AGum, Greg0608CGum, Greg0609Gum, Greg2018-09-22Gum, GregoryGum, Test2BirthdayShouldBe20000101Gum11, Greg11Gum19, Greg19Gum22, Greg22Gum22, Greg22Gum234, Greg234Gum44, GregGum44, Greg44Gum46, Greg46Gum5, Greg5Gum5, Greg5Gum51, Greg51Gum55, Greg22Gum55, Greg55Gum55, Greg55Gum55, Greg55Gum55, Greg55Gum6, Greg6Gum66, Greg66Gum66, Greg66Gum77, Greg77Gum77A, Greg77AGum78, Greg78Gum8, Greg8gum87, Greg87Gum88, Greg88Gum99, Greg99Gum99, Greg99Gum999, Greg999hil, akIE, MatteoIl Terzo, matteoJ, DJk, AbcdJK, QA1JK, ShintoJK, ShintoJK, ShintoJK, ShintoJK, ShintoJK, ShintoJK, ShintoJK, ShintoJK, ShintoJK, ShintoJK, ShintoJK, ShintoJK, ShintoJK, ShintoJK, ShintoJK, ShintoJK, ShintoJK, ShintoJK, ShintoJK, ShintoJK, ShintoJK, ShintoJK, ShintoJK, ShintoJK, ShintoJK, ShintoJK, shintoJK, ShintoJK, ShintoJK, ShintoJK, ShintoJK, ShintoJK, ShintoJK, Shinto-test3JK, TesterJK-2018, ShintoJK-2020, ShintoJK-2020, ShintoJones, JoeJose, Ajanth TestJose, DennisKK, JKKK, JK_2018KK, ShintoKK, ShintoKK, ShintoKK, ShintoKringle, KrisLast Name, First NameLast Name, First NameLast Name, First NameLast Name, First NameLast Name, First NameLast Name, First NameLast Name, First NameLast Name, First NameLast Name, First NameLast Name, First NameLast Name, First NameLast Name, First NameLast Name, First NameLast Name, First NameLast Name, First NameLast Name, First NameLast Name, First NameLast Name, First NameLast Name, First Namelast name, namelast name, namelast name, namelast name, namelast name, namelast name, namelast name, namelast, akLast, TestLast, TestLast, TestLast, TestLast, TestLast, TestLast, TestLast, TestLast, TestLast, TestLast, TestLast, TestLast, TestLast, TestLast, TestLast, TestLast, TestLast, TestLast, Testlast111111ghg ghghghlghlglhlglhgll glhglhlghlglhlgl hglhglhlghl lglhglhlghlglhlghlglhlgh lghlghlglhglhlglhgl lghlglhglhlghlglhlghlgllhlluoiouiouoiouoi ujgjlhg;ljhlgkjghjghkljghjghkljhjhjj;lhjh;lj;lh;l, akhil_firstlizana, davidLName, TestingLoehwing, AspasiaLoehwing, AspasiaLoehwing, AspasiaMassa, LucaMcDonald, RenataMcdonald, RenataMcDonald, RenataMcDonald, RenataMdy, ShintoMichaelson, Mikemiriam, jessicaMobile12, MatteoMR, Ajumustaffa, annNcDonald, Renatanuvoli, francescaOggi, VerificoOne, Pandaone, shintoOsborn, AlisonOsborn, AlisonOsborn, AlisonOsborn, AlisonOsborn, AlisonOsborn2, AlisonOzborn, AlisonPaiwonski, LenaPaoletti, FerdinandoPark, AndrewPasina, MassimoPatacca, GiorgioPedini, FedericoPlayer, EdgeCsrContractTestPlayer, PaulPortal, TestPortal, TestProfile, MattProva, TestQA1, ShintoQA1, Testqqq, 13/8/18qqq, qqqqqq, qqqqqqq, qqqR, AjR, AjR, AjanthR, AjanthR, AjanthR, AjanthR, AjanthR, AjanthRabbit, PeterRigamonti, ClaudioRigamonti, NicolaRossi, Francorossi, valeScanferla, CristoforoScarfone, JoeScoduti , Ivanasdfgdfg, sdfgsdgsdg, sdgsdgsdgsdg, sdgsdgsdgsdg, sfgsdfgsdsd, sdssdsd, Test Ajanthsdsdfdf, sddfdfdssdsdfdf, sddfdfdssdsdfdf, sddfdfdssdsdfdf, sddfdfdssdsdfdf, sddfdfdssdsdfdf, sddfdfdssdsdfdf, sddfdfdssdsdfdf, sddfdfdssdsdfdf, sddfdfdssdsdfdf, sddfdfdssdsdfdf, sddfdfdssdsdfdf, sddfdfdssdsdfdf, sddfdfdssdsdfdf, sddfdfdsSeven, PandaSilvesti, DanieleSK, JKSmoke_test, ShintoSmoke2, ShintoSmoke3, shintoSmoke3, shintoSmoke-Test (US), ShintoSmoke-Test (US), ShintoSmoke-Test, ShintoSmoke-Test, ShintoSocio, Secondostick, evasudhan, akhilT, Jessica t, tT, TestAssociateT1000, ShintoT12, ShintoT2, ShintoT40, ShintoATA11, Shintote, TestTest Assosiate, Test AssosiateTest, AjanthTest, AjanthTest, AjanthTest, Ajanth TestTest, Ajath Test123Test, AjTestTest, DennisTest, First nameTest, First nameTest, First nameTest, First nameTest, First nameTest, First nameTest, First nameTest, QA1Test, SeleniumTest, Shintotest, ShintoTest, ShintoTest, ShintoTest, Shinto-QATest, SKtest, testTest, TestTest, TestTest, TestTest, TestTest, TestTest, TestTest, Testtest, TestTest, Vipintest, Vofoxtest1Test1, QATest1, TestTest123, AjanthTest13, matteoTest2, AjanthTest2, Test2Test-2019, ShintoTest-2019, ShintoTest-2019, ShintoTest-2019, ShintoTest-2019, ShintoTest-2019, ShintoTest-2019, ShintoTest-2019, ShintoTest-2019, ShintoTest-2019, ShintoTest-2019, ShintoTest-2019, ShintoTest-2019, ShintoTest-2019, ShintoTest-2019, ShintoTest-2019, ShintoTest-2019, ShintoTest-2019, ShintoTest-2019, ShintoTest-2019, ShintoTest-2019, ShintoTest-2019, ShintoTest-2019, ShintoTest-2020, ShintoTest2040, ShintoTest223, AjanthTest333, AjanthTest4, AjanthTest423, AjanthTest5, Ajanth5Test523, AjanthTest60, ShintoTest623, AjanthtestA, ShintoTestA1, ShintoTestA1, ShintoTest-Associate-V1, Test-Associate-V1Tester, JCTester, JeanTester, JoeTester10, JeanTester11, JeanTester12, JeanTester13, JeanTester14, JeanTester15, JeanTester15, JeanTester16, JeanTester17, JeanTester18, Jean Tester2, Jean Tester21, JeanTester22, JeanTester23, JeanTester24, JeanTester25, JeanTestInvite, TestInvitetestt, testtText Last Name, Text First NameText Last Name, Text First NameText Last Name, Text First NameText Last Name, Text First NameText Last Name, Text First NameText Last Name, Text First NameText Last Name, Text First NameText Last Name, Text First NameText Last Name, Text First NameText Last Name, Text First NameText Last Name, Text First NameText Last Name, Text First NameText Last Name, Text First NameText Last Name, Text First NameText Last Name, Text First NameText Last Name, Text First NameText Last Name, Text First NameText Last Name, Text First NameText Last Name, Text First NameText Last Name, Text First NameText Last Name, Text First NameText Last Name, Text First NameText Last Name, Text First NameText Last Name, Text First NameText Last Name, Text First NameText Last Name, Text First NameText Last Name, Text First NameText Last Name, Text First NameText Last Name, Text First NameText Last Name, Text First Nametg, tjthandassery, akhilThree, PandaTuratti, CristoforoTwo, PandaTwomey, TonyTwomey, Tonyv , dcv Vaixx, IdanVangelica, Dafnevbbbbb, aaaaavbn, bnbvnVersione13, MatteoVertemati, Giovannivhv, rtvnf, vandanavvxvc, pouokiWood, DustyXjx, Dhxdhytytyty, ytyt
          ')]' not found)
	at com.kms.katalon.core.keyword.internal.KeywordMain.stepFailed(KeywordMain.groovy:36)
	at com.kms.katalon.core.webui.keyword.internal.WebUIKeywordMain.stepFailed(WebUIKeywordMain.groovy:65)
	at com.kms.katalon.core.webui.keyword.internal.WebUIKeywordMain.runKeyword(WebUIKeywordMain.groovy:27)
	at com.kms.katalon.core.webui.keyword.builtin.SelectAllOptionKeyword.selectAllOption(SelectAllOptionKeyword.groovy:85)
	at com.kms.katalon.core.webui.keyword.builtin.SelectAllOptionKeyword.execute(SelectAllOptionKeyword.groovy:67)
	at com.kms.katalon.core.keyword.internal.KeywordExecutor.executeKeywordForPlatform(KeywordExecutor.groovy:53)
	at com.kms.katalon.core.webui.keyword.WebUiBuiltInKeywords.selectAllOption(WebUiBuiltInKeywords.groovy:1165)
	at com.kms.katalon.core.webui.keyword.WebUiBuiltInKeywords$selectAllOption$7.call(Unknown Source)
	at org.codehaus.groovy.runtime.callsite.CallSiteArray.defaultCall(CallSiteArray.java:48)
	at org.codehaus.groovy.runtime.callsite.AbstractCallSite.call(AbstractCallSite.java:113)
	at org.codehaus.groovy.runtime.callsite.AbstractCallSite.call(AbstractCallSite.java:125)
	at Script1540362215034.run(Script1540362215034.groovy:58)
	at com.kms.katalon.core.main.ScriptEngine.run(ScriptEngine.java:183)
	at com.kms.katalon.core.main.ScriptEngine.runScriptAsRawText(ScriptEngine.java:108)
	at com.kms.katalon.core.main.TestCaseExecutor.runScript(TestCaseExecutor.java:294)
	at com.kms.katalon.core.main.TestCaseExecutor.doExecute(TestCaseExecutor.java:285)
	at com.kms.katalon.core.main.TestCaseExecutor.processExecutionPhase(TestCaseExecutor.java:264)
	at com.kms.katalon.core.main.TestCaseExecutor.accessMainPhase(TestCaseExecutor.java:256)
	at com.kms.katalon.core.main.TestCaseExecutor.execute(TestCaseExecutor.java:200)
	at com.kms.katalon.core.main.TestSuiteExecutor.accessTestCaseMainPhase(TestSuiteExecutor.java:129)
	at com.kms.katalon.core.main.TestSuiteExecutor.accessTestSuiteMainPhase(TestSuiteExecutor.java:112)
	at com.kms.katalon.core.main.TestSuiteExecutor.execute(TestSuiteExecutor.java:81)
	at com.kms.katalon.core.main.TestCaseMain.startTestSuite(TestCaseMain.java:142)
	at com.kms.katalon.core.main.TestCaseMain$startTestSuite$0.call(Unknown Source)
	at org.codehaus.groovy.runtime.callsite.CallSiteArray.defaultCall(CallSiteArray.java:48)
	at org.codehaus.groovy.runtime.callsite.AbstractCallSite.call(AbstractCallSite.java:113)
	at org.codehaus.groovy.runtime.callsite.AbstractCallSite.call(AbstractCallSite.java:141)
	at TempTestSuite1542031977124.run(TempTestSuite1542031977124.groovy:36)
	at groovy.lang.GroovyShell.runScriptOrMainOrTestOrRunnable(GroovyShell.java:263)
	at groovy.lang.GroovyShell.run(GroovyShell.java:518)
	at groovy.lang.GroovyShell.run(GroovyShell.java:507)
	at groovy.ui.GroovyMain.processOnce(GroovyMain.java:653)
	at groovy.ui.GroovyMain.run(GroovyMain.java:384)
	at groovy.ui.GroovyMain.process(GroovyMain.java:370)
	at groovy.ui.GroovyMain.processArgs(GroovyMain.java:129)
	at groovy.ui.GroovyMain.main(GroovyMain.java:109)
	at sun.reflect.NativeMethodAccessorImpl.invoke0(Native Method)
	at sun.reflect.NativeMethodAccessorImpl.invoke(NativeMethodAccessorImpl.java:62)
	at sun.reflect.DelegatingMethodAccessorImpl.invoke(DelegatingMethodAccessorImpl.java:43)
	at java.lang.reflect.Method.invoke(Method.java:498)
	at org.codehaus.groovy.tools.GroovyStarter.rootLoader(GroovyStarter.java:109)
	at org.codehaus.groovy.tools.GroovyStarter.main(GroovyStarter.java:131)
)]]></system-out>
      <system-err><![CDATA[2018-11-12 19:42:59 - [TEST_SUITE][FAILED] - VBZ0016-My Downline: Test Cases/Associate Application/My Downline/TCBA01602 FAILED because (of) (Stack trace: com.kms.katalon.core.exception.StepFailedException: Unable to select all options on object 'Object Repository/My Downline/Page_My Downline  5-15/select_Select Sponsor' (Root cause: com.kms.katalon.core.webui.exception.WebElementNotFoundException: Web element with id: 'Object Repository/My Downline/Page_My Downline  5-15/select_Select Sponsor' located by 'By.xpath: //select[(text() = '
            Select Sponsor
             17, test Text Last Name,  Text First Name@@4434345@@@@@@@, pers11, Test111111, 111111212, 1211212, 12121212, 2121221, 212112345, Shinto12345, Shinto15, test18, test20, test200, 100200, Acc1002000, 100020000, 100020000, 1000020180725, Greg2020, Shinto2025, Shinto212, shinto212121, 212121222222, 33333323232, 323233, 231, test32323, 33232332, Test4434, 4521444, 444450, test51, testA, TestA1, ShintoAB, ShintoAB, ShintoAbc, testAbino, AntonioAgnese, IvanoAjanth, TestAjTest, TestAjAnalogo, MatteoArzuffi, Fabioasdas, sdasdAsf, 1000asg, asfAssociate, DuplicateAssociate, Test Badaduchi, JoeyBalbusso, GiacomoBalduzzi, GiacomoBandini, Georgebar, idanBar, Idanbar, idanBar, Idanbar, idanbar, idanBelotti, LuigiBeluschi, MarcoBenedetti, MarcelloBertolazza, GiuseppeBianchi, BiancaBing, Bella Blow, Joe Blow, JoeBlow, JoeBobev, Bobiboy, ya Bressani, FlaviaBrightly, AlanCarnevale, DaniloChalupsky, PaulChelin5, Jean5Cherchi, Stefanoclegane, aidaConti, CarloContractSignTest, EdgeCrickets, JiminyDamiani, ViolaDaniels, DanDat, TestData, TestDatabase, TestDDD, DDDDee, AlisonDeMotts, RobDeMotts, Rob2Demotts2, Rob2DeMotts3, Robertdennis test, dennis testDennis Test, Dennis TestDennis test2, Dennis test2dennis, dennisdh, dgfDias, Jose diaz, jddiff, akhilDoakes, JoeDoe, JohnDoe, JohnDoe, JohnDoe, JohnDoe, JohnDoe, JohnDoe, Johndoe, JohnDoe, JohnDoe, JohnDoe, JohnDoe, JohnDoe, JohnDoe, John Doe, John Doe, JohnDoe, JohnDoe, JohnDoe, JohnDoe, JohnDoe, JohnDoe, JohnDoe, JohnDoe, JuliaDoe, LeslieDoe, TestDoekeses, Johndsds, dsdsDunn, JuliaDyas, JerryDyas, JimEight, PandaEisenman, Hansemanuela, emanuelaemanuela, emanuelaEnglish, MatteoF, TonyFeinstein, JackFernandi, Robertofff, fffFive, PandaFour, Pandafrancesco, francescoG, DeniseG, Gregg, JerryG, Matteo 1/1/1980Galbiati, MatteoGalbiati, MatteoGalbiati, MatteoGalbiati, MatteoGalbiati, Matteo(gmail test)Galbiati11-23, Matteo3-30Galbiati2, Matteo2Galbiato, Matteogallinari, IvoGentile, DeniseGentile, Denise Gentile, Denise gjgj, gghdjGreen, JoeGum, BirthdateShouldBe20000101Gum, BTest3Gum, GregGum, GregGum, GregGum, GregGum, GregGum, GregGum, Greg_0608Gum, Greg_2018-09-17Gum, Greg_triggerTestGum, Greg_TriggerTest2gum, Greg0608AGum, Greg0608CGum, Greg0609Gum, Greg2018-09-22Gum, GregoryGum, Test2BirthdayShouldBe20000101Gum11, Greg11Gum19, Greg19Gum22, Greg22Gum22, Greg22Gum234, Greg234Gum44, GregGum44, Greg44Gum46, Greg46Gum5, Greg5Gum5, Greg5Gum51, Greg51Gum55, Greg22Gum55, Greg55Gum55, Greg55Gum55, Greg55Gum55, Greg55Gum6, Greg6Gum66, Greg66Gum66, Greg66Gum77, Greg77Gum77A, Greg77AGum78, Greg78Gum8, Greg8gum87, Greg87Gum88, Greg88Gum99, Greg99Gum99, Greg99Gum999, Greg999hil, akIE, MatteoIl Terzo, matteoJ, DJk, AbcdJK, QA1JK, ShintoJK, ShintoJK, ShintoJK, ShintoJK, ShintoJK, ShintoJK, ShintoJK, ShintoJK, ShintoJK, ShintoJK, ShintoJK, ShintoJK, ShintoJK, ShintoJK, ShintoJK, ShintoJK, ShintoJK, ShintoJK, ShintoJK, ShintoJK, ShintoJK, ShintoJK, ShintoJK, ShintoJK, ShintoJK, ShintoJK, shintoJK, ShintoJK, ShintoJK, ShintoJK, ShintoJK, ShintoJK, ShintoJK, Shinto-test3JK, TesterJK-2018, ShintoJK-2020, ShintoJK-2020, ShintoJones, JoeJose, Ajanth TestJose, DennisKK, JKKK, JK_2018KK, ShintoKK, ShintoKK, ShintoKK, ShintoKringle, KrisLast Name, First NameLast Name, First NameLast Name, First NameLast Name, First NameLast Name, First NameLast Name, First NameLast Name, First NameLast Name, First NameLast Name, First NameLast Name, First NameLast Name, First NameLast Name, First NameLast Name, First NameLast Name, First NameLast Name, First NameLast Name, First NameLast Name, First NameLast Name, First NameLast Name, First Namelast name, namelast name, namelast name, namelast name, namelast name, namelast name, namelast name, namelast, akLast, TestLast, TestLast, TestLast, TestLast, TestLast, TestLast, TestLast, TestLast, TestLast, TestLast, TestLast, TestLast, TestLast, TestLast, TestLast, TestLast, TestLast, TestLast, Testlast111111ghg ghghghlghlglhlglhgll glhglhlghlglhlgl hglhglhlghl lglhglhlghlglhlghlglhlgh lghlghlglhglhlglhgl lghlglhglhlghlglhlghlgllhlluoiouiouoiouoi ujgjlhg;ljhlgkjghjghkljghjghkljhjhjj;lhjh;lj;lh;l, akhil_firstlizana, davidLName, TestingLoehwing, AspasiaLoehwing, AspasiaLoehwing, AspasiaMassa, LucaMcDonald, RenataMcdonald, RenataMcDonald, RenataMcDonald, RenataMdy, ShintoMichaelson, Mikemiriam, jessicaMobile12, MatteoMR, Ajumustaffa, annNcDonald, Renatanuvoli, francescaOggi, VerificoOne, Pandaone, shintoOsborn, AlisonOsborn, AlisonOsborn, AlisonOsborn, AlisonOsborn, AlisonOsborn2, AlisonOzborn, AlisonPaiwonski, LenaPaoletti, FerdinandoPark, AndrewPasina, MassimoPatacca, GiorgioPedini, FedericoPlayer, EdgeCsrContractTestPlayer, PaulPortal, TestPortal, TestProfile, MattProva, TestQA1, ShintoQA1, Testqqq, 13/8/18qqq, qqqqqq, qqqqqqq, qqqR, AjR, AjR, AjanthR, AjanthR, AjanthR, AjanthR, AjanthR, AjanthRabbit, PeterRigamonti, ClaudioRigamonti, NicolaRossi, Francorossi, valeScanferla, CristoforoScarfone, JoeScoduti , Ivanasdfgdfg, sdfgsdgsdg, sdgsdgsdgsdg, sdgsdgsdgsdg, sfgsdfgsdsd, sdssdsd, Test Ajanthsdsdfdf, sddfdfdssdsdfdf, sddfdfdssdsdfdf, sddfdfdssdsdfdf, sddfdfdssdsdfdf, sddfdfdssdsdfdf, sddfdfdssdsdfdf, sddfdfdssdsdfdf, sddfdfdssdsdfdf, sddfdfdssdsdfdf, sddfdfdssdsdfdf, sddfdfdssdsdfdf, sddfdfdssdsdfdf, sddfdfdssdsdfdf, sddfdfdsSeven, PandaSilvesti, DanieleSK, JKSmoke_test, ShintoSmoke2, ShintoSmoke3, shintoSmoke3, shintoSmoke-Test (US), ShintoSmoke-Test (US), ShintoSmoke-Test, ShintoSmoke-Test, ShintoSocio, Secondostick, evasudhan, akhilT, Jessica t, tT, TestAssociateT1000, ShintoT12, ShintoT2, ShintoT40, ShintoATA11, Shintote, TestTest Assosiate, Test AssosiateTest, AjanthTest, AjanthTest, AjanthTest, Ajanth TestTest, Ajath Test123Test, AjTestTest, DennisTest, First nameTest, First nameTest, First nameTest, First nameTest, First nameTest, First nameTest, First nameTest, QA1Test, SeleniumTest, Shintotest, ShintoTest, ShintoTest, ShintoTest, Shinto-QATest, SKtest, testTest, TestTest, TestTest, TestTest, TestTest, TestTest, TestTest, Testtest, TestTest, Vipintest, Vofoxtest1Test1, QATest1, TestTest123, AjanthTest13, matteoTest2, AjanthTest2, Test2Test-2019, ShintoTest-2019, ShintoTest-2019, ShintoTest-2019, ShintoTest-2019, ShintoTest-2019, ShintoTest-2019, ShintoTest-2019, ShintoTest-2019, ShintoTest-2019, ShintoTest-2019, ShintoTest-2019, ShintoTest-2019, ShintoTest-2019, ShintoTest-2019, ShintoTest-2019, ShintoTest-2019, ShintoTest-2019, ShintoTest-2019, ShintoTest-2019, ShintoTest-2019, ShintoTest-2019, ShintoTest-2019, ShintoTest-2020, ShintoTest2040, ShintoTest223, AjanthTest333, AjanthTest4, AjanthTest423, AjanthTest5, Ajanth5Test523, AjanthTest60, ShintoTest623, AjanthtestA, ShintoTestA1, ShintoTestA1, ShintoTest-Associate-V1, Test-Associate-V1Tester, JCTester, JeanTester, JoeTester10, JeanTester11, JeanTester12, JeanTester13, JeanTester14, JeanTester15, JeanTester15, JeanTester16, JeanTester17, JeanTester18, Jean Tester2, Jean Tester21, JeanTester22, JeanTester23, JeanTester24, JeanTester25, JeanTestInvite, TestInvitetestt, testtText Last Name, Text First NameText Last Name, Text First NameText Last Name, Text First NameText Last Name, Text First NameText Last Name, Text First NameText Last Name, Text First NameText Last Name, Text First NameText Last Name, Text First NameText Last Name, Text First NameText Last Name, Text First NameText Last Name, Text First NameText Last Name, Text First NameText Last Name, Text First NameText Last Name, Text First NameText Last Name, Text First NameText Last Name, Text First NameText Last Name, Text First NameText Last Name, Text First NameText Last Name, Text First NameText Last Name, Text First NameText Last Name, Text First NameText Last Name, Text First NameText Last Name, Text First NameText Last Name, Text First NameText Last Name, Text First NameText Last Name, Text First NameText Last Name, Text First NameText Last Name, Text First NameText Last Name, Text First NameText Last Name, Text First Nametg, tjthandassery, akhilThree, PandaTuratti, CristoforoTwo, PandaTwomey, TonyTwomey, Tonyv , dcv Vaixx, IdanVangelica, Dafnevbbbbb, aaaaavbn, bnbvnVersione13, MatteoVertemati, Giovannivhv, rtvnf, vandanavvxvc, pouokiWood, DustyXjx, Dhxdhytytyty, ytyt
          ' or . = '
            Select Sponsor
             17, test Text Last Name,  Text First Name@@4434345@@@@@@@, pers11, Test111111, 111111212, 1211212, 12121212, 2121221, 212112345, Shinto12345, Shinto15, test18, test20, test200, 100200, Acc1002000, 100020000, 100020000, 1000020180725, Greg2020, Shinto2025, Shinto212, shinto212121, 212121222222, 33333323232, 323233, 231, test32323, 33232332, Test4434, 4521444, 444450, test51, testA, TestA1, ShintoAB, ShintoAB, ShintoAbc, testAbino, AntonioAgnese, IvanoAjanth, TestAjTest, TestAjAnalogo, MatteoArzuffi, Fabioasdas, sdasdAsf, 1000asg, asfAssociate, DuplicateAssociate, Test Badaduchi, JoeyBalbusso, GiacomoBalduzzi, GiacomoBandini, Georgebar, idanBar, Idanbar, idanBar, Idanbar, idanbar, idanBelotti, LuigiBeluschi, MarcoBenedetti, MarcelloBertolazza, GiuseppeBianchi, BiancaBing, Bella Blow, Joe Blow, JoeBlow, JoeBobev, Bobiboy, ya Bressani, FlaviaBrightly, AlanCarnevale, DaniloChalupsky, PaulChelin5, Jean5Cherchi, Stefanoclegane, aidaConti, CarloContractSignTest, EdgeCrickets, JiminyDamiani, ViolaDaniels, DanDat, TestData, TestDatabase, TestDDD, DDDDee, AlisonDeMotts, RobDeMotts, Rob2Demotts2, Rob2DeMotts3, Robertdennis test, dennis testDennis Test, Dennis TestDennis test2, Dennis test2dennis, dennisdh, dgfDias, Jose diaz, jddiff, akhilDoakes, JoeDoe, JohnDoe, JohnDoe, JohnDoe, JohnDoe, JohnDoe, JohnDoe, Johndoe, JohnDoe, JohnDoe, JohnDoe, JohnDoe, JohnDoe, JohnDoe, John Doe, John Doe, JohnDoe, JohnDoe, JohnDoe, JohnDoe, JohnDoe, JohnDoe, JohnDoe, JohnDoe, JuliaDoe, LeslieDoe, TestDoekeses, Johndsds, dsdsDunn, JuliaDyas, JerryDyas, JimEight, PandaEisenman, Hansemanuela, emanuelaemanuela, emanuelaEnglish, MatteoF, TonyFeinstein, JackFernandi, Robertofff, fffFive, PandaFour, Pandafrancesco, francescoG, DeniseG, Gregg, JerryG, Matteo 1/1/1980Galbiati, MatteoGalbiati, MatteoGalbiati, MatteoGalbiati, MatteoGalbiati, Matteo(gmail test)Galbiati11-23, Matteo3-30Galbiati2, Matteo2Galbiato, Matteogallinari, IvoGentile, DeniseGentile, Denise Gentile, Denise gjgj, gghdjGreen, JoeGum, BirthdateShouldBe20000101Gum, BTest3Gum, GregGum, GregGum, GregGum, GregGum, GregGum, GregGum, Greg_0608Gum, Greg_2018-09-17Gum, Greg_triggerTestGum, Greg_TriggerTest2gum, Greg0608AGum, Greg0608CGum, Greg0609Gum, Greg2018-09-22Gum, GregoryGum, Test2BirthdayShouldBe20000101Gum11, Greg11Gum19, Greg19Gum22, Greg22Gum22, Greg22Gum234, Greg234Gum44, GregGum44, Greg44Gum46, Greg46Gum5, Greg5Gum5, Greg5Gum51, Greg51Gum55, Greg22Gum55, Greg55Gum55, Greg55Gum55, Greg55Gum55, Greg55Gum6, Greg6Gum66, Greg66Gum66, Greg66Gum77, Greg77Gum77A, Greg77AGum78, Greg78Gum8, Greg8gum87, Greg87Gum88, Greg88Gum99, Greg99Gum99, Greg99Gum999, Greg999hil, akIE, MatteoIl Terzo, matteoJ, DJk, AbcdJK, QA1JK, ShintoJK, ShintoJK, ShintoJK, ShintoJK, ShintoJK, ShintoJK, ShintoJK, ShintoJK, ShintoJK, ShintoJK, ShintoJK, ShintoJK, ShintoJK, ShintoJK, ShintoJK, ShintoJK, ShintoJK, ShintoJK, ShintoJK, ShintoJK, ShintoJK, ShintoJK, ShintoJK, ShintoJK, ShintoJK, ShintoJK, shintoJK, ShintoJK, ShintoJK, ShintoJK, ShintoJK, ShintoJK, ShintoJK, Shinto-test3JK, TesterJK-2018, ShintoJK-2020, ShintoJK-2020, ShintoJones, JoeJose, Ajanth TestJose, DennisKK, JKKK, JK_2018KK, ShintoKK, ShintoKK, ShintoKK, ShintoKringle, KrisLast Name, First NameLast Name, First NameLast Name, First NameLast Name, First NameLast Name, First NameLast Name, First NameLast Name, First NameLast Name, First NameLast Name, First NameLast Name, First NameLast Name, First NameLast Name, First NameLast Name, First NameLast Name, First NameLast Name, First NameLast Name, First NameLast Name, First NameLast Name, First NameLast Name, First Namelast name, namelast name, namelast name, namelast name, namelast name, namelast name, namelast name, namelast, akLast, TestLast, TestLast, TestLast, TestLast, TestLast, TestLast, TestLast, TestLast, TestLast, TestLast, TestLast, TestLast, TestLast, TestLast, TestLast, TestLast, TestLast, TestLast, Testlast111111ghg ghghghlghlglhlglhgll glhglhlghlglhlgl hglhglhlghl lglhglhlghlglhlghlglhlgh lghlghlglhglhlglhgl lghlglhglhlghlglhlghlgllhlluoiouiouoiouoi ujgjlhg;ljhlgkjghjghkljghjghkljhjhjj;lhjh;lj;lh;l, akhil_firstlizana, davidLName, TestingLoehwing, AspasiaLoehwing, AspasiaLoehwing, AspasiaMassa, LucaMcDonald, RenataMcdonald, RenataMcDonald, RenataMcDonald, RenataMdy, ShintoMichaelson, Mikemiriam, jessicaMobile12, MatteoMR, Ajumustaffa, annNcDonald, Renatanuvoli, francescaOggi, VerificoOne, Pandaone, shintoOsborn, AlisonOsborn, AlisonOsborn, AlisonOsborn, AlisonOsborn, AlisonOsborn2, AlisonOzborn, AlisonPaiwonski, LenaPaoletti, FerdinandoPark, AndrewPasina, MassimoPatacca, GiorgioPedini, FedericoPlayer, EdgeCsrContractTestPlayer, PaulPortal, TestPortal, TestProfile, MattProva, TestQA1, ShintoQA1, Testqqq, 13/8/18qqq, qqqqqq, qqqqqqq, qqqR, AjR, AjR, AjanthR, AjanthR, AjanthR, AjanthR, AjanthR, AjanthRabbit, PeterRigamonti, ClaudioRigamonti, NicolaRossi, Francorossi, valeScanferla, CristoforoScarfone, JoeScoduti , Ivanasdfgdfg, sdfgsdgsdg, sdgsdgsdgsdg, sdgsdgsdgsdg, sfgsdfgsdsd, sdssdsd, Test Ajanthsdsdfdf, sddfdfdssdsdfdf, sddfdfdssdsdfdf, sddfdfdssdsdfdf, sddfdfdssdsdfdf, sddfdfdssdsdfdf, sddfdfdssdsdfdf, sddfdfdssdsdfdf, sddfdfdssdsdfdf, sddfdfdssdsdfdf, sddfdfdssdsdfdf, sddfdfdssdsdfdf, sddfdfdssdsdfdf, sddfdfdssdsdfdf, sddfdfdsSeven, PandaSilvesti, DanieleSK, JKSmoke_test, ShintoSmoke2, ShintoSmoke3, shintoSmoke3, shintoSmoke-Test (US), ShintoSmoke-Test (US), ShintoSmoke-Test, ShintoSmoke-Test, ShintoSocio, Secondostick, evasudhan, akhilT, Jessica t, tT, TestAssociateT1000, ShintoT12, ShintoT2, ShintoT40, ShintoATA11, Shintote, TestTest Assosiate, Test AssosiateTest, AjanthTest, AjanthTest, AjanthTest, Ajanth TestTest, Ajath Test123Test, AjTestTest, DennisTest, First nameTest, First nameTest, First nameTest, First nameTest, First nameTest, First nameTest, First nameTest, QA1Test, SeleniumTest, Shintotest, ShintoTest, ShintoTest, ShintoTest, Shinto-QATest, SKtest, testTest, TestTest, TestTest, TestTest, TestTest, TestTest, TestTest, Testtest, TestTest, Vipintest, Vofoxtest1Test1, QATest1, TestTest123, AjanthTest13, matteoTest2, AjanthTest2, Test2Test-2019, ShintoTest-2019, ShintoTest-2019, ShintoTest-2019, ShintoTest-2019, ShintoTest-2019, ShintoTest-2019, ShintoTest-2019, ShintoTest-2019, ShintoTest-2019, ShintoTest-2019, ShintoTest-2019, ShintoTest-2019, ShintoTest-2019, ShintoTest-2019, ShintoTest-2019, ShintoTest-2019, ShintoTest-2019, ShintoTest-2019, ShintoTest-2019, ShintoTest-2019, ShintoTest-2019, ShintoTest-2019, ShintoTest-2020, ShintoTest2040, ShintoTest223, AjanthTest333, AjanthTest4, AjanthTest423, AjanthTest5, Ajanth5Test523, AjanthTest60, ShintoTest623, AjanthtestA, ShintoTestA1, ShintoTestA1, ShintoTest-Associate-V1, Test-Associate-V1Tester, JCTester, JeanTester, JoeTester10, JeanTester11, JeanTester12, JeanTester13, JeanTester14, JeanTester15, JeanTester15, JeanTester16, JeanTester17, JeanTester18, Jean Tester2, Jean Tester21, JeanTester22, JeanTester23, JeanTester24, JeanTester25, JeanTestInvite, TestInvitetestt, testtText Last Name, Text First NameText Last Name, Text First NameText Last Name, Text First NameText Last Name, Text First NameText Last Name, Text First NameText Last Name, Text First NameText Last Name, Text First NameText Last Name, Text First NameText Last Name, Text First NameText Last Name, Text First NameText Last Name, Text First NameText Last Name, Text First NameText Last Name, Text First NameText Last Name, Text First NameText Last Name, Text First NameText Last Name, Text First NameText Last Name, Text First NameText Last Name, Text First NameText Last Name, Text First NameText Last Name, Text First NameText Last Name, Text First NameText Last Name, Text First NameText Last Name, Text First NameText Last Name, Text First NameText Last Name, Text First NameText Last Name, Text First NameText Last Name, Text First NameText Last Name, Text First NameText Last Name, Text First NameText Last Name, Text First Nametg, tjthandassery, akhilThree, PandaTuratti, CristoforoTwo, PandaTwomey, TonyTwomey, Tonyv , dcv Vaixx, IdanVangelica, Dafnevbbbbb, aaaaavbn, bnbvnVersione13, MatteoVertemati, Giovannivhv, rtvnf, vandanavvxvc, pouokiWood, DustyXjx, Dhxdhytytyty, ytyt
          ')]' not found)
	at com.kms.katalon.core.keyword.internal.KeywordMain.stepFailed(KeywordMain.groovy:36)
	at com.kms.katalon.core.webui.keyword.internal.WebUIKeywordMain.stepFailed(WebUIKeywordMain.groovy:65)
	at com.kms.katalon.core.webui.keyword.internal.WebUIKeywordMain.runKeyword(WebUIKeywordMain.groovy:27)
	at com.kms.katalon.core.webui.keyword.builtin.SelectAllOptionKeyword.selectAllOption(SelectAllOptionKeyword.groovy:85)
	at com.kms.katalon.core.webui.keyword.builtin.SelectAllOptionKeyword.execute(SelectAllOptionKeyword.groovy:67)
	at com.kms.katalon.core.keyword.internal.KeywordExecutor.executeKeywordForPlatform(KeywordExecutor.groovy:53)
	at com.kms.katalon.core.webui.keyword.WebUiBuiltInKeywords.selectAllOption(WebUiBuiltInKeywords.groovy:1165)
	at com.kms.katalon.core.webui.keyword.WebUiBuiltInKeywords$selectAllOption$7.call(Unknown Source)
	at org.codehaus.groovy.runtime.callsite.CallSiteArray.defaultCall(CallSiteArray.java:48)
	at org.codehaus.groovy.runtime.callsite.AbstractCallSite.call(AbstractCallSite.java:113)
	at org.codehaus.groovy.runtime.callsite.AbstractCallSite.call(AbstractCallSite.java:125)
	at Script1540362215034.run(Script1540362215034.groovy:58)
	at com.kms.katalon.core.main.ScriptEngine.run(ScriptEngine.java:183)
	at com.kms.katalon.core.main.ScriptEngine.runScriptAsRawText(ScriptEngine.java:108)
	at com.kms.katalon.core.main.TestCaseExecutor.runScript(TestCaseExecutor.java:294)
	at com.kms.katalon.core.main.TestCaseExecutor.doExecute(TestCaseExecutor.java:285)
	at com.kms.katalon.core.main.TestCaseExecutor.processExecutionPhase(TestCaseExecutor.java:264)
	at com.kms.katalon.core.main.TestCaseExecutor.accessMainPhase(TestCaseExecutor.java:256)
	at com.kms.katalon.core.main.TestCaseExecutor.execute(TestCaseExecutor.java:200)
	at com.kms.katalon.core.main.TestSuiteExecutor.accessTestCaseMainPhase(TestSuiteExecutor.java:129)
	at com.kms.katalon.core.main.TestSuiteExecutor.accessTestSuiteMainPhase(TestSuiteExecutor.java:112)
	at com.kms.katalon.core.main.TestSuiteExecutor.execute(TestSuiteExecutor.java:81)
	at com.kms.katalon.core.main.TestCaseMain.startTestSuite(TestCaseMain.java:142)
	at com.kms.katalon.core.main.TestCaseMain$startTestSuite$0.call(Unknown Source)
	at org.codehaus.groovy.runtime.callsite.CallSiteArray.defaultCall(CallSiteArray.java:48)
	at org.codehaus.groovy.runtime.callsite.AbstractCallSite.call(AbstractCallSite.java:113)
	at org.codehaus.groovy.runtime.callsite.AbstractCallSite.call(AbstractCallSite.java:141)
	at TempTestSuite1542031977124.run(TempTestSuite1542031977124.groovy:36)
	at groovy.lang.GroovyShell.runScriptOrMainOrTestOrRunnable(GroovyShell.java:263)
	at groovy.lang.GroovyShell.run(GroovyShell.java:518)
	at groovy.lang.GroovyShell.run(GroovyShell.java:507)
	at groovy.ui.GroovyMain.processOnce(GroovyMain.java:653)
	at groovy.ui.GroovyMain.run(GroovyMain.java:384)
	at groovy.ui.GroovyMain.process(GroovyMain.java:370)
	at groovy.ui.GroovyMain.processArgs(GroovyMain.java:129)
	at groovy.ui.GroovyMain.main(GroovyMain.java:109)
	at sun.reflect.NativeMethodAccessorImpl.invoke0(Native Method)
	at sun.reflect.NativeMethodAccessorImpl.invoke(NativeMethodAccessorImpl.java:62)
	at sun.reflect.DelegatingMethodAccessorImpl.invoke(DelegatingMethodAccessorImpl.java:43)
	at java.lang.reflect.Method.invoke(Method.java:498)
	at org.codehaus.groovy.tools.GroovyStarter.rootLoader(GroovyStarter.java:109)
	at org.codehaus.groovy.tools.GroovyStarter.main(GroovyStarter.java:131)
)]]></system-err>
   </testsuite>
</testsuites>
